[0mGET /api/category/main/list [36m304 [0m2442.781 ms - -[0m
[0mGET /api/customer/getUserByEmailId?email=abalo@gmail.com [36m304 [0m101.926 ms - -[0m
[0mGET /api/category/main/list [36m304 [0m275.342 ms - -[0m
[0mGET /api/customer/getUserByEmailId?email=abalo@gmail.com [36m304 [0m217.256 ms - -[0m
[0mGET /api/category/main/list [36m304 [0m10.868 ms - -[0m
[0mGET /api/customer/getUserByEmailId?email=abalo@gmail.com [36m304 [0m14.654 ms - -[0m
[0mGET /api/category/main/list [36m304 [0m329.140 ms - -[0m
[0mGET /api/customer/getUserByEmailId?email=abalo@gmail.com [36m304 [0m311.152 ms - -[0m
[0mGET /api/customer/getUserByEmailId?email=abalo@gmail.com [36m304 [0m663.259 ms - -[0m
[0mGET /api/customer/getUserByEmailId?email=abalo@gmail.com [36m304 [0m389.206 ms - -[0m
[0mGET /api/customer/getUserByEmailId?email=abalo@gmail.com [36m304 [0m2235.325 ms - -[0m
[0mGET /api/category/main/list [36m304 [0m335.384 ms - -[0m
[0mGET /api/customer/getUserByEmailId?email=abalo@gmail.com [36m304 [0m53.870 ms - -[0m
[0mGET /api/category/main/list [36m304 [0m275.028 ms - -[0m
[0mGET /api/customer/getUserByEmailId?email=abalo@gmail.com [36m304 [0m290.651 ms - -[0m
[0mGET /api/customer/getUserByEmailId?email=abalo@gmail.com [36m304 [0m49.384 ms - -[0m
[0mGET /api/customer/getUserByEmailId?email=abalo@gmail.com [36m304 [0m696.880 ms - -[0m
[0mGET /api/customer/getUserByEmailId?email=abalo@gmail.com [36m304 [0m195.540 ms - -[0m
[0mGET /api/customer/getUserByEmailId?email=abalo@gmail.com [36m304 [0m434.818 ms - -[0m
[0mGET /api/customer/getUserByEmailId?email=abalo@gmail.com [36m304 [0m314.482 ms - -[0m
[0mGET /api/category/main/list [36m304 [0m8368.336 ms - -[0m
[0mGET /api/customer/getUserByEmailId?email=abalo@gmail.com [36m304 [0m1224.842 ms - -[0m
[0mGET /api/customer/getUserByEmailId?email=abalo@gmail.com [36m304 [0m497.434 ms - -[0m
[0mGET /api/category/main/list [36m304 [0m3560.730 ms - -[0m
[0mGET /api/customer/getUserByEmailId?email=abalo@gmail.com [36m304 [0m1401.196 ms - -[0m
[0mGET /api/customer/getUserByEmailId?email=abalo@gmail.com [36m304 [0m117.222 ms - -[0m
[0mGET /api/category/main/list [36m304 [0m99.920 ms - -[0m
[0mGET /api/customer/getUserByEmailId?email=abalo@gmail.com [36m304 [0m481.602 ms - -[0m
[0mGET /api/customer/getUserByEmailId?email=abalo@gmail.com [36m304 [0m1153.734 ms - -[0m
[0mGET /api/customer/getUserByEmailId?email=user@example.com [31m500 [0m145.770 ms - 17[0m
[0mGET /api/customer/getUserByEmailId?email=abalo@gmail.com [36m304 [0m1462.712 ms - -[0m
[0mGET /api/customer/getUserByEmailId?email=abalo@gmail.com [36m304 [0m187.335 ms - -[0m
[0mGET /api/customer/getUserByEmailId?email=user@example.com [31m500 [0m460.223 ms - 17[0m
[0mGET /api/customer/getUserByEmailId?email=user@example.com [31m500 [0m320.361 ms - 17[0m
[0mGET /api/customer/getUserByEmailId?email=user@example.com [31m500 [0m134.281 ms - 17[0m
[0mGET /api/customer/getUserByEmailId?email=user@example.com [31m500 [0m776.217 ms - 17[0m
[0mGET /api/customer/getUserByEmailId?email=user@example.com [31m500 [0m318.389 ms - 17[0m
[0mGET /api/customer/getUserByEmailId?email=user@example.com [31m500 [0m88.280 ms - 17[0m
[0mGET /api/customer/getUserByEmailId?email=user@example.com [31m500 [0m234.391 ms - 17[0m
[0mGET /api/customer/getUserByEmailId?email=user@example.com [31m500 [0m128.894 ms - 17[0m
[0mGET /api/customer/getUserByEmailId?email=user@example.com [31m500 [0m591.194 ms - 17[0m
[0mGET /api/customer/getUserByEmailId?email=user@example.com [31m500 [0m173.989 ms - 17[0m
[0mGET /api/customer/getUserByEmailId?email=user@example.com [31m500 [0m367.468 ms - 17[0m
[0mGET /api/customer/getUserByEmailId?email=user@example.com [31m500 [0m172.505 ms - 17[0m
[0mGET /api/customer/getUserByEmailId?email=user@example.com [31m500 [0m129.861 ms - 17[0m
[0mGET /api/customer/getUserByEmailId?email=user@example.com [31m500 [0m494.635 ms - 17[0m
[0mGET /api/customer/getUserByEmailId?email=user@example.com [31m500 [0m301.395 ms - 17[0m
[0mGET /api/customer/getUserByEmailId?email=user@example.com [31m500 [0m27.403 ms - 17[0m
[0mGET /api/customer/getUserByEmailId?email=user@example.com [31m500 [0m457.672 ms - 17[0m
[0mGET /api/customer/getUserByEmailId?email=user@example.com [31m500 [0m185.085 ms - 17[0m
[0mGET /api/customer/getUserByEmailId?email=user@example.com [31m500 [0m96.622 ms - 17[0m
[0mGET /api/customer/getUserByEmailId?email=user@example.com [31m500 [0m271.204 ms - 17[0m
[0mGET /api/customer/getUserByEmailId?email=user@example.com [31m500 [0m28.107 ms - 17[0m
[0mGET /api/customer/getUserByEmailId?email=user@example.com [31m500 [0m145.235 ms - 17[0m
[0mGET /api/category/main/list [36m304 [0m155.373 ms - -[0m
[0mGET /api/customer/getUserByEmailId?email=abalo@gmail.com [36m304 [0m145.208 ms - -[0m
[0mGET /api/customer/getUserByEmailId?email=abalo@gmail.com [36m304 [0m136.678 ms - -[0m
[0mGET /api/category/main/list [36m304 [0m153.751 ms - -[0m
[0mGET /api/customer/getUserByEmailId?email=abalo@gmail.com [36m304 [0m25.395 ms - -[0m
[0mGET /api/customer/getUserByEmailId?email=abalo@gmail.com [36m304 [0m286.618 ms - -[0m
[0mGET /api/category/main/list [36m304 [0m8545.918 ms - -[0m
[0mGET /api/category/main/list [36m304 [0m525.679 ms - -[0m
[0mGET /api/customer/getUserByEmailId?email=abalo@gmail.com [36m304 [0m483.646 ms - -[0m
[0mGET /api/customer/getUserByEmailId?email=abalo@gmail.com [36m304 [0m74.099 ms - -[0m
[0mGET /api/category/main/list [36m304 [0m14.121 ms - -[0m
[0mGET /api/customer/getUserByEmailId?email=abalo@gmail.com [36m304 [0m24.406 ms - -[0m
[0mGET /api/customer/getUserByEmailId?email=abalo@gmail.com [36m304 [0m58.537 ms - -[0m
[0mGET /api/customer/getUserByEmailId?email=user@example.com [31m500 [0m13.214 ms - 17[0m
[0mGET /api/category/main/list [36m304 [0m11.528 ms - -[0m
[0mGET /api/customer/getUserByEmailId?email=abalo@gmail.com [36m304 [0m24.331 ms - -[0m
[0mGET /api/customer/getUserByEmailId?email=abalo@gmail.com [36m304 [0m66.051 ms - -[0m
[0mGET /api/customer/getUserByEmailId?email=user@example.com [31m500 [0m19.145 ms - 17[0m
[0mGET /api/customer/getUserByEmailId?email=user@example.com [31m500 [0m60.730 ms - 17[0m
[0mGET /api/category/main/list [32m200 [0m1400.263 ms - 696[0m
[0mGET /produit/1695989601836C2.jpg [32m200 [0m2471.728 ms - 8412[0m
[0mGET /produit/1696998821128ARR5.jpg [32m200 [0m2766.893 ms - 3588[0m
[0mGET /produit/1695989675538cas.jpg [32m200 [0m233.360 ms - 3513[0m
[0mGET /produit/1695989763210acc1.jpg [32m200 [0m825.863 ms - 7482[0m
[0mGET /api/customer/getUserByEmailId?email=user@example.com [31m500 [0m274.846 ms - 17[0m
[0mGET /api/customer/getUserByEmailId?email=user@example.com [31m500 [0m60.559 ms - 17[0m
[0mGET /api/customer/getUserByEmailId?email=user@example.com [31m500 [0m8.054 ms - 17[0m
[0mGET /api/category/main/list [36m304 [0m76.421 ms - -[0m
[0mGET /api/customer/getUserByEmailId?email=abalo@gmail.com [36m304 [0m432.200 ms - -[0m
[0mGET /api/customer/getUserByEmailId?email=abalo@gmail.com [36m304 [0m287.462 ms - -[0m
[0mGET /api/customer/getUserByEmailId?email=user@example.com [31m500 [0m74.802 ms - 17[0m
[0mGET /api/customer/getUserByEmailId?email=user@example.com [31m500 [0m115.328 ms - 17[0m
[0mGET /api/customer/getUserByEmailId?email=user@example.com [31m500 [0m24.569 ms - 17[0m
[0mGET /api/customer/getUserByEmailId?email=user@example.com [31m500 [0m48.947 ms - 17[0m
[0mGET /api/customer/getUserByEmailId?email=user@example.com [31m500 [0m464.403 ms - 17[0m
[0mGET /api/customer/getUserByEmailId?email=user@example.com [31m500 [0m99.915 ms - 17[0m
[0mGET /api/customer/getUserByEmailId?email=user@example.com [31m500 [0m250.992 ms - 17[0m
[0mGET /api/customer/getUserByEmailId?email=user@example.com [31m500 [0m362.183 ms - 17[0m
[0mGET /api/customer/getUserByEmailId?email=user@example.com [31m500 [0m59.872 ms - 17[0m
[0mGET /api/category/cn/list?name=VETEMENTS [32m200 [0m3713.220 ms - 1606[0m
[0mGET /api/product/list/VETEMENTS [32m200 [0m2793.955 ms - 2133[0m
[0mGET /produit/1695754614263T1.jpg [32m200 [0m226.396 ms - 9012[0m
[0mGET /produit/1695754196334ENST.jpg [32m200 [0m269.565 ms - 4600[0m
[0mGET /produit/1695747027807TS1.jpg [32m200 [0m226.558 ms - 4327[0m
[0mGET /produit/1695752820497e3.jpg [32m200 [0m76.647 ms - 7440[0m
[0mGET /produit/1696448643139ARR3.jpg [32m200 [0m146.087 ms - 3465[0m
[0mOPTIONS /api/customer/login [32m204 [0m101.320 ms - 0[0m
[0mPOST /api/customer/login [32m200 [0m3053.602 ms - 196[0m
[0mGET /api/customer/getUserByEmailId?email=abalo@gmail.com [32m200 [0m40.894 ms - 1129[0m
[0mGET /api/customer/getUserByEmailId?email=abalo@gmail.com [36m304 [0m39.608 ms - -[0m
[0mGET /api/customer/getUserByEmailId?email=abalo@gmail.com [36m304 [0m18.902 ms - -[0m
[0mGET /api/customer/getUserByEmailId?email=abalo@gmail.com [36m304 [0m25.459 ms - -[0m
[0mGET /api/customer/getUserByEmailId?email=user@example.com [31m500 [0m70.334 ms - 17[0m
[0mGET /api/customer/getUserByEmailId?email=user@example.com [31m500 [0m81.535 ms - 17[0m
[0mGET /api/customer/getUserByEmailId?email=user@example.com [31m500 [0m44.828 ms - 17[0m
[0mGET /api/customer/getUserByEmailId?email=user@example.com [31m500 [0m22.767 ms - 17[0m
[0mGET /api/customer/getUserByEmailId?email=user@example.com [31m500 [0m44.197 ms - 17[0m
[0mGET /api/customer/getUserByEmailId?email=user@example.com [31m500 [0m37.447 ms - 17[0m
[0mGET /api/customer/getUserByEmailId?email=user@example.com [31m500 [0m191.313 ms - 17[0m
[0mGET /api/customer/getUserByEmailId?email=user@example.com [31m500 [0m84.972 ms - 17[0m
[0mGET /api/customer/getUserByEmailId?email=user@example.com [31m500 [0m45.201 ms - 17[0m
[0mGET /api/customer/getUserByEmailId?email=user@example.com [31m500 [0m123.802 ms - 17[0m
[0mGET /api/customer/getUserByEmailId?email=user@example.com [31m500 [0m320.590 ms - 17[0m
[0mGET /api/customer/getUserByEmailId?email=abalo@gmail.com [36m304 [0m79.519 ms - -[0m
[0mGET /api/customer/getUserByEmailId?email=abalo@gmail.com [36m304 [0m178.164 ms - -[0m
[0mGET /api/category/main/list [36m304 [0m98.654 ms - -[0m
[0mGET /api/customer/getUserByEmailId?email=abalo@gmail.com [36m304 [0m31.313 ms - -[0m
[0mGET /api/customer/getUserByEmailId?email=abalo@gmail.com [36m304 [0m32.071 ms - -[0m
[0mGET /api/customer/getUserByEmailId?email=abalo@gmail.com [36m304 [0m174.564 ms - -[0m
[0mGET /api/customer/getUserByEmailId?email=abalo@gmail.com [36m304 [0m109.761 ms - -[0m
[0mPOST /api/customer/update [32m200 [0m14836.404 ms - 58[0m
[0mOPTIONS /api/customer/update [32m204 [0m73.544 ms - 0[0m
[0mPOST /api/customer/update [32m200 [0m360.899 ms - 58[0m
[0mOPTIONS /api/customer/update [32m204 [0m2.381 ms - 0[0m
[0mPOST /api/customer/update [32m200 [0m233.937 ms - 58[0m
[0mOPTIONS /api/customer/update [32m204 [0m28.203 ms - 0[0m
[0mPOST /api/customer/update [32m200 [0m236.366 ms - 58[0m
[0mPOST /api/customer/update [32m200 [0m292.016 ms - 58[0m
[0mPOST /api/customer/update [32m200 [0m75.736 ms - 58[0m
[0mGET /api/customer/getUserByEmailId?email=abalo@gmail.com [32m200 [0m159.284 ms - 1143[0m
[0mGET /api/customer/getUserByEmailId?email=abalo@gmail.com [36m304 [0m24.486 ms - -[0m
[0mGET /api/category/main/list [36m304 [0m1029.520 ms - -[0m
[0mGET /api/customer/getUserByEmailId?email=abalo@gmail.com [36m304 [0m298.706 ms - -[0m
[0mGET /api/customer/getUserByEmailId?email=abalo@gmail.com [36m304 [0m199.882 ms - -[0m
[0mGET /api/customer/getUserByEmailId?email=abalo@gmail.com [36m304 [0m30.640 ms - -[0m
[0mGET /api/customer/getUserByEmailId?email=abalo@gmail.com [32m200 [0m934.880 ms - 1143[0m
[0mGET /api/customer/getUserByEmailId?email=abalo@gmail.com [36m304 [0m1206.246 ms - -[0m
[0mGET /api/category/main/list [36m304 [0m2890.272 ms - -[0m
[0mGET /api/customer/getUserByEmailId?email=abalo@gmail.com [36m304 [0m1265.053 ms - -[0m
[0mGET /api/customer/getUserByEmailId?email=abalo@gmail.com [36m304 [0m169.378 ms - -[0m
[0mGET /api/customer/getUserByEmailId?email=abalo@gmail.com [36m304 [0m655.911 ms - -[0m
[0mGET /api/customer/getUserByEmailId?email=abalo@gmail.com [36m304 [0m444.664 ms - -[0m
[0mGET /api/customer/getUserByEmailId?email=abalo@gmail.com [36m304 [0m311.941 ms - -[0m
[0mGET /api/category/main/list [36m304 [0m39.112 ms - -[0m
[0mGET /api/customer/getUserByEmailId?email=abalo@gmail.com [36m304 [0m40.448 ms - -[0m
[0mGET /api/customer/getUserByEmailId?email=abalo@gmail.com [36m304 [0m103.420 ms - -[0m
[0mGET /api/customer/getUserByEmailId?email=abalo@gmail.com [36m304 [0m27.518 ms - -[0m
[0mGET /api/customer/getUserByEmailId?email=abalo@gmail.com [36m304 [0m71.256 ms - -[0m
[0mGET /api/customer/getUserByEmailId?email=abalo@gmail.com [36m304 [0m233.176 ms - -[0m
[0mGET /api/customer/getUserByEmailId?email=abalo@gmail.com [36m304 [0m256.222 ms - -[0m
[0mGET /api/customer/getUserByEmailId?email=abalo@gmail.com [36m304 [0m78.559 ms - -[0m
[0mGET /api/customer/getUserByEmailId?email=abalo@gmail.com [36m304 [0m97.720 ms - -[0m
[0mGET /api/customer/getUserByEmailId?email=abalo@gmail.com [36m304 [0m36.792 ms - -[0m
[0mGET /api/customer/getUserByEmailId?email=abalo@gmail.com [36m304 [0m318.069 ms - -[0m
[0mGET /api/customer/getUserByEmailId?email=abalo@gmail.com [36m304 [0m88.264 ms - -[0m
[0mGET /api/customer/getUserByEmailId?email=abalo@gmail.com [36m304 [0m104.798 ms - -[0m
[0mGET /api/customer/getUserByEmailId?email=abalo@gmail.com [36m304 [0m821.526 ms - -[0m
[0mGET /api/customer/getUserByEmailId?email=abalo@gmail.com [36m304 [0m35.883 ms - -[0m
[0mGET /api/customer/getUserByEmailId?email=abalo@gmail.com [36m304 [0m239.891 ms - -[0m
[0mGET /api/customer/getUserByEmailId?email=abalo@gmail.com [36m304 [0m165.496 ms - -[0m
[0mGET /api/customer/getUserByEmailId?email=abalo@gmail.com [36m304 [0m301.299 ms - -[0m
[0mGET /api/customer/getUserByEmailId?email=abalo@gmail.com [36m304 [0m208.266 ms - -[0m
[0mGET /api/customer/getUserByEmailId?email=abalo@gmail.com [36m304 [0m207.453 ms - -[0m
[0mGET /api/customer/getUserByEmailId?email=abalo@gmail.com [36m304 [0m33.222 ms - -[0m
[0mGET /api/customer/getUserByEmailId?email=abalo@gmail.com [36m304 [0m94.037 ms - -[0m
[0mGET /api/customer/getUserByEmailId?email=abalo@gmail.com [36m304 [0m143.974 ms - -[0m
[0mGET /api/customer/getUserByEmailId?email=abalo@gmail.com [36m304 [0m18.147 ms - -[0m
[0mGET /api/customer/getUserByEmailId?email=abalo@gmail.com [36m304 [0m156.501 ms - -[0m
[0mGET /api/customer/getUserByEmailId?email=abalo@gmail.com [36m304 [0m90.654 ms - -[0m
[0mGET /api/customer/getUserByEmailId?email=abalo@gmail.com [36m304 [0m57.365 ms - -[0m
[0mGET /api/customer/getUserByEmailId?email=abalo@gmail.com [36m304 [0m10.246 ms - -[0m
[0mGET /api/customer/getUserByEmailId?email=abalo@gmail.com [36m304 [0m249.323 ms - -[0m
[0mGET /api/customer/getUserByEmailId?email=abalo@gmail.com [36m304 [0m132.614 ms - -[0m
[0mGET /api/customer/getUserByEmailId?email=abalo@gmail.com [36m304 [0m179.425 ms - -[0m
[0mGET /api/customer/getUserByEmailId?email=abalo@gmail.com [36m304 [0m132.954 ms - -[0m
[0mGET /api/customer/getUserByEmailId?email=abalo@gmail.com [36m304 [0m71.793 ms - -[0m
[0mGET /api/customer/getUserByEmailId?email=abalo@gmail.com [36m304 [0m202.244 ms - -[0m
[0mGET /api/customer/getUserByEmailId?email=abalo@gmail.com [36m304 [0m51.521 ms - -[0m
[0mGET /api/customer/getUserByEmailId?email=abalo@gmail.com [36m304 [0m416.783 ms - -[0m
[0mGET /api/customer/getUserByEmailId?email=abalo@gmail.com [36m304 [0m19.954 ms - -[0m
[0mGET /api/customer/getUserByEmailId?email=abalo@gmail.com [36m304 [0m24.215 ms - -[0m
[0mGET /api/category/main/list [36m304 [0m160.622 ms - -[0m
[0mGET /api/customer/getUserByEmailId?email=abalo@gmail.com [36m304 [0m26.337 ms - -[0m
[0mGET /api/customer/getUserByEmailId?email=abalo@gmail.com [36m304 [0m39.792 ms - -[0m
[0mGET /api/customer/getUserByEmailId?email=abalo@gmail.com [36m304 [0m65.366 ms - -[0m
[0mGET /api/customer/getUserByEmailId?email=abalo@gmail.com [36m304 [0m19.697 ms - -[0m
[0mGET /api/customer/getUserByEmailId?email=abalo@gmail.com [36m304 [0m61.048 ms - -[0m
[0mGET /api/category/main/list [36m304 [0m14.319 ms - -[0m
[0mGET /api/customer/getUserByEmailId?email=abalo@gmail.com [36m304 [0m122.203 ms - -[0m
[0mGET /api/customer/getUserByEmailId?email=abalo@gmail.com [36m304 [0m51.214 ms - -[0m
[0mGET /api/customer/getUserByEmailId?email=abalo@gmail.com [36m304 [0m61.462 ms - -[0m
[0mGET /api/customer/getUserByEmailId?email=abalo@gmail.com [36m304 [0m53.988 ms - -[0m
[0mGET /api/customer/getUserByEmailId?email=abalo@gmail.com [36m304 [0m150.521 ms - -[0m
[0mGET /api/customer/getUserByEmailId?email=abalo@gmail.com [36m304 [0m183.020 ms - -[0m
[0mGET /api/customer/getUserByEmailId?email=abalo@gmail.com [36m304 [0m158.968 ms - -[0m
[0mGET /api/customer/getUserByEmailId?email=abalo@gmail.com [36m304 [0m11.053 ms - -[0m
[0mGET /api/customer/getUserByEmailId?email=abalo@gmail.com [36m304 [0m84.430 ms - -[0m
[0mGET /api/customer/getUserByEmailId?email=abalo@gmail.com [36m304 [0m62.871 ms - -[0m
[0mGET /api/customer/getUserByEmailId?email=abalo@gmail.com [36m304 [0m245.698 ms - -[0m
[0mGET /api/customer/getUserByEmailId?email=abalo@gmail.com [36m304 [0m158.897 ms - -[0m
[0mGET /api/customer/getUserByEmailId?email=abalo@gmail.com [36m304 [0m253.582 ms - -[0m
[0mGET /api/customer/getUserByEmailId?email=abalo@gmail.com [36m304 [0m127.818 ms - -[0m
[0mGET /api/customer/getUserByEmailId?email=abalo@gmail.com [36m304 [0m52.270 ms - -[0m
[0mGET /api/customer/getUserByEmailId?email=abalo@gmail.com [36m304 [0m121.454 ms - -[0m
[0mGET /api/customer/getUserByEmailId?email=abalo@gmail.com [36m304 [0m15.499 ms - -[0m
[0mGET /api/customer/getUserByEmailId?email=abalo@gmail.com [36m304 [0m232.702 ms - -[0m
[0mGET /api/customer/getUserByEmailId?email=abalo@gmail.com [36m304 [0m108.226 ms - -[0m
[0mGET /api/customer/getUserByEmailId?email=abalo@gmail.com [36m304 [0m39.366 ms - -[0m
[0mGET /api/customer/getUserByEmailId?email=abalo@gmail.com [36m304 [0m159.885 ms - -[0m
[0mGET /api/customer/getUserByEmailId?email=abalo@gmail.com [36m304 [0m35.517 ms - -[0m
[0mGET /api/customer/getUserByEmailId?email=abalo@gmail.com [36m304 [0m81.075 ms - -[0m
[0mGET /api/customer/getUserByEmailId?email=abalo@gmail.com [36m304 [0m58.515 ms - -[0m
[0mGET /api/customer/getUserByEmailId?email=abalo@gmail.com [36m304 [0m79.539 ms - -[0m
[0mGET /api/order/orderByid?id=12 [32m200 [0m1835.827 ms - 512[0m
[0mGET /produit/1697602015493TS3.jpg [32m200 [0m697.339 ms - 2846[0m
[0mGET /produit/1697602143219ENST.jpg [32m200 [0m667.429 ms - 4600[0m
[0mGET /api/customer/getUserByEmailId?email=abalo@gmail.com [36m304 [0m172.800 ms - -[0m
[0mGET /api/customer/getUserByEmailId?email=abalo@gmail.com [36m304 [0m203.129 ms - -[0m
[0mGET /api/customer/getUserByEmailId?email=abalo@gmail.com [36m304 [0m953.504 ms - -[0m
[0mGET /api/order/orderByid?id=12 [36m304 [0m249.501 ms - -[0m
[0mGET /produit/1697602015493TS3.jpg [36m304 [0m1302.317 ms - -[0m
[0mGET /produit/1697602143219ENST.jpg [36m304 [0m1301.648 ms - -[0m
[0mGET /api/customer/getUserByEmailId?email=abalo@gmail.com [36m304 [0m74.759 ms - -[0m
[0mGET /api/customer/getUserByEmailId?email=abalo@gmail.com [36m304 [0m873.210 ms - -[0m
[0mGET /api/customer/getUserByEmailId?email=abalo@gmail.com [36m304 [0m188.264 ms - -[0m
[0mGET /api/customer/getUserByEmailId?email=abalo@gmail.com [36m304 [0m535.654 ms - -[0m
[0mGET /api/customer/getUserByEmailId?email=abalo@gmail.com [36m304 [0m11.512 ms - -[0m
[0mGET /api/customer/getUserByEmailId?email=abalo@gmail.com [36m304 [0m40.517 ms - -[0m
[0mGET /api/customer/getUserByEmailId?email=abalo@gmail.com [36m304 [0m10.728 ms - -[0m
[0mGET /api/customer/getUserByEmailId?email=abalo@gmail.com [36m304 [0m141.260 ms - -[0m
[0mGET /api/category/main/list [36m304 [0m701.698 ms - -[0m
[0mGET /api/customer/getUserByEmailId?email=abalo@gmail.com [36m304 [0m84.058 ms - -[0m
[0mGET /api/customer/getUserByEmailId?email=abalo@gmail.com [36m304 [0m74.835 ms - -[0m
[0mGET /api/customer/getUserByEmailId?email=abalo@gmail.com [36m304 [0m837.061 ms - -[0m
[0mGET /api/customer/getUserByEmailId?email=abalo@gmail.com [36m304 [0m32.911 ms - -[0m
[0mGET /api/customer/getUserByEmailId?email=abalo@gmail.com [36m304 [0m278.375 ms - -[0m
[0mGET /api/customer/getUserByEmailId?email=abalo@gmail.com [36m304 [0m58.428 ms - -[0m
[0mGET /api/customer/getUserByEmailId?email=abalo@gmail.com [36m304 [0m67.294 ms - -[0m
[0mGET /api/customer/getUserByEmailId?email=abalo@gmail.com [36m304 [0m192.678 ms - -[0m
[0mGET /api/customer/getUserByEmailId?email=abalo@gmail.com [36m304 [0m132.433 ms - -[0m
[0mGET /api/customer/getUserByEmailId?email=abalo@gmail.com [36m304 [0m77.596 ms - -[0m
[0mGET /api/customer/getUserByEmailId?email=abalo@gmail.com [36m304 [0m247.874 ms - -[0m
[0mGET /api/category/main/list [36m304 [0m55.200 ms - -[0m
[0mGET /api/customer/getUserByEmailId?email=abalo@gmail.com [36m304 [0m40.959 ms - -[0m
[0mGET /api/customer/getUserByEmailId?email=abalo@gmail.com [36m304 [0m324.241 ms - -[0m
[0mGET /api/customer/getUserByEmailId?email=abalo@gmail.com [36m304 [0m30.102 ms - -[0m
[0mGET /api/customer/getUserByEmailId?email=abalo@gmail.com [36m304 [0m92.819 ms - -[0m
[0mGET /api/category/main/list [36m304 [0m9.942 ms - -[0m
[0mGET /api/customer/getUserByEmailId?email=abalo@gmail.com [36m304 [0m89.737 ms - -[0m
[0mGET /api/customer/getUserByEmailId?email=abalo@gmail.com [36m304 [0m333.905 ms - -[0m
[0mGET /api/customer/getUserByEmailId?email=abalo@gmail.com [36m304 [0m79.505 ms - -[0m
[0mGET /api/category/main/list [36m304 [0m26.734 ms - -[0m
[0mGET /api/customer/getUserByEmailId?email=abalo@gmail.com [36m304 [0m523.761 ms - -[0m
[0mGET /api/order/orderByid?id=12 [36m304 [0m340.531 ms - -[0m
[0mGET /produit/1697602015493TS3.jpg [36m304 [0m909.575 ms - -[0m
[0mGET /produit/1697602143219ENST.jpg [36m304 [0m470.444 ms - -[0m
[0mGET /api/customer/getUserByEmailId?email=abalo@gmail.com [36m304 [0m59.766 ms - -[0m
[0mGET /api/customer/getUserByEmailId?email=abalo@gmail.com [36m304 [0m103.187 ms - -[0m
[0mGET /api/customer/getUserByEmailId?email=abalo@gmail.com [36m304 [0m119.778 ms - -[0m
[0mGET /api/category/main/list [36m304 [0m33.214 ms - -[0m
[0mGET /api/customer/getUserByEmailId?email=abalo@gmail.com [36m304 [0m488.026 ms - -[0m
[0mGET /api/customer/getUserByEmailId?email=abalo@gmail.com [36m304 [0m15.613 ms - -[0m
[0mGET /api/customer/getUserByEmailId?email=abalo@gmail.com [36m304 [0m303.304 ms - -[0m
[0mGET /api/category/main/list [36m304 [0m6.921 ms - -[0m
[0mGET /api/customer/getUserByEmailId?email=abalo@gmail.com [36m304 [0m43.482 ms - -[0m
[0mGET /api/customer/getUserByEmailId?email=abalo@gmail.com [36m304 [0m105.967 ms - -[0m
[0mGET /api/customer/getUserByEmailId?email=abalo@gmail.com [36m304 [0m21.097 ms - -[0m
[0mGET /api/category/main/list [36m304 [0m170.635 ms - -[0m
[0mGET /api/customer/getUserByEmailId?email=abalo@gmail.com [36m304 [0m66.114 ms - -[0m
[0mGET /api/customer/getUserByEmailId?email=abalo@gmail.com [36m304 [0m36.620 ms - -[0m
[0mGET /api/customer/getUserByEmailId?email=abalo@gmail.com [36m304 [0m307.991 ms - -[0m
[0mGET /api/category/main/list [36m304 [0m27.886 ms - -[0m
[0mGET /api/customer/getUserByEmailId?email=abalo@gmail.com [36m304 [0m15.846 ms - -[0m
[0mGET /api/customer/getUserByEmailId?email=abalo@gmail.com [36m304 [0m9.836 ms - -[0m
[0mGET /api/customer/getUserByEmailId?email=abalo@gmail.com [36m304 [0m24.311 ms - -[0m
[0mGET /api/customer/getUserByEmailId?email=abalo@gmail.com [36m304 [0m42.631 ms - -[0m
[0mGET /api/customer/getUserByEmailId?email=abalo@gmail.com [36m304 [0m242.256 ms - -[0m
[0mGET /api/customer/getUserByEmailId?email=abalo@gmail.com [36m304 [0m59.011 ms - -[0m
[0mGET /api/order/orderByid?id=12 [32m200 [0m10.297 ms - 512[0m
[0mGET /api/customer/getUserByEmailId?email=abalo@gmail.com [36m304 [0m13.312 ms - -[0m
[0mGET /api/customer/getUserByEmailId?email=abalo@gmail.com [36m304 [0m211.545 ms - -[0m
[0mGET /api/order/orderByid?id=15 [32m200 [0m158.565 ms - 376[0m
[0mGET /api/customer/getUserByEmailId?email=abalo@gmail.com [36m304 [0m230.531 ms - -[0m
[0mGET /api/order/orderByid?id=15 [36m304 [0m107.465 ms - -[0m
[0mGET /api/category/main/list [36m304 [0m93.185 ms - -[0m
[0mGET /api/customer/getUserByEmailId?email=abalo@gmail.com [36m304 [0m101.863 ms - -[0m
[0mGET /api/customer/getUserByEmailId?email=abalo@gmail.com [36m304 [0m80.344 ms - -[0m
[0mGET /api/customer/getUserByEmailId?email=abalo@gmail.com [36m304 [0m14.194 ms - -[0m
[0mGET /api/category/main/list [36m304 [0m272.431 ms - -[0m
[0mGET /api/customer/getUserByEmailId?email=abalo@gmail.com [36m304 [0m184.726 ms - -[0m
[0mGET /api/customer/getUserByEmailId?email=abalo@gmail.com [36m304 [0m71.999 ms - -[0m
[0mGET /api/customer/getUserByEmailId?email=abalo@gmail.com [36m304 [0m317.539 ms - -[0m
[0mGET /api/customer/getUserByEmailId?email=abalo@gmail.com [36m304 [0m70.477 ms - -[0m
[0mGET /api/order/orderByid?id=12 [36m304 [0m364.002 ms - -[0m
[0mGET /api/product/list/VETEMENTS [36m304 [0m2804.407 ms - -[0m
[0mGET /api/product/getWebProductById?id=5 [36m304 [0m1695.220 ms - -[0m
[0mGET /api/product/similar?chilCategoryId=2 [36m304 [0m232.463 ms - -[0m
[0mGET /api/customer/getUserByEmailId?email=abalo@gmail.com [36m304 [0m468.705 ms - -[0m
[0mGET /api/customer/getUserByEmailId?email=abalo@gmail.com [36m304 [0m127.942 ms - -[0m
[0mGET /api/customer/getUserByEmailId?email=abalo@gmail.com [36m304 [0m180.391 ms - -[0m
[0mGET /api/customer/getUserByEmailId?email=abalo@gmail.com [36m304 [0m116.077 ms - -[0m
[0mGET /api/order/orderByid?id=12 [36m304 [0m150.222 ms - -[0m
[0mGET /api/category/main/list [36m304 [0m161.728 ms - -[0m
[0mGET /api/customer/getUserByEmailId?email=abalo@gmail.com [36m304 [0m150.852 ms - -[0m
[0mGET /api/customer/getUserByEmailId?email=abalo@gmail.com [36m304 [0m186.073 ms - -[0m
[0mGET /api/customer/getUserByEmailId?email=abalo@gmail.com [36m304 [0m8.011 ms - -[0m
[0mGET /api/customer/getUserByEmailId?email=abalo@gmail.com [36m304 [0m272.885 ms - -[0m
[0mGET /api/order/orderByid?id=12 [36m304 [0m86.164 ms - -[0m
[0mGET /api/category/main/list [36m304 [0m31.253 ms - -[0m
[0mGET /api/customer/getUserByEmailId?email=abalo@gmail.com [36m304 [0m29.984 ms - -[0m
[0mGET /api/customer/getUserByEmailId?email=abalo@gmail.com [36m304 [0m320.849 ms - -[0m
[0mGET /api/customer/getUserByEmailId?email=abalo@gmail.com [36m304 [0m30.850 ms - -[0m
[0mGET /api/customer/getUserByEmailId?email=abalo@gmail.com [36m304 [0m163.846 ms - -[0m
[0mGET /api/order/orderByid?id=12 [36m304 [0m219.609 ms - -[0m
[0mGET /api/category/main/list [36m304 [0m14.022 ms - -[0m
[0mGET /api/customer/getUserByEmailId?email=abalo@gmail.com [36m304 [0m64.379 ms - -[0m
[0mGET /api/customer/getUserByEmailId?email=abalo@gmail.com [36m304 [0m27.270 ms - -[0m
[0mGET /api/customer/getUserByEmailId?email=abalo@gmail.com [36m304 [0m61.127 ms - -[0m
[0mGET /api/customer/getUserByEmailId?email=abalo@gmail.com [36m304 [0m32.861 ms - -[0m
[0mGET /api/order/orderByid?id=12 [36m304 [0m182.544 ms - -[0m
[0mGET /api/category/main/list [36m304 [0m146.490 ms - -[0m
[0mGET /api/customer/getUserByEmailId?email=abalo@gmail.com [36m304 [0m16.707 ms - -[0m
[0mGET /api/customer/getUserByEmailId?email=abalo@gmail.com [36m304 [0m156.721 ms - -[0m
[0mGET /api/customer/getUserByEmailId?email=abalo@gmail.com [36m304 [0m320.310 ms - -[0m
[0mGET /api/customer/getUserByEmailId?email=abalo@gmail.com [36m304 [0m17.433 ms - -[0m
[0mGET /api/order/orderByid?id=12 [36m304 [0m157.928 ms - -[0m
[0mGET /api/customer/getUserByEmailId?email=abalo@gmail.com [36m304 [0m7.715 ms - -[0m
[0mGET /api/order/orderByid?id=12 [36m304 [0m10.239 ms - -[0m
[0mGET /api/customer/getUserByEmailId?email=abalo@gmail.com [36m304 [0m23.924 ms - -[0m
[0mGET /api/order/orderByid?id=12 [36m304 [0m30.033 ms - -[0m
[0mGET /api/customer/getUserByEmailId?email=abalo@gmail.com [36m304 [0m70.958 ms - -[0m
[0mGET /api/order/orderByid?id=12 [36m304 [0m26.635 ms - -[0m
[0mGET /api/customer/getUserByEmailId?email=abalo@gmail.com [36m304 [0m189.720 ms - -[0m
[0mGET /api/order/orderByid?id=12 [36m304 [0m33.531 ms - -[0m
[0mGET /api/category/main/list [36m304 [0m8.287 ms - -[0m
[0mGET /api/customer/getUserByEmailId?email=abalo@gmail.com [36m304 [0m125.778 ms - -[0m
[0mGET /api/customer/getUserByEmailId?email=abalo@gmail.com [36m304 [0m10.719 ms - -[0m
[0mGET /api/customer/getUserByEmailId?email=abalo@gmail.com [36m304 [0m152.737 ms - -[0m
[0mGET /api/customer/getUserByEmailId?email=abalo@gmail.com [36m304 [0m94.952 ms - -[0m
[0mGET /api/order/orderByid?id=13 [32m200 [0m205.393 ms - 509[0m
[0mGET /api/customer/getUserByEmailId?email=abalo@gmail.com [36m304 [0m12.652 ms - -[0m
[0mGET /api/order/orderByid?id=13 [36m304 [0m100.303 ms - -[0m
[0mGET /api/customer/getUserByEmailId?email=abalo@gmail.com [36m304 [0m64.931 ms - -[0m
[0mGET /api/order/orderByid?id=13 [36m304 [0m58.154 ms - -[0m
[0mGET /api/customer/getUserByEmailId?email=abalo@gmail.com [36m304 [0m10.502 ms - -[0m
[0mGET /api/order/orderByid?id=13 [36m304 [0m76.816 ms - -[0m
[0mGET /api/customer/getUserByEmailId?email=abalo@gmail.com [36m304 [0m23.396 ms - -[0m
[0mGET /api/order/orderByid?id=13 [36m304 [0m20.228 ms - -[0m
[0mGET /api/customer/getUserByEmailId?email=abalo@gmail.com [36m304 [0m20.168 ms - -[0m
[0mGET /api/order/orderByid?id=13 [36m304 [0m11.208 ms - -[0m
[0mGET /api/category/main/list [36m304 [0m6.915 ms - -[0m
[0mGET /api/customer/getUserByEmailId?email=abalo@gmail.com [36m304 [0m11.885 ms - -[0m
[0mGET /api/customer/getUserByEmailId?email=abalo@gmail.com [36m304 [0m7.102 ms - -[0m
[0mGET /api/customer/getUserByEmailId?email=abalo@gmail.com [36m304 [0m1169.580 ms - -[0m
[0mGET /api/category/main/list [36m304 [0m8.705 ms - -[0m
[0mGET /api/customer/getUserByEmailId?email=abalo@gmail.com [36m304 [0m32.930 ms - -[0m
[0mGET /api/customer/getUserByEmailId?email=abalo@gmail.com [36m304 [0m42.146 ms - -[0m
[0mGET /api/customer/getUserByEmailId?email=abalo@gmail.com [36m304 [0m31.385 ms - -[0m
[0mGET /api/customer/getUserByEmailId?email=abalo@gmail.com [36m304 [0m18.653 ms - -[0m
[0mGET /api/order/orderByid?id=12 [36m304 [0m115.524 ms - -[0m
[0mGET /api/customer/getUserByEmailId?email=abalo@gmail.com [36m304 [0m18.488 ms - -[0m
[0mGET /api/order/orderByid?id=12 [36m304 [0m32.462 ms - -[0m
[0mGET /api/customer/getUserByEmailId?email=abalo@gmail.com [36m304 [0m36.938 ms - -[0m
[0mGET /api/order/orderByid?id=12 [36m304 [0m14.742 ms - -[0m
[0mGET /api/customer/getUserByEmailId?email=abalo@gmail.com [36m304 [0m59.664 ms - -[0m
[0mGET /api/order/orderByid?id=12 [36m304 [0m65.454 ms - -[0m
[0mGET /api/customer/getUserByEmailId?email=abalo@gmail.com [36m304 [0m76.190 ms - -[0m
[0mGET /api/order/orderByid?id=12 [36m304 [0m68.997 ms - -[0m
[0mGET /api/customer/getUserByEmailId?email=abalo@gmail.com [36m304 [0m23.126 ms - -[0m
[0mGET /api/order/orderByid?id=12 [36m304 [0m17.029 ms - -[0m
[0mGET /api/customer/getUserByEmailId?email=abalo@gmail.com [36m304 [0m55.151 ms - -[0m
[0mGET /api/order/orderByid?id=12 [36m304 [0m63.107 ms - -[0m
[0mGET /api/customer/getUserByEmailId?email=abalo@gmail.com [36m304 [0m66.211 ms - -[0m
[0mGET /api/order/orderByid?id=12 [36m304 [0m59.443 ms - -[0m
[0mGET /api/customer/getUserByEmailId?email=abalo@gmail.com [36m304 [0m8.674 ms - -[0m
[0mGET /api/order/orderByid?id=12 [36m304 [0m8.321 ms - -[0m
[0mGET /api/customer/getUserByEmailId?email=abalo@gmail.com [36m304 [0m65.069 ms - -[0m
[0mGET /api/order/orderByid?id=12 [36m304 [0m13.506 ms - -[0m
[0mGET /api/customer/getUserByEmailId?email=abalo@gmail.com [36m304 [0m126.670 ms - -[0m
[0mGET /api/order/orderByid?id=12 [36m304 [0m51.404 ms - -[0m
[0mGET /api/customer/getUserByEmailId?email=abalo@gmail.com [36m304 [0m10.958 ms - -[0m
[0mGET /api/order/orderByid?id=12 [36m304 [0m77.210 ms - -[0m
[0mGET /api/customer/getUserByEmailId?email=abalo@gmail.com [36m304 [0m74.554 ms - -[0m
[0mGET /api/order/orderByid?id=12 [36m304 [0m70.474 ms - -[0m
[0mGET /api/customer/getUserByEmailId?email=abalo@gmail.com [36m304 [0m47.362 ms - -[0m
[0mGET /api/order/orderByid?id=12 [36m304 [0m9.392 ms - -[0m
[0mGET /api/customer/getUserByEmailId?email=abalo@gmail.com [36m304 [0m102.209 ms - -[0m
[0mGET /api/order/orderByid?id=12 [36m304 [0m25.069 ms - -[0m
[0mGET /api/customer/getUserByEmailId?email=abalo@gmail.com [36m304 [0m65.587 ms - -[0m
[0mGET /api/order/orderByid?id=12 [36m304 [0m10.715 ms - -[0m
[0mGET /api/customer/getUserByEmailId?email=abalo@gmail.com [36m304 [0m31.238 ms - -[0m
[0mGET /api/order/orderByid?id=12 [36m304 [0m43.619 ms - -[0m
[0mGET /api/customer/getUserByEmailId?email=abalo@gmail.com [36m304 [0m42.309 ms - -[0m
[0mGET /api/order/orderByid?id=12 [36m304 [0m26.308 ms - -[0m
[0mGET /api/customer/getUserByEmailId?email=abalo@gmail.com [36m304 [0m192.723 ms - -[0m
[0mGET /api/customer/getUserByEmailId?email=abalo@gmail.com [36m304 [0m10.873 ms - -[0m
[0mGET /api/customer/getUserByEmailId?email=abalo@gmail.com [36m304 [0m54.769 ms - -[0m
[0mGET /api/customer/getUserByEmailId?email=abalo@gmail.com [36m304 [0m30.063 ms - -[0m
[0mGET /api/customer/getUserByEmailId?email=abalo@gmail.com [36m304 [0m11.626 ms - -[0m
[0mGET /api/customer/getUserByEmailId?email=abalo@gmail.com [36m304 [0m9.147 ms - -[0m
[0mGET /api/order/orderByid?id=12 [36m304 [0m119.510 ms - -[0m
[0mGET /api/customer/getUserByEmailId?email=abalo@gmail.com [36m304 [0m95.050 ms - -[0m
[0mGET /api/order/orderByid?id=12 [36m304 [0m45.725 ms - -[0m
[0mGET /api/customer/getUserByEmailId?email=abalo@gmail.com [36m304 [0m8.432 ms - -[0m
[0mGET /api/order/orderByid?id=12 [36m304 [0m9.980 ms - -[0m
[0mGET /api/customer/getUserByEmailId?email=abalo@gmail.com [36m304 [0m164.266 ms - -[0m
[0mGET /api/order/orderByid?id=12 [36m304 [0m10.426 ms - -[0m
[0mGET /api/customer/getUserByEmailId?email=abalo@gmail.com [36m304 [0m266.900 ms - -[0m
[0mGET /api/order/orderByid?id=12 [36m304 [0m11.797 ms - -[0m
[0mGET /api/customer/getUserByEmailId?email=abalo@gmail.com [36m304 [0m52.574 ms - -[0m
[0mGET /api/order/orderByid?id=12 [36m304 [0m9.090 ms - -[0m
[0mGET /api/customer/getUserByEmailId?email=abalo@gmail.com [36m304 [0m11.312 ms - -[0m
[0mGET /api/order/orderByid?id=12 [36m304 [0m73.406 ms - -[0m
[0mGET /api/customer/getUserByEmailId?email=abalo@gmail.com [36m304 [0m16.498 ms - -[0m
[0mGET /api/customer/getUserByEmailId?email=abalo@gmail.com [36m304 [0m17.421 ms - -[0m
[0mGET /api/customer/getUserByEmailId?email=abalo@gmail.com [36m304 [0m110.190 ms - -[0m
[0mGET /api/customer/getUserByEmailId?email=abalo@gmail.com [36m304 [0m35.131 ms - -[0m
[0mGET /api/customer/getUserByEmailId?email=abalo@gmail.com [36m304 [0m176.284 ms - -[0m
[0mGET /api/customer/getUserByEmailId?email=abalo@gmail.com [36m304 [0m46.084 ms - -[0m
[0mGET /api/customer/getUserByEmailId?email=abalo@gmail.com [36m304 [0m222.122 ms - -[0m
[0mGET /api/customer/getUserByEmailId?email=abalo@gmail.com [36m304 [0m14.370 ms - -[0m
[0mGET /api/category/main/list [36m304 [0m645.207 ms - -[0m
[0mGET /produit/1695989601836C2.jpg [36m304 [0m947.472 ms - -[0m
[0mGET /produit/1696998821128ARR5.jpg [36m304 [0m656.841 ms - -[0m
[0mGET /produit/1695989763210acc1.jpg [36m304 [0m228.811 ms - -[0m
[0mGET /produit/1695989675538cas.jpg [36m304 [0m656.698 ms - -[0m
[0mGET /api/category/cn/list?name=VETEMENTS [36m304 [0m1831.286 ms - -[0m
[0mGET /api/product/list/VETEMENTS [36m304 [0m1714.124 ms - -[0m
[0mGET /produit/1695754196334ENST.jpg [36m304 [0m184.285 ms - -[0m
[0mGET /produit/1695754614263T1.jpg [36m304 [0m236.055 ms - -[0m
[0mGET /produit/1695747027807TS1.jpg [36m304 [0m35.163 ms - -[0m
[0mGET /produit/1696448643139ARR3.jpg [36m304 [0m32.309 ms - -[0m
[0mGET /produit/1695752820497e3.jpg [36m304 [0m113.942 ms - -[0m
[0mGET /api/product/getWebProductById?id=5 [32m200 [0m238.150 ms - 610[0m
[0mGET /api/product/similar?chilCategoryId=2 [32m200 [0m239.651 ms - 691[0m
[0mGET /produit/1697602143219ENST.jpg [36m304 [0m309.224 ms - -[0m
[0mGET /produit/1695941364451ENSY.jpg [32m200 [0m413.723 ms - 8789[0m
[0mGET /produit/1697602231904CH4.jpg [32m200 [0m438.979 ms - 7684[0m
[0mGET /api/customer/getUserByEmailId?email=abalo@gmail.com [36m304 [0m37.582 ms - -[0m
[0mGET /api/customer/getUserByEmailId?email=abalo@gmail.com [36m304 [0m609.784 ms - -[0m
[0mGET /api/customer/getUserByEmailId?email=abalo@gmail.com [36m304 [0m240.551 ms - -[0m
[0mGET /api/customer/getUserByEmailId?email=abalo@gmail.com [36m304 [0m132.112 ms - -[0m
