[0mPOST /api/customer/prodmsg [31m500 [0m45.920 ms - 34[0m
[0mPOST /api/customer/prodmsg [31m500 [0m12.616 ms - 34[0m
[0mPOST /api/customer/prodmsg [31m500 [0m6.324 ms - 34[0m
[0mGET /api/customer/getUserByEmailId?email=victor@gmail.com [36m304 [0m2167.213 ms - -[0m
[0mGET /api/customer/getUserByEmailId?email=victor@gmail.com [36m304 [0m1061.671 ms - -[0m
[0mPOST /api/customer/prodmsg [31m500 [0m2926.517 ms - 34[0m
[0mPOST /api/customer/prodmsg [32m200 [0m830.364 ms - 50[0m
[0mGET /api/order/addressList [31m500 [0m5736.936 ms - 2036[0m
[0mGET /api/order/addressList [31m500 [0m175.787 ms - 2036[0m
[0mGET /api/order/addressList [31m500 [0m256.052 ms - 2036[0m
[0mGET /api/order/addressList [31m500 [0m4723.140 ms - 2036[0m
[0mGET /api/order/addressList [31m500 [0m1092.500 ms - 2036[0m
[0mGET /api/category/child-category/list [32m200 [0m4181.895 ms - 3018[0m
[0mGET /api/order/addressList [31m500 [0m38.396 ms - 2036[0m
[0mGET /api/order/addresseList [33m404 [0m1958.935 ms - 28[0m
[0mGET /api/order/addressList [31m500 [0m4467.276 ms - 34[0m
[0mGET /api/order/addressList [32m200 [0m1345.196 ms - 17141[0m
[0mGET /api/order/addressList [32m200 [0m138.673 ms - 17141[0m
[0mGET /api/order/orderByid?id=27 [32m200 [0m475.126 ms - 527[0m
[0mGET /produit/1696516332648T1.jpg [32m200 [0m431.785 ms - 9012[0m
[0mGET /api/order/addressList [36m304 [0m160.395 ms - -[0m
[0mGET /api/order/addressList [32m200 [0m109.932 ms - 17141[0m
[0mGET /api/customer/list [32m200 [0m63.183 ms - 855[0m
[0mGET /api/order/addressList [36m304 [0m350.943 ms - -[0m
[0mGET /api/order/addressList [36m304 [0m863.066 ms - -[0m
[0mGET /api/order/addressList [36m304 [0m478.700 ms - -[0m
[0mGET /api/customer/list [32m200 [0m36.356 ms - 855[0m
[0mGET /api/customer/list [36m304 [0m166.520 ms - -[0m
[0mGET /api/customer/list [36m304 [0m115.158 ms - -[0m
[0mGET /api/order/addressList [36m304 [0m1389.523 ms - -[0m
[0mGET /api/customer/list [36m304 [0m779.423 ms - -[0m
[0mGET /api/order/addressList [36m304 [0m323.972 ms - -[0m
[0mGET /api/customer/listmsg [32m200 [0m545.329 ms - 26[0m
[0mGET /api/customer/listmsg [31m500 [0m585.135 ms - 34[0m
[0mGET /api/customer/listmsg [31m500 [0m629.960 ms - 34[0m
[0mGET /api/customer/listmsg [31m500 [0m591.344 ms - 34[0m
[0mGET /api/customer/listmsg [31m500 [0m440.549 ms - 34[0m
[0mGET /api/customer/listmsg [32m200 [0m248.721 ms - 300[0m
[0mGET /api/order/addressList [36m304 [0m231.581 ms - -[0m
[0mGET /api/customer/list [32m200 [0m73.811 ms - 855[0m
[0mGET /api/customer/list [36m304 [0m32.867 ms - -[0m
[0mGET /api/customer/listmsg [32m200 [0m52.843 ms - 300[0m
[0mGET /api/customer/listmsg [36m304 [0m108.959 ms - -[0m
[0mGET /api/customer/listmsg [36m304 [0m17.946 ms - -[0m
[0mGET /api/customer/listmsg [36m304 [0m118.602 ms - -[0m
[0mGET /api/customer/listmsg [36m304 [0m145.838 ms - -[0m
[0mGET /api/order/addressList [36m304 [0m1439.849 ms - -[0m
[0mGET /api/order/orderByid?id=27 [32m200 [0m1083.143 ms - 527[0m
[0mGET /produit/1696516332648T1.jpg [32m200 [0m548.665 ms - 9012[0m
[0mGET /api/customer/list [36m304 [0m169.457 ms - -[0m
[0mGET /api/customer/listmsg [36m304 [0m41.302 ms - -[0m
[0mGET /api/order/orderByid?id=victor@gmail.com [32m200 [0m63.402 ms - 28[0m
[0mGET /api/order/orderByid?id=victor@gmail.com [36m304 [0m109.981 ms - -[0m
[0mGET /api/order/orderByid?id=victor@gmail.com [36m304 [0m79.271 ms - -[0m
[0mGET /api/order/orderByid?id=victor@gmail.com [36m304 [0m205.561 ms - -[0m
[0mGET /api/customer/msgcust?email [31m500 [0m4333.368 ms - 2263[0m
[0mGET /api/customer/msgcust?email [31m500 [0m34.091 ms - 2263[0m
[0mGET /api/customer/msgcust?email [31m500 [0m12.223 ms - 2263[0m
[0mGET /api/customer/msgcust?email [31m500 [0m112.961 ms - 2263[0m
[0mGET /api/customer/msgcust?email [31m500 [0m27.896 ms - 2263[0m
[0mGET /api/customer/msgcust?email [31m500 [0m52.276 ms - 2263[0m
[0mGET /api/customer/msgcust?email [31m500 [0m28.445 ms - 2263[0m
[0mGET /api/customer/msgcust?email [31m500 [0m10.219 ms - 2263[0m
[0mGET /api/customer/msgcust?email [31m500 [0m10.402 ms - 2263[0m
[0mGET /api/category/child-category/list [32m200 [0m3162.473 ms - 3018[0m
[0mGET /api/category/main/list [32m200 [0m98.225 ms - 701[0m
[0mGET /produit/1695989601836C2.jpg [36m304 [0m616.013 ms - -[0m
[0mGET /produit/1695989675538cas.jpg [36m304 [0m557.463 ms - -[0m
[0mGET /produit/1695989763210acc1.jpg [36m304 [0m463.675 ms - -[0m
[0mGET /produit/1698679101965basket4.jpg [36m304 [0m461.696 ms - -[0m
[0mGET /api/order/addressList [36m304 [0m355.710 ms - -[0m
[0mGET /api/productgros/getAllproduct [32m200 [0m373.764 ms - 3371[0m
[0mGET /produit/1698621513509ARR11.jpg [36m304 [0m63.715 ms - -[0m
[0mGET /produit/1698869141381C1.jpg [36m304 [0m83.511 ms - -[0m
[0mGET /produit/1698868811217f1.jpg [36m304 [0m107.540 ms - -[0m
[0mGET /produit/1698869013762PP.jpg [36m304 [0m119.113 ms - -[0m
[0mGET /produit/1698868770206img-4.png [36m304 [0m229.390 ms - -[0m
[0mGET /produit/1698868930382CH1.jpg [36m304 [0m225.997 ms - -[0m
[0mGET /produit/1698621829120arr1.jpg [36m304 [0m214.574 ms - -[0m
[0mGET /produit/16986225550951693377089511img4.png [36m304 [0m211.308 ms - -[0m
[0mGET /api/productgros/getAllPhoto [32m200 [0m1389.804 ms - 1877[0m
[0mGET /api/productgros/getAllproduct [36m304 [0m1394.510 ms - -[0m
[0mGET /produit/1698869141381C1.jpg [36m304 [0m14.697 ms - -[0m
[0mGET /produit/1698869013762PP.jpg [36m304 [0m13.469 ms - -[0m
[0mGET /produit/1698868930382CH1.jpg [36m304 [0m11.972 ms - -[0m
[0mGET /produit/1698868770206img-4.png [36m304 [0m10.531 ms - -[0m
[0mGET /api/category/affichecouleur [32m200 [0m1327.986 ms - 2367[0m
[0mGET /produit/1698869242828BAS.jpg [32m200 [0m355.839 ms - 6543[0m
[0mGET /produit/1698873696653PP.jpg [32m200 [0m225.258 ms - 9966[0m
[0mGET /produit/1698873745322C1.jpg [32m200 [0m478.720 ms - 7313[0m
[0mGET /produit/1698874914644basket2.jpg [32m200 [0m481.696 ms - 6083[0m
[0mGET /produit/1698874334016basket4.jpg [32m200 [0m506.318 ms - 9813[0m
[0mGET /produit/1698874280699basket3.jpg [32m200 [0m524.456 ms - 9922[0m
[0mGET /produit/1698874231237PPP.jpg [32m200 [0m199.535 ms - 12356[0m
[0mGET /produit/1698874388064CH1.jpg [32m200 [0m143.373 ms - 14724[0m
[0mGET /produit/1698874427920CH2.jpg [32m200 [0m113.183 ms - 7249[0m
[0mGET /produit/1698874477116CH5.jpg [32m200 [0m120.562 ms - 6663[0m
[0mGET /produit/1698874861695img-4.png [32m200 [0m127.286 ms - 101237[0m
[0mGET /produit/1698874820682PULLS&.jpg [32m200 [0m198.838 ms - 7919[0m
[0mGET /produit/1698874734623pull.jpg [32m200 [0m282.366 ms - 8300[0m
[0mGET /api/productgros/getAllproduct [36m304 [0m64.188 ms - -[0m
[0mGET /produit/1698869141381C1.jpg [36m304 [0m109.233 ms - -[0m
[0mGET /produit/1698869013762PP.jpg [36m304 [0m11.817 ms - -[0m
[0mGET /produit/1698868930382CH1.jpg [36m304 [0m9.539 ms - -[0m
[0mGET /produit/1698868770206img-4.png [36m304 [0m8.931 ms - -[0m
[0mGET /produit/1698868811217f1.jpg [36m304 [0m3.352 ms - -[0m
[0mGET /produit/16986225550951693377089511img4.png [36m304 [0m4.187 ms - -[0m
[0mGET /produit/1698621513509ARR11.jpg [36m304 [0m3.667 ms - -[0m
[0mGET /produit/1698621829120arr1.jpg [36m304 [0m4.103 ms - -[0m
[0mGET /api/productgros/getAllproduct [36m304 [0m66.251 ms - -[0m
[0mGET /produit/1698869141381C1.jpg [36m304 [0m3.512 ms - -[0m
[0mGET /produit/1698869013762PP.jpg [36m304 [0m10.824 ms - -[0m
[0mGET /produit/1698868930382CH1.jpg [36m304 [0m20.125 ms - -[0m
[0mGET /produit/1698868811217f1.jpg [36m304 [0m19.194 ms - -[0m
[0mGET /produit/1698621513509ARR11.jpg [36m304 [0m11.810 ms - -[0m
[0mGET /produit/1698868770206img-4.png [36m304 [0m11.297 ms - -[0m
[0mGET /produit/16986225550951693377089511img4.png [36m304 [0m9.796 ms - -[0m
[0mGET /produit/1698621829120arr1.jpg [36m304 [0m3.487 ms - -[0m
[0mGET /api/productgros/getAllproduct [36m304 [0m140.561 ms - -[0m
[0mGET /produit/1698869141381C1.jpg [36m304 [0m3.676 ms - -[0m
[0mGET /produit/1698868930382CH1.jpg [36m304 [0m8.806 ms - -[0m
[0mGET /produit/1698869013762PP.jpg [36m304 [0m6.677 ms - -[0m
[0mGET /produit/1698868811217f1.jpg [36m304 [0m12.777 ms - -[0m
[0mGET /produit/1698868770206img-4.png [36m304 [0m12.957 ms - -[0m
[0mGET /produit/16986225550951693377089511img4.png [36m304 [0m11.363 ms - -[0m
[0mGET /produit/1698621829120arr1.jpg [36m304 [0m9.533 ms - -[0m
[0mGET /produit/1698621513509ARR11.jpg [36m304 [0m3.960 ms - -[0m
[0mGET /api/productgros/getAllproduct [36m304 [0m129.572 ms - -[0m
[0mGET /api/category/affichecouleur [36m304 [0m149.354 ms - -[0m
[0mGET /api/productgros/getAllPhoto [36m304 [0m178.647 ms - -[0m
[0mGET /produit/1698869141381C1.jpg [36m304 [0m3.697 ms - -[0m
[0mGET /produit/1698869013762PP.jpg [36m304 [0m3.939 ms - -[0m
[0mGET /produit/1698868930382CH1.jpg [36m304 [0m3.766 ms - -[0m
[0mGET /produit/1698868770206img-4.png [36m304 [0m3.569 ms - -[0m
[0mGET /produit/1698869242828BAS.jpg [36m304 [0m74.524 ms - -[0m
[0mGET /produit/1698873745322C1.jpg [36m304 [0m72.585 ms - -[0m
[0mGET /produit/1698874280699basket3.jpg [36m304 [0m70.909 ms - -[0m
[0mGET /produit/1698874334016basket4.jpg [36m304 [0m69.881 ms - -[0m
[0mGET /produit/1698874914644basket2.jpg [36m304 [0m68.846 ms - -[0m
[0mGET /produit/1698873696653PP.jpg [36m304 [0m50.229 ms - -[0m
[0mGET /produit/1698874231237PPP.jpg [36m304 [0m37.600 ms - -[0m
[0mGET /produit/1698874388064CH1.jpg [36m304 [0m33.910 ms - -[0m
[0mGET /produit/1698874427920CH2.jpg [36m304 [0m32.417 ms - -[0m
[0mGET /produit/1698874477116CH5.jpg [36m304 [0m30.275 ms - -[0m
[0mGET /produit/1698874734623pull.jpg [36m304 [0m32.846 ms - -[0m
[0mGET /produit/1698874820682PULLS&.jpg [36m304 [0m17.231 ms - -[0m
[0mGET /produit/1698874861695img-4.png [36m304 [0m3.574 ms - -[0m
[0mGET /api/customer/listmsg [36m304 [0m170.290 ms - -[0m
[0mGET /api/customer/listmsg [36m304 [0m41.069 ms - -[0m
[0mGET /api/customer/listmsg [36m304 [0m44.038 ms - -[0m
[0mGET /api/customer/msgcust?email [31m500 [0m36.014 ms - 2263[0m
[0mGET /api/customer/msgcust?email [31m500 [0m99.724 ms - 2263[0m
[0mGET /api/customer/msgcust?email [31m500 [0m10.976 ms - 2263[0m
[0mGET /api/customer/msgcust?email [31m500 [0m145.682 ms - 2263[0m
[0mGET /api/customer/msgcust?email [31m500 [0m10.133 ms - 2263[0m
[0mGET /api/customer/msgcust?email [31m500 [0m147.336 ms - 2263[0m
[0mGET /api/customer/msgcust?email [31m500 [0m11.047 ms - 2263[0m
[0mGET /api/customer/msgcust?email [31m500 [0m12.829 ms - 2263[0m
[0mGET /api/customer/msgcust?email [31m500 [0m10.472 ms - 2263[0m
[0mGET /api/customer/msgcust?email [31m500 [0m8.673 ms - 2263[0m
[0mGET /api/customer/msgcust?email [31m500 [0m17.057 ms - 2263[0m
[0mGET /api/customer/msgcust?email [31m500 [0m15.877 ms - 2263[0m
[0mGET /api/customer/msgcust?email [31m500 [0m10.326 ms - 2263[0m
[0mGET /api/customer/msgcust?email [31m500 [0m17.408 ms - 2263[0m
[0mGET /api/customer/msgcust?email [31m500 [0m23.319 ms - 2263[0m
[0mGET /api/customer/msgcust?email [31m500 [0m61.970 ms - 2263[0m
[0mGET /api/customer/msgcust?email [31m500 [0m9.201 ms - 2263[0m
[0mGET /api/customer/msgcust?email [31m500 [0m48.350 ms - 2263[0m
[0mGET /api/customer/msgcust?email [31m500 [0m10.927 ms - 2263[0m
[0mGET /api/customer/msgcust?email [31m500 [0m94.705 ms - 2263[0m
[0mGET /api/customer/msgcust?email [31m500 [0m10.292 ms - 2263[0m
[0mGET /api/customer/msgcust?email [31m500 [0m95.316 ms - 2263[0m
[0mGET /api/customer/msgcust?email [31m500 [0m12.507 ms - 2263[0m
[0mGET /api/customer/msgcust?email [31m500 [0m9.780 ms - 2263[0m
[0mGET /api/customer/msgcust?email [31m500 [0m56.036 ms - 2263[0m
[0mGET /api/customer/msgcust?email [31m500 [0m9.366 ms - 2263[0m
[0mGET /api/customer/msgcust?email [31m500 [0m81.941 ms - 2263[0m
[0mGET /api/customer/msgcust?email [31m500 [0m88.034 ms - 2263[0m
[0mGET /api/customer/msgadmin?emailundefined [31m500 [0m1467.128 ms - 7730[0m
[0mGET /api/customer/msgcust?emailvictor@gmail.com [31m500 [0m1273.064 ms - 2263[0m
[0mGET /api/customer/msgadmin?emailundefined [31m500 [0m222.973 ms - 7730[0m
[0mGET /api/customer/msgcust?emailvictor@gmail.com [31m500 [0m365.543 ms - 2263[0m
[0mGET /api/customer/prodList?emailvictor@gmail.com [31m500 [0m555.970 ms - 7730[0m
[0mGET /api/customer/msgadmin?emailundefined [31m500 [0m6172.678 ms - 7730[0m
[0mGET /api/customer/prodList?emailvictor@gmail.com [31m500 [0m344.467 ms - 7730[0m
[0mGET /api/customer/msgcust?emailvictor@gmail.com [31m500 [0m398.393 ms - 2263[0m
[0mGET /api/customer/listmsg [32m200 [0m18406.556 ms - 300[0m
[0mGET /api/customer/listmsg [36m304 [0m25740.610 ms - -[0m
[0mGET /api/customer/listmsg [0m- [0m- ms - -[0m
[0mGET /api/customer/listmsg [0m- [0m- ms - -[0m
[0mGET /api/customer/listmsg [32m200 [0m335.898 ms - 300[0m
[0mGET /api/customer/msgadmin?emailvictor@gmail.com [31m500 [0m6843.427 ms - 7730[0m
[0mGET /api/customer/prodList?emailundefined [31m500 [0m4363.793 ms - 7730[0m
[0mGET /api/customer/msgcust?emailundefined [31m500 [0m5133.731 ms - 2263[0m
[0mGET /api/customer/msgadmin?emailvictor@gmail.com [31m500 [0m700.005 ms - 7730[0m
[0mGET /api/customer/prodList?emailundefined [31m500 [0m713.861 ms - 7730[0m
[0mGET /api/customer/msgcust?emailundefined [31m500 [0m2144.106 ms - 2263[0m
[0mGET /api/customer/prodList?emailvictor@gmail.com [31m500 [0m358.816 ms - 7730[0m
[0mGET /api/customer/msgadmin?emailvictor@gmail.com [31m500 [0m579.942 ms - 7730[0m
[0mGET /api/customer/msgcust?emailvictor@gmail.com [31m500 [0m693.500 ms - 2263[0m
[0mGET /api/customer/msgadmin?emailvictor@gmail.com [31m500 [0m702.049 ms - 7730[0m
[0mGET /api/customer/prodList?emailvictor@gmail.com [31m500 [0m1297.888 ms - 7730[0m
[0mGET /api/customer/msgcust?emailvictor@gmail.com [31m500 [0m1323.751 ms - 2263[0m
[0mGET /api/customer//prodList?=victor@gmail.com [31m500 [0m4286.891 ms - 34[0m
[0mGET /api/customer//prodList?email=victor@gmail.com [32m200 [0m1246.545 ms - 196[0m
[0mGET /api/customer/msgadmin?email=victor@gmail.com [31m500 [0m369.641 ms - 17[0m
[0mGET /api/customer/msgsust?email=victor@gmail.com [33m404 [0m161.732 ms - 28[0m
[0mGET /api/customer/msgcust?email=victor@gmail.com [32m200 [0m199.186 ms - 169[0m
[0mGET /api/customer/msgcust?email=vitor@gmail.com [31m500 [0m152.788 ms - 17[0m
[0mGET /api/customer/msgadmin?email=victor@gmail.com [31m500 [0m520.646 ms - 17[0m
[0mGET /api/customer/msgcust?email=victor@gmail.com [32m200 [0m511.482 ms - 169[0m
[0mGET /api/customer/prodList?email=victor@gmail.com [32m200 [0m514.002 ms - 196[0m
[0mGET /api/customer/msgadmin?email=victor@gmail.com [31m500 [0m88.096 ms - 17[0m
[0mGET /api/customer/prodList?email=victor@gmail.com [36m304 [0m46.713 ms - -[0m
[0mGET /api/customer/msgcust?email=victor@gmail.com [36m304 [0m96.203 ms - -[0m
[0mGET /api/customer/msgadmin?email=victor@gmail.com [31m500 [0m293.922 ms - 17[0m
[0mGET /api/customer/msgcust?email=victor@gmail.com [36m304 [0m346.834 ms - -[0m
[0mGET /api/customer/prodList?email=victor@gmail.com [36m304 [0m367.152 ms - -[0m
[0mGET /api/customer/msgadmin?email=victor@gmail.com [31m500 [0m1339.014 ms - 17[0m
[0mGET /api/customer/msgcust?email=victor@gmail.com [36m304 [0m875.572 ms - -[0m
[0mGET /api/customer/prodList?email=victor@gmail.com [36m304 [0m833.368 ms - -[0m
[0mGET /api/customer/msgadmin?email=victor@gmail.com [31m500 [0m1630.449 ms - 17[0m
[0mGET /api/customer/prodList?email=victor@gmail.com [36m304 [0m436.401 ms - -[0m
[0mGET /api/customer/msgcust?email=victor@gmail.com [36m304 [0m1693.792 ms - -[0m
[0mGET /api/customer/msgadmin?email=victor@gmail.com [31m500 [0m588.081 ms - 17[0m
[0mGET /api/customer/msgcust?email=victor@gmail.com [36m304 [0m593.195 ms - -[0m
[0mGET /api/customer/prodList?email=victor@gmail.com [36m304 [0m160.526 ms - -[0m
[0mGET /api/customer/msgadmin?email=victor@gmail.com [31m500 [0m514.004 ms - 17[0m
[0mGET /api/customer/msgcust?email=victor@gmail.com [36m304 [0m565.295 ms - -[0m
[0mGET /api/customer/prodList?email=victor@gmail.com [36m304 [0m608.656 ms - -[0m
[0mGET /api/customer/msgadmin?email=victor@gmail.com [31m500 [0m297.713 ms - 17[0m
[0mGET /api/customer/msgcust?email=victor@gmail.com [36m304 [0m339.018 ms - -[0m
[0mGET /api/customer/prodList?email=victor@gmail.com [36m304 [0m127.164 ms - -[0m
[0mGET /api/category/main/list [31m500 [0m2360.958 ms - 3787[0m
[0mGET /api/category/affichebackground [31m500 [0m2313.519 ms - 3789[0m
[0mGET /api/category/affichetitle [31m500 [0m2542.190 ms - 3788[0m
[0mGET /api/product/getAllGroceryStaple [31m500 [0m2724.381 ms - 3786[0m
[0mGET /api/category/affichevideobytitre?titre=homevideo [31m500 [0m2726.269 ms - 3788[0m
[0mGET /api/productgros/getAllGroceryStaple [31m500 [0m1845.569 ms - 3794[0m
[0mGET /api/category/afficheservices [31m500 [0m529.845 ms - 3788[0m
[0mGET /api/category/affichetitle [32m200 [0m1832.110 ms - 206[0m
[0mGET /api/category/afficheservices [32m200 [0m1993.452 ms - 421[0m
[0mGET /api/category/main/list [32m200 [0m1272.904 ms - 701[0m
[0mGET /produit/1698679101965basket4.jpg [32m200 [0m1931.432 ms - 9813[0m
[0mGET /produit/1695989675538cas.jpg [32m200 [0m1930.955 ms - 3513[0m
[0mGET /produit/1695989601836C2.jpg [32m200 [0m1860.389 ms - 8412[0m
[0mGET /produit/1695989763210acc1.jpg [32m200 [0m1915.101 ms - 7482[0m
[0mGET /api/category/affichebackground [32m200 [0m5183.714 ms - 466[0m
[0mGET /api/category/affichevideobytitre?titre=homevideo [32m200 [0m5157.899 ms - 181[0m
[0mGET /api/productgros/getAllGroceryStaple [32m200 [0m4219.528 ms - 2505[0m
[0mGET /api/product/getAllGroceryStaple [32m200 [0m5632.245 ms - 2607[0m
[0mGET /produit/1698778025564offer-1.jpg [32m200 [0m105.772 ms - 146356[0m
[0mGET /produit/1698778055989offer-3.jpg [32m200 [0m136.616 ms - 86475[0m
[0mGET /produit/1698778040962offer-2.jpg [32m200 [0m75.175 ms - 81064[0m
[0mGET /produit/1698869141381C1.jpg [32m200 [0m182.756 ms - 7313[0m
[0mGET /produit/1698763078763baske2.jpg [32m200 [0m124.747 ms - 8552[0m
[0mGET /produit/1695990880479SACS.jpg [32m200 [0m147.177 ms - 7551[0m
[0mGET /produit/1695752820497e3.jpg [32m200 [0m215.064 ms - 7440[0m
[0mGET /produit/1695753661047tap3.jpg [32m200 [0m195.337 ms - 9338[0m
[0mGET /produit/1695754614263T1.jpg [32m200 [0m211.156 ms - 9012[0m
[0mGET /produit/1695754196334ENST.jpg [32m200 [0m56.099 ms - 4600[0m
[0mGET /produit/1698764255003C2.jpg [32m200 [0m204.510 ms - 8412[0m
[0mGET /produit/1698869013762PP.jpg [32m200 [0m94.138 ms - 9966[0m
[0mGET /produit/1695751668068ARR32.jpg [32m200 [0m228.125 ms - 1907[0m
[0mGET /produit/1698868930382CH1.jpg [32m200 [0m107.891 ms - 14724[0m
[0mGET /produit/1698868770206img-4.png [32m200 [0m77.627 ms - 101237[0m
[0mGET /produit/1698868811217f1.jpg [32m200 [0m88.816 ms - 112320[0m
[0mGET /produit/1698621829120arr1.jpg [32m200 [0m115.931 ms - 2193[0m
[0mGET /produit/16986225550951693377089511img4.png [32m200 [0m132.898 ms - 38269[0m
[0mGET /produit/1698621513509ARR11.jpg [32m200 [0m98.109 ms - 2022[0m
[0mGET /videos/1699012556764.mp4 [32m206 [0m204.747 ms - 18259147[0m
[0mGET /videos/1699012556764.mp4 [32m206 [0m620.729 ms - 203979[0m
[0mGET /videos/1699012556764.mp4 [36m304 [0m16.332 ms - -[0m
[0mGET /videos/1699012556764.mp4 [36m304 [0m8.626 ms - -[0m
[0mGET /videos/1699012556764.mp4 [32m206 [0m20.905 ms - 17920365[0m
[0mGET /videos/1699012556764.mp4 [36m304 [0m8.708 ms - -[0m
[0mGET /videos/1699012556764.mp4 [32m206 [0m10.531 ms - 17785567[0m
[0mGET /api/customer/listmsg [32m200 [0m486.890 ms - 300[0m
[0mGET /undefined [33m404 [0m340.767 ms - 7544[0m
[0mGET /api/customer/msgadmin?email=victor@gmail.com [31m500 [0m722.934 ms - 17[0m
[0mGET /api/customer/msgcust?email=victor@gmail.com [32m200 [0m730.980 ms - 169[0m
[0mGET /api/customer/prodList?email=victor@gmail.com [32m200 [0m784.283 ms - 196[0m
[0mGET /produit/1698869141381C1.jpg [36m304 [0m19.447 ms - -[0m
[0mGET /api/customer/msgadmin?email=victor@gmail.com [31m500 [0m15.474 ms - 17[0m
[0mPOST /api/customer/adminmsg [31m500 [0m292.250 ms - 34[0m
[0mPOST /api/customer/adminmsg [31m500 [0m14.252 ms - 34[0m
[0mPOST /api/customer/adminmsg [32m200 [0m288.405 ms - 50[0m
[0mGET /api/customer/msgadmin?email=victor@gmail.com [32m200 [0m8.250 ms - 187[0m
[0mGET /api/customer/msgadmin?email=victor@gmail.com [32m200 [0m53.483 ms - 187[0m
[0mGET /api/customer/msgcust?email=victor@gmail.com [36m304 [0m58.504 ms - -[0m
[0mGET /api/customer/prodList?email=victor@gmail.com [36m304 [0m51.537 ms - -[0m
[0mGET /undefined [33m404 [0m25.059 ms - 7544[0m
[0mGET /produit/1698869141381C1.jpg [36m304 [0m7.085 ms - -[0m
[0mGET /api/customer/msgadmin?email=victor@gmail.com [36m304 [0m7.487 ms - -[0m
[0mGET /api/customer/msgcust?email=victor@gmail.com [36m304 [0m126.918 ms - -[0m
[0mGET /api/customer/prodList?email=victor@gmail.com [36m304 [0m124.169 ms - -[0m
[0mGET /undefined [33m404 [0m74.661 ms - 7544[0m
[0mGET /produit/1698869141381C1.jpg [36m304 [0m4.844 ms - -[0m
[0mGET /undefined [33m404 [0m45.015 ms - 7544[0m
[0mGET /api/customer/msgadmin?email=victor@gmail.com [36m304 [0m204.180 ms - -[0m
[0mGET /api/customer/msgcust?email=victor@gmail.com [36m304 [0m209.844 ms - -[0m
[0mGET /api/customer/prodList?email=victor@gmail.com [36m304 [0m205.132 ms - -[0m
[0mGET /produit/1698869141381C1.jpg [36m304 [0m4.800 ms - -[0m
[0mOPTIONS /api/customer/adminmsg [32m204 [0m218.356 ms - 0[0m
[0mPOST /api/customer/adminmsg [31m500 [0m268.026 ms - 34[0m
[0mGET /api/customer/msgadmin?email=victor@gmail.com [36m304 [0m47.726 ms - -[0m
[0mGET /api/customer/msgcust?email=victor@gmail.com [36m304 [0m42.200 ms - -[0m
[0mGET /api/customer/prodList?email=victor@gmail.com [36m304 [0m42.671 ms - -[0m
[0mGET /undefined [33m404 [0m2848.132 ms - 7544[0m
[0mOPTIONS /api/customer/adminmsg [32m204 [0m498.011 ms - 0[0m
[0mOPTIONS /api/customer/adminmsg [32m204 [0m824.553 ms - 0[0m
[0mPOST /api/customer/adminmsg [31m500 [0m4363.660 ms - 34[0m
[0mPOST /api/customer/adminmsg [31m500 [0m4258.207 ms - 34[0m
[0mOPTIONS /api/customer/adminmsg [32m204 [0m114.356 ms - 0[0m
[0mOPTIONS /api/customer/adminmsg [32m204 [0m8.446 ms - 0[0m
[0mPOST /api/customer/adminmsg [32m200 [0m1851.219 ms - 50[0m
[0mPOST /api/customer/adminmsg [32m200 [0m2844.123 ms - 50[0m
[0mGET /api/customer/msgadmin?email=victor@gmail.com [32m200 [0m79.958 ms - 173[0m
[0mGET /api/customer/msgadmin?email=victor@gmail.com [36m304 [0m144.705 ms - -[0m
[0mGET /api/customer/msgadmin?email=victor@gmail.com [36m304 [0m36.871 ms - -[0m
[0mGET /api/customer/msgcust?email=victor@gmail.com [36m304 [0m42.066 ms - -[0m
[0mGET /api/customer/prodList?email=victor@gmail.com [36m304 [0m40.902 ms - -[0m
[0mGET /undefined [33m404 [0m1399.597 ms - 7544[0m
[0mGET /produit/1698869141381C1.jpg [36m304 [0m8.623 ms - -[0m
[0mGET /api/customer/msgadmin?email=victor@gmail.com [36m304 [0m33.502 ms - -[0m
[0mGET /undefined [33m404 [0m16.545 ms - 7544[0m
[0mGET /api/customer/msgcust?email=victor@gmail.com [36m304 [0m75.801 ms - -[0m
[0mGET /api/customer/prodList?email=victor@gmail.com [36m304 [0m73.813 ms - -[0m
[0mGET /api/customer/msgadmin?email=victor@gmail.com [36m304 [0m28.149 ms - -[0m
[0mGET /undefined [33m404 [0m24.759 ms - 7544[0m
[0mGET /api/customer/msgcust?email=victor@gmail.com [36m304 [0m1371.064 ms - -[0m
[0mGET /api/customer/prodList?email=victor@gmail.com [36m304 [0m1368.398 ms - -[0m
[0mGET /api/customer/msgadmin?email=victor@gmail.com [36m304 [0m14.981 ms - -[0m
[0mGET /undefined [33m404 [0m32.192 ms - 7544[0m
[0mGET /api/customer/msgcust?email=victor@gmail.com [36m304 [0m120.672 ms - -[0m
[0mGET /api/customer/prodList?email=victor@gmail.com [36m304 [0m108.193 ms - -[0m
[0mOPTIONS /api/customer/adminmsg [32m204 [0m2.330 ms - 0[0m
[0mPOST /api/customer/adminmsg [32m200 [0m378.737 ms - 50[0m
[0mGET /api/customer/msgadmin?email=victor@gmail.com [32m200 [0m41.797 ms - 186[0m
[0mGET /api/customer/msgadmin?email=victor@gmail.com [36m304 [0m6.676 ms - -[0m
[0mGET /api/customer/msgcust?email=victor@gmail.com [36m304 [0m298.479 ms - -[0m
[0mGET /undefined [33m404 [0m62.923 ms - 7544[0m
[0mGET /api/customer/prodList?email=victor@gmail.com [36m304 [0m540.138 ms - -[0m
[0mGET /produit/1698869141381C1.jpg [36m304 [0m124.740 ms - -[0m
[0mGET /undefined [33m404 [0m1307.764 ms - 7544[0m
[0mGET /api/customer/msgadmin?email=victor@gmail.com [36m304 [0m1870.588 ms - -[0m
[0mGET /api/customer/msgcust?email=victor@gmail.com [36m304 [0m2975.711 ms - -[0m
[0mGET /api/customer/prodList?email=victor@gmail.com [36m304 [0m2979.766 ms - -[0m
[0mGET /produit/1698869141381C1.jpg [36m304 [0m1.654 ms - -[0m
[0mGET /undefined [33m404 [0m626.431 ms - 7544[0m
[0mGET /api/customer/msgadmin?email=victor@gmail.com [36m304 [0m1142.630 ms - -[0m
[0mGET /api/customer/msgcust?email=victor@gmail.com [36m304 [0m1538.450 ms - -[0m
[0mGET /api/customer/prodList?email=victor@gmail.com [36m304 [0m1554.012 ms - -[0m
[0mGET /produit/1698869141381C1.jpg [36m304 [0m1.702 ms - -[0m
[0mGET /api/customer/msgadmin?email=victor@gmail.com [36m304 [0m163.832 ms - -[0m
[0mGET /api/customer/msgcust?email=victor@gmail.com [36m304 [0m212.080 ms - -[0m
[0mGET /undefined [33m404 [0m149.379 ms - 7544[0m
[0mGET /api/customer/prodList?email=victor@gmail.com [36m304 [0m863.134 ms - -[0m
[0mGET /produit/1698869141381C1.jpg [36m304 [0m2.515 ms - -[0m
[0mGET /undefined [33m404 [0m103.569 ms - 7544[0m
[0mGET /api/customer/msgadmin?email=victor@gmail.com [36m304 [0m227.093 ms - -[0m
[0mGET /api/customer/prodList?email=victor@gmail.com [36m304 [0m202.553 ms - -[0m
[0mGET /api/customer/msgcust?email=victor@gmail.com [36m304 [0m205.635 ms - -[0m
[0mGET /produit/1698869141381C1.jpg [36m304 [0m1.649 ms - -[0m
[0mGET /api/customer/msgadmin?email=victor@gmail.com [36m304 [0m56.252 ms - -[0m
[0mGET /api/customer/msgcust?email=victor@gmail.com [36m304 [0m75.913 ms - -[0m
[0mGET /api/customer/prodList?email=victor@gmail.com [36m304 [0m101.539 ms - -[0m
[0mGET /undefined [33m404 [0m59.841 ms - 7544[0m
[0mGET /produit/1698869141381C1.jpg [36m304 [0m5.091 ms - -[0m
[0mGET /api/customer/msgadmin?email=victor@gmail.com [36m304 [0m209.093 ms - -[0m
[0mGET /undefined [33m404 [0m15.181 ms - 7544[0m
[0mGET /api/customer/msgcust?email=victor@gmail.com [36m304 [0m158.496 ms - -[0m
[0mGET /api/customer/prodList?email=victor@gmail.com [36m304 [0m187.037 ms - -[0m
[0mGET /produit/1698869141381C1.jpg [36m304 [0m2.481 ms - -[0m
[0mGET /undefined [33m404 [0m254.070 ms - 7544[0m
[0mGET /api/customer/msgadmin?email=victor@gmail.com [36m304 [0m846.898 ms - -[0m
[0mGET /api/customer/msgcust?email=victor@gmail.com [36m304 [0m718.572 ms - -[0m
[0mGET /api/customer/prodList?email=victor@gmail.com [36m304 [0m728.421 ms - -[0m
[0mGET /produit/1698869141381C1.jpg [36m304 [0m2.928 ms - -[0m
[0mGET /api/customer/msgadmin?email=victor@gmail.com [36m304 [0m89.109 ms - -[0m
[0mGET /undefined [33m404 [0m91.067 ms - 7544[0m
[0mGET /api/customer/msgcust?email=victor@gmail.com [36m304 [0m151.362 ms - -[0m
[0mGET /api/customer/prodList?email=victor@gmail.com [36m304 [0m149.929 ms - -[0m
[0mGET /produit/1698869141381C1.jpg [36m304 [0m7.347 ms - -[0m
[0mGET /api/customer/msgadmin?email=victor@gmail.com [36m304 [0m8.881 ms - -[0m
[0mGET /undefined [33m404 [0m11.140 ms - 7544[0m
[0mGET /api/customer/msgcust?email=victor@gmail.com [36m304 [0m141.876 ms - -[0m
[0mGET /api/customer/prodList?email=victor@gmail.com [36m304 [0m220.822 ms - -[0m
[0mGET /produit/1698869141381C1.jpg [36m304 [0m2.566 ms - -[0m
[0mGET /api/customer/msgadmin?email=victor@gmail.com [36m304 [0m28.707 ms - -[0m
[0mGET /api/customer/msgcust?email=victor@gmail.com [36m304 [0m27.294 ms - -[0m
[0mGET /api/customer/prodList?email=victor@gmail.com [36m304 [0m43.995 ms - -[0m
[0mGET /undefined [33m404 [0m12.358 ms - 7544[0m
[0mGET /produit/1698869141381C1.jpg [36m304 [0m3.243 ms - -[0m
[0mGET /api/customer/prodList?email=victor@gmail.com [36m304 [0m42.395 ms - -[0m
[0mGET /api/customer/msgadmin?email=victor@gmail.com [36m304 [0m99.324 ms - -[0m
[0mGET /api/customer/msgcust?email=victor@gmail.com [36m304 [0m778.054 ms - -[0m
[0mGET /undefined [33m404 [0m1744.486 ms - 7544[0m
[0mGET /produit/1698869141381C1.jpg [36m304 [0m195.623 ms - -[0m
[0mGET /api/customer/msgadmin?email=victor@gmail.com [36m304 [0m42.769 ms - -[0m
[0mGET /api/customer/msgcust?email=victor@gmail.com [36m304 [0m12.632 ms - -[0m
[0mGET /api/customer/prodList?email=victor@gmail.com [36m304 [0m14.038 ms - -[0m
[0mGET /undefined [33m404 [0m17.886 ms - 7544[0m
[0mGET /produit/1698869141381C1.jpg [36m304 [0m4.643 ms - -[0m
[0mGET /api/customer/msgadmin?email=victor@gmail.com [36m304 [0m50.890 ms - -[0m
[0mGET /api/customer/msgcust?email=victor@gmail.com [36m304 [0m45.558 ms - -[0m
[0mGET /api/customer/prodList?email=victor@gmail.com [36m304 [0m34.009 ms - -[0m
[0mGET /undefined [33m404 [0m19.140 ms - 7544[0m
[0mGET /produit/1698869141381C1.jpg [36m304 [0m4.486 ms - -[0m
[0mGET /api/customer/msgadmin?email=victor@gmail.com [36m304 [0m18.892 ms - -[0m
[0mGET /api/customer/msgcust?email=victor@gmail.com [36m304 [0m17.746 ms - -[0m
[0mGET /api/customer/prodList?email=victor@gmail.com [36m304 [0m13.275 ms - -[0m
[0mGET /undefined [33m404 [0m14.089 ms - 7544[0m
[0mGET /produit/1698869141381C1.jpg [36m304 [0m1.634 ms - -[0m
[0mGET /api/customer/msgadmin?email=victor@gmail.com [36m304 [0m10.182 ms - -[0m
[0mGET /undefined [33m404 [0m13.138 ms - 7544[0m
[0mGET /api/customer/msgcust?email=victor@gmail.com [36m304 [0m89.594 ms - -[0m
[0mGET /api/customer/prodList?email=victor@gmail.com [36m304 [0m44.581 ms - -[0m
[0mGET /produit/1698869141381C1.jpg [36m304 [0m2.671 ms - -[0m
[0mGET /api/customer/msgadmin?email=victor@gmail.com [36m304 [0m9.598 ms - -[0m
[0mGET /api/customer/msgcust?email=victor@gmail.com [36m304 [0m8.179 ms - -[0m
[0mGET /undefined [33m404 [0m11.683 ms - 7544[0m
[0mGET /api/customer/prodList?email=victor@gmail.com [36m304 [0m35.540 ms - -[0m
[0mGET /produit/1698869141381C1.jpg [36m304 [0m2.873 ms - -[0m
[0mGET /api/customer/msgadmin?email=victor@gmail.com [36m304 [0m24.060 ms - -[0m
[0mGET /api/customer/msgcust?email=victor@gmail.com [36m304 [0m20.636 ms - -[0m
[0mGET /api/customer/prodList?email=victor@gmail.com [36m304 [0m22.180 ms - -[0m
[0mGET /undefined [33m404 [0m13.031 ms - 7544[0m
[0mGET /produit/1698869141381C1.jpg [36m304 [0m1.682 ms - -[0m
[0mGET /api/customer/msgadmin?email=victor@gmail.com [36m304 [0m22.317 ms - -[0m
[0mGET /api/customer/msgcust?email=victor@gmail.com [36m304 [0m30.428 ms - -[0m
[0mGET /undefined [33m404 [0m14.943 ms - 7544[0m
[0mGET /api/customer/prodList?email=victor@gmail.com [36m304 [0m41.337 ms - -[0m
[0mGET /produit/1698869141381C1.jpg [36m304 [0m3.326 ms - -[0m
[0mGET /api/customer/msgadmin?email=victor@gmail.com [36m304 [0m15.993 ms - -[0m
[0mGET /api/customer/msgcust?email=victor@gmail.com [36m304 [0m15.116 ms - -[0m
[0mGET /api/customer/prodList?email=victor@gmail.com [36m304 [0m13.955 ms - -[0m
[0mGET /undefined [33m404 [0m16.428 ms - 7544[0m
[0mGET /produit/1698869141381C1.jpg [36m304 [0m8.274 ms - -[0m
[0mGET /api/customer/msgadmin?email=victor@gmail.com [36m304 [0m15.526 ms - -[0m
[0mGET /api/customer/msgcust?email=victor@gmail.com [36m304 [0m12.195 ms - -[0m
[0mGET /api/customer/prodList?email=victor@gmail.com [36m304 [0m11.472 ms - -[0m
[0mGET /undefined [33m404 [0m14.803 ms - 7544[0m
[0mGET /produit/1698869141381C1.jpg [36m304 [0m1.756 ms - -[0m
[0mOPTIONS /api/customer/adminmsg [32m204 [0m1.163 ms - 0[0m
[0mPOST /api/customer/adminmsg [32m200 [0m151.171 ms - 50[0m
[0mGET /api/customer/msgadmin?email=victor@gmail.com [32m200 [0m4.393 ms - 244[0m
[0mGET /api/customer/msgadmin?email=victor@gmail.com [36m304 [0m26.003 ms - -[0m
[0mGET /api/customer/msgcust?email=victor@gmail.com [36m304 [0m27.070 ms - -[0m
[0mGET /api/customer/prodList?email=victor@gmail.com [36m304 [0m23.296 ms - -[0m
[0mGET /undefined [33m404 [0m22.217 ms - 7544[0m
[0mGET /produit/1698869141381C1.jpg [36m304 [0m6.361 ms - -[0m
[0mOPTIONS /api/customer/adminmsg [32m204 [0m1.611 ms - 0[0m
[0mPOST /api/customer/adminmsg [32m200 [0m129.565 ms - 50[0m
[0mGET /api/customer/msgadmin?email=victor@gmail.com [32m200 [0m70.697 ms - 168[0m
[0mGET /api/customer/msgadmin?email=victor@gmail.com [36m304 [0m7.651 ms - -[0m
[0mGET /api/customer/msgcust?email=victor@gmail.com [36m304 [0m8.129 ms - -[0m
[0mGET /api/customer/prodList?email=victor@gmail.com [36m304 [0m8.207 ms - -[0m
[0mGET /undefined [33m404 [0m19.704 ms - 7544[0m
[0mGET /api/customer/msgadmin?email=victor@gmail.com [36m304 [0m26.769 ms - -[0m
[0mGET /api/customer/msgcust?email=victor@gmail.com [36m304 [0m29.275 ms - -[0m
[0mGET /api/customer/prodList?email=victor@gmail.com [36m304 [0m24.239 ms - -[0m
[0mGET /undefined [33m404 [0m11.289 ms - 7544[0m
[0mGET /produit/1698869141381C1.jpg [36m304 [0m3.288 ms - -[0m
[0mGET /api/customer/msgadmin?email=victor@gmail.com [36m304 [0m21.657 ms - -[0m
[0mGET /api/customer/msgcust?email=victor@gmail.com [36m304 [0m21.680 ms - -[0m
[0mGET /api/customer/prodList?email=victor@gmail.com [36m304 [0m8.807 ms - -[0m
[0mGET /undefined [33m404 [0m15.479 ms - 7544[0m
[0mGET /produit/1698869141381C1.jpg [36m304 [0m2.872 ms - -[0m
[0mGET /api/customer/msgadmin?email=victor@gmail.com [36m304 [0m17.652 ms - -[0m
[0mGET /api/customer/msgcust?email=victor@gmail.com [36m304 [0m25.078 ms - -[0m
[0mGET /api/customer/prodList?email=victor@gmail.com [36m304 [0m27.451 ms - -[0m
[0mGET /undefined [33m404 [0m16.339 ms - 7544[0m
[0mGET /produit/1698869141381C1.jpg [36m304 [0m2.119 ms - -[0m
[0mGET /api/customer/msgadmin?email=victor@gmail.com [36m304 [0m17.074 ms - -[0m
[0mGET /api/customer/msgcust?email=victor@gmail.com [36m304 [0m16.691 ms - -[0m
[0mGET /api/customer/prodList?email=victor@gmail.com [36m304 [0m16.380 ms - -[0m
[0mGET /undefined [33m404 [0m24.110 ms - 7544[0m
[0mGET /api/customer/msgadmin?email=victor@gmail.com [36m304 [0m23.123 ms - -[0m
[0mGET /api/customer/msgcust?email=victor@gmail.com [36m304 [0m29.800 ms - -[0m
[0mGET /api/customer/prodList?email=victor@gmail.com [36m304 [0m27.332 ms - -[0m
[0mGET /undefined [33m404 [0m12.055 ms - 7544[0m
[0mGET /produit/1698869141381C1.jpg [36m304 [0m3.561 ms - -[0m
[0mGET /api/customer/msgadmin?email=victor@gmail.com [36m304 [0m15.872 ms - -[0m
[0mGET /api/customer/msgcust?email=victor@gmail.com [36m304 [0m12.296 ms - -[0m
[0mGET /api/customer/prodList?email=victor@gmail.com [36m304 [0m10.014 ms - -[0m
[0mGET /undefined [33m404 [0m21.130 ms - 7544[0m
[0mGET /produit/1698869141381C1.jpg [36m304 [0m3.387 ms - -[0m
[0mGET /undefined [33m404 [0m14.218 ms - 7544[0m
[0mGET /api/customer/msgadmin?email=victor@gmail.com [36m304 [0m62.272 ms - -[0m
[0mGET /api/customer/msgcust?email=victor@gmail.com [36m304 [0m61.722 ms - -[0m
[0mGET /api/customer/prodList?email=victor@gmail.com [36m304 [0m58.939 ms - -[0m
[0mGET /api/customer/msgcust?email=victor@gmail.com [36m304 [0m14.295 ms - -[0m
[0mGET /api/customer/msgadmin?email=victor@gmail.com [36m304 [0m28.577 ms - -[0m
[0mGET /api/customer/prodList?email=victor@gmail.com [36m304 [0m27.774 ms - -[0m
[0mGET /undefined [33m404 [0m21.239 ms - 7544[0m
[0mGET /api/customer/msgadmin?email=victor@gmail.com [36m304 [0m108.917 ms - -[0m
[0mGET /api/customer/msgcust?email=victor@gmail.com [36m304 [0m34.508 ms - -[0m
[0mGET /undefined [33m404 [0m19.770 ms - 7544[0m
[0mGET /api/customer/prodList?email=victor@gmail.com [36m304 [0m199.144 ms - -[0m
[0mGET /api/customer/msgadmin?email=victor@gmail.com [36m304 [0m52.308 ms - -[0m
[0mGET /api/customer/msgcust?email=victor@gmail.com [36m304 [0m55.992 ms - -[0m
[0mGET /api/customer/prodList?email=victor@gmail.com [36m304 [0m107.721 ms - -[0m
[0mGET /undefined [33m404 [0m14.168 ms - 7544[0m
[0mGET /produit/1698869141381C1.jpg [36m304 [0m5.325 ms - -[0m
[0mGET /api/customer/msgadmin?email=victor@gmail.com [36m304 [0m7.813 ms - -[0m
[0mGET /api/customer/msgcust?email=victor@gmail.com [36m304 [0m11.725 ms - -[0m
[0mGET /api/customer/prodList?email=victor@gmail.com [36m304 [0m9.564 ms - -[0m
[0mGET /undefined [33m404 [0m9.964 ms - 7544[0m
[0mGET /produit/1698869141381C1.jpg [36m304 [0m2.720 ms - -[0m
[0mGET /api/customer/msgadmin?email=victor@gmail.com [36m304 [0m52.939 ms - -[0m
[0mGET /undefined [33m404 [0m9.460 ms - 7544[0m
[0mGET /api/customer/msgcust?email=victor@gmail.com [36m304 [0m77.643 ms - -[0m
[0mGET /api/customer/prodList?email=victor@gmail.com [36m304 [0m76.892 ms - -[0m
[0mGET /produit/1698869141381C1.jpg [36m304 [0m1.637 ms - -[0m
[0mGET /api/customer/msgadmin?email=victor@gmail.com [36m304 [0m16.755 ms - -[0m
[0mGET /api/customer/msgcust?email=victor@gmail.com [36m304 [0m19.847 ms - -[0m
[0mGET /api/customer/prodList?email=victor@gmail.com [36m304 [0m15.549 ms - -[0m
[0mGET /undefined [33m404 [0m14.305 ms - 7544[0m
[0mGET /produit/1698869141381C1.jpg [36m304 [0m4.955 ms - -[0m
[0mGET /undefined [33m404 [0m135.141 ms - 7544[0m
[0mGET /api/customer/msgadmin?email=victor@gmail.com [36m304 [0m797.110 ms - -[0m
[0mGET /api/customer/msgcust?email=victor@gmail.com [36m304 [0m594.118 ms - -[0m
[0mGET /api/customer/prodList?email=victor@gmail.com [36m304 [0m606.739 ms - -[0m
[0mGET /produit/1698869141381C1.jpg [36m304 [0m3.255 ms - -[0m
[0mGET /api/customer/msgadmin?email=victor@gmail.com [36m304 [0m70.075 ms - -[0m
[0mGET /undefined [33m404 [0m28.873 ms - 7544[0m
[0mGET /api/customer/msgcust?email=victor@gmail.com [36m304 [0m478.299 ms - -[0m
[0mGET /api/customer/prodList?email=victor@gmail.com [36m304 [0m488.145 ms - -[0m
[0mGET /produit/1698869141381C1.jpg [36m304 [0m1.665 ms - -[0m
[0mGET /api/customer/msgadmin?email=victor@gmail.com [36m304 [0m105.258 ms - -[0m
[0mGET /api/customer/msgcust?email=victor@gmail.com [36m304 [0m678.702 ms - -[0m
[0mGET /api/customer/prodList?email=victor@gmail.com [36m304 [0m686.293 ms - -[0m
[0mGET /undefined [33m404 [0m492.507 ms - 7544[0m
[0mGET /produit/1698869141381C1.jpg [36m304 [0m906.628 ms - -[0m
[0mGET /api/customer/msgadmin?email=victor@gmail.com [36m304 [0m85.934 ms - -[0m
[0mGET /api/customer/msgcust?email=victor@gmail.com [36m304 [0m70.024 ms - -[0m
[0mGET /api/customer/prodList?email=victor@gmail.com [36m304 [0m67.782 ms - -[0m
[0mGET /undefined [33m404 [0m58.297 ms - 7544[0m
[0mGET /produit/1698869141381C1.jpg [36m304 [0m3.232 ms - -[0m
[0mGET /api/customer/msgadmin?email=victor@gmail.com [36m304 [0m19.338 ms - -[0m
[0mGET /undefined [33m404 [0m11.771 ms - 7544[0m
[0mGET /api/customer/msgcust?email=victor@gmail.com [36m304 [0m32.585 ms - -[0m
[0mGET /api/customer/prodList?email=victor@gmail.com [36m304 [0m96.821 ms - -[0m
[0mGET /produit/1698869141381C1.jpg [36m304 [0m2.248 ms - -[0m
[0mGET /api/customer/msgadmin?email=victor@gmail.com [36m304 [0m8.766 ms - -[0m
[0mGET /undefined [33m404 [0m49.162 ms - 7544[0m
[0mGET /api/customer/msgcust?email=victor@gmail.com [36m304 [0m86.982 ms - -[0m
[0mGET /api/customer/prodList?email=victor@gmail.com [36m304 [0m84.609 ms - -[0m
[0mGET /produit/1698869141381C1.jpg [36m304 [0m1.821 ms - -[0m
[0mGET /api/customer/msgadmin?email=victor@gmail.com [36m304 [0m36.883 ms - -[0m
[0mGET /undefined [33m404 [0m45.519 ms - 7544[0m
[0mGET /api/customer/msgcust?email=victor@gmail.com [36m304 [0m152.413 ms - -[0m
[0mGET /api/customer/prodList?email=victor@gmail.com [36m304 [0m118.486 ms - -[0m
[0mGET /api/customer/msgadmin?email=victor@gmail.com [36m304 [0m151.797 ms - -[0m
[0mGET /api/customer/msgcust?email=victor@gmail.com [36m304 [0m150.631 ms - -[0m
[0mGET /undefined [33m404 [0m63.368 ms - 7544[0m
[0mGET /api/customer/prodList?email=victor@gmail.com [36m304 [0m212.925 ms - -[0m
[0mGET /produit/1698869141381C1.jpg [36m304 [0m15.426 ms - -[0m
[0mGET /api/customer/msgadmin?email=victor@gmail.com [36m304 [0m99.030 ms - -[0m
[0mGET /undefined [33m404 [0m94.018 ms - 7544[0m
[0mGET /api/customer/msgcust?email=victor@gmail.com [36m304 [0m182.197 ms - -[0m
[0mGET /api/customer/prodList?email=victor@gmail.com [36m304 [0m132.721 ms - -[0m
[0mGET /api/customer/msgadmin?email=victor@gmail.com [36m304 [0m25.850 ms - -[0m
[0mGET /api/customer/msgcust?email=victor@gmail.com [36m304 [0m29.271 ms - -[0m
[0mGET /api/customer/prodList?email=victor@gmail.com [36m304 [0m41.656 ms - -[0m
[0mGET /undefined [33m404 [0m62.736 ms - 7544[0m
[0mGET /produit/1698869141381C1.jpg [36m304 [0m3.768 ms - -[0m
[0mGET /api/customer/msgadmin?email=victor@gmail.com [36m304 [0m19.152 ms - -[0m
[0mGET /api/customer/msgcust?email=victor@gmail.com [36m304 [0m22.010 ms - -[0m
[0mGET /undefined [33m404 [0m45.657 ms - 7544[0m
[0mGET /api/customer/prodList?email=victor@gmail.com [36m304 [0m66.304 ms - -[0m
[0mGET /produit/1698869141381C1.jpg [36m304 [0m130.017 ms - -[0m
[0mOPTIONS /api/customer/adminmsg [32m204 [0m1.216 ms - 0[0m
[0mPOST /api/customer/adminmsg [32m200 [0m110.520 ms - 50[0m
[0mGET /api/customer/msgadmin?email=victor@gmail.com [32m200 [0m4.976 ms - 193[0m
[0mOPTIONS /api/customer/adminmsg [32m204 [0m1.546 ms - 0[0m
[0mPOST /api/customer/adminmsg [32m200 [0m101.614 ms - 50[0m
[0mGET /api/customer/msgadmin?email=victor@gmail.com [32m200 [0m44.620 ms - 229[0m
[0mGET /api/customer/msgadmin?email=victor@gmail.com [36m304 [0m18.790 ms - -[0m
[0mGET /api/customer/msgcust?email=victor@gmail.com [36m304 [0m20.574 ms - -[0m
[0mGET /api/customer/prodList?email=victor@gmail.com [36m304 [0m21.628 ms - -[0m
[0mGET /api/customer/msgadmin?email=victor@gmail.com [36m304 [0m20.419 ms - -[0m
[0mGET /api/customer/msgcust?email=victor@gmail.com [36m304 [0m13.336 ms - -[0m
[0mGET /api/customer/prodList?email=victor@gmail.com [36m304 [0m17.059 ms - -[0m
[0mGET /undefined [33m404 [0m16.334 ms - 7544[0m
[0mGET /produit/1698869141381C1.jpg [36m304 [0m6.585 ms - -[0m
[0mGET /api/customer/msgadmin?email=victor@gmail.com [36m304 [0m12.490 ms - -[0m
[0mGET /api/customer/msgcust?email=victor@gmail.com [36m304 [0m16.236 ms - -[0m
[0mGET /api/customer/prodList?email=victor@gmail.com [36m304 [0m11.944 ms - -[0m
[0mGET /undefined [33m404 [0m10.360 ms - 7544[0m
[0mGET /produit/1698869141381C1.jpg [36m304 [0m5.169 ms - -[0m
[0mGET /api/customer/msgadmin?email=victor@gmail.com [36m304 [0m34.840 ms - -[0m
[0mGET /api/customer/msgcust?email=victor@gmail.com [36m304 [0m12.851 ms - -[0m
[0mGET /api/customer/prodList?email=victor@gmail.com [36m304 [0m10.361 ms - -[0m
[0mGET /undefined [33m404 [0m14.071 ms - 7544[0m
[0mGET /produit/1698869141381C1.jpg [36m304 [0m2.537 ms - -[0m
[0mGET /undefined [33m404 [0m346.204 ms - 7544[0m
[0mGET /api/customer/msgadmin?email=victor@gmail.com [32m200 [0m496.375 ms - 1394[0m
[0mGET /api/customer/msgcust?email=victor@gmail.com [32m200 [0m480.728 ms - 171[0m
[0mGET /api/customer/prodList?email=victor@gmail.com [32m200 [0m485.945 ms - 198[0m
[0mGET /api/customer/msgadmin?email=victor@gmail.com [36m304 [0m34.555 ms - -[0m
[0mGET /api/customer/msgcust?email=victor@gmail.com [36m304 [0m32.164 ms - -[0m
[0mGET /api/customer/prodList?email=victor@gmail.com [36m304 [0m28.583 ms - -[0m
[0mGET /undefined [33m404 [0m30.152 ms - 7544[0m
[0mGET /api/customer/msgadmin?email=victor@gmail.com [32m200 [0m15.268 ms - 1394[0m
[0mGET /api/customer/msgadmin?email=victor@gmail.com [36m304 [0m27.208 ms - -[0m
[0mGET /api/customer/prodList?email=victor@gmail.com [36m304 [0m20.481 ms - -[0m
[0mGET /api/customer/msgcust?email=victor@gmail.com [36m304 [0m20.496 ms - -[0m
[0mGET /undefined [33m404 [0m184.225 ms - 7544[0m
[0mGET /undefined [33m404 [0m45.749 ms - 7544[0m
[0mGET /api/customer/msgadmin?email=victor@gmail.com [36m304 [0m83.940 ms - -[0m
[0mGET /api/customer/msgcust?email=victor@gmail.com [36m304 [0m268.107 ms - -[0m
[0mGET /api/customer/prodList?email=victor@gmail.com [36m304 [0m272.463 ms - -[0m
[0mGET /undefined [33m404 [0m31.549 ms - 7544[0m
[0mGET /api/customer/msgadmin?email=victor@gmail.com [36m304 [0m94.437 ms - -[0m
[0mGET /api/customer/msgcust?email=victor@gmail.com [36m304 [0m97.706 ms - -[0m
[0mGET /api/customer/prodList?email=victor@gmail.com [36m304 [0m99.403 ms - -[0m
[0mGET /api/customer/msgadmin?email=victor@gmail.com [36m304 [0m1597.987 ms - -[0m
[0mGET /undefined [33m404 [0m585.447 ms - 7544[0m
[0mGET /api/customer/msgcust?email=victor@gmail.com [36m304 [0m2508.414 ms - -[0m
[0mGET /api/customer/prodList?email=victor@gmail.com [36m304 [0m1707.305 ms - -[0m
[0mGET /api/customer/msgadmin?email=victor@gmail.com [36m304 [0m378.943 ms - -[0m
[0mGET /api/customer/msgcust?email=victor@gmail.com [36m304 [0m124.623 ms - -[0m
[0mGET /api/customer/prodList?email=victor@gmail.com [36m304 [0m137.403 ms - -[0m
[0mGET /undefined [33m404 [0m224.652 ms - 7544[0m
[0mGET /api/customer/msgadmin?email=victor@gmail.com [36m304 [0m203.039 ms - -[0m
[0mGET /api/customer/msgcust?email=victor@gmail.com [36m304 [0m168.452 ms - -[0m
[0mGET /api/customer/prodList?email=victor@gmail.com [36m304 [0m147.679 ms - -[0m
[0mGET /produit/1698869141381C1.jpg [36m304 [0m556.609 ms - -[0m
[0mGET /api/customer/msgadmin?email=victor@gmail.com [36m304 [0m233.327 ms - -[0m
[0mGET /api/customer/msgcust?email=victor@gmail.com [36m304 [0m120.924 ms - -[0m
[0mGET /api/customer/prodList?email=victor@gmail.com [36m304 [0m164.683 ms - -[0m
[0mOPTIONS /api/customer/adminmsg [32m204 [0m135.985 ms - 0[0m
[0mPOST /api/customer/adminmsg [32m200 [0m2076.180 ms - 50[0m
[0mGET /api/customer/msgadmin?email=victor@gmail.com [32m200 [0m22.114 ms - 1538[0m
[0mGET /api/customer/msgadmin?email=victor@gmail.com [32m200 [0m592.981 ms - 1538[0m
[0mGET /api/customer/msgcust?email=victor@gmail.com [36m304 [0m535.576 ms - -[0m
[0mGET /api/customer/prodList?email=victor@gmail.com [36m304 [0m489.532 ms - -[0m
[0mGET /produit/1698869141381C1.jpg [36m304 [0m14.894 ms - -[0m
[0mGET /api/customer/msgadmin?email=victor@gmail.com [36m304 [0m224.987 ms - -[0m
[0mGET /api/customer/prodList?email=victor@gmail.com [36m304 [0m195.020 ms - -[0m
[0mGET /api/customer/msgcust?email=victor@gmail.com [36m304 [0m255.582 ms - -[0m
[0mGET /produit/1698869141381C1.jpg [36m304 [0m68.547 ms - -[0m
[0mGET /api/customer/msgadmin?email=victor@gmail.com [36m304 [0m79.561 ms - -[0m
[0mGET /api/customer/prodList?email=victor@gmail.com [36m304 [0m127.098 ms - -[0m
[0mGET /api/customer/msgcust?email=victor@gmail.com [36m304 [0m379.511 ms - -[0m
[0mGET /produit/1698869141381C1.jpg [36m304 [0m37.105 ms - -[0m
[0mGET /api/customer/msgadmin?email=victor@gmail.com [36m304 [0m100.731 ms - -[0m
[0mGET /api/customer/msgcust?email=victor@gmail.com [36m304 [0m44.218 ms - -[0m
[0mGET /api/customer/prodList?email=victor@gmail.com [36m304 [0m662.690 ms - -[0m
[0mGET /produit/1698869141381C1.jpg [36m304 [0m5.937 ms - -[0m
[0mGET /api/customer/msgadmin?email=victor@gmail.com [36m304 [0m299.141 ms - -[0m
[0mGET /api/customer/msgcust?email=victor@gmail.com [36m304 [0m1265.499 ms - -[0m
[0mGET /api/customer/prodList?email=victor@gmail.com [36m304 [0m2614.716 ms - -[0m
[0mGET /api/customer/msgadmin?email=victor@gmail.com [36m304 [0m11.782 ms - -[0m
[0mGET /api/customer/msgcust?email=victor@gmail.com [36m304 [0m19.628 ms - -[0m
[0mGET /api/customer/prodList?email=victor@gmail.com [36m304 [0m255.196 ms - -[0m
[0mGET /produit/1698869141381C1.jpg [36m304 [0m32.093 ms - -[0m
[0mGET /api/customer/msgadmin?email=victor@gmail.com [36m304 [0m59.763 ms - -[0m
[0mGET /api/customer/msgcust?email=victor@gmail.com [36m304 [0m54.895 ms - -[0m
[0mGET /api/customer/prodList?email=victor@gmail.com [36m304 [0m96.672 ms - -[0m
[0mGET /produit/1698869141381C1.jpg [36m304 [0m3.225 ms - -[0m
[0mGET /api/customer/msgcust?email=victor@gmail.com [36m304 [0m113.131 ms - -[0m
[0mGET /api/customer/msgadmin?email=victor@gmail.com [36m304 [0m110.510 ms - -[0m
[0mGET /api/customer/prodList?email=victor@gmail.com [36m304 [0m65.917 ms - -[0m
[0mGET /produit/1698869141381C1.jpg [36m304 [0m3.886 ms - -[0m
[0mGET /api/customer/msgadmin?email=victor@gmail.com [36m304 [0m273.273 ms - -[0m
[0mGET /api/customer/msgcust?email=victor@gmail.com [36m304 [0m129.130 ms - -[0m
[0mGET /api/customer/prodList?email=victor@gmail.com [36m304 [0m165.501 ms - -[0m
[0mGET /produit/1698869141381C1.jpg [36m304 [0m217.505 ms - -[0m
[0mGET /api/customer/msgadmin?email=victor@gmail.com [36m304 [0m553.027 ms - -[0m
[0mGET /api/customer/prodList?email=victor@gmail.com [36m304 [0m671.852 ms - -[0m
[0mGET /api/customer/msgcust?email=victor@gmail.com [36m304 [0m675.726 ms - -[0m
[0mGET /api/category/main/list [36m304 [0m3371.814 ms - -[0m
[0mGET /api/productgros/getAllGroceryStaple [36m304 [0m2359.347 ms - -[0m
[0mGET /api/product/getAllGroceryStaple [36m304 [0m2508.316 ms - -[0m
[0mGET /api/product/getWebProductById?id=12 [36m304 [0m4366.822 ms - -[0m
[0mGET /api/product/getWebProductById?id=12 [36m304 [0m6698.380 ms - -[0m
[0mGET /api/product/similar?chilCategoryId=14 [36m304 [0m138.827 ms - -[0m
[0mGET /api/product/similar?chilCategoryId=14 [36m304 [0m96.855 ms - -[0m
[0mGET /api/customer/getUserByEmailId?email=victor@gmail.com [31m500 [0m7007.813 ms - 3787[0m
[0mGET /produit/1698868811217f1.jpg [32m200 [0m190.915 ms - 112320[0m
[0mGET /produit/1698868770206img-4.png [32m200 [0m278.926 ms - 101237[0m
[0mGET /api/productgros/getWebProductById?id=8 [36m304 [0m275.893 ms - -[0m
[0mGET /api/productgros/similar?chilCategoryId= [31m500 [0m309.668 ms - 7730[0m
[0mGET /undefined [33m404 [0m1347.598 ms - 7544[0m
[0mGET /api/customer/getUserByEmailId?email=victor@gmail.com [31m500 [0m64.637 ms - 3787[0m
[0mPOST /api/customer/custmsg [31m500 [0m440.729 ms - 34[0m
[0mGET /api/customer/prodList?email=victor@gmail.com [36m304 [0m46.403 ms - -[0m
[0mGET /api/customer/msgcust?email=victor@gmail.com [36m304 [0m127.558 ms - -[0m
[0mGET /api/customer/msgadmin?email=victor@gmail.com [36m304 [0m183.032 ms - -[0m
[0mGET /produit/1698869141381C1.jpg [36m304 [0m3.832 ms - -[0m
[0mPOST /api/customer/custmsg [31m500 [0m5.109 ms - 34[0m
[0mPOST /api/customer/custmsg [31m500 [0m13.283 ms - 34[0m
[0mGET /api/category/affichevideopub [32m200 [0m382.282 ms - 347[0m
[0mGET /api/category/affichelocal [32m200 [0m528.310 ms - 1474[0m
[0mGET /videos/1699012574060.mp4 [32m206 [0m197.662 ms - 13547709[0m
[0mGET /videos/1699012556764.mp4 [32m206 [0m206.861 ms - 18259147[0m
[0mGET /videos/1699012574060.mp4 [32m206 [0m281.201 ms - 178365[0m
[0mGET /videos/1699012556764.mp4 [32m206 [0m290.295 ms - 203979[0m
[0mGET /api/customer/listmsg [32m200 [0m919.744 ms - 300[0m
[0mGET /api/customer/msgadmin?email=victor@gmail.com [32m200 [0m177.143 ms - 1538[0m
[0mGET /api/customer/msgcust?email=victor@gmail.com [32m200 [0m104.081 ms - 171[0m
[0mGET /api/customer/prodList?email=victor@gmail.com [32m200 [0m181.018 ms - 198[0m
[0mGET /produit/1698869141381C1.jpg [32m200 [0m143.181 ms - 7313[0m
[0mGET /api/product/getAllGroceryStaple [36m304 [0m91.626 ms - -[0m
[0mGET /api/category/main/list [36m304 [0m231.817 ms - -[0m
[0mGET /api/productgros/getAllGroceryStaple [36m304 [0m193.473 ms - -[0m
[0mGET /api/category/main/list [36m304 [0m41.807 ms - -[0m
[0mGET /api/productgros/getAllGroceryStaple [36m304 [0m65.932 ms - -[0m
[0mGET /api/product/getAllGroceryStaple [36m304 [0m28.670 ms - -[0m
[0mGET /api/product/getWebProductById?id=12 [36m304 [0m175.724 ms - -[0m
[0mGET /api/productgros/getWebProductById?id=9 [36m304 [0m214.124 ms - -[0m
[0mGET /api/productgros/getWebProductById?id=9 [36m304 [0m52.632 ms - -[0m
[0mGET /api/product/similar?chilCategoryId=14 [36m304 [0m27.933 ms - -[0m
[0mGET /api/productgros/similar?chilCategoryId=14 [36m304 [0m21.480 ms - -[0m
[0mGET /api/productgros/similar?chilCategoryId=14 [36m304 [0m44.661 ms - -[0m
[0mGET /undefined [33m404 [0m399.280 ms - 7544[0m
[0mGET /api/customer/getUserByEmailId?email=victor@gmail.com [31m500 [0m688.061 ms - 3787[0m
[0mPOST /api/customer/custmsg [31m500 [0m17.374 ms - 34[0m
[0mPOST /api/customer/custmsg [31m500 [0m14.517 ms - 34[0m
[0mGET /api/customer/getUserByEmailId?email=victor@gmail.com [31m500 [0m44.088 ms - 3787[0m
[0mPOST /api/customer/custmsg [31m500 [0m13.624 ms - 34[0m
[0mGET /api/customer/getUserByEmailId?email=victor@gmail.com [31m500 [0m60.314 ms - 3787[0m
[0mGET /api/customer/getUserByEmailId?email=victor@gmail.com [31m500 [0m35.398 ms - 3787[0m
[0mGET /api/product/getWebProductById?id=13 [36m304 [0m27.468 ms - -[0m
[0mGET /api/product/getWebProductById?id=13 [36m304 [0m37.136 ms - -[0m
[0mGET /api/product/similar?chilCategoryId=14 [36m304 [0m21.605 ms - -[0m
[0mGET /api/product/similar?chilCategoryId=14 [36m304 [0m17.657 ms - -[0m
[0mGET /api/product/getWebProductById?id=6 [36m304 [0m78.669 ms - -[0m
[0mGET /api/product/similar?chilCategoryId=3 [36m304 [0m20.544 ms - -[0m
[0mGET /api/category/affichelocal [36m304 [0m41.139 ms - -[0m
[0mGET /api/customer/getUserByEmailId?email=victor@gmail.com [31m500 [0m114.854 ms - 3787[0m
[0mGET /api/customer/getUserByEmailId?email=victor@gmail.com [31m500 [0m46.505 ms - 34[0m
[0mGET /api/customer/getUserByEmailId?email=victor@gmail.com [31m500 [0m451.617 ms - 34[0m
[0mGET /api/customer/getUserByEmailId?email=victor@gmail.com [31m500 [0m416.792 ms - 34[0m
[0mGET /api/customer/getUserByEmailId?email=victor@gmail.com [32m200 [0m912.092 ms - 8213[0m
[0mGET /api/category/affichelocal [36m304 [0m93.505 ms - -[0m
[0mGET /api/customer/getUserByEmailId?email=victor@gmail.com [32m200 [0m253.179 ms - 8213[0m
[0mGET /api/productgros/getWebProductById?id=9 [36m304 [0m65.450 ms - -[0m
[0mGET /api/productgros/similar?chilCategoryId=14 [36m304 [0m38.772 ms - -[0m
[0mGET /undefined [33m404 [0m126.161 ms - 7544[0m
[0mGET /api/customer/getUserByEmailId?email=victor@gmail.com [32m200 [0m98.715 ms - 8213[0m
[0mGET /api/customer/getUserByEmailId?email=victor@gmail.com [36m304 [0m94.056 ms - -[0m
[0mPOST /api/customer/custmsg [32m200 [0m218.030 ms - 50[0m
[0mGET /api/customer/msgcust?email=victor@gmail.com [32m200 [0m73.360 ms - 319[0m
[0mGET /api/customer/msgadmin?email=victor@gmail.com [36m304 [0m88.909 ms - -[0m
[0mGET /api/customer/prodList?email=victor@gmail.com [36m304 [0m82.981 ms - -[0m
[0mGET /produit/1698869141381C1.jpg [36m304 [0m15.699 ms - -[0m
[0mGET /api/customer/getUserByEmailId?email=victor@gmail.com [32m200 [0m104.657 ms - 8213[0m
[0mPOST /api/customer/custmsg [32m200 [0m154.637 ms - 50[0m
[0mPOST /api/customer/custmsg [32m200 [0m174.518 ms - 50[0m
[0mPOST /api/customer/custmsg [31m500 [0m20.011 ms - 34[0m
[0mPOST /api/customer/custmsg [31m500 [0m16.890 ms - 34[0m
[0mPOST /api/customer/custmsg [31m500 [0m19.774 ms - 34[0m
[0mGET /api/customer/getUserByEmailId?email=victor@gmail.com [36m304 [0m118.749 ms - -[0m
[0mPOST /api/customer/custmsg [32m200 [0m246.051 ms - 50[0m
[0mGET /api/customer/getUserByEmailId?email=victor@gmail.com [36m304 [0m101.507 ms - -[0m
[0mGET /api/customer/getUserByEmailId?email=victor@gmail.com [36m304 [0m65.248 ms - -[0m
[0mGET /api/customer/getUserByEmailId?email=victor@gmail.com [36m304 [0m122.454 ms - -[0m
[0mGET /undefined [33m404 [0m58.166 ms - 7544[0m
[0mGET /api/customer/getUserByEmailId?email=victor@gmail.com [36m304 [0m65.522 ms - -[0m
[0mGET /api/customer/getUserByEmailId?email=victor@gmail.com [36m304 [0m130.507 ms - -[0m
[0mPOST /api/customer/prodmsg [32m200 [0m130.338 ms - 50[0m
[0mPOST /api/customer/prodmsg [32m200 [0m162.800 ms - 50[0m
[0mGET /undefined [33m404 [0m26.489 ms - 7544[0m
[0mGET /api/customer/getUserByEmailId?email=victor@gmail.com [36m304 [0m77.295 ms - -[0m
[0mGET /api/customer/getUserByEmailId?email=victor@gmail.com [36m304 [0m38.574 ms - -[0m
[0mPOST /api/customer/prodmsg [32m200 [0m177.201 ms - 50[0m
[0mGET /api/customer/msgadmin?email=victor@gmail.com [36m304 [0m45.046 ms - -[0m
[0mGET /api/customer/msgcust?email=victor@gmail.com [32m200 [0m48.390 ms - 759[0m
[0mGET /api/customer/prodList?email=victor@gmail.com [32m200 [0m43.773 ms - 717[0m
[0mGET /produit/1698869141381C1.jpg [36m304 [0m6.989 ms - -[0m
[0mGET /api/customer/getUserByEmailId?email=victor@gmail.com [36m304 [0m62.291 ms - -[0m
[0mGET /api/customer/getUserByEmailId?email=victor@gmail.com [36m304 [0m92.873 ms - -[0m
[0mPOST /api/customer/custmsg [32m200 [0m197.326 ms - 50[0m
[0mGET /api/customer/getUserByEmailId?email=victor@gmail.com [36m304 [0m137.870 ms - -[0m
[0mPOST /api/customer/custmsg [32m200 [0m146.830 ms - 50[0m
[0mGET /api/customer/getUserByEmailId?email=victor@gmail.com [36m304 [0m254.158 ms - -[0m
[0mGET /api/category/main/list [36m304 [0m33.809 ms - -[0m
[0mGET /api/product/getAllGroceryStaple [36m304 [0m48.034 ms - -[0m
[0mGET /api/productgros/getAllGroceryStaple [36m304 [0m35.041 ms - -[0m
[0mGET /api/customer/getUserByEmailId?email=victor@gmail.com [36m304 [0m58.428 ms - -[0m
[0mGET /api/customer/getUserByEmailId?email=victor@gmail.com [36m304 [0m55.713 ms - -[0m
[0mGET /api/customer/getUserByEmailId?email=victor@gmail.com [36m304 [0m64.898 ms - -[0m
[0mGET /api/customer/getUserByEmailId?email=victor@gmail.com [36m304 [0m46.384 ms - -[0m
[0mPOST /api/customer/prodmsg [32m200 [0m1682.484 ms - 50[0m
[0mGET /api/customer/getUserByEmailId?email=victor@gmail.com [36m304 [0m49.294 ms - -[0m
[0mGET /api/customer/getUserByEmailId?email=victor@gmail.com [36m304 [0m47.165 ms - -[0m
[0mGET /api/category/main/list [36m304 [0m21.447 ms - -[0m
[0mGET /api/product/getAllGroceryStaple [36m304 [0m50.543 ms - -[0m
[0mGET /api/productgros/getAllGroceryStaple [36m304 [0m36.127 ms - -[0m
[0mGET /api/customer/getUserByEmailId?email=victor@gmail.com [36m304 [0m64.913 ms - -[0m
[0mGET /api/customer/getUserByEmailId?email=victor@gmail.com [36m304 [0m60.340 ms - -[0m
[0mGET /api/product/getAllGroceryStaple [36m304 [0m39.332 ms - -[0m
[0mGET /api/category/main/list [36m304 [0m21.172 ms - -[0m
[0mGET /api/productgros/getAllGroceryStaple [36m304 [0m19.382 ms - -[0m
[0mGET /api/customer/getUserByEmailId?email=victor@gmail.com [36m304 [0m53.841 ms - -[0m
[0mGET /api/customer/getUserByEmailId?email=victor@gmail.com [36m304 [0m46.683 ms - -[0m
[0mGET /api/category/main/list [36m304 [0m52.797 ms - -[0m
[0mGET /api/productgros/getAllGroceryStaple [36m304 [0m33.535 ms - -[0m
[0mGET /api/product/getAllGroceryStaple [36m304 [0m26.396 ms - -[0m
[0mGET /api/customer/getUserByEmailId?email=victor@gmail.com [36m304 [0m76.171 ms - -[0m
[0mGET /api/customer/getUserByEmailId?email=victor@gmail.com [36m304 [0m52.997 ms - -[0m
[0mGET /api/customer/getUserByEmailId?email=victor@gmail.com [36m304 [0m58.517 ms - -[0m
[0mGET /api/customer/msgadmin?email=victor@gmail.com [32m200 [0m15.332 ms - 1538[0m
[0mGET /api/category/main/list [36m304 [0m19.821 ms - -[0m
[0mGET /api/product/getAllGroceryStaple [36m304 [0m41.281 ms - -[0m
[0mGET /api/productgros/getAllGroceryStaple [36m304 [0m38.792 ms - -[0m
[0mGET /api/customer/getUserByEmailId?email=victor@gmail.com [32m200 [0m68.881 ms - 8213[0m
[0mGET /api/customer/getUserByEmailId?email=victor@gmail.com [36m304 [0m48.986 ms - -[0m
[0mGET /api/customer/msgadmin?email=victor@gmail.com [36m304 [0m13.042 ms - -[0m
[0mGET /api/customer/getUserByEmailId?email=victor@gmail.com [32m200 [0m43.288 ms - 8213[0m
[0mGET /api/customer/msgadmin?email=victor@gmail.com [36m304 [0m18.412 ms - -[0m
[0mGET /api/customer/msgadmin?email=victor@gmail.com [32m200 [0m60.245 ms - 26[0m
[0mGET /api/customer/msgcust?email=victor@gmail.com [32m200 [0m68.938 ms - 26[0m
[0mGET /api/customer/prodList?email=victor@gmail.com [32m200 [0m95.229 ms - 26[0m
[0mPOST /api/customer/custmsg [32m200 [0m182.562 ms - 50[0m
[0mPOST /api/customer/custmsg [32m200 [0m130.192 ms - 50[0m
[0mOPTIONS /api/customer/adminmsg [32m204 [0m7.222 ms - 0[0m
[0mPOST /api/customer/adminmsg [32m200 [0m343.817 ms - 50[0m
[0mGET /api/customer/msgadmin?email=victor@gmail.com [32m200 [0m139.996 ms - 198[0m
[0mGET /api/customer/msgcust?email=victor@gmail.com [32m200 [0m35.186 ms - 317[0m
[0mGET /api/customer/prodList?email=victor@gmail.com [36m304 [0m34.854 ms - -[0m
[0mGET /api/customer/msgadmin?email=victor@gmail.com [36m304 [0m68.082 ms - -[0m
[0mGET /api/customer/getUserByEmailId?email=victor@gmail.com [32m200 [0m67.592 ms - 8213[0m
[0mGET /api/customer/msgadmin?email=victor@gmail.com [32m200 [0m22.697 ms - 198[0m
[0mGET /api/customer/msgcust?email=victor@gmail.com [32m200 [0m28.695 ms - 317[0m
[0mPOST /api/customer/custmsg [32m200 [0m126.351 ms - 50[0m
[0mOPTIONS /api/customer/adminmsg [32m204 [0m4.862 ms - 0[0m
[0mPOST /api/customer/adminmsg [32m200 [0m134.521 ms - 50[0m
[0mGET /api/customer/msgadmin?email=victor@gmail.com [32m200 [0m31.993 ms - 350[0m
[0mOPTIONS /api/customer/adminmsg [32m204 [0m3.027 ms - 0[0m
[0mPOST /api/customer/adminmsg [32m200 [0m152.706 ms - 50[0m
[0mGET /api/customer/msgadmin?email=victor@gmail.com [32m200 [0m17.155 ms - 514[0m
[0mPOST /api/customer/custmsg [32m200 [0m192.893 ms - 50[0m
[0mGET /api/customer/getUserByEmailId?email=victor@gmail.com [36m304 [0m61.611 ms - -[0m
[0mGET /api/customer/getUserByEmailId?email=victor@gmail.com [36m304 [0m63.414 ms - -[0m
[0mGET /api/customer/msgadmin?email=victor@gmail.com [32m200 [0m24.191 ms - 514[0m
[0mGET /api/customer/msgcust?email=victor@gmail.com [32m200 [0m15.346 ms - 615[0m
[0mGET /api/customer/getUserByEmailId?email=victor@gmail.com [36m304 [0m53.277 ms - -[0m
[0mGET /api/customer/msgadmin?email=victor@gmail.com [36m304 [0m19.817 ms - -[0m
[0mGET /api/customer/msgcust?email=victor@gmail.com [36m304 [0m24.543 ms - -[0m
[0mGET /api/customer/getUserByEmailId?email=victor@gmail.com [36m304 [0m52.444 ms - -[0m
[0mGET /api/customer/msgadmin?email=victor@gmail.com [36m304 [0m20.725 ms - -[0m
[0mGET /api/customer/msgcust?email=victor@gmail.com [36m304 [0m11.992 ms - -[0m
[0mGET /api/customer/getUserByEmailId?email=victor@gmail.com [36m304 [0m521.198 ms - -[0m
[0mGET /api/customer/msgadmin?email=victor@gmail.com [36m304 [0m25.494 ms - -[0m
[0mGET /api/customer/msgcust?email=victor@gmail.com [36m304 [0m34.807 ms - -[0m
[0mPOST /api/customer/custmsg [32m200 [0m267.323 ms - 50[0m
[0mGET /api/customer/getUserByEmailId?email=victor@gmail.com [36m304 [0m402.306 ms - -[0m
[0mGET /api/customer/msgadmin?email=victor@gmail.com [36m304 [0m41.872 ms - -[0m
[0mGET /api/customer/msgcust?email=victor@gmail.com [32m200 [0m68.415 ms - 758[0m
[0mPOST /api/customer/custmsg [32m200 [0m372.681 ms - 50[0m
[0mGET /api/customer/getUserByEmailId?email=victor@gmail.com [36m304 [0m86.915 ms - -[0m
[0mGET /api/customer/msgadmin?email=victor@gmail.com [36m304 [0m208.618 ms - -[0m
[0mGET /api/customer/msgcust?email=victor@gmail.com [32m200 [0m281.084 ms - 947[0m
[0mGET /api/customer/getUserByEmailId?email=victor@gmail.com [36m304 [0m130.837 ms - -[0m
[0mGET /api/customer/msgadmin?email=victor@gmail.com [36m304 [0m71.125 ms - -[0m
[0mGET /api/customer/msgcust?email=victor@gmail.com [36m304 [0m22.638 ms - -[0m
[0mGET /api/customer/getUserByEmailId?email=victor@gmail.com [36m304 [0m123.914 ms - -[0m
[0mGET /api/customer/msgadmin?email=victor@gmail.com [36m304 [0m109.021 ms - -[0m
[0mGET /api/customer/msgcust?email=victor@gmail.com [36m304 [0m23.367 ms - -[0m
[0mGET /api/customer/getUserByEmailId?email=victor@gmail.com [36m304 [0m146.057 ms - -[0m
[0mGET /api/customer/msgadmin?email=victor@gmail.com [36m304 [0m234.682 ms - -[0m
[0mGET /api/customer/msgcust?email=victor@gmail.com [36m304 [0m23.633 ms - -[0m
[0mGET /api/customer/getUserByEmailId?email=victor@gmail.com [36m304 [0m134.115 ms - -[0m
[0mGET /api/customer/msgadmin?email=victor@gmail.com [36m304 [0m107.598 ms - -[0m
[0mGET /api/customer/msgcust?email=victor@gmail.com [36m304 [0m41.936 ms - -[0m
