[0mGET /api/product/getAllproduct [32m200 [0m705.998 ms - 1108[0m
[0mGET /produit/1694960004108ARR4.jpg [32m200 [0m77.414 ms - 1687[0m
[0mGET /produit/1694961004938bas1.jpg [32m200 [0m95.776 ms - 6396[0m
[0mGET /produit/1694963670960arr1.jpg [32m200 [0m165.867 ms - 2193[0m
[0mOPTIONS /?id=24 [32m204 [0m5.045 ms - 0[0m
[0mDELETE /?id=24 [33m404 [0m411.910 ms - 7714[0m
[0mOPTIONS /?id=22 [32m204 [0m2.930 ms - 0[0m
[0mDELETE /?id=22 [33m404 [0m14.074 ms - 7714[0m
[0mGET /api/category/main/list [32m200 [0m147.342 ms - 497[0m
[0mGET /api/category/sub-category/list [32m200 [0m641.743 ms - 2177[0m
[0mGET /api/category/child-category/list [32m200 [0m666.537 ms - 526[0m
[0mGET /api/category/main/list [36m304 [0m39.147 ms - -[0m
[0mGET /api/category/sub-category/list [36m304 [0m64.687 ms - -[0m
[0mGET /api/category/child-category/list [36m304 [0m59.279 ms - -[0m
[0mGET /api/category/sub-category/list [36m304 [0m61.363 ms - -[0m
[0mGET /api/category/main/list [36m304 [0m78.235 ms - -[0m
[0mGET /api/category/main/list [36m304 [0m39.499 ms - -[0m
[0mGET /api/category/sub-category/list [36m304 [0m62.495 ms - -[0m
[0mGET /api/category/child-category/list [36m304 [0m82.941 ms - -[0m
[0mGET /api/category/main/list [36m304 [0m10.684 ms - -[0m
[0mGET /api/category/main/list [36m304 [0m39.813 ms - -[0m
[0mGET /api/category/sub-category/list [36m304 [0m50.868 ms - -[0m
[0mGET /api/category/child-category/list [36m304 [0m127.493 ms - -[0m
[0mGET /api/category/main/list [36m304 [0m10.560 ms - -[0m
[0mGET /api/category/main/list [36m304 [0m24.737 ms - -[0m
[0mGET /api/category/sub-category/list [36m304 [0m70.637 ms - -[0m
[0mGET /api/category/child-category/list [36m304 [0m71.664 ms - -[0m
[0mGET /api/product/getAllproduct [36m304 [0m201.633 ms - -[0m
[0mGET /produit/1694963670960arr1.jpg [36m304 [0m31.833 ms - -[0m
[0mGET /produit/1694961004938bas1.jpg [36m304 [0m26.504 ms - -[0m
[0mGET /produit/1694960004108ARR4.jpg [36m304 [0m25.228 ms - -[0m
[0mGET /api/category/main/list [36m304 [0m212.648 ms - -[0m
[0mGET /api/category/sub-category/list [36m304 [0m229.294 ms - -[0m
[0mGET /api/category/child-category/list [36m304 [0m56.871 ms - -[0m
[0mGET /api/product/getAllGroceryStaple [31m500 [0m885.017 ms - 2154[0m
[0mGET /api/product/getAllGroceryStaple [31m500 [0m60.895 ms - 2154[0m
[0mGET /api/product/getAllGroceryStaple [31m500 [0m41.268 ms - 2154[0m
[0mGET /api/category/main/list [36m304 [0m121.339 ms - -[0m
[0mOPTIONS /api/category/create [32m204 [0m12.176 ms - 0[0m
[0mPOST /api/category/create [32m200 [0m1637.877 ms - 55[0m
[0mGET /api/category/main/list [32m200 [0m14.046 ms - 624[0m
[0mOPTIONS /api/category/create [32m204 [0m6.122 ms - 0[0m
[0mPOST /api/category/create [32m200 [0m156.493 ms - 55[0m
[0mGET /api/category/main/list [32m200 [0m122.935 ms - 753[0m
[0mOPTIONS /api/category/create [32m204 [0m9.142 ms - 0[0m
[0mPOST /api/category/create [32m200 [0m244.142 ms - 55[0m
[0mGET /api/category/main/list [32m200 [0m37.340 ms - 882[0m
[0mGET /api/category/main/list [36m304 [0m266.854 ms - -[0m
[0mGET /api/category/sub-category/list [36m304 [0m261.533 ms - -[0m
[0mGET /api/category/child-category/list [36m304 [0m284.267 ms - -[0m
[0mGET /api/category/main/list [36m304 [0m42.769 ms - -[0m
[0mGET /api/category/sub-category/list [36m304 [0m64.043 ms - -[0m
[0mOPTIONS /api/category/sub-category/create [32m204 [0m4.707 ms - 0[0m
[0mPOST /api/category/sub-category/create [32m200 [0m709.758 ms - 55[0m
[0mGET /api/category/main/list [36m304 [0m51.184 ms - -[0m
[0mGET /api/category/sub-category/list [32m200 [0m173.696 ms - 2338[0m
[0mGET /api/category/sub-category/list [32m200 [0m68.433 ms - 186[0m
[0mGET /api/category/main/list [32m200 [0m68.945 ms - 410[0m
[0mOPTIONS /api/category/sub-category/create [32m204 [0m4.410 ms - 0[0m
[0mPOST /api/category/sub-category/create [32m200 [0m235.457 ms - 55[0m
[0mGET /api/category/main/list [36m304 [0m54.323 ms - -[0m
[0mGET /api/category/sub-category/list [32m200 [0m63.303 ms - 343[0m
[0mGET /api/category/main/list [36m304 [0m21.482 ms - -[0m
[0mOPTIONS /api/category/create [32m204 [0m6.346 ms - 0[0m
[0mPOST /api/category/create [32m200 [0m175.379 ms - 55[0m
[0mGET /api/category/main/list [32m200 [0m32.136 ms - 537[0m
[0mGET /api/category/main/list [36m304 [0m228.304 ms - -[0m
[0mGET /api/category/sub-category/list [36m304 [0m116.594 ms - -[0m
[0mOPTIONS /api/category/sub-category/create [32m204 [0m3.751 ms - 0[0m
[0mPOST /api/category/sub-category/create [32m200 [0m152.277 ms - 55[0m
[0mGET /api/category/main/list [36m304 [0m62.399 ms - -[0m
[0mGET /api/category/sub-category/list [32m200 [0m61.813 ms - 498[0m
[0mGET /api/category/main/list [36m304 [0m133.870 ms - -[0m
[0mGET /api/category/sub-category/list [36m304 [0m232.957 ms - -[0m
[0mGET /api/category/child-category/list [32m200 [0m210.978 ms - 467[0m
[0mGET /api/category/sub-list?categoryId=10 [32m200 [0m161.992 ms - 182[0m
[0mOPTIONS /api/category/child-category/create [32m204 [0m91.692 ms - 0[0m
[0mPOST /api/category/child-category/create [32m200 [0m149.980 ms - 60[0m
[0mGET /api/category/child-category/list [32m200 [0m36.271 ms - 194[0m
[0mGET /api/category/sub-list?categoryId=12 [32m200 [0m43.304 ms - 26[0m
[0mGET /api/category/sub-list?categoryId=10 [36m304 [0m854.904 ms - -[0m
[0mOPTIONS /api/category/child-category/create [32m204 [0m5.438 ms - 0[0m
[0mPOST /api/category/child-category/create [32m200 [0m171.302 ms - 60[0m
[0mGET /api/category/child-category/list [32m200 [0m33.597 ms - 364[0m
[0mGET /api/category/main/list [36m304 [0m166.908 ms - -[0m
[0mGET /api/category/sub-category/list [36m304 [0m241.050 ms - -[0m
[0mGET /api/category/child-category/list [36m304 [0m233.098 ms - -[0m
[0mPOST /api/product/create [32m200 [0m651.574 ms - 54[0m
[0mGET /api/product/getAllproduct [32m200 [0m93.731 ms - 406[0m
[0mGET /produit/1695057529206img-15.jpg [32m200 [0m10.680 ms - 7100[0m
[0mGET /api/category/main/list [36m304 [0m60.329 ms - -[0m
[0mGET /api/category/sub-category/list [36m304 [0m66.346 ms - -[0m
[0mGET /api/category/child-category/list [36m304 [0m74.520 ms - -[0m
[0mPOST /api/product/create [32m200 [0m556.248 ms - 54[0m
[0mGET /api/product/getAllproduct [32m200 [0m18.348 ms - 781[0m
[0mGET /produit/1695057529206img-15.jpg [36m304 [0m7.360 ms - -[0m
[0mGET /produit/1695057620846big-1.jpg [32m200 [0m12.261 ms - 50084[0m
[0mGET /api/category/main/list [36m304 [0m63.189 ms - -[0m
[0mGET /api/category/sub-category/list [36m304 [0m69.139 ms - -[0m
[0mGET /api/category/child-category/list [36m304 [0m71.014 ms - -[0m
[0mPOST /api/product/create [32m200 [0m389.302 ms - 54[0m
[0mGET /api/product/getAllproduct [32m200 [0m29.636 ms - 1141[0m
[0mGET /produit/1695057620846big-1.jpg [36m304 [0m13.142 ms - -[0m
[0mGET /produit/1695057529206img-15.jpg [36m304 [0m11.060 ms - -[0m
[0mGET /produit/1695057678292img-8.jpg [32m200 [0m8.726 ms - 7293[0m
[0mGET /api/category/main/list [36m304 [0m151.689 ms - -[0m
[0mGET /api/category/sub-category/list [36m304 [0m60.869 ms - -[0m
[0mGET /api/category/child-category/list [36m304 [0m52.840 ms - -[0m
[0mPOST /api/product/create [32m200 [0m361.977 ms - 54[0m
[0mGET /api/product/getAllproduct [32m200 [0m41.725 ms - 1509[0m
[0mGET /produit/1695057678292img-8.jpg [36m304 [0m8.892 ms - -[0m
[0mGET /produit/1695057620846big-1.jpg [36m304 [0m9.706 ms - -[0m
[0mGET /produit/1695057529206img-15.jpg [36m304 [0m8.251 ms - -[0m
[0mGET /produit/1695057725821img-14.jpg [32m200 [0m7.717 ms - 12153[0m
[0mGET /api/category/main/list [36m304 [0m59.950 ms - -[0m
[0mGET /api/category/child-category/list [36m304 [0m49.641 ms - -[0m
[0mGET /api/category/sub-category/list [36m304 [0m87.174 ms - -[0m
[0mGET /api/product/getAllGroceryStaple [31m500 [0m63.495 ms - 2154[0m
[0mGET /api/product/getAllGroceryStaple [31m500 [0m34.505 ms - 2154[0m
[0mGET /api/product/getAllGroceryStaple [31m500 [0m70.665 ms - 2154[0m
[0mGET /api/product/getAllGroceryStaple [31m500 [0m101.477 ms - 2154[0m
[0mGET /api/product/getAllGroceryStaple [31m500 [0m631.938 ms - 34[0m
[0mGET /api/product/getAllproduct [32m200 [0m261.420 ms - 1509[0m
[0mGET /api/product/getAllproduct [32m200 [0m363.057 ms - 1509[0m
[0mGET /api/product/getAllGroceryStaple [31m500 [0m56.993 ms - 34[0m
[0mGET /api/product/getAllproduct [36m304 [0m50.578 ms - -[0m
[0mGET /produit/1695057678292img-8.jpg [36m304 [0m25.923 ms - -[0m
[0mGET /produit/1695057725821img-14.jpg [36m304 [0m48.646 ms - -[0m
[0mGET /produit/1695057620846big-1.jpg [36m304 [0m53.062 ms - -[0m
[0mGET /produit/1695057529206img-15.jpg [36m304 [0m17.535 ms - -[0m
[0mGET /api/product/getAllGroceryStaple [31m500 [0m138.130 ms - 2154[0m
[0mGET /api/product/getAllGroceryStaple [31m500 [0m46.270 ms - 34[0m
[0mGET /api/category/main/list [36m304 [0m47.816 ms - -[0m
[0mOPTIONS /api/category/create [32m204 [0m6.782 ms - 0[0m
[0mPOST /api/category/create [32m200 [0m450.822 ms - 55[0m
[0mGET /api/category/main/list [32m200 [0m88.059 ms - 661[0m
[0mOPTIONS /api/category/create [32m204 [0m5.560 ms - 0[0m
[0mPOST /api/category/create [32m200 [0m225.529 ms - 55[0m
[0mGET /api/category/main/list [32m200 [0m18.860 ms - 662[0m
[0mOPTIONS /api/category/create [32m204 [0m5.878 ms - 0[0m
[0mPOST /api/category/create [32m200 [0m332.233 ms - 55[0m
[0mGET /api/category/main/list [32m200 [0m18.771 ms - 663[0m
[0mGET /api/category/sub-category/list [36m304 [0m145.894 ms - -[0m
[0mGET /api/category/main/list [36m304 [0m286.823 ms - -[0m
[0mGET /api/category/child-category/list [36m304 [0m293.310 ms - -[0m
[0mPOST /api/product/create [32m200 [0m754.095 ms - 54[0m
[0mGET /api/product/getAllproduct [32m200 [0m594.168 ms - 1869[0m
[0mGET /produit/1695057725821img-14.jpg [36m304 [0m54.336 ms - -[0m
[0mGET /produit/1695057678292img-8.jpg [36m304 [0m56.704 ms - -[0m
[0mGET /produit/1695057620846big-1.jpg [36m304 [0m61.265 ms - -[0m
[0mGET /produit/1695057529206img-15.jpg [36m304 [0m36.664 ms - -[0m
[0mGET /produit/1695063570136big-4.jpg [32m200 [0m144.454 ms - 71622[0m
[0mGET /api/product/getAllGroceryStaple [31m500 [0m243.035 ms - 34[0m
[0mGET /api/product/getAllGroceryStaple [31m500 [0m279.863 ms - 34[0m
[0mGET /api/product/getAllGroceryStaple [32m200 [0m349.584 ms - 1869[0m
[0mGET /api/product/getAllGroceryStaple [32m200 [0m81.416 ms - 1869[0m
[0mGET /api/product/getAllGroceryStaple [36m304 [0m46.572 ms - -[0m
[0mGET /api/product/getAllGroceryStaple [36m304 [0m22.121 ms - -[0m
[0mGET /api/product/getAllGroceryStaple [36m304 [0m23.505 ms - -[0m
[0mGET /api/product/getAllGroceryStaple [36m304 [0m27.175 ms - -[0m
[0mGET /api/product/getAllGroceryStaple [36m304 [0m53.103 ms - -[0m
[0mGET /api/product/getAllGroceryStaple [36m304 [0m30.372 ms - -[0m
[0mGET /api/product/getAllGroceryStaple [36m304 [0m24.211 ms - -[0m
[0mGET /api/product/getAllGroceryStaple [36m304 [0m41.508 ms - -[0m
[0mGET /api/product/getAllGroceryStaple [36m304 [0m46.105 ms - -[0m
[0mGET /api/product/getAllGroceryStaple [36m304 [0m23.113 ms - -[0m
[0mGET /api/product/getAllGroceryStaple [36m304 [0m27.309 ms - -[0m
[0mGET /api/product/getAllGroceryStaple [36m304 [0m40.738 ms - -[0m
[0mGET /api/product/getAllGroceryStaple [36m304 [0m26.111 ms - -[0m
[0mGET /api/product/getAllGroceryStaple [36m304 [0m42.894 ms - -[0m
[0mGET /api/product/getAllGroceryStaple [36m304 [0m28.280 ms - -[0m
[0mGET /api/product/getAllGroceryStaple [36m304 [0m38.871 ms - -[0m
[0mGET /api/product/getAllGroceryStaple [36m304 [0m21.276 ms - -[0m
[0mGET /api/product/getAllGroceryStaple [36m304 [0m20.144 ms - -[0m
[0mGET /api/product/getAllGroceryStaple [36m304 [0m45.091 ms - -[0m
[0mGET /api/product/getAllGroceryStaple [36m304 [0m24.178 ms - -[0m
[0mGET /api/product/getAllGroceryStaple [36m304 [0m26.734 ms - -[0m
[0mGET /api/product/getAllGroceryStaple [36m304 [0m43.235 ms - -[0m
[0mGET /api/product/getAllGroceryStaple [36m304 [0m56.421 ms - -[0m
[0mGET /api/product/getAllGroceryStaple [36m304 [0m50.109 ms - -[0m
[0mGET /api/product/getAllGroceryStaple [36m304 [0m60.809 ms - -[0m
[0mGET /api/product/getAllGroceryStaple [36m304 [0m70.454 ms - -[0m
[0mGET /api/product/getAllGroceryStaple [36m304 [0m41.078 ms - -[0m
[0mGET /api/product/getAllGroceryStaple [36m304 [0m26.410 ms - -[0m
[0mGET /api/product/getAllGroceryStaple [36m304 [0m67.142 ms - -[0m
[0mGET /api/product/getAllGroceryStaple [36m304 [0m41.765 ms - -[0m
[0mGET /api/product/getAllGroceryStaple [36m304 [0m27.597 ms - -[0m
[0mGET /api/product/getAllGroceryStaple [36m304 [0m204.459 ms - -[0m
[0mGET /api/product/getAllGroceryStaple [36m304 [0m45.851 ms - -[0m
[0mGET /api/product/getAllGroceryStaple [36m304 [0m119.035 ms - -[0m
[0mGET /api/product/getAllGroceryStaple [36m304 [0m168.078 ms - -[0m
[0mGET /api/product/getAllGroceryStaple [36m304 [0m138.450 ms - -[0m
[0mGET /api/product/getAllGroceryStaple [36m304 [0m54.619 ms - -[0m
[0mGET /api/product/getAllGroceryStaple [0m- [0m- ms - -[0m
[0mGET /api/product/getAllGroceryStaple [32m200 [0m124.630 ms - 1869[0m
[0mGET /api/product/getAllGroceryStaple [36m304 [0m54.315 ms - -[0m
[0mGET /api/product/getAllGroceryStaple [36m304 [0m70.264 ms - -[0m
[0mGET /api/product/getAllGroceryStaple [36m304 [0m211.133 ms - -[0m
[0mGET /api/product/getAllGroceryStaple [36m304 [0m53.858 ms - -[0m
[0mGET /api/product/getAllGroceryStaple [36m304 [0m194.684 ms - -[0m
[0mGET /api/product/getAllGroceryStaple [36m304 [0m107.287 ms - -[0m
[0mGET /api/product/getAllGroceryStaple [36m304 [0m243.089 ms - -[0m
[0mGET /api/product/getAllGroceryStaple [36m304 [0m116.653 ms - -[0m
[0mGET /api/product/getAllGroceryStaple [36m304 [0m46.213 ms - -[0m
[0mGET /api/product/getAllGroceryStaple [36m304 [0m25.427 ms - -[0m
[0mGET /api/product/getAllGroceryStaple [36m304 [0m52.724 ms - -[0m
