[0mGET /api/customer/getUserByEmailId?email=abalo@gmail.com [36m304 [0m221.804 ms - -[0m
[0mGET /api/customer/getUserByEmailId?email=abalo@gmail.com [36m304 [0m2967.506 ms - -[0m
[0mGET /api/customer/getUserByEmailId?email=abalo@gmail.com [36m304 [0m416.751 ms - -[0m
[0mGET /api/customer/getUserByEmailId?email=abalo@gmail.com [36m304 [0m663.822 ms - -[0m
[0mGET /api/customer/getUserByEmailId?email=abalo@gmail.com [36m304 [0m151.135 ms - -[0m
[0mGET /api/customer/getUserByEmailId?email=abalo@gmail.com [36m304 [0m2670.388 ms - -[0m
[0mGET /api/category/main/list [32m200 [0m912.572 ms - 696[0m
[0mGET /produit/1696998821128ARR5.jpg [32m200 [0m205.391 ms - 3588[0m
[0mGET /produit/1695989675538cas.jpg [32m200 [0m206.329 ms - 3513[0m
[0mGET /produit/1695989601836C2.jpg [32m200 [0m218.399 ms - 8412[0m
[0mGET /produit/1695989763210acc1.jpg [32m200 [0m215.645 ms - 7482[0m
[0mOPTIONS /api/customer/login [32m204 [0m3.474 ms - 0[0m
[0mPOST /api/customer/login [32m200 [0m487.525 ms - 196[0m
[0mGET /api/customer/getUserByEmailId?email=abalo@gmail.com [32m200 [0m149.184 ms - 1143[0m
[0mGET /api/customer/getUserByEmailId?email=abalo@gmail.com [36m304 [0m15.268 ms - -[0m
[0mGET /produit/1695941364451ENSY.jpg [32m200 [0m208.865 ms - 8789[0m
[0mGET /api/customer/getUserByEmailId?email=abalo@gmail.com [36m304 [0m22.649 ms - -[0m
[0mGET /api/customer/getUserByEmailId?email=abalo@gmail.com [36m304 [0m23.190 ms - -[0m
[0mGET /api/customer/getUserByEmailId?email=abalo@gmail.com [36m304 [0m22.071 ms - -[0m
[0mGET /api/customer/getUserByEmailId?email=abalo@gmail.com [36m304 [0m27.333 ms - -[0m
[0mGET /api/customer/getUserByEmailId?email=abalo@gmail.com [36m304 [0m22.518 ms - -[0m
[0mGET /api/customer/getUserByEmailId?email=abalo@gmail.com [36m304 [0m36.724 ms - -[0m
[0mGET /api/order/orderByid?id=12 [32m200 [0m89.201 ms - 512[0m
[0mGET /produit/1697602015493TS3.jpg [32m200 [0m58.271 ms - 2846[0m
[0mGET /produit/1697602143219ENST.jpg [32m200 [0m92.280 ms - 4600[0m
[0mGET /api/customer/getUserByEmailId?email=abalo@gmail.com [36m304 [0m26.587 ms - -[0m
[0mGET /api/customer/getUserByEmailId?email=abalo@gmail.com [36m304 [0m22.569 ms - -[0m
[0mGET /api/order/orderByid?id=12 [36m304 [0m19.749 ms - -[0m
[0mGET /api/customer/getUserByEmailId?email=abalo@gmail.com [36m304 [0m19.140 ms - -[0m
[0mGET /api/customer/getUserByEmailId?email=abalo@gmail.com [36m304 [0m22.191 ms - -[0m
[0mGET /api/order/orderByid?id=12 [36m304 [0m10.441 ms - -[0m
[0mGET /api/customer/getUserByEmailId?email=abalo@gmail.com [36m304 [0m30.796 ms - -[0m
[0mGET /api/customer/getUserByEmailId?email=abalo@gmail.com [36m304 [0m58.760 ms - -[0m
[0mGET /api/order/orderByid?id=12 [36m304 [0m57.662 ms - -[0m
[0mGET /api/category/main/list [32m200 [0m3275.315 ms - 696[0m
[0mGET /produit/1695989601836C2.jpg [32m200 [0m348.689 ms - 8412[0m
[0mGET /produit/1696998821128ARR5.jpg [32m200 [0m359.149 ms - 3588[0m
[0mGET /produit/1695989675538cas.jpg [32m200 [0m47.031 ms - 3513[0m
[0mGET /produit/1695989763210acc1.jpg [32m200 [0m31.406 ms - 7482[0m
[0mOPTIONS /api/customer/login [32m204 [0m3.175 ms - 0[0m
[0mPOST /api/customer/login [32m200 [0m492.133 ms - 196[0m
[0mGET /api/customer/getUserByEmailId?email=abalo@gmail.com [32m200 [0m539.195 ms - 1143[0m
[0mGET /api/customer/getUserByEmailId?email=abalo@gmail.com [36m304 [0m19.539 ms - -[0m
[0mGET /produit/1695941364451ENSY.jpg [32m200 [0m266.948 ms - 8789[0m
[0mGET /api/customer/getUserByEmailId?email=abalo@gmail.com [36m304 [0m24.224 ms - -[0m
[0mGET /api/customer/getUserByEmailId?email=abalo@gmail.com [36m304 [0m24.748 ms - -[0m
[0mGET /api/customer/getUserByEmailId?email=abalo@gmail.com [36m304 [0m14.460 ms - -[0m
[0mGET /api/customer/getUserByEmailId?email=abalo@gmail.com [36m304 [0m32.254 ms - -[0m
[0mGET /api/customer/getUserByEmailId?email=abalo@gmail.com [36m304 [0m22.445 ms - -[0m
[0mGET /api/customer/getUserByEmailId?email=abalo@gmail.com [36m304 [0m148.665 ms - -[0m
[0mGET /api/customer/getUserByEmailId?email=abalo@gmail.com [36m304 [0m171.779 ms - -[0m
[0mGET /api/customer/getUserByEmailId?email=abalo@gmail.com [36m304 [0m252.155 ms - -[0m
[0mGET /api/customer/getUserByEmailId?email=abalo@gmail.com [36m304 [0m33.384 ms - -[0m
[0mGET /api/customer/getUserByEmailId?email=abalo@gmail.com [36m304 [0m190.500 ms - -[0m
[0mGET /api/customer/getUserByEmailId?email=abalo@gmail.com [36m304 [0m106.660 ms - -[0m
[0mGET /api/customer/getUserByEmailId?email=abalo@gmail.com [36m304 [0m143.238 ms - -[0m
[0mGET /api/customer/getUserByEmailId?email=abalo@gmail.com [36m304 [0m67.250 ms - -[0m
[0mGET /api/customer/getUserByEmailId?email=abalo@gmail.com [36m304 [0m48.984 ms - -[0m
[0mGET /api/customer/getUserByEmailId?email=abalo@gmail.com [36m304 [0m37.099 ms - -[0m
[0mGET /api/customer/getUserByEmailId?email=abalo@gmail.com [36m304 [0m103.588 ms - -[0m
[0mGET /api/customer/getUserByEmailId?email=abalo@gmail.com [36m304 [0m47.239 ms - -[0m
[0mGET /api/customer/getUserByEmailId?email=abalo@gmail.com [36m304 [0m104.056 ms - -[0m
[0mGET /api/customer/getUserByEmailId?email=abalo@gmail.com [36m304 [0m267.272 ms - -[0m
[0mGET /api/customer/getUserByEmailId?email=abalo@gmail.com [36m304 [0m48.991 ms - -[0m
[0mGET /api/customer/getUserByEmailId?email=abalo@gmail.com [36m304 [0m106.162 ms - -[0m
[0mPOST /commercial/registercom [33m404 [0m1168.075 ms - 28[0m
[0mGET /category/main/list [33m404 [0m122.106 ms - 28[0m
[0mGET /category/main/list [33m404 [0m113.745 ms - 28[0m
[0mPOST /commercial/registercom [33m404 [0m25.537 ms - 28[0m
[0mGET /api/customer/getUserByEmailId?email=abalo@gmail.com [36m304 [0m38.468 ms - -[0m
[0mGET /api/customer/getUserByEmailId?email=abalo@gmail.com [36m304 [0m111.608 ms - -[0m
[0mGET /api/customer/getUserByEmailId?email=abalo@gmail.com [36m304 [0m49.799 ms - -[0m
[0mGET /api/category/main/list [36m304 [0m781.959 ms - -[0m
[0mGET /produit/1695989601836C2.jpg [36m304 [0m402.707 ms - -[0m
[0mGET /produit/1695989675538cas.jpg [36m304 [0m393.226 ms - -[0m
[0mGET /produit/1696998821128ARR5.jpg [36m304 [0m484.704 ms - -[0m
[0mGET /produit/1695989763210acc1.jpg [36m304 [0m320.596 ms - -[0m
[0mGET /api/customer/getUserByEmailId?email=abalo@gmail.com [36m304 [0m79.030 ms - -[0m
[0mGET /api/customer/getUserByEmailId?email=abalo@gmail.com [36m304 [0m30.049 ms - -[0m
[0mGET /api/customer/getUserByEmailId?email=abalo@gmail.com [36m304 [0m258.975 ms - -[0m
[0mGET /api/customer/getUserByEmailId?email=abalo@gmail.com [36m304 [0m60.135 ms - -[0m
[0mGET /api/customer/getUserByEmailId?email=abalo@gmail.com [36m304 [0m24.818 ms - -[0m
[0mGET /api/customer/getUserByEmailId?email=abalo@gmail.com [36m304 [0m40.805 ms - -[0m
[0mGET /api/customer/getUserByEmailId?email=abalo@gmail.com [36m304 [0m237.272 ms - -[0m
[0mGET /api/customer/getUserByEmailId?email=abalo@gmail.com [36m304 [0m197.486 ms - -[0m
[0mGET /api/customer/getUserByEmailId?email=abalo@gmail.com [36m304 [0m65.069 ms - -[0m
[0mGET /api/customer/getUserByEmailId?email=abalo@gmail.com [36m304 [0m90.067 ms - -[0m
[0mGET /api/customer/getUserByEmailId?email=abalo@gmail.com [36m304 [0m47.331 ms - -[0m
[0mGET /api/customer/getUserByEmailId?email=abalo@gmail.com [36m304 [0m9.621 ms - -[0m
[0mGET /api/customer/getUserByEmailId?email=abalo@gmail.com [36m304 [0m10.652 ms - -[0m
[0mGET /api/customer/getUserByEmailId?email=abalo@gmail.com [36m304 [0m276.997 ms - -[0m
[0mGET /api/customer/getUserByEmailId?email=abalo@gmail.com [36m304 [0m14.327 ms - -[0m
[0mGET /api/customer/getUserByEmailId?email=abalo@gmail.com [36m304 [0m1607.570 ms - -[0m
[0mGET /api/customer/getUserByEmailId?email=abalo@gmail.com [36m304 [0m26.733 ms - -[0m
[0mGET /api/customer/getUserByEmailId?email=abalo@gmail.com [36m304 [0m59.381 ms - -[0m
[0mGET /api/customer/getUserByEmailId?email=abalo@gmail.com [36m304 [0m62.293 ms - -[0m
[0mGET /api/customer/getUserByEmailId?email=abalo@gmail.com [36m304 [0m25.998 ms - -[0m
[0mGET /api/customer/getUserByEmailId?email=abalo@gmail.com [36m304 [0m36.189 ms - -[0m
[0mGET /api/customer/getUserByEmailId?email=abalo@gmail.com [36m304 [0m95.351 ms - -[0m
[0mGET /api/customer/getUserByEmailId?email=abalo@gmail.com [36m304 [0m15.066 ms - -[0m
[0mGET /api/customer/getUserByEmailId?email=abalo@gmail.com [36m304 [0m101.572 ms - -[0m
[0mGET /api/customer/getUserByEmailId?email=abalo@gmail.com [36m304 [0m172.623 ms - -[0m
[0mGET /api/customer/getUserByEmailId?email=abalo@gmail.com [36m304 [0m319.183 ms - -[0m
[0mGET /api/customer/getUserByEmailId?email=abalo@gmail.com [36m304 [0m45.636 ms - -[0m
[0mGET /api/customer/getUserByEmailId?email=abalo@gmail.com [36m304 [0m331.337 ms - -[0m
[0mGET /api/customer/getUserByEmailId?email=abalo@gmail.com [36m304 [0m181.933 ms - -[0m
[0mGET /api/customer/getUserByEmailId?email=abalo@gmail.com [36m304 [0m127.656 ms - -[0m
[0mGET /api/customer/getUserByEmailId?email=abalo@gmail.com [36m304 [0m39.006 ms - -[0m
[0mGET /api/customer/getUserByEmailId?email=abalo@gmail.com [36m304 [0m339.767 ms - -[0m
[0mGET /api/customer/getUserByEmailId?email=abalo@gmail.com [36m304 [0m172.113 ms - -[0m
[0mGET /api/customer/getUserByEmailId?email=abalo@gmail.com [36m304 [0m187.572 ms - -[0m
[0mGET /api/customer/getUserByEmailId?email=abalo@gmail.com [36m304 [0m115.391 ms - -[0m
[0mGET /api/customer/getUserByEmailId?email=abalo@gmail.com [36m304 [0m48.300 ms - -[0m
[0mGET /api/customer/getUserByEmailId?email=abalo@gmail.com [36m304 [0m19.224 ms - -[0m
[0mGET /api/customer/getUserByEmailId?email=abalo@gmail.com [36m304 [0m74.778 ms - -[0m
[0mGET /api/customer/getUserByEmailId?email=abalo@gmail.com [36m304 [0m78.897 ms - -[0m
[0mGET /api/customer/getUserByEmailId?email=abalo@gmail.com [36m304 [0m25.406 ms - -[0m
[0mGET /api/customer/getUserByEmailId?email=abalo@gmail.com [36m304 [0m806.054 ms - -[0m
[0mGET /api/customer/getUserByEmailId?email=abalo@gmail.com [36m304 [0m59.570 ms - -[0m
[0mGET /api/customer/getUserByEmailId?email=abalo@gmail.com [36m304 [0m75.700 ms - -[0m
[0mGET /api/customer/getUserByEmailId?email=abalo@gmail.com [36m304 [0m62.464 ms - -[0m
[0mGET /api/category/main/list [36m304 [0m116.023 ms - -[0m
[0mGET /produit/1696998821128ARR5.jpg [36m304 [0m173.777 ms - -[0m
[0mGET /produit/1695989601836C2.jpg [36m304 [0m171.984 ms - -[0m
[0mGET /produit/1695989675538cas.jpg [36m304 [0m159.210 ms - -[0m
[0mGET /produit/1695989763210acc1.jpg [36m304 [0m135.757 ms - -[0m
[0mGET /api/category/main/list [32m200 [0m302.160 ms - 696[0m
[0mGET /produit/1695989601836C2.jpg [32m200 [0m111.498 ms - 8412[0m
[0mGET /produit/1695989675538cas.jpg [32m200 [0m37.836 ms - 3513[0m
[0mGET /produit/1696998821128ARR5.jpg [32m200 [0m161.857 ms - 3588[0m
[0mGET /produit/1695989763210acc1.jpg [32m200 [0m16.451 ms - 7482[0m
[0mOPTIONS /api/customer/register [32m204 [0m9.577 ms - 0[0m
[0mPOST /api/customer/register [32m200 [0m1611.786 ms - 94[0m
[0mOPTIONS /api/customer/login [32m204 [0m6.956 ms - 0[0m
[0mPOST /api/customer/login [32m200 [0m1364.539 ms - 196[0m
[0mGET /api/customer/getUserByEmailId?email=papa@gmail.com [32m200 [0m185.066 ms - 298[0m
[0mGET /produit/1695941364451ENSY.jpg [32m200 [0m206.546 ms - 8789[0m
[0mGET /api/customer/getUserByEmailId?email=papa@gmail.com [36m304 [0m247.491 ms - -[0m
[0mGET /api/customer/getUserByEmailId?email=papa@gmail.com [36m304 [0m268.157 ms - -[0m
[0mGET /api/customer/getUserByEmailId?email=papa@gmail.com [36m304 [0m76.953 ms - -[0m
[0mGET /api/customer/getUserByEmailId?email=papa@gmail.com [36m304 [0m95.448 ms - -[0m
[0mGET /api/category/main/list [36m304 [0m219.463 ms - -[0m
[0mGET /produit/1696998821128ARR5.jpg [36m304 [0m60.006 ms - -[0m
[0mGET /produit/1695989601836C2.jpg [36m304 [0m52.895 ms - -[0m
[0mGET /produit/1695989675538cas.jpg [36m304 [0m46.884 ms - -[0m
[0mGET /produit/1695989763210acc1.jpg [36m304 [0m49.180 ms - -[0m
[0mOPTIONS /api/customer/login [32m204 [0m6.807 ms - 0[0m
[0mPOST /api/customer/login [32m200 [0m1322.766 ms - 196[0m
[0mGET /produit/1695941364451ENSY.jpg [36m304 [0m10.834 ms - -[0m
[0mGET /api/customer/getUserByEmailId?email=abalo@gmail.com [32m200 [0m83.446 ms - 1143[0m
[0mGET /api/customer/getUserByEmailId?email=abalo@gmail.com [36m304 [0m115.437 ms - -[0m
[0mGET /api/customer/getUserByEmailId?email=abalo@gmail.com [36m304 [0m101.623 ms - -[0m
[0mGET /api/customer/getUserByEmailId?email=abalo@gmail.com [36m304 [0m132.662 ms - -[0m
[0mGET /api/customer/getUserByEmailId?email=abalo@gmail.com [36m304 [0m173.874 ms - -[0m
[0mGET /api/customer/getUserByEmailId?email=abalo@gmail.com [36m304 [0m63.776 ms - -[0m
[0mGET /api/customer/getUserByEmailId?email=abalo@gmail.com [36m304 [0m77.630 ms - -[0m
[0mGET /api/customer/getUserByEmailId?email=abalo@gmail.com [36m304 [0m43.151 ms - -[0m
[0mGET /api/category/main/list [36m304 [0m48.573 ms - -[0m
[0mGET /api/customer/getUserByEmailId?email=abalo@gmail.com [36m304 [0m43.430 ms - -[0m
[0mGET /api/customer/getUserByEmailId?email=abalo@gmail.com [36m304 [0m45.122 ms - -[0m
[0mGET /api/customer/getUserByEmailId?email=abalo@gmail.com [36m304 [0m70.539 ms - -[0m
[0mGET /api/customer/getUserByEmailId?email=abalo@gmail.com [36m304 [0m98.026 ms - -[0m
[0mGET /api/customer/getUserByEmailId?email=abalo@gmail.com [36m304 [0m46.511 ms - -[0m
[0mOPTIONS /api/customer/registercom [32m204 [0m5.122 ms - 0[0m
[0mPOST /api/customer/registercom [31m500 [0m1362.717 ms - 34[0m
[0mOPTIONS /api/customer/registercom [32m204 [0m49.703 ms - 0[0m
[0mPOST /api/customer/registercom [31m500 [0m1856.343 ms - 34[0m
[0mOPTIONS /api/customer/registercom [32m204 [0m45.010 ms - 0[0m
[0mPOST /api/customer/registercom [31m500 [0m1861.634 ms - 34[0m
[0mOPTIONS /api/customer/registercom [32m204 [0m97.802 ms - 0[0m
[0mPOST /api/customer/registercom [32m200 [0m1579.666 ms - 63[0m
[0mOPTIONS /api/customer/registercom [32m204 [0m10.687 ms - 0[0m
[0mPOST /api/customer/registercom [32m200 [0m1361.478 ms - 65[0m
[0mOPTIONS /api/customer/registercom [32m204 [0m43.255 ms - 0[0m
[0mPOST /api/customer/registercom [32m200 [0m1722.965 ms - 65[0m
[0mGET /api/customer/getUserByEmailId?email=abalo@gmail.com [36m304 [0m253.990 ms - -[0m
[0mGET /api/customer/getUserByEmailId?email=abalo@gmail.com [36m304 [0m73.789 ms - -[0m
[0mOPTIONS /api/customer/registercom [32m204 [0m6.647 ms - 0[0m
[0mPOST /api/customer/registercom [32m200 [0m1735.434 ms - 63[0m
[0mGET /customer/registercom [33m404 [0m28.697 ms - 28[0m
[0mPOST /customer/registercom [33m404 [0m26.827 ms - 28[0m
[0mPOST /customer/registercom [33m404 [0m18.967 ms - 28[0m
[0mPOST /customer/registercom [33m404 [0m16.371 ms - 28[0m
[0mPOST /api/customer/registercom [32m200 [0m1341.040 ms - 64[0m
[0mPOST /api/customer/registercom [32m200 [0m1630.914 ms - 64[0m
[0mPOST /api/customer/register [32m200 [0m1372.059 ms - 95[0m
[0mPOST /api/customer/registercom [32m200 [0m1776.465 ms - 64[0m
[0mPOST /api/commercial/registercom [33m409 [0m1799.630 ms - 38[0m
[0mPOST /api/commercial/registercom [32m200 [0m1539.488 ms - 64[0m
[0mOPTIONS /api/customer/registercom [32m204 [0m11.021 ms - 0[0m
[0mPOST /api/customer/registercom [32m200 [0m1441.023 ms - 63[0m
[0mGET /api/customer/getUserByEmailId?email=abalo@gmail.com [36m304 [0m142.056 ms - -[0m
[0mGET /api/category/main/list [36m304 [0m144.138 ms - -[0m
[0mGET /api/customer/getUserByEmailId?email=abalo@gmail.com [36m304 [0m74.429 ms - -[0m
[0mGET /api/customer/getUserByEmailId?email=abalo@gmail.com [36m304 [0m41.335 ms - -[0m
[0mOPTIONS /api/commercial/registercom [32m204 [0m15.417 ms - 0[0m
[0mPOST /api/commercial/registercom [32m200 [0m1598.761 ms - 65[0m
[0mGET /api/customer/getUserByEmailId?email=abalo@gmail.com [36m304 [0m91.533 ms - -[0m
[0mGET /api/category/main/list [36m304 [0m125.619 ms - -[0m
[0mGET /api/customer/getUserByEmailId?email=abalo@gmail.com [36m304 [0m103.802 ms - -[0m
[0mGET /api/customer/getUserByEmailId?email=abalo@gmail.com [36m304 [0m40.099 ms - -[0m
[0mGET /api/customer/getUserByEmailId?email=abalo@gmail.com [36m304 [0m68.590 ms - -[0m
[0mGET /api/customer/getUserByEmailId?email=abalo@gmail.com [36m304 [0m86.134 ms - -[0m
[0mGET /api/customer/getUserByEmailId?email=abalo@gmail.com [36m304 [0m36.491 ms - -[0m
[0mOPTIONS /api/commercial/registercom [32m204 [0m7.356 ms - 0[0m
[0mPOST /api/commercial/registercom [32m200 [0m1547.749 ms - 67[0m
[0mGET /api/customer/getUserByEmailId?email=abalo@gmail.com [36m304 [0m65.121 ms - -[0m
[0mGET /api/category/main/list [36m304 [0m227.814 ms - -[0m
[0mGET /produit/1696998821128ARR5.jpg [36m304 [0m233.196 ms - -[0m
[0mGET /produit/1695989601836C2.jpg [36m304 [0m193.723 ms - -[0m
[0mGET /produit/1695989675538cas.jpg [36m304 [0m201.536 ms - -[0m
[0mGET /produit/1695989763210acc1.jpg [36m304 [0m203.756 ms - -[0m
[0mGET /api/customer/getUserByEmailId?email=abalo@gmail.com [36m304 [0m55.916 ms - -[0m
[0mGET /api/customer/getUserByEmailId?email=abalo@gmail.com [36m304 [0m79.934 ms - -[0m
[0mGET /api/customer/getUserByEmailId?email=abalo@gmail.com [36m304 [0m58.197 ms - -[0m
[0mGET /api/customer/getUserByEmailId?email=abalo@gmail.com [36m304 [0m159.593 ms - -[0m
[0mGET /api/customer/getUserByEmailId?email=abalo@gmail.com [36m304 [0m155.567 ms - -[0m
[0mGET /api/category/main/list [32m200 [0m333.933 ms - 696[0m
[0mGET /produit/1695989601836C2.jpg [32m200 [0m157.922 ms - 8412[0m
[0mGET /produit/1696998821128ARR5.jpg [32m200 [0m358.406 ms - 3588[0m
[0mGET /produit/1695989675538cas.jpg [32m200 [0m91.833 ms - 3513[0m
[0mGET /produit/1695989763210acc1.jpg [32m200 [0m82.129 ms - 7482[0m
[0mOPTIONS /api/customer/login [32m204 [0m13.473 ms - 0[0m
[0mPOST /api/customer/login [32m200 [0m1186.331 ms - 196[0m
[0mGET /api/customer/getUserByEmailId?email=abalo@gmail.com [32m200 [0m200.913 ms - 1143[0m
[0mGET /produit/1695941364451ENSY.jpg [32m200 [0m157.107 ms - 8789[0m
[0mGET /api/customer/getUserByEmailId?email=abalo@gmail.com [36m304 [0m151.671 ms - -[0m
[0mGET /api/customer/getUserByEmailId?email=abalo@gmail.com [36m304 [0m103.129 ms - -[0m
[0mGET /api/customer/getUserByEmailId?email=abalo@gmail.com [36m304 [0m69.594 ms - -[0m
[0mGET /api/customer/getUserByEmailId?email=abalo@gmail.com [36m304 [0m261.432 ms - -[0m
[0mGET /api/customer/getUserByEmailId?email=abalo@gmail.com [36m304 [0m79.171 ms - -[0m
[0mGET /api/customer/getUserByEmailId?email=abalo@gmail.com [36m304 [0m183.992 ms - -[0m
[0mGET /api/customer/getUserByEmailId?email=abalo@gmail.com [36m304 [0m58.654 ms - -[0m
[0mGET /api/customer/getUserByEmailId?email=abalo@gmail.com [36m304 [0m34.707 ms - -[0m
[0mGET /api/customer/getUserByEmailId?email=abalo@gmail.com [36m304 [0m78.669 ms - -[0m
[0mGET /api/customer/getUserByEmailId?email=abalo@gmail.com [36m304 [0m46.250 ms - -[0m
[0mGET /api/customer/getUserByEmailId?email=abalo@gmail.com [36m304 [0m48.679 ms - -[0m
[0mGET /api/customer/getUserByEmailId?email=abalo@gmail.com [36m304 [0m43.184 ms - -[0m
[0mOPTIONS /api/commercial/registercom [32m204 [0m4.458 ms - 0[0m
[0mPOST /api/commercial/registercom [32m200 [0m1117.195 ms - 64[0m
[0mGET /api/customer/getUserByEmailId?email=abalo@gmail.com [36m304 [0m52.577 ms - -[0m
[0mGET /api/customer/getUserByEmailId?email=abalo@gmail.com [36m304 [0m39.387 ms - -[0m
[0mGET /api/category/main/list [32m200 [0m1258.794 ms - 696[0m
[0mGET /produit/1696998821128ARR5.jpg [32m200 [0m249.212 ms - 3588[0m
[0mGET /produit/1695989675538cas.jpg [32m200 [0m228.146 ms - 3513[0m
[0mGET /produit/1695989601836C2.jpg [32m200 [0m248.771 ms - 8412[0m
[0mGET /produit/1695989763210acc1.jpg [32m200 [0m234.826 ms - 7482[0m
[0mGET /api/customer/getUserByEmailId?email=abalo@gmail.com [32m200 [0m563.408 ms - 1143[0m
[0mGET /api/customer/getUserByEmailId?email=abalo@gmail.com [36m304 [0m40.149 ms - -[0m
[0mGET /api/category/main/list [36m304 [0m25.418 ms - -[0m
[0mGET /produit/1696998821128ARR5.jpg [36m304 [0m24.080 ms - -[0m
[0mGET /produit/1695989601836C2.jpg [36m304 [0m36.652 ms - -[0m
[0mGET /produit/1695989675538cas.jpg [36m304 [0m31.882 ms - -[0m
[0mGET /produit/1695989763210acc1.jpg [36m304 [0m33.211 ms - -[0m
[0mOPTIONS /api/commercial/registercom [32m204 [0m25.110 ms - 0[0m
[0mPOST /api/commercial/registercom [32m200 [0m1756.790 ms - 64[0m
[0mGET /api/customer/getUserByEmailId?email=abalo@gmail.com [36m304 [0m79.628 ms - -[0m
[0mGET /api/customer/getUserByEmailId?email=abalo@gmail.com [36m304 [0m78.639 ms - -[0m
[0mGET /api/customer/getUserByEmailId?email=abalo@gmail.com [36m304 [0m72.032 ms - -[0m
[0mGET /api/customer/getUserByEmailId?email=abalo@gmail.com [36m304 [0m76.867 ms - -[0m
[0mGET /api/customer/getUserByEmailId?email=abalo@gmail.com [36m304 [0m95.012 ms - -[0m
[0mGET /api/customer/getUserByEmailId?email=abalo@gmail.com [36m304 [0m177.213 ms - -[0m
[0mOPTIONS /api/commercial/registercom [32m204 [0m7.570 ms - 0[0m
[0mPOST /api/commercial/registercom [32m200 [0m1525.762 ms - 65[0m
[0mGET /api/customer/getUserByEmailId?email=abalo@gmail.com [36m304 [0m62.096 ms - -[0m
[0mGET /api/customer/getUserByEmailId?email=abalo@gmail.com [36m304 [0m812.605 ms - -[0m
[0mGET /api/category/main/list [36m304 [0m85.310 ms - -[0m
[0mGET /produit/1696998821128ARR5.jpg [36m304 [0m72.578 ms - -[0m
[0mGET /produit/1695989601836C2.jpg [36m304 [0m62.915 ms - -[0m
[0mGET /produit/1695989675538cas.jpg [36m304 [0m52.074 ms - -[0m
[0mGET /produit/1695989763210acc1.jpg [36m304 [0m52.077 ms - -[0m
[0mGET /api/customer/getUserByEmailId?email=abalo@gmail.com [36m304 [0m143.417 ms - -[0m
[0mGET /api/customer/getUserByEmailId?email=abalo@gmail.com [36m304 [0m244.550 ms - -[0m
[0mGET /api/customer/getUserByEmailId?email=abalo@gmail.com [36m304 [0m142.758 ms - -[0m
[0mGET /api/customer/getUserByEmailId?email=abalo@gmail.com [36m304 [0m76.507 ms - -[0m
[0mGET /api/customer/getUserByEmailId?email=abalo@gmail.com [36m304 [0m154.949 ms - -[0m
[0mOPTIONS /api/commercial/registercom [32m204 [0m8.288 ms - 0[0m
[0mPOST /api/commercial/registercom [32m200 [0m1650.632 ms - 65[0m
[0mGET /api/customer/getUserByEmailId?email=abalo@gmail.com [36m304 [0m70.855 ms - -[0m
[0mGET /api/customer/getUserByEmailId?email=abalo@gmail.com [36m304 [0m148.839 ms - -[0m
[0mGET /api/customer/getUserByEmailId?email=abalo@gmail.com [36m304 [0m245.231 ms - -[0m
[0mGET /api/customer/getUserByEmailId?email=abalo@gmail.com [36m304 [0m79.838 ms - -[0m
[0mGET /api/customer/getUserByEmailId?email=abalo@gmail.com [36m304 [0m64.136 ms - -[0m
[0mGET /api/customer/getUserByEmailId?email=abalo@gmail.com [36m304 [0m288.960 ms - -[0m
[0mOPTIONS /api/commercial/registercom [32m204 [0m5.084 ms - 0[0m
[0mPOST /api/commercial/registercom [32m200 [0m1378.571 ms - 67[0m
[0mGET /api/customer/getUserByEmailId?email=abalo@gmail.com [36m304 [0m53.334 ms - -[0m
[0mGET /api/customer/getUserByEmailId?email=abalo@gmail.com [36m304 [0m796.711 ms - -[0m
[0mGET /api/customer/getUserByEmailId?email=abalo@gmail.com [36m304 [0m84.232 ms - -[0m
[0mGET /api/customer/getUserByEmailId?email=abalo@gmail.com [36m304 [0m184.659 ms - -[0m
[0mGET /api/customer/getUserByEmailId?email=abalo@gmail.com [36m304 [0m228.546 ms - -[0m
[0mGET /api/customer/getUserByEmailId?email=abalo@gmail.com [36m304 [0m81.019 ms - -[0m
[0mGET /api/category/main/list [36m304 [0m50.229 ms - -[0m
[0mGET /produit/1696998821128ARR5.jpg [36m304 [0m47.471 ms - -[0m
[0mGET /produit/1695989601836C2.jpg [36m304 [0m48.175 ms - -[0m
[0mGET /produit/1695989675538cas.jpg [36m304 [0m32.757 ms - -[0m
[0mGET /produit/1695989763210acc1.jpg [36m304 [0m24.893 ms - -[0m
[0mOPTIONS /api/commercial/registercom [32m204 [0m11.968 ms - 0[0m
[0mPOST /api/commercial/registercom [33m409 [0m1536.190 ms - 44[0m
[0mOPTIONS /api/commercial/registercom [32m204 [0m14.876 ms - 0[0m
[0mPOST /api/commercial/registercom [32m200 [0m1339.865 ms - 63[0m
[0mGET /api/customer/getUserByEmailId?email=abalo@gmail.com [36m304 [0m446.577 ms - -[0m
[0mGET /api/customer/getUserByEmailId?email=abalo@gmail.com [36m304 [0m242.070 ms - -[0m
[0mGET /api/category/main/list [36m304 [0m170.568 ms - -[0m
[0mGET /api/customer/getUserByEmailId?email=abalo@gmail.com [36m304 [0m73.417 ms - -[0m
[0mGET /api/customer/getUserByEmailId?email=abalo@gmail.com [36m304 [0m74.951 ms - -[0m
[0mGET /api/customer/getUserByEmailId?email=abalo@gmail.com [36m304 [0m232.036 ms - -[0m
[0mGET /api/customer/getUserByEmailId?email=abalo@gmail.com [36m304 [0m100.041 ms - -[0m
[0mGET /api/customer/getUserByEmailId?email=abalo@gmail.com [36m304 [0m87.102 ms - -[0m
[0mOPTIONS /api/commercial/registercom [32m204 [0m7.265 ms - 0[0m
[0mPOST /api/commercial/registercom [32m200 [0m1603.769 ms - 65[0m
[0mGET /api/customer/getUserByEmailId?email=abalo@gmail.com [36m304 [0m63.205 ms - -[0m
[0mGET /api/customer/getUserByEmailId?email=abalo@gmail.com [36m304 [0m69.747 ms - -[0m
[0mGET /api/customer/getUserByEmailId?email=abalo@gmail.com [36m304 [0m47.536 ms - -[0m
[0mGET /api/customer/getUserByEmailId?email=abalo@gmail.com [36m304 [0m70.893 ms - -[0m
[0mOPTIONS /api/commercial/login [32m204 [0m9.264 ms - 0[0m
[0mPOST /api/commercial/login [33m404 [0m23.805 ms - 28[0m
[0mGET /api/customer/getUserByEmailId?email=abalo@gmail.com [36m304 [0m29.967 ms - -[0m
[0mGET /api/category/main/list [36m304 [0m14.848 ms - -[0m
[0mGET /api/customer/getUserByEmailId?email=abalo@gmail.com [36m304 [0m44.911 ms - -[0m
[0mOPTIONS /api/commercial/logincom [32m204 [0m4.795 ms - 0[0m
[0mPOST /api/commercial/logincom [32m200 [0m1149.216 ms - 195[0m
[0mGET /api/customer/getUserByEmailId?email=abalo@gmail.com [36m304 [0m54.322 ms - -[0m
[0mGET /api/category/main/list [32m200 [0m263.403 ms - 696[0m
[0mGET /produit/1696998821128ARR5.jpg [32m200 [0m293.904 ms - 3588[0m
[0mGET /produit/1695989601836C2.jpg [32m200 [0m290.907 ms - 8412[0m
[0mGET /produit/1695989763210acc1.jpg [32m200 [0m16.628 ms - 7482[0m
[0mGET /produit/1695989675538cas.jpg [32m200 [0m74.415 ms - 3513[0m
[0mGET /api/category/cn/list?name=VETEMENTS [32m200 [0m607.497 ms - 1606[0m
[0mGET /api/product/list/VETEMENTS [32m200 [0m425.741 ms - 2133[0m
[0mGET /produit/1695754196334ENST.jpg [32m200 [0m116.616 ms - 4600[0m
[0mGET /produit/1695752820497e3.jpg [32m200 [0m99.621 ms - 7440[0m
[0mGET /produit/1695754614263T1.jpg [32m200 [0m125.993 ms - 9012[0m
[0mGET /produit/1695747027807TS1.jpg [32m200 [0m122.152 ms - 4327[0m
[0mGET /produit/1696448643139ARR3.jpg [32m200 [0m124.758 ms - 3465[0m
[0mGET /api/category/main/list [36m304 [0m143.934 ms - -[0m
[0mGET /produit/1696998821128ARR5.jpg [36m304 [0m45.539 ms - -[0m
[0mGET /produit/1695989601836C2.jpg [36m304 [0m59.824 ms - -[0m
[0mGET /produit/1695989675538cas.jpg [36m304 [0m52.547 ms - -[0m
[0mGET /produit/1695989763210acc1.jpg [36m304 [0m51.173 ms - -[0m
[0mGET /produit/1695941364451ENSY.jpg [32m200 [0m75.666 ms - 8789[0m
[0mGET /api/category/main/list [36m304 [0m34.692 ms - -[0m
[0mGET /api/category/cn/list?name=VETEMENTS [36m304 [0m67.148 ms - -[0m
[0mGET /api/product/list/VETEMENTS [36m304 [0m113.662 ms - -[0m
[0mGET /produit/1695754196334ENST.jpg [36m304 [0m35.096 ms - -[0m
[0mGET /produit/1695754614263T1.jpg [36m304 [0m31.699 ms - -[0m
[0mGET /produit/1695747027807TS1.jpg [36m304 [0m30.108 ms - -[0m
[0mGET /produit/1695752820497e3.jpg [36m304 [0m27.389 ms - -[0m
[0mGET /produit/1696448643139ARR3.jpg [36m304 [0m26.910 ms - -[0m
[0mGET /api/product/getWebProductById?id=5 [32m200 [0m478.151 ms - 610[0m
[0mGET /api/product/similar?chilCategoryId=2 [32m200 [0m38.675 ms - 691[0m
[0mGET /produit/1695941364451ENSY.jpg [36m304 [0m7.482 ms - -[0m
[0mGET /produit/1697602143219ENST.jpg [32m200 [0m125.486 ms - 4600[0m
[0mGET /produit/1697602231904CH4.jpg [32m200 [0m653.553 ms - 7684[0m
[0mGET /api/product/getWebProductById?id=5 [32m200 [0m46.925 ms - 610[0m
[0mGET /api/product/similar?chilCategoryId=2 [32m200 [0m75.971 ms - 691[0m
[0mGET /produit/1697602231904CH4.jpg [32m200 [0m54.773 ms - 7684[0m
[0mGET /produit/1697602143219ENST.jpg [32m200 [0m38.749 ms - 4600[0m
[0mGET /produit/1695941364451ENSY.jpg [32m200 [0m75.853 ms - 8789[0m
[0mGET /produit/1696448643139ARR3.jpg [32m200 [0m41.403 ms - 3465[0m
[0mGET /produit/1695754196334ENST.jpg [32m200 [0m54.491 ms - 4600[0m
[0mGET /api/product/getWebProductById?id=5 [36m304 [0m402.451 ms - -[0m
[0mGET /api/product/getWebProductById?id=5 [36m304 [0m262.955 ms - -[0m
[0mGET /api/product/similar?chilCategoryId=2 [36m304 [0m54.334 ms - -[0m
[0mGET /api/product/similar?chilCategoryId=2 [36m304 [0m52.375 ms - -[0m
[0mGET /api/product/getWebProductById?id=5 [36m304 [0m75.880 ms - -[0m
[0mGET /produit/1697602231904CH4.jpg [36m304 [0m129.488 ms - -[0m
[0mGET /produit/1697602143219ENST.jpg [36m304 [0m122.770 ms - -[0m
[0mGET /produit/1695941364451ENSY.jpg [36m304 [0m131.954 ms - -[0m
[0mGET /api/product/similar?chilCategoryId=2 [36m304 [0m101.603 ms - -[0m
[0mGET /produit/1696448643139ARR3.jpg [36m304 [0m14.193 ms - -[0m
[0mGET /produit/1695754196334ENST.jpg [36m304 [0m37.133 ms - -[0m
[0mGET /api/product/getWebProductById?id=5 [36m304 [0m1453.579 ms - -[0m
[0mGET /produit/1697602231904CH4.jpg [36m304 [0m65.011 ms - -[0m
[0mGET /produit/1695941364451ENSY.jpg [36m304 [0m11.071 ms - -[0m
[0mGET /produit/1697602143219ENST.jpg [36m304 [0m48.342 ms - -[0m
[0mGET /api/product/similar?chilCategoryId=2 [36m304 [0m177.789 ms - -[0m
[0mGET /produit/1696448643139ARR3.jpg [36m304 [0m110.418 ms - -[0m
[0mGET /produit/1695754196334ENST.jpg [36m304 [0m40.611 ms - -[0m
[0mGET /api/product/getWebProductById?id=5 [36m304 [0m64.028 ms - -[0m
[0mGET /api/product/similar?chilCategoryId=2 [36m304 [0m56.829 ms - -[0m
[0mGET /api/product/getWebProductById?id=5 [36m304 [0m386.688 ms - -[0m
[0mGET /api/product/similar?chilCategoryId=2 [36m304 [0m32.803 ms - -[0m
[0mGET /api/product/getWebProductById?id=5 [36m304 [0m453.166 ms - -[0m
[0mGET /api/product/similar?chilCategoryId=2 [36m304 [0m140.789 ms - -[0m
[0mGET /api/product/getWebProductById?id=5 [36m304 [0m81.674 ms - -[0m
[0mGET /api/product/similar?chilCategoryId=2 [36m304 [0m125.706 ms - -[0m
[0mGET /api/product/getWebProductById?id=5 [36m304 [0m46.330 ms - -[0m
[0mGET /api/product/similar?chilCategoryId=2 [36m304 [0m50.044 ms - -[0m
[0mGET /api/product/getWebProductById?id=5 [36m304 [0m224.305 ms - -[0m
[0mGET /api/product/similar?chilCategoryId=2 [36m304 [0m95.887 ms - -[0m
[0mGET /api/product/getWebProductById?id=5 [36m304 [0m74.397 ms - -[0m
[0mGET /api/product/similar?chilCategoryId=2 [36m304 [0m43.217 ms - -[0m
[0mGET /api/product/getWebProductById?id=5 [36m304 [0m73.559 ms - -[0m
[0mGET /api/product/similar?chilCategoryId=2 [36m304 [0m104.625 ms - -[0m
[0mGET /api/product/getWebProductById?id=5 [36m304 [0m163.566 ms - -[0m
[0mGET /api/product/getWebProductById?id=5 [36m304 [0m43.962 ms - -[0m
[0mGET /api/product/similar?chilCategoryId=2 [36m304 [0m328.177 ms - -[0m
[0mGET /api/product/similar?chilCategoryId=2 [36m304 [0m60.756 ms - -[0m
[0mGET /api/product/getWebProductById?id=5 [36m304 [0m209.804 ms - -[0m
[0mGET /api/product/similar?chilCategoryId=2 [36m304 [0m98.941 ms - -[0m
[0mGET /api/product/getWebProductById?id=5 [36m304 [0m139.323 ms - -[0m
[0mGET /api/product/similar?chilCategoryId=2 [36m304 [0m147.473 ms - -[0m
[0mGET /api/product/getWebProductById?id=5 [36m304 [0m146.907 ms - -[0m
[0mGET /api/product/similar?chilCategoryId=2 [36m304 [0m19.943 ms - -[0m
[0mGET /api/product/getWebProductById?id=5 [36m304 [0m27.858 ms - -[0m
[0mGET /api/product/similar?chilCategoryId=2 [36m304 [0m81.593 ms - -[0m
[0mGET /api/product/getWebProductById?id=5 [36m304 [0m86.700 ms - -[0m
[0mGET /api/product/similar?chilCategoryId=2 [36m304 [0m199.629 ms - -[0m
[0mGET /api/category/main/list [32m200 [0m836.589 ms - 696[0m
[0mGET /produit/1695989601836C2.jpg [32m200 [0m330.472 ms - 8412[0m
[0mGET /produit/1695989763210acc1.jpg [32m200 [0m321.956 ms - 7482[0m
[0mGET /produit/1695989675538cas.jpg [32m200 [0m467.076 ms - 3513[0m
[0mGET /produit/1696998821128ARR5.jpg [32m200 [0m479.451 ms - 3588[0m
[0mGET /api/category/cn/list?name=VETEMENTS [32m200 [0m673.154 ms - 1606[0m
[0mGET /api/product/list/VETEMENTS [32m200 [0m239.381 ms - 2133[0m
[0mGET /produit/1695754614263T1.jpg [32m200 [0m564.929 ms - 9012[0m
[0mGET /produit/1695752820497e3.jpg [32m200 [0m212.927 ms - 7440[0m
[0mGET /produit/1695747027807TS1.jpg [32m200 [0m732.911 ms - 4327[0m
[0mGET /api/product/getWebProductById?id=5 [36m304 [0m183.217 ms - -[0m
[0mGET /api/product/similar?chilCategoryId=2 [36m304 [0m165.494 ms - -[0m
[0mGET /api/product/getWebProductById?id=5 [36m304 [0m320.554 ms - -[0m
[0mGET /api/product/similar?chilCategoryId=2 [36m304 [0m148.174 ms - -[0m
[0mGET /api/product/getWebProductById?id=5 [36m304 [0m30.471 ms - -[0m
[0mGET /api/product/similar?chilCategoryId=2 [36m304 [0m58.428 ms - -[0m
[0mGET /api/product/getWebProductById?id=5 [36m304 [0m58.205 ms - -[0m
[0mGET /produit/1697602231904CH4.jpg [36m304 [0m4.881 ms - -[0m
[0mGET /produit/1695941364451ENSY.jpg [36m304 [0m43.679 ms - -[0m
[0mGET /produit/1697602143219ENST.jpg [36m304 [0m30.633 ms - -[0m
[0mGET /api/product/similar?chilCategoryId=2 [36m304 [0m94.894 ms - -[0m
[0mGET /produit/1696448643139ARR3.jpg [36m304 [0m13.126 ms - -[0m
[0mGET /produit/1695754196334ENST.jpg [36m304 [0m10.492 ms - -[0m
[0mGET /api/product/getWebProductById?id=5 [36m304 [0m791.786 ms - -[0m
[0mGET /api/product/similar?chilCategoryId=2 [36m304 [0m539.543 ms - -[0m
[0mGET /api/product/getWebProductById?id=5 [36m304 [0m131.274 ms - -[0m
[0mGET /api/product/similar?chilCategoryId=2 [36m304 [0m101.875 ms - -[0m
[0mGET /api/category/main/list [36m304 [0m47.741 ms - -[0m
[0mGET /produit/1696998821128ARR5.jpg [36m304 [0m22.013 ms - -[0m
[0mGET /produit/1695989601836C2.jpg [36m304 [0m18.495 ms - -[0m
[0mGET /produit/1695989675538cas.jpg [36m304 [0m18.413 ms - -[0m
[0mGET /produit/1695989763210acc1.jpg [36m304 [0m24.301 ms - -[0m
[0mGET /api/category/cn/list?name=VETEMENTS [36m304 [0m259.235 ms - -[0m
[0mGET /api/product/list/VETEMENTS [36m304 [0m290.610 ms - -[0m
[0mGET /produit/1695754614263T1.jpg [36m304 [0m7.707 ms - -[0m
[0mGET /produit/1695747027807TS1.jpg [36m304 [0m24.026 ms - -[0m
[0mGET /produit/1695752820497e3.jpg [36m304 [0m11.404 ms - -[0m
[0mGET /api/category/cn/list?name=VETEMENTS [36m304 [0m359.231 ms - -[0m
[0mGET /api/product/list/VETEMENTS [36m304 [0m2008.358 ms - -[0m
[0mGET /produit/1695754614263T1.jpg [36m304 [0m22.074 ms - -[0m
[0mGET /produit/1695747027807TS1.jpg [36m304 [0m16.084 ms - -[0m
[0mGET /produit/1695752820497e3.jpg [36m304 [0m14.858 ms - -[0m
[0mGET /api/product/getWebProductById?id=5 [36m304 [0m374.771 ms - -[0m
[0mGET /api/product/similar?chilCategoryId=2 [36m304 [0m35.346 ms - -[0m
[0mGET /api/product/getWebProductById?id=5 [36m304 [0m40.486 ms - -[0m
[0mGET /api/product/similar?chilCategoryId=2 [36m304 [0m43.165 ms - -[0m
[0mGET /api/product/getWebProductById?id=5 [36m304 [0m157.234 ms - -[0m
[0mGET /api/product/similar?chilCategoryId=2 [36m304 [0m15.417 ms - -[0m
[0mGET / [33m404 [0m2761.768 ms - 7466[0m
[0mGET /api/product/getWebProductById?id=5 [36m304 [0m203.404 ms - -[0m
[0mGET /api/product/similar?chilCategoryId=2 [36m304 [0m23.886 ms - -[0m
[0mGET /api/product/getWebProductById?id=5 [36m304 [0m85.126 ms - -[0m
[0mGET /api/product/similar?chilCategoryId=2 [36m304 [0m46.345 ms - -[0m
[0mGET /api/product/getWebProductById?id=5 [36m304 [0m123.796 ms - -[0m
[0mGET /api/product/similar?chilCategoryId=2 [36m304 [0m158.386 ms - -[0m
[0mGET /api/product/getWebProductById?id=5 [36m304 [0m102.450 ms - -[0m
[0mGET /api/product/similar?chilCategoryId=2 [36m304 [0m113.224 ms - -[0m
[0mGET /api/product/getWebProductById?id=5 [36m304 [0m48.419 ms - -[0m
[0mGET /api/product/similar?chilCategoryId=2 [36m304 [0m23.782 ms - -[0m
[0mGET /api/product/getWebProductById?id=5 [36m304 [0m76.374 ms - -[0m
[0mGET /api/product/similar?chilCategoryId=2 [36m304 [0m96.295 ms - -[0m
[0mGET /api/product/getWebProductById?id=5 [36m304 [0m168.103 ms - -[0m
[0mGET /api/product/similar?chilCategoryId=2 [36m304 [0m103.930 ms - -[0m
[0mGET /api/product/getWebProductById?id=5 [36m304 [0m211.372 ms - -[0m
[0mGET /api/product/similar?chilCategoryId=2 [36m304 [0m40.149 ms - -[0m
[0mGET /api/product/getWebProductById?id=5 [36m304 [0m20.000 ms - -[0m
[0mGET /api/product/similar?chilCategoryId=2 [36m304 [0m16.913 ms - -[0m
[0mGET /api/product/getWebProductById?id=5 [36m304 [0m45.236 ms - -[0m
[0mGET /api/product/similar?chilCategoryId=2 [36m304 [0m21.331 ms - -[0m
[0mGET /api/product/getWebProductById?id=5 [36m304 [0m76.094 ms - -[0m
[0mGET /api/product/similar?chilCategoryId=2 [36m304 [0m27.649 ms - -[0m
[0mGET /api/product/getWebProductById?id=5 [36m304 [0m37.028 ms - -[0m
[0mGET /api/product/similar?chilCategoryId=2 [36m304 [0m38.449 ms - -[0m
[0mGET /api/product/getWebProductById?id=5 [36m304 [0m28.360 ms - -[0m
[0mGET /api/product/similar?chilCategoryId=2 [36m304 [0m117.119 ms - -[0m
[0mGET /api/product/getWebProductById?id=5 [36m304 [0m165.007 ms - -[0m
[0mGET /api/product/similar?chilCategoryId=2 [36m304 [0m147.708 ms - -[0m
[0mGET /api/product/getWebProductById?id=5 [36m304 [0m356.314 ms - -[0m
[0mGET /api/product/similar?chilCategoryId=2 [36m304 [0m32.164 ms - -[0m
[0mGET /api/product/getWebProductById?id=5 [36m304 [0m70.292 ms - -[0m
[0mGET /api/product/similar?chilCategoryId=2 [36m304 [0m122.503 ms - -[0m
[0mGET /api/product/getWebProductById?id=5 [36m304 [0m30.185 ms - -[0m
[0mGET /produit/1697602231904CH4.jpg [36m304 [0m114.308 ms - -[0m
[0mGET /produit/1697602143219ENST.jpg [36m304 [0m28.896 ms - -[0m
[0mGET /produit/1695941364451ENSY.jpg [36m304 [0m36.615 ms - -[0m
[0mGET /api/product/similar?chilCategoryId=2 [36m304 [0m24.375 ms - -[0m
[0mGET /produit/1695754196334ENST.jpg [36m304 [0m55.516 ms - -[0m
[0mGET /produit/1696448643139ARR3.jpg [36m304 [0m69.255 ms - -[0m
[0mGET /api/product/getWebProductById?id=5 [36m304 [0m31.240 ms - -[0m
[0mGET /api/product/similar?chilCategoryId=2 [36m304 [0m158.687 ms - -[0m
[0mGET /api/product/getWebProductById?id=5 [36m304 [0m63.692 ms - -[0m
[0mGET /api/product/similar?chilCategoryId=2 [36m304 [0m45.196 ms - -[0m
[0mGET /api/product/getWebProductById?id=5 [36m304 [0m403.560 ms - -[0m
[0mGET /api/product/similar?chilCategoryId=2 [36m304 [0m21.731 ms - -[0m
[0mGET / [33m404 [0m1859.859 ms - 7466[0m
[0mGET /api/product/getWebProductById?id=5 [36m304 [0m654.783 ms - -[0m
[0mGET /api/product/similar?chilCategoryId=2 [36m304 [0m55.629 ms - -[0m
[0mGET /api/product/getWebProductById?id=5 [36m304 [0m80.979 ms - -[0m
[0mGET /api/product/similar?chilCategoryId=2 [36m304 [0m86.197 ms - -[0m
[0mGET /api/product/getWebProductById?id=5 [36m304 [0m77.810 ms - -[0m
[0mGET /api/product/similar?chilCategoryId=2 [36m304 [0m151.433 ms - -[0m
[0mGET /api/product/getWebProductById?id=5 [36m304 [0m114.842 ms - -[0m
[0mGET /api/product/similar?chilCategoryId=2 [36m304 [0m137.385 ms - -[0m
[0mOPTIONS /api/customer/login [32m204 [0m352.609 ms - 0[0m
[0mPOST /api/customer/login [32m200 [0m4592.130 ms - 196[0m
[0mGET /produit/1695941364451ENSY.jpg [36m304 [0m244.018 ms - -[0m
[0mGET /api/customer/getUserByEmailId?email=abalo@gmail.com [32m200 [0m509.764 ms - 1143[0m
[0mGET /api/customer/getUserByEmailId?email=abalo@gmail.com [36m304 [0m25.040 ms - -[0m
[0mGET /api/category/main/list [36m304 [0m318.376 ms - -[0m
[0mGET /produit/1695989601836C2.jpg [36m304 [0m69.100 ms - -[0m
[0mGET /produit/1695989763210acc1.jpg [36m304 [0m67.540 ms - -[0m
[0mGET /produit/1695989675538cas.jpg [36m304 [0m62.127 ms - -[0m
[0mGET /produit/1696998821128ARR5.jpg [36m304 [0m212.789 ms - -[0m
[0mGET /api/customer/getUserByEmailId?email=abalo@gmail.com [36m304 [0m121.076 ms - -[0m
[0mGET / [33m404 [0m148.840 ms - 7466[0m
[0mGET /api/customer/getUserByEmailId?email=abalo@gmail.com [36m304 [0m460.040 ms - -[0m
[0mGET /api/customer/getUserByEmailId?email=abalo@gmail.com [36m304 [0m35.874 ms - -[0m
[0mGET /api/customer/getUserByEmailId?email=abalo@gmail.com [36m304 [0m251.871 ms - -[0m
[0mGET /produit/1695941364451ENSY.jpg [36m304 [0m10.495 ms - -[0m
[0mGET /api/customer/getUserByEmailId?email=abalo@gmail.com [36m304 [0m51.286 ms - -[0m
[0mGET /api/customer/getUserByEmailId?email=abalo@gmail.com [36m304 [0m208.158 ms - -[0m
[0mGET /api/category/main/list [36m304 [0m139.412 ms - -[0m
[0mGET /produit/1696998821128ARR5.jpg [36m304 [0m7.315 ms - -[0m
[0mGET /produit/1695989601836C2.jpg [36m304 [0m141.099 ms - -[0m
[0mGET /produit/1695989675538cas.jpg [36m304 [0m139.548 ms - -[0m
[0mGET /produit/1695989763210acc1.jpg [36m304 [0m143.473 ms - -[0m
[0mGET /api/category/main/list [36m304 [0m141.818 ms - -[0m
[0mGET /api/category/cn/list?name=VETEMENTS [36m304 [0m2192.542 ms - -[0m
[0mGET /api/product/list/VETEMENTS [36m304 [0m2410.934 ms - -[0m
[0mGET /produit/1695754196334ENST.jpg [36m304 [0m352.084 ms - -[0m
[0mGET /produit/1695747027807TS1.jpg [36m304 [0m345.979 ms - -[0m
[0mGET /produit/1695754614263T1.jpg [36m304 [0m350.200 ms - -[0m
[0mGET /produit/1695752820497e3.jpg [36m304 [0m346.609 ms - -[0m
[0mGET /produit/1696448643139ARR3.jpg [36m304 [0m366.678 ms - -[0m
[0mGET /api/product/getWebProductById?id=5 [36m304 [0m24.008 ms - -[0m
[0mGET /api/product/similar?chilCategoryId=2 [36m304 [0m43.238 ms - -[0m
[0mGET /produit/1697602143219ENST.jpg [36m304 [0m37.547 ms - -[0m
[0mGET /produit/1697602231904CH4.jpg [36m304 [0m24.330 ms - -[0m
[0mGET /api/customer/getUserByEmailId?email=abalo@gmail.com [36m304 [0m37.965 ms - -[0m
[0mGET /api/customer/getUserByEmailId?email=abalo@gmail.com [36m304 [0m53.139 ms - -[0m
[0mGET /api/customer/getUserByEmailId?email=abalo@gmail.com [36m304 [0m25.899 ms - -[0m
[0mGET /api/customer/getUserByEmailId?email=abalo@gmail.com [36m304 [0m52.871 ms - -[0m
[0mGET /api/customer/getUserByEmailId?email=abalo@gmail.com [36m304 [0m75.936 ms - -[0m
[0mGET /api/customer/getUserByEmailId?email=abalo@gmail.com [36m304 [0m54.933 ms - -[0m
[0mGET /api/customer/getUserByEmailId?email=abalo@gmail.com [36m304 [0m165.184 ms - -[0m
[0mOPTIONS /api/order/create [32m204 [0m48.966 ms - 0[0m
[0mOPTIONS /api/order/create [32m204 [0m3.678 ms - 0[0m
[0mGET /api/customer/getUserByEmailId?email=abalo@gmail.com [32m200 [0m250.351 ms - 1557[0m
[0mOPTIONS /api/order/create [32m204 [0m4.512 ms - 0[0m
[0mOPTIONS /api/order/create [32m204 [0m5.029 ms - 0[0m
[0mOPTIONS /api/order/create [32m204 [0m44.210 ms - 0[0m
[0mOPTIONS /api/order/create [32m204 [0m30.230 ms - 0[0m
[0mPOST /api/order/create [31m500 [0m45.646 ms - 34[0m
[0mGET /api/customer/getUserByEmailId?email=abalo@gmail.com [32m200 [0m396.711 ms - 2178[0m
[0mGET /api/customer/getUserByEmailId?email=abalo@gmail.com [36m304 [0m56.961 ms - -[0m
[0mGET /api/category/main/list [36m304 [0m39.571 ms - -[0m
[0mGET /produit/1696998821128ARR5.jpg [36m304 [0m84.590 ms - -[0m
[0mGET /produit/1695989601836C2.jpg [36m304 [0m72.429 ms - -[0m
[0mGET /produit/1695989675538cas.jpg [36m304 [0m71.453 ms - -[0m
[0mGET /produit/1695989763210acc1.jpg [36m304 [0m65.892 ms - -[0m
[0mGET /api/category/cn/list?name=VETEMENTS [36m304 [0m101.158 ms - -[0m
[0mGET /api/product/list/VETEMENTS [36m304 [0m211.079 ms - -[0m
[0mGET /produit/1695754196334ENST.jpg [36m304 [0m19.797 ms - -[0m
[0mGET /produit/1695754614263T1.jpg [36m304 [0m45.053 ms - -[0m
[0mGET /produit/1695747027807TS1.jpg [36m304 [0m69.764 ms - -[0m
[0mGET /produit/1695752820497e3.jpg [36m304 [0m70.719 ms - -[0m
[0mGET /produit/1696448643139ARR3.jpg [36m304 [0m61.398 ms - -[0m
[0mGET /api/product/getWebProductById?id=1 [32m200 [0m47.352 ms - 605[0m
[0mGET /api/product/similar?chilCategoryId=3 [32m200 [0m116.055 ms - 664[0m
[0mGET /produit/1695754614263T1.jpg [36m304 [0m12.983 ms - -[0m
[0mGET /produit/1695747027807TS1.jpg [36m304 [0m14.579 ms - -[0m
[0mGET /produit/1697602090704TS5.jpg [32m200 [0m223.695 ms - 4909[0m
[0mGET /produit/1697602015493TS3.jpg [32m200 [0m187.343 ms - 2846[0m
[0mGET /produit/1697102155278TS1.jpg [32m200 [0m196.036 ms - 4327[0m
[0mGET /api/customer/getUserByEmailId?email=abalo@gmail.com [36m304 [0m131.987 ms - -[0m
[0mOPTIONS /api/order/create [32m204 [0m5.536 ms - 0[0m
[0mPOST /api/order/create [32m200 [0m339.933 ms - 16[0m
[0mGET /api/customer/getUserByEmailId?email=abalo@gmail.com [32m200 [0m78.615 ms - 2386[0m
[0mGET /api/category/main/list [36m304 [0m19.601 ms - -[0m
[0mGET /produit/1696998821128ARR5.jpg [36m304 [0m28.071 ms - -[0m
[0mGET /produit/1695989601836C2.jpg [36m304 [0m31.156 ms - -[0m
[0mGET /produit/1695989675538cas.jpg [36m304 [0m28.875 ms - -[0m
[0mGET /produit/1695989763210acc1.jpg [36m304 [0m25.130 ms - -[0m
[0mGET /api/category/cn/list?name=VETEMENTS [36m304 [0m84.279 ms - -[0m
[0mGET /api/product/list/VETEMENTS [36m304 [0m108.445 ms - -[0m
[0mGET /produit/1695754614263T1.jpg [36m304 [0m9.605 ms - -[0m
[0mGET /produit/1695747027807TS1.jpg [36m304 [0m29.972 ms - -[0m
[0mGET /produit/1695754196334ENST.jpg [36m304 [0m25.485 ms - -[0m
[0mGET /produit/1695752820497e3.jpg [36m304 [0m24.990 ms - -[0m
[0mGET /produit/1696448643139ARR3.jpg [36m304 [0m21.581 ms - -[0m
[0mGET /api/product/getWebProductById?id=1 [36m304 [0m34.496 ms - -[0m
[0mGET /produit/1697602090704TS5.jpg [36m304 [0m22.956 ms - -[0m
[0mGET /produit/1697102155278TS1.jpg [36m304 [0m16.373 ms - -[0m
[0mGET /produit/1697602015493TS3.jpg [36m304 [0m12.674 ms - -[0m
[0mGET /api/product/similar?chilCategoryId=3 [36m304 [0m22.303 ms - -[0m
[0mGET /api/customer/getUserByEmailId?email=abalo@gmail.com [36m304 [0m81.581 ms - -[0m
[0mOPTIONS /api/order/create [32m204 [0m4.729 ms - 0[0m
[0mPOST /api/order/create [31m500 [0m210.940 ms - 32[0m
[0mGET /api/customer/getUserByEmailId?email=abalo@gmail.com [32m200 [0m99.715 ms - 2593[0m
[0mGET /api/category/main/list [36m304 [0m33.065 ms - -[0m
[0mGET /produit/1696998821128ARR5.jpg [36m304 [0m22.842 ms - -[0m
[0mGET /produit/1695989601836C2.jpg [36m304 [0m19.056 ms - -[0m
[0mGET /produit/1695989675538cas.jpg [36m304 [0m17.424 ms - -[0m
[0mGET /produit/1695989763210acc1.jpg [36m304 [0m35.260 ms - -[0m
[0mGET /produit/1697102155278TS1.jpg [36m304 [0m6.308 ms - -[0m
[0mGET /api/customer/getUserByEmailId?email=abalo@gmail.com [36m304 [0m86.407 ms - -[0m
[0mGET /api/customer/getUserByEmailId?email=abalo@gmail.com [36m304 [0m76.155 ms - -[0m
[0mOPTIONS /api/order/create [32m204 [0m5.050 ms - 0[0m
[0mPOST /api/order/create [31m500 [0m19.413 ms - 34[0m
[0mGET /api/customer/getUserByEmailId?email=abalo@gmail.com [36m304 [0m51.940 ms - -[0m
[0mOPTIONS /api/order/create [32m204 [0m4.845 ms - 0[0m
[0mPOST /api/order/create [31m500 [0m24.546 ms - 34[0m
[0mGET /api/customer/getUserByEmailId?email=abalo@gmail.com [36m304 [0m61.405 ms - -[0m
[0mGET /api/customer/getUserByEmailId?email=abalo@gmail.com [36m304 [0m186.154 ms - -[0m
[0mOPTIONS /api/order/create [32m204 [0m3.158 ms - 0[0m
[0mPOST /api/order/create [31m500 [0m22.926 ms - 34[0m
[0mGET /api/customer/getUserByEmailId?email=abalo@gmail.com [36m304 [0m83.493 ms - -[0m
[0mGET /api/category/main/list [36m304 [0m42.562 ms - -[0m
[0mGET /produit/1696998821128ARR5.jpg [36m304 [0m81.872 ms - -[0m
[0mGET /produit/1695989601836C2.jpg [36m304 [0m25.168 ms - -[0m
[0mGET /produit/1695989675538cas.jpg [36m304 [0m22.651 ms - -[0m
[0mGET /produit/1695989763210acc1.jpg [36m304 [0m19.123 ms - -[0m
[0mGET /api/category/main/list [36m304 [0m14.484 ms - -[0m
[0mGET /api/category/cn/list?name=VETEMENTS [36m304 [0m241.173 ms - -[0m
[0mGET /api/product/list/VETEMENTS [36m304 [0m68.769 ms - -[0m
[0mGET /produit/1695754196334ENST.jpg [36m304 [0m176.985 ms - -[0m
[0mGET /produit/1695754614263T1.jpg [36m304 [0m137.122 ms - -[0m
[0mGET /produit/1695747027807TS1.jpg [36m304 [0m53.807 ms - -[0m
[0mGET /produit/1695752820497e3.jpg [36m304 [0m49.726 ms - -[0m
[0mGET /produit/1696448643139ARR3.jpg [36m304 [0m14.673 ms - -[0m
[0mGET /api/product/getWebProductById?id=5 [36m304 [0m177.085 ms - -[0m
[0mGET /produit/1695941364451ENSY.jpg [36m304 [0m174.302 ms - -[0m
[0mGET /api/product/similar?chilCategoryId=2 [36m304 [0m192.481 ms - -[0m
[0mGET /produit/1697602231904CH4.jpg [36m304 [0m122.173 ms - -[0m
[0mGET /produit/1697602143219ENST.jpg [36m304 [0m123.789 ms - -[0m
[0mGET /api/customer/getUserByEmailId?email=abalo@gmail.com [36m304 [0m96.538 ms - -[0m
[0mOPTIONS /api/order/create [32m204 [0m39.386 ms - 0[0m
[0mPOST /api/order/create [32m200 [0m605.604 ms - 16[0m
[0mGET /api/customer/getUserByEmailId?email=abalo@gmail.com [32m200 [0m70.446 ms - 2800[0m
[0mGET /api/category/main/list [36m304 [0m31.124 ms - -[0m
[0mGET /produit/1696998821128ARR5.jpg [36m304 [0m24.836 ms - -[0m
[0mGET /produit/1695989601836C2.jpg [36m304 [0m21.524 ms - -[0m
[0mGET /produit/1695989675538cas.jpg [36m304 [0m17.598 ms - -[0m
[0mGET /produit/1695989763210acc1.jpg [36m304 [0m13.902 ms - -[0m
[0mGET /api/category/cn/list?name=VETEMENTS [36m304 [0m58.506 ms - -[0m
[0mGET /api/product/list/VETEMENTS [36m304 [0m111.012 ms - -[0m
[0mGET /produit/1695754196334ENST.jpg [36m304 [0m7.160 ms - -[0m
[0mGET /produit/1695754614263T1.jpg [36m304 [0m7.140 ms - -[0m
[0mGET /produit/1695747027807TS1.jpg [36m304 [0m8.981 ms - -[0m
[0mGET /produit/1695752820497e3.jpg [36m304 [0m20.271 ms - -[0m
[0mGET /produit/1696448643139ARR3.jpg [36m304 [0m12.595 ms - -[0m
[0mGET /api/product/getWebProductById?id=5 [36m304 [0m65.967 ms - -[0m
[0mGET /produit/1697602231904CH4.jpg [36m304 [0m18.717 ms - -[0m
[0mGET /produit/1697602143219ENST.jpg [36m304 [0m15.090 ms - -[0m
[0mGET /produit/1695941364451ENSY.jpg [36m304 [0m22.634 ms - -[0m
[0mGET /api/product/similar?chilCategoryId=2 [36m304 [0m70.581 ms - -[0m
[0mGET /api/customer/getUserByEmailId?email=abalo@gmail.com [36m304 [0m83.354 ms - -[0m
[0mOPTIONS /api/order/create [32m204 [0m4.696 ms - 0[0m
[0mPOST /api/order/create [31m500 [0m31.569 ms - 34[0m
[0mGET /api/customer/getUserByEmailId?email=abalo@gmail.com [36m304 [0m45.719 ms - -[0m
[0mGET /produit/1695941364451ENSY.jpg [36m304 [0m9.360 ms - -[0m
[0mGET /api/customer/getUserByEmailId?email=abalo@gmail.com [36m304 [0m101.929 ms - -[0m
[0mGET /api/customer/getUserByEmailId?email=abalo@gmail.com [36m304 [0m37.812 ms - -[0m
[0mGET /api/customer/getUserByEmailId?email=abalo@gmail.com [36m304 [0m67.380 ms - -[0m
[0mOPTIONS /api/order/create [32m204 [0m57.951 ms - 0[0m
[0mPOST /api/order/create [31m500 [0m163.422 ms - 34[0m
[0mGET /api/customer/getUserByEmailId?email=abalo@gmail.com [36m304 [0m185.778 ms - -[0m
[0mOPTIONS /api/order/create [32m204 [0m50.648 ms - 0[0m
[0mPOST /api/order/create [31m500 [0m709.311 ms - 32[0m
[0mGET /api/customer/getUserByEmailId?email=abalo@gmail.com [32m200 [0m110.920 ms - 3004[0m
[0mGET /api/category/main/list [36m304 [0m63.234 ms - -[0m
[0mGET /produit/1696998821128ARR5.jpg [36m304 [0m58.349 ms - -[0m
[0mGET /produit/1695989601836C2.jpg [36m304 [0m67.865 ms - -[0m
[0mGET /produit/1695989675538cas.jpg [36m304 [0m67.469 ms - -[0m
[0mGET /produit/1695989763210acc1.jpg [36m304 [0m42.999 ms - -[0m
[0mGET /api/category/cn/list?name=VETEMENTS [36m304 [0m132.003 ms - -[0m
[0mGET /api/product/list/VETEMENTS [36m304 [0m156.169 ms - -[0m
[0mGET /produit/1695754196334ENST.jpg [36m304 [0m18.913 ms - -[0m
[0mGET /produit/1695754614263T1.jpg [36m304 [0m22.236 ms - -[0m
[0mGET /produit/1695747027807TS1.jpg [36m304 [0m52.441 ms - -[0m
[0mGET /produit/1695752820497e3.jpg [36m304 [0m69.452 ms - -[0m
[0mGET /produit/1696448643139ARR3.jpg [36m304 [0m67.806 ms - -[0m
[0mGET /api/product/getWebProductById?id=5 [36m304 [0m72.366 ms - -[0m
[0mGET /produit/1697602231904CH4.jpg [36m304 [0m46.316 ms - -[0m
[0mGET /produit/1697602143219ENST.jpg [36m304 [0m74.071 ms - -[0m
[0mGET /api/product/similar?chilCategoryId=2 [36m304 [0m100.379 ms - -[0m
[0mGET /api/customer/getUserByEmailId?email=abalo@gmail.com [36m304 [0m84.416 ms - -[0m
[0mOPTIONS /api/order/create [32m204 [0m7.107 ms - 0[0m
[0mPOST /api/order/create [31m500 [0m190.418 ms - 32[0m
[0mGET /api/customer/getUserByEmailId?email=abalo@gmail.com [32m200 [0m79.281 ms - 3208[0m
