[0mGET /api/category/main/list [36m304 [0m2178.461 ms - -[0m
[0mGET /api/category/sub-category/list [36m304 [0m1182.641 ms - -[0m
[0mGET /api/category/child-category/list [36m304 [0m1133.177 ms - -[0m
[0mGET /api/category/main/list [36m304 [0m381.961 ms - -[0m
[0mGET /api/category/sub-category/list [36m304 [0m1268.931 ms - -[0m
[0mGET /api/category/child-category/list [36m304 [0m1265.300 ms - -[0m
[0mGET /api/category/main/list [36m304 [0m147.090 ms - -[0m
[0mGET /api/category/sub-category/list [36m304 [0m280.583 ms - -[0m
[0mGET /api/category/child-category/list [36m304 [0m191.746 ms - -[0m
[0mGET /api/category/main/list [36m304 [0m288.432 ms - -[0m
[0mGET /api/category/sub-category/list [36m304 [0m107.540 ms - -[0m
[0mGET /api/category/child-category/list [36m304 [0m148.071 ms - -[0m
[0mGET /api/category/main/list [36m304 [0m118.765 ms - -[0m
[0mGET /api/category/sub-category/list [36m304 [0m131.121 ms - -[0m
[0mGET /api/category/child-category/list [36m304 [0m138.732 ms - -[0m
[0mGET /api/category/main/list [36m304 [0m46.325 ms - -[0m
[0mGET /api/category/sub-category/list [36m304 [0m238.515 ms - -[0m
[0mGET /api/category/child-category/list [36m304 [0m232.178 ms - -[0m
[0mGET /api/category/main/list [36m304 [0m201.340 ms - -[0m
[0mGET /api/category/sub-category/list [36m304 [0m236.179 ms - -[0m
[0mGET /api/category/child-category/list [36m304 [0m221.524 ms - -[0m
[0mGET /api/category/sub-list?categoryId=6 [36m304 [0m681.867 ms - -[0m
[0mGET /api/category/main/list [36m304 [0m159.670 ms - -[0m
[0mGET /api/category/sub-category/list [36m304 [0m289.111 ms - -[0m
[0mGET /api/category/child-category/list [36m304 [0m277.817 ms - -[0m
[0mGET /api/category/main/list [36m304 [0m43.780 ms - -[0m
[0mGET /api/category/sub-category/list [36m304 [0m33.109 ms - -[0m
[0mGET /api/category/child-category/list [36m304 [0m36.423 ms - -[0m
[0mGET /api/category/main/list [36m304 [0m15.854 ms - -[0m
[0mGET /api/category/child-category/list [36m304 [0m51.849 ms - -[0m
[0mGET /api/category/sub-category/list [36m304 [0m60.054 ms - -[0m
[0mGET /api/category/main/list [36m304 [0m35.894 ms - -[0m
[0mGET /api/category/sub-category/list [36m304 [0m42.064 ms - -[0m
[0mGET /api/category/child-category/list [36m304 [0m124.719 ms - -[0m
[0mGET /api/category/main/list [36m304 [0m63.618 ms - -[0m
[0mGET /api/category/sub-category/list [36m304 [0m67.936 ms - -[0m
[0mGET /api/category/child-category/list [36m304 [0m69.692 ms - -[0m
[0mGET /api/category/sub-list?categoryId=8 [36m304 [0m21.991 ms - -[0m
[0mGET /api/category/main/list [36m304 [0m37.867 ms - -[0m
[0mGET /api/category/sub-category/list [36m304 [0m40.128 ms - -[0m
[0mGET /api/category/child-category/list [36m304 [0m33.976 ms - -[0m
[0mGET /api/category/main/list [36m304 [0m13.379 ms - -[0m
[0mGET /api/category/sub-category/list [36m304 [0m22.138 ms - -[0m
[0mGET /api/category/child-category/list [36m304 [0m13.794 ms - -[0m
[0mGET /api/category/main/list [36m304 [0m41.772 ms - -[0m
[0mGET /api/category/sub-category/list [36m304 [0m47.537 ms - -[0m
[0mGET /api/category/child-category/list [36m304 [0m52.341 ms - -[0m
[0mGET /api/category/sub-list?categoryId=7 [32m200 [0m51.159 ms - 334[0m
[0mGET /api/category/sub-list?categoryId=6 [36m304 [0m32.993 ms - -[0m
[0mGET /api/category/sub-list?categoryId=8 [36m304 [0m15.092 ms - -[0m
[0mGET /api/category/main/list [36m304 [0m32.274 ms - -[0m
[0mGET /api/category/sub-category/list [36m304 [0m54.284 ms - -[0m
[0mGET /api/category/child-category/list [36m304 [0m51.138 ms - -[0m
[0mGET /api/category/sub-list?categoryId=6 [36m304 [0m16.554 ms - -[0m
[0mGET /api/category/main/list [36m304 [0m36.021 ms - -[0m
[0mGET /api/category/sub-category/list [36m304 [0m38.548 ms - -[0m
[0mGET /api/category/child-category/list [36m304 [0m42.657 ms - -[0m
[0mGET /api/category/sub-list?categoryId=6 [36m304 [0m12.215 ms - -[0m
[0mPOST /api/product/create [31m500 [0m9388.333 ms - 2154[0m
[0mGET /api/category/main/list [36m304 [0m45.634 ms - -[0m
[0mGET /api/category/sub-category/list [36m304 [0m91.394 ms - -[0m
[0mGET /api/category/child-category/list [36m304 [0m77.284 ms - -[0m
[0mGET /api/category/main/list [36m304 [0m9.521 ms - -[0m
[0mGET /api/category/sub-category/list [36m304 [0m20.557 ms - -[0m
[0mGET /api/category/child-category/list [36m304 [0m15.832 ms - -[0m
[0mGET /api/category/main/list [36m304 [0m198.967 ms - -[0m
[0mGET /api/category/sub-category/list [36m304 [0m328.661 ms - -[0m
[0mGET /api/category/child-category/list [36m304 [0m392.495 ms - -[0m
[0mGET /api/category/main/list [36m304 [0m547.447 ms - -[0m
[0mGET /api/category/sub-category/list [36m304 [0m621.847 ms - -[0m
[0mGET /api/category/child-category/list [36m304 [0m929.745 ms - -[0m
[0mGET /api/category/main/list [36m304 [0m382.764 ms - -[0m
[0mGET /api/category/sub-category/list [36m304 [0m380.860 ms - -[0m
[0mGET /api/category/child-category/list [36m304 [0m431.266 ms - -[0m
[0mGET /api/category/main/list [36m304 [0m126.637 ms - -[0m
[0mGET /api/category/sub-category/list [36m304 [0m175.613 ms - -[0m
[0mGET /api/category/child-category/list [36m304 [0m192.146 ms - -[0m
[0mGET /api/category/main/list [36m304 [0m2640.473 ms - -[0m
[0mGET /api/category/sub-category/list [36m304 [0m681.750 ms - -[0m
[0mGET /api/category/child-category/list [36m304 [0m697.360 ms - -[0m
[0mGET /api/category/main/list [36m304 [0m1105.712 ms - -[0m
[0mGET /api/category/sub-category/list [36m304 [0m1228.116 ms - -[0m
[0mGET /api/category/child-category/list [36m304 [0m1088.569 ms - -[0m
[0mGET /api/category/main/list [36m304 [0m1395.166 ms - -[0m
[0mGET /api/category/sub-category/list [36m304 [0m927.215 ms - -[0m
[0mGET /api/category/child-category/list [36m304 [0m926.677 ms - -[0m
[0mGET /api/category/main/list [36m304 [0m1427.406 ms - -[0m
[0mGET /api/category/sub-category/list [36m304 [0m1600.776 ms - -[0m
[0mGET /api/category/child-category/list [36m304 [0m1540.933 ms - -[0m
[0mGET /api/category/main/list [36m304 [0m517.733 ms - -[0m
[0mGET /api/category/sub-category/list [36m304 [0m437.324 ms - -[0m
[0mGET /api/category/child-category/list [36m304 [0m446.742 ms - -[0m
[0mGET /api/category/main/list [36m304 [0m558.792 ms - -[0m
[0mGET /api/category/sub-category/list [36m304 [0m544.372 ms - -[0m
[0mGET /api/category/child-category/list [36m304 [0m416.924 ms - -[0m
[0mGET /api/category/main/list [36m304 [0m2778.915 ms - -[0m
[0mGET /api/category/child-category/list [36m304 [0m486.079 ms - -[0m
[0mGET /api/category/main/list [36m304 [0m494.156 ms - -[0m
[0mGET /api/category/child-category/list [36m304 [0m270.933 ms - -[0m
[0mGET /api/category/main/list [36m304 [0m174.811 ms - -[0m
[0mGET /api/category/sub-category/list [36m304 [0m97.813 ms - -[0m
[0mGET /api/category/child-category/list [36m304 [0m459.140 ms - -[0m
[0mGET /api/category/main/list [36m304 [0m464.606 ms - -[0m
[0mGET /api/category/sub-category/list [36m304 [0m2162.350 ms - -[0m
[0mGET /api/category/child-category/list [36m304 [0m2279.298 ms - -[0m
[0mGET /api/category/main/list [36m304 [0m27.984 ms - -[0m
[0mGET /api/category/sub-category/list [36m304 [0m138.234 ms - -[0m
[0mGET /api/category/child-category/list [36m304 [0m204.007 ms - -[0m
[0mGET /api/category/main/list [36m304 [0m761.064 ms - -[0m
[0mGET /api/category/sub-category/list [36m304 [0m873.480 ms - -[0m
[0mGET /api/category/child-category/list [36m304 [0m854.566 ms - -[0m
[0mGET /api/category/main/list [36m304 [0m265.269 ms - -[0m
[0mGET /api/category/sub-category/list [36m304 [0m218.027 ms - -[0m
[0mGET /api/category/child-category/list [36m304 [0m338.484 ms - -[0m
[0mGET /api/category/main/list [36m304 [0m283.034 ms - -[0m
[0mGET /api/category/sub-category/list [36m304 [0m119.701 ms - -[0m
[0mGET /api/category/child-category/list [36m304 [0m315.359 ms - -[0m
[0mGET /api/category/child-category/list [36m304 [0m110.686 ms - -[0m
[0mGET /api/category/main/list [36m304 [0m190.250 ms - -[0m
[0mGET /api/category/sub-category/list [36m304 [0m198.766 ms - -[0m
[0mGET /api/category/child-category/list [36m304 [0m188.699 ms - -[0m
[0mGET /api/category/main/list [36m304 [0m95.038 ms - -[0m
[0mGET /api/category/sub-category/list [36m304 [0m52.609 ms - -[0m
[0mGET /api/category/sub-list?categoryId=6 [36m304 [0m791.745 ms - -[0m
[0mGET /api/category/sub-category/list [36m304 [0m351.381 ms - -[0m
[0mGET /api/category/main/list [36m304 [0m382.569 ms - -[0m
[0mGET /api/category/child-category/list [36m304 [0m333.443 ms - -[0m
[0mGET /api/category/main/list [36m304 [0m139.127 ms - -[0m
[0mGET /api/category/sub-category/list [36m304 [0m92.701 ms - -[0m
[0mGET /api/category/child-category/list [36m304 [0m91.324 ms - -[0m
[0mGET /api/category/main/list [36m304 [0m112.555 ms - -[0m
[0mGET /api/category/sub-category/list [36m304 [0m86.039 ms - -[0m
[0mGET /api/category/child-category/list [36m304 [0m141.603 ms - -[0m
[0mGET /api/category/main/list [36m304 [0m36.653 ms - -[0m
[0mGET /api/category/sub-category/list [36m304 [0m49.078 ms - -[0m
[0mGET /api/category/child-category/list [36m304 [0m94.812 ms - -[0m
[0mGET /api/category/main/list [36m304 [0m94.849 ms - -[0m
[0mGET /api/category/sub-category/list [36m304 [0m103.365 ms - -[0m
[0mGET /api/category/child-category/list [36m304 [0m79.516 ms - -[0m
[0mGET /api/category/sub-list?categoryId=6 [36m304 [0m118.496 ms - -[0m
[0mGET /api/category/sub-list?categoryId=Select%20category [32m200 [0m125.975 ms - 26[0m
[0mGET /api/category/sub-list?categoryId=6 [36m304 [0m44.964 ms - -[0m
[0mGET /api/category/main/list [36m304 [0m4831.341 ms - -[0m
[0mGET /api/category/sub-category/list [36m304 [0m5396.553 ms - -[0m
[0mGET /api/category/child-category/list [36m304 [0m5305.913 ms - -[0m
[0mGET /api/category/main/list [36m304 [0m23.863 ms - -[0m
[0mGET /api/category/child-category/list [36m304 [0m22.626 ms - -[0m
[0mGET /api/category/sub-category/list [36m304 [0m29.846 ms - -[0m
[0mGET /api/category/sub-list?categoryId=6 [36m304 [0m23.505 ms - -[0m
[0mGET /api/category/sub-category/list [36m304 [0m34.693 ms - -[0m
[0mGET /api/category/child-category/list [36m304 [0m33.208 ms - -[0m
[0mGET /api/category/main/list [36m304 [0m93.327 ms - -[0m
[0mGET /api/category/sub-list?categoryId=6 [36m304 [0m12.907 ms - -[0m
[0mGET /api/category/main/list [36m304 [0m23.920 ms - -[0m
[0mGET /api/category/child-category/list [36m304 [0m17.741 ms - -[0m
[0mGET /api/category/sub-category/list [36m304 [0m98.216 ms - -[0m
[0mGET /api/category/main/list [36m304 [0m23.753 ms - -[0m
[0mGET /api/category/sub-category/list [36m304 [0m69.355 ms - -[0m
[0mGET /api/category/child-category/list [36m304 [0m69.078 ms - -[0m
[0mGET /api/category/main/list [36m304 [0m28.093 ms - -[0m
[0mGET /api/category/sub-category/list [36m304 [0m41.897 ms - -[0m
[0mGET /api/category/child-category/list [36m304 [0m40.984 ms - -[0m
[0mGET /api/category/main/list [36m304 [0m11.558 ms - -[0m
[0mGET /api/category/sub-category/list [36m304 [0m18.503 ms - -[0m
[0mGET /api/category/child-category/list [36m304 [0m10.235 ms - -[0m
[0mGET /api/category/main/list [36m304 [0m26.838 ms - -[0m
[0mGET /api/category/sub-category/list [36m304 [0m30.998 ms - -[0m
[0mGET /api/category/child-category/list [36m304 [0m28.830 ms - -[0m
[0mGET /api/category/main/list [36m304 [0m48.852 ms - -[0m
[0mGET /api/category/sub-category/list [36m304 [0m99.773 ms - -[0m
[0mGET /api/category/child-category/list [36m304 [0m96.340 ms - -[0m
[0mGET /api/category/main/list [36m304 [0m33.298 ms - -[0m
[0mGET /api/category/sub-category/list [36m304 [0m41.273 ms - -[0m
[0mGET /api/category/child-category/list [36m304 [0m43.353 ms - -[0m
[0mGET /api/category/sub-category/list [36m304 [0m23.894 ms - -[0m
[0mGET /api/category/child-category/list [36m304 [0m23.419 ms - -[0m
[0mGET /api/category/main/list [36m304 [0m47.630 ms - -[0m
[0mGET /api/category/main/list [36m304 [0m19.475 ms - -[0m
[0mGET /api/category/sub-category/list [36m304 [0m25.553 ms - -[0m
[0mGET /api/category/child-category/list [36m304 [0m22.320 ms - -[0m
[0mPOST /api/product/create [32m200 [0m1119.220 ms - 54[0m
[0mGET /api/category/main/list [36m304 [0m25.553 ms - -[0m
[0mGET /api/category/sub-category/list [36m304 [0m62.048 ms - -[0m
[0mGET /api/category/child-category/list [36m304 [0m59.138 ms - -[0m
[0mPOST /api/product/create [31m500 [0m9232.701 ms - 2154[0m
[0mPOST /api/product/create [32m200 [0m249.959 ms - 54[0m
[0mGET /api/product/getAllproduct [32m200 [0m1301.732 ms - 704[0m
[0mGET /api/product/getAllproduct [36m304 [0m143.693 ms - -[0m
[0mGET /api/product/getAllproduct [36m304 [0m33.097 ms - -[0m
[0mGET /api/product/getAllproduct [36m304 [0m252.712 ms - -[0m
[0mGET /api/category/main/list [36m304 [0m3025.253 ms - -[0m
[0mGET /api/category/sub-category/list [36m304 [0m3197.510 ms - -[0m
[0mGET /api/category/child-category/list [36m304 [0m3196.688 ms - -[0m
[0mPOST /api/product/create [31m500 [0m8836.207 ms - 2154[0m
[0mPOST /api/product/create [31m500 [0m9049.557 ms - 2154[0m
[0mPOST /api/product/create [31m500 [0m130.200 ms - 2154[0m
[0mGET /api/category/main/list [36m304 [0m108.834 ms - -[0m
[0mGET /api/category/sub-category/list [36m304 [0m156.643 ms - -[0m
[0mGET /api/category/child-category/list [36m304 [0m176.892 ms - -[0m
[0mPOST /api/product/create [31m500 [0m36.728 ms - 2154[0m
[0mGET /api/category/main/list [36m304 [0m274.698 ms - -[0m
[0mGET /api/category/sub-category/list [36m304 [0m280.468 ms - -[0m
[0mGET /api/category/child-category/list [36m304 [0m271.052 ms - -[0m
[0mPOST /api/product/create [31m500 [0m196.455 ms - 2154[0m
[0mPOST /api/product/create [31m500 [0m98.488 ms - 2154[0m
[0mPOST /api/product/create [31m500 [0m28.440 ms - 2154[0m
[0mPOST /api/product/create [31m500 [0m103.646 ms - 2154[0m
[0mGET / [33m404 [0m32.756 ms - 7866[0m
[0mGET / [33m404 [0m19.808 ms - 7866[0m
[0mGET / [33m404 [0m19.904 ms - 7866[0m
[0mGET / [33m404 [0m12.838 ms - 7866[0m
[0mGET / [33m404 [0m44.035 ms - 7866[0m
[0mGET / [33m404 [0m28.670 ms - 7866[0m
[0mGET /api/category/main/list [36m304 [0m46.350 ms - -[0m
[0mGET /api/category/sub-category/list [36m304 [0m74.081 ms - -[0m
[0mGET /api/category/child-category/list [36m304 [0m27.917 ms - -[0m
[0mGET /api/category/main/list [36m304 [0m44.909 ms - -[0m
[0mGET /api/category/sub-category/list [36m304 [0m54.499 ms - -[0m
[0mGET /api/category/child-category/list [36m304 [0m45.804 ms - -[0m
[0mGET /api/category/main/list [36m304 [0m14.780 ms - -[0m
[0mGET /api/category/child-category/list [36m304 [0m42.631 ms - -[0m
[0mGET /api/category/sub-category/list [36m304 [0m77.934 ms - -[0m
[0mGET /api/category/main/list [36m304 [0m202.466 ms - -[0m
[0mGET /api/category/sub-category/list [36m304 [0m562.682 ms - -[0m
[0mGET /api/category/child-category/list [36m304 [0m554.203 ms - -[0m
[0mPOST /api/product/create [31m500 [0m9228.421 ms - 2154[0m
[0mPOST /api//product/create [31m500 [0m9048.444 ms - 2154[0m
[0mPOST /api//product/create [31m500 [0m9024.030 ms - 2154[0m
[0mPOST /api/product/create [31m500 [0m8956.396 ms - 2154[0m
[0mPOST /api/product/getAllproduct [33m404 [0m17.896 ms - 28[0m
[0mGET /api/product/getAllproduct [32m200 [0m48.128 ms - 704[0m
[0mPOST /api//product/create [32m200 [0m483.816 ms - 54[0m
[0mPOST /api//product/create [31m500 [0m59.009 ms - 2154[0m
[0mPOST /api//product/create [31m500 [0m82.495 ms - 2154[0m
[0mPOST /api/product/create [31m500 [0m23.560 ms - 2154[0m
[0mPOST /api/product/create [31m500 [0m17.180 ms - 2154[0m
[0mGET /api/product/getAllproduct [32m200 [0m93.166 ms - 1065[0m
[0mPOST /api/product/create [33m409 [0m124.667 ms - 2154[0m
[0mPOST /api/product/create [33m409 [0m23.584 ms - 2154[0m
[0mPOST /api/product/create [31m500 [0m84.733 ms - 2154[0m
[0mPOST /api/product/create [32m200 [0m226.072 ms - 54[0m
[0mPOST /api/product/create [31m500 [0m58.896 ms - 2154[0m
[0mPOST /api/product/create [31m500 [0m60.446 ms - 2154[0m
[0mPOST /api/product/create [33m409 [0m170.490 ms - 2154[0m
[0mGET /api/product/getAllproduct [32m200 [0m24.681 ms - 1423[0m
[0mPOST /api/product/create [32m200 [0m325.080 ms - 54[0m
[0mPOST /api/product/create [31m500 [0m27.130 ms - 2154[0m
[0mPOST /api/product/create [31m500 [0m51.352 ms - 2154[0m
[0mPOST /api/product/create [31m500 [0m41.589 ms - 2154[0m
[0mPOST /api/product/create [32m200 [0m349.431 ms - 54[0m
[0mPOST /api/product/create [32m200 [0m1687.270 ms - 54[0m
[0mPOST /api/product/create [32m200 [0m300.923 ms - 54[0m
[0mPOST /api/product/create [33m409 [0m260.930 ms - 2154[0m
[0mPOST /api/product/create [32m200 [0m329.378 ms - 54[0m
[0mPOST /api/product/create [32m200 [0m1986.063 ms - 54[0m
[0mGET /api/product/getAllproduct [32m200 [0m29.513 ms - 1146[0m
[0mGET /api/category/main/list [36m304 [0m2602.022 ms - -[0m
[0mGET /api/category/sub-category/list [36m304 [0m3801.748 ms - -[0m
[0mGET /api/category/child-category/list [36m304 [0m3916.791 ms - -[0m
[0mPOST /api/product/create [32m200 [0m779.784 ms - 54[0m
[0mPOST /api/product/create [33m409 [0m1779.085 ms - 2154[0m
[0mPOST /api/product/create [32m200 [0m902.582 ms - 54[0m
[0mGET /api/product/getAllproduct [32m200 [0m83.490 ms - 400[0m
[0mGET /api/product/getAllproduct [32m200 [0m36.525 ms - 400[0m
[0mGET /api/product/getAllproduct [32m200 [0m31.763 ms - 400[0m
[0mGET /api/product/getAllproduct [32m200 [0m480.891 ms - 400[0m
[0mGET /api/product/getAllproduct [32m200 [0m79.690 ms - 400[0m
[0mGET /api/product/getAllproduct [32m200 [0m80.183 ms - 400[0m
[0mGET /api/product/getAllproduct [32m200 [0m30.211 ms - 400[0m
[0mGET /api/product/getAllproduct [32m200 [0m138.815 ms - 400[0m
[0mGET /api/product/getAllproduct [32m200 [0m78.311 ms - 400[0m
[0mGET /api/product/getAllproduct [32m200 [0m65.164 ms - 400[0m
[0mGET /api/product/getAllproduct [32m200 [0m23.426 ms - 400[0m
[0mGET /api/product/getAllproduct [32m200 [0m119.757 ms - 400[0m
[0mGET /api/product/getAllproduct [32m200 [0m355.947 ms - 400[0m
[0mGET /api/category/main/list [36m304 [0m2724.307 ms - -[0m
[0mGET /api/category/sub-category/list [36m304 [0m2986.523 ms - -[0m
[0mGET /api/category/main/list [36m304 [0m1062.848 ms - -[0m
[0mGET /api/category/sub-category/list [36m304 [0m545.017 ms - -[0m
[0mGET /api/category/child-category/list [36m304 [0m283.918 ms - -[0m
[0mGET /api/category/main/list [36m304 [0m1232.452 ms - -[0m
[0mGET /api/product/getAllproduct [32m200 [0m176.085 ms - 400[0m
[0mGET /api/product/getAllproduct [36m304 [0m41.393 ms - -[0m
[0mGET /api/product/getAllproduct [36m304 [0m31.789 ms - -[0m
[0mGET /api/product/getAllproduct [36m304 [0m33.792 ms - -[0m
[0mGET /api/product/getAllproduct [36m304 [0m67.952 ms - -[0m
[0mGET /api/product/getAllproduct [36m304 [0m71.310 ms - -[0m
[0mGET /api/product/getAllproduct [36m304 [0m46.497 ms - -[0m
[0mGET /api/product/getAllproduct [36m304 [0m36.045 ms - -[0m
[0mGET /api/product/getAllproduct [36m304 [0m41.264 ms - -[0m
[0mGET /api/product/getAllproduct [36m304 [0m93.669 ms - -[0m
[0mGET /api/product/getAllproduct [36m304 [0m31.103 ms - -[0m
[0mGET /api/product/getAllproduct [36m304 [0m62.914 ms - -[0m
[0mGET /api/product/getAllproduct [36m304 [0m55.255 ms - -[0m
[0mGET /api/product/getAllproduct [36m304 [0m30.250 ms - -[0m
[0mGET /api/product/getAllproduct [36m304 [0m36.935 ms - -[0m
[0mGET /api/product/getAllproduct [36m304 [0m42.048 ms - -[0m
[0mGET /api/product/getAllproduct [36m304 [0m28.103 ms - -[0m
[0mGET /api/product/getAllproduct [36m304 [0m51.437 ms - -[0m
[0mGET /api/product/getAllproduct [36m304 [0m657.690 ms - -[0m
[0mGET /api/product/getAllproduct [36m304 [0m381.080 ms - -[0m
[0mGET /api/product/getAllproduct [36m304 [0m140.738 ms - -[0m
[0mGET /api/category/main/list [36m304 [0m198.430 ms - -[0m
[0mGET /api/category/child-category/list [36m304 [0m498.005 ms - -[0m
[0mGET /api/category/sub-category/list [36m304 [0m634.389 ms - -[0m
[0mPOST /api/product/create [32m200 [0m4055.206 ms - 54[0m
[0mGET /api/product/getAllproduct [32m200 [0m1117.715 ms - 773[0m
[0mGET /api/product/getAllproduct [36m304 [0m662.128 ms - -[0m
[0mGET /api/category/sub-category/list [36m304 [0m469.941 ms - -[0m
[0mGET /api/category/child-category/list [36m304 [0m514.181 ms - -[0m
[0mGET /api/category/main/list [36m304 [0m332.447 ms - -[0m
[0mGET /api/category/main/list [36m304 [0m69.005 ms - -[0m
[0mGET /api/category/main/list [36m304 [0m123.466 ms - -[0m
[0mGET /api/category/sub-category/list [36m304 [0m144.551 ms - -[0m
[0mGET /api/category/child-category/list [36m304 [0m85.316 ms - -[0m
[0mGET /api/product/getAllproduct [36m304 [0m56.784 ms - -[0m
[0mGET /api/product/getAllproduct [36m304 [0m362.158 ms - -[0m
[0mGET /api/product/getAllproduct [0m- [0m- ms - -[0m
[0mGET /api/product/getAllproduct [32m200 [0m83.448 ms - 773[0m
[0mGET /api/product/getAllproduct [36m304 [0m655.410 ms - -[0m
[0mGET /api/product/getAllproduct [36m304 [0m491.175 ms - -[0m
[0mGET /api/product/getAllproduct [36m304 [0m119.536 ms - -[0m
[0mGET /api/product/getAllproduct [36m304 [0m49.249 ms - -[0m
[0mGET /api/product/getAllproduct [36m304 [0m1022.568 ms - -[0m
[0mGET /api/category/main/list [36m304 [0m430.244 ms - -[0m
[0mGET /api/category/child-category/list [36m304 [0m770.684 ms - -[0m
[0mGET /api/category/sub-category/list [36m304 [0m882.961 ms - -[0m
[0mGET /api/product/getAllproduct [36m304 [0m381.729 ms - -[0m
[0mGET /api/product/getAllproduct [36m304 [0m397.984 ms - -[0m
[0mGET /api/product/getAllproduct [36m304 [0m53.217 ms - -[0m
