[0mGET /api/category/main/list [36m304 [0m8644.886 ms - -[0m
[0mGET /produit/16969734641851693377089511img4.png [36m304 [0m434.734 ms - -[0m
[0mGET /produit/1695989601836C2.jpg [36m304 [0m1823.457 ms - -[0m
[0mGET /produit/1695989675538cas.jpg [36m304 [0m1948.929 ms - -[0m
[0mGET /produit/1695989763210acc1.jpg [36m304 [0m22.862 ms - -[0m
[0mGET /api/category/main/list [36m304 [0m132.251 ms - -[0m
[0mGET /api/category/main/list [36m304 [0m193.642 ms - -[0m
[0mGET /api/category/main/list [36m304 [0m36.244 ms - -[0m
[0mGET /produit/16969734641851693377089511img4.png [36m304 [0m17.429 ms - -[0m
[0mGET /produit/1695989601836C2.jpg [36m304 [0m50.983 ms - -[0m
[0mGET /produit/1695989675538cas.jpg [36m304 [0m45.880 ms - -[0m
[0mGET /produit/1695989763210acc1.jpg [36m304 [0m39.020 ms - -[0m
[0mPOST /api/category/create [32m200 [0m3988.593 ms - 54[0m
[0mGET /api/category/main/list [32m200 [0m2902.527 ms - 876[0m
[0mGET /produit/1696998743453arr1.jpg [32m200 [0m302.263 ms - 2193[0m
[0mOPTIONS /api/category/cat/deletecatId?id=5 [32m204 [0m33.411 ms - 0[0m
[0mDELETE /api/category/cat/deletecatId?id=5 [32m200 [0m2524.084 ms - 62[0m
[0mGET /api/category/main/list [32m200 [0m176.264 ms - 709[0m
[0mPOST /api/product/main/update [32m200 [0m2324.279 ms - 45[0m
[0mGET /api/category/main/list [32m200 [0m117.320 ms - 696[0m
[0mGET /produit/1696998821128ARR5.jpg [32m200 [0m14.564 ms - 3588[0m
[0mGET /api/category/main/list [36m304 [0m2295.956 ms - -[0m
[0mGET /api/category/sub-category/list [36m304 [0m3519.333 ms - -[0m
[0mGET /api/category/main/list [36m304 [0m78.996 ms - -[0m
[0mGET /produit/1696998821128ARR5.jpg [36m304 [0m23.275 ms - -[0m
[0mGET /produit/1695989763210acc1.jpg [36m304 [0m17.445 ms - -[0m
[0mGET /produit/1695989675538cas.jpg [36m304 [0m69.740 ms - -[0m
[0mGET /produit/1695989601836C2.jpg [36m304 [0m83.952 ms - -[0m
[0mGET /api/product/getAllproduct [36m304 [0m552.495 ms - -[0m
[0mGET /produit/1696961650011tape2.jpg [36m304 [0m86.687 ms - -[0m
[0mGET /produit/1695991260175tap1.jpg [36m304 [0m58.903 ms - -[0m
[0mGET /produit/1696448643139ARR3.jpg [36m304 [0m91.528 ms - -[0m
[0mGET /produit/1696961562793ENS1.jpg [36m304 [0m62.380 ms - -[0m
[0mGET /produit/1695754614263T1.jpg [36m304 [0m193.271 ms - -[0m
[0mGET /produit/1695990880479SACS.jpg [36m304 [0m22.823 ms - -[0m
[0mGET /produit/1695754196334ENST.jpg [36m304 [0m12.326 ms - -[0m
[0mGET /produit/1695753661047tap3.jpg [36m304 [0m20.457 ms - -[0m
[0mGET /produit/1695751668068ARR32.jpg [36m304 [0m65.059 ms - -[0m
[0mGET /produit/1695752820497e3.jpg [36m304 [0m19.735 ms - -[0m
[0mGET /produit/1695747027807TS1.jpg [36m304 [0m28.867 ms - -[0m
[0mGET /api/category/main/list [36m304 [0m51.811 ms - -[0m
[0mGET /produit/1696998821128ARR5.jpg [36m304 [0m10.996 ms - -[0m
[0mGET /produit/1695989601836C2.jpg [36m304 [0m35.169 ms - -[0m
[0mGET /produit/1695989675538cas.jpg [36m304 [0m31.337 ms - -[0m
[0mGET /produit/1695989763210acc1.jpg [36m304 [0m89.044 ms - -[0m
[0mGET /api/category/main/list [36m304 [0m93.848 ms - -[0m
[0mGET /api/category/main/list [36m304 [0m137.535 ms - -[0m
[0mGET /api/category/sub-category/list [36m304 [0m208.193 ms - -[0m
[0mOPTIONS /api/category/sub-category/create [32m204 [0m6.526 ms - 0[0m
[0mPOST /api/category/sub-category/create [32m200 [0m600.784 ms - 55[0m
[0mGET /api/category/sub-category/list [32m200 [0m70.462 ms - 1287[0m
[0mOPTIONS /api/category/sub/deletesubId?id=7 [32m204 [0m6.641 ms - 0[0m
[0mDELETE /api/category/sub/deletesubId?id=7 [32m200 [0m340.670 ms - 62[0m
[0mGET /api/category/sub-category/list [32m200 [0m128.334 ms - 1110[0m
[0mGET /api/category/main/list [36m304 [0m301.165 ms - -[0m
[0mGET /api/category/sub-category/list [36m304 [0m101.081 ms - -[0m
[0mGET /api/category/child-category/list [36m304 [0m193.242 ms - -[0m
[0mGET /api/category/sub-list?categoryId=1 [32m200 [0m79.683 ms - 571[0m
[0mOPTIONS /api/category/child-category/create [32m204 [0m14.084 ms - 0[0m
[0mPOST /api/category/child-category/create [32m200 [0m481.140 ms - 60[0m
[0mGET /api/category/child-category/list [32m200 [0m198.557 ms - 2796[0m
[0mOPTIONS /api/category/child/deletechildId?id=12 [32m204 [0m7.310 ms - 0[0m
[0mDELETE /api/category/child/deletechildId?id=12 [32m200 [0m2839.978 ms - 62[0m
[0mOPTIONS /api/category/child/deletechildId?id=12 [32m204 [0m6.569 ms - 0[0m
[0mDELETE /api/category/child/deletechildId?id=12 [31m500 [0m2895.151 ms - 2321[0m
[0mGET /api/category/main/list [36m304 [0m122.383 ms - -[0m
[0mGET /api/category/sub-category/list [36m304 [0m135.556 ms - -[0m
[0mGET /api/category/child-category/list [32m200 [0m126.260 ms - 2565[0m
[0mGET /api/category/main/list [36m304 [0m1104.646 ms - -[0m
[0mGET /api/category/sub-category/list [36m304 [0m2394.821 ms - -[0m
[0mGET /api/category/child-category/list [36m304 [0m2244.979 ms - -[0m
[0mGET /api/category/sub-list?categoryId=1 [36m304 [0m89.722 ms - -[0m
[0mOPTIONS /api/category/child-category/create [32m204 [0m10.280 ms - 0[0m
[0mPOST /api/category/child-category/create [31m500 [0m149.571 ms - 34[0m
[0mOPTIONS /api/category/child-category/create [32m204 [0m8.981 ms - 0[0m
[0mPOST /api/category/child-category/create [32m200 [0m1105.303 ms - 60[0m
[0mGET /api/category/child-category/list [32m200 [0m50.106 ms - 2796[0m
[0mOPTIONS /api/category/child/deletechildId?id=13 [32m204 [0m10.172 ms - 0[0m
[0mDELETE /api/category/child/deletechildId?id=13 [32m200 [0m240.030 ms - 62[0m
[0mGET /api/category/child-category/list [32m200 [0m98.842 ms - 2565[0m
[0mGET /api/category/child-category/list [36m304 [0m13841.892 ms - -[0m
[0mGET /api/category/child-category/list [36m304 [0m440.026 ms - -[0m
[0mGET /api/category/child-category/list [36m304 [0m556.118 ms - -[0m
[0mGET /api/category/child-category/list [36m304 [0m110.741 ms - -[0m
[0mGET /api/product/getAllproduct [36m304 [0m4862.713 ms - -[0m
[0mGET /produit/1696448643139ARR3.jpg [36m304 [0m549.947 ms - -[0m
[0mGET /produit/1696961650011tape2.jpg [36m304 [0m661.523 ms - -[0m
[0mGET /produit/1695991260175tap1.jpg [36m304 [0m749.067 ms - -[0m
[0mGET /produit/1695754614263T1.jpg [36m304 [0m799.710 ms - -[0m
[0mGET /produit/1695990880479SACS.jpg [36m304 [0m772.711 ms - -[0m
[0mGET /produit/1696961562793ENS1.jpg [36m304 [0m729.660 ms - -[0m
[0mGET /produit/1695753661047tap3.jpg [36m304 [0m113.765 ms - -[0m
[0mGET /produit/1695754196334ENST.jpg [36m304 [0m99.939 ms - -[0m
[0mGET /produit/1695752820497e3.jpg [36m304 [0m82.623 ms - -[0m
[0mGET /produit/1695751668068ARR32.jpg [36m304 [0m95.024 ms - -[0m
[0mGET /produit/1695747027807TS1.jpg [36m304 [0m92.729 ms - -[0m
[0mGET /api/product/getAllproduct [36m304 [0m1086.398 ms - -[0m
[0mGET /api/product/getAllPhoto [32m200 [0m1713.056 ms - 1830[0m
[0mGET /produit/1695754614263T1.jpg [36m304 [0m14.202 ms - -[0m
[0mGET /produit/1695754196334ENST.jpg [36m304 [0m9.627 ms - -[0m
[0mGET /produit/1695751668068ARR32.jpg [36m304 [0m10.297 ms - -[0m
[0mGET /produit/1695747027807TS1.jpg [36m304 [0m9.971 ms - -[0m
[0mGET /produit/1696516332648T1.jpg [36m304 [0m152.848 ms - -[0m
[0mGET /produit/1696020094574ENST.jpg [36m304 [0m165.448 ms - -[0m
[0mGET /produit/1695991670018ENS4.jpg [36m304 [0m153.380 ms - -[0m
[0mGET /produit/1696081222154ARR32.jpg [36m304 [0m152.294 ms - -[0m
[0mGET /produit/1696080850442cas.jpg [36m304 [0m177.615 ms - -[0m
[0mGET /produit/1695941364451ENSY.jpg [36m304 [0m227.999 ms - -[0m
[0mGET /produit/1696020142327TS1.jpg [36m304 [0m23.642 ms - -[0m
[0mGET /produit/1695934506632TS2.jpg [36m304 [0m65.416 ms - -[0m
[0mGET /produit/1695934819282TS5.jpg [36m304 [0m64.105 ms - -[0m
[0mGET /produit/1695940802934TS3.jpg [36m304 [0m20.925 ms - -[0m
[0mGET /api/product/getAllproduct [36m304 [0m1001.022 ms - -[0m
[0mGET /api/product/getAllPhoto [36m304 [0m1529.927 ms - -[0m
[0mGET /api/product/getAllproduct [36m304 [0m495.017 ms - -[0m
[0mGET /api/product/getAllPhoto [36m304 [0m483.681 ms - -[0m
[0mGET /api/product/getAllproduct [36m304 [0m173.918 ms - -[0m
[0mGET /api/product/getAllPhoto [36m304 [0m65.522 ms - -[0m
[0mGET /api/product/getAllPhoto [36m304 [0m477.330 ms - -[0m
[0mGET /api/product/getAllproduct [36m304 [0m784.672 ms - -[0m
[0mGET /produit/1695754614263T1.jpg [36m304 [0m1287.345 ms - -[0m
[0mGET /produit/1695754196334ENST.jpg [36m304 [0m135.226 ms - -[0m
[0mGET /produit/1696516332648T1.jpg [36m304 [0m329.368 ms - -[0m
[0mGET /produit/1695991670018ENS4.jpg [36m304 [0m384.634 ms - -[0m
[0mGET /produit/1695941364451ENSY.jpg [36m304 [0m379.094 ms - -[0m
[0mGET /produit/1696020094574ENST.jpg [36m304 [0m422.135 ms - -[0m
[0mGET /produit/1696080850442cas.jpg [36m304 [0m168.625 ms - -[0m
[0mGET /produit/1696081222154ARR32.jpg [36m304 [0m119.826 ms - -[0m
[0mGET /produit/1695751668068ARR32.jpg [36m304 [0m208.743 ms - -[0m
[0mGET /produit/1695940802934TS3.jpg [36m304 [0m19.946 ms - -[0m
[0mGET /produit/1696020142327TS1.jpg [36m304 [0m22.041 ms - -[0m
[0mGET /produit/1695747027807TS1.jpg [36m304 [0m200.618 ms - -[0m
[0mGET /produit/1695934506632TS2.jpg [36m304 [0m56.656 ms - -[0m
[0mGET /produit/1695934819282TS5.jpg [36m304 [0m53.748 ms - -[0m
[0mGET /api/product/getAllPhoto [36m304 [0m309.226 ms - -[0m
[0mGET /api/product/getAllproduct [36m304 [0m542.231 ms - -[0m
[0mGET /produit/1695754614263T1.jpg [36m304 [0m11.795 ms - -[0m
[0mGET /produit/1696020094574ENST.jpg [36m304 [0m222.078 ms - -[0m
[0mGET /produit/1695941364451ENSY.jpg [36m304 [0m283.308 ms - -[0m
[0mGET /produit/1695991670018ENS4.jpg [36m304 [0m108.936 ms - -[0m
[0mGET /produit/1695751668068ARR32.jpg [36m304 [0m138.075 ms - -[0m
[0mGET /produit/1695754196334ENST.jpg [36m304 [0m39.897 ms - -[0m
[0mGET /produit/1696516332648T1.jpg [36m304 [0m39.320 ms - -[0m
[0mGET /produit/1696081222154ARR32.jpg [36m304 [0m23.459 ms - -[0m
[0mGET /produit/1696080850442cas.jpg [36m304 [0m26.916 ms - -[0m
[0mGET /produit/1695747027807TS1.jpg [36m304 [0m22.897 ms - -[0m
[0mGET /produit/1695940802934TS3.jpg [36m304 [0m51.402 ms - -[0m
[0mGET /produit/1696020142327TS1.jpg [36m304 [0m46.749 ms - -[0m
[0mGET /produit/1695934506632TS2.jpg [36m304 [0m51.174 ms - -[0m
[0mGET /produit/1695934819282TS5.jpg [36m304 [0m46.008 ms - -[0m
[0mGET /api/product/getAllproduct [36m304 [0m257.399 ms - -[0m
[0mGET /api/product/getAllPhoto [36m304 [0m168.117 ms - -[0m
[0mGET /api/product/getAllproduct [36m304 [0m926.227 ms - -[0m
[0mGET /api/product/getAllPhoto [36m304 [0m1393.620 ms - -[0m
[0mGET /produit/1695754614263T1.jpg [36m304 [0m57.661 ms - -[0m
[0mGET /produit/1696516332648T1.jpg [36m304 [0m55.361 ms - -[0m
[0mGET /produit/1696020094574ENST.jpg [36m304 [0m30.550 ms - -[0m
[0mGET /produit/1695941364451ENSY.jpg [36m304 [0m13.202 ms - -[0m
[0mGET /produit/1695754196334ENST.jpg [36m304 [0m11.063 ms - -[0m
[0mGET /produit/1696081222154ARR32.jpg [36m304 [0m65.441 ms - -[0m
[0mGET /produit/1696080850442cas.jpg [36m304 [0m20.121 ms - -[0m
[0mGET /produit/1695747027807TS1.jpg [36m304 [0m15.121 ms - -[0m
[0mGET /produit/1695991670018ENS4.jpg [36m304 [0m14.482 ms - -[0m
[0mGET /produit/1695751668068ARR32.jpg [36m304 [0m18.841 ms - -[0m
[0mGET /produit/1695940802934TS3.jpg [36m304 [0m115.206 ms - -[0m
[0mGET /produit/1695934819282TS5.jpg [36m304 [0m18.595 ms - -[0m
[0mGET /produit/1695934506632TS2.jpg [36m304 [0m32.090 ms - -[0m
[0mGET /produit/1696020142327TS1.jpg [36m304 [0m30.675 ms - -[0m
[0mGET /api/product/getAllproduct [36m304 [0m197.769 ms - -[0m
[0mGET /api/product/getAllPhoto [36m304 [0m102.045 ms - -[0m
[0mGET /api/product/getAllproduct [36m304 [0m514.990 ms - -[0m
[0mGET /api/product/getAllPhoto [36m304 [0m616.009 ms - -[0m
[0mGET /api/product/getAllproduct [36m304 [0m236.116 ms - -[0m
[0mGET /api/product/getAllPhoto [36m304 [0m407.877 ms - -[0m
[0mGET /api/product/getAllproduct [36m304 [0m741.418 ms - -[0m
[0mGET /api/product/getAllPhoto [36m304 [0m821.981 ms - -[0m
[0mGET /api/product/getAllproduct [36m304 [0m504.945 ms - -[0m
[0mGET /api/product/getAllPhoto [36m304 [0m1424.230 ms - -[0m
[0mGET /produit/1695754614263T1.jpg [36m304 [0m1942.462 ms - -[0m
[0mGET /produit/1696516332648T1.jpg [36m304 [0m2356.299 ms - -[0m
[0mGET /produit/1695754196334ENST.jpg [36m304 [0m2352.992 ms - -[0m
[0mGET /produit/1696020094574ENST.jpg [36m304 [0m899.312 ms - -[0m
[0mGET /produit/1695991670018ENS4.jpg [36m304 [0m234.361 ms - -[0m
[0mGET /produit/1695751668068ARR32.jpg [36m304 [0m498.519 ms - -[0m
[0mGET /produit/1695941364451ENSY.jpg [36m304 [0m754.629 ms - -[0m
[0mGET /produit/1696081222154ARR32.jpg [36m304 [0m233.624 ms - -[0m
[0mGET /produit/1696080850442cas.jpg [36m304 [0m15.003 ms - -[0m
[0mGET /produit/1695940802934TS3.jpg [36m304 [0m43.656 ms - -[0m
[0mGET /produit/1695934506632TS2.jpg [36m304 [0m90.426 ms - -[0m
[0mGET /produit/1695934819282TS5.jpg [36m304 [0m97.670 ms - -[0m
[0mGET /produit/1695747027807TS1.jpg [36m304 [0m218.832 ms - -[0m
[0mGET /produit/1696020142327TS1.jpg [36m304 [0m11.964 ms - -[0m
[0mGET /api/product/getAllproduct [36m304 [0m436.830 ms - -[0m
[0mGET /api/product/getAllPhoto [36m304 [0m222.780 ms - -[0m
[0mGET /api/product/getAllproduct [36m304 [0m7383.417 ms - -[0m
[0mGET /api/product/getAllPhoto [36m304 [0m1780.451 ms - -[0m
[0mGET /produit/1695754614263T1.jpg [36m304 [0m812.768 ms - -[0m
[0mGET /produit/1696516332648T1.jpg [36m304 [0m531.255 ms - -[0m
[0mGET /produit/1695754196334ENST.jpg [36m304 [0m332.015 ms - -[0m
[0mGET /produit/1695941364451ENSY.jpg [36m304 [0m139.212 ms - -[0m
[0mGET /produit/1695991670018ENS4.jpg [36m304 [0m134.783 ms - -[0m
[0mGET /produit/1696020094574ENST.jpg [36m304 [0m132.225 ms - -[0m
[0mGET /produit/1695751668068ARR32.jpg [36m304 [0m400.661 ms - -[0m
[0mGET /produit/1696081222154ARR32.jpg [36m304 [0m310.022 ms - -[0m
[0mGET /produit/1696080850442cas.jpg [36m304 [0m36.327 ms - -[0m
[0mGET /produit/1695747027807TS1.jpg [36m304 [0m354.738 ms - -[0m
[0mGET /produit/1695940802934TS3.jpg [36m304 [0m348.255 ms - -[0m
[0mGET /produit/1696020142327TS1.jpg [36m304 [0m212.245 ms - -[0m
[0mGET /produit/1695934506632TS2.jpg [36m304 [0m266.533 ms - -[0m
[0mGET /produit/1695934819282TS5.jpg [36m304 [0m8.529 ms - -[0m
[0mGET /api/category/main/list [36m304 [0m5035.791 ms - -[0m
[0mGET /produit/1696998821128ARR5.jpg [36m304 [0m479.895 ms - -[0m
[0mGET /produit/1695989601836C2.jpg [36m304 [0m340.947 ms - -[0m
[0mGET /produit/1695989675538cas.jpg [36m304 [0m366.046 ms - -[0m
[0mGET /produit/1695989763210acc1.jpg [36m304 [0m361.050 ms - -[0m
[0mGET /api/category/main/list [36m304 [0m274.519 ms - -[0m
[0mGET /api/category/main/list [0m- [0m- ms - -[0m
[0mGET /produit/1695754614263T1.jpg [36m304 [0m144.635 ms - -[0m
[0mGET /produit/1695754196334ENST.jpg [36m304 [0m83.636 ms - -[0m
[0mGET /produit/1696516332648T1.jpg [36m304 [0m99.059 ms - -[0m
[0mGET /produit/1696020094574ENST.jpg [36m304 [0m419.908 ms - -[0m
[0mGET /produit/1695991670018ENS4.jpg [36m304 [0m79.419 ms - -[0m
[0mGET /produit/1695941364451ENSY.jpg [36m304 [0m287.586 ms - -[0m
[0mGET /produit/1696081222154ARR32.jpg [36m304 [0m207.912 ms - -[0m
[0mGET /produit/1696080850442cas.jpg [36m304 [0m48.698 ms - -[0m
[0mGET /produit/1695751668068ARR32.jpg [36m304 [0m351.235 ms - -[0m
[0mGET /produit/1695747027807TS1.jpg [36m304 [0m6.997 ms - -[0m
[0mGET /produit/1695940802934TS3.jpg [36m304 [0m6.549 ms - -[0m
[0mGET /produit/1696020142327TS1.jpg [36m304 [0m12.463 ms - -[0m
[0mGET /produit/1695934506632TS2.jpg [36m304 [0m286.008 ms - -[0m
[0mGET /produit/1695934819282TS5.jpg [36m304 [0m275.452 ms - -[0m
[0mGET /api/product/getAllproduct [36m304 [0m1949.796 ms - -[0m
[0mGET /api/product/getAllPhoto [36m304 [0m2057.091 ms - -[0m
[0mGET /api/product/getAllproduct [36m304 [0m696.981 ms - -[0m
[0mGET /api/product/getAllPhoto [36m304 [0m772.889 ms - -[0m
[0mGET /produit/1695754614263T1.jpg [36m304 [0m15.970 ms - -[0m
[0mGET /produit/1696516332648T1.jpg [36m304 [0m12.250 ms - -[0m
[0mGET /produit/1695754196334ENST.jpg [36m304 [0m26.358 ms - -[0m
[0mGET /produit/1696020094574ENST.jpg [36m304 [0m67.495 ms - -[0m
[0mGET /produit/1695941364451ENSY.jpg [36m304 [0m110.015 ms - -[0m
[0mGET /produit/1695991670018ENS4.jpg [36m304 [0m89.621 ms - -[0m
[0mGET /produit/1695751668068ARR32.jpg [36m304 [0m98.438 ms - -[0m
[0mGET /produit/1696080850442cas.jpg [36m304 [0m99.015 ms - -[0m
[0mGET /produit/1696081222154ARR32.jpg [36m304 [0m145.723 ms - -[0m
[0mGET /produit/1695747027807TS1.jpg [36m304 [0m93.976 ms - -[0m
[0mGET /produit/1695940802934TS3.jpg [36m304 [0m108.816 ms - -[0m
[0mGET /produit/1696020142327TS1.jpg [36m304 [0m132.972 ms - -[0m
[0mGET /produit/1695934506632TS2.jpg [36m304 [0m18.250 ms - -[0m
[0mGET /produit/1695934819282TS5.jpg [36m304 [0m16.816 ms - -[0m
[0mGET /api/product/getAllproduct [36m304 [0m5768.260 ms - -[0m
[0mGET /api/product/getAllPhoto [36m304 [0m13421.476 ms - -[0m
[0mGET /api/product/getAllPhoto [36m304 [0m900.959 ms - -[0m
[0mGET /api/product/getAllproduct [36m304 [0m6862.494 ms - -[0m
[0mGET /api/product/getAllPhoto [36m304 [0m279.485 ms - -[0m
[0mGET /api/product/getAllproduct [36m304 [0m681.117 ms - -[0m
[0mGET /produit/1695754614263T1.jpg [36m304 [0m50.691 ms - -[0m
[0mGET /produit/1696516332648T1.jpg [36m304 [0m48.356 ms - -[0m
[0mGET /produit/1695754196334ENST.jpg [36m304 [0m66.832 ms - -[0m
[0mGET /produit/1696020094574ENST.jpg [36m304 [0m113.994 ms - -[0m
[0mGET /produit/1695941364451ENSY.jpg [36m304 [0m130.751 ms - -[0m
[0mGET /produit/1695991670018ENS4.jpg [36m304 [0m101.087 ms - -[0m
[0mGET /produit/1695751668068ARR32.jpg [36m304 [0m107.083 ms - -[0m
[0mGET /produit/1696081222154ARR32.jpg [36m304 [0m83.302 ms - -[0m
[0mGET /produit/1696080850442cas.jpg [36m304 [0m135.303 ms - -[0m
[0mGET /produit/1695940802934TS3.jpg [36m304 [0m103.890 ms - -[0m
[0mGET /produit/1695747027807TS1.jpg [36m304 [0m95.679 ms - -[0m
[0mGET /produit/1696020142327TS1.jpg [36m304 [0m98.270 ms - -[0m
[0mGET /produit/1695934506632TS2.jpg [36m304 [0m95.614 ms - -[0m
[0mGET /produit/1695934819282TS5.jpg [36m304 [0m95.457 ms - -[0m
[0mGET /api/product/getAllproduct [36m304 [0m881.083 ms - -[0m
[0mGET /api/product/getAllPhoto [36m304 [0m289.799 ms - -[0m
[0mGET /produit/1695754614263T1.jpg [36m304 [0m82.963 ms - -[0m
[0mGET /produit/1696516332648T1.jpg [36m304 [0m55.082 ms - -[0m
[0mGET /produit/1695754196334ENST.jpg [36m304 [0m52.119 ms - -[0m
[0mGET /produit/1696020094574ENST.jpg [36m304 [0m50.789 ms - -[0m
[0mGET /produit/1695941364451ENSY.jpg [36m304 [0m44.362 ms - -[0m
[0mGET /produit/1695991670018ENS4.jpg [36m304 [0m43.266 ms - -[0m
[0mGET /produit/1695751668068ARR32.jpg [36m304 [0m146.185 ms - -[0m
[0mGET /produit/1696081222154ARR32.jpg [36m304 [0m140.620 ms - -[0m
[0mGET /produit/1696080850442cas.jpg [36m304 [0m145.685 ms - -[0m
[0mGET /produit/1695747027807TS1.jpg [36m304 [0m143.679 ms - -[0m
[0mGET /produit/1695940802934TS3.jpg [36m304 [0m146.899 ms - -[0m
[0mGET /produit/1696020142327TS1.jpg [36m304 [0m139.543 ms - -[0m
[0mGET /produit/1695934506632TS2.jpg [36m304 [0m26.409 ms - -[0m
[0mGET /produit/1695934819282TS5.jpg [36m304 [0m15.612 ms - -[0m
[0mGET /api/product/getAllproduct [36m304 [0m465.698 ms - -[0m
[0mGET /api/product/getAllPhoto [36m304 [0m3916.096 ms - -[0m
[0mGET /api/product/getAllproduct [36m304 [0m149.907 ms - -[0m
[0mGET /api/product/getAllPhoto [32m200 [0m149.803 ms - 1830[0m
[0mGET /produit/1695754614263T1.jpg [36m304 [0m20.657 ms - -[0m
[0mGET /produit/1696516332648T1.jpg [36m304 [0m14.272 ms - -[0m
[0mGET /produit/1695754196334ENST.jpg [36m304 [0m7.908 ms - -[0m
[0mGET /produit/1696020094574ENST.jpg [36m304 [0m49.680 ms - -[0m
[0mGET /produit/1695941364451ENSY.jpg [36m304 [0m52.403 ms - -[0m
[0mGET /produit/1695991670018ENS4.jpg [36m304 [0m47.678 ms - -[0m
[0mGET /produit/1695751668068ARR32.jpg [36m304 [0m112.771 ms - -[0m
[0mGET /produit/1696081222154ARR32.jpg [36m304 [0m106.230 ms - -[0m
[0mGET /produit/1696080850442cas.jpg [36m304 [0m42.113 ms - -[0m
[0mGET /produit/1695747027807TS1.jpg [36m304 [0m44.264 ms - -[0m
[0mGET /produit/1695940802934TS3.jpg [36m304 [0m39.817 ms - -[0m
[0mGET /produit/1696020142327TS1.jpg [36m304 [0m30.644 ms - -[0m
[0mGET /produit/1695934506632TS2.jpg [36m304 [0m30.517 ms - -[0m
[0mGET /produit/1695934819282TS5.jpg [36m304 [0m14.385 ms - -[0m
[0mOPTIONS /api/category/deleteimageId?id=5 [32m204 [0m11.440 ms - 0[0m
[0mDELETE /api/category/deleteimageId?id=5 [33m404 [0m1545.782 ms - 7585[0m
[0mGET /api/product/getAllproduct [36m304 [0m14030.600 ms - -[0m
[0mGET /api/product/getAllPhoto [36m304 [0m5307.966 ms - -[0m
[0mGET /api/product/getAllproduct [36m304 [0m579.606 ms - -[0m
[0mGET /api/product/getAllPhoto [36m304 [0m721.468 ms - -[0m
[0mOPTIONS /api/category/deleteimageId?id=5 [32m204 [0m7106.432 ms - 0[0m
[0mDELETE /api/category/deleteimageId?id=5 [33m404 [0m35277.113 ms - 7585[0m
[0mGET /api/product/getAllproduct [36m304 [0m6788.983 ms - -[0m
[0mGET /api/product/getAllPhoto [32m200 [0m2409.529 ms - 1830[0m
[0mGET /produit/1695754614263T1.jpg [36m304 [0m1575.680 ms - -[0m
[0mGET /produit/1696516332648T1.jpg [36m304 [0m666.177 ms - -[0m
[0mGET /produit/1695754196334ENST.jpg [36m304 [0m178.184 ms - -[0m
[0mGET /produit/1696081222154ARR32.jpg [36m304 [0m951.228 ms - -[0m
[0mGET /produit/1696020094574ENST.jpg [36m304 [0m737.419 ms - -[0m
[0mGET /produit/1695991670018ENS4.jpg [36m304 [0m954.817 ms - -[0m
[0mGET /produit/1696080850442cas.jpg [36m304 [0m384.589 ms - -[0m
[0mGET /produit/1695941364451ENSY.jpg [36m304 [0m1230.843 ms - -[0m
[0mGET /produit/1695751668068ARR32.jpg [36m304 [0m588.172 ms - -[0m
[0mGET /produit/1695940802934TS3.jpg [36m304 [0m296.584 ms - -[0m
[0mGET /produit/1696020142327TS1.jpg [36m304 [0m238.685 ms - -[0m
[0mGET /produit/1695934819282TS5.jpg [36m304 [0m794.968 ms - -[0m
[0mGET /produit/1695747027807TS1.jpg [36m304 [0m861.672 ms - -[0m
[0mGET /produit/1695934506632TS2.jpg [36m304 [0m641.800 ms - -[0m
[0mOPTIONS /api/category/deleteimageId?id=1 [32m204 [0m30.977 ms - 0[0m
[0mDELETE /api/category/deleteimageId?id=1 [33m404 [0m705.762 ms - 7585[0m
[0mGET /api/product/getAllPhoto [32m200 [0m556.126 ms - 1830[0m
[0mGET /api/product/getAllproduct [36m304 [0m1435.567 ms - -[0m
[0mGET /produit/1695754614263T1.jpg [36m304 [0m27.554 ms - -[0m
[0mGET /produit/1696516332648T1.jpg [36m304 [0m29.860 ms - -[0m
[0mGET /produit/1695941364451ENSY.jpg [36m304 [0m26.902 ms - -[0m
[0mGET /produit/1695754196334ENST.jpg [36m304 [0m55.738 ms - -[0m
[0mGET /produit/1695991670018ENS4.jpg [36m304 [0m49.682 ms - -[0m
[0mGET /produit/1696020094574ENST.jpg [36m304 [0m46.935 ms - -[0m
[0mGET /produit/1695751668068ARR32.jpg [36m304 [0m49.301 ms - -[0m
[0mGET /produit/1696081222154ARR32.jpg [36m304 [0m43.404 ms - -[0m
[0mGET /produit/1696080850442cas.jpg [36m304 [0m33.155 ms - -[0m
[0mGET /produit/1695747027807TS1.jpg [36m304 [0m110.204 ms - -[0m
[0mGET /produit/1696020142327TS1.jpg [36m304 [0m107.077 ms - -[0m
[0mGET /produit/1695940802934TS3.jpg [36m304 [0m89.763 ms - -[0m
[0mGET /produit/1695934506632TS2.jpg [36m304 [0m87.048 ms - -[0m
[0mGET /produit/1695934819282TS5.jpg [36m304 [0m90.944 ms - -[0m
[0mOPTIONS /api/product/deleteimageId?id=1 [32m204 [0m7.943 ms - 0[0m
[0mDELETE /api/product/deleteimageId?id=1 [32m200 [0m536.097 ms - 62[0m
[0mGET /api/product/getAllproduct [36m304 [0m180.527 ms - -[0m
[0mOPTIONS /api/product/deleteimageId?id=1 [32m204 [0m7.289 ms - 0[0m
[0mDELETE /api/product/deleteimageId?id=1 [31m500 [0m910.263 ms - 2321[0m
[0mDELETE /api/product/deleteimagetId?id=2 [33m404 [0m120.063 ms - 7585[0m
[0mDELETE /api/product/deleteimagetId?id=2 [33m404 [0m49.190 ms - 7585[0m
[0mDELETE /api/product/deleteimagetId?id=3 [33m404 [0m49.056 ms - 7585[0m
[0mGET /api/category/main/list [32m200 [0m380.554 ms - 696[0m
[0mGET /api/category/sub-category/list [36m304 [0m464.351 ms - -[0m
[0mOPTIONS /api/category/sub-category/create [32m204 [0m7.051 ms - 0[0m
[0mPOST /api/category/sub-category/create [32m200 [0m542.835 ms - 55[0m
[0mGET /api/category/sub-category/list [32m200 [0m539.230 ms - 1286[0m
[0mDELETE /api/category/sub/deletesubId?id=8 [32m200 [0m299.392 ms - 62[0m
[0mDELETE /api/category/deleteId?id=2 [32m200 [0m397.000 ms - 62[0m
[0mGET /api/product/getAllproduct [36m304 [0m1026.168 ms - -[0m
[0mGET /api/product/getAllPhoto [32m200 [0m305.395 ms - 1670[0m
[0mGET /produit/1695754614263T1.jpg [36m304 [0m156.477 ms - -[0m
[0mGET /produit/1695754196334ENST.jpg [36m304 [0m150.314 ms - -[0m
[0mGET /produit/1695941364451ENSY.jpg [36m304 [0m167.948 ms - -[0m
[0mGET /produit/1695991670018ENS4.jpg [36m304 [0m191.250 ms - -[0m
[0mGET /produit/1696516332648T1.jpg [36m304 [0m132.636 ms - -[0m
[0mGET /produit/1696020094574ENST.jpg [36m304 [0m38.807 ms - -[0m
[0mGET /produit/1695751668068ARR32.jpg [36m304 [0m53.927 ms - -[0m
[0mGET /produit/1696080850442cas.jpg [36m304 [0m50.007 ms - -[0m
[0mGET /produit/1696081222154ARR32.jpg [36m304 [0m97.279 ms - -[0m
[0mGET /produit/1695747027807TS1.jpg [36m304 [0m122.335 ms - -[0m
[0mGET /produit/1695940802934TS3.jpg [36m304 [0m50.671 ms - -[0m
[0mGET /produit/1696020142327TS1.jpg [36m304 [0m10.328 ms - -[0m
[0mDELETE /api/category/deleteId?id=6 [32m200 [0m253.895 ms - 62[0m
[0mGET /api/product/getAllproduct [36m304 [0m544.550 ms - -[0m
[0mGET /api/product/getAllPhoto [32m200 [0m574.607 ms - 1589[0m
[0mGET /produit/1695754614263T1.jpg [36m304 [0m19.706 ms - -[0m
[0mGET /produit/1696516332648T1.jpg [36m304 [0m22.438 ms - -[0m
[0mGET /produit/1695754196334ENST.jpg [36m304 [0m35.639 ms - -[0m
[0mGET /produit/1695941364451ENSY.jpg [36m304 [0m36.041 ms - -[0m
[0mGET /produit/1695991670018ENS4.jpg [36m304 [0m29.618 ms - -[0m
[0mGET /produit/1695751668068ARR32.jpg [36m304 [0m10.828 ms - -[0m
[0mGET /produit/1696081222154ARR32.jpg [36m304 [0m19.997 ms - -[0m
[0mGET /produit/1696080850442cas.jpg [36m304 [0m13.404 ms - -[0m
[0mGET /produit/1695747027807TS1.jpg [36m304 [0m17.196 ms - -[0m
[0mGET /produit/1696020142327TS1.jpg [36m304 [0m11.348 ms - -[0m
[0mGET /produit/1695940802934TS3.jpg [36m304 [0m10.920 ms - -[0m
[0mGET /api/product/getAllPhoto [36m304 [0m1173.135 ms - -[0m
[0mGET /api/product/getAllproduct [36m304 [0m2005.915 ms - -[0m
[0mGET /api/product/getAllproduct [36m304 [0m522.947 ms - -[0m
[0mGET /produit/1695754196334ENST.jpg [36m304 [0m73.281 ms - -[0m
[0mGET /produit/1695754614263T1.jpg [36m304 [0m20.926 ms - -[0m
[0mGET /produit/1695751668068ARR32.jpg [36m304 [0m93.049 ms - -[0m
[0mGET /produit/1695747027807TS1.jpg [36m304 [0m104.566 ms - -[0m
[0mGET /produit/1696961562793ENS1.jpg [36m304 [0m243.517 ms - -[0m
[0mGET /produit/1696961650011tape2.jpg [36m304 [0m888.301 ms - -[0m
[0mGET /produit/1695990880479SACS.jpg [36m304 [0m539.344 ms - -[0m
[0mGET /produit/1695991260175tap1.jpg [36m304 [0m1178.087 ms - -[0m
[0mGET /produit/1696448643139ARR3.jpg [36m304 [0m583.747 ms - -[0m
[0mGET /produit/1695753661047tap3.jpg [36m304 [0m240.591 ms - -[0m
[0mGET /produit/1695752820497e3.jpg [36m304 [0m129.756 ms - -[0m
[0mDELETE /api/category/deleteproductId?id=11 [32m200 [0m1896.125 ms - 62[0m
[0mGET /api/product/getAllproduct [32m200 [0m895.074 ms - 4544[0m
[0mGET /produit/1696961562793ENS1.jpg [36m304 [0m11.038 ms - -[0m
[0mGET /produit/1696448643139ARR3.jpg [36m304 [0m25.715 ms - -[0m
[0mGET /produit/1695991260175tap1.jpg [36m304 [0m21.389 ms - -[0m
[0mGET /produit/1695990880479SACS.jpg [36m304 [0m76.924 ms - -[0m
[0mGET /produit/1695754614263T1.jpg [36m304 [0m15.293 ms - -[0m
[0mGET /produit/1695753661047tap3.jpg [36m304 [0m101.285 ms - -[0m
[0mGET /produit/1695752820497e3.jpg [36m304 [0m100.279 ms - -[0m
[0mGET /produit/1695754196334ENST.jpg [36m304 [0m92.119 ms - -[0m
[0mGET /produit/1695751668068ARR32.jpg [36m304 [0m98.350 ms - -[0m
[0mGET /produit/1695747027807TS1.jpg [36m304 [0m66.621 ms - -[0m
[0mOPTIONS /api/category/deleteproductId?id=10 [32m204 [0m31.177 ms - 0[0m
[0mDELETE /api/category/deleteproductId?id=10 [32m200 [0m614.972 ms - 62[0m
[0mGET /api/product/getAllproduct [32m200 [0m267.253 ms - 4083[0m
[0mGET /api/product/getAllproduct [36m304 [0m299.439 ms - -[0m
[0mGET /api/product/getAllPhoto [32m200 [0m450.265 ms - 1395[0m
[0mGET /produit/1695754614263T1.jpg [36m304 [0m15.835 ms - -[0m
[0mGET /produit/1695754196334ENST.jpg [36m304 [0m12.199 ms - -[0m
[0mGET /produit/1695751668068ARR32.jpg [36m304 [0m15.667 ms - -[0m
[0mGET /produit/1695747027807TS1.jpg [36m304 [0m12.721 ms - -[0m
[0mGET /produit/1695991670018ENS4.jpg [36m304 [0m23.944 ms - -[0m
[0mGET /produit/1696081222154ARR32.jpg [36m304 [0m30.389 ms - -[0m
[0mGET /produit/1696020142327TS1.jpg [36m304 [0m26.894 ms - -[0m
[0mGET /produit/1696080850442cas.jpg [36m304 [0m21.462 ms - -[0m
[0mGET /produit/1696516332648T1.jpg [36m304 [0m23.982 ms - -[0m
[0mGET /produit/1695941364451ENSY.jpg [36m304 [0m24.916 ms - -[0m
[0mGET /produit/1695940802934TS3.jpg [36m304 [0m35.297 ms - -[0m
[0mOPTIONS /api/category/deleteimageId?id=2 [32m204 [0m9.950 ms - 0[0m
[0mDELETE /api/category/deleteimageId?id=2 [31m500 [0m1149.370 ms - 2321[0m
[0mDELETE /api/category/deleteimageId?id=8 [32m200 [0m2763.064 ms - 62[0m
[0mGET /api/product/getAllproduct [36m304 [0m537.693 ms - -[0m
[0mGET /api/product/getAllPhoto [32m200 [0m668.148 ms - 1311[0m
[0mGET /produit/1695754614263T1.jpg [36m304 [0m16.611 ms - -[0m
[0mGET /produit/1696516332648T1.jpg [36m304 [0m17.800 ms - -[0m
[0mGET /produit/1695754196334ENST.jpg [36m304 [0m27.388 ms - -[0m
[0mGET /produit/1695991670018ENS4.jpg [36m304 [0m49.932 ms - -[0m
[0mGET /produit/1695941364451ENSY.jpg [36m304 [0m63.449 ms - -[0m
[0mGET /produit/1695751668068ARR32.jpg [36m304 [0m46.064 ms - -[0m
[0mGET /produit/1696081222154ARR32.jpg [36m304 [0m42.829 ms - -[0m
[0mGET /produit/1695747027807TS1.jpg [36m304 [0m53.552 ms - -[0m
[0mGET /produit/1696020142327TS1.jpg [36m304 [0m132.498 ms - -[0m
[0mGET /produit/1695940802934TS3.jpg [36m304 [0m131.769 ms - -[0m
[0mOPTIONS /api/category/deleteimageId?id=1 [32m204 [0m12.697 ms - 0[0m
[0mDELETE /api/category/deleteimageId?id=1 [31m500 [0m266.458 ms - 2321[0m
[0mOPTIONS /api/category/deleteimageId?id=1 [32m204 [0m6.498 ms - 0[0m
[0mDELETE /api/category/deleteimageId?id=1 [31m500 [0m97.823 ms - 2321[0m
[0mGET /api/product/getAllproduct [36m304 [0m669.634 ms - -[0m
[0mGET /api/product/getAllPhoto [36m304 [0m705.298 ms - -[0m
[0mGET /produit/1695754614263T1.jpg [36m304 [0m66.778 ms - -[0m
[0mGET /produit/1696516332648T1.jpg [36m304 [0m60.624 ms - -[0m
[0mGET /produit/1695754196334ENST.jpg [36m304 [0m38.567 ms - -[0m
[0mGET /produit/1695991670018ENS4.jpg [36m304 [0m150.714 ms - -[0m
[0mGET /produit/1695751668068ARR32.jpg [36m304 [0m223.109 ms - -[0m
[0mGET /produit/1695941364451ENSY.jpg [36m304 [0m8.172 ms - -[0m
[0mGET /produit/1696081222154ARR32.jpg [36m304 [0m34.823 ms - -[0m
[0mGET /produit/1695747027807TS1.jpg [36m304 [0m35.341 ms - -[0m
[0mGET /produit/1696020142327TS1.jpg [36m304 [0m32.817 ms - -[0m
[0mGET /produit/1695940802934TS3.jpg [36m304 [0m30.310 ms - -[0m
[0mOPTIONS /api/category/deleteimageId?id=1 [32m204 [0m6.759 ms - 0[0m
[0mDELETE /api/category/deleteimageId?id=1 [31m500 [0m192.364 ms - 2321[0m
[0mGET /api/product/getAllproduct [36m304 [0m703.181 ms - -[0m
[0mGET /api/product/getAllPhoto [36m304 [0m1206.612 ms - -[0m
[0mGET /produit/1695991670018ENS4.jpg [36m304 [0m315.571 ms - -[0m
[0mGET /produit/1695754614263T1.jpg [36m304 [0m310.640 ms - -[0m
[0mGET /produit/1696516332648T1.jpg [36m304 [0m308.439 ms - -[0m
[0mGET /produit/1695754196334ENST.jpg [36m304 [0m305.287 ms - -[0m
[0mGET /produit/1695941364451ENSY.jpg [36m304 [0m252.105 ms - -[0m
[0mGET /produit/1695751668068ARR32.jpg [36m304 [0m257.401 ms - -[0m
[0mGET /produit/1696081222154ARR32.jpg [36m304 [0m252.104 ms - -[0m
[0mGET /produit/1695747027807TS1.jpg [36m304 [0m243.438 ms - -[0m
[0mGET /produit/1696020142327TS1.jpg [36m304 [0m235.014 ms - -[0m
[0mGET /produit/1695940802934TS3.jpg [36m304 [0m24.301 ms - -[0m
[0mPOST /api/product/updatephoto [33m404 [0m5056.092 ms - 7585[0m
[0mGET /api/category/main/list [36m304 [0m8117.116 ms - -[0m
[0mGET /api/category/sub-category/list [32m200 [0m3381.314 ms - 1110[0m
[0mGET /api/category/child-category/list [36m304 [0m5011.974 ms - -[0m
[0mGET /api/product/getAllproduct [36m304 [0m2016.055 ms - -[0m
[0mGET /api/product/getAllproduct [36m304 [0m565.445 ms - -[0m
[0mGET /api/product/getAllPhoto [32m200 [0m775.593 ms - 1311[0m
[0mGET /produit/1695754614263T1.jpg [36m304 [0m140.031 ms - -[0m
[0mGET /produit/1695754196334ENST.jpg [36m304 [0m134.118 ms - -[0m
[0mGET /produit/1696516332648T1.jpg [36m304 [0m128.238 ms - -[0m
[0mGET /produit/1695941364451ENSY.jpg [36m304 [0m50.514 ms - -[0m
[0mGET /produit/1695991670018ENS4.jpg [36m304 [0m43.974 ms - -[0m
[0mGET /produit/1695751668068ARR32.jpg [36m304 [0m37.189 ms - -[0m
[0mGET /produit/1696081222154ARR32.jpg [36m304 [0m60.870 ms - -[0m
[0mGET /produit/1695747027807TS1.jpg [36m304 [0m50.056 ms - -[0m
[0mGET /produit/1696020142327TS1.jpg [36m304 [0m63.289 ms - -[0m
[0mGET /produit/1695940802934TS3.jpg [36m304 [0m10.480 ms - -[0m
[0mGET /api/product/getAllproduct [36m304 [0m2507.206 ms - -[0m
[0mGET /api/product/getAllPhoto [32m200 [0m2331.117 ms - 1311[0m
[0mGET /produit/1695754614263T1.jpg [36m304 [0m146.873 ms - -[0m
[0mGET /produit/1695754196334ENST.jpg [36m304 [0m153.367 ms - -[0m
[0mGET /produit/1696516332648T1.jpg [36m304 [0m148.458 ms - -[0m
[0mGET /produit/1695941364451ENSY.jpg [36m304 [0m34.019 ms - -[0m
[0mGET /produit/1695751668068ARR32.jpg [36m304 [0m19.774 ms - -[0m
[0mGET /produit/1696081222154ARR32.jpg [36m304 [0m76.031 ms - -[0m
[0mGET /produit/1696020142327TS1.jpg [36m304 [0m99.023 ms - -[0m
[0mGET /produit/1695991670018ENS4.jpg [36m304 [0m181.641 ms - -[0m
[0mGET /produit/1695747027807TS1.jpg [36m304 [0m142.684 ms - -[0m
[0mGET /produit/1695940802934TS3.jpg [36m304 [0m133.688 ms - -[0m
[0mGET /api/product/getAllproduct [36m304 [0m274.319 ms - -[0m
[0mGET /api/product/getAllPhoto [36m304 [0m454.485 ms - -[0m
[0mGET /api/category/main/list [36m304 [0m148.525 ms - -[0m
[0mGET /produit/1696998821128ARR5.jpg [36m304 [0m1249.531 ms - -[0m
[0mGET /produit/1695989601836C2.jpg [36m304 [0m77.997 ms - -[0m
[0mGET /produit/1695989763210acc1.jpg [36m304 [0m97.221 ms - -[0m
[0mGET /produit/1695989675538cas.jpg [36m304 [0m123.645 ms - -[0m
[0mGET /api/category/main/list [36m304 [0m40.042 ms - -[0m
[0mGET /api/category/main/list [36m304 [0m88.887 ms - -[0m
[0mGET /api/category/main/list [36m304 [0m125.000 ms - -[0m
[0mGET /api/product/getAllproduct [36m304 [0m602.723 ms - -[0m
[0mGET /api/product/getAllPhoto [36m304 [0m648.991 ms - -[0m
[0mGET /produit/1695754614263T1.jpg [36m304 [0m63.897 ms - -[0m
[0mGET /produit/1696516332648T1.jpg [36m304 [0m116.105 ms - -[0m
[0mGET /produit/1695754196334ENST.jpg [36m304 [0m116.443 ms - -[0m
[0mGET /produit/1695991670018ENS4.jpg [36m304 [0m108.181 ms - -[0m
[0mGET /produit/1695941364451ENSY.jpg [36m304 [0m104.807 ms - -[0m
[0mGET /produit/1695751668068ARR32.jpg [36m304 [0m156.682 ms - -[0m
[0mGET /produit/1696081222154ARR32.jpg [36m304 [0m9.443 ms - -[0m
[0mGET /produit/1695747027807TS1.jpg [36m304 [0m27.201 ms - -[0m
[0mGET /produit/1696020142327TS1.jpg [36m304 [0m27.176 ms - -[0m
[0mGET /produit/1695940802934TS3.jpg [36m304 [0m26.648 ms - -[0m
[0mGET /api/category/main/list [36m304 [0m148.575 ms - -[0m
[0mGET /produit/1696998821128ARR5.jpg [36m304 [0m35.943 ms - -[0m
[0mGET /produit/1695989601836C2.jpg [36m304 [0m41.575 ms - -[0m
[0mGET /produit/1695989675538cas.jpg [36m304 [0m31.953 ms - -[0m
[0mGET /produit/1695989763210acc1.jpg [36m304 [0m33.368 ms - -[0m
[0mGET /api/category/main/list [36m304 [0m310.091 ms - -[0m
[0mGET /api/product/getAllproduct [36m304 [0m393.948 ms - -[0m
[0mGET /api/product/getAllPhoto [36m304 [0m400.286 ms - -[0m
[0mGET /produit/1695754614263T1.jpg [36m304 [0m99.037 ms - -[0m
[0mGET /produit/1696516332648T1.jpg [36m304 [0m93.627 ms - -[0m
[0mGET /produit/1695754196334ENST.jpg [36m304 [0m90.319 ms - -[0m
[0mGET /produit/1695991670018ENS4.jpg [36m304 [0m86.548 ms - -[0m
[0mGET /produit/1695941364451ENSY.jpg [36m304 [0m94.451 ms - -[0m
[0mGET /produit/1695751668068ARR32.jpg [36m304 [0m121.527 ms - -[0m
[0mGET /produit/1696081222154ARR32.jpg [36m304 [0m141.367 ms - -[0m
[0mGET /produit/1695747027807TS1.jpg [36m304 [0m137.319 ms - -[0m
[0mGET /produit/1696020142327TS1.jpg [36m304 [0m126.656 ms - -[0m
[0mGET /produit/1695940802934TS3.jpg [36m304 [0m91.139 ms - -[0m
[0mGET /api/category/main/list [36m304 [0m87.039 ms - -[0m
[0mGET /produit/1696998821128ARR5.jpg [36m304 [0m12.068 ms - -[0m
[0mGET /produit/1695989601836C2.jpg [36m304 [0m13.124 ms - -[0m
[0mGET /produit/1695989675538cas.jpg [36m304 [0m17.638 ms - -[0m
[0mGET /produit/1695989763210acc1.jpg [36m304 [0m13.700 ms - -[0m
[0mGET /api/product/getAllproduct [36m304 [0m1181.439 ms - -[0m
[0mGET /api/product/getAllPhoto [32m200 [0m779.997 ms - 1311[0m
[0mGET /produit/1695754614263T1.jpg [36m304 [0m55.315 ms - -[0m
[0mGET /produit/1696516332648T1.jpg [36m304 [0m50.619 ms - -[0m
[0mGET /produit/1695754196334ENST.jpg [36m304 [0m47.374 ms - -[0m
[0mGET /produit/1695941364451ENSY.jpg [36m304 [0m46.817 ms - -[0m
[0mGET /produit/1695991670018ENS4.jpg [36m304 [0m43.930 ms - -[0m
[0mGET /produit/1695751668068ARR32.jpg [36m304 [0m42.666 ms - -[0m
[0mGET /produit/1696081222154ARR32.jpg [36m304 [0m9.971 ms - -[0m
[0mGET /produit/1695747027807TS1.jpg [36m304 [0m192.514 ms - -[0m
[0mGET /produit/1696020142327TS1.jpg [36m304 [0m54.554 ms - -[0m
[0mGET /produit/1695940802934TS3.jpg [36m304 [0m13.506 ms - -[0m
[0mGET /api/product/getAllproduct [36m304 [0m61738.087 ms - -[0m
[0mGET /api/product/getAllPhoto [32m200 [0m38384.556 ms - 1311[0m
[0mGET /produit/1695754614263T1.jpg [36m304 [0m7653.575 ms - -[0m
[0mGET /produit/1696516332648T1.jpg [36m304 [0m9975.015 ms - -[0m
[0mGET /produit/1695754196334ENST.jpg [36m304 [0m9974.128 ms - -[0m
[0mGET /produit/1695991670018ENS4.jpg [36m304 [0m1076.596 ms - -[0m
[0mGET /produit/1695941364451ENSY.jpg [36m304 [0m9311.977 ms - -[0m
[0mGET /produit/1695751668068ARR32.jpg [36m304 [0m697.032 ms - -[0m
[0mGET /produit/1696081222154ARR32.jpg [36m304 [0m734.507 ms - -[0m
[0mGET /produit/1695747027807TS1.jpg [36m304 [0m467.786 ms - -[0m
[0mGET /produit/1696020142327TS1.jpg [36m304 [0m883.554 ms - -[0m
[0mGET /produit/1695940802934TS3.jpg [36m304 [0m424.636 ms - -[0m
[0mGET /api/product/getAllproduct [36m304 [0m1041.429 ms - -[0m
[0mGET /api/product/getAllPhoto [36m304 [0m870.153 ms - -[0m
[0mGET /api/product/getAllPhoto [36m304 [0m1504.559 ms - -[0m
[0mGET /api/product/getAllproduct [36m304 [0m1565.312 ms - -[0m
[0mGET /api/product/getAllPhoto [36m304 [0m1058.979 ms - -[0m
[0mGET /api/product/getAllproduct [36m304 [0m1489.841 ms - -[0m
[0mOPTIONS /api/category/deleteimageId?id=6 [32m204 [0m259.480 ms - 0[0m
[0mOPTIONS /api/category/deleteimageId?id=5 [32m204 [0m273.990 ms - 0[0m
[0mDELETE /api/category/deleteimageId?id=6 [31m500 [0m13922.270 ms - 2321[0m
[0mDELETE /api/category/deleteimageId?id=5 [32m200 [0m13455.312 ms - 62[0m
[0mGET /api/product/getAllproduct [36m304 [0m29558.517 ms - -[0m
[0mGET /api/product/getAllPhoto [32m200 [0m9884.686 ms - 1232[0m
[0mGET /produit/1695754614263T1.jpg [36m304 [0m4991.029 ms - -[0m
[0mGET /produit/1695754196334ENST.jpg [36m304 [0m1718.244 ms - -[0m
[0mGET /produit/1696516332648T1.jpg [36m304 [0m2456.774 ms - -[0m
[0mGET /produit/1696081222154ARR32.jpg [36m304 [0m1362.670 ms - -[0m
[0mGET /produit/1695941364451ENSY.jpg [36m304 [0m1622.321 ms - -[0m
[0mGET /produit/1695751668068ARR32.jpg [36m304 [0m1332.710 ms - -[0m
[0mGET /produit/1695747027807TS1.jpg [36m304 [0m307.005 ms - -[0m
[0mGET /produit/1696020142327TS1.jpg [36m304 [0m1507.376 ms - -[0m
[0mGET /produit/1695940802934TS3.jpg [36m304 [0m1429.245 ms - -[0m
[0mGET /api/product/getAllproduct [36m304 [0m937.159 ms - -[0m
[0mGET /api/product/getAllPhoto [36m304 [0m1098.736 ms - -[0m
[0mGET /produit/1695754614263T1.jpg [36m304 [0m1398.584 ms - -[0m
[0mGET /produit/1696516332648T1.jpg [36m304 [0m1337.343 ms - -[0m
[0mGET /produit/1695754196334ENST.jpg [36m304 [0m1325.048 ms - -[0m
[0mGET /produit/1695941364451ENSY.jpg [36m304 [0m1088.284 ms - -[0m
[0mGET /produit/1695751668068ARR32.jpg [36m304 [0m213.986 ms - -[0m
[0mGET /produit/1696081222154ARR32.jpg [36m304 [0m209.155 ms - -[0m
[0mGET /produit/1695747027807TS1.jpg [36m304 [0m76.906 ms - -[0m
[0mGET /produit/1696020142327TS1.jpg [36m304 [0m70.399 ms - -[0m
[0mGET /produit/1695940802934TS3.jpg [36m304 [0m48.938 ms - -[0m
[0mGET /api/product/getAllPhoto [36m304 [0m208.300 ms - -[0m
[0mGET /api/product/getAllproduct [36m304 [0m1358.592 ms - -[0m
[0mGET /produit/1695754614263T1.jpg [36m304 [0m174.815 ms - -[0m
[0mGET /produit/1696516332648T1.jpg [36m304 [0m61.575 ms - -[0m
[0mGET /produit/1695754196334ENST.jpg [36m304 [0m15.612 ms - -[0m
[0mGET /produit/1695941364451ENSY.jpg [36m304 [0m12.350 ms - -[0m
[0mGET /produit/1695751668068ARR32.jpg [36m304 [0m2761.093 ms - -[0m
[0mGET /produit/1696081222154ARR32.jpg [36m304 [0m2685.122 ms - -[0m
[0mGET /produit/1695747027807TS1.jpg [36m304 [0m5550.094 ms - -[0m
[0mGET /produit/1696020142327TS1.jpg [36m304 [0m4218.580 ms - -[0m
[0mGET /produit/1695940802934TS3.jpg [36m304 [0m2771.038 ms - -[0m
[0mGET /api/product/getAllproduct [36m304 [0m713.714 ms - -[0m
[0mGET /api/product/getAllPhoto [36m304 [0m555.598 ms - -[0m
[0mGET /produit/1695754614263T1.jpg [36m304 [0m219.874 ms - -[0m
[0mGET /produit/1696516332648T1.jpg [36m304 [0m304.166 ms - -[0m
[0mGET /produit/1695941364451ENSY.jpg [36m304 [0m311.593 ms - -[0m
[0mGET /produit/1695754196334ENST.jpg [36m304 [0m325.042 ms - -[0m
[0mGET /produit/1695751668068ARR32.jpg [36m304 [0m247.213 ms - -[0m
[0mGET /produit/1696081222154ARR32.jpg [36m304 [0m385.963 ms - -[0m
[0mGET /produit/1695747027807TS1.jpg [36m304 [0m10.063 ms - -[0m
[0mGET /produit/1696020142327TS1.jpg [36m304 [0m19.101 ms - -[0m
[0mGET /produit/1695940802934TS3.jpg [36m304 [0m19.281 ms - -[0m
[0mGET /api/product/getAllproduct [36m304 [0m576.516 ms - -[0m
[0mGET /api/product/getAllPhoto [36m304 [0m739.567 ms - -[0m
[0mGET /produit/1695754614263T1.jpg [36m304 [0m9.052 ms - -[0m
[0mGET /produit/1696516332648T1.jpg [36m304 [0m86.286 ms - -[0m
[0mGET /produit/1695754196334ENST.jpg [36m304 [0m192.954 ms - -[0m
[0mGET /produit/1695941364451ENSY.jpg [36m304 [0m135.511 ms - -[0m
[0mGET /produit/1695751668068ARR32.jpg [36m304 [0m145.268 ms - -[0m
[0mGET /produit/1696081222154ARR32.jpg [36m304 [0m124.688 ms - -[0m
[0mGET /produit/1695747027807TS1.jpg [36m304 [0m22.818 ms - -[0m
[0mGET /produit/1696020142327TS1.jpg [36m304 [0m29.540 ms - -[0m
[0mGET /produit/1695940802934TS3.jpg [36m304 [0m18.971 ms - -[0m
[0mGET /api/product/getAllproduct [36m304 [0m50999.774 ms - -[0m
[0mGET /api/product/getAllPhoto [36m304 [0m11315.593 ms - -[0m
[0mGET /api/product/getAllproduct [32m200 [0m12916.447 ms - 4083[0m
[0mGET /api/product/getAllPhoto [32m200 [0m12995.031 ms - 1232[0m
[0mGET /produit/1695751668068ARR32.jpg [0m- [0m- ms - -[0m
[0mGET /produit/1695754614263T1.jpg [36m304 [0m8610.252 ms - -[0m
[0mGET /produit/1695754196334ENST.jpg [36m304 [0m8650.317 ms - -[0m
[0mGET /produit/1696516332648T1.jpg [36m304 [0m8819.989 ms - -[0m
[0mGET /produit/1696081222154ARR32.jpg [36m304 [0m8414.845 ms - -[0m
[0mGET /produit/1695941364451ENSY.jpg [36m304 [0m10176.449 ms - -[0m
[0mGET /produit/1695751668068ARR32.jpg [32m200 [0m27000.993 ms - 1907[0m
[0mGET /produit/1695941364451ENSY.jpg [32m200 [0m30959.132 ms - 8789[0m
[0mGET /produit/1696081222154ARR32.jpg [32m200 [0m27609.113 ms - 1907[0m
[0mGET /api/product/getAllproduct [36m304 [0m31669.435 ms - -[0m
[0mGET /produit/1695747027807TS1.jpg [36m304 [0m128.535 ms - -[0m
[0mGET /produit/1696020142327TS1.jpg [36m304 [0m6.443 ms - -[0m
[0mGET /produit/1695991260175tap1.jpg [36m304 [0m1531.775 ms - -[0m
[0mGET /produit/1695754614263T1.jpg [36m304 [0m1412.204 ms - -[0m
[0mGET /produit/1695754196334ENST.jpg [36m304 [0m572.678 ms - -[0m
[0mGET /produit/1695751668068ARR32.jpg [36m304 [0m568.898 ms - -[0m
[0mGET /produit/1695940802934TS3.jpg [36m304 [0m571.271 ms - -[0m
[0mGET /produit/1695753661047tap3.jpg [36m304 [0m139.455 ms - -[0m
[0mGET /produit/1695752820497e3.jpg [36m304 [0m133.552 ms - -[0m
[0mGET /produit/1695747027807TS1.jpg [36m304 [0m169.012 ms - -[0m
[0mGET /produit/1695990880479SACS.jpg [36m304 [0m782.874 ms - -[0m
[0mGET /produit/1696448643139ARR3.jpg [36m304 [0m839.224 ms - -[0m
[0mGET /api/product/getAllPhoto [36m304 [0m2024.540 ms - -[0m
[0mGET /api/product/getAllproduct [36m304 [0m3038.172 ms - -[0m
[0mGET /produit/1695754614263T1.jpg [36m304 [0m271.198 ms - -[0m
[0mGET /produit/1695754196334ENST.jpg [36m304 [0m263.825 ms - -[0m
[0mGET /produit/1695751668068ARR32.jpg [36m304 [0m334.861 ms - -[0m
[0mGET /produit/1695747027807TS1.jpg [36m304 [0m236.419 ms - -[0m
[0mGET /produit/1696516332648T1.jpg [36m304 [0m231.406 ms - -[0m
[0mGET /produit/1695941364451ENSY.jpg [36m304 [0m223.284 ms - -[0m
[0mGET /produit/1695940802934TS3.jpg [36m304 [0m12.802 ms - -[0m
[0mGET /produit/1696020142327TS1.jpg [36m304 [0m42.441 ms - -[0m
[0mGET /produit/1696081222154ARR32.jpg [36m304 [0m139.411 ms - -[0m
[0mPOST /api/product/updatephoto [33m404 [0m2906.229 ms - 7585[0m
[0mGET /api/product/getAllPhoto [32m200 [0m2406.315 ms - 1232[0m
[0mGET /api/product/getAllproduct [32m200 [0m2373.208 ms - 4083[0m
[0mGET /produit/1695754614263T1.jpg [32m200 [0m111.236 ms - 9012[0m
[0mGET /produit/1695754196334ENST.jpg [32m200 [0m107.251 ms - 4600[0m
[0mGET /produit/1696516332648T1.jpg [32m200 [0m116.825 ms - 9012[0m
[0mGET /produit/1696081222154ARR32.jpg [32m200 [0m114.102 ms - 1907[0m
[0mGET /produit/1695751668068ARR32.jpg [32m200 [0m119.142 ms - 1907[0m
[0mGET /produit/1695941364451ENSY.jpg [32m200 [0m125.822 ms - 8789[0m
[0mGET /produit/1695747027807TS1.jpg [32m200 [0m8.692 ms - 4327[0m
[0mGET /produit/1695940802934TS3.jpg [32m200 [0m6.853 ms - 2846[0m
[0mGET /produit/1696020142327TS1.jpg [32m200 [0m40.820 ms - 4327[0m
[0mPOST /api/product/updatephoto [33m404 [0m28.701 ms - 7585[0m
[0mGET /api/product/getAllproduct [36m304 [0m41.915 ms - -[0m
[0mGET /api/product/getAllPhoto [36m304 [0m201.464 ms - -[0m
[0mPOST /api/product/updatephoto [33m404 [0m101.728 ms - 7585[0m
[0mGET /api/product/getAllproduct [36m304 [0m994.492 ms - -[0m
[0mGET /api/product/getAllPhoto [36m304 [0m893.297 ms - -[0m
[0mGET /produit/1695754614263T1.jpg [36m304 [0m20.895 ms - -[0m
[0mGET /produit/1696516332648T1.jpg [36m304 [0m15.877 ms - -[0m
[0mGET /produit/1695754196334ENST.jpg [36m304 [0m15.523 ms - -[0m
[0mGET /produit/1695941364451ENSY.jpg [36m304 [0m9.868 ms - -[0m
[0mGET /produit/1695751668068ARR32.jpg [36m304 [0m2.885 ms - -[0m
[0mGET /produit/1696081222154ARR32.jpg [36m304 [0m7.627 ms - -[0m
[0mGET /produit/1695747027807TS1.jpg [36m304 [0m4.146 ms - -[0m
[0mGET /produit/1696020142327TS1.jpg [36m304 [0m7.764 ms - -[0m
[0mGET /produit/1695940802934TS3.jpg [36m304 [0m9.958 ms - -[0m
[0mPOST /api/product/updatephoto [31m500 [0m3361.362 ms - 3844[0m
[0mPOST /api/product/updatephoto [31m500 [0m153.399 ms - 3844[0m
[0mPOST /api/product/updatephoto [31m500 [0m756.873 ms - 3844[0m
[0mPOST /api/product/updatephoto [31m500 [0m22.167 ms - 3844[0m
[0mPOST /api/product/updatephoto [31m500 [0m17.303 ms - 3844[0m
[0mGET /api/product/getAllproduct [36m304 [0m1105.229 ms - -[0m
[0mGET /api/product/getAllPhoto [36m304 [0m822.441 ms - -[0m
[0mGET /produit/1695754614263T1.jpg [36m304 [0m12.985 ms - -[0m
[0mGET /produit/1696516332648T1.jpg [36m304 [0m12.548 ms - -[0m
[0mGET /produit/1695754196334ENST.jpg [36m304 [0m4.559 ms - -[0m
[0mGET /produit/1695941364451ENSY.jpg [36m304 [0m9.334 ms - -[0m
[0mGET /produit/1695751668068ARR32.jpg [36m304 [0m13.540 ms - -[0m
[0mGET /produit/1696081222154ARR32.jpg [36m304 [0m10.773 ms - -[0m
[0mGET /produit/1695747027807TS1.jpg [36m304 [0m4.787 ms - -[0m
[0mGET /produit/1696020142327TS1.jpg [36m304 [0m4.030 ms - -[0m
[0mGET /produit/1695940802934TS3.jpg [36m304 [0m3.927 ms - -[0m
[0mGET /api/product/getAllproduct [36m304 [0m79.050 ms - -[0m
[0mGET /produit/1695754614263T1.jpg [36m304 [0m19.303 ms - -[0m
[0mGET /produit/1695754196334ENST.jpg [36m304 [0m17.560 ms - -[0m
[0mGET /produit/1695751668068ARR32.jpg [36m304 [0m28.012 ms - -[0m
[0mGET /produit/1695747027807TS1.jpg [36m304 [0m24.903 ms - -[0m
[0mGET /produit/1695753661047tap3.jpg [32m200 [0m211.049 ms - 9338[0m
[0mGET /produit/1695752820497e3.jpg [32m200 [0m20.794 ms - 7440[0m
[0mGET /produit/1695991260175tap1.jpg [32m200 [0m699.327 ms - 3388[0m
[0mGET /produit/1695990880479SACS.jpg [32m200 [0m575.153 ms - 7551[0m
[0mGET /produit/1696448643139ARR3.jpg [32m200 [0m708.661 ms - 3465[0m
[0mGET /api/product/getAllproduct [36m304 [0m97.094 ms - -[0m
[0mGET /api/product/getAllPhoto [36m304 [0m103.955 ms - -[0m
[0mGET /produit/1695754614263T1.jpg [36m304 [0m4.500 ms - -[0m
[0mGET /produit/1695754196334ENST.jpg [36m304 [0m12.589 ms - -[0m
[0mGET /produit/1695751668068ARR32.jpg [36m304 [0m9.143 ms - -[0m
[0mGET /produit/1695747027807TS1.jpg [36m304 [0m21.362 ms - -[0m
[0mGET /produit/1696081222154ARR32.jpg [36m304 [0m22.921 ms - -[0m
[0mGET /produit/1696516332648T1.jpg [36m304 [0m24.551 ms - -[0m
[0mGET /produit/1695941364451ENSY.jpg [36m304 [0m28.794 ms - -[0m
[0mGET /produit/1696020142327TS1.jpg [36m304 [0m29.636 ms - -[0m
[0mGET /produit/1695940802934TS3.jpg [36m304 [0m26.993 ms - -[0m
[0mGET /api/product/getAllproduct [36m304 [0m58.021 ms - -[0m
[0mGET /api/product/getAllPhoto [36m304 [0m106.978 ms - -[0m
[0mGET /api/product/getAllproduct [36m304 [0m909.553 ms - -[0m
[0mGET /api/product/getAllPhoto [36m304 [0m922.670 ms - -[0m
[0mGET /api/product/getAllproduct [36m304 [0m2660.305 ms - -[0m
[0mGET /api/product/getAllPhoto [36m304 [0m4576.928 ms - -[0m
[0mGET /produit/1695754614263T1.jpg [36m304 [0m399.740 ms - -[0m
[0mGET /produit/1696516332648T1.jpg [36m304 [0m348.326 ms - -[0m
[0mGET /produit/1695754196334ENST.jpg [36m304 [0m28.767 ms - -[0m
[0mGET /produit/1696081222154ARR32.jpg [36m304 [0m29.003 ms - -[0m
[0mGET /produit/1695751668068ARR32.jpg [36m304 [0m28.790 ms - -[0m
[0mGET /produit/1695941364451ENSY.jpg [36m304 [0m12.378 ms - -[0m
[0mGET /produit/1695747027807TS1.jpg [36m304 [0m1214.878 ms - -[0m
[0mGET /produit/1696020142327TS1.jpg [36m304 [0m1213.357 ms - -[0m
[0mGET /produit/1695940802934TS3.jpg [36m304 [0m1213.101 ms - -[0m
[0mGET /api/product/getAllproduct [36m304 [0m9780.328 ms - -[0m
[0mGET /api/product/getAllPhoto [36m304 [0m12167.389 ms - -[0m
[0mGET /produit/1695754614263T1.jpg [36m304 [0m6504.809 ms - -[0m
[0mGET /produit/1696516332648T1.jpg [36m304 [0m328.577 ms - -[0m
[0mGET /produit/1695754196334ENST.jpg [36m304 [0m328.285 ms - -[0m
[0mGET /produit/1695941364451ENSY.jpg [36m304 [0m1447.077 ms - -[0m
[0mGET /produit/1695751668068ARR32.jpg [36m304 [0m1445.158 ms - -[0m
[0mGET /produit/1696081222154ARR32.jpg [36m304 [0m1443.951 ms - -[0m
[0mGET /produit/1695747027807TS1.jpg [36m304 [0m509.563 ms - -[0m
[0mGET /produit/1696020142327TS1.jpg [36m304 [0m507.503 ms - -[0m
[0mGET /produit/1695940802934TS3.jpg [36m304 [0m508.026 ms - -[0m
[0mGET /api/category/main/list [32m200 [0m3848.739 ms - 696[0m
[0mGET /produit/1695989675538cas.jpg [32m200 [0m356.442 ms - 3513[0m
[0mGET /produit/1695989601836C2.jpg [32m200 [0m363.618 ms - 8412[0m
[0mGET /produit/1695989763210acc1.jpg [32m200 [0m362.440 ms - 7482[0m
[0mGET /produit/1696998821128ARR5.jpg [32m200 [0m382.124 ms - 3588[0m
[0mGET /api/category/main/list [36m304 [0m12201.663 ms - -[0m
[0mGET /api/category/main/list [36m304 [0m411.615 ms - -[0m
[0mGET /produit/1696998821128ARR5.jpg [36m304 [0m2091.070 ms - -[0m
[0mGET /produit/1695989601836C2.jpg [36m304 [0m1466.358 ms - -[0m
[0mGET /produit/1695989675538cas.jpg [36m304 [0m1464.959 ms - -[0m
[0mGET /produit/1695989763210acc1.jpg [36m304 [0m1464.658 ms - -[0m
[0mGET /api/category/main/list [36m304 [0m492.042 ms - -[0m
[0mGET /api/product/getAllproduct [36m304 [0m765.153 ms - -[0m
[0mGET /api/product/getAllPhoto [36m304 [0m733.303 ms - -[0m
[0mGET /produit/1695754614263T1.jpg [36m304 [0m309.476 ms - -[0m
[0mGET /produit/1696516332648T1.jpg [36m304 [0m307.863 ms - -[0m
[0mGET /produit/1695754196334ENST.jpg [36m304 [0m14.169 ms - -[0m
[0mGET /produit/1695941364451ENSY.jpg [36m304 [0m11.770 ms - -[0m
[0mGET /produit/1695751668068ARR32.jpg [36m304 [0m9.701 ms - -[0m
[0mGET /produit/1696081222154ARR32.jpg [36m304 [0m9.749 ms - -[0m
[0mGET /produit/1695747027807TS1.jpg [36m304 [0m59.860 ms - -[0m
[0mGET /produit/1696020142327TS1.jpg [36m304 [0m39.289 ms - -[0m
[0mGET /produit/1695940802934TS3.jpg [36m304 [0m50.927 ms - -[0m
[0mGET /api/product/getAllproduct [36m304 [0m438.592 ms - -[0m
[0mGET /api/product/getAllPhoto [36m304 [0m377.627 ms - -[0m
[0mGET /api/product/getAllPhoto [36m304 [0m78.763 ms - -[0m
[0mGET /api/product/getAllproduct [36m304 [0m227.080 ms - -[0m
[0mGET /api/product/getAllproduct [36m304 [0m196.172 ms - -[0m
[0mGET /api/product/getAllPhoto [36m304 [0m160.044 ms - -[0m
[0mGET /api/product/getAllPhoto [36m304 [0m48.898 ms - -[0m
[0mGET /api/product/getAllproduct [36m304 [0m843.110 ms - -[0m
[0mGET /api/product/getAllproduct [36m304 [0m25.698 ms - -[0m
[0mGET /api/product/getAllPhoto [36m304 [0m49.697 ms - -[0m
[0mGET /api/product/getAllproduct [36m304 [0m63.464 ms - -[0m
[0mGET /api/product/getAllPhoto [36m304 [0m116.617 ms - -[0m
[0mGET /api/product/getAllproduct [36m304 [0m21.763 ms - -[0m
[0mGET /api/product/getAllPhoto [36m304 [0m11.714 ms - -[0m
[0mGET /api/product/getAllPhoto [36m304 [0m31.093 ms - -[0m
[0mGET /api/product/getAllproduct [36m304 [0m47.201 ms - -[0m
[0mGET /api/product/getAllproduct [36m304 [0m10979.063 ms - -[0m
[0mGET /api/product/getAllPhoto [36m304 [0m9199.424 ms - -[0m
[0mOPTIONS / [32m204 [0m14.429 ms - 0[0m
[0mPOST / [33m404 [0m19.661 ms - 28[0m
[0mOPTIONS / [32m204 [0m2.178 ms - 0[0m
[0mPOST / [33m404 [0m43.877 ms - 28[0m
[0mGET /api/product/getAllproduct [36m304 [0m1749.036 ms - -[0m
[0mGET /api/product/getAllPhoto [36m304 [0m1527.514 ms - -[0m
[0mGET /produit/1696516332648T1.jpg [36m304 [0m1296.263 ms - -[0m
[0mGET /produit/1695754614263T1.jpg [36m304 [0m1500.744 ms - -[0m
[0mGET /produit/1695754196334ENST.jpg [36m304 [0m4.023 ms - -[0m
[0mGET /produit/1695751668068ARR32.jpg [36m304 [0m937.392 ms - -[0m
[0mGET /produit/1696081222154ARR32.jpg [36m304 [0m934.908 ms - -[0m
[0mGET /produit/1695941364451ENSY.jpg [36m304 [0m1543.146 ms - -[0m
[0mGET /produit/1696020142327TS1.jpg [36m304 [0m10.482 ms - -[0m
[0mGET /produit/1695940802934TS3.jpg [36m304 [0m7.789 ms - -[0m
[0mGET /produit/1695747027807TS1.jpg [36m304 [0m603.465 ms - -[0m
[0mOPTIONS /api/category/photoupdate [32m204 [0m213.730 ms - 0[0m
[0mPOST /api/category/photoupdate [32m200 [0m29462.730 ms - 54[0m
[0mGET /api/category/main/list [36m304 [0m5402.372 ms - -[0m
[0mGET /produit/1695989675538cas.jpg [36m304 [0m818.420 ms - -[0m
[0mGET /produit/1695989601836C2.jpg [36m304 [0m1311.901 ms - -[0m
[0mGET /produit/1696998821128ARR5.jpg [36m304 [0m1398.840 ms - -[0m
[0mGET /produit/1695989763210acc1.jpg [36m304 [0m4.109 ms - -[0m
[0mGET /api/product/getAllproduct [36m304 [0m1655.216 ms - -[0m
[0mGET /api/product/getAllPhoto [32m200 [0m2201.584 ms - 1233[0m
[0mGET /produit/1695941364451ENSY.jpg [36m304 [0m36.907 ms - -[0m
[0mGET /produit/1695754614263T1.jpg [36m304 [0m421.259 ms - -[0m
[0mGET /produit/1695754196334ENST.jpg [36m304 [0m499.296 ms - -[0m
[0mGET /produit/1695751668068ARR32.jpg [36m304 [0m229.557 ms - -[0m
[0mGET /produit/1696516332648T1.jpg [36m304 [0m745.959 ms - -[0m
[0mGET /produit/1696081222154ARR32.jpg [36m304 [0m474.426 ms - -[0m
[0mGET /produit/1695747027807TS1.jpg [36m304 [0m3.323 ms - -[0m
[0mGET /produit/1696020142327TS1.jpg [36m304 [0m92.226 ms - -[0m
[0mGET /produit/1695940802934TS3.jpg [36m304 [0m348.597 ms - -[0m
[0mGET /api/product/getAllPhoto [36m304 [0m1100.978 ms - -[0m
[0mGET /api/product/getAllproduct [36m304 [0m3666.783 ms - -[0m
[0mGET /api/product/getAllproduct [36m304 [0m355.632 ms - -[0m
[0mGET /api/product/getAllPhoto [36m304 [0m386.871 ms - -[0m
[0mGET /api/product/getAllproduct [36m304 [0m641.201 ms - -[0m
[0mGET /api/product/getAllPhoto [36m304 [0m421.017 ms - -[0m
[0mOPTIONS /api/category/deleteimageId?id[id]=9&id[photo]=produit%5C1696081222154ARR32.jpg&id[couleur]=cafe&id[taille]= [32m204 [0m2.909 ms - 0[0m
[0mDELETE /api/category/deleteimageId?id[id]=9&id[photo]=produit%5C1696081222154ARR32.jpg&id[couleur]=cafe&id[taille]= [31m500 [0m3309.565 ms - 2321[0m
[0mGET /api/category/sub-category/list [32m200 [0m348.334 ms - 1110[0m
[0mGET /api/category/main/list [36m304 [0m766.312 ms - -[0m
[0mOPTIONS /api/category/sub-category/create [32m204 [0m12.455 ms - 0[0m
[0mPOST /api/category/sub-category/create [32m200 [0m1538.889 ms - 55[0m
[0mGET /api/category/sub-category/list [32m200 [0m146.004 ms - 1287[0m
[0mOPTIONS /api/category/sub/deletesubId?id=9 [32m204 [0m2.650 ms - 0[0m
[0mDELETE /api/category/sub/deletesubId?id=9 [32m200 [0m466.874 ms - 62[0m
[0mGET /api/category/sub-category/list [32m200 [0m53.087 ms - 1110[0m
[0mGET /api/product/getAllproduct [36m304 [0m248.311 ms - -[0m
[0mGET /api/product/getAllPhoto [36m304 [0m240.037 ms - -[0m
[0mGET /produit/1695754614263T1.jpg [36m304 [0m431.951 ms - -[0m
[0mGET /produit/1695754196334ENST.jpg [36m304 [0m457.132 ms - -[0m
[0mGET /produit/1695941364451ENSY.jpg [36m304 [0m433.648 ms - -[0m
[0mGET /produit/1696516332648T1.jpg [36m304 [0m461.921 ms - -[0m
[0mGET /produit/1696081222154ARR32.jpg [36m304 [0m410.576 ms - -[0m
[0mGET /produit/1695751668068ARR32.jpg [36m304 [0m434.970 ms - -[0m
[0mGET /produit/1696020142327TS1.jpg [36m304 [0m7.898 ms - -[0m
[0mGET /produit/1695940802934TS3.jpg [36m304 [0m7.806 ms - -[0m
[0mGET /produit/1695747027807TS1.jpg [36m304 [0m268.426 ms - -[0m
[0mGET /api/product/getAllproduct [36m304 [0m805.299 ms - -[0m
[0mGET /api/product/getAllPhoto [36m304 [0m1031.428 ms - -[0m
[0mGET /api/product/getAllPhoto [36m304 [0m30.980 ms - -[0m
[0mGET /api/product/getAllproduct [36m304 [0m628.979 ms - -[0m
[0mGET /api/product/getAllPhoto [36m304 [0m128.604 ms - -[0m
[0mGET /api/product/getAllproduct [36m304 [0m253.734 ms - -[0m
[0mGET /api/product/getAllproduct [36m304 [0m203.064 ms - -[0m
[0mGET /api/product/getAllPhoto [36m304 [0m235.770 ms - -[0m
[0mGET /api/product/getAllPhoto [36m304 [0m47.209 ms - -[0m
[0mGET /api/product/getAllproduct [36m304 [0m91.450 ms - -[0m
[0mGET /api/product/getAllproduct [36m304 [0m142.842 ms - -[0m
[0mGET /api/product/getAllPhoto [36m304 [0m139.847 ms - -[0m
[0mGET /api/product/getAllproduct [36m304 [0m373.846 ms - -[0m
[0mGET /api/product/getAllPhoto [36m304 [0m285.786 ms - -[0m
[0mOPTIONS /api/category/deleteimageId?id=3 [32m204 [0m2.052 ms - 0[0m
[0mDELETE /api/category/deleteimageId?id=3 [32m200 [0m174.406 ms - 62[0m
[0mGET /api/product/getAllproduct [36m304 [0m282.443 ms - -[0m
[0mGET /api/product/getAllproduct [36m304 [0m173.345 ms - -[0m
[0mGET /api/product/getAllPhoto [32m200 [0m158.541 ms - 1153[0m
[0mGET /produit/1695754614263T1.jpg [36m304 [0m3.671 ms - -[0m
[0mGET /produit/1696516332648T1.jpg [36m304 [0m3.220 ms - -[0m
[0mGET /produit/1695754196334ENST.jpg [36m304 [0m6.560 ms - -[0m
[0mGET /produit/1695941364451ENSY.jpg [36m304 [0m5.410 ms - -[0m
[0mGET /produit/1695751668068ARR32.jpg [36m304 [0m54.416 ms - -[0m
[0mGET /produit/1696081222154ARR32.jpg [36m304 [0m34.457 ms - -[0m
[0mGET /produit/1695747027807TS1.jpg [36m304 [0m30.050 ms - -[0m
[0mGET /produit/1696020142327TS1.jpg [36m304 [0m29.132 ms - -[0m
[0mOPTIONS /api/category/deleteimageId?id=9 [32m204 [0m74.769 ms - 0[0m
[0mDELETE /api/category/deleteimageId?id=9 [32m200 [0m87.833 ms - 62[0m
[0mGET /api/product/getAllproduct [36m304 [0m142.464 ms - -[0m
[0mGET /api/product/getAllproduct [36m304 [0m246.136 ms - -[0m
[0mGET /api/product/getAllPhoto [32m200 [0m320.236 ms - 1074[0m
[0mGET /produit/1695754614263T1.jpg [36m304 [0m5.807 ms - -[0m
[0mGET /produit/1696516332648T1.jpg [36m304 [0m4.577 ms - -[0m
[0mGET /produit/1695754196334ENST.jpg [36m304 [0m73.055 ms - -[0m
[0mGET /produit/1695941364451ENSY.jpg [36m304 [0m69.685 ms - -[0m
[0mGET /produit/1696020142327TS1.jpg [36m304 [0m65.472 ms - -[0m
[0mGET /produit/1695747027807TS1.jpg [36m304 [0m65.329 ms - -[0m
[0mGET /api/product/getAllproduct [36m304 [0m154.846 ms - -[0m
[0mGET /api/product/getAllPhoto [36m304 [0m31.580 ms - -[0m
[0mGET /api/product/getAllproduct [36m304 [0m84.279 ms - -[0m
[0mGET /api/product/getAllPhoto [36m304 [0m12.366 ms - -[0m
[0mGET /api/product/getAllproduct [36m304 [0m95.686 ms - -[0m
[0mGET /api/product/getAllPhoto [36m304 [0m70.751 ms - -[0m
[0mGET /api/product/getAllproduct [36m304 [0m49.874 ms - -[0m
[0mGET /api/product/getAllPhoto [36m304 [0m43.735 ms - -[0m
[0mOPTIONS /api/category/deleteimageId?id=7 [32m204 [0m2.535 ms - 0[0m
[0mDELETE /api/category/deleteimageId?id=7 [32m200 [0m409.944 ms - 62[0m
[0mGET /api/product/getAllPhoto [32m200 [0m289.778 ms - 993[0m
[0mPOST /api/product/upload [32m200 [0m22602.895 ms - 54[0m
[0mGET /api/product/getAllPhoto [0m- [0m- ms - -[0m
[0mGET /api/product/getAllproduct [36m304 [0m733.202 ms - -[0m
[0mGET /api/product/getAllPhoto [32m200 [0m748.369 ms - 1069[0m
[0mGET /produit/1695754614263T1.jpg [36m304 [0m3.528 ms - -[0m
[0mGET /produit/1696516332648T1.jpg [36m304 [0m515.633 ms - -[0m
[0mGET /produit/1695754196334ENST.jpg [36m304 [0m514.064 ms - -[0m
[0mGET /produit/1695941364451ENSY.jpg [36m304 [0m512.769 ms - -[0m
[0mGET /produit/1695747027807TS1.jpg [36m304 [0m513.578 ms - -[0m
[0mGET /produit/1697102155278TS1.jpg [32m200 [0m576.813 ms - 4327[0m
[0mOPTIONS /api/category/photoupdate [32m204 [0m1.584 ms - 0[0m
[0mPOST /api/category/photoupdate [32m200 [0m168.961 ms - 54[0m
[0mGET /api/product/getAllproduct [36m304 [0m5183.913 ms - -[0m
[0mGET /api/product/getAllPhoto [32m200 [0m4010.052 ms - 1074[0m
[0mGET /produit/1696516332648T1.jpg [36m304 [0m18.591 ms - -[0m
[0mGET /produit/1695754614263T1.jpg [36m304 [0m16.563 ms - -[0m
[0mGET /produit/1695754196334ENST.jpg [36m304 [0m46.977 ms - -[0m
[0mGET /produit/1695941364451ENSY.jpg [36m304 [0m46.124 ms - -[0m
[0mGET /produit/1695747027807TS1.jpg [36m304 [0m75.418 ms - -[0m
[0mGET /produit/1697102155278TS1.jpg [36m304 [0m74.979 ms - -[0m
[0mGET /api/product/getAllproduct [36m304 [0m34.271 ms - -[0m
[0mGET /api/product/getAllPhoto [36m304 [0m29.559 ms - -[0m
[0mGET /api/category/main/list [32m200 [0m797.322 ms - 696[0m
[0mGET /produit/1695989675538cas.jpg [32m200 [0m275.585 ms - 3513[0m
[0mGET /produit/1695989601836C2.jpg [32m200 [0m284.139 ms - 8412[0m
[0mGET /produit/1695989763210acc1.jpg [32m200 [0m277.142 ms - 7482[0m
[0mGET /produit/1696998821128ARR5.jpg [32m200 [0m328.017 ms - 3588[0m
[0mGET /api/category/cn/list?name=VETEMENTS [32m200 [0m298.957 ms - 1606[0m
[0mGET /api/product/list/VETEMENTS [32m200 [0m622.637 ms - 1932[0m
[0mGET /produit/1695754196334ENST.jpg [32m200 [0m78.706 ms - 4600[0m
[0mGET /produit/1695752820497e3.jpg [32m200 [0m87.803 ms - 7440[0m
[0mGET /produit/1695754614263T1.jpg [32m200 [0m99.886 ms - 9012[0m
[0mGET /produit/1695747027807TS1.jpg [32m200 [0m116.419 ms - 4327[0m
[0mGET /produit/1696448643139ARR3.jpg [32m200 [0m196.496 ms - 3465[0m
[0mGET /api/category/main/list [36m304 [0m10.601 ms - -[0m
[0mGET /api/category/main/list [36m304 [0m36.955 ms - -[0m
[0mGET /api/category/main/list [36m304 [0m11.962 ms - -[0m
[0mGET /api/category/cn/list?name=CHAUSSURES [32m200 [0m16.732 ms - 983[0m
[0mGET /api/product/list/CHAUSSURES [32m200 [0m71.076 ms - 776[0m
[0mGET /produit/1695991260175tap1.jpg [32m200 [0m1026.365 ms - 3388[0m
[0mGET /produit/1695753661047tap3.jpg [32m200 [0m1056.921 ms - 9338[0m
[0mGET /api/category/main/list [36m304 [0m11.425 ms - -[0m
[0mGET /api/category/cn/list?name=VETEMENTS [36m304 [0m81.632 ms - -[0m
[0mGET /api/product/list/VETEMENTS [36m304 [0m64.202 ms - -[0m
[0mGET /produit/1695754196334ENST.jpg [36m304 [0m10.704 ms - -[0m
[0mGET /produit/1695754614263T1.jpg [36m304 [0m14.722 ms - -[0m
[0mGET /produit/1695747027807TS1.jpg [36m304 [0m17.642 ms - -[0m
[0mGET /produit/1695752820497e3.jpg [36m304 [0m10.112 ms - -[0m
[0mGET /produit/1696448643139ARR3.jpg [36m304 [0m10.376 ms - -[0m
[0mGET /api/product/getWebProductById?id=3 [32m200 [0m498.010 ms - 364[0m
[0mGET /api/product/similar?chilCategoryId=1 [32m200 [0m19.479 ms - 347[0m
[0mGET /api/category/cn/list?name=VETEMENTS [36m304 [0m844.644 ms - -[0m
[0mGET /api/product/list/VETEMENTS [36m304 [0m39.229 ms - -[0m
[0mGET /produit/1695754196334ENST.jpg [36m304 [0m17.713 ms - -[0m
[0mGET /produit/1695754614263T1.jpg [36m304 [0m13.509 ms - -[0m
[0mGET /produit/1695747027807TS1.jpg [36m304 [0m11.518 ms - -[0m
[0mGET /produit/1696448643139ARR3.jpg [36m304 [0m10.223 ms - -[0m
[0mGET /api/product/getWebProductById?id=5 [32m200 [0m11.597 ms - 447[0m
[0mGET /api/product/similar?chilCategoryId=2 [32m200 [0m42.497 ms - 691[0m
[0mGET /produit/1695941364451ENSY.jpg [32m200 [0m470.109 ms - 8789[0m
[0mGET /api/category/main/list [36m304 [0m5177.304 ms - -[0m
[0mGET /produit/1695989763210acc1.jpg [36m304 [0m3159.232 ms - -[0m
[0mGET /produit/1695989601836C2.jpg [36m304 [0m3193.528 ms - -[0m
[0mGET /produit/1696998821128ARR5.jpg [36m304 [0m3534.097 ms - -[0m
[0mGET /produit/1695989675538cas.jpg [36m304 [0m3199.186 ms - -[0m
[0mGET /api/category/cn/list?name=VETEMENTS [36m304 [0m1281.456 ms - -[0m
[0mGET /api/product/list/VETEMENTS [36m304 [0m923.724 ms - -[0m
[0mGET /produit/1695754196334ENST.jpg [36m304 [0m3120.784 ms - -[0m
[0mGET /produit/1695754614263T1.jpg [36m304 [0m2291.637 ms - -[0m
[0mGET /produit/1695752820497e3.jpg [36m304 [0m1403.463 ms - -[0m
[0mGET /produit/1695747027807TS1.jpg [36m304 [0m1470.211 ms - -[0m
[0mGET /produit/1696448643139ARR3.jpg [36m304 [0m2954.662 ms - -[0m
[0mGET /api/category/main/list [36m304 [0m9.216 ms - -[0m
[0mGET /produit/1695989675538cas.jpg [36m304 [0m169.654 ms - -[0m
[0mGET /produit/1696998821128ARR5.jpg [36m304 [0m89.544 ms - -[0m
[0mGET /produit/1695989601836C2.jpg [36m304 [0m51.052 ms - -[0m
[0mGET /produit/1695989763210acc1.jpg [36m304 [0m5.544 ms - -[0m
[0mGET /api/category/cn/list?name=CHAUSSURES [36m304 [0m3486.959 ms - -[0m
[0mGET /api/product/list/CHAUSSURES [36m304 [0m2825.501 ms - -[0m
[0mGET /produit/1695753661047tap3.jpg [36m304 [0m5.588 ms - -[0m
[0mGET /produit/1695991260175tap1.jpg [36m304 [0m57.397 ms - -[0m
[0mGET /api/category/c/CHAUSSURES/10 [32m200 [0m388.927 ms - 373[0m
[0mGET /api/category/c/CHAUSSURES/11 [32m200 [0m8.242 ms - 26[0m
[0mGET /api/category/c/CHAUSSURES/9 [32m200 [0m14.254 ms - 350[0m
[0mGET /api/category/main/list [36m304 [0m9.111 ms - -[0m
[0mGET /produit/1696998821128ARR5.jpg [36m304 [0m6.841 ms - -[0m
[0mGET /produit/1695989601836C2.jpg [36m304 [0m7.853 ms - -[0m
[0mGET /produit/1695989675538cas.jpg [36m304 [0m8.511 ms - -[0m
[0mGET /produit/1695989763210acc1.jpg [36m304 [0m9.609 ms - -[0m
[0mGET /api/category/cn/list?name=ELECTRONIQUES [32m200 [0m487.555 ms - 213[0m
[0mGET /api/product/list/ELECTRONIQUES [32m200 [0m416.822 ms - 69[0m
[0mGET /api/category/main/list [36m304 [0m219.284 ms - -[0m
[0mGET /api/category/cn/list?name=SACS_CASKETS [32m200 [0m360.326 ms - 667[0m
[0mGET /api/product/list/SACS_CASKETS [32m200 [0m287.377 ms - 764[0m
[0mGET /produit/1695990880479SACS.jpg [32m200 [0m82.314 ms - 7551[0m
[0mGET /produit/1695751668068ARR32.jpg [32m200 [0m478.667 ms - 1907[0m
[0mGET /api/category/main/list [36m304 [0m208.680 ms - -[0m
[0mGET /produit/1696998821128ARR5.jpg [36m304 [0m37.670 ms - -[0m
[0mGET /produit/1695989601836C2.jpg [36m304 [0m6.453 ms - -[0m
[0mGET /produit/1695989675538cas.jpg [36m304 [0m6.636 ms - -[0m
[0mGET /produit/1695989763210acc1.jpg [36m304 [0m5.414 ms - -[0m
[0mGET /api/category/main/list [36m304 [0m108.141 ms - -[0m
[0mGET /produit/1696998821128ARR5.jpg [36m304 [0m3.317 ms - -[0m
[0mGET /produit/1695989601836C2.jpg [36m304 [0m4.814 ms - -[0m
[0mGET /produit/1695989675538cas.jpg [36m304 [0m5.243 ms - -[0m
[0mGET /produit/1695989763210acc1.jpg [36m304 [0m4.460 ms - -[0m
[0mGET /api/category/main/list [32m200 [0m1612.894 ms - 696[0m
[0mGET /produit/1696998821128ARR5.jpg [32m200 [0m1355.732 ms - 3588[0m
[0mGET /produit/1695989675538cas.jpg [32m200 [0m2188.558 ms - 3513[0m
[0mGET /produit/1695989601836C2.jpg [32m200 [0m2184.299 ms - 8412[0m
[0mGET /produit/1695989763210acc1.jpg [32m200 [0m2155.461 ms - 7482[0m
[0mGET /api/category/main/list [36m304 [0m4074.846 ms - -[0m
[0mGET /produit/1696998821128ARR5.jpg [36m304 [0m1383.110 ms - -[0m
[0mGET /produit/1695989601836C2.jpg [36m304 [0m242.060 ms - -[0m
[0mGET /produit/1695989675538cas.jpg [36m304 [0m223.133 ms - -[0m
[0mGET /produit/1695989763210acc1.jpg [36m304 [0m97.715 ms - -[0m
[0mGET /api/category/main/list [36m304 [0m4538.238 ms - -[0m
[0mGET /produit/1696998821128ARR5.jpg [36m304 [0m2251.974 ms - -[0m
[0mGET /produit/1695989675538cas.jpg [36m304 [0m1016.391 ms - -[0m
[0mGET /produit/1695989601836C2.jpg [36m304 [0m912.794 ms - -[0m
[0mGET /produit/1695989763210acc1.jpg [36m304 [0m1336.893 ms - -[0m
[0mGET /api/category/main/list [36m304 [0m470.650 ms - -[0m
[0mGET /produit/1696998821128ARR5.jpg [36m304 [0m87.533 ms - -[0m
[0mGET /produit/1695989601836C2.jpg [36m304 [0m146.967 ms - -[0m
[0mGET /produit/1695989675538cas.jpg [36m304 [0m81.022 ms - -[0m
[0mGET /produit/1695989763210acc1.jpg [36m304 [0m81.577 ms - -[0m
[0mGET /api/category/main/list [36m304 [0m367.947 ms - -[0m
[0mGET /produit/1696998821128ARR5.jpg [36m304 [0m160.128 ms - -[0m
[0mGET /produit/1695989601836C2.jpg [36m304 [0m140.216 ms - -[0m
[0mGET /produit/1695989763210acc1.jpg [36m304 [0m100.375 ms - -[0m
[0mGET /produit/1695989675538cas.jpg [36m304 [0m117.540 ms - -[0m
[0mGET /api/category/main/list [36m304 [0m124.574 ms - -[0m
[0mGET /produit/1696998821128ARR5.jpg [36m304 [0m28.588 ms - -[0m
[0mGET /produit/1695989675538cas.jpg [36m304 [0m42.550 ms - -[0m
[0mGET /produit/1695989763210acc1.jpg [36m304 [0m42.440 ms - -[0m
[0mGET /produit/1695989601836C2.jpg [36m304 [0m82.231 ms - -[0m
[0mGET /api/category/main/list [36m304 [0m2610.757 ms - -[0m
[0mGET /produit/1696998821128ARR5.jpg [36m304 [0m7.161 ms - -[0m
[0mGET /produit/1695989601836C2.jpg [36m304 [0m20.979 ms - -[0m
[0mGET /produit/1695989675538cas.jpg [36m304 [0m19.949 ms - -[0m
[0mGET /produit/1695989763210acc1.jpg [36m304 [0m6.959 ms - -[0m
[0mGET /api/category/main/list [36m304 [0m86.806 ms - -[0m
[0mGET /produit/1696998821128ARR5.jpg [36m304 [0m2433.740 ms - -[0m
[0mGET /produit/1695989763210acc1.jpg [36m304 [0m26.724 ms - -[0m
[0mGET /produit/1695989675538cas.jpg [36m304 [0m25.813 ms - -[0m
[0mGET /produit/1695989601836C2.jpg [36m304 [0m23.317 ms - -[0m
[0mGET /api/category/main/list [36m304 [0m95.039 ms - -[0m
[0mGET /produit/1696998821128ARR5.jpg [36m304 [0m3.314 ms - -[0m
[0mGET /produit/1695989601836C2.jpg [36m304 [0m19.128 ms - -[0m
[0mGET /produit/1695989763210acc1.jpg [36m304 [0m6.971 ms - -[0m
[0mGET /produit/1695989675538cas.jpg [36m304 [0m87.027 ms - -[0m
[0mGET /api/category/main/list [36m304 [0m81.207 ms - -[0m
[0mGET /produit/1696998821128ARR5.jpg [36m304 [0m47.072 ms - -[0m
[0mGET /produit/1695989675538cas.jpg [36m304 [0m14.966 ms - -[0m
[0mGET /produit/1695989601836C2.jpg [36m304 [0m48.545 ms - -[0m
[0mGET /produit/1695989763210acc1.jpg [36m304 [0m13.491 ms - -[0m
[0mGET /api/category/main/list [36m304 [0m54.123 ms - -[0m
[0mGET /produit/1696998821128ARR5.jpg [36m304 [0m436.406 ms - -[0m
[0mGET /produit/1695989601836C2.jpg [36m304 [0m333.184 ms - -[0m
[0mGET /produit/1695989763210acc1.jpg [36m304 [0m147.229 ms - -[0m
[0mGET /produit/1695989675538cas.jpg [36m304 [0m5.986 ms - -[0m
[0mGET /api/category/main/list [36m304 [0m698.729 ms - -[0m
[0mGET /produit/1696998821128ARR5.jpg [36m304 [0m11.875 ms - -[0m
[0mGET /produit/1695989601836C2.jpg [36m304 [0m9.691 ms - -[0m
[0mGET /produit/1695989763210acc1.jpg [36m304 [0m9.577 ms - -[0m
[0mGET /produit/1695989675538cas.jpg [36m304 [0m8.591 ms - -[0m
[0mGET /api/category/main/list [36m304 [0m154.783 ms - -[0m
[0mGET /produit/1696998821128ARR5.jpg [36m304 [0m268.483 ms - -[0m
[0mGET /produit/1695989763210acc1.jpg [36m304 [0m264.358 ms - -[0m
[0mGET /produit/1695989675538cas.jpg [36m304 [0m261.156 ms - -[0m
[0mGET /produit/1695989601836C2.jpg [36m304 [0m6.576 ms - -[0m
[0mGET /api/category/main/list [36m304 [0m91.141 ms - -[0m
[0mGET /produit/1696998821128ARR5.jpg [36m304 [0m75.105 ms - -[0m
[0mGET /produit/1695989601836C2.jpg [36m304 [0m117.996 ms - -[0m
[0mGET /produit/1695989675538cas.jpg [36m304 [0m6.455 ms - -[0m
[0mGET /produit/1695989763210acc1.jpg [36m304 [0m6.166 ms - -[0m
[0mGET /api/category/main/list [32m200 [0m2362.381 ms - 696[0m
[0mGET /produit/1696998821128ARR5.jpg [36m304 [0m16.734 ms - -[0m
[0mGET /produit/1695989601836C2.jpg [36m304 [0m16.048 ms - -[0m
[0mGET /produit/1695989675538cas.jpg [36m304 [0m44.863 ms - -[0m
[0mGET /produit/1695989763210acc1.jpg [36m304 [0m4.514 ms - -[0m
[0mGET /api/category/main/list [32m200 [0m4856.918 ms - 696[0m
[0mGET /api/category/main/list [36m304 [0m753.359 ms - -[0m
[0mGET /api/category/main/list [36m304 [0m207.230 ms - -[0m
