[0mGET /api/customer/getUserByEmailId?email=abalo@gmail.com [36m304 [0m139.970 ms - -[0m
[0mOPTIONS /api/order/create [32m204 [0m5.454 ms - 0[0m
[0mPOST /api/order/create [32m200 [0m604.932 ms - 16[0m
[0mGET /api/customer/getUserByEmailId?email=abalo@gmail.com [32m200 [0m61.444 ms - 3415[0m
[0mGET /api/category/main/list [36m304 [0m18.096 ms - -[0m
[0mGET /produit/1696998821128ARR5.jpg [36m304 [0m26.913 ms - -[0m
[0mGET /produit/1695989601836C2.jpg [36m304 [0m27.745 ms - -[0m
[0mGET /produit/1695989675538cas.jpg [36m304 [0m26.701 ms - -[0m
[0mGET /produit/1695989763210acc1.jpg [36m304 [0m20.967 ms - -[0m
[0mGET /api/category/cn/list?name=VETEMENTS [36m304 [0m69.306 ms - -[0m
[0mGET /api/product/list/VETEMENTS [36m304 [0m65.572 ms - -[0m
[0mGET /produit/1695754196334ENST.jpg [36m304 [0m9.458 ms - -[0m
[0mGET /produit/1695754614263T1.jpg [36m304 [0m14.893 ms - -[0m
[0mGET /produit/1695747027807TS1.jpg [36m304 [0m10.482 ms - -[0m
[0mGET /produit/1695752820497e3.jpg [36m304 [0m12.583 ms - -[0m
[0mGET /produit/1696448643139ARR3.jpg [36m304 [0m13.838 ms - -[0m
[0mGET /api/product/getWebProductById?id=5 [36m304 [0m22.703 ms - -[0m
[0mGET /produit/1697602231904CH4.jpg [36m304 [0m25.098 ms - -[0m
[0mGET /produit/1695941364451ENSY.jpg [36m304 [0m23.729 ms - -[0m
[0mGET /produit/1697602143219ENST.jpg [36m304 [0m41.451 ms - -[0m
[0mGET /api/product/similar?chilCategoryId=2 [36m304 [0m60.027 ms - -[0m
[0mGET /api/customer/getUserByEmailId?email=abalo@gmail.com [36m304 [0m113.323 ms - -[0m
[0mOPTIONS /api/order/create [32m204 [0m8.721 ms - 0[0m
[0mPOST /api/order/create [32m200 [0m458.116 ms - 16[0m
[0mGET /api/customer/getUserByEmailId?email=abalo@gmail.com [32m200 [0m65.810 ms - 3621[0m
[0mGET /api/category/main/list [36m304 [0m462.539 ms - -[0m
[0mGET /produit/1695989601836C2.jpg [36m304 [0m99.358 ms - -[0m
[0mGET /produit/1695989675538cas.jpg [36m304 [0m79.584 ms - -[0m
[0mGET /produit/1695989763210acc1.jpg [36m304 [0m82.931 ms - -[0m
[0mGET /produit/1696998821128ARR5.jpg [36m304 [0m169.735 ms - -[0m
[0mGET /api/category/cn/list?name=VETEMENTS [36m304 [0m524.677 ms - -[0m
[0mGET /api/product/list/VETEMENTS [36m304 [0m464.765 ms - -[0m
[0mGET /produit/1695754196334ENST.jpg [36m304 [0m119.494 ms - -[0m
[0mGET /produit/1696448643139ARR3.jpg [36m304 [0m52.156 ms - -[0m
[0mGET /produit/1695754614263T1.jpg [36m304 [0m128.627 ms - -[0m
[0mGET /produit/1695752820497e3.jpg [36m304 [0m103.476 ms - -[0m
[0mGET /produit/1695747027807TS1.jpg [36m304 [0m163.185 ms - -[0m
[0mGET /api/product/getWebProductById?id=5 [36m304 [0m151.468 ms - -[0m
[0mGET /produit/1697602231904CH4.jpg [36m304 [0m96.712 ms - -[0m
[0mGET /produit/1695941364451ENSY.jpg [36m304 [0m103.738 ms - -[0m
[0mGET /produit/1697602143219ENST.jpg [36m304 [0m115.511 ms - -[0m
[0mGET /api/product/similar?chilCategoryId=2 [36m304 [0m143.051 ms - -[0m
[0mGET /api/customer/getUserByEmailId?email=abalo@gmail.com [36m304 [0m199.712 ms - -[0m
[0mOPTIONS /api/order/create [32m204 [0m11.867 ms - 0[0m
[0mPOST /api/order/create [31m500 [0m49.074 ms - 34[0m
[0mGET /api/customer/getUserByEmailId?email=abalo@gmail.com [36m304 [0m166.928 ms - -[0m
[0mOPTIONS /api/order/create [32m204 [0m12.731 ms - 0[0m
[0mPOST /api/order/create [32m200 [0m459.874 ms - 16[0m
[0mGET /api/customer/getUserByEmailId?email=abalo@gmail.com [32m200 [0m120.557 ms - 3827[0m
[0mGET /api/category/main/list [36m304 [0m38.707 ms - -[0m
[0mGET /produit/1696998821128ARR5.jpg [36m304 [0m73.745 ms - -[0m
[0mGET /produit/1695989675538cas.jpg [36m304 [0m72.102 ms - -[0m
[0mGET /produit/1695989763210acc1.jpg [36m304 [0m63.915 ms - -[0m
[0mGET /produit/1695989601836C2.jpg [36m304 [0m92.478 ms - -[0m
[0mGET /api/order/addressList [32m200 [0m379.479 ms - 8510[0m
[0mGET /api/order/addressList [36m304 [0m378.082 ms - -[0m
[0mGET /api/order/addressList [36m304 [0m476.359 ms - -[0m
[0mGET /api/order/addressList [36m304 [0m283.789 ms - -[0m
[0mGET /api/order/addressList [32m200 [0m246.348 ms - 8510[0m
[0mGET /api/order/addressList [36m304 [0m238.283 ms - -[0m
[0mGET /api/order/addressList [36m304 [0m159.247 ms - -[0m
[0mGET /api/order/addressList [36m304 [0m223.428 ms - -[0m
[0mGET /api/order/addressList [36m304 [0m277.336 ms - -[0m
[0mGET /api/order/addressList [36m304 [0m164.969 ms - -[0m
[0mGET /api/order/cartList [32m200 [0m377.492 ms - 5450[0m
[0mGET /produit/1695941364451ENSY.jpg [36m304 [0m171.023 ms - -[0m
[0mGET /produit/1697102155278TS1.jpg [36m304 [0m165.766 ms - -[0m
[0mGET /produit/1697602015493TS3.jpg [36m304 [0m211.999 ms - -[0m
[0mGET /produit/1697602090704TS5.jpg [36m304 [0m251.582 ms - -[0m
[0mGET /produit/1695991670018ENS4.jpg [32m200 [0m318.860 ms - 6872[0m
[0mGET /produit/1697602143219ENST.jpg [36m304 [0m124.985 ms - -[0m
[0mGET /produit/1696020094574ENST.jpg [32m200 [0m29.701 ms - 4600[0m
[0mGET /produit/1695747027807TS1.jpg [36m304 [0m51.447 ms - -[0m
[0mGET /produit/1695934819282TS5.jpg [32m200 [0m144.130 ms - 4909[0m
[0mGET /produit/1695753661047tap3.jpg [32m200 [0m124.983 ms - 9338[0m
[0mGET /produit/1695752820497e3.jpg [36m304 [0m96.051 ms - -[0m
[0mGET /produit/1695934506632TS2.jpg [32m200 [0m204.047 ms - 1406[0m
[0mGET /produit/1695940802934TS3.jpg [32m200 [0m152.504 ms - 2846[0m
[0mGET /produit/1695751668068ARR32.jpg [32m200 [0m261.761 ms - 1907[0m
[0mGET /produit/1695754196334ENST.jpg [36m304 [0m66.750 ms - -[0m
[0mGET /api/order/addressList [0m- [0m- ms - -[0m
[0mGET /produit/1695941364451ENSY.jpg [36m304 [0m2980.507 ms - -[0m
[0mGET /produit/1697602090704TS5.jpg [36m304 [0m2553.120 ms - -[0m
[0mGET /produit/1697602015493TS3.jpg [36m304 [0m2279.031 ms - -[0m
[0mGET /produit/1697102155278TS1.jpg [36m304 [0m1671.455 ms - -[0m
[0mGET /produit/1695991670018ENS4.jpg [36m304 [0m1720.085 ms - -[0m
[0mGET /produit/1697602143219ENST.jpg [36m304 [0m1072.627 ms - -[0m
[0mGET /produit/1695934506632TS2.jpg [36m304 [0m3528.635 ms - -[0m
[0mGET /produit/1696020094574ENST.jpg [36m304 [0m3499.919 ms - -[0m
[0mGET /produit/1695934819282TS5.jpg [36m304 [0m3291.455 ms - -[0m
[0mGET /produit/1695940802934TS3.jpg [36m304 [0m2370.915 ms - -[0m
[0mGET /produit/1695753661047tap3.jpg [36m304 [0m2046.618 ms - -[0m
[0mGET /produit/1695747027807TS1.jpg [36m304 [0m1158.317 ms - -[0m
[0mGET /produit/1695751668068ARR32.jpg [36m304 [0m1810.589 ms - -[0m
[0mGET /produit/1695752820497e3.jpg [36m304 [0m1904.747 ms - -[0m
[0mGET /produit/1695754196334ENST.jpg [36m304 [0m1327.337 ms - -[0m
[0mGET /api/order/addressList [32m200 [0m8040.845 ms - 8510[0m
[0mGET /api/category/main/list [31m500 [0m1899.948 ms - 3845[0m
[0mGET /api/category/main/list [36m304 [0m3199.117 ms - -[0m
[0mGET /api/product/list/VETEMENTS [36m304 [0m7690.529 ms - -[0m
[0mGET /api/product/getWebProductById?id=5 [36m304 [0m613.205 ms - -[0m
[0mGET /api/product/similar?chilCategoryId=2 [36m304 [0m349.722 ms - -[0m
[0mGET /api/category/main/list [36m304 [0m1125.741 ms - -[0m
[0mGET /api/product/list/VETEMENTS [36m304 [0m323.706 ms - -[0m
[0mGET /api/product/getWebProductById?id=5 [36m304 [0m18.629 ms - -[0m
[0mGET /api/category/main/list [36m304 [0m89.883 ms - -[0m
[0mGET /api/product/list/VETEMENTS [36m304 [0m2659.547 ms - -[0m
[0mGET /api/product/list/VETEMENTS [36m304 [0m2349.180 ms - -[0m
[0mGET /api/product/list/VETEMENTS [36m304 [0m1793.655 ms - -[0m
[0mGET /api/product/getWebProductById?id=5 [36m304 [0m218.793 ms - -[0m
[0mGET /api/product/similar?chilCategoryId=2 [36m304 [0m277.311 ms - -[0m
[0mGET /api/category/main/list [36m304 [0m172.089 ms - -[0m
[0mGET /api/product/list/VETEMENTS [36m304 [0m124.622 ms - -[0m
[0mGET /api/product/getWebProductById?id=5 [36m304 [0m699.466 ms - -[0m
[0mGET /api/category/main/list [36m304 [0m29.686 ms - -[0m
[0mGET /api/category/main/list [36m304 [0m89.761 ms - -[0m
[0mGET /api/product/list/VETEMENTS [36m304 [0m293.779 ms - -[0m
[0mGET /api/product/getWebProductById?id=5 [36m304 [0m243.827 ms - -[0m
[0mGET /api/product/similar?chilCategoryId=2 [36m304 [0m195.376 ms - -[0m
[0mGET /api/category/main/list [36m304 [0m609.518 ms - -[0m
[0mGET /api/product/list/VETEMENTS [36m304 [0m446.078 ms - -[0m
[0mGET /api/product/getWebProductById?id=5 [36m304 [0m217.945 ms - -[0m
[0mGET /api/category/main/list [36m304 [0m51.162 ms - -[0m
[0mGET /api/product/list/VETEMENTS [36m304 [0m1556.104 ms - -[0m
[0mGET /api/product/getWebProductById?id=5 [36m304 [0m240.985 ms - -[0m
[0mGET /api/product/similar?chilCategoryId=2 [36m304 [0m514.420 ms - -[0m
[0mGET /api/category/main/list [36m304 [0m252.659 ms - -[0m
[0mGET /api/product/list/VETEMENTS [36m304 [0m384.031 ms - -[0m
[0mGET /api/product/getWebProductById?id=1 [36m304 [0m297.333 ms - -[0m
[0mGET /api/product/similar?chilCategoryId=3 [36m304 [0m99.745 ms - -[0m
[0mGET /api/category/main/list [36m304 [0m5472.576 ms - -[0m
[0mGET /api/product/list/VETEMENTS [36m304 [0m1477.661 ms - -[0m
[0mGET /api/product/getWebProductById?id=5 [36m304 [0m480.613 ms - -[0m
[0mGET /api/category/main/list [36m304 [0m306.217 ms - -[0m
[0mGET /api/product/list/VETEMENTS [36m304 [0m438.980 ms - -[0m
[0mGET /api/product/getWebProductById?id=5 [36m304 [0m257.594 ms - -[0m
[0mGET /api/product/similar?chilCategoryId=2 [36m304 [0m1888.061 ms - -[0m
[0mGET /api/category/main/list [36m304 [0m9816.518 ms - -[0m
[0mGET /api/product/list/VETEMENTS [36m304 [0m1066.450 ms - -[0m
[0mGET /api/product/getWebProductById?id=5 [36m304 [0m738.901 ms - -[0m
[0mGET /api/product/similar?chilCategoryId=2 [36m304 [0m549.904 ms - -[0m
[0mGET /api/product/list/VETEMENTS [36m304 [0m140.973 ms - -[0m
[0mGET /api/product/getWebProductById?id=5 [36m304 [0m402.037 ms - -[0m
[0mGET /api/product/similar?chilCategoryId=2 [36m304 [0m342.605 ms - -[0m
[0mGET /api/product/list/VETEMENTS [36m304 [0m371.366 ms - -[0m
[0mGET /api/category/main/list [36m304 [0m195.995 ms - -[0m
[0mGET /api/product/list/VETEMENTS [36m304 [0m207.899 ms - -[0m
[0mGET /api/product/getWebProductById?id=5 [36m304 [0m98.567 ms - -[0m
[0mGET /api/product/similar?chilCategoryId=2 [36m304 [0m178.448 ms - -[0m
[0mGET /api/product/list/VETEMENTS [36m304 [0m411.014 ms - -[0m
[0mGET /api/product/getWebProductById?id=5 [36m304 [0m494.705 ms - -[0m
[0mGET /api/product/similar?chilCategoryId=2 [36m304 [0m73.944 ms - -[0m
[0mGET /api/product/list/VETEMENTS [36m304 [0m381.550 ms - -[0m
[0mGET /api/product/getWebProductById?id=1 [36m304 [0m126.566 ms - -[0m
[0mGET /api/product/similar?chilCategoryId=3 [36m304 [0m79.651 ms - -[0m
[0mGET /api/product/list/VETEMENTS [36m304 [0m841.665 ms - -[0m
[0mGET /api/customer/getUserByEmailId?email=abalo@gmail.com [32m200 [0m3106.074 ms - 3827[0m
[0mGET /api/product/list/VETEMENTS [36m304 [0m91.580 ms - -[0m
[0mGET /api/product/getWebProductById?id=5 [36m304 [0m171.088 ms - -[0m
[0mGET /api/product/similar?chilCategoryId=2 [36m304 [0m88.351 ms - -[0m
[0mGET /api/product/getWebProductById?id=5 [36m304 [0m191.487 ms - -[0m
[0mGET /api/product/similar?chilCategoryId=2 [36m304 [0m50.761 ms - -[0m
[0mGET /api/product/getWebProductById?id=5 [36m304 [0m151.392 ms - -[0m
[0mGET /api/product/similar?chilCategoryId=2 [36m304 [0m99.686 ms - -[0m
[0mGET /api/product/getWebProductById?id=5 [36m304 [0m110.791 ms - -[0m
[0mGET /api/product/similar?chilCategoryId=2 [36m304 [0m244.444 ms - -[0m
[0mGET /api/product/getWebProductById?id=5 [36m304 [0m1201.627 ms - -[0m
[0mGET /api/category/main/list [36m304 [0m224.938 ms - -[0m
[0mGET /api/product/list/VETEMENTS [36m304 [0m701.113 ms - -[0m
[0mGET /api/product/getWebProductById?id=5 [36m304 [0m110.684 ms - -[0m
[0mGET /api/category/main/list [36m304 [0m20.245 ms - -[0m
[0mGET /api/product/list/VETEMENTS [36m304 [0m181.470 ms - -[0m
[0mGET /api/product/getWebProductById?id=5 [36m304 [0m12.995 ms - -[0m
[0mGET /api/category/main/list [36m304 [0m241.836 ms - -[0m
[0mGET /api/product/list/VETEMENTS [36m304 [0m110.782 ms - -[0m
[0mGET /api/product/getWebProductById?id=5 [36m304 [0m139.094 ms - -[0m
[0mGET /api/category/main/list [36m304 [0m183.904 ms - -[0m
[0mGET /api/product/list/VETEMENTS [36m304 [0m285.167 ms - -[0m
[0mGET /api/product/getWebProductById?id=5 [36m304 [0m12.585 ms - -[0m
[0mGET /api/category/main/list [36m304 [0m252.304 ms - -[0m
[0mGET /api/product/list/VETEMENTS [36m304 [0m109.656 ms - -[0m
[0mGET /api/product/getWebProductById?id=5 [36m304 [0m452.865 ms - -[0m
[0mGET /api/category/main/list [36m304 [0m281.144 ms - -[0m
[0mGET /api/product/list/VETEMENTS [36m304 [0m20.589 ms - -[0m
[0mGET /api/product/getWebProductById?id=5 [36m304 [0m137.727 ms - -[0m
[0mGET /api/category/main/list [36m304 [0m39.878 ms - -[0m
[0mGET /api/product/list/VETEMENTS [36m304 [0m580.218 ms - -[0m
[0mGET /api/product/getWebProductById?id=5 [36m304 [0m22.130 ms - -[0m
[0mGET /api/category/main/list [36m304 [0m5658.920 ms - -[0m
[0mGET /api/product/list/VETEMENTS [36m304 [0m6070.239 ms - -[0m
[0mGET /api/product/list/VETEMENTS [36m304 [0m5547.538 ms - -[0m
[0mGET /api/product/list/VETEMENTS [36m304 [0m3334.540 ms - -[0m
[0mGET /api/product/getWebProductById?id=5 [36m304 [0m344.245 ms - -[0m
[0mGET /api/product/similar?chilCategoryId=2 [36m304 [0m417.116 ms - -[0m
[0mGET /api/product/getWebProductById?id=5 [36m304 [0m21.843 ms - -[0m
[0mGET /api/category/main/list [36m304 [0m2459.502 ms - -[0m
[0mGET /api/product/list/VETEMENTS [36m304 [0m830.609 ms - -[0m
[0mGET /api/product/getWebProductById?id=5 [36m304 [0m547.332 ms - -[0m
[0mGET /api/category/main/list [36m304 [0m8516.046 ms - -[0m
[0mGET /api/product/list/VETEMENTS [36m304 [0m6611.227 ms - -[0m
[0mGET /api/product/getWebProductById?id=5 [36m304 [0m381.739 ms - -[0m
[0mGET /api/category/main/list [36m304 [0m117.745 ms - -[0m
[0mGET /api/product/list/VETEMENTS [36m304 [0m61.758 ms - -[0m
[0mGET /api/category/main/list [36m304 [0m634.709 ms - -[0m
[0mGET /api/product/list/VETEMENTS [36m304 [0m93.646 ms - -[0m
[0mGET /api/category/main/list [36m304 [0m1530.291 ms - -[0m
[0mGET /api/product/list/VETEMENTS [36m304 [0m4001.070 ms - -[0m
[0mGET /api/product/getWebProductById?id=5 [36m304 [0m753.416 ms - -[0m
[0mGET /api/product/similar?chilCategoryId=2 [36m304 [0m1499.793 ms - -[0m
[0mGET /api/category/main/list [36m304 [0m636.688 ms - -[0m
[0mGET /api/product/list/VETEMENTS [36m304 [0m577.117 ms - -[0m
[0mGET /api/product/getWebProductById?id=1 [36m304 [0m419.381 ms - -[0m
[0mGET /api/category/main/list [36m304 [0m8.725 ms - -[0m
[0mGET /api/product/list/VETEMENTS [36m304 [0m83.161 ms - -[0m
[0mGET /api/product/getWebProductById?id=5 [36m304 [0m347.090 ms - -[0m
[0mGET /api/category/main/list [36m304 [0m16.862 ms - -[0m
[0mGET /api/product/list/VETEMENTS [36m304 [0m922.596 ms - -[0m
[0mGET /api/product/getWebProductById?id=5 [36m304 [0m446.605 ms - -[0m
[0mGET /api/category/main/list [36m304 [0m7.236 ms - -[0m
[0mGET /api/product/list/VETEMENTS [36m304 [0m193.181 ms - -[0m
[0mGET /api/product/getWebProductById?id=5 [36m304 [0m56.296 ms - -[0m
[0mGET /api/category/main/list [36m304 [0m5228.143 ms - -[0m
[0mGET /api/product/list/VETEMENTS [36m304 [0m1270.240 ms - -[0m
[0mGET /api/product/getWebProductById?id=5 [36m304 [0m1121.509 ms - -[0m
[0mGET /api/product/similar?chilCategoryId=2 [36m304 [0m273.566 ms - -[0m
[0mGET /api/category/main/list [36m304 [0m233.660 ms - -[0m
[0mGET /api/product/list/VETEMENTS [36m304 [0m523.688 ms - -[0m
[0mGET /api/product/getWebProductById?id=5 [36m304 [0m546.965 ms - -[0m
[0mGET /api/product/similar?chilCategoryId=2 [36m304 [0m27.926 ms - -[0m
[0mGET /api/product/getWebProductById?id=5 [36m304 [0m591.017 ms - -[0m
[0mGET /api/product/similar?chilCategoryId=2 [36m304 [0m48.288 ms - -[0m
[0mGET /api/product/getWebProductById?id=5 [36m304 [0m98.153 ms - -[0m
[0mGET /api/product/similar?chilCategoryId=2 [36m304 [0m80.152 ms - -[0m
[0mGET /api/product/getWebProductById?id=5 [36m304 [0m508.560 ms - -[0m
[0mGET /api/product/similar?chilCategoryId=2 [36m304 [0m108.322 ms - -[0m
[0mGET /api/product/getWebProductById?id=5 [36m304 [0m63.709 ms - -[0m
[0mGET /api/product/similar?chilCategoryId=2 [36m304 [0m182.458 ms - -[0m
[0mGET /api/product/getWebProductById?id=5 [36m304 [0m298.242 ms - -[0m
[0mGET /api/product/similar?chilCategoryId=2 [36m304 [0m459.857 ms - -[0m
[0mGET /api/product/getWebProductById?id=5 [36m304 [0m198.951 ms - -[0m
[0mGET /api/product/similar?chilCategoryId=2 [36m304 [0m455.640 ms - -[0m
[0mGET /api/category/main/list [36m304 [0m2309.815 ms - -[0m
[0mGET /api/product/list/VETEMENTS [36m304 [0m2133.895 ms - -[0m
[0mGET /api/product/getWebProductById?id=5 [36m304 [0m217.761 ms - -[0m
[0mGET /api/category/main/list [36m304 [0m461.351 ms - -[0m
[0mGET /api/product/list/VETEMENTS [36m304 [0m609.196 ms - -[0m
[0mGET /api/product/getWebProductById?id=5 [36m304 [0m165.289 ms - -[0m
[0mGET /api/product/similar?chilCategoryId=2 [36m304 [0m518.430 ms - -[0m
[0mGET /api/category/main/list [36m304 [0m9.137 ms - -[0m
[0mGET /api/product/list/VETEMENTS [36m304 [0m243.704 ms - -[0m
[0mGET /api/product/getWebProductById?id=5 [36m304 [0m253.914 ms - -[0m
[0mGET /api/product/similar?chilCategoryId=2 [36m304 [0m129.771 ms - -[0m
[0mGET /api/category/main/list [36m304 [0m1030.897 ms - -[0m
[0mGET /api/product/list/VETEMENTS [36m304 [0m265.033 ms - -[0m
[0mGET /api/product/getWebProductById?id=5 [36m304 [0m553.415 ms - -[0m
[0mGET /api/product/similar?chilCategoryId=2 [36m304 [0m35.508 ms - -[0m
[0mGET /api/product/getWebProductById?id=5 [36m304 [0m33.747 ms - -[0m
[0mGET /api/product/similar?chilCategoryId=2 [36m304 [0m88.819 ms - -[0m
[0mGET /api/product/getWebProductById?id=5 [36m304 [0m38.868 ms - -[0m
[0mGET /api/product/similar?chilCategoryId=2 [36m304 [0m14.166 ms - -[0m
[0mGET /api/category/main/list [36m304 [0m106.168 ms - -[0m
[0mGET /api/product/list/VETEMENTS [36m304 [0m123.709 ms - -[0m
[0mGET /api/product/getWebProductById?id=5 [36m304 [0m337.857 ms - -[0m
[0mGET /api/product/similar?chilCategoryId=2 [36m304 [0m57.240 ms - -[0m
