[0mGET /api/category/main/list [36m304 [0m3118.912 ms - -[0m
[0mGET /api/category/main/list [36m304 [0m302.555 ms - -[0m
[0mGET /api/category/main/list [32m200 [0m373.114 ms - 696[0m
[0mGET /produit/1696998821128ARR5.jpg [32m200 [0m934.673 ms - 3588[0m
[0mGET /produit/1695989675538cas.jpg [32m200 [0m663.385 ms - 3513[0m
[0mGET /produit/1695989601836C2.jpg [32m200 [0m670.635 ms - 8412[0m
[0mGET /produit/1695989763210acc1.jpg [32m200 [0m664.289 ms - 7482[0m
[0mOPTIONS /api/customer/register [32m204 [0m6.063 ms - 0[0m
[0mPOST /api/customer/register [33m409 [0m957.004 ms - 38[0m
[0mOPTIONS /api/customer/register [32m204 [0m2.819 ms - 0[0m
[0mPOST /api/customer/register [32m200 [0m1040.869 ms - 96[0m
[0mOPTIONS /api/customer/register [32m204 [0m3.864 ms - 0[0m
[0mPOST /api/customer/register [32m200 [0m1448.524 ms - 94[0m
[0mOPTIONS /api/customer/register [32m204 [0m4.131 ms - 0[0m
[0mPOST /api/customer/register [33m409 [0m1637.160 ms - 38[0m
[0mOPTIONS /api/customer/register [32m204 [0m44.012 ms - 0[0m
[0mPOST /api/customer/register [33m409 [0m1193.475 ms - 38[0m
[0mPOST /api/customer/register [33m409 [0m3188.886 ms - 38[0m
[0mPOST /api/customer/register [33m409 [0m2185.196 ms - 38[0m
[0mOPTIONS /api/customer/register [32m204 [0m13.968 ms - 0[0m
[0mPOST /api/customer/register [32m200 [0m982.367 ms - 94[0m
[0mOPTIONS /api/customer/register [32m204 [0m67.029 ms - 0[0m
[0mOPTIONS /api/customer/register [32m204 [0m763.157 ms - 0[0m
[0mPOST /api/customer/register [32m200 [0m2143.852 ms - 95[0m
[0mPOST /api/customer/register [32m200 [0m1847.240 ms - 95[0m
[0mGET /api/category/main/list [36m304 [0m3819.625 ms - -[0m
[0mGET /api/category/main/list [36m304 [0m945.120 ms - -[0m
[0mGET /api/category/main/list [36m304 [0m36.593 ms - -[0m
[0mGET /api/category/main/list [36m304 [0m87.642 ms - -[0m
[0mGET /api/category/main/list [36m304 [0m1476.684 ms - -[0m
[0mOPTIONS /api/customer/login [32m204 [0m276.979 ms - 0[0m
[0mPOST /api/customer/login [32m200 [0m2244.405 ms - 195[0m
[0mGET /produit/1697602015493TS3.jpg [32m200 [0m2505.292 ms - 2846[0m
[0mGET /produit/1697602143219ENST.jpg [32m200 [0m2543.208 ms - 4600[0m
[0mGET /api/customer/getUserByEmailId?email=niki@gmail.com [32m200 [0m13404.983 ms - 299[0m
[0mGET /api/customer/getUserByEmailId?email=niki@gmail.com [36m304 [0m269.641 ms - -[0m
[0mGET /api/category/main/list [36m304 [0m9433.439 ms - -[0m
[0mGET /api/product/gcatalogsearch/result?search=result [32m200 [0m27899.934 ms - 26[0m
[0mGET /api/product/gcatalogsearch/result?search=result [32m200 [0m7905.306 ms - 26[0m
[0mGET /api/product/gcatalogsearch/result?search=sans%20de [32m200 [0m7365.399 ms - 385[0m
[0mGET /api/category/main/list [36m304 [0m943.291 ms - -[0m
[0mGET /api/product/gcatalogsearch/result?search=sans%20de [36m304 [0m700.429 ms - -[0m
[0mGET /api/product/gcatalogsearch/result?search=sans%20de [36m304 [0m71.597 ms - -[0m
[0mGET /produit/1695989601836C2.jpg [36m304 [0m570.160 ms - -[0m
[0mGET /produit/1695989763210acc1.jpg [36m304 [0m566.788 ms - -[0m
[0mGET /produit/1696998821128ARR5.jpg [36m304 [0m606.288 ms - -[0m
[0mGET /produit/1695989675538cas.jpg [36m304 [0m600.657 ms - -[0m
[0mGET /api/product/gcatalogsearch/result?search=result [36m304 [0m42.843 ms - -[0m
[0mGET /api/category/main/list [36m304 [0m98.214 ms - -[0m
[0mGET /api/category/cn/list?name=VETEMENTS [32m200 [0m1980.380 ms - 1606[0m
[0mGET /api/product/list/VETEMENTS [32m200 [0m1243.879 ms - 2133[0m
[0mGET /produit/1696448643139ARR3.jpg [32m200 [0m677.155 ms - 3465[0m
[0mGET /produit/1695752820497e3.jpg [32m200 [0m647.206 ms - 7440[0m
[0mGET /produit/1695754614263T1.jpg [32m200 [0m645.935 ms - 9012[0m
[0mGET /produit/1695754196334ENST.jpg [32m200 [0m754.796 ms - 4600[0m
[0mGET /produit/1695747027807TS1.jpg [32m200 [0m690.359 ms - 4327[0m
[0mGET /api/product/gcatalogsearch/result?search=result [36m304 [0m58.049 ms - -[0m
[0mGET /api/product/gcatalogsearch/result?search=complet [32m200 [0m95.155 ms - 1092[0m
[0mGET /api/product/gcatalogsearch/result?search=complet [36m304 [0m81.761 ms - -[0m
[0mGET /api/category/main/list [36m304 [0m49.732 ms - -[0m
[0mGET /produit/1696998821128ARR5.jpg [36m304 [0m64.562 ms - -[0m
[0mGET /produit/1695989601836C2.jpg [36m304 [0m62.937 ms - -[0m
[0mGET /produit/1695989675538cas.jpg [36m304 [0m57.344 ms - -[0m
[0mGET /produit/1695989763210acc1.jpg [36m304 [0m21.338 ms - -[0m
[0mGET /api/product/gcatalogsearch/result?search=result [36m304 [0m22.647 ms - -[0m
[0mGET /api/category/main/list [36m304 [0m74.353 ms - -[0m
[0mGET /produit/1696998821128ARR5.jpg [36m304 [0m103.094 ms - -[0m
[0mGET /produit/1695989675538cas.jpg [36m304 [0m86.852 ms - -[0m
[0mGET /produit/1695989763210acc1.jpg [36m304 [0m86.246 ms - -[0m
[0mGET /produit/1695989601836C2.jpg [36m304 [0m92.954 ms - -[0m
[0mGET /api/product/gcatalogsearch/result?search=complet [36m304 [0m372.403 ms - -[0m
[0mGET /produit/1695752820497e3.jpg [36m304 [0m7.958 ms - -[0m
[0mGET /produit/1696448643139ARR3.jpg [36m304 [0m12.357 ms - -[0m
[0mGET /produit/1695754196334ENST.jpg [36m304 [0m8.670 ms - -[0m
[0mGET /api/product/gcatalogsearch/result?search=ta [32m200 [0m32.957 ms - 26[0m
[0mGET /api/product/gcatalogsearch/result?search=complet [36m304 [0m628.317 ms - -[0m
[0mGET /api/category/main/list [36m304 [0m1595.132 ms - -[0m
[0mGET /api/category/main/list [36m304 [0m9818.364 ms - -[0m
[0mGET /produit/1695989675538cas.jpg [36m304 [0m971.907 ms - -[0m
[0mGET /produit/1695989601836C2.jpg [36m304 [0m1602.308 ms - -[0m
[0mGET /produit/1695989763210acc1.jpg [36m304 [0m1029.349 ms - -[0m
[0mGET /produit/1696998821128ARR5.jpg [36m304 [0m1123.531 ms - -[0m
[0mGET /api/product/gcatalogsearch/result?search=complet [36m304 [0m12320.813 ms - -[0m
[0mGET /api/product/gcatalogsearch/result?search=co [32m200 [0m5264.597 ms - 1466[0m
[0mGET /produit/1695752820497e3.jpg [36m304 [0m999.943 ms - -[0m
[0mGET /produit/1696448643139ARR3.jpg [36m304 [0m864.773 ms - -[0m
[0mGET /produit/1695754196334ENST.jpg [36m304 [0m921.299 ms - -[0m
[0mGET /produit/1695990880479SACS.jpg [32m200 [0m596.642 ms - 7551[0m
[0mGET /api/product/gcatalogsearch/result?search=com [32m200 [0m472.723 ms - 1092[0m
[0mGET /api/product/gcatalogsearch/result?search=com [36m304 [0m93.343 ms - -[0m
[0mGET /api/product/gcatalogsearch/result?search=com [36m304 [0m43.244 ms - -[0m
[0mGET /api/product/gcatalogsearch/result?search=com [36m304 [0m165.515 ms - -[0m
[0mGET /api/category/main/list [36m304 [0m743.091 ms - -[0m
[0mGET /produit/1696998821128ARR5.jpg [36m304 [0m4.116 ms - -[0m
[0mGET /produit/1695989675538cas.jpg [36m304 [0m5.729 ms - -[0m
[0mGET /produit/1695989763210acc1.jpg [36m304 [0m4.392 ms - -[0m
[0mGET /produit/1695989601836C2.jpg [36m304 [0m72.959 ms - -[0m
[0mGET /api/category/cn/list?name=VETEMENTS [36m304 [0m1375.700 ms - -[0m
[0mGET /api/product/list/VETEMENTS [36m304 [0m803.568 ms - -[0m
[0mGET /produit/1695754614263T1.jpg [36m304 [0m552.061 ms - -[0m
[0mGET /produit/1695747027807TS1.jpg [36m304 [0m578.100 ms - -[0m
[0mGET /api/product/gcatalogsearch/result?search=com [36m304 [0m4215.318 ms - -[0m
[0mGET /api/product/gcatalogsearch/result?search=com [36m304 [0m752.635 ms - -[0m
[0mGET /api/product/gcatalogsearch/result?search=sans [32m200 [0m893.936 ms - 385[0m
[0mGET /api/product/gcatalogsearch/result?search=sans [36m304 [0m29.873 ms - -[0m
[0mGET /api/category/main/list [36m304 [0m236.390 ms - -[0m
[0mGET /api/category/main/list [36m304 [0m7317.488 ms - -[0m
[0mGET /api/category/main/list [36m304 [0m753.968 ms - -[0m
[0mGET /produit/1695989763210acc1.jpg [36m304 [0m2956.763 ms - -[0m
[0mGET /produit/1695989601836C2.jpg [36m304 [0m3086.291 ms - -[0m
[0mGET /produit/1696998821128ARR5.jpg [36m304 [0m1371.886 ms - -[0m
[0mGET /produit/1695989675538cas.jpg [36m304 [0m1272.923 ms - -[0m
[0mGET /api/product/gcatalogsearch/result?search=sans [36m304 [0m2192.525 ms - -[0m
[0mGET /api/category/main/list [36m304 [0m70.501 ms - -[0m
[0mGET /api/category/main/list [36m304 [0m36.515 ms - -[0m
[0mGET /api/category/main/list [36m304 [0m104.675 ms - -[0m
[0mGET /api/category/main/list [36m304 [0m177.524 ms - -[0m
[0mGET /api/product/gcatalogsearch/result?search=undefined [32m200 [0m187.206 ms - 26[0m
[0mGET /api/product/gcatalogsearch/result?search=undefined [36m304 [0m453.567 ms - -[0m
[0mGET /api/category/main/list [36m304 [0m126.266 ms - -[0m
[0mGET /api/product/gcatalogsearch/result?search=complet [32m200 [0m697.963 ms - 1092[0m
[0mGET /undefined [33m404 [0m8797.208 ms - 7466[0m
[0mGET /api/product/gcatalogsearch/result?search=compl [32m200 [0m829.871 ms - 1092[0m
[0mGET /produit/1695752820497e3.jpg [36m304 [0m629.704 ms - -[0m
[0mGET /produit/1696448643139ARR3.jpg [36m304 [0m247.590 ms - -[0m
[0mGET /produit/1695754196334ENST.jpg [36m304 [0m238.944 ms - -[0m
[0mGET /api/product/gcatalogsearch/result?search=complet [36m304 [0m263.228 ms - -[0m
[0mGET /undefined [33m404 [0m192.641 ms - 7466[0m
[0mGET /api/product/gcatalogsearch/result?search=complet [36m304 [0m165.654 ms - -[0m
[0mGET /undefined [33m404 [0m254.230 ms - 7466[0m
[0mGET /api/category/main/list [36m304 [0m82.322 ms - -[0m
[0mGET /produit/1696998821128ARR5.jpg [36m304 [0m315.770 ms - -[0m
[0mGET /produit/1695989763210acc1.jpg [36m304 [0m155.805 ms - -[0m
[0mGET /produit/1695989675538cas.jpg [36m304 [0m292.644 ms - -[0m
[0mGET /produit/1695989601836C2.jpg [36m304 [0m358.430 ms - -[0m
[0mGET /api/category/cn/list?name=VETEMENTS [36m304 [0m7423.016 ms - -[0m
[0mGET /api/product/list/VETEMENTS [36m304 [0m6419.407 ms - -[0m
[0mGET /produit/1695754614263T1.jpg [36m304 [0m9.473 ms - -[0m
[0mGET /api/product/gcatalogsearch/result?search=nike [32m200 [0m412.943 ms - 380[0m
[0mGET /undefined [33m404 [0m10.625 ms - 7466[0m
[0mGET /api/category/cn/list?name=VETEMENTS [36m304 [0m216.910 ms - -[0m
[0mGET /api/product/list/VETEMENTS [36m304 [0m296.737 ms - -[0m
[0mGET /api/product/gcatalogsearch/result?search=cop [32m200 [0m87.947 ms - 26[0m
[0mGET /api/category/main/list [36m304 [0m219.191 ms - -[0m
[0mGET /produit/1696998821128ARR5.jpg [36m304 [0m258.225 ms - -[0m
[0mGET /produit/1695989601836C2.jpg [36m304 [0m227.459 ms - -[0m
[0mGET /produit/1695989675538cas.jpg [36m304 [0m171.596 ms - -[0m
[0mGET /produit/1695989763210acc1.jpg [36m304 [0m94.831 ms - -[0m
[0mGET /api/product/gcatalogsearch/result?search=compl [36m304 [0m68.208 ms - -[0m
[0mGET /produit/1695752820497e3.jpg [36m304 [0m382.175 ms - -[0m
[0mGET /produit/1696448643139ARR3.jpg [36m304 [0m371.586 ms - -[0m
[0mGET /produit/1695754196334ENST.jpg [36m304 [0m6.245 ms - -[0m
[0mGET /api/category/main/list [36m304 [0m45.009 ms - -[0m
[0mGET /api/product/gcatalogsearch/result?search=nike [32m200 [0m63.641 ms - 380[0m
[0mGET /produit/1695754614263T1.jpg [36m304 [0m3.066 ms - -[0m
[0mGET /api/category/main/list [36m304 [0m8388.228 ms - -[0m
[0mGET /api/category/main/list [32m200 [0m98.661 ms - 696[0m
[0mGET /produit/1696998821128ARR5.jpg [32m200 [0m1568.062 ms - 3588[0m
[0mGET /produit/1695989675538cas.jpg [32m200 [0m1563.417 ms - 3513[0m
[0mGET /produit/1695989601836C2.jpg [32m200 [0m1569.926 ms - 8412[0m
[0mGET /produit/1695989763210acc1.jpg [32m200 [0m164.001 ms - 7482[0m
[0mGET /api/category/main/list [36m304 [0m178.388 ms - -[0m
[0mGET /produit/1695989763210acc1.jpg [36m304 [0m268.896 ms - -[0m
[0mGET /produit/1696998821128ARR5.jpg [36m304 [0m168.443 ms - -[0m
[0mGET /produit/1695989675538cas.jpg [36m304 [0m161.906 ms - -[0m
[0mGET /produit/1695989601836C2.jpg [36m304 [0m156.366 ms - -[0m
[0mOPTIONS /api/customer/register [32m204 [0m27.741 ms - 0[0m
[0mPOST /api/customer/register [32m200 [0m17177.757 ms - 95[0m
[0mOPTIONS /api/customer/register [32m204 [0m18.601 ms - 0[0m
[0mPOST /api/customer/register [32m200 [0m912.296 ms - 97[0m
[0mOPTIONS /api/customer/register [32m204 [0m75.213 ms - 0[0m
[0mPOST /api/customer/register [32m200 [0m953.108 ms - 96[0m
[0mOPTIONS /api/customer/register [32m204 [0m3.641 ms - 0[0m
[0mPOST /api/customer/register [32m200 [0m948.342 ms - 94[0m
[0mOPTIONS /api/customer/register [32m204 [0m3.335 ms - 0[0m
[0mPOST /api/customer/register [32m200 [0m1330.083 ms - 96[0m
[0mGET /api/category/main/list [36m304 [0m9717.109 ms - -[0m
[0mGET /api/category/main/list [36m304 [0m3865.887 ms - -[0m
[0mGET /api/category/main/list [36m304 [0m768.095 ms - -[0m
[0mGET /api/category/main/list [36m304 [0m83.794 ms - -[0m
[0mGET /api/category/main/list [36m304 [0m237.018 ms - -[0m
[0mGET /api/category/main/list [36m304 [0m203.600 ms - -[0m
[0mPOST / [33m404 [0m4379.972 ms - 28[0m
[0mPOST / [33m404 [0m106.137 ms - 28[0m
[0mGET /api/category/main/list [32m200 [0m20616.993 ms - 696[0m
[0mGET /produit/1695989601836C2.jpg [32m200 [0m4950.002 ms - 8412[0m
[0mGET /produit/1695989763210acc1.jpg [32m200 [0m4963.787 ms - 7482[0m
[0mGET /produit/1695989675538cas.jpg [32m200 [0m4969.503 ms - 3513[0m
[0mGET /produit/1696998821128ARR5.jpg [32m200 [0m8207.034 ms - 3588[0m
[0mOPTIONS /api/customer/register [32m204 [0m146.022 ms - 0[0m
[0mOPTIONS /api/customer/register [32m204 [0m761.049 ms - 0[0m
[0mPOST /api/customer/register [31m500 [0m67073.469 ms - 34[0m
[0mPOST /api/customer/register [32m200 [0m28392.981 ms - 95[0m
[0mOPTIONS /api/customer/register [32m204 [0m103.662 ms - 0[0m
[0mPOST /api/customer/register [32m200 [0m770.580 ms - 94[0m
[0mOPTIONS /api/customer/register [32m204 [0m762.935 ms - 0[0m
[0mPOST /api/customer/register [32m200 [0m4152.942 ms - 94[0m
[0mPOST / [33m404 [0m171.431 ms - 28[0m
[0mPOST / [33m404 [0m880.003 ms - 28[0m
[0mGET /api/category/main/list [36m304 [0m4282.121 ms - -[0m
[0mPOST / [33m404 [0m160.950 ms - 28[0m
[0mGET /api/category/main/list [36m304 [0m132.299 ms - -[0m
[0mPOST /api/customer/register [32m200 [0m2481.736 ms - 94[0m
[0mGET /api/category/main/list [36m304 [0m183.136 ms - -[0m
