[0mGET /api/order/addressList [32m200 [0m7181.458 ms - 2946[0m
[0mGET /api/category/main/list [32m200 [0m203.283 ms - 694[0m
[0mGET /produit/1695989675538cas.jpg [32m200 [0m103.821 ms - 3513[0m
[0mGET /produit/1695989511160e3.jpg [32m200 [0m219.962 ms - 7440[0m
[0mGET /produit/1695989601836C2.jpg [32m200 [0m231.588 ms - 8412[0m
[0mGET /produit/1695989763210acc1.jpg [32m200 [0m75.430 ms - 7482[0m
[0mGET /api/order/cartList [32m200 [0m1964.206 ms - 2801[0m
[0mGET /produit/1695941364451ENSY.jpg [32m200 [0m108.485 ms - 8789[0m
[0mGET /produit/1695934819282TS5.jpg [32m200 [0m235.235 ms - 4909[0m
[0mGET /produit/1696020094574ENST.jpg [32m200 [0m410.353 ms - 4600[0m
[0mGET /api/customer/getUserByEmailId [31m500 [0m3790.764 ms - 3961[0m
[0mGET /api/category/main/list [32m200 [0m10569.924 ms - 694[0m
[0mGET /produit/1695989511160e3.jpg [32m200 [0m424.114 ms - 7440[0m
[0mGET /produit/1695989601836C2.jpg [32m200 [0m212.506 ms - 8412[0m
[0mGET /produit/1695989675538cas.jpg [32m200 [0m218.968 ms - 3513[0m
[0mGET /produit/1695989763210acc1.jpg [32m200 [0m258.088 ms - 7482[0m
[0mGET /api/customer/getUserByEmailId?email=alice [31m500 [0m19028.872 ms - 17[0m
[0mGET /api/customer/getUserByEmailId?email=alice@gmail.com [32m200 [0m804.103 ms - 2287[0m
[0mGET /api/order/addressList [32m200 [0m246.292 ms - 2946[0m
[0mGET /produit/1695991670018ENS4.jpg [32m200 [0m282.015 ms - 6872[0m
[0mGET /produit/1695934506632TS2.jpg [32m200 [0m290.187 ms - 1406[0m
[0mOPTIONS /api/customer/login [32m204 [0m6.016 ms - 0[0m
[0mPOST /api/customer/login [32m200 [0m456.342 ms - 195[0m
[0mGET /produit/1695991670018ENS4.jpg [36m304 [0m9.485 ms - -[0m
[0mGET /produit/1695934506632TS2.jpg [36m304 [0m5.283 ms - -[0m
[0mGET /api/customer/getUserByEmailId?email=alice@gmail.com [32m200 [0m47.190 ms - 2287[0m
[0mGET /api/customer/getUserByEmailId?email=alice@gmail.com [36m304 [0m51.828 ms - -[0m
[0mGET /api/customer/getUserByEmailId?email=alice@gmail.com [36m304 [0m58.952 ms - -[0m
[0mGET /api/customer/getUserByEmailId?email=alice@gmail.com [36m304 [0m52.573 ms - -[0m
[0mGET /api/order/list [32m200 [0m2092.931 ms - 9020[0m
[0mGET /api/customer/getUserByEmailId?email=alice@gmail.com [36m304 [0m87.844 ms - -[0m
[0mGET /api/customer/getUserByEmailId?email=alice@gmail.com [36m304 [0m25.159 ms - -[0m
[0mGET /api/customer/getUserByEmailId?email=alice@gmail.com [36m304 [0m36.081 ms - -[0m
[0mGET /api/customer/getUserByEmailId?email=alice@gmail.com [36m304 [0m96.373 ms - -[0m
[0mGET /api/customer/getUserByEmailId?email=alice@gmail.com [36m304 [0m34.784 ms - -[0m
[0mGET /api/customer/getUserByEmailId?email=alice@gmail.com [36m304 [0m53.267 ms - -[0m
[0mGET /api/customer/getUserByEmailId?email=alice@gmail.com [36m304 [0m41.811 ms - -[0m
[0mGET /api/customer/getUserByEmailId?email=alice@gmail.com [36m304 [0m28.494 ms - -[0m
[0mGET /api/customer/getUserByEmailId?email=alice@gmail.com [36m304 [0m44.353 ms - -[0m
[0mGET /api/order/list [36m304 [0m272.176 ms - -[0m
[0mGET /api/customer/getUserByEmailId?email=alice@gmail.com [36m304 [0m26.745 ms - -[0m
[0mGET /api/customer/getUserByEmailId?email=alice@gmail.com [36m304 [0m30.098 ms - -[0m
[0mGET /api/customer/getUserByEmailId?email=alice@gmail.com [36m304 [0m22.319 ms - -[0m
[0mGET /api/customer/getUserByEmailId?email=alice@gmail.com [36m304 [0m197.081 ms - -[0m
[0mGET /api/customer/getUserByEmailId?email=alice@gmail.com [36m304 [0m69.257 ms - -[0m
[0mGET /api/customer/getUserByEmailId?email=alice@gmail.com [36m304 [0m28.405 ms - -[0m
[0mGET /api/customer/getUserByEmailId?email=alice@gmail.com [36m304 [0m158.717 ms - -[0m
[0mGET /api/customer/getUserByEmailId?email=alice@gmail.com [36m304 [0m179.811 ms - -[0m
[0mGET /api/customer/getUserByEmailId?email=alice@gmail.com [36m304 [0m62.768 ms - -[0m
[0mGET /api/order/list [36m304 [0m315.927 ms - -[0m
[0mGET /api/customer/getUserByEmailId?email=alice@gmail.com [36m304 [0m87.503 ms - -[0m
[0mGET /api/customer/getUserByEmailId?email=alice@gmail.com [36m304 [0m164.823 ms - -[0m
[0mGET /api/order/list [36m304 [0m282.828 ms - -[0m
[0mGET /api/customer/getUserByEmailId?email=alice@gmail.com [36m304 [0m53.535 ms - -[0m
[0mGET /api/customer/getUserByEmailId?email=alice@gmail.com [36m304 [0m42.524 ms - -[0m
[0mGET /api/customer/getUserByEmailId?email=alice@gmail.com [36m304 [0m216.344 ms - -[0m
[0mGET /api/customer/getUserByEmailId?email=alice@gmail.com [36m304 [0m91.060 ms - -[0m
[0mGET /api/customer/getUserByEmailId?email=alice@gmail.com [36m304 [0m41.454 ms - -[0m
[0mGET /api/customer/getUserByEmailId?email=alice@gmail.com [36m304 [0m153.565 ms - -[0m
[0mGET /api/order/list [36m304 [0m196.761 ms - -[0m
[0mGET /api/customer/getUserByEmailId?email=alice@gmail.com [36m304 [0m143.423 ms - -[0m
[0mGET /api/customer/getUserByEmailId?email=alice@gmail.com [36m304 [0m106.032 ms - -[0m
[0mGET /api/order/list [36m304 [0m896.515 ms - -[0m
[0mGET /api/customer/getUserByEmailId?email=alice@gmail.com [36m304 [0m61.712 ms - -[0m
[0mGET /api/customer/getUserByEmailId?email=alice@gmail.com [36m304 [0m80.712 ms - -[0m
[0mGET /api/customer/getUserByEmailId?email=alice@gmail.com [36m304 [0m44.012 ms - -[0m
[0mGET /api/customer/getUserByEmailId?email=alice@gmail.com [36m304 [0m25.418 ms - -[0m
[0mGET /api/customer/getUserByEmailId?email=alice@gmail.com [36m304 [0m176.472 ms - -[0m
[0mGET /api/customer/getUserByEmailId?email=alice@gmail.com [36m304 [0m24.535 ms - -[0m
[0mGET /api/customer/getUserByEmailId?email=alice@gmail.com [36m304 [0m692.128 ms - -[0m
[0mGET /api/order/list [36m304 [0m665.343 ms - -[0m
[0mGET /api/customer/getUserByEmailId?email=alice@gmail.com [36m304 [0m181.776 ms - -[0m
[0mGET /api/order/list [36m304 [0m75.442 ms - -[0m
[0mGET /api/customer/getUserByEmailId?email=alice@gmail.com [36m304 [0m47.720 ms - -[0m
[0mGET /api/customer/getUserByEmailId?email=alice@gmail.com [36m304 [0m44.772 ms - -[0m
[0mGET /api/order/list [36m304 [0m160.699 ms - -[0m
[0mGET /api/customer/getUserByEmailId?email=alice@gmail.com [36m304 [0m94.622 ms - -[0m
[0mGET /api/customer/getUserByEmailId?email=alice@gmail.com [36m304 [0m190.030 ms - -[0m
[0mGET /api/customer/getUserByEmailId?email=alice@gmail.com [36m304 [0m92.756 ms - -[0m
[0mGET /api/customer/getUserByEmailId?email=alice@gmail.com [36m304 [0m120.522 ms - -[0m
[0mGET /api/customer/getUserByEmailId?email=alice@gmail.com [36m304 [0m42.196 ms - -[0m
[0mGET /api/customer/getUserByEmailId?email=alice@gmail.com [36m304 [0m137.201 ms - -[0m
[0mGET /api/customer/getUserByEmailId?email=alice@gmail.com [36m304 [0m40.723 ms - -[0m
[0mGET /api/customer/getUserByEmailId?email=alice@gmail.com [36m304 [0m108.583 ms - -[0m
[0mGET /produit/1695991670018ENS4.jpg [36m304 [0m1194.957 ms - -[0m
[0mGET /produit/1695934506632TS2.jpg [36m304 [0m485.182 ms - -[0m
[0mGET /api/category/main/list [36m304 [0m584.341 ms - -[0m
[0mGET /produit/1695989511160e3.jpg [36m304 [0m97.864 ms - -[0m
[0mGET /produit/1695989763210acc1.jpg [36m304 [0m29.854 ms - -[0m
[0mGET /produit/1695989675538cas.jpg [36m304 [0m41.913 ms - -[0m
[0mGET /produit/1695989601836C2.jpg [36m304 [0m66.141 ms - -[0m
[0mGET /api/customer/getUserByEmailId?email=alice@gmail.com [36m304 [0m2634.689 ms - -[0m
[0mGET /api/customer/getUserByEmailId?email=alice@gmail.com [36m304 [0m2907.098 ms - -[0m
[0mGET /api/order/list [32m200 [0m261.082 ms - 9020[0m
[0mGET /api/customer/getUserByEmailId?email=alice@gmail.com [36m304 [0m185.846 ms - -[0m
[0mGET /api/customer/getUserByEmailId?email=alice@gmail.com [36m304 [0m59.430 ms - -[0m
[0mGET /api/order/list [32m200 [0m546.739 ms - 9020[0m
[0mGET /api/customer/getUserByEmailId?email=alice@gmail.com [36m304 [0m219.579 ms - -[0m
[0mGET /api/customer/getUserByEmailId?email=alice@gmail.com [36m304 [0m79.556 ms - -[0m
[0mGET /api/customer/getUserByEmailId?email=alice@gmail.com [36m304 [0m33.019 ms - -[0m
[0mGET /api/order/orderid?id=1 [32m200 [0m294.971 ms - 471[0m
[0mGET /api/order/orderid?id=4 [32m200 [0m84.982 ms - 736[0m
[0mGET /api/customer/getUserByEmailId?email=alice@gmail.com [36m304 [0m41.644 ms - -[0m
[0mGET /api/customer/getUserByEmailId?email=alice@gmail.com [36m304 [0m41.457 ms - -[0m
[0mGET /api/customer/getUserByEmailId?email=alice@gmail.com [36m304 [0m34.734 ms - -[0m
[0mGET /api/customer/getUserByEmailId?email=alice@gmail.com [36m304 [0m26.366 ms - -[0m
[0mGET /api/customer/getUserByEmailId?email=alice@gmail.com [36m304 [0m39.102 ms - -[0m
[0mGET /api/customer/getUserByEmailId?email=alice@gmail.com [36m304 [0m49.237 ms - -[0m
[0mGET /api/customer/getUserByEmailId?email=alice@gmail.com [36m304 [0m25.365 ms - -[0m
[0mGET /api/customer/getUserByEmailId?email=alice@gmail.com [36m304 [0m23.553 ms - -[0m
[0mGET /api/customer/getUserByEmailId?email=alice@gmail.com [36m304 [0m35.417 ms - -[0m
[0mGET /api/customer/getUserByEmailId?email=alice@gmail.com [36m304 [0m38.406 ms - -[0m
[0mGET /api/customer/getUserByEmailId?email=alice@gmail.com [36m304 [0m33.218 ms - -[0m
[0mGET /api/customer/getUserByEmailId?email=alice@gmail.com [36m304 [0m32.541 ms - -[0m
[0mGET /api/customer/getUserByEmailId?email=alice@gmail.com [36m304 [0m32.310 ms - -[0m
[0mGET /api/customer/getUserByEmailId?email=alice@gmail.com [36m304 [0m17.138 ms - -[0m
[0mGET /api/customer/getUserByEmailId?email=alice@gmail.com [36m304 [0m23.665 ms - -[0m
[0mGET /api/customer/getUserByEmailId?email=alice@gmail.com [36m304 [0m27.956 ms - -[0m
[0mGET /api/customer/getUserByEmailId?email=alice@gmail.com [36m304 [0m26.080 ms - -[0m
[0mGET /api/customer/getUserByEmailId?email=alice@gmail.com [36m304 [0m19.935 ms - -[0m
[0mGET /api/customer/getUserByEmailId?email=alice@gmail.com [36m304 [0m26.529 ms - -[0m
[0mGET /api/customer/getUserByEmailId?email=alice@gmail.com [36m304 [0m29.683 ms - -[0m
[0mGET /api/customer/getUserByEmailId?email=alice@gmail.com [36m304 [0m29.190 ms - -[0m
[0mGET /api/customer/getUserByEmailId?email=alice@gmail.com [36m304 [0m24.950 ms - -[0m
[0mGET /api/customer/getUserByEmailId?email=alice@gmail.com [36m304 [0m25.801 ms - -[0m
[0mGET /api/customer/getUserByEmailId?email=alice@gmail.com [36m304 [0m26.759 ms - -[0m
[0mGET /api/customer/getUserByEmailId?email=alice@gmail.com [36m304 [0m22.861 ms - -[0m
[0mGET /api/customer/getUserByEmailId?email=alice@gmail.com [36m304 [0m26.467 ms - -[0m
[0mGET /api/customer/getUserByEmailId?email=alice@gmail.com [36m304 [0m18.032 ms - -[0m
[0mGET /api/customer/getUserByEmailId?email=alice@gmail.com [36m304 [0m16.108 ms - -[0m
[0mGET /api/customer/getUserByEmailId?email=alice@gmail.com [36m304 [0m18.138 ms - -[0m
[0mGET /api/customer/getUserByEmailId?email=alice@gmail.com [36m304 [0m19.674 ms - -[0m
[0mGET /api/order/orderid?id=details [32m200 [0m24.601 ms - 29[0m
[0mGET /api/customer/getUserByEmailId?email=alice@gmail.com [36m304 [0m55.936 ms - -[0m
[0mGET /api/customer/getUserByEmailId?email=alice@gmail.com [36m304 [0m85.499 ms - -[0m
[0mGET /api/order/list [36m304 [0m188.024 ms - -[0m
[0mGET /api/order/orderid?id=details [36m304 [0m19.351 ms - -[0m
[0mGET /api/order/orderid?id=details [32m200 [0m115.908 ms - 28[0m
[0mGET /api/customer/getUserByEmailId?email=alice@gmail.com [36m304 [0m360.143 ms - -[0m
[0mGET /api/order/addressList [36m304 [0m52.362 ms - -[0m
[0mGET /api/customer/getUserByEmailId?email=alice@gmail.com [36m304 [0m31.271 ms - -[0m
[0mGET /api/customer/getUserByEmailId?email=alice@gmail.com [36m304 [0m45.997 ms - -[0m
[0mGET /api/order/list [32m200 [0m158.912 ms - 9020[0m
[0mGET /api/order/orderid?id=:id [32m200 [0m21.997 ms - 28[0m
[0mGET /api/customer/getUserByEmailId?email=alice@gmail.com [36m304 [0m35.583 ms - -[0m
[0mGET /api/order/list [36m304 [0m40.843 ms - -[0m
[0mGET /api/customer/getUserByEmailId?email=alice@gmail.com [36m304 [0m32.638 ms - -[0m
[0mGET /api/customer/getUserByEmailId?email=alice@gmail.com [36m304 [0m15.505 ms - -[0m
[0mGET /api/order/list [36m304 [0m58.221 ms - -[0m
[0mGET /api/order/orderid?id=:id [36m304 [0m32.692 ms - -[0m
[0mGET /api/customer/getUserByEmailId?email=alice@gmail.com [36m304 [0m29.586 ms - -[0m
[0mGET /api/order/list [36m304 [0m62.470 ms - -[0m
[0mGET /api/customer/getUserByEmailId?email=alice@gmail.com [36m304 [0m15.981 ms - -[0m
[0mGET /api/order/list [36m304 [0m19.671 ms - -[0m
[0mGET /api/customer/getUserByEmailId?email=alice@gmail.com [36m304 [0m22.982 ms - -[0m
[0mGET /api/order/list [36m304 [0m36.122 ms - -[0m
[0mGET /api/customer/getUserByEmailId?email=alice@gmail.com [36m304 [0m18.057 ms - -[0m
[0mGET /api/order/list [36m304 [0m33.741 ms - -[0m
[0mGET /api/customer/getUserByEmailId?email=alice@gmail.com [36m304 [0m21.113 ms - -[0m
[0mGET /api/order/list [36m304 [0m32.047 ms - -[0m
[0mGET /api/customer/getUserByEmailId?email=alice@gmail.com [36m304 [0m13.620 ms - -[0m
[0mGET /api/order/list [36m304 [0m23.581 ms - -[0m
[0mGET /api/order/orderid?id=9 [32m200 [0m42.816 ms - 364[0m
[0mGET /api/order/orderid?id=9 [36m304 [0m16.044 ms - -[0m
[0mGET /api/customer/getUserByEmailId?email=alice@gmail.com [36m304 [0m14.737 ms - -[0m
[0mGET /api/order/orderid?id=9 [36m304 [0m13.417 ms - -[0m
[0mGET /api/customer/getUserByEmailId?email=alice@gmail.com [36m304 [0m19.718 ms - -[0m
[0mGET /api/order/orderid?id=9 [36m304 [0m15.310 ms - -[0m
[0mGET /api/customer/getUserByEmailId?email=alice@gmail.com [36m304 [0m15.739 ms - -[0m
[0mGET /api/order/orderid?id=9 [36m304 [0m22.215 ms - -[0m
[0mGET /api/customer/getUserByEmailId?email=alice@gmail.com [36m304 [0m27.598 ms - -[0m
[0mGET /api/order/orderid?id=9 [36m304 [0m15.966 ms - -[0m
[0mGET /api/customer/getUserByEmailId?email=alice@gmail.com [36m304 [0m18.536 ms - -[0m
[0mGET /api/order/orderid?id=4 [32m200 [0m14.382 ms - 735[0m
[0mGET /api/order/orderid?id=9 [36m304 [0m13.331 ms - -[0m
[0mGET /api/customer/getUserByEmailId?email=alice@gmail.com [36m304 [0m20.776 ms - -[0m
[0mGET /api/order/orderid?id=9 [36m304 [0m18.637 ms - -[0m
[0mGET /api/customer/getUserByEmailId?email=alice@gmail.com [36m304 [0m25.599 ms - -[0m
[0mGET /api/order/orderid?id=9 [36m304 [0m14.380 ms - -[0m
[0mGET /api/customer/getUserByEmailId?email=alice@gmail.com [36m304 [0m17.629 ms - -[0m
[0mGET /api/order/orderid?id=9 [36m304 [0m20.809 ms - -[0m
[0mGET /api/customer/getUserByEmailId?email=alice@gmail.com [36m304 [0m28.698 ms - -[0m
[0mGET /api/customer/getUserByEmailId?email=alice@gmail.com [36m304 [0m110.098 ms - -[0m
[0mGET /api/category/main/list [36m304 [0m484.962 ms - -[0m
[0mGET /produit/1695989511160e3.jpg [36m304 [0m149.674 ms - -[0m
[0mGET /produit/1695989675538cas.jpg [36m304 [0m131.677 ms - -[0m
[0mGET /produit/1695989601836C2.jpg [36m304 [0m272.940 ms - -[0m
[0mGET /produit/1695989763210acc1.jpg [36m304 [0m193.837 ms - -[0m
[0mGET /api/customer/getUserByEmailId?email=alice@gmail.com [36m304 [0m34.103 ms - -[0m
[0mGET /api/customer/getUserByEmailId?email=alice@gmail.com [36m304 [0m37.544 ms - -[0m
[0mGET /api/order/list [36m304 [0m73.513 ms - -[0m
[0mGET /api/customer/getUserByEmailId?email=alice@gmail.com [36m304 [0m20.910 ms - -[0m
[0mGET /api/order/orderid?id=10 [32m200 [0m27.059 ms - 237[0m
[0mGET /api/customer/getUserByEmailId?email=alice@gmail.com [36m304 [0m76.896 ms - -[0m
[0mGET /api/customer/getUserByEmailId?email=alice@gmail.com [36m304 [0m19.421 ms - -[0m
[0mGET /api/order/orderid?id=10 [36m304 [0m17.110 ms - -[0m
[0mGET /api/customer/getUserByEmailId?email=alice@gmail.com [36m304 [0m17.883 ms - -[0m
[0mGET /api/customer/getUserByEmailId?email=alice@gmail.com [36m304 [0m19.616 ms - -[0m
[0mGET /api/order/orderid?id=10 [36m304 [0m41.233 ms - -[0m
[0mGET /api/customer/getUserByEmailId?email=alice@gmail.com [36m304 [0m152.089 ms - -[0m
[0mGET /api/customer/getUserByEmailId?email=alice@gmail.com [36m304 [0m32.050 ms - -[0m
[0mGET /api/order/orderid?id=10 [36m304 [0m49.830 ms - -[0m
[0mGET /api/customer/getUserByEmailId?email=alice@gmail.com [36m304 [0m34.105 ms - -[0m
[0mGET /api/customer/getUserByEmailId?email=alice@gmail.com [36m304 [0m15.804 ms - -[0m
[0mGET /api/order/orderid?id=10 [36m304 [0m37.002 ms - -[0m
[0mGET /api/customer/getUserByEmailId?email=alice@gmail.com [36m304 [0m28.488 ms - -[0m
[0mGET /api/customer/getUserByEmailId?email=alice@gmail.com [36m304 [0m40.586 ms - -[0m
[0mGET /api/order/orderid?id=10 [36m304 [0m25.886 ms - -[0m
[0mGET /api/customer/getUserByEmailId?email=alice@gmail.com [36m304 [0m48.775 ms - -[0m
[0mGET /api/customer/getUserByEmailId?email=alice@gmail.com [36m304 [0m75.009 ms - -[0m
[0mGET /api/order/orderid?id=10 [36m304 [0m28.743 ms - -[0m
