[0mGET /api/category/main/list [36m304 [0m81.198 ms - -[0m
[0mGET /api/category/main/list [36m304 [0m75.429 ms - -[0m
[0mGET /api/category/main/list [36m304 [0m115.091 ms - -[0m
[0mGET /api/category/main/list [36m304 [0m67.001 ms - -[0m
[0mGET /api/category/main/list [36m304 [0m9.255 ms - -[0m
[0mGET /api/category/main/list [36m304 [0m60.302 ms - -[0m
[0mGET /api/category/main/list [36m304 [0m64.109 ms - -[0m
[0mGET /api/category/main/list [36m304 [0m21.508 ms - -[0m
[0mGET /api/category/main/list [36m304 [0m9.938 ms - -[0m
[0mGET /api/category/main/list [36m304 [0m735.072 ms - -[0m
[0mGET /api/category/main/list [36m304 [0m14.878 ms - -[0m
[0mGET /api/category/main/list [36m304 [0m193.946 ms - -[0m
[0mGET /api/category/main/list [36m304 [0m10.714 ms - -[0m
[0mGET /api/category/main/list [36m304 [0m255.972 ms - -[0m
[0mGET /api/category/main/list [36m304 [0m20.657 ms - -[0m
[0mGET /api/category/main/list [36m304 [0m28.906 ms - -[0m
[0mGET /api/category/main/list [36m304 [0m75.450 ms - -[0m
[0mGET /api/category/main/list [36m304 [0m71.387 ms - -[0m
[0mGET /api/category/main/list [36m304 [0m101.646 ms - -[0m
[0mGET /api/category/main/list [36m304 [0m119.019 ms - -[0m
[0mGET /api/category/main/list [36m304 [0m103.761 ms - -[0m
[0mGET /api/category/main/list [36m304 [0m135.768 ms - -[0m
[0mGET /api/category/main/list [36m304 [0m30.681 ms - -[0m
[0mGET /api/category/main/list [36m304 [0m122.264 ms - -[0m
[0mGET /api/category/main/list [36m304 [0m68.688 ms - -[0m
[0mGET /api/category/main/list [36m304 [0m113.114 ms - -[0m
[0mGET /api/category/main/list [36m304 [0m34.784 ms - -[0m
[0mGET /api/category/main/list [36m304 [0m40.691 ms - -[0m
[0mGET /api/category/main/list [36m304 [0m43.094 ms - -[0m
[0mGET /api/category/main/list [36m304 [0m59.311 ms - -[0m
[0mGET /api/category/main/list [36m304 [0m84.836 ms - -[0m
[0mGET /api/category/main/list [36m304 [0m17.484 ms - -[0m
[0mGET /api/category/main/list [36m304 [0m14.013 ms - -[0m
[0mGET /api/category/main/list [36m304 [0m10.832 ms - -[0m
[0mGET /api/category/main/list [36m304 [0m10.366 ms - -[0m
[0mGET /api/category/main/list [36m304 [0m20.128 ms - -[0m
[0mGET /api/category/main/list [36m304 [0m9.571 ms - -[0m
[0mGET /api/category/main/list [36m304 [0m10.436 ms - -[0m
[0mGET /api/category/main/list [36m304 [0m12.017 ms - -[0m
[0mGET /api/category/main/list [36m304 [0m13.232 ms - -[0m
[0mGET /api/category/main/list [36m304 [0m18.275 ms - -[0m
[0mGET /api/category/main/list [36m304 [0m12.230 ms - -[0m
[0mGET /api/category/main/list [36m304 [0m12.719 ms - -[0m
[0mGET /api/category/main/list [36m304 [0m9.293 ms - -[0m
[0mGET /api/category/main/list [36m304 [0m9.285 ms - -[0m
[0mGET /api/category/main/list [36m304 [0m10.537 ms - -[0m
[0mGET /api/category/main/list [36m304 [0m13.045 ms - -[0m
[0mGET /api/category/main/list [36m304 [0m12.419 ms - -[0m
[0mGET /api/category/main/list [36m304 [0m7.386 ms - -[0m
[0mGET /api/category/main/list [36m304 [0m7.922 ms - -[0m
[0mGET /api/category/main/list [36m304 [0m7.181 ms - -[0m
[0mGET /api/category/main/list [36m304 [0m11.537 ms - -[0m
[0mGET /api/category/main/list [36m304 [0m9.091 ms - -[0m
[0mGET /api/category/main/list [36m304 [0m9.085 ms - -[0m
[0mGET /api/category/main/list [36m304 [0m13.359 ms - -[0m
[0mGET /api/category/main/list [36m304 [0m9.203 ms - -[0m
[0mPOST /api/category/child-category/create [32m200 [0m150.677 ms - 60[0m
[0mPOST /api/category/create [32m200 [0m142.266 ms - 55[0m
[0mPOST /api/category/create [32m200 [0m230.823 ms - 55[0m
[0mPOST /api/category/create [32m200 [0m213.889 ms - 55[0m
[0mPOST /api/category/create [32m200 [0m108.542 ms - 55[0m
[0mGET /api/category/child-category/list [32m200 [0m193.980 ms - 174[0m
[0mPOST /api/category/child-category/create [32m200 [0m181.842 ms - 60[0m
[0mGET /api/category/main/list [32m200 [0m7.150 ms - 497[0m
[0mGET /api/category/main/list [36m304 [0m7.278 ms - -[0m
[0mGET /api/category/main/list [36m304 [0m9.887 ms - -[0m
[0mGET /api/category/main/list [36m304 [0m25.202 ms - -[0m
[0mGET /api/category/main/list [36m304 [0m8.654 ms - -[0m
[0mGET /api/category/main/list [36m304 [0m7.011 ms - -[0m
[0mGET /api/category/main/list [36m304 [0m9.542 ms - -[0m
[0mGET /api/category/main/list [36m304 [0m239.190 ms - -[0m
[0mOPTIONS /api/category/sub-category/create [32m204 [0m134.575 ms - 0[0m
[0mPOST /api/category/sub-category/create [32m200 [0m260.456 ms - 55[0m
[0mGET /api/category/main/list [36m304 [0m231.747 ms - -[0m
[0mGET /api/category/main/list [36m304 [0m9.056 ms - -[0m
[0mGET /api/category/main/list [36m304 [0m21.096 ms - -[0m
[0mGET /api/category/main/list [36m304 [0m16.472 ms - -[0m
[0mGET /api/category/main/list [36m304 [0m453.852 ms - -[0m
[0mGET /api/category/main/list [36m304 [0m36.356 ms - -[0m
[0mOPTIONS /api/category/sub-category/create [32m204 [0m2.224 ms - 0[0m
[0mPOST /api/category/sub-category/create [32m200 [0m290.804 ms - 55[0m
[0mGET /api/category/main/list [36m304 [0m27.345 ms - -[0m
[0mOPTIONS /api/category/sub-category/create [32m204 [0m1.897 ms - 0[0m
[0mPOST /api/category/sub-category/create [32m200 [0m225.127 ms - 55[0m
[0mGET /api/category/main/list [36m304 [0m24.440 ms - -[0m
[0mGET /api/category/main/list [36m304 [0m19.643 ms - -[0m
[0mOPTIONS /api/category/sub-category/create [32m204 [0m24.422 ms - 0[0m
[0mPOST /api/category/sub-category/create [32m200 [0m1222.123 ms - 55[0m
[0mGET /api/category/main/list [36m304 [0m9.543 ms - -[0m
[0mGET /api/category/main/list [36m304 [0m168.099 ms - -[0m
[0mGET /api/category/main/list [36m304 [0m236.325 ms - -[0m
[0mGET /api/category/main/list [36m304 [0m205.168 ms - -[0m
[0mGET /api/category/main/list [36m304 [0m54.393 ms - -[0m
[0mGET /api/category/main/list [36m304 [0m399.450 ms - -[0m
[0mGET /api/category/main/list [36m304 [0m22.229 ms - -[0m
[0mGET /api/category/main/list [36m304 [0m154.076 ms - -[0m
[0mGET /api/category/main/list [36m304 [0m95.594 ms - -[0m
[0mGET /api/category/main/list [36m304 [0m36.846 ms - -[0m
[0mGET /api/category/main/list [36m304 [0m66.513 ms - -[0m
[0mGET /api/category/main/list [36m304 [0m1110.107 ms - -[0m
[0mGET /api/category/main/list [36m304 [0m40.629 ms - -[0m
[0mGET /api/category/main/list [36m304 [0m91.574 ms - -[0m
[0mGET /api/category/main/list [36m304 [0m200.510 ms - -[0m
[0mGET /api/category/main/list [36m304 [0m41.998 ms - -[0m
[0mGET /api/category/main/list [36m304 [0m26.294 ms - -[0m
[0mGET /api/category/main/list [36m304 [0m78.466 ms - -[0m
[0mGET /api/category/main/list [36m304 [0m75.665 ms - -[0m
[0mGET /api/category/main/list [36m304 [0m9.439 ms - -[0m
[0mGET /api/category/main/list [36m304 [0m8.345 ms - -[0m
[0mGET /api/category/main/list [36m304 [0m14.260 ms - -[0m
[0mGET /api/category/main/list [36m304 [0m9.150 ms - -[0m
[0mGET /api/category/main/list [36m304 [0m67.700 ms - -[0m
[0mGET /api/category/main/list [36m304 [0m8.415 ms - -[0m
[0mGET /api/category/main/list [36m304 [0m80.100 ms - -[0m
[0mGET /api/category/main/list [36m304 [0m10.131 ms - -[0m
[0mGET /api/category/main/list [36m304 [0m46.256 ms - -[0m
[0mGET /api/category/main/list [36m304 [0m74.785 ms - -[0m
[0mGET /api/category/main/list [36m304 [0m25.029 ms - -[0m
[0mGET /api/category/main/list [36m304 [0m28.641 ms - -[0m
[0mGET /api/category/main/list [36m304 [0m87.993 ms - -[0m
[0mGET /api/category/main/list [36m304 [0m495.877 ms - -[0m
[0mGET /api/category/main/list [36m304 [0m94.465 ms - -[0m
[0mGET /api/category/main/list [36m304 [0m16.019 ms - -[0m
[0mGET /api/category/main/list [36m304 [0m45.414 ms - -[0m
[0mGET /api/category/main/list [36m304 [0m79.523 ms - -[0m
[0mGET /api/category/main/list [36m304 [0m6.467 ms - -[0m
[0mGET /api/category/main/list [36m304 [0m82.130 ms - -[0m
[0mGET /api/category/main/list [36m304 [0m8.268 ms - -[0m
[0mGET /api/category/sub-category/list [32m200 [0m380.562 ms - 464[0m
[0mGET /api/category/sub-category/list [36m304 [0m111.929 ms - -[0m
[0mGET /api/category/sub-category/list [36m304 [0m58.111 ms - -[0m
[0mGET /api/category/sub-category/list [36m304 [0m99.875 ms - -[0m
[0mGET /api/category/sub-category/list [36m304 [0m13.470 ms - -[0m
[0mGET /api/category/sub-category/list [36m304 [0m346.956 ms - -[0m
[0mGET /api/category/sub-category/list [36m304 [0m34.687 ms - -[0m
[0mGET /api/category/sub-category/list [36m304 [0m36.818 ms - -[0m
[0mGET /api/category/main/list [36m304 [0m104.239 ms - -[0m
[0mGET /api/category/main/list [36m304 [0m485.606 ms - -[0m
[0mGET /api/category/sub-category/list [36m304 [0m538.882 ms - -[0m
[0mGET /api/category/main/list [36m304 [0m113.747 ms - -[0m
[0mGET /api/category/sub-category/list [36m304 [0m119.900 ms - -[0m
[0mGET /api/category/main/list [36m304 [0m33.645 ms - -[0m
[0mGET /api/category/main/list [36m304 [0m11.957 ms - -[0m
[0mGET /api/category/main/list [36m304 [0m34.691 ms - -[0m
[0mGET /api/category/sub-category/list [36m304 [0m38.507 ms - -[0m
[0mGET /api/category/main/list [36m304 [0m16.819 ms - -[0m
[0mGET /api/category/sub-category/list [36m304 [0m20.971 ms - -[0m
[0mOPTIONS /api/category/sub-category/create [32m204 [0m73.596 ms - 0[0m
[0mPOST /api/category/sub-category/create [32m200 [0m234.647 ms - 55[0m
[0mGET /api/category/main/list [36m304 [0m30.738 ms - -[0m
[0mGET /api/category/sub-category/list [32m200 [0m71.650 ms - 615[0m
[0mOPTIONS /api/category/sub-category/create [32m204 [0m1.648 ms - 0[0m
[0mPOST /api/category/sub-category/create [32m200 [0m799.839 ms - 55[0m
[0mGET /api/category/main/list [36m304 [0m71.341 ms - -[0m
[0mGET /api/category/sub-category/list [32m200 [0m88.637 ms - 769[0m
[0mGET /api/category/main/list [36m304 [0m275.812 ms - -[0m
[0mGET /api/category/sub-category/list [36m304 [0m26.903 ms - -[0m
[0mGET /api/category/main/list [36m304 [0m56.606 ms - -[0m
[0mGET /api/category/sub-category/list [36m304 [0m29.642 ms - -[0m
[0mOPTIONS /api/category/sub-category/create [32m204 [0m2.376 ms - 0[0m
[0mPOST /api/category/sub-category/create [32m200 [0m3261.997 ms - 55[0m
[0mGET /api/category/main/list [36m304 [0m81.647 ms - -[0m
[0mGET /api/category/sub-category/list [32m200 [0m144.774 ms - 922[0m
[0mOPTIONS /api/category/sub-category/create [32m204 [0m2.145 ms - 0[0m
[0mPOST /api/category/sub-category/create [32m200 [0m158.650 ms - 55[0m
[0mGET /api/category/main/list [36m304 [0m21.641 ms - -[0m
[0mGET /api/category/sub-category/list [32m200 [0m25.742 ms - 1079[0m
[0mOPTIONS /api/category/sub-category/create [32m204 [0m4.855 ms - 0[0m
[0mPOST /api/category/sub-category/create [32m200 [0m72.597 ms - 55[0m
[0mGET /api/category/main/list [36m304 [0m16.594 ms - -[0m
[0mGET /api/category/sub-category/list [32m200 [0m22.460 ms - 1232[0m
[0mGET /api/category/main/list [36m304 [0m11.439 ms - -[0m
[0mGET /api/category/sub-category/list [36m304 [0m15.936 ms - -[0m
[0mGET /api/category/main/list [36m304 [0m76.634 ms - -[0m
[0mGET /api/category/sub-category/list [36m304 [0m41.372 ms - -[0m
[0mOPTIONS /api/category/sub-category/create [32m204 [0m1.911 ms - 0[0m
[0mPOST /api/category/sub-category/create [32m200 [0m129.011 ms - 55[0m
[0mGET /api/category/main/list [36m304 [0m19.052 ms - -[0m
[0mGET /api/category/sub-category/list [32m200 [0m48.956 ms - 1384[0m
[0mOPTIONS /api/category/sub-category/create [32m204 [0m1.463 ms - 0[0m
[0mPOST /api/category/sub-category/create [32m200 [0m193.602 ms - 55[0m
[0mGET /api/category/main/list [36m304 [0m37.358 ms - -[0m
[0mGET /api/category/sub-category/list [32m200 [0m108.910 ms - 1383[0m
[0mOPTIONS /api/category/sub-category/create [32m204 [0m1.508 ms - 0[0m
[0mPOST /api/category/sub-category/create [32m200 [0m189.794 ms - 55[0m
[0mGET /api/category/main/list [36m304 [0m19.713 ms - -[0m
[0mGET /api/category/sub-category/list [32m200 [0m20.932 ms - 1383[0m
[0mGET /api/category/sub-category/list [36m304 [0m17.775 ms - -[0m
[0mGET /api/category/main/list [36m304 [0m40.177 ms - -[0m
[0mGET /api/category/main/list [36m304 [0m17.198 ms - -[0m
[0mGET /api/category/sub-category/list [36m304 [0m20.532 ms - -[0m
[0mGET /api/category/main/list [36m304 [0m17.576 ms - -[0m
[0mGET /api/category/sub-category/list [36m304 [0m23.789 ms - -[0m
[0mGET /api/category/sub-category/list [36m304 [0m14.538 ms - -[0m
[0mGET /api/category/main/list [36m304 [0m41.084 ms - -[0m
[0mOPTIONS /api/category/sub-category/create [32m204 [0m1.883 ms - 0[0m
[0mPOST /api/category/sub-category/create [32m200 [0m235.782 ms - 55[0m
[0mGET /api/category/main/list [36m304 [0m44.482 ms - -[0m
[0mGET /api/category/sub-category/list [32m200 [0m21.570 ms - 1535[0m
[0mGET /api/category/main/list [36m304 [0m26.944 ms - -[0m
[0mGET /api/category/sub-category/list [36m304 [0m39.245 ms - -[0m
[0mGET /api/category/main/list [36m304 [0m39.822 ms - -[0m
[0mGET /api/category/sub-category/list [36m304 [0m123.995 ms - -[0m
[0mGET /api/category/main/list [36m304 [0m108.356 ms - -[0m
[0mGET /api/category/sub-category/list [36m304 [0m124.925 ms - -[0m
[0mGET /api/category/main/list [36m304 [0m18.046 ms - -[0m
[0mGET /api/category/sub-category/list [36m304 [0m35.039 ms - -[0m
[0mGET /api/category/main/list [36m304 [0m177.745 ms - -[0m
[0mGET /api/category/sub-category/list [36m304 [0m331.160 ms - -[0m
[0mGET /api/category/sub-category/list [36m304 [0m47.295 ms - -[0m
[0mGET /api/category/main/list [36m304 [0m72.289 ms - -[0m
[0mGET /api/category/main/list [36m304 [0m32.322 ms - -[0m
[0mGET /api/category/sub-category/list [36m304 [0m33.811 ms - -[0m
[0mGET /api/category/main/list [36m304 [0m23.947 ms - -[0m
[0mGET /api/category/sub-category/list [36m304 [0m32.051 ms - -[0m
[0mGET /api/category/main/list [36m304 [0m41.124 ms - -[0m
[0mGET /api/category/sub-category/list [36m304 [0m42.081 ms - -[0m
[0mGET /api/category/main/list [36m304 [0m27.246 ms - -[0m
[0mGET /api/category/sub-category/list [36m304 [0m35.291 ms - -[0m
[0mGET /api/category/sub-category/list [36m304 [0m23.785 ms - -[0m
[0mGET /api/category/main/list [36m304 [0m199.455 ms - -[0m
[0mGET /api/category/main/list [36m304 [0m38.300 ms - -[0m
[0mGET /api/category/sub-category/list [36m304 [0m17.140 ms - -[0m
[0mGET /api/category/main/list [36m304 [0m24.898 ms - -[0m
[0mGET /api/category/sub-category/list [36m304 [0m63.345 ms - -[0m
[0mGET /api/category/main/list [36m304 [0m13.103 ms - -[0m
[0mGET /api/category/sub-category/list [36m304 [0m14.147 ms - -[0m
[0mGET /api/category/main/list [36m304 [0m20.766 ms - -[0m
[0mGET /api/category/sub-category/list [36m304 [0m28.617 ms - -[0m
[0mGET /api/category/main/list [36m304 [0m39.223 ms - -[0m
[0mGET /api/category/sub-category/list [36m304 [0m45.978 ms - -[0m
[0mGET /api/category/main/list [36m304 [0m16.445 ms - -[0m
[0mGET /api/category/sub-category/list [36m304 [0m29.499 ms - -[0m
[0mGET /api/category/main/list [36m304 [0m69.738 ms - -[0m
[0mGET /api/category/sub-category/list [36m304 [0m85.975 ms - -[0m
[0mGET /api/category/main/list [36m304 [0m15.965 ms - -[0m
[0mGET /api/category/sub-category/list [36m304 [0m18.604 ms - -[0m
[0mGET /api/category/main/list [36m304 [0m18.365 ms - -[0m
[0mGET /api/category/sub-category/list [36m304 [0m28.134 ms - -[0m
[0mGET /api/category/sub-category/list [36m304 [0m22.797 ms - -[0m
[0mGET /api/category/main/list [36m304 [0m45.426 ms - -[0m
[0mGET /api/category/main/list [36m304 [0m21.066 ms - -[0m
[0mGET /api/category/sub-category/list [36m304 [0m22.476 ms - -[0m
[0mGET /api/category/main/list [36m304 [0m32.116 ms - -[0m
[0mGET /api/category/sub-category/list [36m304 [0m27.728 ms - -[0m
[0mGET /api/category/main/list [36m304 [0m19.613 ms - -[0m
[0mGET /api/category/sub-category/list [32m200 [0m22.589 ms - 1402[0m
[0mOPTIONS /api/category/sub-category/create [32m204 [0m2.694 ms - 0[0m
[0mPOST /api/category/sub-category/create [32m200 [0m170.694 ms - 55[0m
[0mGET /api/category/main/list [36m304 [0m21.463 ms - -[0m
[0mGET /api/category/sub-category/list [32m200 [0m24.491 ms - 1556[0m
[0mGET /api/category/main/list [36m304 [0m133.367 ms - -[0m
[0mGET /api/category/sub-category/list [36m304 [0m108.201 ms - -[0m
[0mGET /api/category/main/list [36m304 [0m11.865 ms - -[0m
[0mGET /api/category/sub-category/list [36m304 [0m166.427 ms - -[0m
[0mGET /api/category/main/list [36m304 [0m54.778 ms - -[0m
[0mGET /api/category/sub-category/list [36m304 [0m54.373 ms - -[0m
[0mGET /api/category/main/list [36m304 [0m675.596 ms - -[0m
[0mGET /api/category/sub-category/list [36m304 [0m1195.236 ms - -[0m
[0mGET /api/category/main/list [36m304 [0m23.840 ms - -[0m
[0mGET /api/category/sub-category/list [36m304 [0m23.703 ms - -[0m
[0mGET /api/category/main/list [36m304 [0m28.291 ms - -[0m
[0mGET /api/category/sub-category/list [36m304 [0m36.724 ms - -[0m
[0mGET /api/category/main/list [36m304 [0m15.933 ms - -[0m
[0mGET /api/category/sub-category/list [36m304 [0m21.243 ms - -[0m
[0mGET /api/category/main/list [36m304 [0m25.311 ms - -[0m
[0mGET /api/category/sub-category/list [36m304 [0m29.821 ms - -[0m
[0mGET /api/category/main/list [36m304 [0m23.537 ms - -[0m
[0mGET /api/category/sub-category/list [36m304 [0m30.463 ms - -[0m
[0mGET /api/category/main/list [36m304 [0m19.914 ms - -[0m
[0mGET /api/category/sub-category/list [36m304 [0m120.580 ms - -[0m
[0mGET /api/category/main/list [36m304 [0m25.574 ms - -[0m
[0mGET /api/category/sub-category/list [36m304 [0m25.111 ms - -[0m
[0mGET /api/category/main/list [36m304 [0m19.152 ms - -[0m
[0mGET /api/category/sub-category/list [36m304 [0m23.869 ms - -[0m
[0mGET /api/category/main/list [36m304 [0m10.499 ms - -[0m
[0mGET /api/category/sub-category/list [36m304 [0m19.994 ms - -[0m
[0mGET /api/category/main/list [36m304 [0m24.986 ms - -[0m
[0mGET /api/category/sub-category/list [36m304 [0m27.768 ms - -[0m
[0mGET /api/category/main/list [36m304 [0m37.613 ms - -[0m
[0mGET /api/category/sub-category/list [36m304 [0m43.866 ms - -[0m
[0mGET /api/category/main/list [36m304 [0m26.508 ms - -[0m
[0mGET /api/category/sub-category/list [36m304 [0m32.113 ms - -[0m
[0mGET /api/category/main/list [36m304 [0m28.184 ms - -[0m
[0mGET /api/category/sub-category/list [36m304 [0m37.128 ms - -[0m
[0mGET /api/category/main/list [36m304 [0m27.009 ms - -[0m
[0mGET /api/category/sub-category/list [36m304 [0m37.064 ms - -[0m
[0mGET /api/category/main/list [36m304 [0m10.699 ms - -[0m
[0mGET /api/category/sub-category/list [36m304 [0m17.040 ms - -[0m
[0mOPTIONS /api/category/sub-cat/update [32m204 [0m10.928 ms - 0[0m
[0mPOST /api/category/sub-cat/update [32m200 [0m4452.497 ms - 55[0m
[0mPOST /api/category/sub-cat/update [32m200 [0m2571.619 ms - 55[0m
[0mGET /api/category/main/list [36m304 [0m15.806 ms - -[0m
[0mGET /api/category/sub-category/list [32m200 [0m49.573 ms - 1560[0m
[0mOPTIONS /api/category/sub-cat/update [32m204 [0m3.387 ms - 0[0m
[0mPOST /api/category/sub-cat/update [32m200 [0m302.853 ms - 55[0m
[0mGET /api/category/main/list [36m304 [0m17.250 ms - -[0m
[0mGET /api/category/sub-category/list [32m200 [0m24.851 ms - 1560[0m
[0mGET /api/category/sub-list?categoryId=1 [32m200 [0m405.950 ms - 26[0m
[0mGET /api/category/sub-list?categoryId=4 [32m200 [0m217.853 ms - 26[0m
[0mGET /api/category/main/list [36m304 [0m252.508 ms - -[0m
[0mGET /api/category/sub-category/list [36m304 [0m480.276 ms - -[0m
[0mGET /api/category/sub-list?categoryId=8 [32m200 [0m580.174 ms - 953[0m
[0mGET /api/category/main/list [36m304 [0m1041.450 ms - -[0m
[0mGET /api/category/sub-category/list [36m304 [0m1065.525 ms - -[0m
[0mGET /api/category/main/list [36m304 [0m8.460 ms - -[0m
[0mGET /api/category/sub-category/list [36m304 [0m158.059 ms - -[0m
[0mGET /api/category/main/list [36m304 [0m53.557 ms - -[0m
[0mGET /api/category/sub-category/list [36m304 [0m66.291 ms - -[0m
[0mGET /api/category/main/list [36m304 [0m37.791 ms - -[0m
[0mGET /api/category/sub-category/list [36m304 [0m39.570 ms - -[0m
[0mGET /api/category/main/list [36m304 [0m158.531 ms - -[0m
[0mGET /api/category/sub-category/list [36m304 [0m551.161 ms - -[0m
[0mGET /api/category/main/list [36m304 [0m19.180 ms - -[0m
[0mGET /api/category/sub-category/list [36m304 [0m18.284 ms - -[0m
[0mGET /api/category/main/list [36m304 [0m164.234 ms - -[0m
[0mGET /api/category/sub-category/list [36m304 [0m21.993 ms - -[0m
[0mGET /api/category/main/list [36m304 [0m264.698 ms - -[0m
[0mGET /api/category/sub-category/list [36m304 [0m211.233 ms - -[0m
[0mGET /api/category/main/list [36m304 [0m11.413 ms - -[0m
[0mGET /api/category/sub-category/list [36m304 [0m46.626 ms - -[0m
[0mGET /api/category/main/list [36m304 [0m202.528 ms - -[0m
[0mGET /api/category/sub-category/list [36m304 [0m189.185 ms - -[0m
[0mGET /api/category/main/list [36m304 [0m148.765 ms - -[0m
[0mGET /api/category/sub-category/list [36m304 [0m114.979 ms - -[0m
[0mGET /api/category/main/list [36m304 [0m103.950 ms - -[0m
[0mGET /api/category/sub-category/list [36m304 [0m336.129 ms - -[0m
[0mGET /api/category/main/list [36m304 [0m21.857 ms - -[0m
[0mGET /api/category/sub-category/list [36m304 [0m25.573 ms - -[0m
[0mGET /api/category/main/list [36m304 [0m332.772 ms - -[0m
[0mGET /api/category/sub-category/list [36m304 [0m356.519 ms - -[0m
[0mGET /api/category/main/list [36m304 [0m70.810 ms - -[0m
[0mGET /api/category/sub-category/list [36m304 [0m528.366 ms - -[0m
[0mGET /api/category/main/list [36m304 [0m27.697 ms - -[0m
[0mGET /api/category/sub-category/list [36m304 [0m21.677 ms - -[0m
[0mGET /api/category/main/list [36m304 [0m106.574 ms - -[0m
[0mGET /api/category/sub-category/list [36m304 [0m193.148 ms - -[0m
[0mGET /api/category/main/list [36m304 [0m13.891 ms - -[0m
[0mGET /api/category/sub-category/list [36m304 [0m12.641 ms - -[0m
[0mGET /api/category/main/list [36m304 [0m11.320 ms - -[0m
[0mGET /api/category/sub-category/list [36m304 [0m37.084 ms - -[0m
[0mGET /api/category/main/list [36m304 [0m15.623 ms - -[0m
[0mGET /api/category/sub-category/list [36m304 [0m164.666 ms - -[0m
[0mGET /api/category/main/list [36m304 [0m36.022 ms - -[0m
[0mGET /api/category/sub-category/list [36m304 [0m182.686 ms - -[0m
[0mGET /api/category/main/list [36m304 [0m92.071 ms - -[0m
[0mGET /api/category/sub-category/list [36m304 [0m154.203 ms - -[0m
[0mGET /api/category/main/list [36m304 [0m124.683 ms - -[0m
[0mGET /api/category/sub-category/list [36m304 [0m130.671 ms - -[0m
[0mGET /api/category/main/list [36m304 [0m12.948 ms - -[0m
[0mGET /api/category/sub-category/list [36m304 [0m63.867 ms - -[0m
[0mGET /api/category/main/list [36m304 [0m88.663 ms - -[0m
[0mGET /api/category/sub-category/list [36m304 [0m36.805 ms - -[0m
[0mGET /api/category/main/list [36m304 [0m130.940 ms - -[0m
[0mGET /api/category/sub-category/list [36m304 [0m134.247 ms - -[0m
[0mGET /api/category/main/list [36m304 [0m8.710 ms - -[0m
[0mGET /api/category/sub-list?categoryId= [31m500 [0m3678.851 ms - 2154[0m
[0mGET /api/category/main/list [36m304 [0m12.895 ms - -[0m
[0mGET /api/category/sub-category/list [36m304 [0m30.135 ms - -[0m
[0mGET /api/category/main/list [36m304 [0m82.977 ms - -[0m
[0mGET /api/category/sub-category/list [36m304 [0m14.047 ms - -[0m
[0mGET /api/category/main/list [36m304 [0m10.674 ms - -[0m
[0mGET /api/category/sub-category/list [36m304 [0m83.207 ms - -[0m
[0mGET /api/category/main/list [36m304 [0m16.306 ms - -[0m
[0mGET /api/category/sub-category/list [36m304 [0m35.534 ms - -[0m
[0mGET /api/category/main/list [36m304 [0m11.419 ms - -[0m
[0mGET /api/category/sub-category/list [36m304 [0m13.969 ms - -[0m
[0mGET /api/category/main/list [36m304 [0m17.451 ms - -[0m
[0mGET /api/category/sub-category/list [36m304 [0m53.844 ms - -[0m
[0mGET /api/category/main/list [36m304 [0m130.662 ms - -[0m
[0mGET /api/category/sub-category/list [36m304 [0m30.940 ms - -[0m
[0mGET /api/category/main/list [36m304 [0m19.722 ms - -[0m
[0mGET /api/category/sub-category/list [36m304 [0m23.741 ms - -[0m
[0mGET /api/category/sub-category/list [36m304 [0m14.448 ms - -[0m
[0mGET /api/category/main/list [36m304 [0m25.341 ms - -[0m
[0mGET /api/category/main/list [36m304 [0m125.524 ms - -[0m
[0mGET /api/category/sub-category/list [36m304 [0m134.388 ms - -[0m
[0mGET /api/category/main/list [36m304 [0m107.677 ms - -[0m
[0mGET /api/category/sub-category/list [36m304 [0m206.403 ms - -[0m
[0mGET /api/category/main/list [36m304 [0m42.828 ms - -[0m
[0mGET /api/category/sub-category/list [36m304 [0m15.469 ms - -[0m
[0mGET /api/category/main/list [36m304 [0m76.773 ms - -[0m
[0mGET /api/category/sub-category/list [36m304 [0m250.957 ms - -[0m
[0mGET /api/category/main/list [36m304 [0m77.509 ms - -[0m
[0mGET /api/category/sub-category/list [36m304 [0m2497.042 ms - -[0m
[0mGET /api/category/main/list [36m304 [0m214.595 ms - -[0m
[0mGET /api/category/sub-category/list [36m304 [0m24.725 ms - -[0m
[0mGET /api/category/main/list [36m304 [0m14.647 ms - -[0m
[0mGET /api/category/sub-category/list [36m304 [0m20.795 ms - -[0m
[0mGET /api/category/main/list [36m304 [0m16.353 ms - -[0m
[0mGET /api/category/sub-category/list [36m304 [0m19.954 ms - -[0m
[0mGET /api/category/main/list [36m304 [0m12.421 ms - -[0m
[0mGET /api/category/sub-category/list [36m304 [0m17.474 ms - -[0m
[0mGET /api/category/main/list [36m304 [0m17.003 ms - -[0m
[0mGET /api/category/sub-category/list [36m304 [0m21.418 ms - -[0m
[0mGET /api/category/main/list [36m304 [0m19.244 ms - -[0m
[0mGET /api/category/sub-category/list [36m304 [0m21.938 ms - -[0m
[0mGET /api/category/main/list [36m304 [0m59.046 ms - -[0m
[0mGET /api/category/sub-category/list [36m304 [0m23.071 ms - -[0m
[0mGET /api/category/main/list [36m304 [0m16.222 ms - -[0m
[0mGET /api/category/sub-category/list [36m304 [0m101.382 ms - -[0m
[0mGET /api/category/main/list [36m304 [0m13.368 ms - -[0m
[0mGET /api/category/sub-category/list [36m304 [0m16.174 ms - -[0m
[0mGET /api/category/sub-category/list [36m304 [0m19.533 ms - -[0m
[0mGET /api/category/main/list [36m304 [0m28.705 ms - -[0m
[0mGET /api/category/main/list [36m304 [0m8.521 ms - -[0m
[0mGET /api/category/sub-category/list [36m304 [0m58.238 ms - -[0m
[0mGET /api/category/main/list [36m304 [0m8.271 ms - -[0m
[0mGET /api/category/sub-category/list [36m304 [0m11.563 ms - -[0m
[0mGET /api/category/main/list [36m304 [0m21.500 ms - -[0m
[0mGET /api/category/sub-category/list [36m304 [0m33.005 ms - -[0m
[0mGET /api/category/main/list [36m304 [0m51.983 ms - -[0m
[0mGET /api/category/sub-category/list [36m304 [0m49.897 ms - -[0m
[0mGET /api/category/main/list [36m304 [0m12.856 ms - -[0m
[0mGET /api/category/sub-category/list [36m304 [0m17.272 ms - -[0m
[0mGET /api/category/main/list [36m304 [0m13.868 ms - -[0m
[0mGET /api/category/sub-category/list [36m304 [0m14.336 ms - -[0m
[0mGET /api/category/main/list [36m304 [0m45.903 ms - -[0m
[0mGET /api/category/sub-category/list [36m304 [0m50.506 ms - -[0m
[0mGET /api/category/main/list [36m304 [0m7.417 ms - -[0m
[0mGET /api/category/sub-category/list [36m304 [0m16.242 ms - -[0m
[0mGET /api/category/main/list [36m304 [0m16.668 ms - -[0m
[0mGET /api/category/sub-category/list [36m304 [0m21.132 ms - -[0m
[0mGET /api/category/main/list [36m304 [0m13.458 ms - -[0m
[0mGET /api/category/sub-category/list [36m304 [0m18.597 ms - -[0m
[0mGET /api/category/main/list [36m304 [0m22.875 ms - -[0m
[0mGET /api/category/sub-category/list [36m304 [0m19.650 ms - -[0m
[0mGET /api/category/main/list [36m304 [0m17.303 ms - -[0m
[0mGET /api/category/sub-category/list [36m304 [0m22.305 ms - -[0m
[0mGET /api/category/main/list [36m304 [0m17.227 ms - -[0m
[0mGET /api/category/sub-category/list [36m304 [0m22.353 ms - -[0m
[0mGET /api/category/main/list [36m304 [0m11.269 ms - -[0m
[0mGET /api/category/sub-category/list [36m304 [0m15.973 ms - -[0m
[0mGET /api/category/main/list [36m304 [0m9.575 ms - -[0m
[0mGET /api/category/sub-category/list [36m304 [0m51.830 ms - -[0m
[0mGET /api/category/main/list [36m304 [0m17.895 ms - -[0m
[0mGET /api/category/sub-category/list [36m304 [0m24.473 ms - -[0m
[0mGET /api/category/main/list [36m304 [0m16.103 ms - -[0m
[0mGET /api/category/sub-category/list [36m304 [0m17.346 ms - -[0m
[0mGET /api/category/main/list [36m304 [0m29.951 ms - -[0m
[0mGET /api/category/sub-category/list [36m304 [0m27.727 ms - -[0m
[0mGET /api/category/main/list [36m304 [0m9.811 ms - -[0m
[0mGET /api/category/sub-category/list [36m304 [0m15.871 ms - -[0m
[0mGET /api/category/main/list [36m304 [0m19.535 ms - -[0m
[0mGET /api/category/sub-category/list [36m304 [0m23.662 ms - -[0m
[0mGET /api/category/main/list [36m304 [0m18.370 ms - -[0m
[0mGET /api/category/sub-category/list [36m304 [0m22.053 ms - -[0m
[0mGET /api/category/main/list [36m304 [0m13.138 ms - -[0m
[0mGET /api/category/sub-category/list [36m304 [0m16.138 ms - -[0m
[0mGET /api/category/main/list [36m304 [0m11.458 ms - -[0m
[0mGET /api/category/sub-category/list [36m304 [0m12.881 ms - -[0m
[0mGET /api/category/main/list [36m304 [0m16.382 ms - -[0m
[0mGET /api/category/sub-category/list [36m304 [0m15.380 ms - -[0m
[0mGET /api/category/main/list [36m304 [0m17.767 ms - -[0m
[0mGET /api/category/sub-category/list [36m304 [0m12.415 ms - -[0m
[0mGET /api/category/main/list [36m304 [0m14.618 ms - -[0m
[0mGET /api/category/sub-category/list [36m304 [0m15.429 ms - -[0m
[0mGET /api/category/sub-category/list [36m304 [0m109.656 ms - -[0m
[0mGET /api/category/main/list [36m304 [0m129.617 ms - -[0m
[0mGET /api/category/main/list [36m304 [0m21.547 ms - -[0m
[0mGET /api/category/sub-category/list [36m304 [0m58.783 ms - -[0m
[0mGET /api/category/sub-category/list [36m304 [0m20.131 ms - -[0m
[0mGET /api/category/main/list [36m304 [0m45.262 ms - -[0m
[0mGET /api/category/main/list [36m304 [0m13.123 ms - -[0m
[0mGET /api/category/sub-category/list [36m304 [0m13.459 ms - -[0m
[0mGET /api/category/main/list [36m304 [0m11.390 ms - -[0m
[0mGET /api/category/sub-category/list [36m304 [0m58.934 ms - -[0m
[0mGET /api/category/main/list [36m304 [0m10.626 ms - -[0m
[0mGET /api/category/sub-category/list [36m304 [0m11.995 ms - -[0m
[0mGET /api/category/main/list [36m304 [0m17.443 ms - -[0m
[0mGET /api/category/sub-category/list [36m304 [0m50.831 ms - -[0m
[0mGET /api/category/sub-category/list [36m304 [0m24.388 ms - -[0m
[0mGET /api/category/main/list [36m304 [0m33.152 ms - -[0m
[0mGET /api/category/main/list [36m304 [0m15.121 ms - -[0m
[0mGET /api/category/sub-category/list [36m304 [0m57.758 ms - -[0m
[0mGET /api/category/main/list [36m304 [0m15.282 ms - -[0m
[0mGET /api/category/sub-category/list [36m304 [0m16.277 ms - -[0m
[0mGET /api/category/sub-list?categoryId=6 [32m200 [0m190.102 ms - 632[0m
[0mGET /api/category/main/list [36m304 [0m73.285 ms - -[0m
[0mGET /api/category/sub-category/list [36m304 [0m26.852 ms - -[0m
[0mGET /api/category/main/list [36m304 [0m20.471 ms - -[0m
[0mGET /api/category/sub-category/list [36m304 [0m31.601 ms - -[0m
[0mGET /api/category/main/list [36m304 [0m48.125 ms - -[0m
[0mGET /api/category/sub-category/list [36m304 [0m50.282 ms - -[0m
[0mGET /api/category/main/list [36m304 [0m18.163 ms - -[0m
[0mGET /api/category/sub-category/list [36m304 [0m384.487 ms - -[0m
[0mGET /api/category/main/list [36m304 [0m12.159 ms - -[0m
[0mGET /api/category/sub-category/list [36m304 [0m13.634 ms - -[0m
[0mGET /api/category/main/list [36m304 [0m20.799 ms - -[0m
[0mGET /api/category/sub-category/list [36m304 [0m41.216 ms - -[0m
[0mGET /api/category/main/list [36m304 [0m18.591 ms - -[0m
[0mGET /api/category/sub-category/list [36m304 [0m45.631 ms - -[0m
[0mGET /api/category/main/list [36m304 [0m18.346 ms - -[0m
[0mGET /api/category/sub-category/list [36m304 [0m18.678 ms - -[0m
[0mGET /api/category/main/list [36m304 [0m149.118 ms - -[0m
[0mGET /api/category/sub-category/list [36m304 [0m152.882 ms - -[0m
[0mGET /api/category/main/list [36m304 [0m427.048 ms - -[0m
[0mGET /api/category/sub-category/list [36m304 [0m645.918 ms - -[0m
[0mGET /api/category/main/list [36m304 [0m178.389 ms - -[0m
[0mGET /api/category/sub-category/list [36m304 [0m1062.469 ms - -[0m
[0mGET /api/category/main/list [36m304 [0m66.774 ms - -[0m
[0mGET /api/category/sub-category/list [36m304 [0m147.960 ms - -[0m
[0mGET /api/category/main/list [36m304 [0m33.915 ms - -[0m
[0mGET /api/category/sub-category/list [36m304 [0m56.648 ms - -[0m
[0mGET /api/category/main/list [36m304 [0m100.182 ms - -[0m
[0mGET /api/category/sub-category/list [36m304 [0m112.665 ms - -[0m
[0mGET /api/category/main/list [36m304 [0m1566.609 ms - -[0m
[0mGET /api/category/sub-category/list [36m304 [0m266.456 ms - -[0m
[0mGET /api/category/main/list [36m304 [0m62.499 ms - -[0m
[0mGET /api/category/sub-category/list [36m304 [0m66.939 ms - -[0m
[0mGET /api/category/main/list [36m304 [0m23.882 ms - -[0m
[0mGET /api/category/sub-category/list [36m304 [0m107.355 ms - -[0m
[0mGET /api/category/main/list [36m304 [0m48.500 ms - -[0m
[0mGET /api/category/sub-category/list [36m304 [0m21.395 ms - -[0m
[0mGET /api/category/main/list [36m304 [0m198.167 ms - -[0m
[0mGET /api/category/sub-category/list [36m304 [0m73.962 ms - -[0m
[0mGET /api/category/sub-list?categoryId=8 [32m200 [0m29.050 ms - 953[0m
[0mOPTIONS /api/category/child-category/list [32m204 [0m196.953 ms - 0[0m
[0mPOST /api/category/child-category/list [33m404 [0m997.483 ms - 28[0m
[0mOPTIONS /api/category/child-category/list [32m204 [0m44.768 ms - 0[0m
[0mPOST /api/category/child-category/list [33m404 [0m49.840 ms - 28[0m
[0mGET /api/category/main/list [36m304 [0m362.962 ms - -[0m
[0mGET /api/category/sub-category/list [36m304 [0m636.675 ms - -[0m
[0mGET /api/category/sub-list?categoryId=8 [36m304 [0m60.164 ms - -[0m
[0mOPTIONS /api/category/child-category/list [32m204 [0m133.460 ms - 0[0m
[0mPOST /api/category/child-category/list [33m404 [0m373.254 ms - 28[0m
[0mGET /api/category/main/list [36m304 [0m254.496 ms - -[0m
[0mGET /api/category/sub-category/list [36m304 [0m386.538 ms - -[0m
[0mGET /api/category/main/list [36m304 [0m189.196 ms - -[0m
[0mGET /api/category/sub-category/list [36m304 [0m154.256 ms - -[0m
[0mGET /api/category/sub-category/list [0m- [0m- ms - -[0m
[0mGET /api/category/main/list [0m- [0m- ms - -[0m
[0mGET /api/category/main/list [32m200 [0m4764.939 ms - 497[0m
[0mGET /api/category/sub-category/list [32m200 [0m4235.480 ms - 1560[0m
[0mGET /api/category//child-category/list [32m200 [0m6459.282 ms - 322[0m
[0mGET /api/category/main/list [36m304 [0m134.670 ms - -[0m
[0mGET /api/category/sub-category/list [36m304 [0m118.159 ms - -[0m
[0mGET /api/category/main/list [36m304 [0m67.182 ms - -[0m
[0mGET /api/category/sub-category/list [36m304 [0m81.490 ms - -[0m
[0mGET /api/category//child-category/list [36m304 [0m54.511 ms - -[0m
[0mGET /api/category/main/list [36m304 [0m103.919 ms - -[0m
[0mGET /api/category//child-category/list [36m304 [0m335.596 ms - -[0m
[0mGET /api/category/sub-category/list [36m304 [0m342.739 ms - -[0m
[0mGET /api/category/sub-category/list [36m304 [0m343.838 ms - -[0m
[0mGET /api/category//child-category/list [36m304 [0m348.686 ms - -[0m
[0mGET /api/category/main/list [36m304 [0m527.682 ms - -[0m
[0mGET /api/category/main/list [36m304 [0m161.204 ms - -[0m
[0mGET /api/category/sub-category/list [36m304 [0m154.133 ms - -[0m
[0mGET /api/category//child-category/list [36m304 [0m177.509 ms - -[0m
[0mGET /api/category/main/list [36m304 [0m116.003 ms - -[0m
[0mGET /api/category/sub-category/list [36m304 [0m86.589 ms - -[0m
[0mGET /api/category//child-category/list [36m304 [0m87.361 ms - -[0m
[0mGET /api/category/main/list [36m304 [0m68.391 ms - -[0m
[0mGET /api/category/sub-category/list [36m304 [0m112.761 ms - -[0m
[0mOPTIONS /api/category/sub-cat/update [32m204 [0m2.863 ms - 0[0m
[0mPOST /api/category/sub-cat/update [32m200 [0m3543.476 ms - 55[0m
[0mPOST /api/category/sub-cat/update [0m- [0m- ms - -[0m
[0mGET /api/category/main/list [36m304 [0m3384.181 ms - -[0m
[0mGET /api/category/sub-category/list [32m200 [0m880.941 ms - 1559[0m
[0mGET /api/category/main/list [36m304 [0m27.974 ms - -[0m
[0mGET /api/category//child-category/list [36m304 [0m31.878 ms - -[0m
[0mGET /api/category/sub-category/list [36m304 [0m40.534 ms - -[0m
[0mGET /api/category/main/list [36m304 [0m50.203 ms - -[0m
[0mGET /api/category/sub-category/list [36m304 [0m157.608 ms - -[0m
[0mGET /api/category/main/list [36m304 [0m21.554 ms - -[0m
[0mGET /api/category/sub-category/list [36m304 [0m27.226 ms - -[0m
[0mGET /api/category/main/list [36m304 [0m34.420 ms - -[0m
[0mGET /api/category/sub-category/list [36m304 [0m30.236 ms - -[0m
[0mGET /api/category//child-category/list [36m304 [0m30.897 ms - -[0m
[0mGET /api/category/sub-list?categoryId=8 [36m304 [0m8.748 ms - -[0m
[0mOPTIONS /api/category/child-category/create [32m204 [0m1.511 ms - 0[0m
[0mPOST /api/category/child-category/create [31m500 [0m42.811 ms - 34[0m
[0mPOST /api/category/child-category/create [31m500 [0m5.311 ms - 34[0m
[0mPOST /api/category/child-category/create [31m500 [0m6.750 ms - 34[0m
[0mGET /api/category/main/list [36m304 [0m32.433 ms - -[0m
[0mGET /api/category/sub-category/list [36m304 [0m40.547 ms - -[0m
[0mGET /api/category//child-category/list [36m304 [0m43.618 ms - -[0m
[0mOPTIONS /api/category/child-category/create [32m204 [0m1.394 ms - 0[0m
[0mPOST /api/category/child-category/create [31m500 [0m23.759 ms - 34[0m
[0mGET /api/category/main/list [36m304 [0m108.708 ms - -[0m
[0mGET /api/category/sub-category/list [36m304 [0m117.086 ms - -[0m
[0mGET /api/category//child-category/list [36m304 [0m80.901 ms - -[0m
[0mGET /api/category/main/list [36m304 [0m63.040 ms - -[0m
[0mGET /api/category/sub-category/list [36m304 [0m67.450 ms - -[0m
[0mGET /api/category//child-category/list [36m304 [0m23.252 ms - -[0m
[0mGET /api/category/main/list [36m304 [0m83.387 ms - -[0m
[0mGET /api/category//child-category/list [36m304 [0m82.771 ms - -[0m
[0mGET /api/category/sub-category/list [36m304 [0m80.793 ms - -[0m
[0mGET /api/category/sub-list?categoryId=8 [36m304 [0m19.902 ms - -[0m
[0mOPTIONS /api/category/child-category/create [32m204 [0m1.397 ms - 0[0m
[0mPOST /api/category/child-category/create [31m500 [0m4.848 ms - 34[0m
[0mPOST /api/category/child-category/create [31m500 [0m4.475 ms - 34[0m
[0mPOST /api/category/child-category/create [31m500 [0m3.987 ms - 34[0m
[0mGET /api/category/main/list [36m304 [0m12.143 ms - -[0m
[0mGET /api/category/sub-category/list [36m304 [0m35.090 ms - -[0m
[0mGET /api/category//child-category/list [36m304 [0m20.829 ms - -[0m
[0mGET /api/category/main/list [36m304 [0m200.028 ms - -[0m
[0mGET /api/category/sub-category/list [36m304 [0m241.010 ms - -[0m
[0mGET /api/category//child-category/list [36m304 [0m59.623 ms - -[0m
[0mGET /api/category/main/list [36m304 [0m17.798 ms - -[0m
[0mGET /api/category/sub-category/list [36m304 [0m86.735 ms - -[0m
[0mGET /api/category//child-category/list [36m304 [0m81.947 ms - -[0m
[0mGET /api/category/main/list [36m304 [0m78.374 ms - -[0m
[0mGET /api/category/sub-category/list [36m304 [0m88.751 ms - -[0m
[0mGET /api/category//child-category/list [36m304 [0m82.856 ms - -[0m
[0mGET /api/category/main/list [36m304 [0m77.345 ms - -[0m
[0mGET /api/category/sub-category/list [36m304 [0m84.264 ms - -[0m
[0mGET /api/category//child-category/list [36m304 [0m114.112 ms - -[0m
[0mGET /api/category/main/list [36m304 [0m8.510 ms - -[0m
[0mGET /api/category//child-category/list [36m304 [0m13.542 ms - -[0m
[0mGET /api/category/sub-category/list [36m304 [0m182.176 ms - -[0m
[0mGET /api/category/main/list [36m304 [0m73.441 ms - -[0m
[0mGET /api/category/sub-category/list [36m304 [0m78.448 ms - -[0m
[0mGET /api/category//child-category/list [36m304 [0m75.995 ms - -[0m
[0mGET /api/category/main/list [36m304 [0m57.749 ms - -[0m
[0mGET /api/category/sub-category/list [36m304 [0m61.428 ms - -[0m
[0mGET /api/category//child-category/list [36m304 [0m60.923 ms - -[0m
[0mGET /api/category/main/list [36m304 [0m20.742 ms - -[0m
[0mGET /api/category//child-category/list [36m304 [0m18.986 ms - -[0m
[0mGET /api/category/sub-category/list [36m304 [0m24.435 ms - -[0m
[0mGET /api/category/main/list [36m304 [0m72.090 ms - -[0m
[0mGET /api/category/sub-category/list [36m304 [0m72.181 ms - -[0m
[0mGET /api/category//child-category/list [36m304 [0m19.904 ms - -[0m
[0mGET /api/category/main/list [36m304 [0m168.164 ms - -[0m
[0mGET /api/category/sub-category/list [36m304 [0m171.648 ms - -[0m
[0mGET /api/category//child-category/list [36m304 [0m97.375 ms - -[0m
[0mGET /api/category/main/list [36m304 [0m42.554 ms - -[0m
[0mGET /api/category/sub-category/list [36m304 [0m41.182 ms - -[0m
[0mGET /api/category//child-category/list [36m304 [0m14.899 ms - -[0m
[0mGET /api/category/main/list [36m304 [0m90.621 ms - -[0m
[0mGET /api/category/sub-category/list [36m304 [0m101.438 ms - -[0m
[0mGET /api/category/main/list [36m304 [0m16.654 ms - -[0m
[0mGET /api/category/sub-category/list [36m304 [0m16.661 ms - -[0m
[0mGET /api/category/main/list [36m304 [0m13.492 ms - -[0m
[0mGET /api/category/sub-category/list [36m304 [0m16.084 ms - -[0m
[0mGET /api/category/main/list [36m304 [0m342.410 ms - -[0m
[0mGET /api/category/sub-category/list [36m304 [0m343.805 ms - -[0m
[0mGET /api/category/main/list [36m304 [0m87.485 ms - -[0m
[0mGET /api/category/sub-category/list [36m304 [0m104.571 ms - -[0m
[0mGET /api/category//child-category/list [36m304 [0m102.138 ms - -[0m
[0mGET /api/category/main/list [36m304 [0m28.302 ms - -[0m
[0mGET /api/category/sub-category/list [36m304 [0m30.652 ms - -[0m
[0mGET /api/category//child-category/list [36m304 [0m37.827 ms - -[0m
[0mGET /api/category/main/list [36m304 [0m24.891 ms - -[0m
[0mGET /api/category/sub-category/list [36m304 [0m57.244 ms - -[0m
[0mGET /api/category//child-category/list [36m304 [0m53.831 ms - -[0m
[0mGET /api/category/main/list [36m304 [0m102.322 ms - -[0m
[0mGET /api/category/sub-category/list [36m304 [0m99.258 ms - -[0m
[0mGET /api/category//child-category/list [36m304 [0m74.886 ms - -[0m
[0mGET /api/category/main/list [36m304 [0m21.262 ms - -[0m
[0mGET /api/category//child-category/list [36m304 [0m25.570 ms - -[0m
[0mGET /api/category/sub-category/list [36m304 [0m29.452 ms - -[0m
[0mGET /api/category/main/list [36m304 [0m40.277 ms - -[0m
[0mGET /api/category/sub-category/list [36m304 [0m12.723 ms - -[0m
[0mGET /api/category//child-category/list [36m304 [0m380.548 ms - -[0m
[0mGET /api/category/main/list [36m304 [0m28.222 ms - -[0m
[0mGET /api/category//child-category/list [36m304 [0m21.771 ms - -[0m
[0mGET /api/category/sub-category/list [36m304 [0m126.480 ms - -[0m
[0mGET /api/category/main/list [36m304 [0m22.339 ms - -[0m
[0mGET /api/category/sub-category/list [36m304 [0m98.706 ms - -[0m
[0mGET /api/category//child-category/list [36m304 [0m100.523 ms - -[0m
[0mGET /api/category/main/list [36m304 [0m16.169 ms - -[0m
[0mGET /api/category//child-category/list [36m304 [0m178.265 ms - -[0m
[0mGET /api/category/sub-category/list [36m304 [0m182.300 ms - -[0m
[0mGET /api/category/main/list [36m304 [0m18.332 ms - -[0m
[0mGET /api/category/sub-category/list [36m304 [0m196.416 ms - -[0m
[0mGET /api/category//child-category/list [36m304 [0m200.377 ms - -[0m
[0mGET /api/category/main/list [36m304 [0m23.882 ms - -[0m
[0mGET /api/category/sub-category/list [36m304 [0m43.886 ms - -[0m
[0mGET /api/category//child-category/list [36m304 [0m44.413 ms - -[0m
[0mGET /api/category/main/list [36m304 [0m19.189 ms - -[0m
[0mGET /api/category/sub-category/list [36m304 [0m156.441 ms - -[0m
[0mGET /api/category//child-category/list [36m304 [0m154.579 ms - -[0m
[0mGET /api/category/sub-list?categoryId=6 [32m200 [0m11.662 ms - 631[0m
[0mOPTIONS /api/category/child-category/create [32m204 [0m1.805 ms - 0[0m
[0mPOST /api/category/child-category/create [31m500 [0m29.312 ms - 34[0m
[0mPOST /api/category/child-category/create [31m500 [0m4.808 ms - 34[0m
[0mPOST /api/category/child-category/create [31m500 [0m104.433 ms - 34[0m
[0mPOST /api/category/child-category/create [31m500 [0m4.493 ms - 34[0m
[0mPOST /api/category/child-category/create [31m500 [0m4.705 ms - 34[0m
[0mGET /api/category/child-category/list [32m200 [0m151.297 ms - 322[0m
[0mGET /api/category/main/list [36m304 [0m155.851 ms - -[0m
[0mGET /api/category/sub-category/list [36m304 [0m160.192 ms - -[0m
[0mGET /api/category/main/list [36m304 [0m95.806 ms - -[0m
[0mGET /api/category/sub-category/list [36m304 [0m162.005 ms - -[0m
[0mGET /api/category/child-category/list [36m304 [0m174.385 ms - -[0m
[0mGET /api/category/main/list [36m304 [0m47.192 ms - -[0m
[0mGET /api/category/sub-category/list [36m304 [0m46.350 ms - -[0m
[0mGET /api/category/child-category/list [36m304 [0m39.177 ms - -[0m
[0mGET /api/category/main/list [36m304 [0m53.654 ms - -[0m
[0mGET /api/category/sub-category/list [36m304 [0m62.600 ms - -[0m
[0mGET /api/category/child-category/list [36m304 [0m63.121 ms - -[0m
[0mGET /api/category/sub-category/list [36m304 [0m39.950 ms - -[0m
[0mGET /api/category/main/list [36m304 [0m52.068 ms - -[0m
[0mGET /api/category/child-category/list [36m304 [0m38.697 ms - -[0m
[0mGET /api/category/main/list [36m304 [0m114.349 ms - -[0m
[0mGET /api/category/sub-category/list [36m304 [0m118.612 ms - -[0m
[0mGET /api/category/child-category/list [36m304 [0m123.209 ms - -[0m
[0mGET /api/category/main/list [36m304 [0m18.238 ms - -[0m
[0mGET /api/category/sub-category/list [36m304 [0m20.780 ms - -[0m
[0mGET /api/category/main/list [36m304 [0m20.401 ms - -[0m
[0mGET /api/category/sub-category/list [36m304 [0m23.732 ms - -[0m
[0mGET /api/category/main/list [36m304 [0m44.428 ms - -[0m
[0mGET /api/category/sub-category/list [36m304 [0m50.096 ms - -[0m
[0mGET /api/category/main/list [36m304 [0m14.491 ms - -[0m
[0mGET /api/category/sub-category/list [36m304 [0m18.139 ms - -[0m
[0mGET /api/category/main/list [36m304 [0m23.738 ms - -[0m
[0mGET /api/category/sub-category/list [36m304 [0m29.872 ms - -[0m
[0mGET /api/category/main/list [36m304 [0m34.811 ms - -[0m
[0mGET /api/category/sub-category/list [36m304 [0m48.050 ms - -[0m
[0mGET /api/category/child-category/list [36m304 [0m38.157 ms - -[0m
[0mGET /api/category/main/list [36m304 [0m25.744 ms - -[0m
[0mGET /api/category/child-category/list [36m304 [0m30.689 ms - -[0m
[0mGET /api/category/sub-category/list [36m304 [0m42.618 ms - -[0m
[0mGET /api/category/main/list [36m304 [0m152.825 ms - -[0m
[0mGET /api/category/sub-category/list [36m304 [0m156.553 ms - -[0m
[0mGET /api/category/child-category/list [36m304 [0m107.338 ms - -[0m
[0mGET /api/category/main/list [36m304 [0m37.907 ms - -[0m
[0mGET /api/category/sub-category/list [36m304 [0m44.631 ms - -[0m
[0mGET /api/category/child-category/list [36m304 [0m44.541 ms - -[0m
[0mGET /api/category/main/list [36m304 [0m42.902 ms - -[0m
[0mGET /api/category/sub-category/list [36m304 [0m48.625 ms - -[0m
[0mGET /api/category/child-category/list [36m304 [0m48.989 ms - -[0m
[0mGET /api/category/main/list [36m304 [0m17.912 ms - -[0m
[0mGET /api/category/main/list [36m304 [0m38.031 ms - -[0m
[0mGET /api/category/sub-category/list [36m304 [0m45.898 ms - -[0m
[0mGET /api/category/main/list [36m304 [0m43.664 ms - -[0m
[0mGET /api/category/sub-category/list [36m304 [0m42.388 ms - -[0m
[0mGET /api/category/child-category/list [36m304 [0m38.820 ms - -[0m
[0mGET /api/category/main/list [36m304 [0m39.520 ms - -[0m
[0mGET /api/category/sub-category/list [36m304 [0m48.039 ms - -[0m
[0mGET /api/category/child-category/list [36m304 [0m53.792 ms - -[0m
[0mGET /api/category/main/list [36m304 [0m39.632 ms - -[0m
[0mGET /api/category/sub-category/list [36m304 [0m48.581 ms - -[0m
[0mGET /api/category/child-category/list [36m304 [0m51.518 ms - -[0m
[0mGET /api/category/main/list [36m304 [0m16.576 ms - -[0m
[0mGET /api/category/sub-category/list [36m304 [0m35.417 ms - -[0m
[0mGET /api/category/child-category/list [36m304 [0m33.209 ms - -[0m
[0mGET /api/category/main/list [36m304 [0m34.863 ms - -[0m
[0mGET /api/category/sub-category/list [36m304 [0m34.121 ms - -[0m
[0mGET /api/category/child-category/list [36m304 [0m31.463 ms - -[0m
[0mGET /api/category/main/list [36m304 [0m29.569 ms - -[0m
[0mGET /api/category/sub-category/list [36m304 [0m29.739 ms - -[0m
[0mGET /api/category/child-category/list [36m304 [0m24.675 ms - -[0m
[0mGET /api/category/main/list [36m304 [0m45.072 ms - -[0m
[0mGET /api/category/sub-category/list [36m304 [0m46.289 ms - -[0m
[0mGET /api/category/child-category/list [36m304 [0m45.647 ms - -[0m
[0mGET /api/category/main/list [36m304 [0m28.606 ms - -[0m
[0mGET /api/category/child-category/list [36m304 [0m27.401 ms - -[0m
[0mGET /api/category/sub-category/list [36m304 [0m33.232 ms - -[0m
[0mGET /api/category/main/list [36m304 [0m18.909 ms - -[0m
[0mGET /api/category/sub-category/list [36m304 [0m22.372 ms - -[0m
[0mGET /api/category/main/list [36m304 [0m37.127 ms - -[0m
[0mGET /api/category/sub-category/list [36m304 [0m43.054 ms - -[0m
[0mGET /api/category/child-category/list [36m304 [0m45.886 ms - -[0m
[0mGET /api/category/main/list [36m304 [0m38.808 ms - -[0m
[0mGET /api/category/sub-category/list [36m304 [0m56.123 ms - -[0m
[0mGET /api/category/child-category/list [0m- [0m- ms - -[0m
[0mGET /api/category/sub-category/list [32m200 [0m16.234 ms - 1559[0m
[0mGET /api/category/main/list [32m200 [0m44.017 ms - 497[0m
[0mGET /api/category/child-category/list [32m200 [0m22.476 ms - 322[0m
[0mGET /api/category/main/list [36m304 [0m16.146 ms - -[0m
[0mGET /api/category/sub-category/list [36m304 [0m18.776 ms - -[0m
[0mGET /api/category/child-category/list [36m304 [0m11.241 ms - -[0m
[0mGET /api/category/main/list [36m304 [0m43.699 ms - -[0m
[0mGET /api/category/sub-category/list [36m304 [0m48.246 ms - -[0m
[0mGET /api/category/child-category/list [36m304 [0m28.317 ms - -[0m
[0mGET /api/category/main/list [36m304 [0m19.721 ms - -[0m
[0mGET /api/category/sub-category/list [36m304 [0m23.899 ms - -[0m
[0mGET /api/category/child-category/list [36m304 [0m24.782 ms - -[0m
[0mGET /api/category/main/list [36m304 [0m32.697 ms - -[0m
[0mGET /api/category/sub-category/list [36m304 [0m39.094 ms - -[0m
[0mGET /api/category/child-category/list [36m304 [0m35.566 ms - -[0m
[0mGET /api/category/main/list [36m304 [0m13.362 ms - -[0m
[0mGET /api/category/sub-category/list [36m304 [0m40.291 ms - -[0m
[0mGET /api/category/child-category/list [36m304 [0m9.849 ms - -[0m
[0mGET /api/category/main/list [36m304 [0m27.143 ms - -[0m
[0mGET /api/category/child-category/list [36m304 [0m20.734 ms - -[0m
[0mGET /api/category/sub-category/list [36m304 [0m28.604 ms - -[0m
[0mGET /api/category/sub-list?categoryId=6 [36m304 [0m34.683 ms - -[0m
[0mOPTIONS /api/category/child-category/create [32m204 [0m4.611 ms - 0[0m
[0mPOST /api/category/child-category/create [32m200 [0m857.817 ms - 60[0m
[0mGET /api/category/child-category/list [32m200 [0m10.142 ms - 474[0m
[0mGET /api/category/main/list [36m304 [0m33.649 ms - -[0m
[0mGET /api/category/sub-category/list [36m304 [0m37.364 ms - -[0m
[0mOPTIONS /api/category/sub-category/create [32m204 [0m2.479 ms - 0[0m
[0mPOST /api/category/sub-category/create [32m200 [0m191.777 ms - 55[0m
[0mGET /api/category/main/list [36m304 [0m26.056 ms - -[0m
[0mGET /api/category/sub-category/list [32m200 [0m33.219 ms - 1715[0m
[0mGET /api/category/main/list [36m304 [0m39.435 ms - -[0m
[0mGET /api/category/sub-category/list [36m304 [0m46.179 ms - -[0m
[0mGET /api/category/child-category/list [36m304 [0m48.322 ms - -[0m
[0mGET /api/category/main/list [36m304 [0m36.347 ms - -[0m
[0mGET /api/category/sub-category/list [36m304 [0m46.555 ms - -[0m
[0mGET /api/category/child-category/list [32m200 [0m45.174 ms - 482[0m
[0mGET /api/category/main/list [36m304 [0m24.288 ms - -[0m
[0mGET /api/category/sub-category/list [36m304 [0m31.434 ms - -[0m
[0mGET /api/category/child-category/list [36m304 [0m20.610 ms - -[0m
[0mGET /api/category/main/list [36m304 [0m16.371 ms - -[0m
[0mGET /api/category/sub-category/list [36m304 [0m21.189 ms - -[0m
[0mGET /api/category/child-category/list [36m304 [0m18.460 ms - -[0m
[0mGET /api/category/sub-category/list [36m304 [0m42.423 ms - -[0m
[0mGET /api/category/child-category/list [36m304 [0m44.742 ms - -[0m
[0mGET /api/category/main/list [36m304 [0m72.754 ms - -[0m
[0mGET /api/category/main/list [36m304 [0m25.581 ms - -[0m
[0mGET /api/category/sub-category/list [36m304 [0m25.380 ms - -[0m
[0mGET /api/category/child-category/list [36m304 [0m23.357 ms - -[0m
[0mGET /api/category/main/list [36m304 [0m15.955 ms - -[0m
[0mGET /api/category/sub-category/list [36m304 [0m22.173 ms - -[0m
[0mGET /api/category/child-category/list [36m304 [0m21.074 ms - -[0m
[0mGET /api/category/main/list [36m304 [0m23.630 ms - -[0m
[0mGET /api/category/child-category/list [36m304 [0m24.595 ms - -[0m
[0mGET /api/category/sub-category/list [36m304 [0m32.651 ms - -[0m
[0mGET /api/category/main/list [36m304 [0m23.007 ms - -[0m
[0mGET /api/category/sub-category/list [36m304 [0m24.029 ms - -[0m
[0mGET /api/category/child-category/list [36m304 [0m26.988 ms - -[0m
[0mGET /api/category/main/list [36m304 [0m30.258 ms - -[0m
[0mGET /api/category/child-category/list [36m304 [0m34.022 ms - -[0m
[0mGET /api/category/sub-category/list [36m304 [0m61.523 ms - -[0m
[0mGET /api/category/main/list [36m304 [0m315.424 ms - -[0m
[0mGET /api/category/child-category/list [36m304 [0m324.510 ms - -[0m
[0mGET /api/category/sub-category/list [36m304 [0m333.228 ms - -[0m
[0mGET /api/category/main/list [36m304 [0m53.204 ms - -[0m
[0mGET /api/category/sub-category/list [36m304 [0m72.813 ms - -[0m
[0mGET /api/category/child-category/list [36m304 [0m60.730 ms - -[0m
[0mGET /api/category/main/list [36m304 [0m40.541 ms - -[0m
[0mGET /api/category/sub-category/list [36m304 [0m40.939 ms - -[0m
[0mGET /api/category/child-category/list [36m304 [0m34.252 ms - -[0m
[0mGET /api/category/main/list [36m304 [0m13.203 ms - -[0m
[0mGET /api/category/sub-category/list [36m304 [0m22.164 ms - -[0m
[0mGET /api/category/child-category/list [36m304 [0m35.618 ms - -[0m
[0mGET /api/category/main/list [36m304 [0m38.701 ms - -[0m
[0mGET /api/category/sub-category/list [36m304 [0m42.921 ms - -[0m
[0mGET /api/category/child-category/list [36m304 [0m36.279 ms - -[0m
[0mGET /api/category/main/list [36m304 [0m36.199 ms - -[0m
[0mGET /api/category/sub-category/list [36m304 [0m46.527 ms - -[0m
[0mGET /api/category/child-category/list [36m304 [0m37.709 ms - -[0m
[0mGET /api/category/main/list [36m304 [0m29.763 ms - -[0m
[0mGET /api/category/sub-category/list [36m304 [0m31.532 ms - -[0m
[0mGET /api/category/child-category/list [36m304 [0m30.072 ms - -[0m
[0mGET /api/category/main/list [36m304 [0m20.780 ms - -[0m
[0mGET /api/category/sub-category/list [36m304 [0m29.094 ms - -[0m
[0mGET /api/category/child-category/list [36m304 [0m26.431 ms - -[0m
[0mGET /api/category/main/list [36m304 [0m39.246 ms - -[0m
[0mGET /api/category/sub-category/list [36m304 [0m49.319 ms - -[0m
[0mGET /api/category/child-category/list [36m304 [0m43.028 ms - -[0m
[0mGET /api/category/main/list [36m304 [0m135.633 ms - -[0m
[0mGET /api/category/sub-category/list [36m304 [0m133.964 ms - -[0m
[0mGET /api/category/child-category/list [36m304 [0m129.393 ms - -[0m
[0mGET /api/category/main/list [36m304 [0m54.920 ms - -[0m
[0mGET /api/category/sub-category/list [36m304 [0m97.046 ms - -[0m
[0mGET /api/category/child-category/list [36m304 [0m104.988 ms - -[0m
[0mGET /api/category/main/list [36m304 [0m37.949 ms - -[0m
[0mGET /api/category/sub-category/list [36m304 [0m48.475 ms - -[0m
[0mGET /api/category/child-category/list [36m304 [0m62.771 ms - -[0m
[0mGET /api/category/sub-category/list [36m304 [0m30.424 ms - -[0m
[0mGET /api/category/child-category/list [36m304 [0m28.523 ms - -[0m
[0mGET /api/category/main/list [36m304 [0m51.864 ms - -[0m
[0mGET /api/category/main/list [36m304 [0m11.420 ms - -[0m
[0mGET /api/category/sub-category/list [36m304 [0m22.430 ms - -[0m
[0mGET /api/category/child-category/list [36m304 [0m17.426 ms - -[0m
[0mGET /api/category/sub-category/list [36m304 [0m28.976 ms - -[0m
[0mGET /api/category/child-category/list [36m304 [0m14.487 ms - -[0m
[0mGET /api/category/main/list [36m304 [0m71.057 ms - -[0m
[0mGET /api/category/main/list [36m304 [0m35.104 ms - -[0m
[0mGET /api/category/sub-category/list [36m304 [0m39.026 ms - -[0m
[0mGET /api/category/child-category/list [36m304 [0m36.329 ms - -[0m
[0mGET /api/category/main/list [36m304 [0m12.466 ms - -[0m
[0mGET /api/category/sub-category/list [36m304 [0m16.278 ms - -[0m
[0mGET /api/category/child-category/list [36m304 [0m18.500 ms - -[0m
[0mGET /api/category/main/list [36m304 [0m33.205 ms - -[0m
[0mGET /api/category/sub-category/list [36m304 [0m41.374 ms - -[0m
[0mGET /api/category/child-category/list [36m304 [0m41.301 ms - -[0m
[0mGET /api/category/main/list [36m304 [0m14.983 ms - -[0m
[0mGET /api/category/sub-category/list [36m304 [0m35.296 ms - -[0m
[0mGET /api/category/child-category/list [36m304 [0m31.563 ms - -[0m
[0mGET /api/category/main/list [36m304 [0m46.933 ms - -[0m
[0mGET /api/category/sub-category/list [36m304 [0m52.904 ms - -[0m
[0mGET /api/category/child-category/list [36m304 [0m54.194 ms - -[0m
[0mGET /api/category/main/list [36m304 [0m29.025 ms - -[0m
[0mGET /api/category/sub-category/list [36m304 [0m29.762 ms - -[0m
[0mGET /api/category/child-category/list [36m304 [0m31.318 ms - -[0m
[0mGET /api/category/main/list [36m304 [0m28.204 ms - -[0m
[0mGET /api/category/sub-category/list [36m304 [0m36.120 ms - -[0m
[0mGET /api/category/child-category/list [36m304 [0m34.730 ms - -[0m
[0mGET /api/category/sub-list?categoryId=8 [36m304 [0m14.858 ms - -[0m
[0mOPTIONS /api/category/child-category/create [32m204 [0m3.217 ms - 0[0m
[0mPOST /api/category/child-category/create [32m200 [0m97.977 ms - 60[0m
[0mGET /api/category/child-category/list [32m200 [0m7.426 ms - 635[0m
[0mGET /api/category/main/list [36m304 [0m21.870 ms - -[0m
[0mGET /api/category/sub-category/list [36m304 [0m28.788 ms - -[0m
[0mGET /api/category/child-category/list [36m304 [0m19.503 ms - -[0m
[0mGET /api/category/main/list [36m304 [0m26.048 ms - -[0m
[0mGET /api/category/sub-category/list [36m304 [0m32.058 ms - -[0m
[0mGET /api/category/child-category/list [36m304 [0m29.721 ms - -[0m
[0mGET /api/category/main/list [36m304 [0m9.018 ms - -[0m
[0mGET /api/category/child-category/list [36m304 [0m31.655 ms - -[0m
[0mGET /api/category/sub-category/list [36m304 [0m39.937 ms - -[0m
[0mGET /api/category/main/list [36m304 [0m19.675 ms - -[0m
[0mGET /api/category/sub-category/list [36m304 [0m32.014 ms - -[0m
[0mGET /api/category/child-category/list [36m304 [0m19.191 ms - -[0m
[0mGET /api/category/main/list [36m304 [0m16.143 ms - -[0m
[0mGET /api/category/sub-category/list [36m304 [0m22.168 ms - -[0m
[0mGET /api/category/child-category/list [36m304 [0m17.847 ms - -[0m
[0mGET /api/category/main/list [36m304 [0m37.289 ms - -[0m
[0mGET /api/category/sub-category/list [36m304 [0m42.184 ms - -[0m
[0mGET /api/category/child-category/list [36m304 [0m37.490 ms - -[0m
[0mGET /api/category/sub-list?categoryId=6 [36m304 [0m20.840 ms - -[0m
[0mOPTIONS /api/category/child-category/create [32m204 [0m1.948 ms - 0[0m
[0mPOST /api/category/child-category/create [32m200 [0m142.211 ms - 60[0m
[0mGET /api/category/child-category/list [32m200 [0m136.431 ms - 789[0m
[0mGET /api/category/main/list [36m304 [0m24.948 ms - -[0m
[0mGET /api/category/sub-category/list [36m304 [0m27.858 ms - -[0m
[0mGET /api/category/child-category/list [36m304 [0m34.867 ms - -[0m
[0mGET /api/category/sub-list?categoryId=7 [32m200 [0m26.563 ms - 181[0m
[0mOPTIONS /api/category/child-category/create [32m204 [0m1.472 ms - 0[0m
[0mPOST /api/category/child-category/create [32m200 [0m162.408 ms - 60[0m
[0mGET /api/category/child-category/list [32m200 [0m10.487 ms - 942[0m
[0mGET /api/category/sub-list?categoryId=6 [36m304 [0m18.379 ms - -[0m
[0mGET /api/category/sub-list?categoryId=7 [36m304 [0m22.203 ms - -[0m
[0mGET /api/category/sub-list?categoryId=8 [36m304 [0m17.262 ms - -[0m
[0mGET /api/category/main/list [36m304 [0m28.978 ms - -[0m
[0mGET /api/category/sub-category/list [36m304 [0m42.582 ms - -[0m
[0mGET /api/category/child-category/list [36m304 [0m39.763 ms - -[0m
[0mGET /api/category/main/list [36m304 [0m27.519 ms - -[0m
[0mGET /api/category/sub-category/list [36m304 [0m27.481 ms - -[0m
[0mGET /api/category/child-category/list [36m304 [0m24.450 ms - -[0m
[0mGET /api/category/main/list [36m304 [0m58.202 ms - -[0m
[0mGET /api/category/sub-category/list [36m304 [0m55.594 ms - -[0m
[0mGET /api/category/child-category/list [36m304 [0m54.480 ms - -[0m
[0mGET /api/category/sub-list?categoryId=6 [36m304 [0m14.848 ms - -[0m
[0mOPTIONS /api/category/child-category/create [32m204 [0m1.497 ms - 0[0m
[0mPOST /api/category/child-category/create [31m500 [0m18.442 ms - 34[0m
[0mGET /api/category/main/list [36m304 [0m20.959 ms - -[0m
[0mGET /api/category/sub-category/list [36m304 [0m34.308 ms - -[0m
[0mGET /api/category/child-category/list [36m304 [0m26.111 ms - -[0m
[0mGET /api/category/main/list [36m304 [0m18.632 ms - -[0m
[0mGET /api/category/sub-category/list [36m304 [0m27.629 ms - -[0m
[0mGET /api/category/child-category/list [36m304 [0m33.807 ms - -[0m
[0mGET /api/category/main/list [36m304 [0m10.997 ms - -[0m
[0mGET /api/category/sub-category/list [36m304 [0m17.789 ms - -[0m
[0mGET /api/category/child-category/list [36m304 [0m11.210 ms - -[0m
[0mGET /api/category/main/list [36m304 [0m9.066 ms - -[0m
[0mGET /api/category/sub-category/list [36m304 [0m25.678 ms - -[0m
[0mGET /api/category/child-category/list [36m304 [0m25.723 ms - -[0m
[0mGET /api/category/main/list [36m304 [0m18.949 ms - -[0m
[0mGET /api/category/sub-category/list [36m304 [0m24.435 ms - -[0m
[0mGET /api/category/child-category/list [36m304 [0m22.196 ms - -[0m
[0mGET /api/category/main/list [36m304 [0m12.458 ms - -[0m
[0mGET /api/category/sub-category/list [36m304 [0m19.608 ms - -[0m
[0mGET /api/category/child-category/list [36m304 [0m13.215 ms - -[0m
[0mGET /api/category/main/list [36m304 [0m26.895 ms - -[0m
[0mGET /api/category/sub-category/list [36m304 [0m33.205 ms - -[0m
[0mGET /api/category/child-category/list [36m304 [0m37.892 ms - -[0m
[0mGET /api/category/sub-category/list [36m304 [0m25.477 ms - -[0m
[0mGET /api/category/child-category/list [36m304 [0m28.178 ms - -[0m
[0mGET /api/category/main/list [36m304 [0m38.289 ms - -[0m
[0mGET /api/category/main/list [36m304 [0m25.722 ms - -[0m
[0mGET /api/category/sub-category/list [36m304 [0m25.398 ms - -[0m
[0mGET /api/category/child-category/list [36m304 [0m22.471 ms - -[0m
[0mGET /api/category/main/list [36m304 [0m28.553 ms - -[0m
[0mGET /api/category/sub-category/list [36m304 [0m20.049 ms - -[0m
[0mGET /api/category/child-category/list [36m304 [0m12.208 ms - -[0m
[0mGET /api/category/main/list [36m304 [0m25.144 ms - -[0m
[0mGET /api/category/sub-category/list [36m304 [0m30.097 ms - -[0m
[0mGET /api/category/child-category/list [36m304 [0m29.779 ms - -[0m
[0mGET /api/category/main/list [36m304 [0m18.280 ms - -[0m
[0mGET /api/category/sub-category/list [36m304 [0m21.770 ms - -[0m
[0mGET /api/category/child-category/list [36m304 [0m21.765 ms - -[0m
[0mGET /api/category/sub-list?categoryId=6 [36m304 [0m12.161 ms - -[0m
[0mOPTIONS /api/category/child-category/create [32m204 [0m1.399 ms - 0[0m
[0mPOST /api/category/child-category/create [32m200 [0m156.623 ms - 60[0m
[0mGET /api/category/child-category/list [32m200 [0m198.794 ms - 1109[0m
[0mGET /api/category/main/list [36m304 [0m24.963 ms - -[0m
[0mGET /api/category/sub-category/list [36m304 [0m32.799 ms - -[0m
[0mGET /api/category/child-category/list [36m304 [0m33.658 ms - -[0m
[0mGET /api/category/main/list [36m304 [0m23.644 ms - -[0m
[0mGET /api/category/child-category/list [36m304 [0m21.170 ms - -[0m
[0mGET /api/category/sub-category/list [36m304 [0m32.820 ms - -[0m
[0mGET /api/category/main/list [36m304 [0m26.191 ms - -[0m
[0mGET /api/category/sub-category/list [36m304 [0m28.696 ms - -[0m
[0mGET /api/category/child-category/list [36m304 [0m25.956 ms - -[0m
[0mGET /api/category/main/list [36m304 [0m17.908 ms - -[0m
[0mGET /api/category/sub-category/list [36m304 [0m26.839 ms - -[0m
[0mGET /api/category/child-category/list [36m304 [0m29.007 ms - -[0m
[0mGET /api/category/main/list [36m304 [0m21.058 ms - -[0m
[0mGET /api/category/sub-category/list [36m304 [0m23.755 ms - -[0m
[0mGET /api/category/child-category/list [36m304 [0m24.567 ms - -[0m
[0mGET /api/category/main/list [36m304 [0m33.152 ms - -[0m
[0mGET /api/category/sub-category/list [36m304 [0m42.721 ms - -[0m
[0mGET /api/category/child-category/list [36m304 [0m50.435 ms - -[0m
[0mGET /api/category/main/list [36m304 [0m36.846 ms - -[0m
[0mGET /api/category/sub-category/list [36m304 [0m23.939 ms - -[0m
[0mGET /api/category/child-category/list [36m304 [0m29.045 ms - -[0m
[0mGET /api/category/main/list [36m304 [0m32.451 ms - -[0m
[0mGET /api/category/child-category/list [36m304 [0m17.843 ms - -[0m
[0mGET /api/category/sub-category/list [36m304 [0m35.888 ms - -[0m
[0mGET /api/category/main/list [36m304 [0m617.661 ms - -[0m
[0mGET /api/category/sub-category/list [36m304 [0m781.173 ms - -[0m
[0mGET /api/category/child-category/list [36m304 [0m805.730 ms - -[0m
[0mGET /api/category/main/list [36m304 [0m135.804 ms - -[0m
[0mGET /api/category/sub-category/list [36m304 [0m341.372 ms - -[0m
[0mGET /api/category/child-category/list [36m304 [0m335.945 ms - -[0m
[0mGET /api/category/main/list [36m304 [0m112.356 ms - -[0m
[0mGET /api/category/sub-category/list [36m304 [0m239.478 ms - -[0m
[0mGET /api/category/child-category/list [36m304 [0m174.218 ms - -[0m
[0mGET /api/category/main/list [36m304 [0m130.492 ms - -[0m
[0mGET /api/category/sub-category/list [36m304 [0m389.240 ms - -[0m
[0mGET /api/category/child-category/list [36m304 [0m565.767 ms - -[0m
[0mGET /api/category/main/list [36m304 [0m80.602 ms - -[0m
[0mGET /api/category/sub-category/list [36m304 [0m132.274 ms - -[0m
[0mGET /api/category/child-category/list [36m304 [0m117.946 ms - -[0m
[0mGET /api/category/main/list [36m304 [0m165.528 ms - -[0m
[0mGET /api/category/sub-category/list [36m304 [0m294.643 ms - -[0m
[0mGET /api/category/child-category/list [36m304 [0m292.298 ms - -[0m
[0mGET /api/category/main/list [36m304 [0m123.715 ms - -[0m
[0mGET /api/category/sub-category/list [36m304 [0m187.676 ms - -[0m
[0mGET /api/category/child-category/list [36m304 [0m203.592 ms - -[0m
[0mGET /api/category/main/list [36m304 [0m114.886 ms - -[0m
[0mGET /api/category/sub-category/list [36m304 [0m127.191 ms - -[0m
[0mGET /api/category/child-category/list [36m304 [0m129.017 ms - -[0m
[0mGET /api/category/main/list [36m304 [0m256.873 ms - -[0m
[0mGET /api/category/sub-category/list [36m304 [0m282.057 ms - -[0m
[0mGET /api/category/child-category/list [36m304 [0m232.265 ms - -[0m
[0mGET /api/category/main/list [36m304 [0m150.351 ms - -[0m
[0mGET /api/category/sub-category/list [36m304 [0m199.292 ms - -[0m
[0mGET /api/category/child-category/list [36m304 [0m113.230 ms - -[0m
[0mGET /api/category/main/list [36m304 [0m55.220 ms - -[0m
[0mGET /api/category/sub-category/list [36m304 [0m110.877 ms - -[0m
[0mGET /api/category/child-category/list [36m304 [0m120.414 ms - -[0m
[0mGET /api/category/main/list [36m304 [0m119.967 ms - -[0m
[0mGET /api/category/sub-category/list [36m304 [0m139.099 ms - -[0m
[0mGET /api/category/child-category/list [36m304 [0m117.824 ms - -[0m
[0mGET /api/category/main/list [36m304 [0m112.640 ms - -[0m
[0mGET /api/category/sub-category/list [36m304 [0m257.397 ms - -[0m
[0mGET /api/category/child-category/list [36m304 [0m302.037 ms - -[0m
[0mGET /api/category/main/list [36m304 [0m54.939 ms - -[0m
[0mGET /api/category/sub-category/list [36m304 [0m51.368 ms - -[0m
[0mGET /api/category/child-category/list [36m304 [0m39.683 ms - -[0m
[0mGET /api/category/main/list [36m304 [0m58.490 ms - -[0m
[0mGET /api/category/sub-category/list [36m304 [0m67.581 ms - -[0m
[0mGET /api/category/child-category/list [36m304 [0m47.970 ms - -[0m
[0mGET /api/category/main/list [36m304 [0m199.742 ms - -[0m
[0mGET /api/category/sub-category/list [36m304 [0m218.041 ms - -[0m
[0mGET /api/category/child-category/list [36m304 [0m325.994 ms - -[0m
[0mGET /api/category/sub-category/list [36m304 [0m395.137 ms - -[0m
[0mGET /api/category/child-category/list [36m304 [0m568.577 ms - -[0m
[0mGET /api/category/main/list [36m304 [0m603.349 ms - -[0m
[0mGET /api/category/main/list [36m304 [0m71.192 ms - -[0m
[0mGET /api/category/sub-category/list [36m304 [0m72.530 ms - -[0m
[0mGET /api/category/child-category/list [36m304 [0m100.591 ms - -[0m
[0mGET /api/category/main/list [36m304 [0m53.455 ms - -[0m
[0mGET /api/category/sub-category/list [36m304 [0m85.639 ms - -[0m
[0mGET /api/category/child-category/list [36m304 [0m101.013 ms - -[0m
[0mGET /api/category/sub-category/list [36m304 [0m77.846 ms - -[0m
[0mGET /api/category/child-category/list [36m304 [0m257.037 ms - -[0m
[0mGET /api/category/main/list [36m304 [0m325.860 ms - -[0m
[0mGET /api/category/main/list [36m304 [0m72.332 ms - -[0m
[0mGET /api/category/sub-category/list [36m304 [0m162.031 ms - -[0m
[0mGET /api/category/child-category/list [36m304 [0m207.734 ms - -[0m
[0mGET /api/category/main/list [36m304 [0m68.604 ms - -[0m
[0mGET /api/category/child-category/list [36m304 [0m168.888 ms - -[0m
[0mGET /api/category/sub-category/list [36m304 [0m170.694 ms - -[0m
[0mGET /api/category/main/list [36m304 [0m132.567 ms - -[0m
[0mGET /api/category/sub-category/list [36m304 [0m160.892 ms - -[0m
[0mGET /api/category/child-category/list [36m304 [0m234.999 ms - -[0m
[0mGET /api/category/main/list [36m304 [0m63.079 ms - -[0m
[0mGET /api/category/sub-category/list [36m304 [0m114.905 ms - -[0m
[0mGET /api/category/child-category/list [36m304 [0m129.238 ms - -[0m
[0mGET /api/category/main/list [36m304 [0m108.653 ms - -[0m
[0mGET /api/category/sub-category/list [36m304 [0m225.703 ms - -[0m
[0mGET /api/category/child-category/list [36m304 [0m272.034 ms - -[0m
[0mGET /api/category/main/list [36m304 [0m80.376 ms - -[0m
[0mGET /api/category/sub-category/list [36m304 [0m77.791 ms - -[0m
[0mGET /api/category/child-category/list [36m304 [0m74.513 ms - -[0m
[0mGET /api/category/main/list [36m304 [0m103.990 ms - -[0m
[0mGET /api/category/sub-category/list [36m304 [0m154.194 ms - -[0m
[0mGET /api/category/child-category/list [36m304 [0m192.675 ms - -[0m
[0mGET /api/category/main/list [36m304 [0m57.540 ms - -[0m
[0mGET /api/category/sub-category/list [36m304 [0m69.648 ms - -[0m
[0mOPTIONS /api/category/sub-category/create [32m204 [0m14.234 ms - 0[0m
[0mPOST /api/category/sub-category/create [32m200 [0m765.181 ms - 55[0m
[0mGET /api/category/main/list [36m304 [0m25.933 ms - -[0m
[0mGET /api/category/sub-category/list [32m200 [0m97.469 ms - 1870[0m
[0mOPTIONS /api/category/sub-category/create [32m204 [0m7.038 ms - 0[0m
[0mPOST /api/category/sub-category/create [32m200 [0m238.027 ms - 55[0m
[0mGET /api/category/main/list [36m304 [0m83.091 ms - -[0m
[0mGET /api/category/sub-category/list [32m200 [0m354.422 ms - 2023[0m
[0mOPTIONS /api/category/sub-category/create [32m204 [0m5.601 ms - 0[0m
[0mPOST /api/category/sub-category/create [32m200 [0m417.848 ms - 55[0m
[0mGET /api/category/main/list [36m304 [0m63.123 ms - -[0m
[0mGET /api/category/sub-category/list [32m200 [0m288.538 ms - 2177[0m
[0mGET /api/category/main/list [36m304 [0m39.369 ms - -[0m
[0mGET /api/category/sub-category/list [36m304 [0m203.731 ms - -[0m
[0mGET /api/category/child-category/list [36m304 [0m188.483 ms - -[0m
[0mGET /api/category/sub-list?categoryId=8 [32m200 [0m113.557 ms - 1108[0m
[0mOPTIONS /api/category/child-category/create [32m204 [0m3.781 ms - 0[0m
[0mPOST /api/category/child-category/create [32m200 [0m644.046 ms - 60[0m
[0mGET /api/category/child-category/list [32m200 [0m120.947 ms - 1276[0m
[0mGET /api/category/main/list [36m304 [0m300.695 ms - -[0m
[0mGET /api/category/sub-category/list [36m304 [0m287.051 ms - -[0m
[0mGET /api/category/child-category/list [32m200 [0m315.921 ms - 192[0m
[0mGET /api/category/sub-list?categoryId=8 [36m304 [0m39.595 ms - -[0m
[0mOPTIONS /api/category/child-category/create [32m204 [0m5.734 ms - 0[0m
[0mPOST /api/category/child-category/create [32m200 [0m208.675 ms - 60[0m
[0mGET /api/category/child-category/list [32m200 [0m74.284 ms - 358[0m
[0mGET /api/category/sub-list?categoryId=6 [32m200 [0m20.374 ms - 785[0m
[0mOPTIONS /api/category/child-category/create [32m204 [0m83.208 ms - 0[0m
[0mPOST /api/category/child-category/create [32m200 [0m96.190 ms - 60[0m
[0mGET /api/category/child-category/list [32m200 [0m105.970 ms - 526[0m
[0mGET /api/category/main/list [36m304 [0m3047.524 ms - -[0m
[0mGET /api/category/sub-category/list [36m304 [0m850.264 ms - -[0m
[0mGET /api/category/child-category/list [36m304 [0m869.645 ms - -[0m
[0mGET /api/category/main/list [36m304 [0m887.149 ms - -[0m
[0mGET /api/category/sub-category/list [36m304 [0m919.678 ms - -[0m
[0mGET /api/category/child-category/list [36m304 [0m1032.461 ms - -[0m
[0mGET /api/category/main/list [36m304 [0m6328.657 ms - -[0m
[0mGET /api/category/sub-category/list [36m304 [0m8394.980 ms - -[0m
[0mGET /api/category/child-category/list [36m304 [0m6455.133 ms - -[0m
[0mGET /api/category/main/list [36m304 [0m104.894 ms - -[0m
[0mGET /api/category/sub-category/list [36m304 [0m61.415 ms - -[0m
[0mGET /api/category/child-category/list [36m304 [0m58.963 ms - -[0m
[0mGET /api/category/main/list [36m304 [0m381.825 ms - -[0m
[0mGET /api/category/sub-category/list [36m304 [0m176.585 ms - -[0m
[0mGET /api/category/child-category/list [36m304 [0m181.817 ms - -[0m
[0mGET /api/category/main/list [36m304 [0m9.498 ms - -[0m
[0mGET /api/category/child-category/list [36m304 [0m38.289 ms - -[0m
[0mGET /api/category/sub-category/list [36m304 [0m76.338 ms - -[0m
[0mGET /api/category/main/list [36m304 [0m25.245 ms - -[0m
[0mGET /api/category/sub-category/list [36m304 [0m1208.842 ms - -[0m
[0mGET /api/category/child-category/list [36m304 [0m1208.716 ms - -[0m
[0mGET /api/category/main/list [36m304 [0m7.325 ms - -[0m
[0mGET /api/category/sub-category/list [36m304 [0m474.356 ms - -[0m
[0mGET /api/category/child-category/list [36m304 [0m466.598 ms - -[0m
[0mGET /api/category/main/list [36m304 [0m198.254 ms - -[0m
[0mGET /api/category/sub-category/list [36m304 [0m200.727 ms - -[0m
[0mGET /api/category/child-category/list [36m304 [0m195.677 ms - -[0m
