[0mGET /api/product/getAllproduct [36m304 [0m390.981 ms - -[0m
[0mGET /api/product/getAllproduct [36m304 [0m573.313 ms - -[0m
[0mGET /api/product/getAllproduct [36m304 [0m403.188 ms - -[0m
[0mGET /api/product/getAllproduct [36m304 [0m77.166 ms - -[0m
[0mGET /api/product/getAllproduct [36m304 [0m41.795 ms - -[0m
[0mGET /api/product/getAllproduct [36m304 [0m32.741 ms - -[0m
[0mGET /api/product/getAllproduct [36m304 [0m38.985 ms - -[0m
[0mGET /api/product/getAllproduct [36m304 [0m413.492 ms - -[0m
[0mGET /api/product/getAllproduct [36m304 [0m97.460 ms - -[0m
[0mGET /api/product/getAllproduct [36m304 [0m53.018 ms - -[0m
[0mGET /api/product/getAllproduct [36m304 [0m665.883 ms - -[0m
[0mGET /api/category/main/list [36m304 [0m240.176 ms - -[0m
[0mGET /api/category/sub-category/list [36m304 [0m434.462 ms - -[0m
[0mGET /api/category/child-category/list [36m304 [0m453.332 ms - -[0m
[0mPOST /api/product/create [31m500 [0m358.229 ms - 2154[0m
[0mGET /api/product/getAllproduct [36m304 [0m543.991 ms - -[0m
[0mGET /api/category/main/list [36m304 [0m316.514 ms - -[0m
[0mGET /api/category/sub-category/list [36m304 [0m453.910 ms - -[0m
[0mGET /api/category/child-category/list [36m304 [0m456.988 ms - -[0m
[0mPOST /api/product/create [32m200 [0m773.808 ms - 54[0m
[0mGET /api/product/getAllproduct [32m200 [0m210.317 ms - 1069[0m
[0mGET /api/product/getAllproduct [36m304 [0m71.014 ms - -[0m
[0mGET /api/product/getAllproduct [36m304 [0m436.015 ms - -[0m
[0mGET /api/product/getAllproduct [36m304 [0m413.658 ms - -[0m
[0mGET /api/product/getAllproduct [36m304 [0m456.367 ms - -[0m
[0mGET /api/product/getAllproduct [36m304 [0m396.841 ms - -[0m
[0mGET /api/product/getAllproduct [36m304 [0m59.499 ms - -[0m
[0mGET /api/product/getAllproduct [36m304 [0m50.984 ms - -[0m
[0mGET /produit/1694954272879.png [33m404 [0m509.673 ms - 7714[0m
[0mGET /produit/1694961004938bas1.jpg [32m200 [0m558.976 ms - 6396[0m
[0mGET /produit/1694960004108ARR4.jpg [32m200 [0m591.455 ms - 1687[0m
[0mGET /api/product/getAllproduct [36m304 [0m36.950 ms - -[0m
[0mGET /produit/1694954272879.png [33m404 [0m27.388 ms - 7714[0m
[0mGET /api/product/getAllproduct [36m304 [0m39.619 ms - -[0m
[0mGET /api/product/getAllproduct [36m304 [0m63.218 ms - -[0m
[0mGET /produit/1694954272879.png [33m404 [0m43.477 ms - 7714[0m
[0mGET /api/product/getAllproduct [36m304 [0m76.584 ms - -[0m
[0mGET /produit/1694954272879.png [33m404 [0m46.950 ms - 7714[0m
[0mGET /api/product/getAllproduct [36m304 [0m39.646 ms - -[0m
[0mGET /produit/1694954272879.png [33m404 [0m54.893 ms - 7714[0m
[0mGET /api/product/getAllproduct [36m304 [0m35.571 ms - -[0m
[0mGET /produit/1694954272879.png [33m404 [0m32.511 ms - 7714[0m
[0mGET /api/product/getAllproduct [36m304 [0m55.042 ms - -[0m
[0mGET /produit/1694961004938bas1.jpg [36m304 [0m14.271 ms - -[0m
[0mGET /produit/1694960004108ARR4.jpg [36m304 [0m9.952 ms - -[0m
[0mGET /produit/1694954272879.png [33m404 [0m52.075 ms - 7714[0m
[0mGET /api/category/main/list [36m304 [0m285.405 ms - -[0m
[0mGET /api/category/sub-category/list [36m304 [0m460.077 ms - -[0m
[0mGET /api/category/child-category/list [36m304 [0m477.246 ms - -[0m
[0mPOST /api/product/create [32m200 [0m870.034 ms - 54[0m
[0mGET /api/product/getAllproduct [32m200 [0m227.157 ms - 1452[0m
[0mGET /produit/1694963670960arr1.jpg [32m200 [0m11.689 ms - 2193[0m
[0mGET /produit/1694961004938bas1.jpg [36m304 [0m28.423 ms - -[0m
[0mGET /produit/1694960004108ARR4.jpg [36m304 [0m22.906 ms - -[0m
[0mGET /produit/1694954272879.png [33m404 [0m123.050 ms - 7714[0m
[0mGET /api/product/getAllproduct [32m200 [0m45.133 ms - 1108[0m
[0mGET /produit/1694963670960arr1.jpg [36m304 [0m9.429 ms - -[0m
[0mGET /produit/1694961004938bas1.jpg [36m304 [0m9.555 ms - -[0m
[0mGET /produit/1694960004108ARR4.jpg [36m304 [0m10.041 ms - -[0m
[0mGET /api/product/getAllproduct [36m304 [0m37.061 ms - -[0m
[0mGET /api/product/getAllproduct [36m304 [0m29.054 ms - -[0m
[0mGET /api/product/getAllproduct [36m304 [0m25.266 ms - -[0m
[0mGET /api/product/getAllproduct [36m304 [0m90.179 ms - -[0m
[0mGET /api/product/getAllproduct [36m304 [0m59.003 ms - -[0m
[0mGET /api/product/getAllproduct [36m304 [0m90.073 ms - -[0m
[0mGET /api/product/getAllproduct [36m304 [0m28.052 ms - -[0m
[0mGET /api/product/getAllproduct [36m304 [0m31.181 ms - -[0m
[0mGET /api/product/getAllproduct [36m304 [0m70.293 ms - -[0m
[0mGET /api/product/getAllproduct [36m304 [0m38.091 ms - -[0m
[0mGET /produit/1694963670960arr1.jpg [36m304 [0m10.354 ms - -[0m
[0mGET /produit/1694961004938bas1.jpg [36m304 [0m8.799 ms - -[0m
[0mGET /produit/1694960004108ARR4.jpg [36m304 [0m8.382 ms - -[0m
[0mGET /api/product/getAllproduct [36m304 [0m56.599 ms - -[0m
[0mGET /produit/1694963670960arr1.jpg [36m304 [0m10.428 ms - -[0m
[0mGET /produit/1694961004938bas1.jpg [36m304 [0m10.923 ms - -[0m
[0mGET /produit/1694960004108ARR4.jpg [36m304 [0m12.904 ms - -[0m
[0mGET /api/product/getAllproduct [36m304 [0m26.560 ms - -[0m
[0mGET /produit/1694963670960arr1.jpg [36m304 [0m5.573 ms - -[0m
[0mGET /produit/1694961004938bas1.jpg [36m304 [0m6.700 ms - -[0m
[0mGET /produit/1694960004108ARR4.jpg [36m304 [0m6.401 ms - -[0m
[0mGET /api/product/getAllproduct [36m304 [0m99.528 ms - -[0m
[0mGET /api/product/getAllproduct [36m304 [0m103.239 ms - -[0m
[0mGET /api/product/getAllproduct [36m304 [0m29.244 ms - -[0m
[0mGET /api/product/getAllproduct [36m304 [0m44.344 ms - -[0m
[0mGET /api/product/getAllproduct [36m304 [0m75.207 ms - -[0m
[0mGET /api/product/getAllproduct [36m304 [0m36.698 ms - -[0m
[0mGET /api/product/getAllproduct [36m304 [0m54.364 ms - -[0m
[0mGET /api/product/getAllproduct [36m304 [0m46.102 ms - -[0m
[0mGET /api/product/getAllproduct [36m304 [0m34.240 ms - -[0m
[0mGET /produit/1694963670960arr1.jpg [36m304 [0m22.827 ms - -[0m
[0mGET /produit/1694961004938bas1.jpg [36m304 [0m16.720 ms - -[0m
[0mGET /produit/1694960004108ARR4.jpg [36m304 [0m13.961 ms - -[0m
[0mGET /api/product/getAllproduct [36m304 [0m36.735 ms - -[0m
[0mGET /api/product/getAllproduct [36m304 [0m28.674 ms - -[0m
[0mGET /api/product/getAllproduct [36m304 [0m39.644 ms - -[0m
[0mGET /api/product/getAllproduct [36m304 [0m44.889 ms - -[0m
[0mGET /produit/1694961004938bas1.jpg [36m304 [0m14.329 ms - -[0m
[0mGET /produit/1694960004108ARR4.jpg [36m304 [0m13.738 ms - -[0m
[0mGET /api/product/getAllproduct [36m304 [0m27.534 ms - -[0m
[0mGET /api/product/getAllproduct [36m304 [0m95.993 ms - -[0m
[0mGET /api/product/getAllproduct [36m304 [0m46.904 ms - -[0m
[0mGET /api/product/getAllproduct [36m304 [0m45.351 ms - -[0m
[0mGET /api/product/getAllproduct [36m304 [0m52.080 ms - -[0m
[0mGET /api/product/getAllproduct [36m304 [0m43.801 ms - -[0m
[0mGET /api/product/getAllproduct [36m304 [0m26.888 ms - -[0m
[0mGET /api/category/main/list [36m304 [0m187.332 ms - -[0m
[0mGET /api/category/sub-category/list [36m304 [0m214.734 ms - -[0m
[0mGET /api/category/child-category/list [36m304 [0m339.124 ms - -[0m
[0mGET /api/category/main/list [36m304 [0m165.016 ms - -[0m
[0mGET /api/category/sub-category/list [36m304 [0m283.263 ms - -[0m
[0mGET /api/category/child-category/list [36m304 [0m282.435 ms - -[0m
[0mGET /api/product/getAllproduct [36m304 [0m27.395 ms - -[0m
[0mGET /produit/1694963670960arr1.jpg [36m304 [0m14.512 ms - -[0m
[0mGET /produit/1694961004938bas1.jpg [36m304 [0m12.257 ms - -[0m
[0mGET /produit/1694960004108ARR4.jpg [36m304 [0m8.029 ms - -[0m
[0mGET /api/product/getAllproduct [36m304 [0m119.573 ms - -[0m
[0mGET /api/product/getAllproduct [36m304 [0m143.427 ms - -[0m
[0mGET /api/product/getAllproduct [36m304 [0m152.794 ms - -[0m
[0mGET /api/product/getAllproduct [36m304 [0m31.851 ms - -[0m
[0mGET /api/product/getAllproduct [36m304 [0m39.416 ms - -[0m
[0mGET /api/product/getAllproduct [36m304 [0m38.461 ms - -[0m
[0mGET /api/product/getAllproduct [36m304 [0m34.764 ms - -[0m
[0mOPTIONS /?id=22 [32m204 [0m6.641 ms - 0[0m
[0mDELETE /?id=22 [33m404 [0m75.416 ms - 7714[0m
[0mGET /api/product/getAllproduct [36m304 [0m38.123 ms - -[0m
[0mGET /produit/1694963670960arr1.jpg [36m304 [0m11.773 ms - -[0m
[0mGET /produit/1694961004938bas1.jpg [36m304 [0m10.056 ms - -[0m
[0mGET /produit/1694960004108ARR4.jpg [36m304 [0m8.074 ms - -[0m
