[0mPOST /api/customer/register [32m200 [0m2764.573 ms - 96[0m
[0mGET /api/category/main/list [36m304 [0m295.817 ms - -[0m
[0mPOST /api/customer/register [32m200 [0m7152.732 ms - 94[0m
[0mPOST /api/customer/register [32m200 [0m6330.404 ms - 94[0m
[0mPOST /api/customer/register [32m200 [0m18719.604 ms - 94[0m
[0mPOST /api/customer/register [32m200 [0m6516.812 ms - 94[0m
[0mPOST /api/customer/register [32m200 [0m6597.311 ms - 94[0m
[0mPOST /api/customer/register [33m409 [0m5679.957 ms - 38[0m
[0mPOST /api/customer/register [33m409 [0m4281.286 ms - 38[0m
[0mPOST /api/customer/register [32m200 [0m1057.604 ms - 95[0m
[0mGET /api/product/getAllproduct [32m200 [0m7194.040 ms - 4083[0m
[0mGET /produit/1696448643139ARR3.jpg [32m200 [0m1719.557 ms - 3465[0m
[0mGET /produit/1695991260175tap1.jpg [32m200 [0m1174.823 ms - 3388[0m
[0mGET /produit/1695990880479SACS.jpg [32m200 [0m1087.382 ms - 7551[0m
[0mGET /produit/1695753661047tap3.jpg [32m200 [0m957.153 ms - 9338[0m
[0mGET /produit/1695754196334ENST.jpg [32m200 [0m958.813 ms - 4600[0m
[0mGET /produit/1695754614263T1.jpg [32m200 [0m1061.117 ms - 9012[0m
[0mGET /produit/1695752820497e3.jpg [32m200 [0m702.223 ms - 7440[0m
[0mGET /produit/1695751668068ARR32.jpg [32m200 [0m662.933 ms - 1907[0m
[0mGET /produit/1695747027807TS1.jpg [32m200 [0m615.871 ms - 4327[0m
[0mGET /api/category/main/list [36m304 [0m11787.425 ms - -[0m
[0mGET /produit/1695989675538cas.jpg [36m304 [0m666.273 ms - -[0m
[0mGET /produit/1695989601836C2.jpg [36m304 [0m751.657 ms - -[0m
[0mGET /produit/1696998821128ARR5.jpg [36m304 [0m1954.476 ms - -[0m
[0mGET /produit/1695989763210acc1.jpg [36m304 [0m880.029 ms - -[0m
[0mGET /api/category/main/list [36m304 [0m918.600 ms - -[0m
[0mGET /api/category/cn/list?name=VETEMENTS [32m200 [0m10944.067 ms - 1606[0m
[0mGET /api/product/list/VETEMENTS [32m200 [0m11681.376 ms - 2133[0m
[0mGET /produit/1696448643139ARR3.jpg [36m304 [0m413.738 ms - -[0m
[0mGET /produit/1695754614263T1.jpg [36m304 [0m230.665 ms - -[0m
[0mGET /produit/1695754196334ENST.jpg [36m304 [0m412.593 ms - -[0m
[0mGET /produit/1695752820497e3.jpg [36m304 [0m55.707 ms - -[0m
[0mGET /produit/1695747027807TS1.jpg [36m304 [0m145.865 ms - -[0m
[0mOPTIONS /api/customer/login [32m204 [0m166.216 ms - 0[0m
[0mPOST /api/customer/login [32m200 [0m2950.572 ms - 196[0m
[0mGET /produit/1697602015493TS3.jpg [32m200 [0m954.654 ms - 2846[0m
[0mGET /produit/1697602143219ENST.jpg [32m200 [0m1564.268 ms - 4600[0m
[0mGET /api/customer/getUserByEmailId?email=mamas@gmail.com [32m200 [0m2182.258 ms - 300[0m
[0mGET /api/customer/getUserByEmailId?email=mamas@gmail.com [36m304 [0m508.130 ms - -[0m
[0mGET /api/category/main/list [36m304 [0m18.446 ms - -[0m
[0mGET /produit/1696998821128ARR5.jpg [36m304 [0m207.623 ms - -[0m
[0mGET /produit/1695989601836C2.jpg [36m304 [0m203.923 ms - -[0m
[0mGET /produit/1695989675538cas.jpg [36m304 [0m202.639 ms - -[0m
[0mGET /produit/1695989763210acc1.jpg [36m304 [0m202.567 ms - -[0m
[0mOPTIONS / [32m204 [0m2.130 ms - 0[0m
[0mPOST / [33m404 [0m1205.599 ms - 28[0m
[0mOPTIONS / [32m204 [0m1.575 ms - 0[0m
[0mPOST / [33m404 [0m25.525 ms - 28[0m
[0mOPTIONS /api/customer/register [32m204 [0m2.239 ms - 0[0m
[0mPOST /api/customer/register [32m200 [0m14942.413 ms - 96[0m
[0mPOST /api/customer/register [33m409 [0m13037.975 ms - 38[0m
[0mGET /api/category/main/list [36m304 [0m1601.495 ms - -[0m
[0mPOST /api/customer/register [32m200 [0m4883.588 ms - 93[0m
[0mPOST /api/customer/register [32m200 [0m1379.389 ms - 95[0m
[0mPOST /api/customer/login [33m401 [0m2372.136 ms - 40[0m
[0mPOST /api/customer/login [32m200 [0m1503.695 ms - 196[0m
[0mPOST /api/customer/login [32m200 [0m14952.357 ms - 196[0m
[0mGET /api/category/main/list [36m304 [0m1485.289 ms - -[0m
[0mPOST /api/customer/login [32m200 [0m2373.678 ms - 196[0m
[0mGET /api/category/main/list [36m304 [0m602.386 ms - -[0m
[0mPOST /api/customer/login [32m200 [0m961.797 ms - 196[0m
[0mGET /api/category/main/list [36m304 [0m231.380 ms - -[0m
[0mPOST /api/customer/login [32m200 [0m1301.638 ms - 196[0m
[0mGET /api/category/main/list [36m304 [0m10237.206 ms - -[0m
[0mPOST /api/customer/login [32m200 [0m6006.244 ms - 196[0m
[0mGET /api/category/main/list [36m304 [0m70.648 ms - -[0m
[0mPOST /api/customer/login [32m200 [0m1213.532 ms - 196[0m
[0mGET /api/category/main/list [36m304 [0m122.342 ms - -[0m
[0mGET /api/category/main/list [36m304 [0m12526.643 ms - -[0m
[0mPOST /api/customer/login [32m200 [0m6812.684 ms - 196[0m
[0mPOST /api/customer/login [33m401 [0m3034.652 ms - 40[0m
[0mGET /api/category/main/list [36m304 [0m16359.690 ms - -[0m
[0mGET /api/product/getAllproduct [36m304 [0m17098.567 ms - -[0m
[0mGET /produit/1695991260175tap1.jpg [36m304 [0m2139.429 ms - -[0m
[0mGET /produit/1696448643139ARR3.jpg [36m304 [0m1245.515 ms - -[0m
[0mGET /produit/1695990880479SACS.jpg [36m304 [0m1049.074 ms - -[0m
[0mGET /produit/1695754614263T1.jpg [36m304 [0m234.799 ms - -[0m
[0mGET /produit/1695754196334ENST.jpg [36m304 [0m173.852 ms - -[0m
[0mGET /produit/1695753661047tap3.jpg [36m304 [0m146.817 ms - -[0m
[0mGET /produit/1695752820497e3.jpg [36m304 [0m233.435 ms - -[0m
[0mGET /produit/1695751668068ARR32.jpg [36m304 [0m203.219 ms - -[0m
[0mGET /produit/1695747027807TS1.jpg [36m304 [0m173.502 ms - -[0m
[0mPOST /api/customer/login [32m200 [0m28363.928 ms - 196[0m
[0mPOST /api/customer/login [32m200 [0m34400.278 ms - 196[0m
[0mPOST /api/customer/login [32m200 [0m8592.300 ms - 196[0m
[0mPOST /api/customer/login [32m200 [0m8804.644 ms - 196[0m
[0mGET /api/category/main/list [36m304 [0m761.903 ms - -[0m
[0mPOST /api/customer/login [32m200 [0m12233.499 ms - 196[0m
[0mGET /api/category/main/list [36m304 [0m1107.792 ms - -[0m
[0mGET /api/category/main/list [36m304 [0m8082.416 ms - -[0m
[0mPOST /api/customer/login [32m200 [0m24643.265 ms - 196[0m
[0mGET /api/category/main/list [36m304 [0m739.824 ms - -[0m
[0mPOST /api/customer/login [32m200 [0m6835.322 ms - 196[0m
[0mGET /api/category/main/list [36m304 [0m6355.432 ms - -[0m
[0mGET /api/category/main/list [36m304 [0m231.328 ms - -[0m
[0mGET /api/category/main/list [36m304 [0m327.723 ms - -[0m
[0mGET /api/category/main/list [36m304 [0m11879.745 ms - -[0m
[0mGET /api/category/main/list [36m304 [0m6201.620 ms - -[0m
[0mGET /api/category/main/list [36m304 [0m6520.635 ms - -[0m
[0mGET /api/category/main/list [36m304 [0m1353.544 ms - -[0m
[0mGET /api/category/main/list [36m304 [0m184.592 ms - -[0m
[0mGET /api/category/main/list [36m304 [0m10056.007 ms - -[0m
[0mGET /produit/1695989601836C2.jpg [36m304 [0m937.763 ms - -[0m
[0mGET /produit/1696998821128ARR5.jpg [36m304 [0m1007.833 ms - -[0m
[0mGET /produit/1695989675538cas.jpg [36m304 [0m946.337 ms - -[0m
[0mGET /produit/1695989763210acc1.jpg [36m304 [0m4.073 ms - -[0m
[0mGET /api/category/main/list [36m304 [0m1028.187 ms - -[0m
[0mGET /api/category/main/list [36m304 [0m2841.117 ms - -[0m
[0mGET /api/category/main/list [36m304 [0m20.214 ms - -[0m
[0mGET /api/category/main/list [36m304 [0m22.513 ms - -[0m
[0mGET /api/category/main/list [36m304 [0m11.638 ms - -[0m
[0mGET /api/category/main/list [36m304 [0m11.906 ms - -[0m
[0mPOST /api/customer/login [32m200 [0m2878.756 ms - 196[0m
[0mPOST /api/customer/login [32m200 [0m1931.337 ms - 196[0m
[0mPOST /api/customer/login [32m200 [0m1584.081 ms - 196[0m
[0mGET /api/category/main/list [36m304 [0m124.308 ms - -[0m
[0mPOST /api/customer/login [32m200 [0m906.684 ms - 196[0m
[0mPOST /api/customer/login [32m200 [0m1023.444 ms - 196[0m
[0mPOST /api/customer/login [32m200 [0m1156.320 ms - 196[0m
[0mPOST /api/customer/login [32m200 [0m1689.080 ms - 196[0m
[0mPOST /api/customer/login [32m200 [0m1187.453 ms - 196[0m
[0mPOST /api/customer/login [32m200 [0m1545.257 ms - 196[0m
[0mGET /api/customer/getUserByEmailId?email=[object%20Object] [31m500 [0m4099.539 ms - 17[0m
[0mGET /api/customer/getUserByEmailId?email=[object%20Object] [31m500 [0m362.861 ms - 17[0m
[0mPOST /api/customer/login [32m200 [0m892.565 ms - 196[0m
[0mGET /api/customer/getUserByEmailId?email=[object%20Object] [31m500 [0m213.136 ms - 17[0m
[0mGET /api/category/main/list [36m304 [0m132.480 ms - -[0m
[0mGET /api/customer/getUserByEmailId?email=[object%20Object] [31m500 [0m220.231 ms - 17[0m
[0mPOST /api/customer/login [32m200 [0m1889.079 ms - 196[0m
[0mGET /api/product/list/VETEMENTS [36m304 [0m2312.918 ms - -[0m
[0mGET /api/category/main/list [36m304 [0m117.644 ms - -[0m
[0mGET /api/customer/getUserByEmailId?email=[object%20Object] [31m500 [0m149.805 ms - 17[0m
[0mGET /api/category/main/list [36m304 [0m153.650 ms - -[0m
[0mGET /api/customer/getUserByEmailId?email=[object%20Object] [31m500 [0m43.950 ms - 17[0m
[0mPOST /api/customer/login [32m200 [0m1216.541 ms - 196[0m
[0mGET /api/product/list/VETEMENTS [36m304 [0m153.210 ms - -[0m
[0mPOST /api/customer/login [32m200 [0m1191.153 ms - 196[0m
[0mGET /api/customer/getUserByEmailId?email=[object%20Object] [31m500 [0m41.629 ms - 17[0m
[0mPOST /api/customer/login [32m200 [0m1053.457 ms - 196[0m
[0mGET /api/customer/getUserByEmailId?email=[object%20Object] [31m500 [0m530.177 ms - 17[0m
[0mGET /api/category/main/list [36m304 [0m78.932 ms - -[0m
[0mGET /api/customer/getUserByEmailId?email=[object%20Object] [31m500 [0m68.596 ms - 17[0m
[0mPOST /api/customer/login [32m200 [0m1457.155 ms - 196[0m
[0mGET /api/category/main/list [36m304 [0m125.879 ms - -[0m
[0mGET /api/customer/getUserByEmailId?email=[object%20Object] [31m500 [0m71.810 ms - 17[0m
[0mGET /api/customer/getUserByEmailId?email=[object%20Object] [31m500 [0m80.271 ms - 17[0m
[0mGET /api/category/main/list [36m304 [0m30.021 ms - -[0m
[0mGET /api/customer/getUserByEmailId?email=[object%20Object] [31m500 [0m25.996 ms - 17[0m
[0mPOST /api/customer/login [32m200 [0m977.833 ms - 196[0m
[0mGET /api/category/main/list [36m304 [0m107.860 ms - -[0m
[0mGET /api/customer/getUserByEmailId?email=[object%20Object] [31m500 [0m415.326 ms - 17[0m
[0mGET /api/product/list/VETEMENTS [36m304 [0m569.196 ms - -[0m
[0mGET /api/category/main/list [36m304 [0m5.963 ms - -[0m
[0mGET /api/customer/getUserByEmailId?email=[object%20Object] [31m500 [0m70.180 ms - 17[0m
[0mGET /api/category/main/list [36m304 [0m8.128 ms - -[0m
[0mGET /api/customer/getUserByEmailId?email=[object%20Object] [31m500 [0m8.956 ms - 17[0m
[0mPOST /api/customer/login [32m200 [0m1006.487 ms - 196[0m
[0mGET /api/customer/getUserByEmailId?email=[object%20Object] [31m500 [0m157.711 ms - 17[0m
[0mGET /api/category/main/list [36m304 [0m8.877 ms - -[0m
[0mGET /api/customer/getUserByEmailId?email=[object%20Object] [31m500 [0m606.406 ms - 17[0m
[0mGET /api/customer/getUserByEmailId?email=[object%20Object] [31m500 [0m366.058 ms - 17[0m
[0mGET /api/product/list/VETEMENTS [36m304 [0m225.427 ms - -[0m
[0mGET /api/product/getWebProductById?id=5 [36m304 [0m998.449 ms - -[0m
[0mGET /api/product/similar?chilCategoryId=2 [36m304 [0m76.545 ms - -[0m
[0mGET /api/category/main/list [32m200 [0m747.729 ms - 696[0m
[0mGET /produit/1696998821128ARR5.jpg [32m200 [0m11286.549 ms - 3588[0m
[0mGET /produit/1695989675538cas.jpg [32m200 [0m7689.889 ms - 3513[0m
[0mGET /produit/1695989601836C2.jpg [32m200 [0m7830.104 ms - 8412[0m
[0mGET /produit/1695989763210acc1.jpg [32m200 [0m771.038 ms - 7482[0m
[0mGET /api/product/getWebProductById?id=5 [36m304 [0m2714.550 ms - -[0m
[0mGET /api/product/similar?chilCategoryId=2 [36m304 [0m43.906 ms - -[0m
[0mGET /api/product/getWebProductById?id=5 [36m304 [0m154.551 ms - -[0m
[0mGET /api/product/similar?chilCategoryId=2 [36m304 [0m278.593 ms - -[0m
[0mGET /api/product/getWebProductById?id=5 [36m304 [0m397.886 ms - -[0m
[0mGET /api/product/similar?chilCategoryId=2 [36m304 [0m102.865 ms - -[0m
[0mGET /api/product/getWebProductById?id=5 [36m304 [0m669.252 ms - -[0m
[0mGET /api/product/similar?chilCategoryId=2 [36m304 [0m34.795 ms - -[0m
[0mGET /api/product/getWebProductById?id=1 [36m304 [0m179.980 ms - -[0m
[0mGET /api/product/similar?chilCategoryId=3 [36m304 [0m235.325 ms - -[0m
[0mGET /api/product/list/VETEMENTS [36m304 [0m912.428 ms - -[0m
[0mGET /api/product/getWebProductById?id=5 [36m304 [0m488.061 ms - -[0m
[0mGET /api/product/similar?chilCategoryId=2 [36m304 [0m42.968 ms - -[0m
[0mGET /api/category/main/list [36m304 [0m9768.150 ms - -[0m
[0mGET /api/product/list/VETEMENTS [36m304 [0m9520.052 ms - -[0m
[0mGET /api/product/getWebProductById?id=5 [36m304 [0m394.560 ms - -[0m
[0mGET /api/product/similar?chilCategoryId=2 [36m304 [0m526.878 ms - -[0m
[0mGET /api/product/getWebProductById?id=5 [36m304 [0m497.747 ms - -[0m
[0mGET /api/product/similar?chilCategoryId=2 [36m304 [0m2074.330 ms - -[0m
[0mGET /api/product/getWebProductById?id=1 [36m304 [0m960.093 ms - -[0m
[0mGET /api/product/similar?chilCategoryId=3 [36m304 [0m95.096 ms - -[0m
[0mGET /api/product/getWebProductById?id=5 [36m304 [0m276.741 ms - -[0m
[0mGET /api/product/similar?chilCategoryId=2 [36m304 [0m128.535 ms - -[0m
[0mGET /api/category/main/list [36m304 [0m6241.093 ms - -[0m
[0mGET /api/product/list/VETEMENTS [36m304 [0m1771.151 ms - -[0m
[0mGET /api/category/main/list [36m304 [0m27.068 ms - -[0m
[0mGET /api/product/list/VETEMENTS [36m304 [0m237.655 ms - -[0m
[0mGET /api/product/getWebProductById?id=5 [36m304 [0m778.309 ms - -[0m
[0mGET /api/product/getWebProductById?id=1 [36m304 [0m380.120 ms - -[0m
[0mGET /api/product/getWebProductById?id=1 [36m304 [0m100.392 ms - -[0m
[0mGET /api/product/getWebProductById?id=5 [36m304 [0m11.222 ms - -[0m
[0mGET /api/category/main/list [36m304 [0m80.114 ms - -[0m
[0mGET /api/product/list/VETEMENTS [36m304 [0m175.444 ms - -[0m
[0mGET /api/product/getWebProductById?id=5 [36m304 [0m765.159 ms - -[0m
[0mGET /api/product/list/VETEMENTS [36m304 [0m651.504 ms - -[0m
[0mGET /api/product/getWebProductById?id=5 [36m304 [0m18.630 ms - -[0m
[0mGET /api/product/list/VETEMENTS [36m304 [0m529.956 ms - -[0m
[0mGET /api/category/main/list [36m304 [0m10837.889 ms - -[0m
[0mGET /api/product/list/VETEMENTS [36m304 [0m1421.691 ms - -[0m
[0mGET /api/product/list/VETEMENTS [36m304 [0m72.978 ms - -[0m
[0mGET /api/product/list/VETEMENTS [36m304 [0m581.192 ms - -[0m
[0mGET /api/product/list/VETEMENTS [36m304 [0m244.293 ms - -[0m
[0mGET /api/product/getWebProductById?id=1 [36m304 [0m534.064 ms - -[0m
[0mGET /api/customer/getUserByEmailId?email=[object%20Object] [31m500 [0m1259.860 ms - 17[0m
[0mPOST /api/customer/login [32m200 [0m3113.158 ms - 196[0m
[0mGET /api/category/main/list [36m304 [0m60.987 ms - -[0m
[0mGET /api/customer/getUserByEmailId?email=[object%20Object] [31m500 [0m249.891 ms - 17[0m
[0mGET /api/customer/getUserByEmailId?email=[object%20Object] [31m500 [0m18.749 ms - 17[0m
[0mGET /api/customer/getUserByEmailId?email=[object%20Object] [31m500 [0m37.043 ms - 17[0m
[0mGET /api/category/main/list [36m304 [0m1059.011 ms - -[0m
[0mGET /api/customer/getUserByEmailId?email=[object%20Object] [31m500 [0m230.721 ms - 17[0m
[0mPOST /api/customer/login [32m200 [0m1501.282 ms - 196[0m
[0mGET /api/customer/getUserByEmailId?email=[object%20Object] [31m500 [0m53.223 ms - 17[0m
[0mGET /api/category/main/list [36m304 [0m34.653 ms - -[0m
[0mGET /api/customer/getUserByEmailId?email=[object%20Object] [31m500 [0m16.580 ms - 17[0m
[0mGET /api/category/main/list [36m304 [0m19.031 ms - -[0m
[0mGET /api/customer/getUserByEmailId?email=[object%20Object] [31m500 [0m11.756 ms - 17[0m
[0mGET /api/customer/getUserByEmailId?email=[object%20Object] [31m500 [0m95.245 ms - 17[0m
[0mPOST /api/customer/login [32m200 [0m1000.564 ms - 196[0m
[0mGET /api/category/main/list [36m304 [0m9.988 ms - -[0m
[0mGET /api/customer/getUserByEmailId?email=[object%20Object] [31m500 [0m169.334 ms - 17[0m
[0mPOST /api/customer/login [32m200 [0m791.478 ms - 196[0m
[0mGET /api/category/main/list [36m304 [0m148.880 ms - -[0m
[0mGET /api/customer/getUserByEmailId?email=[object%20Object] [31m500 [0m23.137 ms - 17[0m
[0mGET /api/customer/getUserByEmailId?email=[object%20Object] [31m500 [0m55.406 ms - 17[0m
[0mGET /api/customer/getUserByEmailId?email=[object%20Object] [31m500 [0m35.027 ms - 17[0m
[0mPOST /api/customer/login [32m200 [0m1109.744 ms - 196[0m
[0mGET /api/customer/getUserByEmailId?email=[object%20Object] [31m500 [0m106.908 ms - 17[0m
[0mGET /api/customer/getUserByEmailId?email=[object%20Object] [31m500 [0m305.286 ms - 17[0m
[0mGET /api/customer/getUserByEmailId?email=[object%20Object] [31m500 [0m12.162 ms - 17[0m
[0mPOST /api/customer/login [32m200 [0m876.419 ms - 196[0m
[0mGET /api/customer/getUserByEmailId?email=[object%20Object] [31m500 [0m93.541 ms - 17[0m
[0mGET /api/customer/getUserByEmailId?email=[object%20Object] [31m500 [0m128.139 ms - 17[0m
[0mGET /api/customer/getUserByEmailId?email=[object%20Object] [31m500 [0m13.357 ms - 17[0m
[0mPOST /api/customer/login [33m401 [0m3272.279 ms - 40[0m
[0mPOST /api/customer/login [33m401 [0m847.091 ms - 40[0m
[0mGET /api/category/main/list [36m304 [0m9.259 ms - -[0m
[0mGET /api/customer/getUserByEmailId?email=[object%20Object] [31m500 [0m15.816 ms - 17[0m
[0mGET /api/category/main/list [36m304 [0m10.879 ms - -[0m
[0mGET /api/customer/getUserByEmailId?email=[object%20Object] [31m500 [0m12.051 ms - 17[0m
[0mPOST /api/customer/login [33m401 [0m434.339 ms - 40[0m
[0mGET /api/customer/getUserByEmailId?email=[object%20Object] [31m500 [0m81.928 ms - 17[0m
[0mPOST /api/customer/login [32m200 [0m670.704 ms - 196[0m
[0mGET /api/category/main/list [36m304 [0m42.884 ms - -[0m
[0mGET /api/customer/getUserByEmailId?email=[object%20Object] [31m500 [0m171.033 ms - 17[0m
[0mGET /api/category/main/list [36m304 [0m6.980 ms - -[0m
[0mGET /api/customer/getUserByEmailId?email=[object%20Object] [31m500 [0m11.784 ms - 17[0m
[0mGET /api/category/main/list [36m304 [0m5.335 ms - -[0m
[0mGET /api/customer/getUserByEmailId?email=[object%20Object] [31m500 [0m11.398 ms - 17[0m
[0mPOST /api/customer/login [32m200 [0m986.017 ms - 196[0m
[0mGET /api/customer/getUserByEmailId?email=[object%20Object] [31m500 [0m71.315 ms - 17[0m
[0mGET /api/category/main/list [36m304 [0m9.377 ms - -[0m
[0mGET /api/customer/getUserByEmailId?email=[object%20Object] [31m500 [0m13.920 ms - 17[0m
[0mGET /api/customer/getUserByEmailId?email=[object%20Object] [31m500 [0m11.533 ms - 17[0m
[0mGET /api/customer/getUserByEmailId?email=[object%20Object] [31m500 [0m63.556 ms - 17[0m
[0mGET /api/customer/getUserByEmailId?email=[object%20Object] [31m500 [0m11.693 ms - 17[0m
[0mPOST /api/customer/login [32m200 [0m442.254 ms - 196[0m
[0mPOST /api/customer/login [32m200 [0m298.151 ms - 196[0m
[0mGET /api/customer/getUserByEmailId?email=[object%20Object] [31m500 [0m78.605 ms - 17[0m
[0mPOST /api/customer/login [32m200 [0m428.856 ms - 196[0m
[0mGET /api/customer/getUserByEmailId?email=[object%20Object] [31m500 [0m99.804 ms - 17[0m
[0mPOST /api/customer/login [32m200 [0m472.249 ms - 196[0m
[0mGET /api/category/main/list [36m304 [0m32.228 ms - -[0m
[0mGET /api/customer/getUserByEmailId?email=[object%20Object] [31m500 [0m84.764 ms - 17[0m
[0mGET /api/customer/getUserByEmailId?email=[object%20Object] [31m500 [0m35.719 ms - 17[0m
[0mPOST /api/customer/login [32m200 [0m286.510 ms - 196[0m
[0mGET /api/category/main/list [36m304 [0m371.026 ms - -[0m
[0mGET /api/customer/getUserByEmailId?email=[object%20Object] [31m500 [0m25.200 ms - 17[0m
[0mGET /api/category/main/list [36m304 [0m37.837 ms - -[0m
[0mGET /api/customer/getUserByEmailId?email=[object%20Object] [31m500 [0m207.252 ms - 17[0m
[0mGET /api/category/main/list [36m304 [0m90.435 ms - -[0m
[0mGET /api/customer/getUserByEmailId?email=[object%20Object] [31m500 [0m164.283 ms - 17[0m
[0mPOST /api/customer/login [32m200 [0m286.716 ms - 196[0m
[0mGET /api/category/main/list [36m304 [0m12.619 ms - -[0m
[0mGET /api/customer/getUserByEmailId?email=[object%20Object] [31m500 [0m11.151 ms - 17[0m
[0mGET /api/category/main/list [36m304 [0m27.125 ms - -[0m
[0mGET /api/customer/getUserByEmailId?email=[object%20Object] [31m500 [0m75.482 ms - 17[0m
[0mPOST /api/customer/login [32m200 [0m423.580 ms - 196[0m
[0mGET /api/category/main/list [36m304 [0m786.419 ms - -[0m
[0mGET /api/customer/getUserByEmailId?email=[object%20Object] [31m500 [0m8.084 ms - 17[0m
[0mGET /api/customer/getUserByEmailId?email=[object%20Object] [31m500 [0m7.408 ms - 17[0m
[0mGET /api/customer/getUserByEmailId?email=[object%20Object] [31m500 [0m68.906 ms - 17[0m
[0mGET /api/customer/getUserByEmailId?email=[object%20Object] [31m500 [0m188.317 ms - 17[0m
[0mGET /api/customer/getUserByEmailId?email=[object%20Object] [31m500 [0m267.142 ms - 17[0m
[0mPOST /api/customer/login [32m200 [0m1220.522 ms - 196[0m
[0mPOST /api/customer/login [32m200 [0m855.771 ms - 196[0m
[0mGET /api/category/main/list [36m304 [0m8.752 ms - -[0m
[0mGET /api/customer/getUserByEmailId?email=[object%20Object] [31m500 [0m125.379 ms - 17[0m
[0mGET /api/customer/getUserByEmailId?email=fab@gmail.com [32m200 [0m1266.882 ms - 300[0m
[0mPOST /api/customer/login [32m200 [0m1135.281 ms - 196[0m
[0mPOST /api/customer/login [32m200 [0m1413.783 ms - 196[0m
[0mPOST /api/customer/login [32m200 [0m2403.962 ms - 196[0m
[0mPOST /api/customer/login [32m200 [0m1029.585 ms - 196[0m
[0mPOST /api/customer/register [32m200 [0m5194.868 ms - 96[0m
[0mPOST /api/customer/register [32m200 [0m3368.985 ms - 96[0m
[0mPOST /api/customer/register [33m409 [0m1834.730 ms - 38[0m
[0mPOST /api/customer/register [33m409 [0m954.543 ms - 38[0m
[0mPOST /api/customer/register [33m409 [0m1140.167 ms - 38[0m
[0mGET /api/category/main/list [36m304 [0m22.463 ms - -[0m
[0mGET /api/category/main/list [36m304 [0m102.398 ms - -[0m
[0mPOST /api/customer/register [32m200 [0m2478.602 ms - 96[0m
[0mPOST /api/customer/register [32m200 [0m1376.196 ms - 96[0m
[0mPOST /api/customer/register [33m409 [0m1379.171 ms - 38[0m
[0mPOST /api/customer/register [32m200 [0m1341.837 ms - 95[0m
[0mGET /api/category/main/list [36m304 [0m66.935 ms - -[0m
[0mPOST /api/customer/register [32m200 [0m9247.127 ms - 95[0m
[0mPOST /api/customer/register [33m409 [0m1286.644 ms - 38[0m
[0mPOST /api/customer/register [33m409 [0m1241.653 ms - 38[0m
[0mPOST /api/customer/login [32m200 [0m1007.534 ms - 196[0m
[0mPOST /api/customer/login [32m200 [0m961.957 ms - 196[0m
[0mGET /api/product/list/VETEMENTS [36m304 [0m105.899 ms - -[0m
[0mGET /api/product/getWebProductById?id=5 [36m304 [0m47.452 ms - -[0m
[0mGET /produit/1697602143219ENST.jpg [32m200 [0m11022.452 ms - 4600[0m
[0mGET /api/category/main/list [32m200 [0m3017.060 ms - 696[0m
[0mGET /produit/1695989601836C2.jpg [32m200 [0m233.767 ms - 8412[0m
[0mGET /produit/1695989675538cas.jpg [32m200 [0m308.851 ms - 3513[0m
[0mGET /produit/1696998821128ARR5.jpg [32m200 [0m967.631 ms - 3588[0m
[0mGET /produit/1695989763210acc1.jpg [32m200 [0m167.581 ms - 7482[0m
[0mGET /api/product/getWebProductById?id=5 [36m304 [0m718.168 ms - -[0m
[0mGET /api/category/main/list [36m304 [0m11400.106 ms - -[0m
[0mGET /api/product/list/VETEMENTS [36m304 [0m4913.658 ms - -[0m
[0mGET /api/product/getWebProductById?id=5 [36m304 [0m372.725 ms - -[0m
[0mGET /api/product/getWebProductById?id=5 [36m304 [0m181.410 ms - -[0m
[0mGET /api/product/getWebProductById?id=5 [36m304 [0m291.652 ms - -[0m
[0mGET /api/product/getWebProductById?id=5 [36m304 [0m59.245 ms - -[0m
[0mGET /api/product/getWebProductById?id=5 [36m304 [0m23.770 ms - -[0m
[0mGET /api/product/getWebProductById?id=5 [36m304 [0m340.611 ms - -[0m
[0mGET /api/product/getWebProductById?id=5 [36m304 [0m78.470 ms - -[0m
[0mGET /api/product/getWebProductById?id=5 [36m304 [0m2121.201 ms - -[0m
[0mGET /api/product/getWebProductById?id=5 [36m304 [0m266.843 ms - -[0m
[0mGET /api/product/getWebProductById?id=5 [36m304 [0m276.545 ms - -[0m
[0mGET /api/product/getWebProductById?id=5 [36m304 [0m71.546 ms - -[0m
[0mGET /api/category/main/list [32m200 [0m4543.317 ms - 696[0m
[0mGET /produit/1695989601836C2.jpg [32m200 [0m2693.184 ms - 8412[0m
[0mGET /produit/1695989763210acc1.jpg [32m200 [0m2706.416 ms - 7482[0m
[0mGET /produit/1696998821128ARR5.jpg [32m200 [0m2747.695 ms - 3588[0m
[0mGET /produit/1695989675538cas.jpg [32m200 [0m2741.441 ms - 3513[0m
[0mGET /api/category/main/list [36m304 [0m228.053 ms - -[0m
[0mGET /api/product/list/VETEMENTS [36m304 [0m2623.106 ms - -[0m
[0mGET /api/product/getWebProductById?id=5 [36m304 [0m171.188 ms - -[0m
