[0mGET /api/category/main/list [36m304 [0m9523.658 ms - -[0m
[0mGET /api/product/getAllGroceryStaple [36m304 [0m2226.575 ms - -[0m
[0mGET /produit/1695989763210acc1.jpg [36m304 [0m3166.824 ms - -[0m
[0mGET /produit/1695989511160e3.jpg [36m304 [0m1718.410 ms - -[0m
[0mGET /produit/1695989675538cas.jpg [36m304 [0m1579.415 ms - -[0m
[0mGET /produit/1695989601836C2.jpg [36m304 [0m1468.857 ms - -[0m
[0mGET /produit/1695990880479SACS.jpg [36m304 [0m1268.165 ms - -[0m
[0mGET /produit/1695991260175tap1.jpg [36m304 [0m2201.866 ms - -[0m
[0mGET /produit/1695754614263T1.jpg [36m304 [0m411.734 ms - -[0m
[0mGET /produit/1695754196334ENST.jpg [36m304 [0m514.913 ms - -[0m
[0mGET /produit/1695752820497e3.jpg [36m304 [0m510.177 ms - -[0m
[0mGET /produit/1695753661047tap3.jpg [36m304 [0m498.418 ms - -[0m
[0mGET /produit/1695991466032ENS3.jpg [36m304 [0m448.906 ms - -[0m
[0mGET /api/category/cn/list?name=VETEMENTS [36m304 [0m2456.201 ms - -[0m
[0mGET /api/product/list/VETEMENTS [36m304 [0m2268.514 ms - -[0m
[0mGET /produit/1695747027807TS1.jpg [36m304 [0m15.005 ms - -[0m
[0mGET /api/product/getWebProductById?id=1 [32m200 [0m285.776 ms - 685[0m
[0mGET /produit/1695751668068ARR32.jpg [36m304 [0m9.010 ms - -[0m
[0mGET /produit/1695934819282TS5.jpg [32m200 [0m255.444 ms - 4909[0m
[0mGET /produit/1696020142327TS1.jpg [32m200 [0m1554.778 ms - 4327[0m
[0mGET /produit/1695940802934TS3.jpg [32m200 [0m1486.337 ms - 2846[0m
[0mGET /produit/1695934506632TS2.jpg [32m200 [0m2119.093 ms - 1406[0m
[0mGET /api/product/getAllGroceryStaple [36m304 [0m113.065 ms - -[0m
[0mGET /produit/1695991466032ENS3.jpg [36m304 [0m117.965 ms - -[0m
[0mGET /produit/1695754614263T1.jpg [36m304 [0m8.982 ms - -[0m
[0mGET /produit/1695990880479SACS.jpg [36m304 [0m9.956 ms - -[0m
[0mGET /produit/1695991260175tap1.jpg [36m304 [0m1155.055 ms - -[0m
[0mGET /produit/1695754196334ENST.jpg [36m304 [0m534.744 ms - -[0m
[0mGET /produit/1695753661047tap3.jpg [36m304 [0m32.308 ms - -[0m
[0mGET /produit/1695747027807TS1.jpg [36m304 [0m24.205 ms - -[0m
[0mGET /produit/1695751668068ARR32.jpg [36m304 [0m376.048 ms - -[0m
[0mGET /produit/1695752820497e3.jpg [36m304 [0m13.956 ms - -[0m
[0mGET /api/product/getAllGroceryStaple [36m304 [0m276.114 ms - -[0m
[0mGET /api/category/main/list [36m304 [0m59.457 ms - -[0m
[0mGET /produit/1695989601836C2.jpg [36m304 [0m334.203 ms - -[0m
[0mGET /produit/1695989675538cas.jpg [36m304 [0m322.941 ms - -[0m
[0mGET /produit/1695989511160e3.jpg [36m304 [0m112.767 ms - -[0m
[0mGET /produit/1695989763210acc1.jpg [36m304 [0m110.962 ms - -[0m
[0mGET /api/category/cn/list?name=VETEMENTS [36m304 [0m117.553 ms - -[0m
[0mGET /api/product/list/VETEMENTS [36m304 [0m15401.834 ms - -[0m
[0mGET /api/product/getWebProductById?id=1 [36m304 [0m101.055 ms - -[0m
[0mGET /produit/1695934506632TS2.jpg [36m304 [0m85.399 ms - -[0m
[0mGET /produit/1695940802934TS3.jpg [36m304 [0m37.586 ms - -[0m
[0mGET /produit/1695934819282TS5.jpg [36m304 [0m35.832 ms - -[0m
[0mGET /produit/1696020142327TS1.jpg [36m304 [0m37.817 ms - -[0m
[0mGET /api/product/getWebProductById?id=1 [36m304 [0m591.199 ms - -[0m
[0mGET /produit/1695754196334ENST.jpg [36m304 [0m11.735 ms - -[0m
[0mGET /api/product/getWebProductById?id=1 [36m304 [0m1524.798 ms - -[0m
[0mGET /api/customer/getUserByEmailId?email=alice@gmail.com [36m304 [0m783.943 ms - -[0m
[0mGET /produit/1696020142327TS1.jpg [36m304 [0m35.493 ms - -[0m
[0mGET /produit/1695934506632TS2.jpg [36m304 [0m25.888 ms - -[0m
[0mGET /produit/1695934819282TS5.jpg [36m304 [0m44.209 ms - -[0m
[0mGET /produit/1695940802934TS3.jpg [36m304 [0m37.673 ms - -[0m
[0mGET /api/product/getWebProductById?id=1 [36m304 [0m62.018 ms - -[0m
[0mGET /api/product/getWebProductById?id=1 [36m304 [0m31.267 ms - -[0m
[0mGET /produit/1695754196334ENST.jpg [36m304 [0m1752.103 ms - -[0m
[0mGET /api/product/getWebProductById?id=1 [36m304 [0m4229.079 ms - -[0m
[0mGET /api/customer/getUserByEmailId?email=alice@gmail.com [36m304 [0m1804.456 ms - -[0m
[0mGET /produit/1696020142327TS1.jpg [36m304 [0m248.361 ms - -[0m
[0mGET /produit/1695934506632TS2.jpg [36m304 [0m172.141 ms - -[0m
[0mGET /produit/1695934819282TS5.jpg [36m304 [0m165.532 ms - -[0m
[0mGET /produit/1695940802934TS3.jpg [36m304 [0m162.338 ms - -[0m
[0mGET /produit/1695754196334ENST.jpg [36m304 [0m3356.395 ms - -[0m
[0mGET /api/product/getWebProductById?id=1 [36m304 [0m442.090 ms - -[0m
[0mGET /api/customer/getUserByEmailId?email=alice@gmail.com [36m304 [0m1181.886 ms - -[0m
[0mGET /produit/1695934506632TS2.jpg [36m304 [0m238.311 ms - -[0m
[0mGET /produit/1695934819282TS5.jpg [36m304 [0m229.237 ms - -[0m
[0mGET /produit/1695940802934TS3.jpg [36m304 [0m97.391 ms - -[0m
[0mGET /produit/1696020142327TS1.jpg [36m304 [0m344.340 ms - -[0m
[0mGET /api/product/getWebProductById?id=1 [36m304 [0m726.855 ms - -[0m
[0mGET /api/customer/getUserByEmailId?email=alice@gmail.com [36m304 [0m713.389 ms - -[0m
[0mGET /produit/1695754196334ENST.jpg [36m304 [0m26.395 ms - -[0m
[0mGET /produit/1695940802934TS3.jpg [36m304 [0m305.674 ms - -[0m
[0mGET /produit/1695934819282TS5.jpg [36m304 [0m267.076 ms - -[0m
[0mGET /produit/1695934506632TS2.jpg [36m304 [0m200.058 ms - -[0m
[0mGET /produit/1696020142327TS1.jpg [36m304 [0m64.910 ms - -[0m
[0mGET /api/product/getWebProductById?id=1 [36m304 [0m161.116 ms - -[0m
[0mGET /produit/1695754196334ENST.jpg [36m304 [0m43.137 ms - -[0m
[0mGET /api/product/getWebProductById?id=1 [36m304 [0m380.801 ms - -[0m
[0mGET /api/customer/getUserByEmailId?email=alice@gmail.com [36m304 [0m683.543 ms - -[0m
[0mGET /produit/1696020142327TS1.jpg [36m304 [0m84.307 ms - -[0m
[0mGET /produit/1695934506632TS2.jpg [36m304 [0m66.175 ms - -[0m
[0mGET /produit/1695934819282TS5.jpg [36m304 [0m56.530 ms - -[0m
[0mGET /produit/1695940802934TS3.jpg [36m304 [0m29.772 ms - -[0m
[0mGET /api/product/getWebProductById?id=1 [36m304 [0m549.991 ms - -[0m
[0mGET /api/customer/getUserByEmailId?email=alice@gmail.com [36m304 [0m396.732 ms - -[0m
[0mGET /produit/1695934819282TS5.jpg [36m304 [0m73.555 ms - -[0m
[0mGET /produit/1695940802934TS3.jpg [36m304 [0m63.372 ms - -[0m
[0mGET /produit/1695934506632TS2.jpg [36m304 [0m45.451 ms - -[0m
[0mGET /produit/1696020142327TS1.jpg [36m304 [0m186.381 ms - -[0m
[0mGET /produit/1695754196334ENST.jpg [36m304 [0m10.266 ms - -[0m
[0mGET /api/product/getWebProductById?id=1 [36m304 [0m147.413 ms - -[0m
[0mGET /api/product/getWebProductById?id=1 [36m304 [0m359.340 ms - -[0m
[0mGET /api/product/getWebProductById?id=1 [36m304 [0m459.876 ms - -[0m
[0mGET /api/customer/getUserByEmailId?email=alice@gmail.com [36m304 [0m656.481 ms - -[0m
[0mGET /api/product/getWebProductById?id=1 [36m304 [0m103.910 ms - -[0m
[0mGET /api/customer/getUserByEmailId?email=alice@gmail.com [36m304 [0m133.750 ms - -[0m
[0mGET /api/product/getWebProductById?id=1 [36m304 [0m45.868 ms - -[0m
[0mGET /api/customer/getUserByEmailId?email=alice@gmail.com [36m304 [0m292.714 ms - -[0m
[0mGET /produit/1695754196334ENST.jpg [36m304 [0m113.712 ms - -[0m
[0mGET /api/product/getWebProductById?id=1 [36m304 [0m157.638 ms - -[0m
[0mGET /api/customer/getUserByEmailId?email=alice@gmail.com [36m304 [0m208.161 ms - -[0m
[0mGET /produit/1696020142327TS1.jpg [36m304 [0m55.225 ms - -[0m
[0mGET /produit/1695934506632TS2.jpg [36m304 [0m45.898 ms - -[0m
[0mGET /produit/1695934819282TS5.jpg [36m304 [0m46.755 ms - -[0m
[0mGET /produit/1695940802934TS3.jpg [36m304 [0m26.126 ms - -[0m
[0mGET /api/product/getWebProductById?id=1 [36m304 [0m209.261 ms - -[0m
[0mGET /api/product/getWebProductById?id=1 [36m304 [0m390.627 ms - -[0m
[0mGET /produit/1695754196334ENST.jpg [36m304 [0m66.058 ms - -[0m
[0mGET /api/product/getWebProductById?id=1 [36m304 [0m777.035 ms - -[0m
[0mGET /api/customer/getUserByEmailId?email=alice@gmail.com [36m304 [0m803.774 ms - -[0m
[0mGET /produit/1696020142327TS1.jpg [36m304 [0m315.658 ms - -[0m
[0mGET /produit/1695934506632TS2.jpg [36m304 [0m301.866 ms - -[0m
[0mGET /produit/1695934819282TS5.jpg [36m304 [0m289.916 ms - -[0m
[0mGET /produit/1695940802934TS3.jpg [36m304 [0m280.714 ms - -[0m
[0mGET /produit/1695754196334ENST.jpg [36m304 [0m44.412 ms - -[0m
[0mGET /api/product/getWebProductById?id=1 [36m304 [0m475.987 ms - -[0m
[0mGET /api/customer/getUserByEmailId?email=alice@gmail.com [36m304 [0m319.806 ms - -[0m
[0mGET /produit/1696020142327TS1.jpg [36m304 [0m100.070 ms - -[0m
[0mGET /produit/1695934819282TS5.jpg [36m304 [0m90.728 ms - -[0m
[0mGET /produit/1695934506632TS2.jpg [36m304 [0m87.714 ms - -[0m
[0mGET /produit/1695940802934TS3.jpg [36m304 [0m85.293 ms - -[0m
[0mGET /produit/1695754196334ENST.jpg [36m304 [0m11.988 ms - -[0m
[0mGET /api/product/getWebProductById?id=1 [36m304 [0m299.773 ms - -[0m
[0mGET /api/customer/getUserByEmailId?email=alice@gmail.com [36m304 [0m195.105 ms - -[0m
[0mGET /produit/1696020142327TS1.jpg [36m304 [0m136.261 ms - -[0m
[0mGET /produit/1695934819282TS5.jpg [36m304 [0m126.011 ms - -[0m
[0mGET /produit/1695934506632TS2.jpg [36m304 [0m121.093 ms - -[0m
[0mGET /produit/1695940802934TS3.jpg [36m304 [0m128.064 ms - -[0m
[0mGET /produit/1695754196334ENST.jpg [36m304 [0m11.187 ms - -[0m
[0mGET /api/product/getWebProductById?id=1 [36m304 [0m283.953 ms - -[0m
[0mGET /api/customer/getUserByEmailId?email=alice@gmail.com [36m304 [0m403.103 ms - -[0m
[0mGET /produit/1696020142327TS1.jpg [36m304 [0m102.395 ms - -[0m
[0mGET /produit/1695934506632TS2.jpg [36m304 [0m92.933 ms - -[0m
[0mGET /produit/1695934819282TS5.jpg [36m304 [0m88.328 ms - -[0m
[0mGET /produit/1695940802934TS3.jpg [36m304 [0m67.136 ms - -[0m
[0mGET /produit/1695754196334ENST.jpg [36m304 [0m12.776 ms - -[0m
[0mGET /api/product/getWebProductById?id=1 [36m304 [0m410.960 ms - -[0m
[0mGET /api/customer/getUserByEmailId?email=alice@gmail.com [36m304 [0m371.749 ms - -[0m
[0mGET /produit/1696020142327TS1.jpg [36m304 [0m20.428 ms - -[0m
[0mGET /produit/1695934506632TS2.jpg [36m304 [0m15.536 ms - -[0m
[0mGET /produit/1695934819282TS5.jpg [36m304 [0m363.617 ms - -[0m
[0mGET /produit/1695940802934TS3.jpg [36m304 [0m122.017 ms - -[0m
[0mGET /produit/1695754196334ENST.jpg [36m304 [0m11.332 ms - -[0m
[0mGET /api/product/getWebProductById?id=1 [36m304 [0m186.173 ms - -[0m
[0mGET /api/customer/getUserByEmailId?email=alice@gmail.com [36m304 [0m171.920 ms - -[0m
[0mGET /produit/1695754196334ENST.jpg [36m304 [0m508.905 ms - -[0m
[0mGET /api/product/getWebProductById?id=1 [36m304 [0m582.631 ms - -[0m
[0mGET /api/customer/getUserByEmailId?email=alice@gmail.com [36m304 [0m459.222 ms - -[0m
[0mGET /produit/1696020142327TS1.jpg [36m304 [0m9.999 ms - -[0m
[0mGET /produit/1695934506632TS2.jpg [36m304 [0m9.450 ms - -[0m
[0mGET /produit/1695934819282TS5.jpg [36m304 [0m351.748 ms - -[0m
[0mGET /produit/1695940802934TS3.jpg [36m304 [0m348.053 ms - -[0m
[0mGET /produit/1695754196334ENST.jpg [36m304 [0m10.946 ms - -[0m
[0mGET /api/product/getWebProductById?id=1 [36m304 [0m101.902 ms - -[0m
[0mGET /api/customer/getUserByEmailId?email=alice@gmail.com [36m304 [0m382.077 ms - -[0m
[0mGET /produit/1696020142327TS1.jpg [36m304 [0m46.175 ms - -[0m
[0mGET /produit/1695934506632TS2.jpg [36m304 [0m41.207 ms - -[0m
[0mGET /produit/1695934819282TS5.jpg [36m304 [0m36.451 ms - -[0m
[0mGET /produit/1695940802934TS3.jpg [36m304 [0m32.982 ms - -[0m
[0mGET /api/product/getWebProductById?id=1 [36m304 [0m226.224 ms - -[0m
[0mGET /produit/1695754196334ENST.jpg [36m304 [0m11.784 ms - -[0m
[0mGET /api/product/getWebProductById?id=1 [36m304 [0m271.768 ms - -[0m
[0mGET /produit/1696020142327TS1.jpg [36m304 [0m204.819 ms - -[0m
[0mGET /produit/1695934819282TS5.jpg [36m304 [0m199.005 ms - -[0m
[0mGET /produit/1695934506632TS2.jpg [36m304 [0m197.303 ms - -[0m
[0mGET /produit/1695940802934TS3.jpg [36m304 [0m182.388 ms - -[0m
[0mGET /api/customer/getUserByEmailId?email=alice@gmail.com [36m304 [0m885.589 ms - -[0m
[0mGET /api/product/getWebProductById?id=1 [36m304 [0m457.113 ms - -[0m
[0mGET /api/product/getWebProductById?id=1 [36m304 [0m65.225 ms - -[0m
[0mGET /api/product/getWebProductById?id=1 [36m304 [0m299.849 ms - -[0m
[0mGET /api/product/getWebProductById?id=1 [36m304 [0m94.037 ms - -[0m
[0mGET /produit/1695754196334ENST.jpg [36m304 [0m13.210 ms - -[0m
[0mGET /api/product/getWebProductById?id=1 [36m304 [0m586.993 ms - -[0m
[0mGET /api/customer/getUserByEmailId?email=alice@gmail.com [36m304 [0m237.921 ms - -[0m
[0mGET /produit/1696020142327TS1.jpg [36m304 [0m163.006 ms - -[0m
[0mGET /produit/1695934506632TS2.jpg [36m304 [0m155.149 ms - -[0m
[0mGET /produit/1695934819282TS5.jpg [36m304 [0m162.189 ms - -[0m
[0mGET /produit/1695940802934TS3.jpg [36m304 [0m146.482 ms - -[0m
[0mGET /api/product/getWebProductById?id=1 [36m304 [0m164.288 ms - -[0m
[0mGET /api/product/getWebProductById?id=1 [36m304 [0m149.933 ms - -[0m
[0mGET /api/product/getWebProductById?id=1 [36m304 [0m222.777 ms - -[0m
[0mGET /produit/1695754196334ENST.jpg [36m304 [0m12.747 ms - -[0m
[0mGET /api/product/getWebProductById?id=1 [36m304 [0m317.530 ms - -[0m
[0mGET /api/customer/getUserByEmailId?email=alice@gmail.com [36m304 [0m217.246 ms - -[0m
[0mGET /produit/1696020142327TS1.jpg [36m304 [0m211.773 ms - -[0m
[0mGET /produit/1695934506632TS2.jpg [36m304 [0m202.196 ms - -[0m
[0mGET /produit/1695940802934TS3.jpg [36m304 [0m201.876 ms - -[0m
[0mGET /produit/1695934819282TS5.jpg [36m304 [0m200.297 ms - -[0m
[0mGET /produit/1695754196334ENST.jpg [36m304 [0m10.780 ms - -[0m
[0mGET /api/product/getWebProductById?id=1 [36m304 [0m161.815 ms - -[0m
[0mGET /produit/1696020142327TS1.jpg [36m304 [0m22.364 ms - -[0m
[0mGET /api/customer/getUserByEmailId?email=alice@gmail.com [36m304 [0m492.129 ms - -[0m
[0mGET /produit/1695934819282TS5.jpg [36m304 [0m22.582 ms - -[0m
[0mGET /produit/1695940802934TS3.jpg [36m304 [0m22.996 ms - -[0m
[0mGET /produit/1695934506632TS2.jpg [36m304 [0m44.836 ms - -[0m
[0mGET /api/product/getWebProductById?id=1 [36m304 [0m134.845 ms - -[0m
[0mGET /api/product/getWebProductById?id=1 [36m304 [0m90.728 ms - -[0m
[0mGET /produit/1695754196334ENST.jpg [36m304 [0m11.606 ms - -[0m
[0mGET /api/product/getWebProductById?id=1 [36m304 [0m483.701 ms - -[0m
[0mGET /api/customer/getUserByEmailId?email=alice@gmail.com [36m304 [0m276.366 ms - -[0m
[0mGET /produit/1696020142327TS1.jpg [36m304 [0m482.780 ms - -[0m
[0mGET /produit/1695934506632TS2.jpg [36m304 [0m437.081 ms - -[0m
[0mGET /produit/1695934819282TS5.jpg [36m304 [0m435.947 ms - -[0m
[0mGET /produit/1695940802934TS3.jpg [36m304 [0m100.018 ms - -[0m
[0mGET /api/product/getWebProductById?id=1 [36m304 [0m378.288 ms - -[0m
[0mGET /api/product/getWebProductById?id=1 [36m304 [0m289.425 ms - -[0m
[0mGET /api/product/getWebProductById?id=1 [36m304 [0m131.740 ms - -[0m
[0mGET /api/product/getWebProductById?id=1 [36m304 [0m162.523 ms - -[0m
[0mGET /api/customer/getUserByEmailId?email=alice@gmail.com [36m304 [0m124.138 ms - -[0m
[0mGET /produit/1695754196334ENST.jpg [36m304 [0m9.563 ms - -[0m
[0mGET /api/product/getWebProductById?id=1 [36m304 [0m214.775 ms - -[0m
[0mGET /api/customer/getUserByEmailId?email=alice@gmail.com [36m304 [0m458.668 ms - -[0m
[0mGET /produit/1696020142327TS1.jpg [36m304 [0m145.665 ms - -[0m
[0mGET /produit/1695934506632TS2.jpg [36m304 [0m48.372 ms - -[0m
[0mGET /produit/1695934819282TS5.jpg [36m304 [0m75.094 ms - -[0m
[0mGET /produit/1695940802934TS3.jpg [36m304 [0m72.307 ms - -[0m
[0mGET /produit/1695754196334ENST.jpg [36m304 [0m62.817 ms - -[0m
[0mGET /api/product/getWebProductById?id=1 [36m304 [0m2152.660 ms - -[0m
[0mGET /api/customer/getUserByEmailId?email=alice@gmail.com [36m304 [0m2660.681 ms - -[0m
[0mGET /produit/1696020142327TS1.jpg [36m304 [0m112.816 ms - -[0m
[0mGET /produit/1695934506632TS2.jpg [36m304 [0m197.715 ms - -[0m
[0mGET /produit/1695940802934TS3.jpg [36m304 [0m199.195 ms - -[0m
[0mGET /produit/1695934819282TS5.jpg [36m304 [0m190.737 ms - -[0m
[0mGET /api/product/getWebProductById?id=1 [36m304 [0m658.520 ms - -[0m
[0mGET /api/product/getAllGroceryStaple [36m304 [0m1721.060 ms - -[0m
[0mGET /api/category/main/list [36m304 [0m2303.142 ms - -[0m
[0mGET /produit/1695989511160e3.jpg [36m304 [0m9.272 ms - -[0m
[0mGET /produit/1695989601836C2.jpg [36m304 [0m13.771 ms - -[0m
[0mGET /produit/1695989675538cas.jpg [36m304 [0m106.872 ms - -[0m
[0mGET /produit/1695989763210acc1.jpg [36m304 [0m105.468 ms - -[0m
[0mGET /produit/1695991466032ENS3.jpg [36m304 [0m296.817 ms - -[0m
[0mGET /produit/1695991260175tap1.jpg [36m304 [0m308.066 ms - -[0m
[0mGET /produit/1695990880479SACS.jpg [36m304 [0m147.910 ms - -[0m
[0mGET /produit/1695754614263T1.jpg [36m304 [0m162.493 ms - -[0m
[0mGET /produit/1695753661047tap3.jpg [36m304 [0m162.350 ms - -[0m
[0mGET /produit/1695752820497e3.jpg [36m304 [0m184.004 ms - -[0m
[0mGET /produit/1695751668068ARR32.jpg [36m304 [0m227.678 ms - -[0m
[0mGET /produit/1695747027807TS1.jpg [36m304 [0m66.509 ms - -[0m
[0mGET /api/product/getWebProductById?id=5 [36m304 [0m332.155 ms - -[0m
[0mGET /produit/1696020094574ENST.jpg [36m304 [0m17.192 ms - -[0m
[0mGET /produit/1695941364451ENSY.jpg [36m304 [0m98.110 ms - -[0m
[0mGET /produit/1695991670018ENS4.jpg [36m304 [0m106.303 ms - -[0m
[0mGET /api/category/main/list [36m304 [0m325.215 ms - -[0m
[0mGET /api/product/getAllGroceryStaple [36m304 [0m457.212 ms - -[0m
[0mGET /produit/1695989511160e3.jpg [36m304 [0m232.018 ms - -[0m
[0mGET /produit/1695989601836C2.jpg [36m304 [0m199.022 ms - -[0m
[0mGET /produit/1695989675538cas.jpg [36m304 [0m172.043 ms - -[0m
[0mGET /produit/1695989763210acc1.jpg [36m304 [0m178.712 ms - -[0m
[0mGET /produit/1695991466032ENS3.jpg [36m304 [0m27.035 ms - -[0m
[0mGET /produit/1695991260175tap1.jpg [36m304 [0m108.482 ms - -[0m
[0mGET /produit/1695754196334ENST.jpg [36m304 [0m243.121 ms - -[0m
[0mGET /produit/1695754614263T1.jpg [36m304 [0m378.779 ms - -[0m
[0mGET /produit/1695990880479SACS.jpg [36m304 [0m335.861 ms - -[0m
[0mGET /produit/1695753661047tap3.jpg [36m304 [0m331.720 ms - -[0m
[0mGET /produit/1695752820497e3.jpg [36m304 [0m6168.133 ms - -[0m
[0mGET /produit/1695751668068ARR32.jpg [36m304 [0m4692.044 ms - -[0m
[0mGET /produit/1695747027807TS1.jpg [36m304 [0m1746.951 ms - -[0m
[0mGET /api/product/getWebProductById?id=5 [36m304 [0m2268.648 ms - -[0m
[0mGET /produit/1696020094574ENST.jpg [36m304 [0m107.959 ms - -[0m
[0mGET /produit/1695941364451ENSY.jpg [36m304 [0m108.149 ms - -[0m
[0mGET /produit/1695991670018ENS4.jpg [36m304 [0m82.469 ms - -[0m
[0mGET /produit/1695754196334ENST.jpg [36m304 [0m11.638 ms - -[0m
[0mGET /api/customer/getUserByEmailId?email=alice@gmail.com [36m304 [0m212.028 ms - -[0m
[0mGET /api/category/main/list [36m304 [0m202.759 ms - -[0m
[0mGET /api/product/getAllGroceryStaple [36m304 [0m313.203 ms - -[0m
[0mGET /produit/1695989511160e3.jpg [36m304 [0m9.550 ms - -[0m
[0mGET /produit/1695989601836C2.jpg [36m304 [0m50.837 ms - -[0m
[0mGET /produit/1695989675538cas.jpg [36m304 [0m57.421 ms - -[0m
[0mGET /produit/1695989763210acc1.jpg [36m304 [0m105.812 ms - -[0m
[0mGET /produit/1695991466032ENS3.jpg [36m304 [0m41.991 ms - -[0m
[0mGET /produit/1695991260175tap1.jpg [36m304 [0m37.096 ms - -[0m
[0mGET /produit/1695990880479SACS.jpg [36m304 [0m49.256 ms - -[0m
[0mGET /produit/1695754614263T1.jpg [36m304 [0m151.011 ms - -[0m
[0mGET /produit/1695753661047tap3.jpg [36m304 [0m167.672 ms - -[0m
[0mGET /produit/1695752820497e3.jpg [36m304 [0m162.875 ms - -[0m
[0mGET /produit/1695751668068ARR32.jpg [36m304 [0m32.496 ms - -[0m
[0mGET /produit/1695747027807TS1.jpg [36m304 [0m22.572 ms - -[0m
[0mGET /api/product/getAllGroceryStaple [36m304 [0m87.472 ms - -[0m
[0mGET /api/category/main/list [31m500 [0m845.287 ms - 3961[0m
[0mGET /api/product/getAllGroceryStaple [31m500 [0m875.412 ms - 3960[0m
[0mGET /produit/1695502817176img-9.jpg [32m200 [0m379.978 ms - 13019[0m
[0mGET /produit/16952299068182.jpg [32m200 [0m469.527 ms - 3224[0m
[0mGET /produit/1695057678292img-8.jpg [32m200 [0m430.943 ms - 7293[0m
[0mGET /produit/16952299068182.jpg [36m304 [0m83.719 ms - -[0m
[0mGET /produit/1695057678292img-8.jpg [36m304 [0m81.374 ms - -[0m
[0mGET /produit/1695502817176img-9.jpg [36m304 [0m90.838 ms - -[0m
[0mGET /api/category/main/list [32m200 [0m402.335 ms - 694[0m
[0mGET /api/product/getAllGroceryStaple [32m200 [0m464.738 ms - 2983[0m
[0mGET /produit/1695989601836C2.jpg [32m200 [0m67.939 ms - 8412[0m
[0mGET /produit/1695989511160e3.jpg [32m200 [0m86.255 ms - 7440[0m
[0mGET /produit/1695989675538cas.jpg [32m200 [0m84.097 ms - 3513[0m
[0mGET /produit/1695989763210acc1.jpg [32m200 [0m100.235 ms - 7482[0m
[0mGET /produit/1695754614263T1.jpg [32m200 [0m76.748 ms - 9012[0m
[0mGET /produit/1695991466032ENS3.jpg [32m200 [0m121.424 ms - 4942[0m
[0mGET /produit/1695753661047tap3.jpg [32m200 [0m87.907 ms - 9338[0m
[0mGET /produit/1695991260175tap1.jpg [32m200 [0m115.194 ms - 3388[0m
[0mGET /produit/1695990880479SACS.jpg [32m200 [0m114.159 ms - 7551[0m
[0mGET /produit/1695754196334ENST.jpg [32m200 [0m185.189 ms - 4600[0m
[0mGET /produit/1695752820497e3.jpg [32m200 [0m114.251 ms - 7440[0m
[0mGET /produit/1695751668068ARR32.jpg [32m200 [0m129.200 ms - 1907[0m
[0mGET /produit/1695747027807TS1.jpg [32m200 [0m121.179 ms - 4327[0m
[0mGET /api/category/cn/list?name=VETEMENTS [32m200 [0m1315.183 ms - 1597[0m
[0mGET /api/product/list/VETEMENTS [32m200 [0m1083.275 ms - 2130[0m
[0mGET /api/product/getWebProductById?id=5 [32m200 [0m129.160 ms - 607[0m
[0mGET /produit/1696020094574ENST.jpg [32m200 [0m129.715 ms - 4600[0m
[0mGET /produit/1695941364451ENSY.jpg [32m200 [0m152.992 ms - 8789[0m
[0mGET /produit/1695991670018ENS4.jpg [32m200 [0m167.919 ms - 6872[0m
[0mGET /produit/1695754196334ENST.jpg [36m304 [0m7.485 ms - -[0m
[0mGET /api/product/getWebProductById?id=5 [36m304 [0m19.662 ms - -[0m
[0mGET /api/category/main/list [32m200 [0m18.188 ms - 694[0m
[0mGET /api/product/getAllGroceryStaple [32m200 [0m129.118 ms - 2983[0m
[0mGET /produit/1695989511160e3.jpg [32m200 [0m45.609 ms - 7440[0m
[0mGET /produit/1695989763210acc1.jpg [32m200 [0m42.240 ms - 7482[0m
[0mGET /produit/1695989675538cas.jpg [32m200 [0m58.200 ms - 3513[0m
[0mGET /produit/1695989601836C2.jpg [32m200 [0m75.106 ms - 8412[0m
[0mGET /produit/1695991466032ENS3.jpg [32m200 [0m39.247 ms - 4942[0m
[0mGET /produit/1695990880479SACS.jpg [32m200 [0m32.915 ms - 7551[0m
[0mGET /produit/1695991260175tap1.jpg [32m200 [0m42.849 ms - 3388[0m
[0mGET /produit/1695752820497e3.jpg [32m200 [0m44.615 ms - 7440[0m
[0mGET /produit/1695754614263T1.jpg [32m200 [0m61.637 ms - 9012[0m
[0mGET /produit/1695753661047tap3.jpg [32m200 [0m76.987 ms - 9338[0m
[0mGET /produit/1695754196334ENST.jpg [32m200 [0m72.527 ms - 4600[0m
[0mGET /produit/1695751668068ARR32.jpg [32m200 [0m102.021 ms - 1907[0m
[0mGET /produit/1695747027807TS1.jpg [32m200 [0m93.653 ms - 4327[0m
[0mGET /api/category/cn/list?name=VETEMENTS [32m200 [0m106.203 ms - 1597[0m
[0mGET /api/product/list/VETEMENTS [32m200 [0m113.393 ms - 2130[0m
[0mGET /api/product/getWebProductById?id=5 [32m200 [0m27.734 ms - 607[0m
[0mGET /produit/1696020094574ENST.jpg [32m200 [0m37.623 ms - 4600[0m
[0mGET /produit/1695941364451ENSY.jpg [32m200 [0m41.434 ms - 8789[0m
[0mGET /produit/1695991670018ENS4.jpg [32m200 [0m46.511 ms - 6872[0m
[0mGET /produit/1695754196334ENST.jpg [36m304 [0m4.271 ms - -[0m
[0mGET /api/product/getAllGroceryStaple [36m304 [0m21.225 ms - -[0m
[0mGET /produit/1695991466032ENS3.jpg [36m304 [0m25.292 ms - -[0m
[0mGET /produit/1695991260175tap1.jpg [36m304 [0m28.345 ms - -[0m
[0mGET /produit/1695754614263T1.jpg [36m304 [0m25.619 ms - -[0m
[0mGET /produit/1695753661047tap3.jpg [36m304 [0m24.179 ms - -[0m
[0mGET /produit/1695990880479SACS.jpg [36m304 [0m28.699 ms - -[0m
[0mGET /produit/1695752820497e3.jpg [36m304 [0m28.239 ms - -[0m
[0mGET /produit/1695751668068ARR32.jpg [36m304 [0m10.098 ms - -[0m
[0mGET /produit/1695747027807TS1.jpg [36m304 [0m3.475 ms - -[0m
[0mGET /api/product/getWebProductById?id=6 [32m200 [0m23.356 ms - 359[0m
[0mGET /api/product/getAllGroceryStaple [36m304 [0m20.630 ms - -[0m
[0mGET /produit/1695991466032ENS3.jpg [36m304 [0m34.340 ms - -[0m
[0mGET /produit/1695991260175tap1.jpg [36m304 [0m29.957 ms - -[0m
[0mGET /produit/1695990880479SACS.jpg [36m304 [0m26.287 ms - -[0m
[0mGET /produit/1695754614263T1.jpg [36m304 [0m27.365 ms - -[0m
[0mGET /produit/1695754196334ENST.jpg [36m304 [0m22.444 ms - -[0m
[0mGET /produit/1695753661047tap3.jpg [36m304 [0m18.264 ms - -[0m
[0mGET /produit/1695747027807TS1.jpg [36m304 [0m24.502 ms - -[0m
[0mGET /produit/1695752820497e3.jpg [36m304 [0m20.975 ms - -[0m
[0mGET /produit/1695751668068ARR32.jpg [36m304 [0m23.276 ms - -[0m
[0mGET /produit/1695991260175tap1.jpg [36m304 [0m5.903 ms - -[0m
[0mGET /api/product/getWebProductById?id=6 [36m304 [0m29.751 ms - -[0m
[0mGET /api/product/getAllGroceryStaple [36m304 [0m20.950 ms - -[0m
[0mGET /produit/1695991466032ENS3.jpg [36m304 [0m31.229 ms - -[0m
[0mGET /produit/1695991260175tap1.jpg [36m304 [0m27.756 ms - -[0m
[0mGET /produit/1695990880479SACS.jpg [36m304 [0m23.056 ms - -[0m
[0mGET /produit/1695754614263T1.jpg [36m304 [0m21.325 ms - -[0m
[0mGET /produit/1695754196334ENST.jpg [36m304 [0m21.422 ms - -[0m
[0mGET /produit/1695753661047tap3.jpg [36m304 [0m18.374 ms - -[0m
[0mGET /produit/1695747027807TS1.jpg [36m304 [0m13.082 ms - -[0m
[0mGET /produit/1695751668068ARR32.jpg [36m304 [0m10.959 ms - -[0m
[0mGET /produit/1695752820497e3.jpg [36m304 [0m8.836 ms - -[0m
[0mGET /api/category/main/list [36m304 [0m31.171 ms - -[0m
[0mGET /api/product/getAllGroceryStaple [36m304 [0m45.536 ms - -[0m
[0mGET /produit/1695989511160e3.jpg [36m304 [0m16.637 ms - -[0m
[0mGET /produit/1695989601836C2.jpg [36m304 [0m14.657 ms - -[0m
[0mGET /produit/1695989675538cas.jpg [36m304 [0m12.868 ms - -[0m
[0mGET /produit/1695989763210acc1.jpg [36m304 [0m12.987 ms - -[0m
[0mGET /api/category/cn/list?name=VETEMENTS [36m304 [0m56.289 ms - -[0m
[0mGET /api/product/list/VETEMENTS [36m304 [0m71.183 ms - -[0m
[0mGET /produit/1695991466032ENS3.jpg [36m304 [0m4.421 ms - -[0m
[0mGET /produit/1695752820497e3.jpg [36m304 [0m4.467 ms - -[0m
[0mGET /produit/1695754614263T1.jpg [36m304 [0m3.971 ms - -[0m
[0mGET /api/product/getAllGroceryStaple [36m304 [0m29.704 ms - -[0m
[0mGET /produit/1695991260175tap1.jpg [36m304 [0m24.976 ms - -[0m
[0mGET /produit/1695990880479SACS.jpg [36m304 [0m18.125 ms - -[0m
[0mGET /produit/1695754196334ENST.jpg [36m304 [0m34.172 ms - -[0m
[0mGET /produit/1695753661047tap3.jpg [36m304 [0m32.299 ms - -[0m
[0mGET /produit/1695751668068ARR32.jpg [36m304 [0m22.786 ms - -[0m
[0mGET /produit/1695747027807TS1.jpg [36m304 [0m19.835 ms - -[0m
[0mGET /api/product/getAllGroceryStaple [36m304 [0m14.360 ms - -[0m
[0mGET /api/product/getAllGroceryStaple [36m304 [0m25.472 ms - -[0m
[0mGET /produit/1695754196334ENST.jpg [32m200 [0m584.021 ms - 4600[0m
[0mGET /api/category/main/list [32m200 [0m2830.856 ms - 694[0m
[0mGET /api/product/getAllGroceryStaple [32m200 [0m2943.555 ms - 2983[0m
[0mGET /produit/1695989511160e3.jpg [32m200 [0m92.785 ms - 7440[0m
[0mGET /produit/1695989601836C2.jpg [32m200 [0m78.851 ms - 8412[0m
[0mGET /produit/1695989675538cas.jpg [32m200 [0m129.514 ms - 3513[0m
[0mGET /produit/1695989763210acc1.jpg [32m200 [0m108.088 ms - 7482[0m
[0mGET /produit/1695991466032ENS3.jpg [32m200 [0m76.793 ms - 4942[0m
[0mGET /produit/1695754614263T1.jpg [32m200 [0m71.032 ms - 9012[0m
[0mGET /produit/1695753661047tap3.jpg [32m200 [0m72.805 ms - 9338[0m
[0mGET /produit/1695752820497e3.jpg [32m200 [0m69.764 ms - 7440[0m
[0mGET /produit/1695990880479SACS.jpg [32m200 [0m96.260 ms - 7551[0m
[0mGET /produit/1695991260175tap1.jpg [32m200 [0m115.159 ms - 3388[0m
[0mGET /produit/1695751668068ARR32.jpg [32m200 [0m89.989 ms - 1907[0m
[0mGET /produit/1695747027807TS1.jpg [32m200 [0m67.600 ms - 4327[0m
[0mGET /produit/1695754196334ENST.jpg [36m304 [0m6.039 ms - -[0m
[0mGET /produit/1695754196334ENST.jpg [36m304 [0m5.694 ms - -[0m
[0mOPTIONS /api/customer/login [32m204 [0m3.938 ms - 0[0m
[0mPOST /api/customer/login [32m200 [0m600.926 ms - 195[0m
[0mGET / [33m404 [0m87.758 ms - 7714[0m
[0mGET /produit/1695754196334ENST.jpg [36m304 [0m155.173 ms - -[0m
[0mGET /api/customer/getUserByEmailId?email=alice@gmail.com [32m200 [0m542.511 ms - 1445[0m
[0mGET /api/customer/getUserByEmailId?email=alice@gmail.com [36m304 [0m20.427 ms - -[0m
[0mGET /api/category/main/list [36m304 [0m26.448 ms - -[0m
[0mGET /api/product/getAllGroceryStaple [36m304 [0m38.769 ms - -[0m
[0mGET /produit/1695989511160e3.jpg [36m304 [0m15.205 ms - -[0m
[0mGET /produit/1695989601836C2.jpg [36m304 [0m13.439 ms - -[0m
[0mGET /produit/1695989675538cas.jpg [36m304 [0m10.365 ms - -[0m
[0mGET /produit/1695989763210acc1.jpg [36m304 [0m10.807 ms - -[0m
[0mGET /produit/1695991466032ENS3.jpg [36m304 [0m19.746 ms - -[0m
[0mGET /produit/1695991260175tap1.jpg [36m304 [0m21.638 ms - -[0m
[0mGET /produit/1695990880479SACS.jpg [36m304 [0m29.547 ms - -[0m
[0mGET /produit/1695754614263T1.jpg [36m304 [0m26.711 ms - -[0m
[0mGET /produit/1695753661047tap3.jpg [36m304 [0m25.250 ms - -[0m
[0mGET /produit/1695752820497e3.jpg [36m304 [0m12.128 ms - -[0m
[0mGET /produit/1695751668068ARR32.jpg [36m304 [0m8.977 ms - -[0m
[0mGET /produit/1695747027807TS1.jpg [36m304 [0m8.566 ms - -[0m
[0mGET /produit/1695754196334ENST.jpg [36m304 [0m4.375 ms - -[0m
[0mGET /produit/1695754614263T1.jpg [36m304 [0m3.853 ms - -[0m
[0mGET / [33m404 [0m16.146 ms - 7714[0m
[0mGET /api/customer/getUserByEmailId?email=alice@gmail.com [36m304 [0m55.163 ms - -[0m
[0mGET /api/customer/getUserByEmailId?email=alice@gmail.com [36m304 [0m49.609 ms - -[0m
