[0mGET /api/product/getAllproduct [32m200 [0m773.673 ms - 29[0m
[0mGET /api/auth/user/getAllUserList [32m200 [0m665.208 ms - 26[0m
[0mOPTIONS /api/auth/register [32m204 [0m17.713 ms - 0[0m
[0mPOST /api/auth/register [32m200 [0m4313.624 ms - 97[0m
[0mGET /api/auth/user/getAllUserList [32m200 [0m497.337 ms - 315[0m
[0mGET /api/category/main/list [31m500 [0m3088.072 ms - 3787[0m
[0mGET /api/category/sub-category/list [32m200 [0m3483.026 ms - 26[0m
[0mGET /api/category/child-category/list [32m200 [0m3609.922 ms - 26[0m
[0mGET /api/product/getAllproduct [36m304 [0m4553.244 ms - -[0m
[0mGET /api/category/main/list [31m500 [0m398.861 ms - 3787[0m
[0mPOST /api/category/create [31m500 [0m3548.449 ms - 3787[0m
[0mGET /api/category/main/list [31m500 [0m705.857 ms - 3787[0m
[0mPOST /api/category/create [32m200 [0m10556.575 ms - 54[0m
[0mGET /api/category/main/list [32m200 [0m340.439 ms - 212[0m
[0mGET /api/productgros/getAllproduct [32m200 [0m1584.672 ms - 29[0m
[0mGET /api/category/main/list [36m304 [0m513.305 ms - -[0m
[0mGET /api/category/sub-category/list [36m304 [0m670.520 ms - -[0m
[0mGET /api/category/child-category/list [36m304 [0m932.856 ms - -[0m
[0mGET /api/product/getAllproduct [36m304 [0m1055.009 ms - -[0m
[0mGET /api/category/main/list [36m304 [0m214.331 ms - -[0m
[0mPOST /api/category/create [32m200 [0m2224.891 ms - 54[0m
[0mGET /api/category/main/list [32m200 [0m194.468 ms - 399[0m
[0mGET /api/category/main/list [36m304 [0m347.240 ms - -[0m
[0mGET /api/category/sub-category/list [36m304 [0m443.981 ms - -[0m
[0mGET /api/category/main/list [36m304 [0m174.103 ms - -[0m
[0mGET /api/category/sub-category/list [36m304 [0m276.594 ms - -[0m
[0mOPTIONS /api/category/sub-category/create [32m204 [0m9.779 ms - 0[0m
[0mPOST /api/category/sub-category/create [32m200 [0m594.008 ms - 55[0m
[0mGET /api/category/sub-category/list [32m200 [0m200.805 ms - 200[0m
[0mOPTIONS /api/category/sub-category/create [32m204 [0m10.239 ms - 0[0m
[0mPOST /api/category/sub-category/create [32m200 [0m529.098 ms - 55[0m
[0mGET /api/category/sub-category/list [32m200 [0m165.788 ms - 200[0m
[0mGET /api/category/main/list [36m304 [0m272.402 ms - -[0m
[0mGET /api/category/sub-category/list [36m304 [0m405.025 ms - -[0m
[0mOPTIONS /api/category/sub-cat/update [32m204 [0m8.636 ms - 0[0m
[0mPOST /api/category/sub-cat/update [32m200 [0m438.252 ms - 55[0m
[0mGET /api/category/main/list [36m304 [0m183.298 ms - -[0m
[0mGET /api/category/sub-category/list [32m200 [0m307.067 ms - 200[0m
[0mOPTIONS /api/category/sub-category/create [32m204 [0m10.913 ms - 0[0m
[0mPOST /api/category/sub-category/create [32m200 [0m482.049 ms - 55[0m
[0mGET /api/category/sub-category/list [32m200 [0m180.249 ms - 375[0m
[0mOPTIONS /api/category/sub-category/create [32m204 [0m9.226 ms - 0[0m
[0mPOST /api/category/sub-category/create [32m200 [0m370.970 ms - 55[0m
[0mGET /api/category/sub-category/list [32m200 [0m235.823 ms - 550[0m
[0mOPTIONS /api/category/sub-category/create [32m204 [0m7.326 ms - 0[0m
[0mPOST /api/category/sub-category/create [32m200 [0m336.856 ms - 55[0m
[0mGET /api/category/sub-category/list [32m200 [0m199.725 ms - 727[0m
[0mOPTIONS /api/category/sub-cat/update [32m204 [0m14.184 ms - 0[0m
[0mPOST /api/category/sub-cat/update [32m200 [0m474.095 ms - 55[0m
[0mGET /api/category/main/list [36m304 [0m194.758 ms - -[0m
[0mGET /api/category/sub-category/list [32m200 [0m328.245 ms - 727[0m
[0mOPTIONS /api/category/sub-category/create [32m204 [0m11.363 ms - 0[0m
[0mPOST /api/category/sub-category/create [32m200 [0m507.653 ms - 55[0m
[0mGET /api/category/sub-category/list [32m200 [0m173.592 ms - 904[0m
[0mOPTIONS /api/category/sub-category/create [32m204 [0m9.464 ms - 0[0m
[0mPOST /api/category/sub-category/create [32m200 [0m395.181 ms - 55[0m
[0mGET /api/category/sub-category/list [32m200 [0m182.145 ms - 1081[0m
[0mGET /api/category/main/list [36m304 [0m238.535 ms - -[0m
[0mGET /api/category/sub-category/list [36m304 [0m377.080 ms - -[0m
[0mGET /api/category/child-category/list [36m304 [0m507.810 ms - -[0m
[0mGET /api/category/sub-list?categoryId=1 [32m200 [0m174.309 ms - 550[0m
[0mOPTIONS /api/category/child-category/create [32m204 [0m8.355 ms - 0[0m
[0mPOST /api/category/child-category/create [32m200 [0m480.417 ms - 60[0m
[0mGET /api/category/child-category/list [32m200 [0m178.809 ms - 254[0m
[0mOPTIONS /api/category/child-category/create [32m204 [0m9.760 ms - 0[0m
[0mPOST /api/category/child-category/create [32m200 [0m434.895 ms - 60[0m
[0mGET /api/category/child-category/list [32m200 [0m207.334 ms - 483[0m
[0mOPTIONS /api/category/child-category/create [32m204 [0m7.603 ms - 0[0m
[0mPOST /api/category/child-category/create [32m200 [0m372.673 ms - 60[0m
[0mGET /api/category/child-category/list [32m200 [0m176.619 ms - 712[0m
[0mOPTIONS /api/category/child-category/create [32m204 [0m10.793 ms - 0[0m
[0mPOST /api/category/child-category/create [32m200 [0m444.524 ms - 60[0m
[0mGET /api/category/child-category/list [32m200 [0m157.531 ms - 940[0m
[0mOPTIONS /api/category/child-category/create [32m204 [0m9.181 ms - 0[0m
[0mPOST /api/category/child-category/create [32m200 [0m347.842 ms - 60[0m
[0mGET /api/category/child-category/list [32m200 [0m184.647 ms - 1168[0m
[0mOPTIONS /api/category/child-category/create [32m204 [0m10.886 ms - 0[0m
[0mPOST /api/category/child-category/create [32m200 [0m370.120 ms - 60[0m
[0mGET /api/category/child-category/list [32m200 [0m169.829 ms - 1396[0m
[0mOPTIONS /api/category/child-category/create [32m204 [0m9.965 ms - 0[0m
[0mPOST /api/category/child-category/create [32m200 [0m320.969 ms - 60[0m
[0mGET /api/category/child-category/list [32m200 [0m178.833 ms - 1626[0m
[0mOPTIONS /api/category/child-category/create [32m204 [0m11.184 ms - 0[0m
[0mPOST /api/category/child-category/create [32m200 [0m435.857 ms - 60[0m
[0mGET /api/category/child-category/list [32m200 [0m190.725 ms - 1856[0m
[0mOPTIONS /api/category/child-category/create [32m204 [0m7.972 ms - 0[0m
[0mPOST /api/category/child-category/create [32m200 [0m359.253 ms - 60[0m
[0mGET /api/category/child-category/list [32m200 [0m185.719 ms - 2086[0m
[0mGET /api/category/sub-list?categoryId=2 [32m200 [0m1035.454 ms - 556[0m
[0mOPTIONS /api/category/child-category/create [32m204 [0m24.353 ms - 0[0m
[0mPOST /api/category/child-category/create [31m500 [0m170.484 ms - 34[0m
[0mOPTIONS /api/category/child-category/create [32m204 [0m9.595 ms - 0[0m
[0mPOST /api/category/child-category/create [31m500 [0m727.338 ms - 34[0m
[0mOPTIONS /api/category/child-category/create [32m204 [0m82.964 ms - 0[0m
[0mPOST /api/category/child-category/create [32m200 [0m678.830 ms - 60[0m
[0mGET /api/category/child-category/list [32m200 [0m657.420 ms - 2317[0m
[0mOPTIONS /api/category/child-category/create [32m204 [0m17.393 ms - 0[0m
[0mPOST /api/category/child-category/create [32m200 [0m274.490 ms - 60[0m
[0mGET /api/category/child-category/list [32m200 [0m234.188 ms - 2548[0m
[0mOPTIONS /api/category/child-category/create [32m204 [0m16.326 ms - 0[0m
[0mPOST /api/category/child-category/create [32m200 [0m284.734 ms - 60[0m
[0mGET /api/category/child-category/list [32m200 [0m479.175 ms - 2779[0m
[0mOPTIONS /api/category/child-category/create [32m204 [0m28.495 ms - 0[0m
[0mPOST /api/category/child-category/create [31m500 [0m143.114 ms - 34[0m
[0mOPTIONS /api/category/child-category/create [32m204 [0m45.164 ms - 0[0m
[0mPOST /api/category/child-category/create [31m500 [0m62.988 ms - 34[0m
[0mOPTIONS /api/category/child-category/create [32m204 [0m5.540 ms - 0[0m
[0mPOST /api/category/child-category/create [31m500 [0m37.925 ms - 34[0m
[0mOPTIONS /api/category/child-category/create [32m204 [0m42.019 ms - 0[0m
[0mPOST /api/category/child-category/create [31m500 [0m69.847 ms - 34[0m
[0mOPTIONS /api/category/child-category/create [32m204 [0m5.049 ms - 0[0m
[0mPOST /api/category/child-category/create [32m200 [0m2635.079 ms - 60[0m
[0mGET /api/category/child-category/list [32m200 [0m505.208 ms - 3011[0m
[0mOPTIONS /api/category/child-category/create [32m204 [0m3.594 ms - 0[0m
[0mPOST /api/category/child-category/create [32m200 [0m211.016 ms - 60[0m
[0mGET /api/category/child-category/list [32m200 [0m193.673 ms - 3243[0m
[0mOPTIONS /api/category/child-category/create [32m204 [0m8.449 ms - 0[0m
[0mPOST /api/category/child-category/create [32m200 [0m159.917 ms - 60[0m
[0mGET /api/category/child-category/list [32m200 [0m171.253 ms - 3475[0m
[0mGET /api/category/main/list [36m304 [0m247.988 ms - -[0m
[0mGET /api/category/sub-category/list [36m304 [0m352.668 ms - -[0m
[0mGET /api/category/child-category/list [36m304 [0m500.837 ms - -[0m
[0mGET /api/product/getAllproduct [36m304 [0m594.813 ms - -[0m
[0mGET /api/category/sub-list?categoryId=2 [36m304 [0m369.922 ms - -[0m
[0mGET /api/category/child-list?subCatId=6 [32m200 [0m176.423 ms - 408[0m
[0mPOST /api/product/create [32m200 [0m30856.306 ms - 54[0m
[0mGET /api/product/getAllproduct [32m200 [0m1396.045 ms - 644[0m
[0mGET /api/category/main/list [36m304 [0m297.078 ms - -[0m
[0mGET /api/category/sub-category/list [36m304 [0m371.605 ms - -[0m
[0mGET /api/category/child-category/list [36m304 [0m1276.758 ms - -[0m
[0mGET /api/product/getAllproduct [36m304 [0m1535.689 ms - -[0m
[0mGET /api/category/sub-list?categoryId=1 [36m304 [0m2049.491 ms - -[0m
[0mGET /api/category/child-list?subCatId=1 [32m200 [0m159.445 ms - 598[0m
[0mPOST /api/product/create [32m200 [0m4998.397 ms - 54[0m
[0mGET /api/product/getAllproduct [32m200 [0m174.212 ms - 1265[0m
[0mGET /api/category/main/list [36m304 [0m197.744 ms - -[0m
[0mGET /api/category/sub-category/list [36m304 [0m466.170 ms - -[0m
[0mGET /api/category/child-category/list [36m304 [0m1114.803 ms - -[0m
[0mGET /api/product/getAllproduct [36m304 [0m1234.398 ms - -[0m
[0mGET /api/category/main/list [36m304 [0m3583.524 ms - -[0m
[0mGET /api/category/sub-category/list [36m304 [0m4872.328 ms - -[0m
[0mGET /api/category/child-category/list [36m304 [0m5310.585 ms - -[0m
[0mGET /api/product/getAllproduct [36m304 [0m6268.771 ms - -[0m
[0mGET /api/category/main/list [36m304 [0m1233.152 ms - -[0m
[0mGET /api/category/sub-category/list [36m304 [0m2236.769 ms - -[0m
[0mGET /api/category/child-category/list [36m304 [0m2482.345 ms - -[0m
[0mGET /api/product/getAllproduct [36m304 [0m3146.341 ms - -[0m
[0mGET /api/category/main/list [36m304 [0m1408.117 ms - -[0m
[0mGET /api/category/sub-category/list [36m304 [0m5949.257 ms - -[0m
[0mGET /api/category/child-category/list [36m304 [0m8356.638 ms - -[0m
[0mGET /api/product/getAllproduct [36m304 [0m8954.021 ms - -[0m
[0mGET /api/category/sub-list?categoryId=1 [36m304 [0m1158.251 ms - -[0m
[0mGET /api/category/child-list?subCatId=2 [32m200 [0m344.462 ms - 598[0m
[0mPOST /api/product/create [32m200 [0m3848.799 ms - 54[0m
[0mGET /api/product/getAllproduct [32m200 [0m1015.119 ms - 1950[0m
[0mPOST /api/product/update [32m200 [0m695.211 ms - 45[0m
[0mGET /api/product/getAllproduct [32m200 [0m201.153 ms - 1949[0m
[0mPOST /api/product/update [32m200 [0m2848.683 ms - 45[0m
[0mGET /api/product/getAllproduct [32m200 [0m328.974 ms - 1951[0m
[0mGET /api/product/getAllproduct [36m304 [0m2487.453 ms - -[0m
[0mPOST /api/product/addcreate [32m200 [0m647.448 ms - 45[0m
[0mGET /api/product/getAllproduct [32m200 [0m906.013 ms - 2590[0m
[0mPOST /api/product/update [32m200 [0m583.602 ms - 45[0m
[0mGET /api/product/getAllproduct [32m200 [0m1062.491 ms - 2593[0m
[0mPOST /api/product/update [32m200 [0m491.608 ms - 45[0m
[0mGET /api/product/getAllproduct [32m200 [0m486.396 ms - 2599[0m
[0mPOST /api/product/update [32m200 [0m6066.760 ms - 45[0m
[0mGET /api/product/getAllproduct [32m200 [0m294.866 ms - 2596[0m
[0mGET /api/category/affichecouleur [32m200 [0m179.642 ms - 26[0m
[0mGET /api/productgros/getAllPhoto [32m200 [0m234.140 ms - 26[0m
[0mGET /api/productgros/getAllproduct [36m304 [0m605.957 ms - -[0m
[0mGET /api/productgros/getAllproduct [36m304 [0m8735.525 ms - -[0m
[0mGET /api/category/affichecouleur [31m500 [0m10674.214 ms - 3788[0m
[0mGET /api/productgros/getAllPhoto [36m304 [0m10769.834 ms - -[0m
[0mGET /api/productgros/getAllproduct [36m304 [0m206.607 ms - -[0m
[0mGET /api/productgros/getAllPhoto [36m304 [0m384.937 ms - -[0m
[0mGET /api/category/affichecouleur [32m200 [0m590.230 ms - 26[0m
[0mGET /api/productgros/getAllproduct [36m304 [0m466.202 ms - -[0m
[0mGET /api/productgros/getAllPhoto [36m304 [0m2047.854 ms - -[0m
[0mGET /api/category/affichecouleur [36m304 [0m2287.186 ms - -[0m
[0mGET /api/productgros/getAllproduct [36m304 [0m181.661 ms - -[0m
[0mGET /api/productgros/getAllPhoto [36m304 [0m301.420 ms - -[0m
[0mGET /api/category/affichecouleur [36m304 [0m421.494 ms - -[0m
[0mGET /api/product/getAllproduct [36m304 [0m195.824 ms - -[0m
[0mGET /api/productgros/getAllproduct [36m304 [0m169.079 ms - -[0m
[0mGET /api/productgros/getAllPhoto [36m304 [0m290.097 ms - -[0m
[0mGET /api/category/affichecouleur [36m304 [0m417.142 ms - -[0m
[0mGET /api/category/main/list [36m304 [0m157.826 ms - -[0m
[0mGET /api/category/sub-category/list [36m304 [0m281.599 ms - -[0m
[0mGET /api/category/child-category/list [36m304 [0m1272.935 ms - -[0m
[0mGET /api/category/affichecouleur [36m304 [0m175.005 ms - -[0m
[0mGET /api/product/getAllproduct [36m304 [0m215.609 ms - -[0m
[0mGET /api/product/getAllPhoto [32m200 [0m242.759 ms - 495[0m
[0mGET /api/product/getAllproduct [36m304 [0m6956.418 ms - -[0m
[0mGET /api/product/getAllPhoto [36m304 [0m7101.722 ms - -[0m
[0mGET /api/category/affichecouleur [36m304 [0m7100.595 ms - -[0m
[0mPOST /api/product/upload [32m200 [0m4142.505 ms - 54[0m
[0mGET /api/product/getAllPhoto [32m200 [0m350.075 ms - 603[0m
[0mGET /api/product/getAllPhoto [32m200 [0m176.231 ms - 603[0m
[0mGET /api/product/getAllproduct [36m304 [0m461.056 ms - -[0m
[0mGET /api/category/affichecouleur [36m304 [0m575.652 ms - -[0m
[0mOPTIONS /api/category/photoupdate [32m204 [0m5.583 ms - 0[0m
[0mPOST /api/category/photoupdate [32m200 [0m1738.271 ms - 54[0m
[0mGET /api/product/getAllPhoto [32m200 [0m185.024 ms - 604[0m
[0mGET /api/category/affichecouleur [36m304 [0m174.843 ms - -[0m
[0mGET /api/product/getAllproduct [36m304 [0m337.255 ms - -[0m
[0mPOST /api/product/upload [32m200 [0m7400.644 ms - 54[0m
[0mGET /api/product/getAllPhoto [0m- [0m- ms - -[0m
[0mGET /api/product/getAllproduct [36m304 [0m1098.659 ms - -[0m
[0mGET /api/product/getAllPhoto [32m200 [0m1382.906 ms - 718[0m
[0mGET /api/category/affichecouleur [36m304 [0m1470.279 ms - -[0m
[0mGET /api/product/getAllproduct [31m500 [0m324.171 ms - 3786[0m
[0mGET /api/category/main/list [36m304 [0m2145.858 ms - -[0m
[0mGET /api/category/sub-category/list [36m304 [0m2105.684 ms - -[0m
[0mGET /api/category/child-category/list [36m304 [0m2070.791 ms - -[0m
[0mGET /api/product/getAllproduct [32m200 [0m2090.574 ms - 2596[0m
[0mGET /api/category/sub-list?categoryId=1 [36m304 [0m198.806 ms - -[0m
[0mGET /api/category/child-list?subCatId=2 [36m304 [0m165.600 ms - -[0m
[0mPOST /api/product/create [32m200 [0m18828.313 ms - 54[0m
[0mGET /api/product/getAllproduct [32m200 [0m708.179 ms - 3290[0m
[0mGET /api/category/main/list [36m304 [0m222.696 ms - -[0m
[0mGET /api/category/sub-category/list [36m304 [0m840.704 ms - -[0m
[0mGET /api/category/child-category/list [36m304 [0m1009.755 ms - -[0m
[0mGET /api/product/getAllproduct [36m304 [0m2484.911 ms - -[0m
[0mGET /api/category/child-category/list [36m304 [0m310.856 ms - -[0m
[0mGET /api/category/sub-category/list [36m304 [0m332.639 ms - -[0m
[0mGET /api/category/main/list [36m304 [0m359.222 ms - -[0m
[0mGET /api/category/sub-list?categoryId=2 [36m304 [0m192.857 ms - -[0m
[0mGET /api/category/sub-list?categoryId=1 [36m304 [0m304.564 ms - -[0m
[0mOPTIONS /api/category/child-category/create [32m204 [0m3.630 ms - 0[0m
[0mPOST /api/category/child-category/create [32m200 [0m1229.737 ms - 60[0m
[0mGET /api/category/child-category/list [32m200 [0m1402.773 ms - 3702[0m
[0mGET /api/category/main/list [36m304 [0m271.813 ms - -[0m
[0mGET /api/category/sub-category/list [36m304 [0m534.259 ms - -[0m
[0mGET /api/category/child-category/list [36m304 [0m1649.274 ms - -[0m
[0mGET /api/product/getAllproduct [36m304 [0m2127.330 ms - -[0m
[0mGET /api/category/sub-list?categoryId=1 [36m304 [0m394.403 ms - -[0m
[0mGET /api/category/child-list?subCatId=2 [32m200 [0m284.122 ms - 787[0m
[0mPOST /api/product/create [32m200 [0m13560.165 ms - 54[0m
[0mGET /api/product/getAllproduct [32m200 [0m2200.586 ms - 3978[0m
[0mGET /api/category/main/list [36m304 [0m237.716 ms - -[0m
[0mGET /api/category/sub-category/list [36m304 [0m424.789 ms - -[0m
[0mGET /api/category/child-category/list [36m304 [0m611.611 ms - -[0m
[0mGET /api/category/sub-list?categoryId=2 [36m304 [0m565.299 ms - -[0m
[0mOPTIONS /api/category/child-category/create [32m204 [0m3.535 ms - 0[0m
[0mPOST /api/category/child-category/create [32m200 [0m627.709 ms - 60[0m
[0mGET /api/category/child-category/list [32m200 [0m1299.553 ms - 3933[0m
[0mGET /api/category/main/list [36m304 [0m559.276 ms - -[0m
[0mGET /api/category/sub-category/list [36m304 [0m803.926 ms - -[0m
[0mGET /api/category/child-category/list [36m304 [0m1585.637 ms - -[0m
[0mGET /api/product/getAllproduct [36m304 [0m1933.155 ms - -[0m
[0mGET /api/category/sub-list?categoryId=1 [36m304 [0m299.819 ms - -[0m
[0mGET /api/category/child-list?subCatId=3 [32m200 [0m3025.535 ms - 598[0m
[0mGET /api/category/child-list?subCatId=2 [36m304 [0m1652.094 ms - -[0m
[0mGET /api/category/child-list?subCatId=3 [36m304 [0m437.195 ms - -[0m
[0mGET /api/category/child-list?subCatId=2 [36m304 [0m674.417 ms - -[0m
[0mGET /api/category/child-list?subCatId=1 [36m304 [0m154.389 ms - -[0m
[0mGET /api/category/child-list?subCatId=3 [36m304 [0m677.782 ms - -[0m
[0mGET /api/category/main/list [36m304 [0m400.145 ms - -[0m
[0mGET /api/category/main/list [36m304 [0m1708.663 ms - -[0m
[0mGET /api/category/sub-category/list [36m304 [0m3405.089 ms - -[0m
[0mGET /api/category/child-category/list [36m304 [0m4379.463 ms - -[0m
[0mOPTIONS /api/category/child/deletechildId?id=17 [32m204 [0m6.281 ms - 0[0m
[0mDELETE /api/category/child/deletechildId?id=17 [32m200 [0m1577.270 ms - 62[0m
[0mGET /api/category/child-category/list [32m200 [0m1370.075 ms - 3702[0m
[0mGET /api/category/sub-list?categoryId=1 [36m304 [0m2355.851 ms - -[0m
[0mOPTIONS /api/category/child-category/create [32m204 [0m4.715 ms - 0[0m
[0mPOST /api/category/child-category/create [32m200 [0m3186.627 ms - 60[0m
[0mGET /api/category/child-category/list [32m200 [0m384.128 ms - 3931[0m
[0mGET /api/category/main/list [36m304 [0m291.432 ms - -[0m
[0mGET /api/category/sub-category/list [36m304 [0m386.226 ms - -[0m
[0mGET /api/product/getAllproduct [36m304 [0m694.549 ms - -[0m
[0mGET /api/category/child-category/list [36m304 [0m1230.011 ms - -[0m
[0mGET /api/category/sub-list?categoryId=1 [36m304 [0m469.802 ms - -[0m
[0mGET /api/category/child-list?subCatId=2 [36m304 [0m342.093 ms - -[0m
[0mGET /api/category/child-list?subCatId=3 [32m200 [0m695.333 ms - 789[0m
[0mGET /api/category/child-list?subCatId=2 [36m304 [0m827.359 ms - -[0m
[0mGET /api/category/child-list?subCatId=3 [36m304 [0m143.183 ms - -[0m
[0mPOST /api/product/create [32m200 [0m33429.761 ms - 54[0m
[0mGET /api/product/getAllproduct [32m200 [0m451.415 ms - 4660[0m
[0mGET /api/product/getAllproduct [36m304 [0m281.741 ms - -[0m
[0mGET /api/product/getAllPhoto [32m200 [0m766.339 ms - 1158[0m
[0mGET /api/category/affichecouleur [36m304 [0m1459.850 ms - -[0m
[0mPOST /api/product/upload [32m200 [0m17954.339 ms - 54[0m
[0mGET /api/product/getAllPhoto [0m- [0m- ms - -[0m
[0mGET /api/product/getAllPhoto [31m500 [0m10042.207 ms - 3786[0m
[0mGET /api/product/getAllproduct [31m500 [0m10110.173 ms - 3786[0m
[0mGET /api/category/affichecouleur [31m500 [0m10273.889 ms - 3788[0m
[0mGET /api/product/getAllproduct [32m200 [0m1109.813 ms - 4660[0m
[0mGET /api/product/getAllPhoto [32m200 [0m1393.261 ms - 1289[0m
[0mGET /api/category/affichecouleur [32m200 [0m1746.112 ms - 26[0m
[0mOPTIONS /api/category/photoupdate [32m204 [0m3.374 ms - 0[0m
[0mPOST /api/category/photoupdate [32m200 [0m1329.111 ms - 54[0m
[0mGET /api/product/getAllproduct [36m304 [0m516.227 ms - -[0m
[0mGET /api/product/getAllPhoto [32m200 [0m732.609 ms - 1289[0m
[0mGET /api/category/affichecouleur [36m304 [0m1092.431 ms - -[0m
[0mPOST /api/product/upload [0m- [0m- ms - -[0m
[0mGET /api/category/main/list [36m304 [0m632.188 ms - -[0m
[0mGET /api/category/sub-category/list [36m304 [0m1761.369 ms - -[0m
[0mGET /api/category/child-category/list [36m304 [0m2576.560 ms - -[0m
[0mGET /api/product/getAllproduct [36m304 [0m2974.991 ms - -[0m
[0mGET /api/category/sub-list?categoryId=2 [36m304 [0m1492.559 ms - -[0m
[0mGET /api/category/sub-list?categoryId=1 [36m304 [0m705.863 ms - -[0m
[0mGET /api/category/child-list?subCatId=2 [36m304 [0m289.832 ms - -[0m
[0mPOST /api/productgros/create [32m200 [0m22206.318 ms - 54[0m
[0mGET /api/productgros/getAllproduct [32m200 [0m209.606 ms - 684[0m
[0mPOST /api/productgros/addcreate [32m200 [0m7374.581 ms - 45[0m
[0mGET /api/productgros/getAllproduct [32m200 [0m163.375 ms - 1351[0m
[0mPOST /api/productgros/update [32m200 [0m4298.818 ms - 45[0m
[0mGET /api/productgros/getAllproduct [32m200 [0m176.337 ms - 1341[0m
[0mGET /api/productgros/getAllproduct [36m304 [0m167.978 ms - -[0m
[0mPOST /api/productgros/update [32m200 [0m3597.680 ms - 45[0m
[0mGET /api/productgros/getAllproduct [32m200 [0m140.051 ms - 1341[0m
[0mGET /api/productgros/getAllproduct [36m304 [0m149.422 ms - -[0m
[0mGET /api/productgros/getAllPhoto [32m200 [0m370.917 ms - 326[0m
[0mGET /api/category/affichecouleur [36m304 [0m524.749 ms - -[0m
[0mPOST /api/productgros/upload [32m200 [0m3309.188 ms - 54[0m
[0mGET /api/productgros/getAllPhoto [32m200 [0m142.085 ms - 462[0m
[0mGET /api/productgros/getAllproduct [36m304 [0m177.087 ms - -[0m
[0mGET /api/productgros/getAllPhoto [36m304 [0m312.175 ms - -[0m
[0mGET /api/category/affichecouleur [36m304 [0m436.165 ms - -[0m
[0mPOST /api/productgros/upload [32m200 [0m7320.316 ms - 54[0m
[0mGET /api/productgros/getAllPhoto [32m200 [0m321.549 ms - 605[0m
[0mGET /api/productgros/getAllproduct [36m304 [0m405.311 ms - -[0m
[0mGET /api/productgros/getAllPhoto [36m304 [0m598.985 ms - -[0m
[0mGET /api/category/affichecouleur [36m304 [0m835.611 ms - -[0m
[0mGET /api/category/affichecouleur [36m304 [0m145.869 ms - -[0m
[0mGET /api/category/affichebackground [32m200 [0m295.055 ms - 26[0m
[0mGET /api/category/affichetitle [32m200 [0m507.960 ms - 26[0m
[0mPOST /api/category/createbackground [32m200 [0m5009.337 ms - 54[0m
[0mGET /api/category/affichebackground [32m200 [0m157.946 ms - 222[0m
[0mPOST /api/category/createbackground [32m200 [0m4669.643 ms - 54[0m
[0mGET /api/category/affichebackground [32m200 [0m148.766 ms - 419[0m
[0mPOST /api/category/createbackground [32m200 [0m18323.269 ms - 54[0m
[0mGET /api/category/affichebackground [32m200 [0m189.540 ms - 616[0m
[0mGET /api/category/main/list [32m200 [0m218.814 ms - 399[0m
[0mGET /api/category/affichebackgroundbyId?titre=back [32m200 [0m341.317 ms - 616[0m
[0mGET /api/category/affichebyId?titre=Livraison [32m200 [0m424.706 ms - 28[0m
[0mGET /api/product/meileurvente [32m200 [0m554.345 ms - 29[0m
[0mGET /api/category/affichevideobytitre?titre=homevideo [32m200 [0m626.012 ms - 28[0m
[0mGET /https://donneesproduits.s3.eu-west-3.amazonaws.com/C2.jpg [33m404 [0m302.607 ms - 7544[0m
[0mGET /api/productgros/listlimite [32m200 [0m1203.184 ms - 1099[0m
[0mGET /https://donneesproduits.s3.eu-west-3.amazonaws.com/CH2.jpg [33m404 [0m36.055 ms - 7544[0m
[0mGET /https://donneesproduits.s3.eu-west-3.amazonaws.com/offer-1.jpg [33m404 [0m34.800 ms - 7544[0m
[0mGET /api/category/affichebackgroundbyId?titre=date [32m200 [0m1329.196 ms - 26[0m
[0mGET /api/product/getAllGroceryStaple [32m200 [0m1441.790 ms - 3818[0m
[0mGET /https://donneesproduits.s3.eu-west-3.amazonaws.com/offer-3.jpg [33m404 [0m34.585 ms - 7544[0m
[0mGET /https://donneesproduits.s3.eu-west-3.amazonaws.com/offer-2.jpg [33m404 [0m42.149 ms - 7544[0m
[0mGET /api/category/afficheservices [32m200 [0m1692.964 ms - 26[0m
[0mGET /api/category/affichebyId?titre=Market [32m200 [0m221.560 ms - 28[0m
[0mGET /api/category/affichebyId?titre=playstore [32m200 [0m151.288 ms - 28[0m
[0mGET /api/category/affichebyId?titre=appstore [32m200 [0m148.841 ms - 28[0m
[0mGET /api/category/affichebyId?titre=email [32m200 [0m148.635 ms - 28[0m
[0mGET /api/category/affichebyId?titre=contact [32m200 [0m146.012 ms - 28[0m
[0mGET /api/category/affichebyId?titre=adresse [32m200 [0m235.227 ms - 28[0m
[0mGET /api/category/affichetitlebyId?title=reseau [32m200 [0m169.324 ms - 26[0m
[0mOPTIONS /api/category/createtitle [32m204 [0m5.517 ms - 0[0m
[0mPOST /api/category/createtitle [32m200 [0m877.071 ms - 55[0m
[0mGET /api/category/affichetitle [32m200 [0m145.271 ms - 263[0m
[0mOPTIONS /api/category/createtitle [32m204 [0m3.519 ms - 0[0m
[0mPOST /api/category/createtitle [32m200 [0m1941.345 ms - 55[0m
[0mGET /api/category/affichetitle [32m200 [0m514.244 ms - 529[0m
[0mOPTIONS /api/category/createtitle [32m204 [0m4.584 ms - 0[0m
[0mPOST /api/category/createtitle [32m200 [0m2123.981 ms - 55[0m
[0mGET /api/category/affichetitle [32m200 [0m411.694 ms - 529[0m
[0mOPTIONS /api/category/createtitle [32m204 [0m3.613 ms - 0[0m
[0mPOST /api/category/createtitle [32m200 [0m295.538 ms - 55[0m
[0mGET /api/category/affichetitle [32m200 [0m131.317 ms - 735[0m
[0mOPTIONS /api/category/createtitle [32m204 [0m6.932 ms - 0[0m
[0mPOST /api/category/createtitle [32m200 [0m905.586 ms - 55[0m
[0mGET /api/category/affichetitle [32m200 [0m470.618 ms - 889[0m
[0mOPTIONS /api/category/createtitle [32m204 [0m5.888 ms - 0[0m
[0mPOST /api/category/createtitle [32m200 [0m284.402 ms - 55[0m
[0mGET /api/category/affichetitle [32m200 [0m130.814 ms - 1066[0m
[0mOPTIONS /api/category/createtitle [32m204 [0m5.489 ms - 0[0m
[0mPOST /api/category/createtitle [31m500 [0m153.127 ms - 34[0m
[0mOPTIONS /api/category/createtitle [32m204 [0m4.520 ms - 0[0m
[0mPOST /api/category/createtitle [31m500 [0m11.554 ms - 34[0m
[0mOPTIONS /api/category/createtitle [32m204 [0m35.924 ms - 0[0m
[0mPOST /api/category/createtitle [32m200 [0m461.829 ms - 55[0m
[0mGET /api/category/affichetitle [32m200 [0m181.243 ms - 1240[0m
[0mOPTIONS /api/category/createtitle [32m204 [0m3.279 ms - 0[0m
[0mPOST /api/category/createtitle [31m500 [0m78.819 ms - 34[0m
[0mOPTIONS /api/category/createtitle [32m204 [0m6.148 ms - 0[0m
[0mPOST /api/category/createtitle [32m200 [0m4089.720 ms - 55[0m
[0mGET /api/category/affichetitle [32m200 [0m144.768 ms - 1406[0m
[0mOPTIONS /api/category/createtitle [32m204 [0m6.675 ms - 0[0m
[0mPOST /api/category/createtitle [32m200 [0m157.710 ms - 55[0m
[0mGET /api/category/affichetitle [32m200 [0m204.984 ms - 1614[0m
[0mGET /api/category/main/list [36m304 [0m451.871 ms - -[0m
[0mGET /https://donneesproduits.s3.eu-west-3.amazonaws.com/C2.jpg [33m404 [0m424.485 ms - 7544[0m
[0mGET /https://donneesproduits.s3.eu-west-3.amazonaws.com/CH2.jpg [33m404 [0m479.478 ms - 7544[0m
[0mGET /api/category/affichebackgroundbyId?titre=back [36m304 [0m1344.122 ms - -[0m
[0mGET /api/category/affichebyId?titre=Livraison [32m200 [0m1387.489 ms - 261[0m
[0mGET /https://donneesproduits.s3.eu-west-3.amazonaws.com/offer-1.jpg [33m404 [0m167.693 ms - 7544[0m
[0mGET /https://donneesproduits.s3.eu-west-3.amazonaws.com/offer-3.jpg [33m404 [0m325.503 ms - 7544[0m
[0mGET /https://donneesproduits.s3.eu-west-3.amazonaws.com/offer-2.jpg [33m404 [0m378.070 ms - 7544[0m
[0mGET /api/product/meileurvente [36m304 [0m2413.645 ms - -[0m
[0mGET /api/category/affichevideobytitre?titre=homevideo [36m304 [0m2511.669 ms - -[0m
[0mGET /api/productgros/listlimite [36m304 [0m2618.644 ms - -[0m
[0mGET /api/category/affichebackgroundbyId?titre=date [36m304 [0m2387.703 ms - -[0m
[0mGET /api/product/getAllGroceryStaple [36m304 [0m1505.577 ms - -[0m
[0mGET /api/category/afficheservices [36m304 [0m1416.238 ms - -[0m
[0mGET /api/category/affichebyId?titre=Market [36m304 [0m139.176 ms - -[0m
[0mGET /api/category/affichebyId?titre=playstore [36m304 [0m171.791 ms - -[0m
[0mGET /api/category/affichebyId?titre=appstore [36m304 [0m140.086 ms - -[0m
[0mGET /api/category/affichebyId?titre=email [36m304 [0m231.453 ms - -[0m
[0mGET /api/category/affichebyId?titre=contact [36m304 [0m204.613 ms - -[0m
[0mGET /api/category/affichebyId?titre=adresse [36m304 [0m173.306 ms - -[0m
[0mGET /api/category/affichetitlebyId?title=reseau [36m304 [0m176.738 ms - -[0m
[0mGET /api/category/main/list [36m304 [0m142.993 ms - -[0m
[0mGET /api/category/affichebackgroundbyId?titre=back [36m304 [0m270.875 ms - -[0m
[0mGET /api/category/affichebyId?titre=Livraison [36m304 [0m358.688 ms - -[0m
[0mGET /https://donneesproduits.s3.eu-west-3.amazonaws.com/C2.jpg [33m404 [0m42.315 ms - 7544[0m
[0mGET /https://donneesproduits.s3.eu-west-3.amazonaws.com/CH2.jpg [33m404 [0m164.306 ms - 7544[0m
[0mGET /api/product/meileurvente [36m304 [0m586.105 ms - -[0m
[0mGET /api/category/affichevideobytitre?titre=homevideo [36m304 [0m688.370 ms - -[0m
[0mGET /https://donneesproduits.s3.eu-west-3.amazonaws.com/offer-1.jpg [33m404 [0m192.109 ms - 7544[0m
[0mGET /api/productgros/listlimite [36m304 [0m1157.913 ms - -[0m
[0mGET /api/product/getAllGroceryStaple [36m304 [0m1303.047 ms - -[0m
[0mGET /api/category/affichebackgroundbyId?titre=date [36m304 [0m1352.586 ms - -[0m
[0mGET /api/category/afficheservices [36m304 [0m1160.493 ms - -[0m
[0mGET /https://donneesproduits.s3.eu-west-3.amazonaws.com/offer-3.jpg [33m404 [0m30.300 ms - 7544[0m
[0mGET /https://donneesproduits.s3.eu-west-3.amazonaws.com/offer-2.jpg [33m404 [0m39.262 ms - 7544[0m
[0mGET /api/category/affichebyId?titre=Market [36m304 [0m190.560 ms - -[0m
[0mGET /api/category/main/list [36m304 [0m156.048 ms - -[0m
[0mGET /api/category/affichebackgroundbyId?titre=back [36m304 [0m167.513 ms - -[0m
[0mGET /api/category/affichebyId?titre=Livraison [36m304 [0m217.325 ms - -[0m
[0mGET /api/product/meileurvente [36m304 [0m209.490 ms - -[0m
[0mGET /api/category/affichevideobytitre?titre=homevideo [36m304 [0m316.904 ms - -[0m
[0mGET /api/productgros/listlimite [36m304 [0m153.041 ms - -[0m
[0mGET /api/category/affichebackgroundbyId?titre=date [36m304 [0m139.194 ms - -[0m
[0mGET /api/product/getAllGroceryStaple [36m304 [0m210.752 ms - -[0m
[0mGET /api/category/afficheservices [36m304 [0m187.829 ms - -[0m
[0mGET /https://donneesproduits.s3.eu-west-3.amazonaws.com/C2.jpg [33m404 [0m45.278 ms - 7544[0m
[0mGET /https://donneesproduits.s3.eu-west-3.amazonaws.com/CH2.jpg [33m404 [0m208.624 ms - 7544[0m
[0mGET /api/category/affichebyId?titre=playstore [36m304 [0m497.328 ms - -[0m
[0mGET /https://donneesproduits.s3.eu-west-3.amazonaws.com/offer-1.jpg [33m404 [0m28.403 ms - 7544[0m
[0mGET /https://donneesproduits.s3.eu-west-3.amazonaws.com/offer-3.jpg [33m404 [0m39.955 ms - 7544[0m
[0mGET /https://donneesproduits.s3.eu-west-3.amazonaws.com/offer-2.jpg [33m404 [0m183.895 ms - 7544[0m
[0mGET /api/category/affichebyId?titre=Market [36m304 [0m290.409 ms - -[0m
[0mGET /api/category/affichebyId?titre=appstore [36m304 [0m279.519 ms - -[0m
[0mGET /api/category/affichebyId?titre=email [36m304 [0m210.531 ms - -[0m
[0mGET /api/category/affichebyId?titre=playstore [36m304 [0m227.926 ms - -[0m
[0mGET /api/category/affichebyId?titre=contact [36m304 [0m417.514 ms - -[0m
[0mGET /api/category/affichebyId?titre=appstore [36m304 [0m356.179 ms - -[0m
[0mGET /api/category/affichebyId?titre=adresse [36m304 [0m278.156 ms - -[0m
[0mGET /api/category/affichebyId?titre=email [36m304 [0m179.354 ms - -[0m
[0mGET /api/category/affichebyId?titre=contact [36m304 [0m237.948 ms - -[0m
[0mGET /api/category/affichetitlebyId?title=reseau [36m304 [0m268.153 ms - -[0m
[0mGET /api/category/affichebyId?titre=adresse [36m304 [0m202.547 ms - -[0m
[0mGET /api/category/affichetitlebyId?title=reseau [36m304 [0m142.955 ms - -[0m
[0mGET /api/category/main/list [36m304 [0m158.695 ms - -[0m
[0mGET /api/category/affichebackgroundbyId?titre=back [36m304 [0m282.402 ms - -[0m
[0mGET /https://donneesproduits.s3.eu-west-3.amazonaws.com/C2.jpg [33m404 [0m40.457 ms - 7544[0m
[0mGET /https://donneesproduits.s3.eu-west-3.amazonaws.com/CH2.jpg [33m404 [0m126.486 ms - 7544[0m
[0mGET /api/category/affichebyId?titre=Livraison [36m304 [0m670.548 ms - -[0m
[0mGET /https://donneesproduits.s3.eu-west-3.amazonaws.com/offer-1.jpg [33m404 [0m34.787 ms - 7544[0m
[0mGET /api/product/meileurvente [36m304 [0m937.108 ms - -[0m
[0mGET /api/category/affichevideobytitre?titre=homevideo [36m304 [0m1094.854 ms - -[0m
[0mGET /api/productgros/listlimite [36m304 [0m1315.109 ms - -[0m
[0mGET /api/product/getAllGroceryStaple [36m304 [0m1247.175 ms - -[0m
[0mGET /api/category/affichebackgroundbyId?titre=date [36m304 [0m1389.837 ms - -[0m
[0mGET /api/category/afficheservices [36m304 [0m859.583 ms - -[0m
[0mGET /https://donneesproduits.s3.eu-west-3.amazonaws.com/offer-3.jpg [33m404 [0m70.722 ms - 7544[0m
[0mGET /https://donneesproduits.s3.eu-west-3.amazonaws.com/offer-2.jpg [33m404 [0m91.079 ms - 7544[0m
[0mGET /api/category/affichebyId?titre=Market [36m304 [0m153.692 ms - -[0m
[0mGET /api/category/affichebyId?titre=playstore [36m304 [0m137.549 ms - -[0m
[0mGET /api/category/affichebyId?titre=appstore [36m304 [0m137.320 ms - -[0m
[0mGET /api/category/affichebyId?titre=email [36m304 [0m145.625 ms - -[0m
[0mGET /api/category/affichebyId?titre=contact [36m304 [0m125.420 ms - -[0m
[0mGET /api/category/affichebyId?titre=adresse [36m304 [0m124.202 ms - -[0m
[0mGET /api/category/affichetitlebyId?title=reseau [36m304 [0m138.017 ms - -[0m
[0mGET /api/category/main/list [36m304 [0m202.249 ms - -[0m
[0mGET /api/category/affichebackgroundbyId?titre=back [36m304 [0m341.219 ms - -[0m
[0mGET /api/category/affichebyId?titre=Livraison [36m304 [0m536.618 ms - -[0m
[0mGET /api/product/meileurvente [36m304 [0m538.199 ms - -[0m
[0mGET /api/category/affichevideobytitre?titre=homevideo [36m304 [0m475.853 ms - -[0m
[0mGET /api/productgros/listlimite [36m304 [0m505.932 ms - -[0m
[0mGET /api/category/affichebackgroundbyId?titre=date [36m304 [0m532.450 ms - -[0m
[0mGET /api/category/afficheservices [36m304 [0m483.432 ms - -[0m
[0mGET /api/product/getAllGroceryStaple [36m304 [0m536.023 ms - -[0m
[0mGET /https://donneesproduits.s3.eu-west-3.amazonaws.com/C2.jpg [33m404 [0m41.717 ms - 7544[0m
[0mGET /https://donneesproduits.s3.eu-west-3.amazonaws.com/CH2.jpg [33m404 [0m115.123 ms - 7544[0m
[0mGET /https://donneesproduits.s3.eu-west-3.amazonaws.com/offer-1.jpg [33m404 [0m45.327 ms - 7544[0m
[0mGET /https://donneesproduits.s3.eu-west-3.amazonaws.com/offer-3.jpg [33m404 [0m40.092 ms - 7544[0m
[0mGET /https://donneesproduits.s3.eu-west-3.amazonaws.com/offer-2.jpg [33m404 [0m137.314 ms - 7544[0m
[0mGET /api/category/affichebyId?titre=Market [36m304 [0m320.635 ms - -[0m
[0mGET /api/category/affichebyId?titre=playstore [36m304 [0m230.358 ms - -[0m
[0mGET /api/category/affichebyId?titre=appstore [36m304 [0m135.274 ms - -[0m
[0mGET /api/category/affichebyId?titre=email [36m304 [0m185.201 ms - -[0m
[0mGET /api/category/affichebyId?titre=contact [36m304 [0m142.580 ms - -[0m
[0mGET /api/category/affichebyId?titre=adresse [36m304 [0m145.882 ms - -[0m
[0mGET /api/category/affichetitlebyId?title=reseau [36m304 [0m202.868 ms - -[0m
[0mGET /api/category/main/list [36m304 [0m141.447 ms - -[0m
[0mGET /api/category/affichebackgroundbyId?titre=back [36m304 [0m253.038 ms - -[0m
[0mGET /api/category/affichebyId?titre=Livraison [36m304 [0m349.725 ms - -[0m
[0mGET /api/product/meileurvente [36m304 [0m525.817 ms - -[0m
[0mGET /api/category/affichevideobytitre?titre=homevideo [36m304 [0m621.389 ms - -[0m
[0mGET /api/productgros/listlimite [36m304 [0m756.374 ms - -[0m
[0mGET /api/category/affichebackgroundbyId?titre=date [36m304 [0m848.833 ms - -[0m
[0mGET /api/product/getAllGroceryStaple [36m304 [0m877.471 ms - -[0m
[0mGET /api/category/afficheservices [36m304 [0m867.075 ms - -[0m
[0mGET /api/category/affichebyId?titre=Market [36m304 [0m180.070 ms - -[0m
[0mGET /api/category/affichebyId?titre=playstore [36m304 [0m142.133 ms - -[0m
[0mGET /api/category/affichebyId?titre=appstore [36m304 [0m132.031 ms - -[0m
[0mGET /api/category/affichebyId?titre=email [36m304 [0m154.517 ms - -[0m
[0mGET /api/category/affichebyId?titre=contact [36m304 [0m129.969 ms - -[0m
[0mGET /api/category/affichebyId?titre=adresse [36m304 [0m132.703 ms - -[0m
[0mGET /api/category/affichetitlebyId?title=reseau [36m304 [0m129.772 ms - -[0m
[0mGET /api/category/main/list [36m304 [0m176.385 ms - -[0m
[0mGET /api/category/affichebackgroundbyId?titre=back [36m304 [0m320.585 ms - -[0m
[0mGET /api/category/affichebyId?titre=Livraison [36m304 [0m439.266 ms - -[0m
[0mGET /api/product/meileurvente [36m304 [0m564.172 ms - -[0m
[0mGET /api/category/affichevideobytitre?titre=homevideo [36m304 [0m723.295 ms - -[0m
[0mGET /api/productgros/listlimite [36m304 [0m843.467 ms - -[0m
[0mGET /api/category/affichebackgroundbyId?titre=date [36m304 [0m735.579 ms - -[0m
[0mGET /api/product/getAllGroceryStaple [36m304 [0m622.536 ms - -[0m
[0mGET /api/category/afficheservices [36m304 [0m468.697 ms - -[0m
[0mGET /api/category/affichebyId?titre=Market [36m304 [0m145.541 ms - -[0m
[0mGET /api/category/affichebyId?titre=playstore [36m304 [0m133.294 ms - -[0m
[0mGET /api/category/affichebyId?titre=appstore [36m304 [0m174.795 ms - -[0m
[0mGET /api/category/affichebyId?titre=email [36m304 [0m165.574 ms - -[0m
[0mGET /api/category/affichebyId?titre=contact [36m304 [0m125.079 ms - -[0m
[0mGET /api/category/affichebyId?titre=adresse [36m304 [0m139.145 ms - -[0m
[0mGET /api/category/affichetitlebyId?title=reseau [36m304 [0m133.347 ms - -[0m
[0mGET /api/category/main/list [36m304 [0m151.506 ms - -[0m
[0mGET /api/category/affichebackgroundbyId?titre=back [36m304 [0m240.054 ms - -[0m
[0mGET /api/category/affichebyId?titre=Livraison [36m304 [0m364.304 ms - -[0m
[0mGET /api/product/meileurvente [36m304 [0m509.674 ms - -[0m
[0mGET /api/category/affichevideobytitre?titre=homevideo [36m304 [0m628.368 ms - -[0m
[0mGET /api/productgros/listlimite [36m304 [0m767.410 ms - -[0m
[0mGET /api/category/affichebackgroundbyId?titre=date [36m304 [0m822.975 ms - -[0m
[0mGET /api/product/getAllGroceryStaple [36m304 [0m843.102 ms - -[0m
[0mGET /api/category/afficheservices [36m304 [0m875.742 ms - -[0m
[0mGET /api/category/affichebyId?titre=Market [36m304 [0m169.880 ms - -[0m
[0mGET /api/category/affichebyId?titre=playstore [36m304 [0m191.036 ms - -[0m
[0mGET /api/category/affichebyId?titre=appstore [36m304 [0m296.360 ms - -[0m
[0mGET /api/category/affichebyId?titre=email [36m304 [0m236.528 ms - -[0m
[0mGET /api/category/affichebyId?titre=contact [36m304 [0m165.059 ms - -[0m
[0mGET /api/category/affichebyId?titre=adresse [36m304 [0m600.932 ms - -[0m
[0mGET /api/category/affichetitlebyId?title=reseau [36m304 [0m246.245 ms - -[0m
[0mGET /api/category/main/list [36m304 [0m142.793 ms - -[0m
[0mGET /api/category/affichebackgroundbyId?titre=back [36m304 [0m262.326 ms - -[0m
[0mGET /api/category/affichebyId?titre=Livraison [36m304 [0m363.579 ms - -[0m
[0mGET /api/product/meileurvente [36m304 [0m479.318 ms - -[0m
[0mGET /api/category/affichevideobytitre?titre=homevideo [36m304 [0m958.923 ms - -[0m
[0mGET /api/productgros/listlimite [36m304 [0m1184.039 ms - -[0m
[0mGET /api/product/getAllGroceryStaple [36m304 [0m981.949 ms - -[0m
[0mGET /api/category/affichebackgroundbyId?titre=date [36m304 [0m1126.083 ms - -[0m
[0mGET /api/category/afficheservices [36m304 [0m838.005 ms - -[0m
[0mGET /api/category/affichebyId?titre=Market [36m304 [0m136.617 ms - -[0m
[0mGET /api/category/affichebyId?titre=playstore [36m304 [0m131.344 ms - -[0m
[0mGET /api/category/affichebyId?titre=appstore [36m304 [0m132.713 ms - -[0m
[0mGET /api/category/affichebyId?titre=email [36m304 [0m128.948 ms - -[0m
[0mGET /api/category/affichebyId?titre=contact [36m304 [0m134.910 ms - -[0m
[0mGET /api/category/affichebyId?titre=adresse [36m304 [0m142.040 ms - -[0m
[0mGET /api/category/affichetitlebyId?title=reseau [36m304 [0m129.558 ms - -[0m
[0mGET /api/category/main/list [36m304 [0m159.986 ms - -[0m
[0mGET /api/category/affichebackgroundbyId?titre=back [36m304 [0m302.008 ms - -[0m
[0mGET /api/category/affichebyId?titre=Livraison [36m304 [0m408.218 ms - -[0m
[0mGET /api/product/meileurvente [36m304 [0m529.228 ms - -[0m
[0mGET /api/category/affichevideobytitre?titre=homevideo [36m304 [0m959.716 ms - -[0m
[0mGET /api/productgros/listlimite [36m304 [0m1070.877 ms - -[0m
[0mGET /api/product/getAllGroceryStaple [36m304 [0m906.990 ms - -[0m
[0mGET /api/category/affichebackgroundbyId?titre=date [36m304 [0m1116.053 ms - -[0m
[0mGET /api/category/afficheservices [36m304 [0m837.296 ms - -[0m
[0mGET /api/category/affichebyId?titre=Market [36m304 [0m132.722 ms - -[0m
