[0mPOST /api/product/add [31m500 [0m821.137 ms - 2070[0m
[0mPOST /api/product/add [31m500 [0m437.209 ms - 2070[0m
[0mPOST /api/product/add [32m200 [0m633.360 ms - 54[0m
[0mGET /api/product/getAllproduct [31m500 [0m18.592 ms - 2070[0m
[0mGET /api/product/getAllproduct [32m200 [0m48.963 ms - 479[0m
[0mPOST /api/product/add [33m409 [0m1642.400 ms - 2070[0m
[0mPOST /api/product/add [32m200 [0m1607.394 ms - 54[0m
[0mGET /api/product/getAllproduct [32m200 [0m239.775 ms - 934[0m
[0mGET / [33m404 [0m83.255 ms - 7989[0m
[0mGET / [33m404 [0m44.381 ms - 7989[0m
[0mGET / [33m404 [0m20.133 ms - 7989[0m
[0mGET / [33m404 [0m95.664 ms - 7989[0m
[0mPOST /api/user/register [0m- [0m- ms - -[0m
[0mPOST /api/user/register [0m- [0m- ms - -[0m
[0mPOST /api/user/register [0m- [0m- ms - -[0m
[0mPOST /api/category/create [31m500 [0m59.523 ms - 34[0m
[0mPOST /api/category/create [32m200 [0m1254.591 ms - 55[0m
[0mPOST /api/category/create [31m500 [0m61.924 ms - 34[0m
[0mPOST /api/category/create [31m500 [0m22.236 ms - 34[0m
[0mPOST /api/category/create [31m500 [0m11.244 ms - 34[0m
[0mPOST /api/category/create [31m500 [0m12.892 ms - 34[0m
[0mPOST /api/category/create [33m404 [0m25.929 ms - 28[0m
[0mPOST /api/user/register [0m- [0m- ms - -[0m
[0mPOST /api/user/register [0m- [0m- ms - -[0m
[0mPOST /api/user/register [32m200 [0m544.455 ms - 95[0m
[0mPOST /api/user/register [32m200 [0m539.953 ms - 94[0m
[0mPOST /api/user/register [32m200 [0m543.475 ms - 94[0m
[0mPOST /api/category/create [31m500 [0m14.237 ms - 34[0m
[0mPOST /api/category/create [33m404 [0m6.515 ms - 28[0m
[0mPOST /api/category/create [33m404 [0m27.703 ms - 28[0m
[0mPOST /api/category/create [32m200 [0m193.608 ms - 55[0m
[0mPOST /api/category/mainlist [33m404 [0m27.556 ms - 28[0m
[0mPOST /api/category/main/list [33m404 [0m9.977 ms - 28[0m
[0mGET /api/category/main/list [32m200 [0m33.444 ms - 267[0m
