[0mOPTIONS /api/customer/register [32m204 [0m8.252 ms - 0[0m
[0mPOST /api/customer/register [32m200 [0m1437.389 ms - 94[0m
[0mOPTIONS /api/customer/login [32m204 [0m4.289 ms - 0[0m
[0mPOST /api/customer/login [32m200 [0m1130.616 ms - 195[0m
[0mGET / [33m404 [0m89.521 ms - 7714[0m
[0mGET /api/customer/getUserByEmailId?email=eric@gmail.com [32m200 [0m361.782 ms - 302[0m
[0mGET /api/customer/getUserByEmailId?email=eric@gmail.com [36m304 [0m92.359 ms - -[0m
[0mGET /api/customer/getUserByEmailId?email=eric@gmail.com [36m304 [0m131.032 ms - -[0m
[0mGET /api/customer/getUserByEmailId?email=eric@gmail.com [36m304 [0m83.122 ms - -[0m
[0mGET /api/customer/getUserByEmailId?email=eric@gmail.com [36m304 [0m48.738 ms - -[0m
[0mGET /api/customer/getUserByEmailId?email=eric@gmail.com [36m304 [0m126.009 ms - -[0m
[0mGET /api/customer/getUserByEmailId?email=eric@gmail.com [36m304 [0m159.085 ms - -[0m
[0mGET /api/customer/getUserByEmailId?email=eric@gmail.com [36m304 [0m76.521 ms - -[0m
[0mGET /api/order/list [32m200 [0m727.128 ms - 2928[0m
[0mGET /api/customer/getUserByEmailId?email=eric@gmail.com [36m304 [0m50.008 ms - -[0m
[0mGET /api/customer/getUserByEmailId?email=eric@gmail.com [36m304 [0m101.310 ms - -[0m
[0mGET /api/order/list [36m304 [0m360.900 ms - -[0m
[0mOPTIONS /api/auth/register [32m204 [0m49.962 ms - 0[0m
[0mPOST /api/auth/register [32m200 [0m1199.932 ms - 104[0m
[0mOPTIONS /api/auth/rootLogin [32m204 [0m8.551 ms - 0[0m
[0mOPTIONS /api/auth/rootLogin [32m204 [0m62.169 ms - 0[0m
[0mOPTIONS /api/auth/rootLogin [32m204 [0m148.660 ms - 0[0m
[0mOPTIONS /api/auth/rootLogin [32m204 [0m140.845 ms - 0[0m
[0mPOST /api/auth/rootLogin [31m500 [0m1633.373 ms - 34[0m
[0mOPTIONS /api/auth/rootLogin [32m204 [0m10.533 ms - 0[0m
[0mPOST /api/auth/rootLogin [31m500 [0m1260.023 ms - 34[0m
[0mOPTIONS /api/auth/rootLogin [32m204 [0m42.973 ms - 0[0m
[0mPOST /api/auth/rootLogin [31m500 [0m1525.536 ms - 34[0m
[0mOPTIONS /api/auth/register [32m204 [0m39.170 ms - 0[0m
[0mPOST /api/auth/register [32m200 [0m1347.337 ms - 106[0m
[0mOPTIONS /api/auth/rootLogin [32m204 [0m8.951 ms - 0[0m
[0mPOST /api/auth/rootLogin [32m200 [0m1230.712 ms - 195[0m
[0mOPTIONS /api/auth/rootLogin [32m204 [0m10.439 ms - 0[0m
[0mPOST /api/auth/rootLogin [33m401 [0m1973.101 ms - 40[0m
[0mOPTIONS /api/auth/rootLogin [32m204 [0m8.002 ms - 0[0m
[0mPOST /api/auth/rootLogin [32m200 [0m1463.535 ms - 195[0m
[0mOPTIONS /api/auth/register [32m204 [0m10.924 ms - 0[0m
[0mPOST /api/auth/register [31m500 [0m30.996 ms - 34[0m
[0mOPTIONS /api/auth/register [32m204 [0m9.442 ms - 0[0m
[0mPOST /api/auth/register [31m500 [0m23.181 ms - 34[0m
[0mOPTIONS /api/auth/register [32m204 [0m9.831 ms - 0[0m
[0mPOST /api/auth/register [32m200 [0m2303.428 ms - 106[0m
[0mOPTIONS /api/auth/rootLogin [32m204 [0m169.509 ms - 0[0m
[0mPOST /api/auth/rootLogin [32m200 [0m1477.537 ms - 195[0m
[0mOPTIONS /api/auth/rootLogin [32m204 [0m9.146 ms - 0[0m
[0mPOST /api/auth/rootLogin [33m401 [0m2113.175 ms - 40[0m
[0mOPTIONS /api/auth/rootLogin [32m204 [0m8.281 ms - 0[0m
[0mPOST /api/auth/rootLogin [32m200 [0m1370.184 ms - 195[0m
[0mOPTIONS /api/auth/register [32m204 [0m8.859 ms - 0[0m
[0mPOST /api/auth/register [32m200 [0m1340.310 ms - 107[0m
[0mOPTIONS /api/auth/rootLogin [32m204 [0m10.364 ms - 0[0m
[0mPOST /api/auth/rootLogin [32m200 [0m1334.683 ms - 195[0m
[0mOPTIONS /api/auth/register [32m204 [0m40.587 ms - 0[0m
[0mPOST /api/auth/register [32m200 [0m346.087 ms - 107[0m
[0mOPTIONS /api/auth/rootLogin [32m204 [0m12.788 ms - 0[0m
[0mPOST /api/auth/rootLogin [32m200 [0m165.656 ms - 195[0m
[0mOPTIONS /api/auth/rootLogin [32m204 [0m10.241 ms - 0[0m
[0mPOST /api/auth/rootLogin [32m200 [0m95.747 ms - 195[0m
[0mOPTIONS /api/auth/rootLogin [32m204 [0m30.114 ms - 0[0m
[0mPOST /api/auth/rootLogin [0m- [0m- ms - -[0m
[0mOPTIONS /api/auth/rootLogin [32m204 [0m6.085 ms - 0[0m
[0mOPTIONS /api/auth/rootLogin [32m204 [0m37.031 ms - 0[0m
[0mPOST /api/auth/rootLogin [32m200 [0m299.884 ms - 195[0m
[0mPOST /api/auth/rootLogin [32m200 [0m46.083 ms - 195[0m
[0mPOST /api/auth/rootLogin [33m401 [0m277.442 ms - 40[0m
[0mOPTIONS /api/auth/rootLogin [32m204 [0m6.011 ms - 0[0m
[0mPOST /api/auth/rootLogin [32m200 [0m47.472 ms - 195[0m
[0mOPTIONS /api/auth/rootLogin [32m204 [0m7.161 ms - 0[0m
[0mPOST /api/auth/rootLogin [32m200 [0m51.255 ms - 195[0m
[0mOPTIONS /api/auth/rootLogin [32m204 [0m7.594 ms - 0[0m
[0mPOST /api/auth/rootLogin [33m401 [0m55.614 ms - 40[0m
[0mOPTIONS /api/auth/rootLogin [32m204 [0m6.982 ms - 0[0m
[0mPOST /api/auth/rootLogin [32m200 [0m38.351 ms - 195[0m
[0mOPTIONS /api/auth/rootLogin [32m204 [0m4.510 ms - 0[0m
[0mPOST /api/auth/rootLogin [32m200 [0m32.951 ms - 195[0m
[0mOPTIONS /api/auth/rootLogin [32m204 [0m26.415 ms - 0[0m
[0mPOST /api/auth/rootLogin [32m200 [0m202.501 ms - 195[0m
[0mOPTIONS /api/auth/rootLogin [32m204 [0m6.239 ms - 0[0m
[0mPOST /api/auth/rootLogin [32m200 [0m34.916 ms - 195[0m
[0mPOST /api/auth/rootLogin [33m401 [0m423.424 ms - 40[0m
[0mPOST /api/auth/rootLogin [32m200 [0m26.964 ms - 195[0m
[0mOPTIONS /api/auth/rootLogin [32m204 [0m2.356 ms - 0[0m
[0mPOST /api/auth/rootLogin [32m200 [0m104.849 ms - 195[0m
[0mPOST /api/auth/rootLogin [32m200 [0m15.168 ms - 195[0m
[0mOPTIONS /api/auth/rootLogin [32m204 [0m18.101 ms - 0[0m
[0mOPTIONS /api/auth/register [32m204 [0m12.825 ms - 0[0m
[0mPOST /api/auth/register [32m200 [0m262.834 ms - 106[0m
[0mOPTIONS /api/auth/rootLogin [32m204 [0m3.608 ms - 0[0m
[0mOPTIONS /api/auth/rootLogin [32m204 [0m14.482 ms - 0[0m
[0mGET /api/product/getAllGroceryStaple [36m304 [0m829.836 ms - -[0m
[0mGET /produit/1695754614263T1.jpg [36m304 [0m42.690 ms - -[0m
[0mGET /produit/1695754196334ENST.jpg [36m304 [0m33.869 ms - -[0m
[0mGET /produit/1695753661047tap3.jpg [36m304 [0m31.441 ms - -[0m
[0mGET /produit/1695752820497e3.jpg [36m304 [0m27.716 ms - -[0m
[0mGET /produit/1695751668068ARR32.jpg [36m304 [0m26.023 ms - -[0m
[0mGET /produit/1695747027807TS1.jpg [36m304 [0m29.054 ms - -[0m
[0mOPTIONS /api/auth/rootLogin [32m204 [0m3.667 ms - 0[0m
[0mOPTIONS /api/customer/login [32m204 [0m14.464 ms - 0[0m
[0mPOST /api/customer/login [33m401 [0m372.400 ms - 40[0m
[0mOPTIONS /api/customer/login [32m204 [0m3.080 ms - 0[0m
[0mPOST /api/customer/login [32m200 [0m289.185 ms - 195[0m
[0mGET / [33m404 [0m41.203 ms - 7714[0m
[0mGET /api/customer/getUserByEmailId?email=alice@gmail.com [36m304 [0m295.368 ms - -[0m
[0mGET /api/customer/getUserByEmailId?email=alice@gmail.com [36m304 [0m75.437 ms - -[0m
[0mGET /api/product/getAllGroceryStaple [36m304 [0m33.276 ms - -[0m
[0mGET /produit/1695754614263T1.jpg [36m304 [0m19.629 ms - -[0m
[0mGET /produit/1695754196334ENST.jpg [36m304 [0m11.864 ms - -[0m
[0mGET /produit/1695753661047tap3.jpg [36m304 [0m8.998 ms - -[0m
[0mGET /produit/1695752820497e3.jpg [36m304 [0m4.072 ms - -[0m
[0mGET /produit/1695751668068ARR32.jpg [36m304 [0m9.788 ms - -[0m
[0mGET /produit/1695747027807TS1.jpg [36m304 [0m51.771 ms - -[0m
[0mOPTIONS /api/auth/rootLogin [32m204 [0m3.565 ms - 0[0m
[0mOPTIONS /api/auth/rootLogin [32m204 [0m14.102 ms - 0[0m
[0mOPTIONS /api/auth/rootLogin [32m204 [0m11.948 ms - 0[0m
[0mPOST /api/auth/rootLogin [32m200 [0m45.978 ms - 195[0m
[0mOPTIONS /api/auth/rootLogin [32m204 [0m4.856 ms - 0[0m
[0mPOST /api/auth/rootLogin [32m200 [0m23.273 ms - 195[0m
[0mOPTIONS /api/auth/rootLogin [32m204 [0m5.538 ms - 0[0m
[0mPOST /api/auth/rootLogin [32m200 [0m19.264 ms - 195[0m
[0mOPTIONS /api/auth/rootLogin [32m204 [0m4.461 ms - 0[0m
[0mPOST /api/auth/rootLogin [32m200 [0m313.259 ms - 195[0m
[0mOPTIONS /api/auth/rootLogin [32m204 [0m3.752 ms - 0[0m
[0mPOST /api/auth/rootLogin [32m200 [0m17.780 ms - 195[0m
[0mOPTIONS /api/auth/rootLogin [32m204 [0m3.091 ms - 0[0m
[0mPOST /api/auth/rootLogin [33m401 [0m277.341 ms - 40[0m
[0mOPTIONS /api/auth/rootLogin [32m204 [0m67.299 ms - 0[0m
[0mPOST /api/auth/rootLogin [32m200 [0m13.972 ms - 195[0m
[0mOPTIONS /api/auth/rootLogin [32m204 [0m3.394 ms - 0[0m
[0mPOST /api/auth/rootLogin [32m200 [0m15.799 ms - 195[0m
[0mPOST /api/auth/rootLogin [33m401 [0m100.319 ms - 40[0m
[0mPOST /api/auth/rootLogin [32m200 [0m16.597 ms - 195[0m
[0mOPTIONS /api/auth/rootLogin [32m204 [0m2.654 ms - 0[0m
[0mPOST /api/auth/rootLogin [32m200 [0m32.152 ms - 195[0m
[0mOPTIONS /api/auth/register [32m204 [0m3.117 ms - 0[0m
[0mPOST /api/auth/register [32m200 [0m1686.295 ms - 106[0m
[0mOPTIONS /api/auth/rootLogin [32m204 [0m12.716 ms - 0[0m
[0mPOST /api/auth/rootLogin [32m200 [0m60.647 ms - 195[0m
[0mOPTIONS /api/auth/rootLogin [32m204 [0m2.723 ms - 0[0m
[0mPOST /api/auth/rootLogin [33m401 [0m107.050 ms - 40[0m
[0mOPTIONS /api/auth/rootLogin [32m204 [0m3.631 ms - 0[0m
[0mPOST /api/auth/rootLogin [32m200 [0m15.711 ms - 195[0m
[0mGET /undefined [33m404 [0m4989.752 ms - 7714[0m
[0mGET /produit/1695057529206img-15.jpg [36m304 [0m3181.338 ms - -[0m
[0mGET /produit/16952299068182.jpg [36m304 [0m414.722 ms - -[0m
[0mGET /produit/1695509831576A2.jpg [36m304 [0m124.688 ms - -[0m
[0mGET /produit/1695542682195img-4.jpg [36m304 [0m110.609 ms - -[0m
[0mGET /produit/16955901907111.jpg [36m304 [0m115.325 ms - -[0m
[0mGET /produit/169559021852612.jpg [36m304 [0m65.373 ms - -[0m
[0mGET /api/product/getAllproduct [36m304 [0m390.862 ms - -[0m
[0mGET /api/product/getAllPhoto [32m200 [0m1732.699 ms - 852[0m
[0mGET /produit/1695751668068ARR32.jpg [36m304 [0m110.079 ms - -[0m
[0mGET /produit/1695752733795CAS2.jpg [36m304 [0m109.935 ms - -[0m
[0mGET /produit/1695752720178cas1.jpg [36m304 [0m35.455 ms - -[0m
[0mGET /produit/1695752700202ARR123.jpg [36m304 [0m59.692 ms - -[0m
[0mGET /produit/1695747027807TS1.jpg [36m304 [0m45.668 ms - -[0m
[0mGET /produit/1695752607475TS2.jpg [36m304 [0m59.166 ms - -[0m
[0mGET /produit/1695752683068TS5.jpg [36m304 [0m21.981 ms - -[0m
[0mGET /produit/1695752657914TS3.jpg [36m304 [0m32.384 ms - -[0m
[0mGET /api/order/addressList [31m500 [0m60.544 ms - 34[0m
[0mGET /api/order/addressList [31m500 [0m99.628 ms - 34[0m
[0mGET /api/order/addressList [31m500 [0m81.852 ms - 34[0m
[0mGET /api/order/addressList [32m200 [0m262.150 ms - 1008[0m
[0mGET /api/order/addressList [31m500 [0m72.487 ms - 34[0m
[0mGET /api/order/addressList [32m200 [0m113.569 ms - 1008[0m
[0mGET /api/order/addressList [36m304 [0m32.383 ms - -[0m
[0mGET /api/order/addressList [36m304 [0m20.121 ms - -[0m
[0mGET /api/order/addressList [36m304 [0m19.728 ms - -[0m
[0mGET /api/order/addressList [36m304 [0m56.914 ms - -[0m
[0mGET /api/order/addressList [36m304 [0m26.636 ms - -[0m
[0mGET /api/order/addressList [36m304 [0m25.518 ms - -[0m
[0mGET /api/order/addressList [36m304 [0m38.548 ms - -[0m
[0mGET /api/order/addressList [36m304 [0m17.212 ms - -[0m
[0mGET /api/order/addressList [36m304 [0m14.256 ms - -[0m
[0mGET /api/order/addressList [36m304 [0m27.095 ms - -[0m
[0mGET /api/order/addressList [36m304 [0m20.572 ms - -[0m
[0mGET /api/order/addressList [36m304 [0m71.676 ms - -[0m
[0mGET /api/order/addressList [36m304 [0m16.258 ms - -[0m
[0mGET /api/order/addressList [36m304 [0m18.335 ms - -[0m
[0mGET /api/order/addressList [36m304 [0m16.246 ms - -[0m
[0mGET /api/order/addressList [36m304 [0m18.459 ms - -[0m
[0mGET /api/order/addressList [36m304 [0m23.837 ms - -[0m
[0mGET /api/order/addressList [36m304 [0m35.000 ms - -[0m
[0mGET /api/product/getAllproduct [36m304 [0m192.848 ms - -[0m
[0mGET /api/product/getAllPhoto [32m200 [0m198.411 ms - 852[0m
[0mGET /produit/1695751668068ARR32.jpg [36m304 [0m12.812 ms - -[0m
[0mGET /produit/1695752720178cas1.jpg [36m304 [0m5.457 ms - -[0m
[0mGET /produit/1695752733795CAS2.jpg [36m304 [0m5.800 ms - -[0m
[0mGET /produit/1695752700202ARR123.jpg [36m304 [0m2.712 ms - -[0m
[0mGET /produit/1695747027807TS1.jpg [36m304 [0m4.142 ms - -[0m
[0mGET /produit/1695752607475TS2.jpg [36m304 [0m3.896 ms - -[0m
[0mGET /produit/1695752657914TS3.jpg [36m304 [0m4.012 ms - -[0m
[0mGET /produit/1695752683068TS5.jpg [36m304 [0m3.686 ms - -[0m
[0mGET /api/order/addressList [36m304 [0m2678.206 ms - -[0m
[0mGET /undefined [33m404 [0m4952.987 ms - 7714[0m
[0mGET /produit/1695057529206img-15.jpg [36m304 [0m3.016 ms - -[0m
[0mGET /produit/16952299068182.jpg [36m304 [0m3.154 ms - -[0m
[0mGET /produit/1695509831576A2.jpg [36m304 [0m3.171 ms - -[0m
[0mGET /produit/1695542682195img-4.jpg [36m304 [0m68.094 ms - -[0m
[0mGET /produit/16955901907111.jpg [36m304 [0m10.738 ms - -[0m
[0mGET /produit/169559021852612.jpg [36m304 [0m9.162 ms - -[0m
[0mGET /api/product/getAllGroceryStaple [36m304 [0m171.918 ms - -[0m
[0mGET /produit/1695754614263T1.jpg [36m304 [0m67.267 ms - -[0m
[0mGET /produit/1695754196334ENST.jpg [36m304 [0m13.315 ms - -[0m
[0mGET /produit/1695751668068ARR32.jpg [36m304 [0m5.514 ms - -[0m
[0mGET /produit/1695753661047tap3.jpg [36m304 [0m70.200 ms - -[0m
[0mGET /produit/1695747027807TS1.jpg [36m304 [0m3.649 ms - -[0m
[0mGET /produit/1695752820497e3.jpg [36m304 [0m41.389 ms - -[0m
[0mGET /api/order/cartList [31m500 [0m89.694 ms - 34[0m
[0mGET /api/order/cartList [31m500 [0m52.939 ms - 34[0m
[0mGET /api/order/cartList [32m200 [0m84.598 ms - 798[0m
[0mGET /api/order/cartList [32m200 [0m26.951 ms - 798[0m
[0mGET /api/order/cartList [36m304 [0m22.885 ms - -[0m
[0mGET /api/order/cartList [36m304 [0m16.913 ms - -[0m
[0mGET /api/order/cartList [36m304 [0m18.263 ms - -[0m
[0mGET /api/order/cartList [36m304 [0m17.925 ms - -[0m
[0mGET /api/order/cartList [36m304 [0m16.017 ms - -[0m
[0mGET /api/order/cartList [36m304 [0m11.337 ms - -[0m
[0mGET /api/order/cartList [36m304 [0m30.743 ms - -[0m
[0mGET /api/order/cartList [36m304 [0m14.617 ms - -[0m
[0mGET /api/order/cartList [36m304 [0m123.510 ms - -[0m
[0mGET /api/order/cartList [36m304 [0m46.829 ms - -[0m
[0mGET /api/order/cartList [36m304 [0m54.911 ms - -[0m
[0mGET /api/product/getAllPhoto [32m200 [0m840.413 ms - 852[0m
[0mGET /api/order/cartList [32m200 [0m226.540 ms - 798[0m
[0mGET /api/order/cartList [36m304 [0m14.281 ms - -[0m
[0mGET /api/order/cartList [36m304 [0m54.216 ms - -[0m
[0mGET /api/order/cartList [36m304 [0m68.996 ms - -[0m
[0mGET /api/order/cartList [36m304 [0m12.250 ms - -[0m
[0mGET /produit/1695751668068ARR32.jpg [36m304 [0m321.121 ms - -[0m
[0mGET /produit/1695752820497e3.jpg [36m304 [0m103.695 ms - -[0m
[0mGET /produit/1695753661047tap3.jpg [36m304 [0m131.003 ms - -[0m
[0mGET /produit/1695754196334ENST.jpg [36m304 [0m4.524 ms - -[0m
[0mGET /api/order/cartList [36m304 [0m64.639 ms - -[0m
[0mGET /undefined [33m404 [0m1242.290 ms - 7714[0m
[0mGET /api/order/cartList [36m304 [0m30.839 ms - -[0m
[0mGET /api/order/cartList [36m304 [0m41.328 ms - -[0m
[0mGET /api/order/cartList [36m304 [0m135.521 ms - -[0m
[0mGET /api/order/cartList [36m304 [0m13.876 ms - -[0m
[0mGET /api/order/cartList [36m304 [0m33.982 ms - -[0m
[0mGET /api/product/getAllGroceryStaple [36m304 [0m769.824 ms - -[0m
[0mGET /produit/1695751668068ARR32.jpg [36m304 [0m63.280 ms - -[0m
[0mGET /produit/1695753661047tap3.jpg [36m304 [0m57.065 ms - -[0m
[0mGET /produit/1695752820497e3.jpg [36m304 [0m54.874 ms - -[0m
[0mGET /produit/1695754614263T1.jpg [36m304 [0m30.228 ms - -[0m
[0mGET /produit/1695747027807TS1.jpg [36m304 [0m29.028 ms - -[0m
[0mGET /produit/1695754196334ENST.jpg [36m304 [0m29.476 ms - -[0m
[0mGET /api/product/getAllGroceryStaple [36m304 [0m78.662 ms - -[0m
[0mGET /produit/1695753661047tap3.jpg [36m304 [0m101.448 ms - -[0m
[0mGET /produit/1695747027807TS1.jpg [36m304 [0m98.396 ms - -[0m
[0mGET /produit/1695754196334ENST.jpg [36m304 [0m41.507 ms - -[0m
[0mGET /produit/1695752820497e3.jpg [36m304 [0m37.378 ms - -[0m
[0mGET /produit/1695754614263T1.jpg [36m304 [0m37.882 ms - -[0m
[0mGET /produit/1695751668068ARR32.jpg [36m304 [0m20.720 ms - -[0m
[0mGET /api/product/getAllGroceryStaple [36m304 [0m230.028 ms - -[0m
[0mGET /produit/1695754614263T1.jpg [36m304 [0m62.131 ms - -[0m
[0mGET /produit/1695754196334ENST.jpg [36m304 [0m4.734 ms - -[0m
[0mGET /produit/1695752820497e3.jpg [36m304 [0m8.455 ms - -[0m
[0mGET /produit/1695753661047tap3.jpg [36m304 [0m7.060 ms - -[0m
[0mGET /produit/1695751668068ARR32.jpg [36m304 [0m144.679 ms - -[0m
[0mGET /produit/1695747027807TS1.jpg [36m304 [0m67.710 ms - -[0m
[0mGET /api/product/getAllGroceryStaple [36m304 [0m272.053 ms - -[0m
[0mGET /produit/1695754614263T1.jpg [36m304 [0m344.072 ms - -[0m
[0mGET /produit/1695754196334ENST.jpg [36m304 [0m356.391 ms - -[0m
[0mGET /produit/1695752820497e3.jpg [36m304 [0m318.556 ms - -[0m
[0mGET /produit/1695753661047tap3.jpg [36m304 [0m357.186 ms - -[0m
[0mGET /produit/1695751668068ARR32.jpg [36m304 [0m318.140 ms - -[0m
[0mGET /produit/1695747027807TS1.jpg [36m304 [0m34.843 ms - -[0m
[0mGET /api/product/getAllGroceryStaple [36m304 [0m190.203 ms - -[0m
[0mGET /produit/1695754614263T1.jpg [36m304 [0m553.649 ms - -[0m
[0mGET /produit/1695754196334ENST.jpg [36m304 [0m519.906 ms - -[0m
[0mGET /produit/1695753661047tap3.jpg [36m304 [0m510.326 ms - -[0m
[0mGET /produit/1695752820497e3.jpg [36m304 [0m506.906 ms - -[0m
[0mGET /produit/1695751668068ARR32.jpg [36m304 [0m216.745 ms - -[0m
[0mGET /produit/1695747027807TS1.jpg [36m304 [0m217.171 ms - -[0m
[0mGET /api/product/getAllGroceryStaple [36m304 [0m179.835 ms - -[0m
[0mGET /produit/1695754614263T1.jpg [36m304 [0m4.513 ms - -[0m
[0mGET /produit/1695754196334ENST.jpg [36m304 [0m24.935 ms - -[0m
[0mGET /produit/1695753661047tap3.jpg [36m304 [0m21.545 ms - -[0m
[0mGET /produit/1695752820497e3.jpg [36m304 [0m15.385 ms - -[0m
[0mGET /produit/1695751668068ARR32.jpg [36m304 [0m15.958 ms - -[0m
[0mGET /produit/1695747027807TS1.jpg [36m304 [0m11.569 ms - -[0m
[0mGET /api/product/getAllGroceryStaple [36m304 [0m2177.595 ms - -[0m
[0mGET /produit/1695754614263T1.jpg [36m304 [0m2.370 ms - -[0m
[0mGET /produit/1695754196334ENST.jpg [36m304 [0m44.423 ms - -[0m
[0mGET /produit/1695753661047tap3.jpg [36m304 [0m5.276 ms - -[0m
[0mGET /produit/1695752820497e3.jpg [36m304 [0m4.370 ms - -[0m
[0mGET /produit/1695751668068ARR32.jpg [36m304 [0m3.257 ms - -[0m
[0mGET /produit/1695747027807TS1.jpg [36m304 [0m128.929 ms - -[0m
[0mGET /api/product/getAllGroceryStaple [36m304 [0m100.088 ms - -[0m
[0mGET /api/product/getAllGroceryStaple [36m304 [0m1356.423 ms - -[0m
[0mGET /api/product/getAllGroceryStaple [36m304 [0m12.690 ms - -[0m
[0mGET /api/product/getAllGroceryStaple [36m304 [0m102.024 ms - -[0m
[0mGET /undefined [33m404 [0m3316.718 ms - 7714[0m
[0mGET /api/product/getAllGroceryStaple [36m304 [0m188.780 ms - -[0m
[0mGET /api/product/getAllGroceryStaple [36m304 [0m856.864 ms - -[0m
[0mGET /produit/1695751668068ARR32.jpg [36m304 [0m2.526 ms - -[0m
[0mGET /api/product/getAllGroceryStaple [36m304 [0m117.019 ms - -[0m
[0mGET /produit/1695754196334ENST.jpg [36m304 [0m60.714 ms - -[0m
[0mGET /produit/1695754614263T1.jpg [36m304 [0m58.992 ms - -[0m
[0mGET /produit/1695753661047tap3.jpg [36m304 [0m55.152 ms - -[0m
[0mGET /produit/1695752820497e3.jpg [36m304 [0m53.404 ms - -[0m
[0mGET /produit/1695747027807TS1.jpg [36m304 [0m33.044 ms - -[0m
[0mGET /api/product/getAllGroceryStaple [36m304 [0m79.325 ms - -[0m
[0mGET /api/product/getAllGroceryStaple [36m304 [0m10.880 ms - -[0m
[0mGET /api/product/getAllGroceryStaple [36m304 [0m453.835 ms - -[0m
[0mGET /api/product/getAllGroceryStaple [36m304 [0m1948.021 ms - -[0m
[0mGET /produit/1695751668068ARR32.jpg [36m304 [0m1302.196 ms - -[0m
[0mGET /produit/1695754614263T1.jpg [36m304 [0m1403.162 ms - -[0m
[0mGET /produit/1695754196334ENST.jpg [36m304 [0m1400.754 ms - -[0m
[0mGET /produit/1695753661047tap3.jpg [36m304 [0m955.083 ms - -[0m
[0mGET /produit/1695752820497e3.jpg [36m304 [0m12.004 ms - -[0m
[0mGET /produit/1695747027807TS1.jpg [36m304 [0m11.537 ms - -[0m
[0mGET /api/product/getAllGroceryStaple [36m304 [0m270.073 ms - -[0m
[0mGET /produit/1695751668068ARR32.jpg [36m304 [0m121.197 ms - -[0m
[0mGET /api/product/getAllGroceryStaple [36m304 [0m17.167 ms - -[0m
[0mGET /produit/1695754614263T1.jpg [36m304 [0m349.967 ms - -[0m
[0mGET /produit/1695754196334ENST.jpg [36m304 [0m275.335 ms - -[0m
[0mGET /produit/1695753661047tap3.jpg [36m304 [0m8.849 ms - -[0m
[0mGET /produit/1695752820497e3.jpg [36m304 [0m9.749 ms - -[0m
[0mGET /produit/1695747027807TS1.jpg [36m304 [0m11.452 ms - -[0m
[0mGET /produit/1695751668068ARR32.jpg [36m304 [0m3.665 ms - -[0m
[0mGET /api/product/getAllGroceryStaple [36m304 [0m1276.874 ms - -[0m
[0mGET /api/product/getAllGroceryStaple [0m- [0m- ms - -[0m
[0mGET /produit/1695751668068ARR32.jpg [32m200 [0m3373.341 ms - 1907[0m
[0mGET /api/product/getAllGroceryStaple [32m200 [0m5937.834 ms - 2146[0m
[0mGET /produit/1695754614263T1.jpg [36m304 [0m9.995 ms - -[0m
[0mGET /produit/1695754196334ENST.jpg [36m304 [0m8.203 ms - -[0m
[0mGET /produit/1695753661047tap3.jpg [36m304 [0m7.030 ms - -[0m
[0mGET /produit/1695752820497e3.jpg [36m304 [0m4.592 ms - -[0m
[0mGET /produit/1695747027807TS1.jpg [36m304 [0m3.770 ms - -[0m
[0mGET /produit/1695751668068ARR32.jpg [36m304 [0m2.236 ms - -[0m
[0mGET /api/product/getAllGroceryStaple [36m304 [0m290.738 ms - -[0m
[0mGET /produit/1695754614263T1.jpg [36m304 [0m6.394 ms - -[0m
[0mGET /produit/1695754196334ENST.jpg [36m304 [0m5.652 ms - -[0m
[0mGET /produit/1695753661047tap3.jpg [36m304 [0m8.107 ms - -[0m
[0mGET /produit/1695752820497e3.jpg [36m304 [0m7.754 ms - -[0m
[0mGET /produit/1695747027807TS1.jpg [36m304 [0m7.420 ms - -[0m
[0mGET /produit/1695751668068ARR32.jpg [36m304 [0m3.371 ms - -[0m
[0mGET /api/product/getAllGroceryStaple [36m304 [0m816.243 ms - -[0m
[0mGET /produit/1695754614263T1.jpg [36m304 [0m3.625 ms - -[0m
[0mGET /produit/1695754196334ENST.jpg [36m304 [0m3.851 ms - -[0m
[0mGET /produit/1695753661047tap3.jpg [36m304 [0m3.581 ms - -[0m
[0mGET /produit/1695752820497e3.jpg [36m304 [0m3.710 ms - -[0m
[0mGET /produit/1695747027807TS1.jpg [36m304 [0m3.324 ms - -[0m
[0mGET /produit/1695751668068ARR32.jpg [36m304 [0m3.171 ms - -[0m
[0mGET /api/product/getAllGroceryStaple [36m304 [0m14.028 ms - -[0m
[0mGET /produit/1695754614263T1.jpg [36m304 [0m3.759 ms - -[0m
[0mGET /produit/1695754196334ENST.jpg [36m304 [0m3.318 ms - -[0m
[0mGET /produit/1695753661047tap3.jpg [36m304 [0m3.402 ms - -[0m
[0mGET /produit/1695752820497e3.jpg [36m304 [0m7.491 ms - -[0m
[0mGET /produit/1695747027807TS1.jpg [36m304 [0m6.553 ms - -[0m
[0mGET /produit/1695751668068ARR32.jpg [36m304 [0m3.328 ms - -[0m
[0mGET /api/product/getAllGroceryStaple [36m304 [0m20.209 ms - -[0m
[0mGET /produit/1695754614263T1.jpg [36m304 [0m8.504 ms - -[0m
[0mGET /produit/1695754196334ENST.jpg [36m304 [0m11.194 ms - -[0m
[0mGET /produit/1695753661047tap3.jpg [36m304 [0m7.650 ms - -[0m
[0mGET /produit/1695752820497e3.jpg [36m304 [0m5.261 ms - -[0m
[0mGET /produit/1695747027807TS1.jpg [36m304 [0m3.610 ms - -[0m
[0mGET /produit/1695751668068ARR32.jpg [36m304 [0m8.932 ms - -[0m
[0mGET /api/product/getAllGroceryStaple [36m304 [0m770.172 ms - -[0m
[0mGET /produit/1695754614263T1.jpg [36m304 [0m1698.457 ms - -[0m
[0mGET /produit/1695754196334ENST.jpg [36m304 [0m1643.292 ms - -[0m
[0mGET /produit/1695753661047tap3.jpg [36m304 [0m1642.507 ms - -[0m
[0mGET /produit/1695752820497e3.jpg [36m304 [0m1278.025 ms - -[0m
[0mGET /produit/1695747027807TS1.jpg [36m304 [0m959.800 ms - -[0m
[0mGET /produit/1695751668068ARR32.jpg [36m304 [0m4.560 ms - -[0m
[0mGET /api/product/getAllGroceryStaple [36m304 [0m19.506 ms - -[0m
[0mGET /produit/1695754614263T1.jpg [36m304 [0m5.538 ms - -[0m
[0mGET /produit/1695754196334ENST.jpg [36m304 [0m8.878 ms - -[0m
[0mGET /produit/1695753661047tap3.jpg [36m304 [0m10.987 ms - -[0m
[0mGET /produit/1695752820497e3.jpg [36m304 [0m6.399 ms - -[0m
[0mGET /produit/1695747027807TS1.jpg [36m304 [0m4.659 ms - -[0m
[0mGET /produit/1695751668068ARR32.jpg [36m304 [0m66.832 ms - -[0m
[0mGET /api/product/getAllGroceryStaple [36m304 [0m12.013 ms - -[0m
[0mGET /produit/1695754614263T1.jpg [36m304 [0m10.653 ms - -[0m
[0mGET /produit/1695754196334ENST.jpg [36m304 [0m12.621 ms - -[0m
[0mGET /produit/1695753661047tap3.jpg [36m304 [0m13.305 ms - -[0m
[0mGET /produit/1695752820497e3.jpg [36m304 [0m11.081 ms - -[0m
[0mGET /produit/1695747027807TS1.jpg [36m304 [0m7.780 ms - -[0m
[0mGET /produit/1695751668068ARR32.jpg [36m304 [0m3.026 ms - -[0m
[0mGET /api/product/getAllGroceryStaple [36m304 [0m53.626 ms - -[0m
[0mGET /produit/1695754614263T1.jpg [36m304 [0m25.528 ms - -[0m
[0mGET /produit/1695754196334ENST.jpg [36m304 [0m23.093 ms - -[0m
[0mGET /produit/1695753661047tap3.jpg [36m304 [0m21.434 ms - -[0m
[0mGET /produit/1695752820497e3.jpg [36m304 [0m17.615 ms - -[0m
[0mGET /produit/1695747027807TS1.jpg [36m304 [0m17.171 ms - -[0m
[0mGET /api/product/getAllGroceryStaple [36m304 [0m25.455 ms - -[0m
[0mGET /produit/1695754614263T1.jpg [36m304 [0m19.197 ms - -[0m
[0mGET /produit/1695754196334ENST.jpg [36m304 [0m147.093 ms - -[0m
[0mGET /produit/1695753661047tap3.jpg [36m304 [0m146.974 ms - -[0m
[0mGET /produit/1695752820497e3.jpg [36m304 [0m142.868 ms - -[0m
[0mGET /produit/1695751668068ARR32.jpg [36m304 [0m144.323 ms - -[0m
[0mGET /produit/1695747027807TS1.jpg [36m304 [0m145.872 ms - -[0m
[0mGET /produit/1695751668068ARR32.jpg [36m304 [0m2.806 ms - -[0m
[0mGET /api/product/getAllGroceryStaple [36m304 [0m15.496 ms - -[0m
[0mGET /produit/1695754614263T1.jpg [36m304 [0m8.513 ms - -[0m
[0mGET /produit/1695754196334ENST.jpg [36m304 [0m28.190 ms - -[0m
[0mGET /produit/1695753661047tap3.jpg [36m304 [0m26.483 ms - -[0m
[0mGET /produit/1695752820497e3.jpg [36m304 [0m21.597 ms - -[0m
[0mGET /produit/1695747027807TS1.jpg [36m304 [0m21.102 ms - -[0m
[0mGET /api/product/getAllGroceryStaple [36m304 [0m11.585 ms - -[0m
[0mGET /produit/1695751668068ARR32.jpg [36m304 [0m3.317 ms - -[0m
[0mGET /api/product/getAllGroceryStaple [36m304 [0m15.536 ms - -[0m
[0mGET /produit/1695754614263T1.jpg [36m304 [0m4.284 ms - -[0m
[0mGET /produit/1695754196334ENST.jpg [36m304 [0m7.444 ms - -[0m
[0mGET /produit/1695753661047tap3.jpg [36m304 [0m8.258 ms - -[0m
[0mGET /produit/1695752820497e3.jpg [36m304 [0m8.733 ms - -[0m
[0mGET /produit/1695747027807TS1.jpg [36m304 [0m5.896 ms - -[0m
[0mGET /produit/1695751668068ARR32.jpg [36m304 [0m3.012 ms - -[0m
[0mGET /api/product/getAllGroceryStaple [36m304 [0m13.124 ms - -[0m
[0mGET /produit/1695754614263T1.jpg [36m304 [0m4.192 ms - -[0m
[0mGET /produit/1695754196334ENST.jpg [36m304 [0m5.606 ms - -[0m
[0mGET /produit/1695753661047tap3.jpg [36m304 [0m4.165 ms - -[0m
[0mGET /produit/1695752820497e3.jpg [36m304 [0m4.810 ms - -[0m
[0mGET /produit/1695747027807TS1.jpg [36m304 [0m3.961 ms - -[0m
[0mGET /produit/1695751668068ARR32.jpg [36m304 [0m3.392 ms - -[0m
[0mGET /api/product/getAllGroceryStaple [36m304 [0m11.384 ms - -[0m
[0mGET /produit/1695754614263T1.jpg [36m304 [0m9.331 ms - -[0m
[0mGET /produit/1695754196334ENST.jpg [36m304 [0m7.325 ms - -[0m
[0mGET /produit/1695753661047tap3.jpg [36m304 [0m6.258 ms - -[0m
[0mGET /produit/1695752820497e3.jpg [36m304 [0m3.630 ms - -[0m
[0mGET /produit/1695747027807TS1.jpg [36m304 [0m3.369 ms - -[0m
[0mGET /produit/1695751668068ARR32.jpg [36m304 [0m3.499 ms - -[0m
[0mGET /api/product/getAllGroceryStaple [36m304 [0m13.569 ms - -[0m
[0mGET /produit/1695754614263T1.jpg [36m304 [0m3.581 ms - -[0m
[0mGET /produit/1695754196334ENST.jpg [36m304 [0m3.986 ms - -[0m
[0mGET /produit/1695753661047tap3.jpg [36m304 [0m3.624 ms - -[0m
[0mGET /produit/1695752820497e3.jpg [36m304 [0m3.531 ms - -[0m
[0mGET /produit/1695747027807TS1.jpg [36m304 [0m4.059 ms - -[0m
[0mGET /produit/1695751668068ARR32.jpg [36m304 [0m81.032 ms - -[0m
[0mGET /api/product/getAllGroceryStaple [36m304 [0m11.117 ms - -[0m
[0mGET /produit/1695754614263T1.jpg [36m304 [0m6.508 ms - -[0m
[0mGET /produit/1695754196334ENST.jpg [36m304 [0m7.035 ms - -[0m
[0mGET /produit/1695753661047tap3.jpg [36m304 [0m6.965 ms - -[0m
[0mGET /produit/1695752820497e3.jpg [36m304 [0m10.447 ms - -[0m
[0mGET /produit/1695747027807TS1.jpg [36m304 [0m6.990 ms - -[0m
[0mGET /produit/1695751668068ARR32.jpg [36m304 [0m2.177 ms - -[0m
[0mGET /api/product/getAllGroceryStaple [36m304 [0m15.679 ms - -[0m
[0mGET /produit/1695754614263T1.jpg [36m304 [0m17.677 ms - -[0m
[0mGET /produit/1695754196334ENST.jpg [36m304 [0m14.720 ms - -[0m
[0mGET /produit/1695753661047tap3.jpg [36m304 [0m13.077 ms - -[0m
[0mGET /produit/1695752820497e3.jpg [36m304 [0m10.613 ms - -[0m
[0mGET /produit/1695747027807TS1.jpg [36m304 [0m13.724 ms - -[0m
[0mGET /produit/1695751668068ARR32.jpg [36m304 [0m3.577 ms - -[0m
[0mGET /api/product/getAllGroceryStaple [36m304 [0m9.976 ms - -[0m
[0mGET /produit/1695754614263T1.jpg [36m304 [0m5.299 ms - -[0m
[0mGET /produit/1695754196334ENST.jpg [36m304 [0m5.639 ms - -[0m
[0mGET /produit/1695753661047tap3.jpg [36m304 [0m9.705 ms - -[0m
[0mGET /produit/1695752820497e3.jpg [36m304 [0m11.581 ms - -[0m
[0mGET /produit/1695747027807TS1.jpg [36m304 [0m2.681 ms - -[0m
[0mGET /produit/1695751668068ARR32.jpg [36m304 [0m3.838 ms - -[0m
[0mGET /api/product/getAllGroceryStaple [36m304 [0m10.783 ms - -[0m
[0mGET /produit/1695754614263T1.jpg [36m304 [0m147.200 ms - -[0m
[0mGET /produit/1695754196334ENST.jpg [36m304 [0m144.963 ms - -[0m
[0mGET /produit/1695753661047tap3.jpg [36m304 [0m142.361 ms - -[0m
[0mGET /produit/1695752820497e3.jpg [36m304 [0m140.691 ms - -[0m
[0mGET /produit/1695747027807TS1.jpg [36m304 [0m12.429 ms - -[0m
[0mGET /produit/1695751668068ARR32.jpg [36m304 [0m2.869 ms - -[0m
[0mGET /api/product/getAllGroceryStaple [36m304 [0m10.232 ms - -[0m
[0mGET /produit/1695754614263T1.jpg [36m304 [0m11.534 ms - -[0m
[0mGET /produit/1695754196334ENST.jpg [36m304 [0m16.648 ms - -[0m
[0mGET /produit/1695753661047tap3.jpg [36m304 [0m18.778 ms - -[0m
[0mGET /produit/1695752820497e3.jpg [36m304 [0m12.792 ms - -[0m
[0mGET /produit/1695747027807TS1.jpg [36m304 [0m7.763 ms - -[0m
[0mGET /produit/1695751668068ARR32.jpg [36m304 [0m2.912 ms - -[0m
[0mGET /api/product/getAllGroceryStaple [36m304 [0m8.363 ms - -[0m
[0mGET /produit/1695754614263T1.jpg [36m304 [0m3.442 ms - -[0m
[0mGET /produit/1695754196334ENST.jpg [36m304 [0m76.474 ms - -[0m
[0mGET /produit/1695753661047tap3.jpg [36m304 [0m75.295 ms - -[0m
[0mGET /produit/1695752820497e3.jpg [36m304 [0m15.369 ms - -[0m
[0mGET /produit/1695747027807TS1.jpg [36m304 [0m13.068 ms - -[0m
[0mGET /produit/1695751668068ARR32.jpg [36m304 [0m5.177 ms - -[0m
[0mGET /api/product/getAllGroceryStaple [36m304 [0m133.188 ms - -[0m
[0mGET /produit/1695751668068ARR32.jpg [36m304 [0m3.594 ms - -[0m
[0mGET /api/product/getAllGroceryStaple [36m304 [0m9.351 ms - -[0m
[0mGET /produit/1695754614263T1.jpg [36m304 [0m12.404 ms - -[0m
[0mGET /produit/1695754196334ENST.jpg [36m304 [0m10.447 ms - -[0m
[0mGET /produit/1695753661047tap3.jpg [36m304 [0m6.373 ms - -[0m
[0mGET /produit/1695752820497e3.jpg [36m304 [0m7.178 ms - -[0m
[0mGET /produit/1695747027807TS1.jpg [36m304 [0m3.973 ms - -[0m
[0mGET /produit/1695751668068ARR32.jpg [36m304 [0m4.607 ms - -[0m
[0mGET /api/product/getAllGroceryStaple [36m304 [0m11.964 ms - -[0m
[0mGET /produit/1695754614263T1.jpg [36m304 [0m3.189 ms - -[0m
[0mGET /produit/1695754196334ENST.jpg [36m304 [0m3.160 ms - -[0m
[0mGET /produit/1695753661047tap3.jpg [36m304 [0m3.495 ms - -[0m
[0mGET /produit/1695752820497e3.jpg [36m304 [0m3.581 ms - -[0m
[0mGET /produit/1695747027807TS1.jpg [36m304 [0m2.545 ms - -[0m
[0mGET /produit/1695751668068ARR32.jpg [36m304 [0m2.415 ms - -[0m
[0mGET /api/product/getAllGroceryStaple [36m304 [0m12.860 ms - -[0m
[0mGET /produit/1695754614263T1.jpg [36m304 [0m2.972 ms - -[0m
[0mGET /produit/1695754196334ENST.jpg [36m304 [0m6.027 ms - -[0m
[0mGET /produit/1695753661047tap3.jpg [36m304 [0m4.582 ms - -[0m
[0mGET /produit/1695752820497e3.jpg [36m304 [0m67.545 ms - -[0m
[0mGET /produit/1695747027807TS1.jpg [36m304 [0m4.935 ms - -[0m
[0mGET /produit/1695752820497e3.jpg [36m304 [0m11.293 ms - -[0m
[0mGET /produit/1695751668068ARR32.jpg [36m304 [0m9.395 ms - -[0m
[0mGET /produit/1695747027807TS1.jpg [36m304 [0m8.039 ms - -[0m
[0mGET /produit/1695754614263T1.jpg [36m304 [0m8.041 ms - -[0m
[0mGET /produit/1695754196334ENST.jpg [36m304 [0m5.177 ms - -[0m
[0mGET /produit/1695753661047tap3.jpg [36m304 [0m5.310 ms - -[0m
[0mGET /api/product/getAllGroceryStaple [36m304 [0m20.520 ms - -[0m
[0mGET /produit/1695751668068ARR32.jpg [36m304 [0m2393.211 ms - -[0m
[0mGET /produit/1695754614263T1.jpg [36m304 [0m12.470 ms - -[0m
[0mGET /produit/1695747027807TS1.jpg [36m304 [0m7.695 ms - -[0m
[0mGET /produit/1695754196334ENST.jpg [36m304 [0m7.426 ms - -[0m
[0mGET /produit/1695752820497e3.jpg [36m304 [0m8.267 ms - -[0m
[0mGET /produit/1695753661047tap3.jpg [36m304 [0m12.424 ms - -[0m
[0mGET /produit/1695751668068ARR32.jpg [36m304 [0m4.202 ms - -[0m
[0mGET /api/product/getAllGroceryStaple [36m304 [0m4951.315 ms - -[0m
[0mGET /produit/1695754614263T1.jpg [36m304 [0m251.818 ms - -[0m
[0mGET /produit/1695754196334ENST.jpg [36m304 [0m295.407 ms - -[0m
[0mGET /produit/1695753661047tap3.jpg [36m304 [0m55.914 ms - -[0m
[0mGET /produit/1695752820497e3.jpg [36m304 [0m54.427 ms - -[0m
[0mGET /produit/1695747027807TS1.jpg [36m304 [0m54.332 ms - -[0m
[0mGET /produit/1695751668068ARR32.jpg [36m304 [0m3.206 ms - -[0m
[0mGET /api/product/getAllGroceryStaple [36m304 [0m1061.146 ms - -[0m
[0mGET /produit/1695754614263T1.jpg [36m304 [0m60.654 ms - -[0m
[0mGET /produit/1695754196334ENST.jpg [36m304 [0m46.721 ms - -[0m
[0mGET /produit/1695747027807TS1.jpg [36m304 [0m27.878 ms - -[0m
[0mGET /produit/1695752820497e3.jpg [36m304 [0m26.038 ms - -[0m
[0mGET /produit/1695753661047tap3.jpg [36m304 [0m23.803 ms - -[0m
[0mGET /api/product/getAllGroceryStaple [36m304 [0m4856.845 ms - -[0m
[0mGET /produit/1695753661047tap3.jpg [36m304 [0m2120.930 ms - -[0m
[0mGET /produit/1695754196334ENST.jpg [36m304 [0m321.984 ms - -[0m
[0mGET /produit/1695754614263T1.jpg [36m304 [0m277.483 ms - -[0m
[0mGET /produit/1695752820497e3.jpg [36m304 [0m184.524 ms - -[0m
[0mGET /produit/1695751668068ARR32.jpg [36m304 [0m122.580 ms - -[0m
[0mGET /produit/1695747027807TS1.jpg [36m304 [0m93.289 ms - -[0m
[0mGET /produit/1695751668068ARR32.jpg [36m304 [0m15.172 ms - -[0m
[0mGET /produit/1695751668068ARR32.jpg [36m304 [0m1640.536 ms - -[0m
[0mGET /api/product/getAllGroceryStaple [36m304 [0m1802.133 ms - -[0m
[0mGET /produit/1695754614263T1.jpg [36m304 [0m53.751 ms - -[0m
[0mGET /produit/1695754196334ENST.jpg [36m304 [0m280.556 ms - -[0m
[0mGET /produit/1695753661047tap3.jpg [36m304 [0m121.214 ms - -[0m
[0mGET /produit/1695752820497e3.jpg [36m304 [0m31.057 ms - -[0m
[0mGET /produit/1695747027807TS1.jpg [36m304 [0m4.142 ms - -[0m
[0mGET /produit/1695751668068ARR32.jpg [36m304 [0m133.313 ms - -[0m
[0mGET /api/product/getAllGroceryStaple [36m304 [0m2509.971 ms - -[0m
[0mGET /produit/1695754614263T1.jpg [36m304 [0m141.358 ms - -[0m
[0mGET /produit/1695747027807TS1.jpg [36m304 [0m615.316 ms - -[0m
[0mGET /produit/1695753661047tap3.jpg [36m304 [0m634.683 ms - -[0m
[0mGET /produit/1695754196334ENST.jpg [36m304 [0m637.685 ms - -[0m
[0mGET /produit/1695752820497e3.jpg [36m304 [0m95.681 ms - -[0m
[0mGET /undefined [33m404 [0m7297.617 ms - 7714[0m
[0mGET /produit/169559021852612.jpg [36m304 [0m3498.284 ms - -[0m
[0mGET /produit/1695542682195img-4.jpg [36m304 [0m2298.243 ms - -[0m
[0mGET /produit/1695502817176img-9.jpg [36m304 [0m2297.574 ms - -[0m
[0mGET /produit/16955901907111.jpg [36m304 [0m2249.796 ms - -[0m
[0mGET /produit/16952299068182.jpg [36m304 [0m2272.254 ms - -[0m
[0mGET /produit/1695509831576A2.jpg [36m304 [0m2271.522 ms - -[0m
[0mGET /produit/1695057620846big-1.jpg [36m304 [0m27.753 ms - -[0m
[0mGET /produit/1695063570136big-4.jpg [36m304 [0m138.486 ms - -[0m
[0mGET /produit/1695057678292img-8.jpg [36m304 [0m248.812 ms - -[0m
[0mGET /produit/1695057529206img-15.jpg [36m304 [0m417.555 ms - -[0m
[0mGET /produit/1695057725821img-14.jpg [36m304 [0m441.406 ms - -[0m
[0mGET /undefined [33m404 [0m193.152 ms - 7714[0m
[0mGET /produit/169559021852612.jpg [36m304 [0m316.713 ms - -[0m
[0mGET /produit/1695502817176img-9.jpg [36m304 [0m328.509 ms - -[0m
[0mGET /produit/16952299068182.jpg [36m304 [0m152.298 ms - -[0m
[0mGET /produit/16955901907111.jpg [36m304 [0m744.530 ms - -[0m
[0mGET /produit/1695509831576A2.jpg [36m304 [0m743.066 ms - -[0m
[0mGET /produit/1695542682195img-4.jpg [36m304 [0m776.047 ms - -[0m
[0mGET /produit/1695063570136big-4.jpg [36m304 [0m1849.432 ms - -[0m
[0mGET /produit/1695057725821img-14.jpg [36m304 [0m1432.450 ms - -[0m
[0mGET /produit/1695057678292img-8.jpg [36m304 [0m1506.034 ms - -[0m
[0mGET /produit/1695057620846big-1.jpg [36m304 [0m181.748 ms - -[0m
[0mGET /produit/1695057529206img-15.jpg [36m304 [0m182.178 ms - -[0m
[0mGET /undefined [33m404 [0m1069.740 ms - 7714[0m
[0mGET /produit/169559021852612.jpg [36m304 [0m4608.088 ms - -[0m
[0mGET /produit/16955901907111.jpg [36m304 [0m2209.464 ms - -[0m
[0mGET /produit/1695542682195img-4.jpg [36m304 [0m2208.946 ms - -[0m
[0mGET /produit/1695509831576A2.jpg [36m304 [0m1832.935 ms - -[0m
[0mGET /produit/1695502817176img-9.jpg [36m304 [0m1779.645 ms - -[0m
[0mGET /produit/16952299068182.jpg [36m304 [0m167.157 ms - -[0m
[0mGET /produit/1695063570136big-4.jpg [36m304 [0m156.649 ms - -[0m
[0mGET /produit/1695057725821img-14.jpg [36m304 [0m150.781 ms - -[0m
[0mGET /produit/1695057678292img-8.jpg [36m304 [0m148.269 ms - -[0m
[0mGET /produit/1695057620846big-1.jpg [36m304 [0m149.299 ms - -[0m
[0mGET /produit/1695057529206img-15.jpg [36m304 [0m205.123 ms - -[0m
