[0mGET /api/order/addressList [32m200 [0m1998.491 ms - 974[0m
[0mGET /api/order/addressList [36m304 [0m118.614 ms - -[0m
[0mGET /api/order/addressList [36m304 [0m420.343 ms - -[0m
[0mGET /api/order/addressList [36m304 [0m731.387 ms - -[0m
[0mGET /api/order/addressList [36m304 [0m571.446 ms - -[0m
[0mGET /api/order/addressList [36m304 [0m429.286 ms - -[0m
[0mGET /api/product/getAllproduct [36m304 [0m1494.585 ms - -[0m
[0mGET /produit/1695754614263T1.jpg [36m304 [0m388.648 ms - -[0m
[0mGET /produit/1695754196334ENST.jpg [36m304 [0m307.395 ms - -[0m
[0mGET /produit/1696448643139ARR3.jpg [36m304 [0m238.602 ms - -[0m
[0mGET /produit/1695752820497e3.jpg [36m304 [0m690.934 ms - -[0m
[0mGET /produit/1695990880479SACS.jpg [32m200 [0m1312.176 ms - 7551[0m
[0mGET /produit/1695991260175tap1.jpg [32m200 [0m1911.679 ms - 3388[0m
[0mGET /produit/1695751668068ARR32.jpg [32m200 [0m1194.997 ms - 1907[0m
[0mGET /produit/1695753661047tap3.jpg [32m200 [0m1475.400 ms - 9338[0m
[0mGET /produit/1695747027807TS1.jpg [36m304 [0m24.142 ms - -[0m
[0mGET /api/category/main/list [32m200 [0m10154.123 ms - 696[0m
[0mGET /api/category/sub-category/list [32m200 [0m6796.331 ms - 1110[0m
[0mGET /api/category/child-category/list [36m304 [0m5789.283 ms - -[0m
[0mGET /api/product/getAllproduct [36m304 [0m5737.847 ms - -[0m
[0mGET /api/category/main/list [36m304 [0m415.235 ms - -[0m
[0mGET /api/category/sub-category/list [36m304 [0m540.502 ms - -[0m
[0mGET /api/category/child-category/list [36m304 [0m543.148 ms - -[0m
[0mGET /api/product/getAllproduct [36m304 [0m818.439 ms - -[0m
[0mGET /api/category/main/list [36m304 [0m336.973 ms - -[0m
[0mGET /api/category/sub-category/list [36m304 [0m610.804 ms - -[0m
[0mGET /api/category/child-category/list [36m304 [0m753.694 ms - -[0m
[0mGET /api/product/getAllproduct [36m304 [0m1378.607 ms - -[0m
[0mGET /api/category/main/list [36m304 [0m4744.946 ms - -[0m
[0mGET /api/product/list/VETEMENTS [36m304 [0m2008.903 ms - -[0m
[0mGET /api/category/main/list [36m304 [0m567.268 ms - -[0m
[0mGET /api/category/sub-category/list [36m304 [0m712.546 ms - -[0m
[0mGET /api/category/child-category/list [36m304 [0m747.991 ms - -[0m
[0mGET /api/product/getAllproduct [36m304 [0m1014.712 ms - -[0m
[0mGET /api/category/main/list [36m304 [0m130.308 ms - -[0m
[0mGET /api/category/sub-category/list [36m304 [0m162.879 ms - -[0m
[0mGET /api/category/child-category/list [36m304 [0m188.318 ms - -[0m
[0mGET /api/product/getAllproduct [36m304 [0m208.740 ms - -[0m
[0mGET /api/category/main/list [36m304 [0m37.099 ms - -[0m
[0mGET /api/category/main/list [36m304 [0m373.017 ms - -[0m
[0mGET /api/category/sub-category/list [36m304 [0m355.428 ms - -[0m
[0mGET /api/category/child-category/list [36m304 [0m384.985 ms - -[0m
[0mGET /api/product/getAllproduct [36m304 [0m382.546 ms - -[0m
[0mGET /api/category/sub-list?categoryId=1 [32m200 [0m88.052 ms - 571[0m
[0mGET /api/category/child-list?subCatId=5 [32m200 [0m40.072 ms - 406[0m
[0mGET /api/category/child-category/list [36m304 [0m86.506 ms - -[0m
[0mGET /api/category/main/list [36m304 [0m100.509 ms - -[0m
[0mGET /api/category/sub-category/list [36m304 [0m320.338 ms - -[0m
[0mOPTIONS /api/category/sub-cat/update [32m204 [0m7.601 ms - 0[0m
[0mPOST /api/category/sub-cat/update [32m200 [0m417.908 ms - 55[0m
[0mGET /api/category/sub-category/list [32m200 [0m70.811 ms - 1107[0m
[0mGET /api/category/main/list [36m304 [0m72.037 ms - -[0m
[0mGET /api/category/main/list [36m304 [0m110.295 ms - -[0m
[0mGET /api/category/sub-category/list [36m304 [0m303.498 ms - -[0m
[0mGET /api/category/child-category/list [32m200 [0m393.077 ms - 2559[0m
[0mGET /api/product/getAllproduct [32m200 [0m384.789 ms - 4080[0m
[0mGET /api/category/sub-list?categoryId=1 [32m200 [0m29.198 ms - 568[0m
[0mGET /api/category/child-list?subCatId=5 [36m304 [0m23.051 ms - -[0m
[0mGET /api/category/sub-list?categoryId=3 [32m200 [0m24.788 ms - 206[0m
[0mGET /api/category/child-list?subCatId=6 [32m200 [0m29.620 ms - 401[0m
[0mPOST /api/product/create [33m409 [0m1121.875 ms - 3843[0m
[0mPOST /api/product/create [33m409 [0m966.645 ms - 3843[0m
[0mGET /api/category/main/list [36m304 [0m185.604 ms - -[0m
[0mGET /api/category/sub-category/list [36m304 [0m593.281 ms - -[0m
[0mGET /api/category/child-category/list [36m304 [0m736.506 ms - -[0m
[0mGET /api/product/getAllproduct [36m304 [0m514.942 ms - -[0m
[0mGET /api/category/sub-list?categoryId=1 [36m304 [0m145.697 ms - -[0m
[0mGET /api/category/child-list?subCatId=1 [32m200 [0m42.406 ms - 406[0m
[0mGET /api/category/child-list?subCatId=2 [32m200 [0m45.642 ms - 408[0m
[0mPOST /api/productgros/create [31m500 [0m676.436 ms - 3851[0m
[0mPOST /api/productgros/create [32m200 [0m948.826 ms - 54[0m
[0mGET /api/product/getAllproduct [36m304 [0m279.904 ms - -[0m
[0mGET /produit/1696448643139ARR3.jpg [36m304 [0m318.750 ms - -[0m
[0mGET /produit/1695754614263T1.jpg [36m304 [0m290.627 ms - -[0m
[0mGET /produit/1695990880479SACS.jpg [36m304 [0m305.763 ms - -[0m
[0mGET /produit/1695753661047tap3.jpg [36m304 [0m236.797 ms - -[0m
[0mGET /produit/1695754196334ENST.jpg [36m304 [0m291.657 ms - -[0m
[0mGET /produit/1695991260175tap1.jpg [36m304 [0m335.358 ms - -[0m
[0mGET /produit/1695752820497e3.jpg [36m304 [0m13.015 ms - -[0m
[0mGET /produit/1695751668068ARR32.jpg [36m304 [0m29.440 ms - -[0m
[0mGET /produit/1695747027807TS1.jpg [36m304 [0m34.276 ms - -[0m
[0mGET /api/product/getAllproduct [36m304 [0m495.377 ms - -[0m
[0mGET /produit/1696448643139ARR3.jpg [36m304 [0m31.312 ms - -[0m
[0mGET /produit/1695991260175tap1.jpg [36m304 [0m42.089 ms - -[0m
[0mGET /produit/1695990880479SACS.jpg [36m304 [0m59.742 ms - -[0m
[0mGET /produit/1695754614263T1.jpg [36m304 [0m62.601 ms - -[0m
[0mGET /produit/1695753661047tap3.jpg [36m304 [0m57.313 ms - -[0m
[0mGET /produit/1695754196334ENST.jpg [36m304 [0m46.326 ms - -[0m
[0mGET /produit/1695752820497e3.jpg [36m304 [0m47.042 ms - -[0m
[0mGET /produit/1695751668068ARR32.jpg [36m304 [0m43.403 ms - -[0m
[0mGET /produit/1695747027807TS1.jpg [36m304 [0m101.403 ms - -[0m
[0mGET /api/category/main/list [36m304 [0m248.317 ms - -[0m
[0mGET /api/category/child-category/list [36m304 [0m534.730 ms - -[0m
[0mGET /api/category/sub-category/list [36m304 [0m533.907 ms - -[0m
[0mGET /api/product/getAllproduct [36m304 [0m492.105 ms - -[0m
[0mGET /api/product/getAllproduct [36m304 [0m179.234 ms - -[0m
[0mGET /api/product/getAllPhoto [32m200 [0m205.804 ms - 1397[0m
[0mGET /produit/1695754614263T1.jpg [36m304 [0m31.985 ms - -[0m
[0mGET /produit/1695754196334ENST.jpg [36m304 [0m31.860 ms - -[0m
[0mGET /produit/1697602143219ENST.jpg [36m304 [0m51.831 ms - -[0m
[0mGET /produit/1697602231904CH4.jpg [36m304 [0m62.035 ms - -[0m
[0mGET /produit/1695941364451ENSY.jpg [36m304 [0m88.708 ms - -[0m
[0mGET /produit/1696516332648T1.jpg [32m200 [0m92.891 ms - 9012[0m
[0mGET /produit/1695747027807TS1.jpg [36m304 [0m14.359 ms - -[0m
[0mGET /produit/1697602015493TS3.jpg [36m304 [0m96.907 ms - -[0m
[0mGET /produit/1697102155278TS1.jpg [36m304 [0m119.259 ms - -[0m
[0mGET /produit/1697602090704TS5.jpg [36m304 [0m111.585 ms - -[0m
[0mGET /api/category/main/list [36m304 [0m384.144 ms - -[0m
[0mGET /api/product/getAllproduct [36m304 [0m434.087 ms - -[0m
[0mGET /api/category/sub-category/list [36m304 [0m456.786 ms - -[0m
[0mGET /api/category/child-category/list [36m304 [0m489.378 ms - -[0m
[0mGET /api/product/getAllproduct [36m304 [0m296.391 ms - -[0m
[0mGET /produit/1695754614263T1.jpg [36m304 [0m45.412 ms - -[0m
[0mGET /produit/1695754196334ENST.jpg [36m304 [0m44.963 ms - -[0m
[0mGET /produit/1695747027807TS1.jpg [36m304 [0m66.842 ms - -[0m
[0mGET /produit/1696448643139ARR3.jpg [36m304 [0m98.987 ms - -[0m
[0mGET /produit/1695990880479SACS.jpg [36m304 [0m145.738 ms - -[0m
[0mGET /produit/1695991260175tap1.jpg [36m304 [0m181.505 ms - -[0m
[0mGET /produit/1695753661047tap3.jpg [36m304 [0m172.539 ms - -[0m
[0mGET /produit/1695752820497e3.jpg [36m304 [0m36.714 ms - -[0m
[0mGET /produit/1695751668068ARR32.jpg [36m304 [0m15.538 ms - -[0m
[0mGET /api/category/child-category/list [36m304 [0m189.297 ms - -[0m
[0mGET /api/productgros/getAllproduct [31m500 [0m780.214 ms - 3852[0m
[0mGET /api/productgros/getAllproduct [31m500 [0m171.460 ms - 3852[0m
[0mGET /api/productgros/getAllproduct [31m500 [0m154.683 ms - 3852[0m
[0mGET /api/%20productgros/getAllproduct [33m404 [0m36.202 ms - 28[0m
[0mGET /api/productgros/getAllproduct [31m500 [0m55.126 ms - 34[0m
[0mGET /api/productgros/getAllproduct [31m500 [0m34.302 ms - 34[0m
[0mGET /api/productgros/getAllproduct [31m500 [0m203.303 ms - 34[0m
[0mGET /api/productgros/getAllproduct [32m200 [0m195.938 ms - 446[0m
[0mGET /api/productgros/getAllproduct [32m200 [0m83.084 ms - 446[0m
[0mGET /produit/1698587188160ARR4.jpg [32m200 [0m115.524 ms - 1687[0m
[0mGET /api/productgros/getAllproduct [36m304 [0m86.484 ms - -[0m
[0mPOST /api/product/update [32m200 [0m361.464 ms - 45[0m
[0mGET /api/product/getAllproduct [32m200 [0m169.347 ms - 4101[0m
[0mGET /produit/1696448643139ARR3.jpg [36m304 [0m17.859 ms - -[0m
[0mGET /produit/1695991260175tap1.jpg [36m304 [0m10.718 ms - -[0m
[0mGET /produit/1695990880479SACS.jpg [36m304 [0m51.483 ms - -[0m
[0mGET /produit/1695753661047tap3.jpg [36m304 [0m57.557 ms - -[0m
[0mGET /produit/1695754614263T1.jpg [36m304 [0m73.650 ms - -[0m
[0mGET /produit/1695754196334ENST.jpg [36m304 [0m92.196 ms - -[0m
[0mGET /produit/1695752820497e3.jpg [36m304 [0m129.847 ms - -[0m
[0mGET /produit/1695751668068ARR32.jpg [36m304 [0m16.890 ms - -[0m
[0mGET /produit/1695747027807TS1.jpg [36m304 [0m10.374 ms - -[0m
[0mGET /api/productgros/getAllproduct [36m304 [0m118.789 ms - -[0m
[0mGET /produit/1698587188160ARR4.jpg [36m304 [0m10.429 ms - -[0m
[0mGET /api/productgros/getAllproduct [36m304 [0m64.796 ms - -[0m
[0mGET /produit/1698587188160ARR4.jpg [36m304 [0m8.325 ms - -[0m
[0mPOST /api/productgros/update [31m500 [0m746.455 ms - 3852[0m
[0mGET /api/productgros/getAllproduct [36m304 [0m66.594 ms - -[0m
[0mGET /produit/1698587188160ARR4.jpg [36m304 [0m12.047 ms - -[0m
[0mPOST /api/productgros/update [31m500 [0m161.997 ms - 3852[0m
[0mPOST /api/productgros/update [31m500 [0m134.921 ms - 3852[0m
[0mPOST /api/productgros/update [31m500 [0m132.851 ms - 3852[0m
[0mPOST /api/productgros/update [31m500 [0m160.772 ms - 3852[0m
[0mPOST /api/productgros/update [32m200 [0m609.000 ms - 45[0m
[0mGET /api/productgros/getAllproduct [32m200 [0m164.952 ms - 464[0m
[0mGET /produit/1698587188160ARR4.jpg [36m304 [0m27.382 ms - -[0m
[0mOPTIONS /api/category/deleteproductId?id=1 [32m204 [0m6.889 ms - 0[0m
[0mDELETE /api/category/deleteproductId?id=1 [32m200 [0m136.978 ms - 62[0m
[0mGET /api/productgros/getAllproduct [36m304 [0m48.082 ms - -[0m
[0mGET /api/product/getAllproduct [32m200 [0m365.283 ms - 3638[0m
[0mGET /api/product/getAllPhoto [32m200 [0m491.117 ms - 1064[0m
[0mGET /produit/1695754614263T1.jpg [36m304 [0m136.686 ms - -[0m
[0mGET /produit/1696516332648T1.jpg [36m304 [0m136.531 ms - -[0m
[0mGET /produit/1695754196334ENST.jpg [36m304 [0m145.946 ms - -[0m
[0mGET /produit/1697602143219ENST.jpg [36m304 [0m135.368 ms - -[0m
[0mGET /produit/1695941364451ENSY.jpg [36m304 [0m154.091 ms - -[0m
[0mGET /produit/1697602231904CH4.jpg [36m304 [0m125.369 ms - -[0m
[0mGET /api/productgros/getAllproduct [36m304 [0m83.933 ms - -[0m
[0mGET /api/product/getAllPhoto [36m304 [0m67.846 ms - -[0m
[0mGET /api/productgros/getAllproduct [36m304 [0m133.275 ms - -[0m
[0mGET /api/product/getAllPhoto [36m304 [0m140.603 ms - -[0m
[0mGET /produit/1695754614263T1.jpg [36m304 [0m15.914 ms - -[0m
[0mGET /produit/1696516332648T1.jpg [36m304 [0m11.804 ms - -[0m
[0mGET /produit/1695754196334ENST.jpg [36m304 [0m48.011 ms - -[0m
[0mGET /produit/1697602143219ENST.jpg [36m304 [0m36.305 ms - -[0m
[0mGET /produit/1697602231904CH4.jpg [36m304 [0m29.662 ms - -[0m
[0mGET /produit/1695941364451ENSY.jpg [36m304 [0m10.899 ms - -[0m
[0mGET /api/productgros/getAllproduct [36m304 [0m72.662 ms - -[0m
[0mGET /api/productgros/getAllPhoto [32m200 [0m40.894 ms - 119[0m
[0mGET /api/product/getAllPhoto [36m304 [0m285.640 ms - -[0m
[0mGET /api/productgros/getAllproduct [36m304 [0m373.237 ms - -[0m
[0mGET /produit/1695754614263T1.jpg [36m304 [0m138.528 ms - -[0m
[0mGET /produit/1696516332648T1.jpg [36m304 [0m135.121 ms - -[0m
[0mGET /produit/1695754196334ENST.jpg [36m304 [0m126.954 ms - -[0m
[0mGET /produit/1697602143219ENST.jpg [36m304 [0m193.730 ms - -[0m
[0mGET /produit/1697602231904CH4.jpg [36m304 [0m111.671 ms - -[0m
[0mGET /produit/1695941364451ENSY.jpg [36m304 [0m106.007 ms - -[0m
[0mGET /api/productgros/getAllproduct [36m304 [0m211.154 ms - -[0m
[0mGET /api/productgros/getAllPhoto [36m304 [0m96.666 ms - -[0m
[0mGET /api/productgros/getAllproduct [36m304 [0m44.384 ms - -[0m
[0mGET /api/productgros/getAllPhoto [36m304 [0m37.978 ms - -[0m
[0mGET /api/productgros/getAllproduct [36m304 [0m101.124 ms - -[0m
[0mGET /api/productgros/getAllPhoto [36m304 [0m33.498 ms - -[0m
[0mGET /api/productgros/getAllproduct [36m304 [0m76.630 ms - -[0m
[0mGET /api/productgros/getAllPhoto [36m304 [0m71.499 ms - -[0m
[0mGET /api/productgros/getAllproduct [36m304 [0m85.862 ms - -[0m
[0mGET /api/productgros/getAllPhoto [36m304 [0m124.279 ms - -[0m
[0mGET /api/productgros/getAllPhoto [32m200 [0m31.216 ms - 119[0m
[0mGET /api/productgros/getAllproduct [36m304 [0m49.931 ms - -[0m
[0mGET /api/productgros/getAllPhoto [36m304 [0m24.567 ms - -[0m
[0mGET /api/productgros/getAllPhoto [32m200 [0m547.083 ms - 119[0m
[0mGET /api/productgros/getAllproduct [32m200 [0m1087.464 ms - 464[0m
[0mPOST /api/productgros/upload [32m200 [0m1841.536 ms - 54[0m
[0mGET /api/productgros/getAllPhoto [32m200 [0m85.331 ms - 198[0m
[0mGET /produit/1698598275585ARR5.jpg [32m200 [0m39.593 ms - 3588[0m
[0mGET /produit/1698587188160ARR4.jpg [32m200 [0m85.874 ms - 1687[0m
[0mGET /api/productgros/getAllPhoto [36m304 [0m411.668 ms - -[0m
[0mGET /api/productgros/getAllproduct [36m304 [0m459.723 ms - -[0m
[0mGET /produit/1698587188160ARR4.jpg [36m304 [0m35.544 ms - -[0m
[0mGET /produit/1698598275585ARR5.jpg [36m304 [0m31.482 ms - -[0m
[0mOPTIONS /api/category/photoupdate [32m204 [0m8.678 ms - 0[0m
[0mPOST /api/category/photoupdate [33m404 [0m555.892 ms - 27[0m
[0mPOST /api/category/photoupdate [33m404 [0m41.413 ms - 27[0m
[0mGET /api/productgros/getAllproduct [36m304 [0m216.283 ms - -[0m
[0mGET /api/productgros/getAllPhoto [36m304 [0m142.767 ms - -[0m
[0mGET /api/productgros/getAllproduct [36m304 [0m108.075 ms - -[0m
[0mGET /api/productgros/getAllPhoto [36m304 [0m81.682 ms - -[0m
[0mOPTIONS / [32m204 [0m9.119 ms - 0[0m
[0mPOST / [33m404 [0m56.805 ms - 28[0m
[0mOPTIONS / [32m204 [0m8.288 ms - 0[0m
[0mPOST / [33m404 [0m18.431 ms - 28[0m
[0mGET /api/productgros/getAllPhoto [36m304 [0m213.683 ms - -[0m
[0mGET /api/productgros/getAllproduct [36m304 [0m224.696 ms - -[0m
[0mGET /api/productgros/getAllproduct [36m304 [0m72.682 ms - -[0m
[0mGET /api/productgros/getAllPhoto [36m304 [0m136.879 ms - -[0m
[0mGET /produit/1698587188160ARR4.jpg [36m304 [0m43.265 ms - -[0m
[0mGET /produit/1698598275585ARR5.jpg [36m304 [0m27.942 ms - -[0m
[0mOPTIONS /api/category/photogrosupdate [32m204 [0m6.463 ms - 0[0m
[0mPOST /api/category/photogrosupdate [32m200 [0m300.738 ms - 54[0m
[0mGET /api/productgros/getAllproduct [36m304 [0m113.581 ms - -[0m
[0mGET /api/productgros/getAllPhoto [32m200 [0m79.757 ms - 199[0m
[0mGET /produit/1698598275585ARR5.jpg [36m304 [0m16.996 ms - -[0m
[0mGET /produit/1698587188160ARR4.jpg [36m304 [0m19.592 ms - -[0m
[0mGET /api/product/getAllproduct [32m200 [0m245.505 ms - 3638[0m
[0mGET /produit/1695754614263T1.jpg [32m200 [0m174.310 ms - 9012[0m
[0mGET /produit/1695754196334ENST.jpg [32m200 [0m172.124 ms - 4600[0m
[0mGET /produit/1695753661047tap3.jpg [32m200 [0m176.545 ms - 9338[0m
[0mGET /produit/1696448643139ARR3.jpg [32m200 [0m267.017 ms - 3465[0m
[0mGET /produit/1695991260175tap1.jpg [32m200 [0m258.795 ms - 3388[0m
[0mGET /produit/1695990880479SACS.jpg [32m200 [0m262.768 ms - 7551[0m
[0mGET /produit/1695752820497e3.jpg [32m200 [0m31.738 ms - 7440[0m
[0mGET /produit/1695751668068ARR32.jpg [32m200 [0m63.966 ms - 1907[0m
[0mOPTIONS /api/category/deleteproductId?id=9 [32m204 [0m3.814 ms - 0[0m
[0mDELETE /api/category/deleteproductId?id=9 [32m200 [0m142.077 ms - 62[0m
[0mGET /api/product/getAllproduct [32m200 [0m56.714 ms - 3175[0m
[0mGET /api/product/getAllproduct [36m304 [0m46.219 ms - -[0m
[0mGET /api/product/getAllproduct [36m304 [0m365.576 ms - -[0m
[0mGET /api/product/getAllproduct [36m304 [0m286.509 ms - -[0m
[0mOPTIONS /api/category/deleteproductId?id=8 [32m204 [0m8.872 ms - 0[0m
[0mDELETE /api/category/deleteproductId?id=8 [32m200 [0m240.765 ms - 62[0m
[0mGET /api/product/getAllproduct [32m200 [0m60.520 ms - 2704[0m
[0mGET /api/productgros/getAllproduct [36m304 [0m65.752 ms - -[0m
[0mGET /produit/1698587188160ARR4.jpg [36m304 [0m27.337 ms - -[0m
[0mGET /api/order/addressList [32m200 [0m735.118 ms - 974[0m
[0mGET /api/productgros/getAllproduct [36m304 [0m305.018 ms - -[0m
[0mGET /api/productgros/getAllPhoto [36m304 [0m297.427 ms - -[0m
[0mGET /produit/1698587188160ARR4.jpg [36m304 [0m7.030 ms - -[0m
[0mGET /produit/1698598275585ARR5.jpg [36m304 [0m9.391 ms - -[0m
[0mGET /api/productgros/getAllproduct [36m304 [0m93.899 ms - -[0m
[0mGET /api/productgros/getAllPhoto [36m304 [0m77.941 ms - -[0m
[0mOPTIONS /api/category/deleteimagegrosId?id=1 [32m204 [0m7.653 ms - 0[0m
[0mDELETE /api/category/deleteimagegrosId?id=1 [32m200 [0m303.965 ms - 62[0m
[0mGET /api/productgros/getAllPhoto [32m200 [0m48.563 ms - 119[0m
[0mGET /api/productgros/getAllproduct [36m304 [0m45.037 ms - -[0m
[0mGET /produit/1698587188160ARR4.jpg [36m304 [0m9.057 ms - -[0m
[0mOPTIONS /api/category/deleteproductgrosId?id=1 [32m204 [0m5.188 ms - 0[0m
[0mDELETE /api/category/deleteproductgrosId?id=1 [32m200 [0m178.598 ms - 62[0m
[0mGET /api/productgros/getAllproduct [32m200 [0m40.293 ms - 29[0m
[0mGET /api/order/addressList [36m304 [0m64.188 ms - -[0m
[0mGET /api/order/addressList [36m304 [0m50.735 ms - -[0m
[0mGET /api/order/addressList [36m304 [0m51.273 ms - -[0m
[0mGET /api/order/addressList [36m304 [0m76.130 ms - -[0m
[0mGET /api/order/cartList [32m200 [0m409.210 ms - 671[0m
[0mGET /produit/1695941364451ENSY.jpg [32m200 [0m137.285 ms - 8789[0m
[0mGET /produit/1697102155278TS1.jpg [32m200 [0m137.998 ms - 4327[0m
[0mGET /api/category/main/list [32m200 [0m51.695 ms - 696[0m
[0mGET /produit/1695989601836C2.jpg [32m200 [0m85.143 ms - 8412[0m
[0mGET /produit/1695989763210acc1.jpg [32m200 [0m84.092 ms - 7482[0m
[0mGET /produit/1695989675538cas.jpg [32m200 [0m107.901 ms - 3513[0m
[0mGET /produit/1696998821128ARR5.jpg [32m200 [0m150.143 ms - 3588[0m
[0mGET /api/category/main/list [36m304 [0m32.465 ms - -[0m
[0mGET /produit/1696998821128ARR5.jpg [36m304 [0m17.795 ms - -[0m
[0mGET /produit/1695989601836C2.jpg [36m304 [0m14.716 ms - -[0m
[0mGET /produit/1695989675538cas.jpg [36m304 [0m11.265 ms - -[0m
[0mGET /produit/1695989763210acc1.jpg [36m304 [0m14.139 ms - -[0m
[0mGET /produit/1697102155278TS1.jpg [36m304 [0m31.706 ms - -[0m
[0mGET /api/category/main/list [36m304 [0m94.180 ms - -[0m
[0mGET /produit/1696998821128ARR5.jpg [36m304 [0m8.679 ms - -[0m
[0mGET /produit/1695989601836C2.jpg [36m304 [0m24.440 ms - -[0m
[0mGET /produit/1695989675538cas.jpg [36m304 [0m16.487 ms - -[0m
[0mGET /produit/1695989763210acc1.jpg [36m304 [0m13.925 ms - -[0m
[0mGET /api/category/main/list [36m304 [0m98.380 ms - -[0m
[0mGET /produit/1696998821128ARR5.jpg [36m304 [0m54.839 ms - -[0m
[0mGET /produit/1695989601836C2.jpg [36m304 [0m176.913 ms - -[0m
[0mGET /produit/1695989675538cas.jpg [36m304 [0m169.726 ms - -[0m
[0mGET /produit/1695989763210acc1.jpg [36m304 [0m164.476 ms - -[0m
[0mGET /api/category/main/list [36m304 [0m145.644 ms - -[0m
[0mGET /produit/1696998821128ARR5.jpg [36m304 [0m8.017 ms - -[0m
[0mGET /produit/1695989601836C2.jpg [36m304 [0m8.443 ms - -[0m
[0mGET /produit/1695989675538cas.jpg [36m304 [0m29.633 ms - -[0m
[0mGET /produit/1695989763210acc1.jpg [36m304 [0m39.067 ms - -[0m
[0mGET /produit/1697102155278TS1.jpg [36m304 [0m73.723 ms - -[0m
[0mGET /api/category/main/list [36m304 [0m51.139 ms - -[0m
[0mGET /produit/1696998821128ARR5.jpg [36m304 [0m99.337 ms - -[0m
[0mGET /produit/1695989601836C2.jpg [36m304 [0m46.779 ms - -[0m
[0mGET /produit/1695989675538cas.jpg [36m304 [0m44.117 ms - -[0m
[0mGET /produit/1695989763210acc1.jpg [36m304 [0m27.412 ms - -[0m
[0mGET /api/category/main/list [36m304 [0m209.339 ms - -[0m
[0mGET /api/category/cn/list?name=VETEMENTS [32m200 [0m477.361 ms - 1603[0m
[0mGET /api/product/list/VETEMENTS [31m500 [0m2344.726 ms - 3844[0m
[0mGET /api/category/main/list [36m304 [0m156.068 ms - -[0m
[0mGET /produit/1696998821128ARR5.jpg [36m304 [0m29.404 ms - -[0m
[0mGET /produit/1695989601836C2.jpg [36m304 [0m35.249 ms - -[0m
[0mGET /produit/1695989675538cas.jpg [36m304 [0m26.019 ms - -[0m
[0mGET /produit/1695989763210acc1.jpg [36m304 [0m22.201 ms - -[0m
[0mGET /api/category/cn/list?name=VETEMENTS [36m304 [0m349.265 ms - -[0m
[0mGET /api/product/list/VETEMENTS [31m500 [0m483.520 ms - 3844[0m
[0mGET /api/category/cn/list?name=VETEMENTS [36m304 [0m269.877 ms - -[0m
[0mGET /api/product/list/VETEMENTS [31m500 [0m624.839 ms - 3844[0m
[0mGET /api/category/cn/list?name=VETEMENTS [36m304 [0m1381.397 ms - -[0m
[0mGET /api/product/list/VETEMENTS [32m200 [0m522.340 ms - 1283[0m
[0mGET /produit/1695754196334ENST.jpg [36m304 [0m53.957 ms - -[0m
[0mGET /produit/1695754614263T1.jpg [36m304 [0m120.416 ms - -[0m
[0mGET /produit/1695752820497e3.jpg [36m304 [0m159.578 ms - -[0m
[0mGET /api/product/getWebProductById?id=5 [32m200 [0m88.623 ms - 610[0m
[0mGET /produit/1695941364451ENSY.jpg [36m304 [0m171.727 ms - -[0m
[0mGET /produit/1697602143219ENST.jpg [32m200 [0m197.104 ms - 4600[0m
[0mGET /api/product/similar?chilCategoryId=2 [32m200 [0m239.485 ms - 350[0m
[0mGET /produit/1697602231904CH4.jpg [32m200 [0m245.774 ms - 7684[0m
[0mGET /api/category/main/list [36m304 [0m36.156 ms - -[0m
[0mGET /produit/1696998821128ARR5.jpg [36m304 [0m47.877 ms - -[0m
[0mGET /produit/1695989601836C2.jpg [36m304 [0m36.619 ms - -[0m
[0mGET /produit/1695989675538cas.jpg [36m304 [0m42.795 ms - -[0m
[0mGET /produit/1695989763210acc1.jpg [36m304 [0m47.158 ms - -[0m
[0mGET /produit/1695941364451ENSY.jpg [36m304 [0m9.890 ms - -[0m
[0mOPTIONS /api/customer/login [32m204 [0m8.374 ms - 0[0m
[0mPOST /api/customer/login [32m200 [0m1105.551 ms - 196[0m
[0mGET /produit/1695941364451ENSY.jpg [36m304 [0m5.500 ms - -[0m
[0mGET /api/customer/getUserByEmailId?email=abalo@gmail.com [32m200 [0m67.177 ms - 518[0m
[0mGET /api/customer/getUserByEmailId?email=abalo@gmail.com [36m304 [0m50.663 ms - -[0m
[0mGET /api/customer/getUserByEmailId?email=abalo@gmail.com [36m304 [0m172.082 ms - -[0m
[0mGET /api/customer/getUserByEmailId?email=abalo@gmail.com [36m304 [0m151.200 ms - -[0m
[0mGET /api/customer/getUserByEmailId?email=abalo@gmail.com [36m304 [0m45.788 ms - -[0m
[0mGET /api/customer/getUserByEmailId?email=abalo@gmail.com [36m304 [0m265.163 ms - -[0m
[0mGET /api/customer/getUserByEmailId?email=abalo@gmail.com [36m304 [0m45.490 ms - -[0m
[0mGET /api/order/orderByid?id=1 [32m200 [0m151.389 ms - 393[0m
[0mGET /produit/1695941364451ENSY.jpg [36m304 [0m8.087 ms - -[0m
[0mGET /api/order/addressList [36m304 [0m82.732 ms - -[0m
[0mGET /api/order/addressList [36m304 [0m67.119 ms - -[0m
[0mGET /api/order/addressList [36m304 [0m69.779 ms - -[0m
[0mGET /api/order/addressList [36m304 [0m44.399 ms - -[0m
[0mGET /api/order/addressList [36m304 [0m47.502 ms - -[0m
[0mGET /api/order/addressList [36m304 [0m49.383 ms - -[0m
[0mGET /api/order/addressList [36m304 [0m68.024 ms - -[0m
[0mGET /api/order/addressList [36m304 [0m54.357 ms - -[0m
[0mGET /api/order/addressList [36m304 [0m71.541 ms - -[0m
[0mGET /api/order/addressList [36m304 [0m38.378 ms - -[0m
[0mGET /api/order/addressList [36m304 [0m44.220 ms - -[0m
[0mGET /api/order/addressList [36m304 [0m169.317 ms - -[0m
[0mGET /api/order/addressList [36m304 [0m167.047 ms - -[0m
[0mGET /api/order/addressList [36m304 [0m38.769 ms - -[0m
[0mGET /api/order/orderByid?id=editorder [32m200 [0m67.630 ms - 28[0m
[0mGET /api/order/orderByid?id=editorder [36m304 [0m37.789 ms - -[0m
[0mGET /api/order/addressList [36m304 [0m64.061 ms - -[0m
[0mGET /api/order/orderByid?id=editorder [36m304 [0m60.359 ms - -[0m
[0mGET /api/order/orderByid?id=editorder [36m304 [0m57.259 ms - -[0m
[0mGET /api/order/addressList [36m304 [0m127.306 ms - -[0m
[0mGET /api/order/addressList [36m304 [0m39.090 ms - -[0m
[0mGET /api/order/orderByid?id=36 [32m200 [0m55.460 ms - 28[0m
[0mGET /api/order/orderByid?id=36 [36m304 [0m24.017 ms - -[0m
[0mGET /api/order/addressList [36m304 [0m50.818 ms - -[0m
[0mGET /api/order/orderByid?id=35 [32m200 [0m103.249 ms - 28[0m
[0mGET /api/order/orderByid?id=35 [36m304 [0m48.263 ms - -[0m
[0mGET /api/order/addressList [36m304 [0m274.375 ms - -[0m
[0mGET /api/order/orderByid?id=36 [36m304 [0m72.391 ms - -[0m
[0mGET /api/order/addressList [36m304 [0m175.935 ms - -[0m
[0mGET /api/customer/getUserByEmailId?email=abalo@gmail.com [36m304 [0m414.756 ms - -[0m
[0mGET /api/customer/getUserByEmailId?email=abalo@gmail.com [36m304 [0m238.159 ms - -[0m
[0mGET /api/order/addressList [36m304 [0m58.065 ms - -[0m
[0mGET /api/order/addressList [36m304 [0m67.544 ms - -[0m
[0mGET /api/order/addressList [36m304 [0m53.122 ms - -[0m
[0mGET /api/order/addressList [36m304 [0m36.521 ms - -[0m
[0mGET /api/order/addressList [36m304 [0m95.733 ms - -[0m
[0mGET /api/order/orderByid?id=1 [32m200 [0m170.886 ms - 393[0m
[0mGET /produit/1695941364451ENSY.jpg [36m304 [0m526.865 ms - -[0m
[0mGET /api/order/addressList [36m304 [0m141.456 ms - -[0m
[0mGET /api/order/orderByid?id=1 [36m304 [0m108.240 ms - -[0m
[0mGET /produit/1695941364451ENSY.jpg [36m304 [0m36.088 ms - -[0m
[0mGET /api/order/addressList [36m304 [0m123.475 ms - -[0m
[0mGET /api/customer/getUserByEmailId?email=abalo@gmail.com [36m304 [0m159.450 ms - -[0m
[0mGET /api/customer/getUserByEmailId?email=abalo@gmail.com [36m304 [0m26.527 ms - -[0m
[0mGET /api/order/addressList [32m200 [0m300.676 ms - 998[0m
[0mGET /api/order/addressList [36m304 [0m118.077 ms - -[0m
