[0mGET /api/category/main/list [36m304 [0m49127.314 ms - -[0m
[0mGET /api/product/list/VETEMENTS [36m304 [0m3087.660 ms - -[0m
[0mGET /undefined [33m404 [0m9389.807 ms - 7466[0m
[0mGET /api/product/list/VETEMENTS [36m304 [0m10931.723 ms - -[0m
[0mGET /api/product/list/VETEMENTS [36m304 [0m76.484 ms - -[0m
[0mGET /api/category/main/list [36m304 [0m241.311 ms - -[0m
[0mGET /api/product/list/VETEMENTS [36m304 [0m127.124 ms - -[0m
[0mGET /api/product/list/VETEMENTS [36m304 [0m391.174 ms - -[0m
[0mGET /undefined [33m404 [0m988.032 ms - 7466[0m
[0mGET /api/product/list/VETEMENTS [36m304 [0m1409.879 ms - -[0m
[0mGET /undefined [33m404 [0m85.733 ms - 7466[0m
[0mGET /api/product/list/VETEMENTS [36m304 [0m224.626 ms - -[0m
[0mGET /api/product/list/VETEMENTS [36m304 [0m10134.734 ms - -[0m
[0mGET /undefined [33m404 [0m31.917 ms - 7466[0m
[0mGET /api/category/main/list [36m304 [0m20495.041 ms - -[0m
[0mGET /api/product/list/VETEMENTS [36m304 [0m7281.116 ms - -[0m
[0mGET /api/category/main/list [36m304 [0m2083.278 ms - -[0m
[0mGET /api/product/list/VETEMENTS [36m304 [0m976.581 ms - -[0m
[0mGET /api/product/list/VETEMENTS [36m304 [0m774.736 ms - -[0m
[0mGET /api/category/main/list [36m304 [0m132.682 ms - -[0m
[0mGET /api/product/list/VETEMENTS [36m304 [0m807.544 ms - -[0m
[0mGET /api/product/list/VETEMENTS [36m304 [0m1350.329 ms - -[0m
[0mGET /api/product/list/VETEMENTS [36m304 [0m3678.992 ms - -[0m
[0mGET /api/product/list/VETEMENTS [36m304 [0m207.356 ms - -[0m
[0mGET /api/product/list/VETEMENTS [36m304 [0m690.301 ms - -[0m
[0mGET /api/product/list/VETEMENTS [36m304 [0m438.663 ms - -[0m
[0mGET /api/product/list/VETEMENTS [36m304 [0m173.159 ms - -[0m
[0mGET /api/category/main/list [36m304 [0m11685.497 ms - -[0m
[0mGET /api/category/main/list [36m304 [0m8574.480 ms - -[0m
[0mGET /api/category/main/list [36m304 [0m5665.850 ms - -[0m
[0mGET /api/product/list/VETEMENTS [36m304 [0m7109.030 ms - -[0m
[0mGET /api/product/list/VETEMENTS [36m304 [0m416.190 ms - -[0m
[0mGET /api/category/main/list [36m304 [0m284.150 ms - -[0m
[0mGET /api/product/list/VETEMENTS [36m304 [0m1198.071 ms - -[0m
[0mGET /api/product/list/CHAUSSURES [36m304 [0m677.054 ms - -[0m
[0mGET /api/product/list/SACS_CASKETS [36m304 [0m430.855 ms - -[0m
[0mGET /api/product/list/VETEMENTS [36m304 [0m261.333 ms - -[0m
[0mGET /api/product/list/VETEMENTS [36m304 [0m152.001 ms - -[0m
[0mGET /api/product/list/VETEMENTS [36m304 [0m100.283 ms - -[0m
[0mGET /api/category/main/list [36m304 [0m160.735 ms - -[0m
[0mGET /api/category/main/list [36m304 [0m488.192 ms - -[0m
[0mGET /api/product/list/VETEMENTS [36m304 [0m70.522 ms - -[0m
[0mGET /api/product/list/VETEMENTS [36m304 [0m432.078 ms - -[0m
[0mGET /api/category/main/list [36m304 [0m58.348 ms - -[0m
[0mGET /api/product/list/VETEMENTS [36m304 [0m26.806 ms - -[0m
[0mGET /api/product/list/VETEMENTS [36m304 [0m156.395 ms - -[0m
[0mGET /api/category/main/list [36m304 [0m35.971 ms - -[0m
[0mGET /api/product/list/VETEMENTS [36m304 [0m340.736 ms - -[0m
[0mGET /api/product/list/VETEMENTS [36m304 [0m109.854 ms - -[0m
[0mGET /api/product/list/VETEMENTS [36m304 [0m586.289 ms - -[0m
[0mGET /api/product/list/VETEMENTS [36m304 [0m73.819 ms - -[0m
[0mGET /api/product/list/VETEMENTS [36m304 [0m458.771 ms - -[0m
[0mGET /api/product/list/VETEMENTS [36m304 [0m99.156 ms - -[0m
[0mGET /api/product/list/VETEMENTS [36m304 [0m359.498 ms - -[0m
[0mGET /api/product/list/VETEMENTS [36m304 [0m59.956 ms - -[0m
[0mGET /api/product/list/VETEMENTS [36m304 [0m105.155 ms - -[0m
[0mGET /api/product/list/VETEMENTS [36m304 [0m413.578 ms - -[0m
[0mGET /api/product/list/VETEMENTS [36m304 [0m102.078 ms - -[0m
[0mGET /api/product/list/VETEMENTS [36m304 [0m746.180 ms - -[0m
[0mGET /api/product/list/VETEMENTS [36m304 [0m150.139 ms - -[0m
[0mGET /api/product/list/VETEMENTS [36m304 [0m352.494 ms - -[0m
[0mGET /api/product/list/VETEMENTS [36m304 [0m404.682 ms - -[0m
[0mGET /api/product/list/VETEMENTS [36m304 [0m178.496 ms - -[0m
[0mGET /api/product/list/VETEMENTS [36m304 [0m21.105 ms - -[0m
[0mGET /api/category/main/list [36m304 [0m136.496 ms - -[0m
[0mGET /api/product/list/VETEMENTS [36m304 [0m152.831 ms - -[0m
[0mGET /api/product/list/VETEMENTS [36m304 [0m233.163 ms - -[0m
[0mGET /api/product/list/VETEMENTS [36m304 [0m705.988 ms - -[0m
[0mGET /api/product/list/VETEMENTS [36m304 [0m286.439 ms - -[0m
[0mGET /api/product/list/VETEMENTS [36m304 [0m813.350 ms - -[0m
[0mGET /api/product/list/VETEMENTS [36m304 [0m74.233 ms - -[0m
[0mGET /api/product/list/VETEMENTS [36m304 [0m150.789 ms - -[0m
[0mGET /api/product/list/VETEMENTS [36m304 [0m61.760 ms - -[0m
[0mGET /api/product/list/VETEMENTS [36m304 [0m675.310 ms - -[0m
[0mGET /api/product/list/VETEMENTS [36m304 [0m168.655 ms - -[0m
[0mGET /api/product/list/VETEMENTS [36m304 [0m786.594 ms - -[0m
[0mGET /api/product/list/VETEMENTS [36m304 [0m253.243 ms - -[0m
[0mGET /api/product/list/VETEMENTS [36m304 [0m82.327 ms - -[0m
[0mGET /api/product/list/VETEMENTS [36m304 [0m585.157 ms - -[0m
[0mGET /api/product/list/VETEMENTS [36m304 [0m172.978 ms - -[0m
[0mGET /api/product/list/VETEMENTS [36m304 [0m822.188 ms - -[0m
[0mGET /api/product/list/VETEMENTS [36m304 [0m213.339 ms - -[0m
[0mGET /api/product/list/VETEMENTS [36m304 [0m388.400 ms - -[0m
[0mGET /api/product/list/VETEMENTS [36m304 [0m986.188 ms - -[0m
[0mGET /api/product/list/VETEMENTS [36m304 [0m58.108 ms - -[0m
[0mGET /api/product/list/VETEMENTS [36m304 [0m285.681 ms - -[0m
[0mGET /api/product/list/VETEMENTS [36m304 [0m83.787 ms - -[0m
[0mGET /api/product/list/VETEMENTS [36m304 [0m470.387 ms - -[0m
[0mGET /api/product/list/VETEMENTS [36m304 [0m121.152 ms - -[0m
[0mGET /api/product/list/VETEMENTS [36m304 [0m551.764 ms - -[0m
[0mGET /api/product/list/VETEMENTS [36m304 [0m16.160 ms - -[0m
[0mGET /api/category/main/list [32m200 [0m371.153 ms - 696[0m
[0mGET /produit/1696998821128ARR5.jpg [32m200 [0m3149.205 ms - 3588[0m
[0mGET /produit/1695989601836C2.jpg [32m200 [0m2488.037 ms - 8412[0m
[0mGET /produit/1695989675538cas.jpg [32m200 [0m266.129 ms - 3513[0m
[0mGET /produit/1695989763210acc1.jpg [32m200 [0m89.644 ms - 7482[0m
[0mGET /api/product/list/VETEMENTS [36m304 [0m497.310 ms - -[0m
[0mGET /api/product/list/VETEMENTS [36m304 [0m140.751 ms - -[0m
[0mGET /api/product/list/VETEMENTS [36m304 [0m337.028 ms - -[0m
[0mGET /api/product/list/VETEMENTS [36m304 [0m212.246 ms - -[0m
[0mGET /api/product/list/VETEMENTS [36m304 [0m184.870 ms - -[0m
[0mGET /api/product/list/VETEMENTS [36m304 [0m125.000 ms - -[0m
[0mGET /api/product/list/VETEMENTS [36m304 [0m69.981 ms - -[0m
[0mGET /api/product/list/VETEMENTS [36m304 [0m151.601 ms - -[0m
[0mGET /api/product/list/VETEMENTS [32m200 [0m3457.529 ms - 1932[0m
[0mGET /produit/1695754196334ENST.jpg [32m200 [0m421.523 ms - 4600[0m
[0mGET /produit/1695754614263T1.jpg [32m200 [0m262.349 ms - 9012[0m
[0mGET /produit/1695747027807TS1.jpg [32m200 [0m258.077 ms - 4327[0m
[0mGET /produit/1695752820497e3.jpg [32m200 [0m19.775 ms - 7440[0m
[0mGET /produit/1696448643139ARR3.jpg [32m200 [0m216.652 ms - 3465[0m
[0mGET /api/category/cn/list?name=VETEMENTS [32m200 [0m7110.667 ms - 1606[0m
[0mGET /api/product/list/VETEMENTS [36m304 [0m278.050 ms - -[0m
[0mGET /api/product/list/VETEMENTS [36m304 [0m167.306 ms - -[0m
[0mGET /api/product/list/VETEMENTS [36m304 [0m99.587 ms - -[0m
[0mGET /api/product/list/VETEMENTS [36m304 [0m22.325 ms - -[0m
[0mGET /api/product/list/VETEMENTS [36m304 [0m93.202 ms - -[0m
[0mGET /api/product/list/VETEMENTS [36m304 [0m35.890 ms - -[0m
[0mGET /api/product/list/VETEMENTS [36m304 [0m125.900 ms - -[0m
[0mGET /api/product/list/VETEMENTS [36m304 [0m134.991 ms - -[0m
[0mGET /api/category/main/list [36m304 [0m73.664 ms - -[0m
[0mGET /api/product/list/VETEMENTS [36m304 [0m221.228 ms - -[0m
[0mGET /api/product/list/VETEMENTS [36m304 [0m171.820 ms - -[0m
[0mGET /api/product/list/VETEMENTS [36m304 [0m47.302 ms - -[0m
[0mGET /api/product/list/VETEMENTS [36m304 [0m124.766 ms - -[0m
[0mGET /api/product/list/VETEMENTS [36m304 [0m223.845 ms - -[0m
[0mGET /api/product/list/VETEMENTS [36m304 [0m82.322 ms - -[0m
[0mGET /api/product/list/VETEMENTS [36m304 [0m153.342 ms - -[0m
[0mGET /api/product/list/VETEMENTS [36m304 [0m195.037 ms - -[0m
[0mGET /api/product/list/VETEMENTS [36m304 [0m54.944 ms - -[0m
[0mGET /api/product/list/VETEMENTS [36m304 [0m115.513 ms - -[0m
[0mGET /api/product/list/VETEMENTS [36m304 [0m86.950 ms - -[0m
[0mGET /api/product/list/VETEMENTS [36m304 [0m45.888 ms - -[0m
[0mGET /api/product/list/VETEMENTS [36m304 [0m260.695 ms - -[0m
[0mGET /api/product/list/VETEMENTS [36m304 [0m153.721 ms - -[0m
[0mGET /api/product/list/VETEMENTS [36m304 [0m84.078 ms - -[0m
[0mGET /api/product/list/VETEMENTS [36m304 [0m91.174 ms - -[0m
[0mGET /api/product/list/VETEMENTS [36m304 [0m203.766 ms - -[0m
[0mGET /api/product/list/VETEMENTS [36m304 [0m121.485 ms - -[0m
[0mGET /api/product/list/VETEMENTS [36m304 [0m22.042 ms - -[0m
[0mGET /api/product/list/VETEMENTS [36m304 [0m68.909 ms - -[0m
[0mGET /api/product/list/VETEMENTS [36m304 [0m79.918 ms - -[0m
[0mGET /api/product/list/VETEMENTS [36m304 [0m54.042 ms - -[0m
[0mGET /api/product/list/VETEMENTS [36m304 [0m233.916 ms - -[0m
[0mGET /api/product/list/VETEMENTS [36m304 [0m115.861 ms - -[0m
[0mGET /api/product/list/VETEMENTS [36m304 [0m39.143 ms - -[0m
[0mGET /api/product/list/VETEMENTS [36m304 [0m53.831 ms - -[0m
[0mGET /api/product/list/VETEMENTS [36m304 [0m28.258 ms - -[0m
[0mGET /api/product/list/VETEMENTS [36m304 [0m57.422 ms - -[0m
[0mGET /api/product/list/VETEMENTS [36m304 [0m81.038 ms - -[0m
[0mGET /api/product/list/VETEMENTS [36m304 [0m80.721 ms - -[0m
[0mGET /api/product/list/VETEMENTS [36m304 [0m22.862 ms - -[0m
[0mGET /api/product/list/VETEMENTS [36m304 [0m70.030 ms - -[0m
[0mGET /api/product/list/VETEMENTS [36m304 [0m49.531 ms - -[0m
[0mGET /api/product/list/VETEMENTS [36m304 [0m161.335 ms - -[0m
[0mGET /api/product/list/VETEMENTS [36m304 [0m83.932 ms - -[0m
[0mGET /api/product/list/VETEMENTS [36m304 [0m44.216 ms - -[0m
[0mGET /api/product/list/VETEMENTS [36m304 [0m76.657 ms - -[0m
[0mGET /api/product/list/VETEMENTS [36m304 [0m179.166 ms - -[0m
[0mGET /api/product/list/VETEMENTS [36m304 [0m59.147 ms - -[0m
[0mGET /api/product/list/VETEMENTS [36m304 [0m35.663 ms - -[0m
[0mGET /api/product/list/SACS_CASKETS [36m304 [0m523.019 ms - -[0m
[0mGET /api/product/list/SACS_CASKETS [36m304 [0m77.105 ms - -[0m
[0mGET /api/product/getWebProductById?id=5 [32m200 [0m2399.627 ms - 447[0m
[0mGET /api/product/similar?chilCategoryId=2 [32m200 [0m724.456 ms - 691[0m
[0mGET /produit/1695941364451ENSY.jpg [32m200 [0m1171.120 ms - 8789[0m
[0mGET /api/category/cn/list?name=VETEMENTS [36m304 [0m554.118 ms - -[0m
[0mGET /api/product/list/VETEMENTS [36m304 [0m139.660 ms - -[0m
[0mGET /api/product/getWebProductById?id=1 [32m200 [0m337.473 ms - 445[0m
[0mGET /api/product/similar?chilCategoryId=3 [32m200 [0m71.350 ms - 664[0m
[0mGET /produit/1697102155278TS1.jpg [32m200 [0m339.588 ms - 4327[0m
[0mGET /api/product/list/VETEMENTS [36m304 [0m984.494 ms - -[0m
[0mGET /api/product/list/VETEMENTS [36m304 [0m24115.317 ms - -[0m
[0mGET /api/product/list/VETEMENTS [36m304 [0m938.518 ms - -[0m
[0mGET /api/category/main/list [36m304 [0m155.862 ms - -[0m
[0mGET /api/product/list/VETEMENTS [36m304 [0m806.580 ms - -[0m
[0mGET /api/product/list/VETEMENTS [36m304 [0m230.714 ms - -[0m
[0mGET /api/category/main/list [36m304 [0m20.831 ms - -[0m
[0mGET /api/product/list/VETEMENTS [36m304 [0m342.699 ms - -[0m
[0mGET /api/category/main/list [36m304 [0m13.779 ms - -[0m
[0mGET /api/product/list/VETEMENTS [36m304 [0m448.683 ms - -[0m
[0mGET /api/category/main/list [36m304 [0m23.184 ms - -[0m
[0mGET /api/product/list/VETEMENTS [36m304 [0m344.283 ms - -[0m
[0mGET /api/category/main/list [36m304 [0m14840.147 ms - -[0m
[0mGET /api/product/list/VETEMENTS [36m304 [0m12432.696 ms - -[0m
[0mGET /api/category/main/list [36m304 [0m19405.304 ms - -[0m
[0mGET /api/product/list/VETEMENTS [36m304 [0m5426.464 ms - -[0m
[0mGET /api/product/list/VETEMENTS [36m304 [0m5564.538 ms - -[0m
[0mGET /api/category/main/list [36m304 [0m149.579 ms - -[0m
[0mGET /api/product/list/VETEMENTS [36m304 [0m720.394 ms - -[0m
[0mGET /api/product/list/VETEMENTS [36m304 [0m558.905 ms - -[0m
[0mGET /api/category/main/list [36m304 [0m601.465 ms - -[0m
[0mGET /api/product/list/VETEMENTS [36m304 [0m678.075 ms - -[0m
[0mGET /api/product/list/VETEMENTS [36m304 [0m693.751 ms - -[0m
[0mGET /api/product/getWebProductById?id=undefined [32m200 [0m1166.051 ms - 28[0m
[0mGET /api/product/getWebProductById?id=undefined [32m200 [0m699.038 ms - 28[0m
