[0mGET /api/product/getWebProductById?id=undefined [36m304 [0m254.350 ms - -[0m
[0mGET /api/category/main/list [36m304 [0m1669.814 ms - -[0m
[0mGET /api/product/list/VETEMENTS [36m304 [0m4696.310 ms - -[0m
[0mGET /api/product/list/VETEMENTS [36m304 [0m4090.515 ms - -[0m
[0mGET /api/product/getWebProductById?id=undefined [36m304 [0m34.950 ms - -[0m
[0mGET /api/product/list/VETEMENTS [36m304 [0m1950.890 ms - -[0m
[0mGET /api/product/list/VETEMENTS [36m304 [0m403.633 ms - -[0m
[0mGET /api/product/list/VETEMENTS [36m304 [0m111.952 ms - -[0m
[0mGET /api/product/list/VETEMENTS [36m304 [0m739.988 ms - -[0m
[0mGET /api/product/list/VETEMENTS [36m304 [0m455.671 ms - -[0m
[0mGET /api/product/list/VETEMENTS [36m304 [0m239.833 ms - -[0m
[0mGET /api/product/list/VETEMENTS [36m304 [0m805.885 ms - -[0m
[0mGET /api/product/list/VETEMENTS [36m304 [0m248.329 ms - -[0m
[0mGET /api/product/list/VETEMENTS [36m304 [0m416.631 ms - -[0m
[0mGET /api/product/list/VETEMENTS [36m304 [0m91.756 ms - -[0m
[0mGET /api/product/list/VETEMENTS [36m304 [0m252.478 ms - -[0m
[0mGET /api/product/list/VETEMENTS [36m304 [0m255.761 ms - -[0m
[0mGET /api/product/list/VETEMENTS [36m304 [0m174.484 ms - -[0m
[0mGET /api/product/list/VETEMENTS [36m304 [0m925.159 ms - -[0m
[0mGET /api/product/list/VETEMENTS [36m304 [0m220.076 ms - -[0m
[0mGET /api/product/list/VETEMENTS [36m304 [0m267.551 ms - -[0m
[0mGET /api/product/list/VETEMENTS [36m304 [0m301.492 ms - -[0m
[0mGET /api/category/main/list [36m304 [0m533.078 ms - -[0m
[0mGET /api/category/main/list [36m304 [0m57.146 ms - -[0m
[0mGET /api/product/list/VETEMENTS [36m304 [0m3528.421 ms - -[0m
[0mGET /api/product/list/VETEMENTS [36m304 [0m354.573 ms - -[0m
[0mGET /api/product/list/VETEMENTS [36m304 [0m189.996 ms - -[0m
[0mGET /api/product/list/VETEMENTS [36m304 [0m313.953 ms - -[0m
[0mGET /api/product/list/VETEMENTS [36m304 [0m143.079 ms - -[0m
[0mGET /api/product/list/VETEMENTS [36m304 [0m342.389 ms - -[0m
[0mGET /api/product/list/VETEMENTS [36m304 [0m248.360 ms - -[0m
[0mGET /api/product/list/VETEMENTS [36m304 [0m120.680 ms - -[0m
[0mGET /api/product/list/VETEMENTS [36m304 [0m351.594 ms - -[0m
[0mGET /api/product/list/VETEMENTS [36m304 [0m108.623 ms - -[0m
[0mGET /api/product/list/VETEMENTS [36m304 [0m842.276 ms - -[0m
[0mGET /api/product/list/VETEMENTS [36m304 [0m796.104 ms - -[0m
[0mGET /api/product/list/VETEMENTS [36m304 [0m280.155 ms - -[0m
[0mGET /api/product/list/VETEMENTS [36m304 [0m142.918 ms - -[0m
[0mGET /api/product/list/VETEMENTS [36m304 [0m126.740 ms - -[0m
[0mGET /api/product/list/VETEMENTS [36m304 [0m311.037 ms - -[0m
[0mGET /api/product/list/VETEMENTS [36m304 [0m110.736 ms - -[0m
[0mGET /api/product/list/VETEMENTS [36m304 [0m92.135 ms - -[0m
[0mGET /api/product/list/VETEMENTS [36m304 [0m671.252 ms - -[0m
[0mGET /api/product/list/VETEMENTS [36m304 [0m64.187 ms - -[0m
[0mGET /api/product/list/VETEMENTS [36m304 [0m464.796 ms - -[0m
[0mGET /api/product/list/VETEMENTS [36m304 [0m262.679 ms - -[0m
[0mGET /api/product/list/VETEMENTS [36m304 [0m462.174 ms - -[0m
[0mGET /api/product/list/VETEMENTS [36m304 [0m36.767 ms - -[0m
[0mGET /api/product/list/VETEMENTS [36m304 [0m39.437 ms - -[0m
[0mGET /api/product/list/VETEMENTS [36m304 [0m535.117 ms - -[0m
[0mGET /api/product/list/VETEMENTS [36m304 [0m161.827 ms - -[0m
[0mGET /api/product/list/VETEMENTS [36m304 [0m1489.438 ms - -[0m
[0mGET /api/product/list/VETEMENTS [36m304 [0m169.882 ms - -[0m
[0mGET /api/product/list/VETEMENTS [36m304 [0m822.513 ms - -[0m
[0mGET /api/product/list/VETEMENTS [36m304 [0m668.177 ms - -[0m
[0mGET /api/product/list/VETEMENTS [36m304 [0m309.286 ms - -[0m
[0mGET /api/product/list/VETEMENTS [36m304 [0m283.084 ms - -[0m
[0mGET /api/product/list/VETEMENTS [36m304 [0m134.010 ms - -[0m
[0mGET /api/product/list/VETEMENTS [36m304 [0m459.609 ms - -[0m
[0mGET /api/product/list/VETEMENTS [36m304 [0m30.377 ms - -[0m
[0mGET /api/product/list/VETEMENTS [36m304 [0m673.769 ms - -[0m
[0mGET /api/product/list/VETEMENTS [36m304 [0m165.604 ms - -[0m
[0mGET /api/product/list/VETEMENTS [36m304 [0m1157.134 ms - -[0m
[0mGET /api/product/list/VETEMENTS [36m304 [0m409.291 ms - -[0m
[0mGET /api/product/list/VETEMENTS [36m304 [0m47.674 ms - -[0m
[0mGET /api/product/list/VETEMENTS [36m304 [0m890.690 ms - -[0m
[0mGET /api/product/getWebProductById?id=undefined [36m304 [0m437.752 ms - -[0m
[0mGET /api/product/getWebProductById?id=undefined [36m304 [0m81.264 ms - -[0m
[0mGET /api/product/getWebProductById?id=undefined [36m304 [0m389.469 ms - -[0m
[0mGET /api/category/main/list [36m304 [0m121.108 ms - -[0m
[0mGET /api/product/list/VETEMENTS [36m304 [0m210.012 ms - -[0m
[0mGET /api/product/getWebProductById?id=undefined [36m304 [0m176.317 ms - -[0m
[0mGET /api/product/getWebProductById?id=undefined [36m304 [0m15.106 ms - -[0m
[0mGET /api/product/getWebProductById?id=undefined [36m304 [0m89.174 ms - -[0m
[0mGET /api/product/getWebProductById?id=undefined [36m304 [0m100.275 ms - -[0m
[0mGET /api/product/list/VETEMENTS [36m304 [0m171.266 ms - -[0m
[0mGET /api/product/list/VETEMENTS [36m304 [0m38.027 ms - -[0m
[0mGET /api/product/getWebProductById?id=5 [32m200 [0m1146.962 ms - 447[0m
[0mGET /api/product/similar?chilCategoryId=2 [32m200 [0m198.368 ms - 691[0m
[0mGET /api/product/getWebProductById?id=5 [36m304 [0m106.362 ms - -[0m
[0mGET /api/product/similar?chilCategoryId=2 [36m304 [0m33.667 ms - -[0m
[0mGET /api/category/main/list [36m304 [0m30.427 ms - -[0m
[0mGET /api/product/list/VETEMENTS [36m304 [0m122.740 ms - -[0m
[0mGET /api/category/main/list [36m304 [0m35.457 ms - -[0m
[0mGET /api/product/list/VETEMENTS [36m304 [0m600.126 ms - -[0m
[0mGET /api/category/main/list [36m304 [0m48.757 ms - -[0m
[0mGET /api/product/list/VETEMENTS [36m304 [0m179.779 ms - -[0m
[0mGET /api/product/getWebProductById?id=5 [36m304 [0m113.375 ms - -[0m
[0mGET /api/product/similar?chilCategoryId=2 [36m304 [0m54.147 ms - -[0m
[0mGET /api/product/getWebProductById?id=5 [36m304 [0m44.163 ms - -[0m
[0mGET /api/product/similar?chilCategoryId=2 [36m304 [0m190.170 ms - -[0m
[0mGET /p [33m404 [0m3739.052 ms - 7466[0m
[0mGET /api/category/main/list [36m304 [0m60.670 ms - -[0m
[0mGET /api/product/list/VETEMENTS [36m304 [0m677.293 ms - -[0m
[0mGET /api/product/getWebProductById?id=5 [36m304 [0m104.607 ms - -[0m
[0mGET /api/product/getWebProductById?id=3 [32m200 [0m252.583 ms - 364[0m
[0mGET /api/product/getWebProductById?id=9 [32m200 [0m3848.013 ms - 383[0m
[0mGET /api/product/getAllproduct [32m200 [0m2183.071 ms - 4083[0m
[0mGET /produit/1695754196334ENST.jpg [36m304 [0m493.954 ms - -[0m
[0mGET /produit/1696448643139ARR3.jpg [36m304 [0m656.435 ms - -[0m
[0mGET /produit/1695754614263T1.jpg [36m304 [0m661.347 ms - -[0m
[0mGET /produit/1695753661047tap3.jpg [32m200 [0m862.469 ms - 9338[0m
[0mGET /produit/1695990880479SACS.jpg [32m200 [0m1192.983 ms - 7551[0m
[0mGET /produit/1695991260175tap1.jpg [32m200 [0m1227.807 ms - 3388[0m
[0mGET /produit/1695752820497e3.jpg [36m304 [0m179.041 ms - -[0m
[0mGET /produit/1695747027807TS1.jpg [36m304 [0m157.244 ms - -[0m
[0mGET /produit/1695751668068ARR32.jpg [32m200 [0m406.583 ms - 1907[0m
[0mGET /api/product/getAllPhoto [32m200 [0m2486.755 ms - 1074[0m
[0mGET /api/product/getAllproduct [36m304 [0m3041.144 ms - -[0m
[0mGET /produit/1695754614263T1.jpg [36m304 [0m395.991 ms - -[0m
[0mGET /produit/1695754196334ENST.jpg [36m304 [0m393.483 ms - -[0m
[0mGET /produit/1695747027807TS1.jpg [36m304 [0m386.726 ms - -[0m
[0mGET /produit/1695941364451ENSY.jpg [36m304 [0m392.659 ms - -[0m
[0mGET /produit/1697102155278TS1.jpg [36m304 [0m590.150 ms - -[0m
[0mGET /produit/1696516332648T1.jpg [32m200 [0m1247.670 ms - 9012[0m
[0mPOST /api/product/upload [32m200 [0m8232.484 ms - 54[0m
[0mGET /api/product/getAllPhoto [32m200 [0m154.595 ms - 1155[0m
[0mGET /produit/1697602015493TS3.jpg [32m200 [0m14.420 ms - 2846[0m
[0mGET /api/product/getAllproduct [36m304 [0m304.292 ms - -[0m
[0mGET /api/product/getAllPhoto [36m304 [0m229.733 ms - -[0m
[0mGET /produit/1695754614263T1.jpg [36m304 [0m113.780 ms - -[0m
[0mGET /produit/1696516332648T1.jpg [36m304 [0m109.641 ms - -[0m
[0mGET /produit/1695754196334ENST.jpg [36m304 [0m105.802 ms - -[0m
[0mGET /produit/1695941364451ENSY.jpg [36m304 [0m102.462 ms - -[0m
[0mGET /produit/1695747027807TS1.jpg [36m304 [0m114.640 ms - -[0m
[0mGET /produit/1697102155278TS1.jpg [36m304 [0m112.337 ms - -[0m
[0mGET /produit/1697602015493TS3.jpg [32m200 [0m10.498 ms - 2846[0m
[0mPOST /api/product/upload [32m200 [0m1217.632 ms - 54[0m
[0mGET /api/product/getAllPhoto [32m200 [0m326.847 ms - 1234[0m
[0mGET /api/product/getAllproduct [36m304 [0m431.364 ms - -[0m
[0mGET /api/product/getAllPhoto [36m304 [0m58.746 ms - -[0m
[0mGET /produit/1695754614263T1.jpg [36m304 [0m10.744 ms - -[0m
[0mGET /produit/1696516332648T1.jpg [36m304 [0m6.607 ms - -[0m
[0mGET /produit/1695754196334ENST.jpg [36m304 [0m59.239 ms - -[0m
[0mGET /produit/1695941364451ENSY.jpg [36m304 [0m56.590 ms - -[0m
[0mGET /produit/1695747027807TS1.jpg [36m304 [0m132.939 ms - -[0m
[0mGET /produit/1697602015493TS3.jpg [36m304 [0m87.723 ms - -[0m
[0mGET /produit/1697102155278TS1.jpg [36m304 [0m71.980 ms - -[0m
[0mGET /produit/1697602090704TS5.jpg [32m200 [0m90.398 ms - 4909[0m
[0mPOST /api/product/upload [32m200 [0m460.421 ms - 54[0m
[0mGET /api/product/getAllPhoto [32m200 [0m114.198 ms - 1316[0m
[0mGET /produit/1697602143219ENST.jpg [32m200 [0m10.756 ms - 4600[0m
[0mGET /api/product/getAllPhoto [36m304 [0m4020.933 ms - -[0m
[0mGET /api/product/getAllproduct [36m304 [0m4813.146 ms - -[0m
[0mGET /produit/1695754614263T1.jpg [36m304 [0m1313.932 ms - -[0m
[0mGET /produit/1696516332648T1.jpg [36m304 [0m801.457 ms - -[0m
[0mGET /produit/1695754196334ENST.jpg [36m304 [0m763.863 ms - -[0m
[0mGET /produit/1695941364451ENSY.jpg [36m304 [0m114.675 ms - -[0m
[0mGET /produit/1697602143219ENST.jpg [36m304 [0m161.614 ms - -[0m
[0mGET /produit/1695747027807TS1.jpg [36m304 [0m129.376 ms - -[0m
[0mGET /produit/1697602015493TS3.jpg [36m304 [0m122.339 ms - -[0m
[0mGET /produit/1697602090704TS5.jpg [36m304 [0m82.031 ms - -[0m
[0mGET /produit/1697102155278TS1.jpg [36m304 [0m44.651 ms - -[0m
[0mPOST /api/product/upload [32m200 [0m322.491 ms - 54[0m
[0mGET /api/product/getAllPhoto [32m200 [0m50.176 ms - 1397[0m
[0mGET /produit/1697602231904CH4.jpg [32m200 [0m52.481 ms - 7684[0m
[0mGET /api/product/getAllPhoto [36m304 [0m90.149 ms - -[0m
[0mGET /produit/1695754614263T1.jpg [36m304 [0m5.437 ms - -[0m
[0mGET /produit/1696516332648T1.jpg [36m304 [0m5.236 ms - -[0m
[0mGET /produit/1695754196334ENST.jpg [36m304 [0m249.184 ms - -[0m
[0mGET /produit/1695941364451ENSY.jpg [36m304 [0m20.613 ms - -[0m
[0mGET /produit/1697602143219ENST.jpg [36m304 [0m17.588 ms - -[0m
[0mGET /produit/1695747027807TS1.jpg [36m304 [0m15.244 ms - -[0m
[0mGET /produit/1697602015493TS3.jpg [36m304 [0m12.959 ms - -[0m
[0mGET /api/product/getAllproduct [36m304 [0m521.692 ms - -[0m
[0mGET /produit/1697602090704TS5.jpg [36m304 [0m67.457 ms - -[0m
[0mGET /produit/1697102155278TS1.jpg [36m304 [0m13.005 ms - -[0m
[0mGET /produit/1697602231904CH4.jpg [36m304 [0m10.722 ms - -[0m
[0mGET /api/product/getWebProductById?id=1 [32m200 [0m109.901 ms - 605[0m
[0mGET /produit/1697602090704TS5.jpg [36m304 [0m31.295 ms - -[0m
[0mGET /produit/1697102155278TS1.jpg [36m304 [0m29.125 ms - -[0m
[0mGET /produit/1697602015493TS3.jpg [36m304 [0m25.584 ms - -[0m
[0mGET /api/product/similar?chilCategoryId=3 [36m304 [0m42.229 ms - -[0m
[0mGET /produit/1695754614263T1.jpg [36m304 [0m5.735 ms - -[0m
[0mGET /produit/1695747027807TS1.jpg [36m304 [0m31.915 ms - -[0m
[0mGET /api/product/getWebProductById?id=1 [32m200 [0m605.651 ms - 605[0m
[0mGET /api/product/getWebProductById?id=1 [32m200 [0m730.394 ms - 605[0m
[0mGET /api/category/main/list [36m304 [0m20478.129 ms - -[0m
[0mGET /api/product/list/VETEMENTS [32m200 [0m14017.012 ms - 2133[0m
[0mGET /api/product/getWebProductById?id=1 [36m304 [0m291.292 ms - -[0m
[0mGET /api/category/main/list [32m200 [0m625.718 ms - 696[0m
[0mGET /produit/1696998821128ARR5.jpg [32m200 [0m13846.078 ms - 3588[0m
[0mGET /produit/1695989601836C2.jpg [32m200 [0m8612.408 ms - 8412[0m
[0mGET /produit/1695989675538cas.jpg [32m200 [0m7831.914 ms - 3513[0m
[0mGET /produit/1695989763210acc1.jpg [32m200 [0m42.009 ms - 7482[0m
[0mGET /api/category/main/list [36m304 [0m914.566 ms - -[0m
[0mGET /api/product/list/VETEMENTS [36m304 [0m1150.197 ms - -[0m
[0mGET /api/product/getWebProductById?id=5 [32m200 [0m344.820 ms - 610[0m
[0mGET /api/product/similar?chilCategoryId=2 [36m304 [0m344.620 ms - -[0m
[0mGET /produit/1695941364451ENSY.jpg [32m200 [0m232.399 ms - 8789[0m
[0mGET /produit/1697602143219ENST.jpg [32m200 [0m195.861 ms - 4600[0m
[0mGET /produit/1697602231904CH4.jpg [32m200 [0m162.036 ms - 7684[0m
[0mGET /api/product/getWebProductById?id=5 [36m304 [0m667.023 ms - -[0m
[0mGET /api/product/similar?chilCategoryId=2 [36m304 [0m432.523 ms - -[0m
[0mGET /api/product/getWebProductById?id=5 [36m304 [0m66.353 ms - -[0m
[0mGET /api/product/similar?chilCategoryId=2 [36m304 [0m256.135 ms - -[0m
[0mGET /api/product/getWebProductById?id=5 [36m304 [0m51.045 ms - -[0m
[0mGET /api/product/similar?chilCategoryId=2 [36m304 [0m70.760 ms - -[0m
[0mGET /api/product/getWebProductById?id=5 [36m304 [0m670.205 ms - -[0m
[0mGET /api/product/similar?chilCategoryId=2 [36m304 [0m56.536 ms - -[0m
[0mGET /api/product/getWebProductById?id=5 [36m304 [0m783.947 ms - -[0m
[0mGET /api/product/similar?chilCategoryId=2 [36m304 [0m118.393 ms - -[0m
[0mGET /api/product/getWebProductById?id=1 [36m304 [0m203.438 ms - -[0m
[0mGET /api/product/similar?chilCategoryId=3 [32m200 [0m234.670 ms - 664[0m
[0mGET /produit/1697102155278TS1.jpg [32m200 [0m86.079 ms - 4327[0m
[0mGET /produit/1697602015493TS3.jpg [32m200 [0m143.711 ms - 2846[0m
[0mGET /api/product/getWebProductById?id=1 [36m304 [0m35.679 ms - -[0m
[0mGET /api/product/similar?chilCategoryId=3 [36m304 [0m303.100 ms - -[0m
[0mGET /api/product/getWebProductById?id=1 [36m304 [0m225.291 ms - -[0m
[0mGET /api/product/similar?chilCategoryId=3 [36m304 [0m57.547 ms - -[0m
[0mGET /api/product/getWebProductById?id=1 [36m304 [0m262.571 ms - -[0m
[0mGET /api/product/similar?chilCategoryId=3 [36m304 [0m26.087 ms - -[0m
[0mGET /api/product/getWebProductById?id=1 [36m304 [0m279.187 ms - -[0m
[0mGET /api/product/similar?chilCategoryId=3 [36m304 [0m34.744 ms - -[0m
[0mGET /api/product/getWebProductById?id=1 [36m304 [0m160.763 ms - -[0m
[0mGET /api/product/similar?chilCategoryId=3 [36m304 [0m56.320 ms - -[0m
[0mGET /api/product/getWebProductById?id=1 [36m304 [0m24.452 ms - -[0m
[0mGET /api/product/similar?chilCategoryId=3 [36m304 [0m18.849 ms - -[0m
[0mGET /api/product/getWebProductById?id=1 [36m304 [0m356.548 ms - -[0m
[0mGET /api/product/similar?chilCategoryId=3 [36m304 [0m32.350 ms - -[0m
[0mGET /api/product/getWebProductById?id=1 [36m304 [0m117.065 ms - -[0m
[0mGET /api/product/similar?chilCategoryId=3 [36m304 [0m107.424 ms - -[0m
[0mGET /api/product/getWebProductById?id=1 [36m304 [0m285.071 ms - -[0m
[0mGET /api/product/similar?chilCategoryId=3 [36m304 [0m82.360 ms - -[0m
[0mGET /api/product/getWebProductById?id=1 [36m304 [0m153.441 ms - -[0m
[0mGET /api/product/similar?chilCategoryId=3 [36m304 [0m10.142 ms - -[0m
[0mGET /api/product/getWebProductById?id=1 [36m304 [0m114.695 ms - -[0m
[0mGET /api/product/similar?chilCategoryId=3 [36m304 [0m76.605 ms - -[0m
[0mGET /api/category/main/list [36m304 [0m11.061 ms - -[0m
[0mGET /api/product/list/VETEMENTS [36m304 [0m359.561 ms - -[0m
[0mGET /api/product/getWebProductById?id=5 [36m304 [0m39.968 ms - -[0m
[0mGET /api/product/getWebProductById?id=5 [36m304 [0m416.540 ms - -[0m
[0mGET /api/product/similar?chilCategoryId=2 [36m304 [0m8.011 ms - -[0m
[0mGET /api/product/similar?chilCategoryId=2 [36m304 [0m12.171 ms - -[0m
[0mGET /api/category/main/list [36m304 [0m30.792 ms - -[0m
[0mGET /api/product/list/VETEMENTS [36m304 [0m214.828 ms - -[0m
[0mGET /api/product/getWebProductById?id=5 [36m304 [0m175.219 ms - -[0m
[0mGET /api/product/getWebProductById?id=5 [36m304 [0m91.805 ms - -[0m
[0mGET /api/product/similar?chilCategoryId=2 [36m304 [0m23.537 ms - -[0m
[0mGET /api/product/similar?chilCategoryId=2 [36m304 [0m116.685 ms - -[0m
[0mGET /api/category/main/list [36m304 [0m10.688 ms - -[0m
[0mGET /api/product/list/VETEMENTS [36m304 [0m124.174 ms - -[0m
[0mGET /api/product/list/VETEMENTS [36m304 [0m105.764 ms - -[0m
[0mGET /api/product/getWebProductById?id=5 [36m304 [0m242.434 ms - -[0m
[0mGET /api/product/similar?chilCategoryId=2 [36m304 [0m11.472 ms - -[0m
[0mGET /api/category/main/list [36m304 [0m29.719 ms - -[0m
[0mGET /api/product/list/VETEMENTS [36m304 [0m248.040 ms - -[0m
[0mGET /api/product/list/VETEMENTS [36m304 [0m53.467 ms - -[0m
[0mGET /api/product/getWebProductById?id=5 [36m304 [0m171.776 ms - -[0m
[0mGET /api/product/similar?chilCategoryId=2 [36m304 [0m16.818 ms - -[0m
[0mGET /api/category/main/list [36m304 [0m11.750 ms - -[0m
[0mGET /api/product/list/VETEMENTS [36m304 [0m116.908 ms - -[0m
[0mGET /api/product/getWebProductById?id=1 [36m304 [0m165.986 ms - -[0m
[0mGET /api/product/similar?chilCategoryId=3 [36m304 [0m12.663 ms - -[0m
[0mGET /api/category/main/list [36m304 [0m10.931 ms - -[0m
[0mGET /api/product/list/VETEMENTS [36m304 [0m357.790 ms - -[0m
[0mGET /api/product/getWebProductById?id=5 [36m304 [0m169.904 ms - -[0m
[0mGET /api/product/similar?chilCategoryId=2 [36m304 [0m72.994 ms - -[0m
[0mGET /api/product/getWebProductById?id=5 [36m304 [0m76.962 ms - -[0m
[0mGET /api/product/similar?chilCategoryId=2 [36m304 [0m7.192 ms - -[0m
[0mGET /api/product/getWebProductById?id=5 [36m304 [0m119.651 ms - -[0m
[0mGET /api/product/similar?chilCategoryId=2 [36m304 [0m18.966 ms - -[0m
[0mGET /api/product/getWebProductById?id=5 [36m304 [0m20.587 ms - -[0m
[0mGET /api/product/similar?chilCategoryId=2 [36m304 [0m9.657 ms - -[0m
[0mGET /api/product/getWebProductById?id=5 [36m304 [0m190.773 ms - -[0m
[0mGET /api/product/similar?chilCategoryId=2 [36m304 [0m41.019 ms - -[0m
[0mGET /api/product/getWebProductById?id=5 [36m304 [0m54.420 ms - -[0m
[0mGET /api/product/similar?chilCategoryId=2 [36m304 [0m12.130 ms - -[0m
[0mGET /api/product/getWebProductById?id=5 [36m304 [0m21.773 ms - -[0m
[0mGET /api/product/similar?chilCategoryId=2 [36m304 [0m107.748 ms - -[0m
[0mGET /api/product/getWebProductById?id=5 [36m304 [0m161.685 ms - -[0m
[0mGET /api/product/similar?chilCategoryId=2 [36m304 [0m12.845 ms - -[0m
[0mGET /api/product/getWebProductById?id=5 [36m304 [0m157.763 ms - -[0m
[0mGET /api/product/similar?chilCategoryId=2 [36m304 [0m11.101 ms - -[0m
[0mGET /api/product/getWebProductById?id=5 [36m304 [0m204.521 ms - -[0m
[0mGET /api/product/similar?chilCategoryId=2 [36m304 [0m35.529 ms - -[0m
[0mGET /api/product/getWebProductById?id=5 [36m304 [0m35.298 ms - -[0m
[0mGET /api/product/similar?chilCategoryId=2 [36m304 [0m133.978 ms - -[0m
[0mGET /api/product/getWebProductById?id=5 [36m304 [0m35.504 ms - -[0m
[0mGET /api/product/similar?chilCategoryId=2 [36m304 [0m128.019 ms - -[0m
[0mGET /api/product/getWebProductById?id=5 [36m304 [0m39.283 ms - -[0m
[0mGET /api/product/similar?chilCategoryId=2 [36m304 [0m10.776 ms - -[0m
[0mGET /api/product/getWebProductById?id=5 [36m304 [0m31.804 ms - -[0m
[0mGET /api/product/similar?chilCategoryId=2 [36m304 [0m11.847 ms - -[0m
[0mGET /api/product/getWebProductById?id=5 [36m304 [0m62.274 ms - -[0m
[0mGET /api/product/similar?chilCategoryId=2 [36m304 [0m33.368 ms - -[0m
[0mGET /api/product/getWebProductById?id=5 [36m304 [0m36.566 ms - -[0m
[0mGET /api/product/similar?chilCategoryId=2 [36m304 [0m10.265 ms - -[0m
[0mGET /api/product/getWebProductById?id=5 [36m304 [0m305.877 ms - -[0m
[0mGET /api/product/similar?chilCategoryId=2 [36m304 [0m26.066 ms - -[0m
[0mGET /api/product/getWebProductById?id=5 [36m304 [0m602.101 ms - -[0m
[0mGET /api/product/similar?chilCategoryId=2 [36m304 [0m274.033 ms - -[0m
[0mGET /api/category/main/list [36m304 [0m606.959 ms - -[0m
[0mGET /api/product/list/VETEMENTS [36m304 [0m545.779 ms - -[0m
[0mGET /api/product/getWebProductById?id=5 [36m304 [0m759.391 ms - -[0m
[0mGET /api/product/similar?chilCategoryId=2 [36m304 [0m72.513 ms - -[0m
[0mGET /api/product/getWebProductById?id=5 [36m304 [0m654.908 ms - -[0m
[0mGET /api/product/similar?chilCategoryId=2 [36m304 [0m42.646 ms - -[0m
[0mGET /api/product/getWebProductById?id=5 [36m304 [0m98.717 ms - -[0m
[0mGET /api/product/similar?chilCategoryId=2 [36m304 [0m171.561 ms - -[0m
[0mGET /api/product/getWebProductById?id=9 [36m304 [0m395.857 ms - -[0m
[0mGET /api/product/similar?chilCategoryId=2 [36m304 [0m228.870 ms - -[0m
[0mGET /api/product/getWebProductById?id=5 [36m304 [0m259.310 ms - -[0m
[0mGET /api/product/similar?chilCategoryId=2 [36m304 [0m304.868 ms - -[0m
[0mGET /api/product/getWebProductById?id=1 [32m200 [0m13641.856 ms - 605[0m
[0mGET /api/product/similar?chilCategoryId=3 [32m200 [0m13384.030 ms - 664[0m
[0mGET /produit/1697602090704TS5.jpg [32m200 [0m9835.117 ms - 4909[0m
[0mGET /produit/1697602015493TS3.jpg [32m200 [0m7134.329 ms - 2846[0m
[0mGET /produit/1697102155278TS1.jpg [32m200 [0m7820.462 ms - 4327[0m
[0mGET /produit/1695754614263T1.jpg [32m200 [0m1313.550 ms - 9012[0m
[0mGET /produit/1695747027807TS1.jpg [32m200 [0m937.712 ms - 4327[0m
[0mGET /api/category/main/list [36m304 [0m3044.889 ms - -[0m
[0mGET /produit/1695989763210acc1.jpg [36m304 [0m2190.212 ms - -[0m
[0mGET /produit/1695989601836C2.jpg [36m304 [0m2136.113 ms - -[0m
[0mGET /produit/1695989675538cas.jpg [36m304 [0m2119.533 ms - -[0m
[0mGET /produit/1696998821128ARR5.jpg [36m304 [0m2194.491 ms - -[0m
[0mGET /api/product/getWebProductById?id=5 [36m304 [0m5827.924 ms - -[0m
[0mGET /api/product/similar?chilCategoryId=2 [36m304 [0m502.967 ms - -[0m
[0mGET /api/category/main/list [36m304 [0m2228.083 ms - -[0m
[0mGET /api/product/list/VETEMENTS [36m304 [0m3469.459 ms - -[0m
[0mGET /api/product/list/VETEMENTS [36m304 [0m4508.113 ms - -[0m
[0mGET /api/product/getWebProductById?id=5 [36m304 [0m335.858 ms - -[0m
[0mGET /api/category/main/list [36m304 [0m827.752 ms - -[0m
[0mGET /api/product/list/VETEMENTS [36m304 [0m757.241 ms - -[0m
[0mGET /api/product/getWebProductById?id=5 [36m304 [0m32.743 ms - -[0m
[0mGET /api/category/main/list [36m304 [0m27.597 ms - -[0m
[0mGET /api/category/main/list [36m304 [0m28.349 ms - -[0m
[0mGET /api/product/list/VETEMENTS [36m304 [0m591.635 ms - -[0m
[0mGET /api/product/list/VETEMENTS [36m304 [0m502.017 ms - -[0m
[0mGET /api/product/getWebProductById?id=5 [36m304 [0m167.570 ms - -[0m
[0mGET /api/product/getWebProductById?id=5 [36m304 [0m18.860 ms - -[0m
[0mGET /api/product/similar?chilCategoryId=2 [36m304 [0m153.045 ms - -[0m
[0mGET /api/category/main/list [36m304 [0m22.486 ms - -[0m
[0mGET /api/product/list/VETEMENTS [36m304 [0m386.938 ms - -[0m
[0mGET /api/product/getWebProductById?id=5 [36m304 [0m32.623 ms - -[0m
[0mGET /api/category/main/list [36m304 [0m12.404 ms - -[0m
[0mGET /api/product/list/VETEMENTS [36m304 [0m264.897 ms - -[0m
[0mGET /api/product/getWebProductById?id=5 [36m304 [0m69.617 ms - -[0m
[0mGET /api/category/main/list [36m304 [0m12.821 ms - -[0m
[0mGET /api/product/list/VETEMENTS [36m304 [0m143.766 ms - -[0m
[0mGET /api/product/getWebProductById?id=6 [32m200 [0m60.204 ms - 440[0m
[0mGET /api/category/main/list [36m304 [0m47.978 ms - -[0m
[0mGET /api/product/list/VETEMENTS [36m304 [0m125.001 ms - -[0m
[0mGET /api/product/getWebProductById?id=5 [36m304 [0m16.119 ms - -[0m
[0mGET /api/product/getWebProductById?id=5 [36m304 [0m215.915 ms - -[0m
[0mGET /api/product/similar?chilCategoryId=2 [36m304 [0m25.248 ms - -[0m
[0mGET /api/product/similar?chilCategoryId=2 [36m304 [0m15.562 ms - -[0m
[0mGET /api/category/main/list [36m304 [0m220.213 ms - -[0m
[0mGET /api/product/list/VETEMENTS [36m304 [0m1234.712 ms - -[0m
[0mGET /api/product/list/VETEMENTS [36m304 [0m1734.054 ms - -[0m
[0mGET /api/category/main/list [36m304 [0m255.228 ms - -[0m
[0mGET /api/product/list/VETEMENTS [36m304 [0m120.061 ms - -[0m
[0mGET /api/product/list/VETEMENTS [36m304 [0m438.953 ms - -[0m
[0mGET /api/product/list/VETEMENTS [36m304 [0m215.327 ms - -[0m
[0mGET /api/product/getWebProductById?id=5 [36m304 [0m59.441 ms - -[0m
[0mGET /api/category/main/list [36m304 [0m36.806 ms - -[0m
[0mGET /api/product/list/VETEMENTS [36m304 [0m31.719 ms - -[0m
[0mGET /api/category/main/list [36m304 [0m55.814 ms - -[0m
[0mGET /api/product/list/VETEMENTS [36m304 [0m214.634 ms - -[0m
[0mGET /api/product/list/VETEMENTS [36m304 [0m592.976 ms - -[0m
[0mGET /api/category/main/list [36m304 [0m9501.616 ms - -[0m
[0mGET /api/product/list/VETEMENTS [36m304 [0m5029.321 ms - -[0m
[0mGET /api/product/list/VETEMENTS [36m304 [0m3360.559 ms - -[0m
[0mGET /api/category/main/list [36m304 [0m61.885 ms - -[0m
[0mGET /api/product/list/VETEMENTS [36m304 [0m52.474 ms - -[0m
[0mGET /api/product/list/VETEMENTS [36m304 [0m408.801 ms - -[0m
[0mGET /api/product/getWebProductById?id=5 [36m304 [0m213.502 ms - -[0m
[0mGET /api/product/getWebProductById?id=5 [36m304 [0m522.222 ms - -[0m
[0mGET /api/product/similar?chilCategoryId=2 [36m304 [0m107.251 ms - -[0m
[0mGET /api/product/similar?chilCategoryId=2 [36m304 [0m414.895 ms - -[0m
