[0mGET /api/category/cn/list?name=VETEMENTS [36m304 [0m7497.501 ms - -[0m
[0mGET /api/customer/getUserByEmailId?email=alice@gmail.com [32m200 [0m917.322 ms - 2357[0m
[0mGET /api/category/main/list [36m304 [0m401.691 ms - -[0m
[0mGET /produit/1695989511160e3.jpg [36m304 [0m901.174 ms - -[0m
[0mGET /produit/1695989601836C2.jpg [36m304 [0m725.970 ms - -[0m
[0mGET /produit/1695989763210acc1.jpg [36m304 [0m739.713 ms - -[0m
[0mGET /produit/1695989675538cas.jpg [36m304 [0m749.253 ms - -[0m
[0mGET /api/category/cn/list?name=VETEMENTS [36m304 [0m9536.360 ms - -[0m
[0mGET /api/product/list/VETEMENTS [36m304 [0m3084.872 ms - -[0m
[0mGET /produit/1695754196334ENST.jpg [36m304 [0m146.469 ms - -[0m
[0mGET /produit/1696451033035ARR12.jpg [36m304 [0m143.155 ms - -[0m
[0mGET /produit/1695754614263T1.jpg [36m304 [0m149.995 ms - -[0m
[0mGET /produit/1695752820497e3.jpg [36m304 [0m150.019 ms - -[0m
[0mGET /produit/1695747027807TS1.jpg [36m304 [0m159.996 ms - -[0m
[0mGET /produit/1696448643139ARR3.jpg [36m304 [0m149.396 ms - -[0m
[0mGET /api/category/main/list [36m304 [0m801.661 ms - -[0m
[0mGET /produit/1695989511160e3.jpg [36m304 [0m48.078 ms - -[0m
[0mGET /produit/1695989763210acc1.jpg [36m304 [0m36.200 ms - -[0m
[0mGET /produit/1695989675538cas.jpg [36m304 [0m42.384 ms - -[0m
[0mGET /produit/1695989601836C2.jpg [36m304 [0m47.899 ms - -[0m
[0mGET /api/product/getAllPhoto [32m200 [0m3847.216 ms - 1730[0m
[0mGET /api/product/getAllproduct [32m200 [0m3995.250 ms - 4540[0m
[0mGET /produit/1696516332648T1.jpg [36m304 [0m21.173 ms - -[0m
[0mGET /produit/1695991670018ENS4.jpg [36m304 [0m59.842 ms - -[0m
[0mGET /produit/1696020094574ENST.jpg [36m304 [0m66.046 ms - -[0m
[0mGET /produit/1695754614263T1.jpg [36m304 [0m169.836 ms - -[0m
[0mGET /produit/1695941364451ENSY.jpg [36m304 [0m64.882 ms - -[0m
[0mGET /produit/1695754196334ENST.jpg [36m304 [0m81.074 ms - -[0m
[0mGET /produit/1695751668068ARR32.jpg [36m304 [0m59.364 ms - -[0m
[0mGET /produit/1696080850442cas.jpg [32m200 [0m482.194 ms - 3513[0m
[0mGET /produit/1696081222154ARR32.jpg [32m200 [0m482.226 ms - 1907[0m
[0mGET /produit/1695747027807TS1.jpg [36m304 [0m104.441 ms - -[0m
[0mGET /produit/1695934819282TS5.jpg [36m304 [0m41.471 ms - -[0m
[0mGET /produit/1696020142327TS1.jpg [36m304 [0m25.028 ms - -[0m
[0mGET /produit/1695940802934TS3.jpg [36m304 [0m22.836 ms - -[0m
[0mGET /produit/1695934506632TS2.jpg [36m304 [0m6.268 ms - -[0m
[0mGET /api/product/getAllproduct [36m304 [0m233.193 ms - -[0m
[0mGET /produit/1695754614263T1.jpg [36m304 [0m24.153 ms - -[0m
[0mGET /produit/1695754196334ENST.jpg [36m304 [0m19.847 ms - -[0m
[0mGET /produit/1695751668068ARR32.jpg [36m304 [0m22.366 ms - -[0m
[0mGET /produit/1695747027807TS1.jpg [36m304 [0m19.854 ms - -[0m
[0mGET /produit/1695753661047tap3.jpg [36m304 [0m20.980 ms - -[0m
[0mGET /produit/1695752820497e3.jpg [36m304 [0m20.720 ms - -[0m
[0mGET /produit/1696451033035ARR12.jpg [36m304 [0m13.910 ms - -[0m
[0mGET /produit/1696448643139ARR3.jpg [36m304 [0m34.059 ms - -[0m
[0mGET /produit/1695991260175tap1.jpg [32m200 [0m43.653 ms - 3388[0m
[0mGET /produit/1695990880479SACS.jpg [32m200 [0m52.101 ms - 7551[0m
[0mGET /api/product/getAllproduct [36m304 [0m51.889 ms - -[0m
[0mGET /api/product/getAllproduct [36m304 [0m51.765 ms - -[0m
[0mGET /api/product/getAllproduct [36m304 [0m50.249 ms - -[0m
[0mPOST /api/product/update [32m200 [0m8217.094 ms - 45[0m
[0mGET /api/product/getAllproduct [32m200 [0m42.507 ms - 4539[0m
[0mGET /produit/1696961562793ENS1.jpg [32m200 [0m8.713 ms - 5125[0m
[0mPOST /api/product/addcreate [32m200 [0m913.272 ms - 45[0m
[0mGET /api/product/getAllproduct [32m200 [0m75.882 ms - 5015[0m
[0mGET /produit/1696961650011tape2.jpg [32m200 [0m6.116 ms - 4938[0m
[0mGET /produit/1696961562793ENS1.jpg [36m304 [0m30.429 ms - -[0m
[0mGET /produit/1696448643139ARR3.jpg [36m304 [0m28.322 ms - -[0m
[0mGET /produit/1695991260175tap1.jpg [36m304 [0m26.839 ms - -[0m
[0mGET /produit/1695990880479SACS.jpg [36m304 [0m25.285 ms - -[0m
[0mGET /produit/1695754196334ENST.jpg [36m304 [0m25.802 ms - -[0m
[0mGET /produit/1695754614263T1.jpg [36m304 [0m15.471 ms - -[0m
[0mGET /produit/1695753661047tap3.jpg [36m304 [0m9.650 ms - -[0m
[0mGET /produit/1695752820497e3.jpg [36m304 [0m11.718 ms - -[0m
[0mGET /produit/1695751668068ARR32.jpg [36m304 [0m9.995 ms - -[0m
[0mGET /produit/1695747027807TS1.jpg [36m304 [0m7.370 ms - -[0m
[0mGET /api/product/getAllproduct [36m304 [0m48.193 ms - -[0m
[0mGET /api/product/getAllproduct [36m304 [0m31.610 ms - -[0m
[0mGET /api/product/getAllproduct [36m304 [0m38.207 ms - -[0m
[0mGET /api/product/getAllproduct [36m304 [0m44.067 ms - -[0m
[0mGET /api/product/getAllproduct [36m304 [0m43.196 ms - -[0m
[0mGET /api/product/getAllproduct [36m304 [0m36.086 ms - -[0m
[0mGET /api/product/getAllproduct [36m304 [0m747.515 ms - -[0m
[0mGET /api/product/getAllproduct [36m304 [0m90.500 ms - -[0m
[0mGET /api/product/getAllproduct [36m304 [0m22.962 ms - -[0m
[0mGET /api/product/getAllproduct [36m304 [0m20.370 ms - -[0m
[0mGET /api/category/main/list [36m304 [0m19.642 ms - -[0m
[0mGET /api/category/sub-category/list [32m200 [0m34.316 ms - 1103[0m
[0mGET /api/category/child-category/list [32m200 [0m61.109 ms - 2556[0m
[0mGET /api/product/getAllproduct [36m304 [0m66.733 ms - -[0m
[0mGET /api/category/main/list [36m304 [0m86.160 ms - -[0m
[0mGET /api/category/sub-category/list [36m304 [0m377.766 ms - -[0m
[0mGET /api/category/child-category/list [36m304 [0m400.727 ms - -[0m
[0mGET /api/product/getAllproduct [36m304 [0m421.934 ms - -[0m
[0mGET /api/category/main/list [36m304 [0m123.000 ms - -[0m
[0mGET /api/product/getAllproduct [36m304 [0m162.006 ms - -[0m
[0mGET /api/category/sub-category/list [36m304 [0m176.146 ms - -[0m
[0mGET /api/category/child-category/list [36m304 [0m175.569 ms - -[0m
[0mGET /api/category/main/list [36m304 [0m37.311 ms - -[0m
[0mGET /api/category/sub-category/list [36m304 [0m42.780 ms - -[0m
[0mGET /api/category/child-category/list [36m304 [0m42.401 ms - -[0m
[0mGET /api/product/getAllproduct [36m304 [0m49.359 ms - -[0m
[0mGET /api/category/main/list [36m304 [0m708.250 ms - -[0m
[0mGET /api/category/sub-category/list [36m304 [0m828.635 ms - -[0m
[0mGET /api/category/child-category/list [36m304 [0m836.201 ms - -[0m
[0mGET /api/product/getAllproduct [36m304 [0m1386.732 ms - -[0m
[0mGET /api/category/main/list [36m304 [0m34.412 ms - -[0m
[0mGET /api/category/sub-category/list [36m304 [0m48.116 ms - -[0m
[0mGET /api/category/child-category/list [36m304 [0m52.438 ms - -[0m
[0mGET /api/product/getAllproduct [36m304 [0m58.209 ms - -[0m
[0mGET /api/product/getAllproduct [36m304 [0m82.699 ms - -[0m
[0mGET /api/product/getAllPhoto [32m200 [0m210.799 ms - 1830[0m
[0mGET /produit/1695754614263T1.jpg [36m304 [0m10.335 ms - -[0m
[0mGET /produit/1696516332648T1.jpg [36m304 [0m8.732 ms - -[0m
[0mGET /produit/1695754196334ENST.jpg [36m304 [0m26.450 ms - -[0m
[0mGET /produit/1696020094574ENST.jpg [36m304 [0m20.493 ms - -[0m
[0mGET /produit/1695941364451ENSY.jpg [36m304 [0m137.341 ms - -[0m
[0mGET /produit/1695991670018ENS4.jpg [36m304 [0m133.824 ms - -[0m
[0mGET /produit/1695751668068ARR32.jpg [36m304 [0m205.745 ms - -[0m
[0mGET /produit/1696081222154ARR32.jpg [36m304 [0m189.885 ms - -[0m
[0mGET /produit/1696080850442cas.jpg [36m304 [0m75.941 ms - -[0m
[0mGET /produit/1695747027807TS1.jpg [36m304 [0m71.691 ms - -[0m
[0mGET /produit/1695934819282TS5.jpg [36m304 [0m72.350 ms - -[0m
[0mGET /produit/1695940802934TS3.jpg [36m304 [0m117.133 ms - -[0m
[0mGET /produit/1696020142327TS1.jpg [36m304 [0m27.494 ms - -[0m
[0mGET /produit/1695934506632TS2.jpg [36m304 [0m16.627 ms - -[0m
[0mGET /api/category/main/list [36m304 [0m66.289 ms - -[0m
[0mGET /api/category/sub-category/list [36m304 [0m101.045 ms - -[0m
[0mGET /api/category/child-category/list [36m304 [0m108.604 ms - -[0m
[0mGET /api/category/main/list [36m304 [0m92.514 ms - -[0m
[0mGET /api/category/sub-category/list [36m304 [0m127.938 ms - -[0m
[0mGET /api/category/child-category/list [36m304 [0m161.226 ms - -[0m
[0mGET /api/category/main/list [36m304 [0m954.740 ms - -[0m
[0mGET /api/category/sub-category/list [36m304 [0m1279.282 ms - -[0m
[0mGET /api/category/child-category/list [36m304 [0m374.258 ms - -[0m
[0mGET /api/category/main/list [36m304 [0m293.030 ms - -[0m
[0mGET /api/category/sub-category/list [36m304 [0m45.487 ms - -[0m
[0mOPTIONS /api/category/sub-cat/update [32m204 [0m868.721 ms - 0[0m
[0mPOST /api/category/sub-cat/update [31m500 [0m8740.174 ms - 34[0m
[0mPOST /api/category/sub-cat/update [31m500 [0m582.675 ms - 34[0m
[0mPOST /api/category/sub-cat/update [31m500 [0m36.087 ms - 34[0m
[0mOPTIONS /api/category/sub-cat/update [32m204 [0m3.240 ms - 0[0m
[0mPOST /api/category/sub-cat/update [31m500 [0m631.674 ms - 34[0m
[0mOPTIONS /api/category/sub-cat/update [32m204 [0m3.884 ms - 0[0m
[0mPOST /api/category/sub-cat/update [31m500 [0m22.920 ms - 34[0m
[0mOPTIONS /api/category/sub-cat/update [32m204 [0m3.532 ms - 0[0m
[0mPOST /api/category/sub-cat/update [31m500 [0m65.852 ms - 34[0m
[0mGET /api/category/main/list [36m304 [0m125.036 ms - -[0m
[0mGET /api/category/child-category/list [36m304 [0m40.991 ms - -[0m
[0mGET /api/category/sub-category/list [36m304 [0m252.785 ms - -[0m
[0mOPTIONS /api/category/sub-cat/update [32m204 [0m3.251 ms - 0[0m
[0mPOST /api/category/sub-cat/update [31m500 [0m63.093 ms - 34[0m
[0mPOST /api/category/sub-cat/update [31m500 [0m23.206 ms - 34[0m
[0mOPTIONS /api/category/sub-cat/update [32m204 [0m4.651 ms - 0[0m
[0mPOST /api/category/sub-cat/update [31m500 [0m42.041 ms - 34[0m
[0mPOST /api/category/sub-cat/update [31m500 [0m17.116 ms - 34[0m
[0mPOST /api/category/sub-cat/update [31m500 [0m12.320 ms - 34[0m
[0mGET /api/category/main/list [36m304 [0m9.668 ms - -[0m
[0mGET /produit/1695989511160e3.jpg [36m304 [0m32.173 ms - -[0m
[0mGET /produit/1695989601836C2.jpg [36m304 [0m25.809 ms - -[0m
[0mGET /produit/1695989675538cas.jpg [36m304 [0m24.353 ms - -[0m
[0mGET /produit/1695989763210acc1.jpg [36m304 [0m11.579 ms - -[0m
[0mOPTIONS /api/category/main/update [32m204 [0m2.382 ms - 0[0m
[0mPOST /api/category/main/update [32m200 [0m5461.530 ms - 54[0m
[0mGET /api/category/main/list [32m200 [0m26.975 ms - 693[0m
[0mGET /produit/1695989511160e3.jpg [36m304 [0m5.943 ms - -[0m
[0mGET /produit/1695989601836C2.jpg [36m304 [0m6.245 ms - -[0m
[0mGET /produit/1695989675538cas.jpg [36m304 [0m12.699 ms - -[0m
[0mGET /produit/1695989763210acc1.jpg [36m304 [0m9.318 ms - -[0m
[0mOPTIONS /api/category/main/update [32m204 [0m3.048 ms - 0[0m
[0mPOST /api/category/main/update [32m200 [0m923.784 ms - 54[0m
[0mGET /api/category/main/list [32m200 [0m196.170 ms - 694[0m
[0mGET /produit/1695989511160e3.jpg [36m304 [0m6.247 ms - -[0m
[0mGET /produit/1695989601836C2.jpg [36m304 [0m7.339 ms - -[0m
[0mGET /produit/1695989675538cas.jpg [36m304 [0m11.052 ms - -[0m
[0mGET /produit/1695989763210acc1.jpg [36m304 [0m7.421 ms - -[0m
[0mGET /api/category/main/list [36m304 [0m1638.185 ms - -[0m
[0mGET /api/category/main/list [36m304 [0m5096.169 ms - -[0m
[0mGET /api/category/main/list [36m304 [0m475.218 ms - -[0m
[0mGET /api/category/main/list [36m304 [0m59.962 ms - -[0m
[0mGET /api/category/main/list [36m304 [0m140.419 ms - -[0m
[0mGET /api/category/main/list [36m304 [0m511.941 ms - -[0m
[0mGET /produit/1695989511160e3.jpg [36m304 [0m1348.356 ms - -[0m
[0mGET /produit/1695989601836C2.jpg [36m304 [0m892.125 ms - -[0m
[0mGET /produit/1695989675538cas.jpg [36m304 [0m748.608 ms - -[0m
[0mGET /produit/1695989763210acc1.jpg [36m304 [0m748.886 ms - -[0m
[0mGET /api/category/main/list [36m304 [0m429.117 ms - -[0m
[0mGET /api/category/child-category/list [36m304 [0m29661.632 ms - -[0m
[0mGET /api/category/sub-category/list [31m500 [0m34771.490 ms - 3846[0m
[0mGET /api/category/main/list [36m304 [0m1817.092 ms - -[0m
[0mGET /api/category/sub-category/list [32m200 [0m2020.640 ms - 1103[0m
[0mGET /api/category/child-category/list [36m304 [0m2086.816 ms - -[0m
[0mGET /api/category/main/list [36m304 [0m1235.014 ms - -[0m
[0mGET /api/category/sub-category/list [36m304 [0m1227.318 ms - -[0m
[0mGET /api/category/child-category/list [36m304 [0m1251.383 ms - -[0m
[0mGET /api/category/main/list [36m304 [0m16.546 ms - -[0m
[0mGET /api/category/sub-category/list [36m304 [0m21.698 ms - -[0m
[0mGET /api/category/child-category/list [36m304 [0m413.375 ms - -[0m
[0mGET /api/category/main/list [36m304 [0m431.726 ms - -[0m
[0mGET /api/category/sub-category/list [36m304 [0m438.008 ms - -[0m
[0mGET /api/category/child-category/list [36m304 [0m261.725 ms - -[0m
[0mGET /api/category/main/list [36m304 [0m566.714 ms - -[0m
[0mGET /api/category/sub-category/list [36m304 [0m500.348 ms - -[0m
[0mGET /api/category/child-category/list [36m304 [0m1474.403 ms - -[0m
[0mGET /api/category/main/list [36m304 [0m5617.219 ms - -[0m
[0mGET /api/category/sub-category/list [36m304 [0m5658.110 ms - -[0m
[0mGET /api/category/child-category/list [36m304 [0m4926.325 ms - -[0m
[0mGET /api/category/main/list [36m304 [0m1471.122 ms - -[0m
[0mGET /api/category/sub-category/list [36m304 [0m4980.806 ms - -[0m
[0mGET /api/category/child-category/list [36m304 [0m4980.054 ms - -[0m
[0mOPTIONS /api/category/sub-cat/update [32m204 [0m6.247 ms - 0[0m
[0mPOST /api/category/sub-cat/update [32m200 [0m4437.592 ms - 55[0m
[0mGET /api/category/main/list [36m304 [0m76.615 ms - -[0m
[0mGET /api/category/sub-category/list [32m200 [0m88.875 ms - 1106[0m
[0mGET /api/category/child-category/list [32m200 [0m83.663 ms - 2562[0m
[0mOPTIONS /api/category/child-category/update [32m204 [0m6.071 ms - 0[0m
[0mPOST /api/category/child-category/update [33m404 [0m24.350 ms - 28[0m
[0mGET /api/category/main/list [36m304 [0m51.941 ms - -[0m
[0mGET /api/category/sub-category/list [36m304 [0m76.919 ms - -[0m
[0mGET /api/category/child-category/list [36m304 [0m201.530 ms - -[0m
[0mOPTIONS /api/category/child-category/update [32m204 [0m3.894 ms - 0[0m
[0mPOST /api/category/child-category/update [33m404 [0m59.734 ms - 28[0m
[0mGET /api/category/main/list [36m304 [0m59.997 ms - -[0m
[0mGET /api/category/sub-category/list [36m304 [0m74.090 ms - -[0m
[0mGET /api/category/child-category/list [36m304 [0m99.316 ms - -[0m
[0mGET /api/category/main/list [36m304 [0m29.567 ms - -[0m
[0mGET /api/category/sub-category/list [36m304 [0m41.448 ms - -[0m
[0mGET /api/category/child-category/list [36m304 [0m41.159 ms - -[0m
[0mPOST /api/category/child-category/update [33m404 [0m191.870 ms - 7585[0m
[0mGET /api/category/main/list [36m304 [0m371.869 ms - -[0m
[0mGET /api/category/sub-category/list [36m304 [0m399.075 ms - -[0m
[0mGET /api/category/main/list [36m304 [0m32.497 ms - -[0m
[0mGET /api/category/sub-category/list [36m304 [0m47.985 ms - -[0m
[0mGET /api/category/child-category/list [36m304 [0m54.574 ms - -[0m
[0mOPTIONS /api/category/child-category/update [32m204 [0m3.122 ms - 0[0m
[0mPOST /api/category/child-category/update [33m404 [0m7.638 ms - 28[0m
[0mGET /api/category/main/list [36m304 [0m71.968 ms - -[0m
[0mGET /api/category/sub-category/list [36m304 [0m84.189 ms - -[0m
[0mGET /api/category/child-category/list [36m304 [0m92.614 ms - -[0m
[0mOPTIONS /api/category/child-category/update [32m204 [0m3.305 ms - 0[0m
[0mPOST /api/category/child-category/update [33m404 [0m10.904 ms - 28[0m
[0mOPTIONS /api/category/child-category/update [32m204 [0m3.588 ms - 0[0m
[0mPOST /api/category/child-category/update [33m404 [0m10.124 ms - 28[0m
[0mGET /api/category/main/list [36m304 [0m47.677 ms - -[0m
[0mGET /api/category/sub-category/list [36m304 [0m49.664 ms - -[0m
[0mOPTIONS /api/category/sub-cat/update [32m204 [0m2.908 ms - 0[0m
[0mPOST /api/category/sub-cat/update [32m200 [0m407.940 ms - 55[0m
[0mGET /api/category/main/list [36m304 [0m48.976 ms - -[0m
[0mGET /api/category/sub-category/list [32m200 [0m59.431 ms - 1109[0m
[0mOPTIONS /api/category/sub-cat/update [32m204 [0m4.782 ms - 0[0m
[0mPOST /api/category/sub-cat/update [32m200 [0m199.097 ms - 55[0m
[0mGET /api/category/main/list [36m304 [0m51.560 ms - -[0m
[0mGET /api/category/sub-category/list [32m200 [0m53.098 ms - 1110[0m
[0mGET /api/category/main/list [36m304 [0m82.242 ms - -[0m
[0mGET /api/category/sub-category/list [36m304 [0m140.418 ms - -[0m
[0mGET /api/category/child-category/list [32m200 [0m195.352 ms - 2564[0m
[0mGET /api/category/main/list [36m304 [0m44.382 ms - -[0m
[0mGET /api/category/sub-category/list [36m304 [0m49.763 ms - -[0m
[0mGET /api/category/child-category/list [36m304 [0m64.687 ms - -[0m
[0mGET /api/category/main/list [36m304 [0m41.841 ms - -[0m
[0mGET /api/category/sub-category/list [36m304 [0m40.058 ms - -[0m
[0mGET /api/category/child-category/list [36m304 [0m47.976 ms - -[0m
[0mGET /api/category/main/list [36m304 [0m39.708 ms - -[0m
[0mGET /api/category/sub-category/list [36m304 [0m48.744 ms - -[0m
[0mGET /api/category/child-category/list [36m304 [0m52.144 ms - -[0m
[0mOPTIONS /api/category/child-category/update [32m204 [0m3.220 ms - 0[0m
[0mPOST /api/category/child-category/update [33m404 [0m10.778 ms - 28[0m
[0mGET /api/category/main/list [36m304 [0m173.140 ms - -[0m
[0mGET /api/category/sub-category/list [36m304 [0m252.064 ms - -[0m
[0mGET /api/category/child-category/list [36m304 [0m243.901 ms - -[0m
[0mOPTIONS /api/category/child-category/update [32m204 [0m6.626 ms - 0[0m
[0mPOST /api/category/child-category/update [32m200 [0m263.192 ms - 55[0m
[0mGET /api/category/main/list [36m304 [0m86.458 ms - -[0m
[0mGET /api/category/sub-category/list [36m304 [0m101.338 ms - -[0m
[0mGET /api/category/child-category/list [32m200 [0m113.627 ms - 2565[0m
[0mOPTIONS /api/category/child-category/update [32m204 [0m7.189 ms - 0[0m
[0mPOST /api/category/child-category/update [32m200 [0m103.706 ms - 55[0m
[0mGET /api/category/main/list [36m304 [0m96.219 ms - -[0m
[0mGET /api/category/sub-category/list [36m304 [0m123.816 ms - -[0m
[0mGET /api/category/child-category/list [32m200 [0m139.153 ms - 2565[0m
[0mOPTIONS /api/category/child-category/update [32m204 [0m4.149 ms - 0[0m
[0mPOST /api/category/child-category/update [32m200 [0m173.054 ms - 55[0m
[0mGET /api/category/main/list [36m304 [0m79.677 ms - -[0m
[0mGET /api/category/sub-category/list [36m304 [0m82.231 ms - -[0m
[0mGET /api/category/child-category/list [32m200 [0m136.075 ms - 2565[0m
[0mGET /api/category/main/list [36m304 [0m19.435 ms - -[0m
[0mGET /produit/1695989511160e3.jpg [36m304 [0m38.363 ms - -[0m
[0mGET /produit/1695989601836C2.jpg [36m304 [0m37.303 ms - -[0m
[0mGET /produit/1695989675538cas.jpg [36m304 [0m35.106 ms - -[0m
[0mGET /produit/1695989763210acc1.jpg [36m304 [0m25.709 ms - -[0m
[0mGET /api/category/main/list [36m304 [0m16.775 ms - -[0m
[0mGET /api/category/main/list [36m304 [0m15.045 ms - -[0m
[0mPOST /api/category/main/update [33m400 [0m710.208 ms - 57[0m
[0mPOST /api/category/main/update [33m400 [0m297.615 ms - 57[0m
[0mPOST /api/category/main/update [33m400 [0m173.972 ms - 57[0m
[0mGET /api/category/main/list [36m304 [0m152.132 ms - -[0m
[0mGET /produit/1695989601836C2.jpg [36m304 [0m45.193 ms - -[0m
[0mGET /produit/1695989511160e3.jpg [36m304 [0m61.680 ms - -[0m
[0mGET /produit/1695989675538cas.jpg [36m304 [0m50.534 ms - -[0m
[0mGET /produit/1695989763210acc1.jpg [36m304 [0m60.035 ms - -[0m
[0mPOST /api/category/main/update [33m400 [0m147.923 ms - 57[0m
[0mPOST /api/category/main/update [33m400 [0m58.027 ms - 57[0m
[0mPOST /api/category/main/update [33m400 [0m76.558 ms - 57[0m
[0mPOST /api/category/main/update [33m400 [0m42.447 ms - 57[0m
[0mPOST /api/category/main/update [33m400 [0m43.650 ms - 57[0m
[0mPOST /api/category/main/update [33m400 [0m37.075 ms - 57[0m
[0mPOST /api/category/main/update [33m400 [0m61.798 ms - 57[0m
[0mPOST /api/category/main/update [33m400 [0m73.203 ms - 57[0m
[0mPOST /api/category/main/update [33m400 [0m41.855 ms - 57[0m
[0mPOST /api/category/main/update [33m400 [0m40.924 ms - 57[0m
[0mPOST /api/category/main/update [33m400 [0m128.140 ms - 57[0m
[0mPOST /api/category/main/update [33m400 [0m25.999 ms - 57[0m
[0mPOST /api/category/main/update [33m400 [0m39.242 ms - 57[0m
[0mPOST /api/category/main/update [33m400 [0m36.676 ms - 57[0m
[0mPOST /api/category/main/update [33m400 [0m137.739 ms - 57[0m
[0mPOST /api/category/main/update [33m400 [0m33.901 ms - 57[0m
[0mPOST /api/category/main/update [33m400 [0m40.295 ms - 57[0m
[0mGET /api/category/main/list [36m304 [0m25.331 ms - -[0m
[0mGET /produit/1695989511160e3.jpg [36m304 [0m6.973 ms - -[0m
[0mGET /produit/1695989601836C2.jpg [36m304 [0m6.661 ms - -[0m
[0mGET /produit/1695989675538cas.jpg [36m304 [0m6.069 ms - -[0m
[0mGET /produit/1695989763210acc1.jpg [36m304 [0m5.133 ms - -[0m
[0mGET /api/category/main/list [36m304 [0m29.836 ms - -[0m
[0mGET /api/category/main/list [36m304 [0m30.099 ms - -[0m
[0mGET /api/category/main/list [36m304 [0m16.249 ms - -[0m
[0mGET /api/category/main/list [36m304 [0m18.453 ms - -[0m
[0mGET /api/category/main/list [36m304 [0m18.634 ms - -[0m
[0mGET /api/category/main/list [36m304 [0m17.985 ms - -[0m
[0mGET /api/category/main/list [36m304 [0m36.547 ms - -[0m
[0mGET /produit/1695989511160e3.jpg [36m304 [0m35.272 ms - -[0m
[0mGET /produit/1695989601836C2.jpg [36m304 [0m37.160 ms - -[0m
[0mGET /produit/1695989675538cas.jpg [36m304 [0m34.984 ms - -[0m
[0mGET /produit/1695989763210acc1.jpg [36m304 [0m28.722 ms - -[0m
[0mGET /api/category/main/list [36m304 [0m25.461 ms - -[0m
[0mGET /produit/1695989511160e3.jpg [36m304 [0m3.983 ms - -[0m
[0mGET /produit/1695989601836C2.jpg [36m304 [0m6.284 ms - -[0m
[0mGET /produit/1695989675538cas.jpg [36m304 [0m9.128 ms - -[0m
[0mGET /produit/1695989763210acc1.jpg [36m304 [0m12.865 ms - -[0m
[0mGET /api/category/main/list [36m304 [0m10.886 ms - -[0m
[0mGET /api/category/main/list [36m304 [0m20.499 ms - -[0m
[0mGET /api/category/main/list [36m304 [0m31.598 ms - -[0m
[0mGET /api/category/main/list [36m304 [0m83.389 ms - -[0m
[0mGET /produit/1695989511160e3.jpg [36m304 [0m4.176 ms - -[0m
[0mGET /produit/1695989601836C2.jpg [36m304 [0m6.779 ms - -[0m
[0mGET /produit/1695989675538cas.jpg [36m304 [0m8.233 ms - -[0m
[0mGET /produit/1695989763210acc1.jpg [36m304 [0m6.044 ms - -[0m
[0mGET /api/category/main/list [36m304 [0m23.894 ms - -[0m
[0mGET /produit/1695989511160e3.jpg [36m304 [0m5.890 ms - -[0m
[0mGET /produit/1695989601836C2.jpg [36m304 [0m5.911 ms - -[0m
[0mGET /produit/1695989675538cas.jpg [36m304 [0m8.018 ms - -[0m
[0mGET /produit/1695989763210acc1.jpg [36m304 [0m4.697 ms - -[0m
[0mGET /api/category/main/list [36m304 [0m19.660 ms - -[0m
[0mGET /api/category/main/list [36m304 [0m11.684 ms - -[0m
[0mGET /api/category/main/list [36m304 [0m57.239 ms - -[0m
[0mGET /api/category/main/list [36m304 [0m18.522 ms - -[0m
[0mGET /api/category/main/list [36m304 [0m15.490 ms - -[0m
[0mGET /api/category/main/list [36m304 [0m13.692 ms - -[0m
[0mGET /api/category/main/list [36m304 [0m20.547 ms - -[0m
[0mPOST /api/category/main/update [33m400 [0m410.026 ms - 57[0m
[0mPOST /api/category/main/update [33m400 [0m176.629 ms - 57[0m
[0mGET /api/category/main/list [36m304 [0m15.341 ms - -[0m
[0mGET /produit/1695989511160e3.jpg [36m304 [0m15.893 ms - -[0m
[0mGET /produit/1695989601836C2.jpg [36m304 [0m16.378 ms - -[0m
[0mGET /produit/1695989675538cas.jpg [36m304 [0m14.500 ms - -[0m
[0mGET /produit/1695989763210acc1.jpg [36m304 [0m13.082 ms - -[0m
[0mGET /api/category/main/list [36m304 [0m236.866 ms - -[0m
[0mGET /produit/1695989511160e3.jpg [36m304 [0m51.299 ms - -[0m
[0mGET /produit/1695989601836C2.jpg [36m304 [0m42.480 ms - -[0m
[0mGET /produit/1695989675538cas.jpg [36m304 [0m63.623 ms - -[0m
[0mGET /produit/1695989763210acc1.jpg [36m304 [0m62.625 ms - -[0m
[0mGET /api/category/main/list [36m304 [0m91.636 ms - -[0m
[0mGET /produit/1695989511160e3.jpg [36m304 [0m78.992 ms - -[0m
[0mGET /produit/1695989601836C2.jpg [36m304 [0m71.357 ms - -[0m
[0mGET /produit/1695989675538cas.jpg [36m304 [0m70.344 ms - -[0m
[0mGET /produit/1695989763210acc1.jpg [36m304 [0m88.567 ms - -[0m
[0mPOST /api/category/main/update [33m404 [0m116.742 ms - 7585[0m
[0mGET /api/category/main/list [36m304 [0m230.849 ms - -[0m
[0mGET /produit/1695989511160e3.jpg [36m304 [0m54.365 ms - -[0m
[0mGET /produit/1695989601836C2.jpg [36m304 [0m43.612 ms - -[0m
[0mGET /produit/1695989675538cas.jpg [36m304 [0m41.001 ms - -[0m
[0mGET /produit/1695989763210acc1.jpg [36m304 [0m50.201 ms - -[0m
[0mPOST /api/product/main/update [33m409 [0m355.237 ms - 3844[0m
[0mGET /api/product/getAllproduct [32m200 [0m353.274 ms - 5021[0m
[0mGET /produit/1696961650011tape2.jpg [36m304 [0m45.326 ms - -[0m
[0mGET /produit/1696961562793ENS1.jpg [36m304 [0m38.244 ms - -[0m
[0mGET /produit/1695991260175tap1.jpg [36m304 [0m52.609 ms - -[0m
[0mGET /produit/1696448643139ARR3.jpg [36m304 [0m114.440 ms - -[0m
[0mGET /produit/1695990880479SACS.jpg [36m304 [0m135.705 ms - -[0m
[0mGET /produit/1695754614263T1.jpg [36m304 [0m120.083 ms - -[0m
[0mGET /produit/1695754196334ENST.jpg [36m304 [0m119.954 ms - -[0m
[0mGET /produit/1695753661047tap3.jpg [36m304 [0m96.420 ms - -[0m
[0mGET /produit/1695752820497e3.jpg [36m304 [0m53.404 ms - -[0m
[0mGET /produit/1695751668068ARR32.jpg [36m304 [0m47.057 ms - -[0m
[0mGET /produit/1695747027807TS1.jpg [36m304 [0m89.468 ms - -[0m
[0mGET /api/product/getAllproduct [36m304 [0m76.381 ms - -[0m
[0mGET /api/category/main/list [36m304 [0m39.674 ms - -[0m
[0mGET /produit/1695989511160e3.jpg [36m304 [0m26.070 ms - -[0m
[0mGET /produit/1695989601836C2.jpg [36m304 [0m20.099 ms - -[0m
[0mGET /produit/1695989675538cas.jpg [36m304 [0m18.598 ms - -[0m
[0mGET /produit/1695989763210acc1.jpg [36m304 [0m20.257 ms - -[0m
[0mPOST /api/product/main/update [32m200 [0m442.025 ms - 45[0m
[0mGET /api/category/main/list [32m200 [0m21.242 ms - 709[0m
[0mGET /produit/16969734641851693377089511img4.png [32m200 [0m61.536 ms - 38269[0m
