[0mGET /undefined [33m404 [0m7575.469 ms - 7466[0m
[0mGET /api/product/list/VETEMENTS [36m304 [0m1884.882 ms - -[0m
[0mGET /api/product/getWebProductById?id=5 [36m304 [0m175.413 ms - -[0m
[0mGET /api/product/similar?chilCategoryId=2 [36m304 [0m78.119 ms - -[0m
[0mGET /api/category/main/list [32m200 [0m8931.247 ms - 696[0m
[0mGET /produit/1695989601836C2.jpg [32m200 [0m295.923 ms - 8412[0m
[0mGET /produit/1695989675538cas.jpg [32m200 [0m336.726 ms - 3513[0m
[0mGET /produit/1696998821128ARR5.jpg [32m200 [0m604.880 ms - 3588[0m
[0mGET /produit/1695989763210acc1.jpg [32m200 [0m54.131 ms - 7482[0m
[0mGET /api/category/main/list [32m200 [0m4042.079 ms - 696[0m
[0mGET /produit/1695989675538cas.jpg [32m200 [0m96.293 ms - 3513[0m
[0mGET /produit/1695989601836C2.jpg [32m200 [0m103.508 ms - 8412[0m
[0mGET /produit/1696998821128ARR5.jpg [32m200 [0m197.109 ms - 3588[0m
[0mGET /produit/1695989763210acc1.jpg [32m200 [0m4.827 ms - 7482[0m
[0mGET /api/category/main/list [36m304 [0m4077.062 ms - -[0m
[0mGET /api/product/list/VETEMENTS [36m304 [0m2526.729 ms - -[0m
[0mGET /api/product/list/VETEMENTS [36m304 [0m1367.693 ms - -[0m
[0mGET /api/product/list/VETEMENTS [36m304 [0m2788.836 ms - -[0m
[0mGET /api/product/list/VETEMENTS [36m304 [0m6013.028 ms - -[0m
[0mGET /api/product/list/VETEMENTS [36m304 [0m2922.677 ms - -[0m
[0mGET /api/product/getWebProductById?id=5 [36m304 [0m974.561 ms - -[0m
[0mGET /api/product/getWebProductById?id=5 [36m304 [0m204.086 ms - -[0m
[0mGET /api/product/similar?chilCategoryId=2 [36m304 [0m37.409 ms - -[0m
[0mGET /api/product/similar?chilCategoryId=2 [36m304 [0m57.725 ms - -[0m
[0mGET /undefined [33m404 [0m2928.887 ms - 7466[0m
[0mGET /api/category/main/list [36m304 [0m1253.402 ms - -[0m
[0mGET /api/product/list/VETEMENTS [36m304 [0m1210.988 ms - -[0m
[0mGET /api/product/getWebProductById?id=5 [36m304 [0m171.933 ms - -[0m
[0mGET /api/product/similar?chilCategoryId=2 [36m304 [0m146.932 ms - -[0m
[0mGET / [33m404 [0m614.490 ms - 7466[0m
[0mGET /api/category/main/list [36m304 [0m24.941 ms - -[0m
[0mGET /api/product/list/VETEMENTS [36m304 [0m287.192 ms - -[0m
[0mGET /api/product/getWebProductById?id=5 [36m304 [0m52.444 ms - -[0m
[0mGET /api/product/similar?chilCategoryId=2 [36m304 [0m49.825 ms - -[0m
[0mGET /api/category/main/list [36m304 [0m46.063 ms - -[0m
[0mGET /api/product/list/VETEMENTS [36m304 [0m650.391 ms - -[0m
[0mGET /api/product/getWebProductById?id=1 [36m304 [0m137.140 ms - -[0m
[0mGET /api/product/similar?chilCategoryId=3 [36m304 [0m299.689 ms - -[0m
[0mGET /produit/1697602015493TS3.jpg [32m200 [0m921.025 ms - 2846[0m
[0mGET / [33m404 [0m112.296 ms - 7466[0m
[0mGET /api/product/list/VETEMENTS [36m304 [0m152.445 ms - -[0m
[0mGET /api/product/getWebProductById?id=5 [36m304 [0m244.355 ms - -[0m
[0mGET /api/product/similar?chilCategoryId=2 [36m304 [0m9.765 ms - -[0m
[0mGET /api/product/list/VETEMENTS [32m200 [0m1350.994 ms - 2133[0m
[0mGET /api/category/cn/list?name=VETEMENTS [32m200 [0m5273.821 ms - 1606[0m
[0mGET /produit/1695752820497e3.jpg [32m200 [0m215.271 ms - 7440[0m
[0mGET /produit/1695754614263T1.jpg [32m200 [0m244.592 ms - 9012[0m
[0mGET /produit/1695754196334ENST.jpg [32m200 [0m257.840 ms - 4600[0m
[0mGET /produit/1695747027807TS1.jpg [32m200 [0m289.426 ms - 4327[0m
[0mGET /produit/1696448643139ARR3.jpg [32m200 [0m626.494 ms - 3465[0m
[0mGET /api/product/getWebProductById?id=1 [32m200 [0m308.535 ms - 605[0m
[0mGET /api/product/similar?chilCategoryId=3 [32m200 [0m24.508 ms - 664[0m
[0mGET /produit/1697602015493TS3.jpg [32m200 [0m18.491 ms - 2846[0m
[0mGET /produit/1697102155278TS1.jpg [32m200 [0m264.392 ms - 4327[0m
[0mGET /produit/1697602090704TS5.jpg [32m200 [0m278.462 ms - 4909[0m
[0mGET /api/product/getWebProductById?id=1 [36m304 [0m646.806 ms - -[0m
[0mGET /api/product/similar?chilCategoryId=3 [36m304 [0m23.421 ms - -[0m
[0mGET /api/category/cn/list?name=VETEMENTS [36m304 [0m550.312 ms - -[0m
[0mGET /api/product/list/VETEMENTS [36m304 [0m503.174 ms - -[0m
[0mGET /produit/1695754196334ENST.jpg [36m304 [0m284.920 ms - -[0m
[0mGET /produit/1695752820497e3.jpg [36m304 [0m124.420 ms - -[0m
[0mGET /produit/1696448643139ARR3.jpg [36m304 [0m29.784 ms - -[0m
[0mGET /api/product/getWebProductById?id=5 [32m200 [0m15.945 ms - 610[0m
[0mGET /api/product/similar?chilCategoryId=2 [32m200 [0m81.627 ms - 691[0m
[0mGET /produit/1697602143219ENST.jpg [32m200 [0m250.275 ms - 4600[0m
[0mGET /produit/1697602231904CH4.jpg [32m200 [0m261.444 ms - 7684[0m
[0mGET /produit/1695941364451ENSY.jpg [32m200 [0m312.983 ms - 8789[0m
[0mGET /api/category/main/list [36m304 [0m52.153 ms - -[0m
[0mGET /api/product/list/VETEMENTS [36m304 [0m182.275 ms - -[0m
[0mGET /api/product/getWebProductById?id=1 [36m304 [0m15.362 ms - -[0m
[0mGET /api/product/similar?chilCategoryId=3 [36m304 [0m82.057 ms - -[0m
[0mGET /produit/1697602090704TS5.jpg [32m200 [0m67.720 ms - 4909[0m
[0mGET /api/product/list/VETEMENTS [36m304 [0m118.042 ms - -[0m
[0mGET /api/product/getWebProductById?id=1 [36m304 [0m76.591 ms - -[0m
[0mGET /api/product/similar?chilCategoryId=3 [36m304 [0m63.365 ms - -[0m
[0mGET /api/category/main/list [36m304 [0m13.063 ms - -[0m
[0mGET /api/product/list/VETEMENTS [36m304 [0m196.559 ms - -[0m
[0mGET /api/product/getWebProductById?id=1 [36m304 [0m87.095 ms - -[0m
[0mGET /api/product/similar?chilCategoryId=3 [36m304 [0m7.378 ms - -[0m
[0mGET /api/category/main/list [36m304 [0m28.445 ms - -[0m
[0mGET /api/product/list/VETEMENTS [36m304 [0m198.940 ms - -[0m
[0mGET /api/product/getWebProductById?id=5 [36m304 [0m239.358 ms - -[0m
[0mGET /api/product/similar?chilCategoryId=2 [36m304 [0m28.986 ms - -[0m
[0mGET /produit/1697602231904CH4.jpg [32m200 [0m79.142 ms - 7684[0m
[0mGET /api/product/list/VETEMENTS [36m304 [0m237.309 ms - -[0m
[0mGET /api/product/getWebProductById?id=5 [36m304 [0m61.991 ms - -[0m
[0mGET /api/product/similar?chilCategoryId=2 [36m304 [0m98.358 ms - -[0m
[0mGET /api/product/list/VETEMENTS [36m304 [0m266.997 ms - -[0m
[0mGET /api/product/list/VETEMENTS [36m304 [0m141.956 ms - -[0m
[0mGET /api/product/list/VETEMENTS [36m304 [0m124.780 ms - -[0m
[0mGET /api/category/main/list [36m304 [0m1143.333 ms - -[0m
[0mGET /api/category/main/list [36m304 [0m283.343 ms - -[0m
[0mGET /api/category/main/list [36m304 [0m304.996 ms - -[0m
[0mGET /api/category/main/list [36m304 [0m221.633 ms - -[0m
[0mGET /api/category/main/list [36m304 [0m1113.915 ms - -[0m
[0mGET /api/category/main/list [36m304 [0m287.584 ms - -[0m
[0mGET /api/category/main/list [36m304 [0m4036.977 ms - -[0m
[0mGET /api/category/main/list [36m304 [0m356.473 ms - -[0m
[0mGET /api/category/main/list [36m304 [0m10970.376 ms - -[0m
[0mGET /api/category/main/list [36m304 [0m475.766 ms - -[0m
[0mGET /api/product/list/VETEMENTS [36m304 [0m4024.323 ms - -[0m
[0mGET /api/category/main/list [36m304 [0m13876.365 ms - -[0m
[0mPOST /api/customer/login [33m401 [0m15511.496 ms - 40[0m
[0mPOST /api/customer/login [33m401 [0m7743.845 ms - 40[0m
[0mPOST /api/customer/login [33m401 [0m9639.703 ms - 40[0m
[0mPOST /api/customer/login [33m401 [0m42.046 ms - 40[0m
[0mPOST /api/customer/login [33m401 [0m31.499 ms - 40[0m
[0mGET /api/category/main/list [36m304 [0m61.009 ms - -[0m
[0mGET /api/category/main/list [36m304 [0m232.991 ms - -[0m
[0mGET /api/product/list/VETEMENTS [36m304 [0m1438.226 ms - -[0m
[0mPOST /api/customer/login [33m401 [0m926.038 ms - 40[0m
[0mPOST /api/customer/login [33m401 [0m87.659 ms - 40[0m
[0mPOST /api/customer/login [33m401 [0m395.455 ms - 40[0m
[0mPOST /api/customer/login [33m401 [0m278.020 ms - 40[0m
[0mGET /api/category/main/list [36m304 [0m463.920 ms - -[0m
[0mGET /api/category/main/list [36m304 [0m62.733 ms - -[0m
[0mGET /api/category/main/list [36m304 [0m10043.175 ms - -[0m
[0mGET /api/product/list/VETEMENTS [36m304 [0m3351.495 ms - -[0m
[0mOPTIONS /api/customer/register [32m204 [0m3685.795 ms - 0[0m
[0mPOST /api/customer/register [32m200 [0m5614.610 ms - 94[0m
