[0mGET /api/category/cn/list?name=huile [36m304 [0m2195.205 ms - -[0m
[0mGET /api/product/list/huile [36m304 [0m1048.772 ms - -[0m
[0mGET /produit/1695057529206img-15.jpg [36m304 [0m332.241 ms - -[0m
[0mGET /produit/16952299068182.jpg [36m304 [0m248.452 ms - -[0m
[0mGET /produit/1695509831576A2.jpg [36m304 [0m1555.906 ms - -[0m
[0mGET /produit/1695542682195img-4.jpg [36m304 [0m864.963 ms - -[0m
[0mGET /produit/16955901907111.jpg [36m304 [0m853.796 ms - -[0m
[0mGET /produit/169559021852612.jpg [36m304 [0m1295.290 ms - -[0m
[0mGET /api/product/getAllPhoto [36m304 [0m717.746 ms - -[0m
[0mGET /produit/1695502817176img-9.jpg [36m304 [0m619.388 ms - -[0m
[0mGET /produit/1695560757142A2.jpg [36m304 [0m2300.791 ms - -[0m
[0mGET /api/product/getAllproduct [36m304 [0m5676.014 ms - -[0m
[0mGET /produit/1695565393883A1.jpg [36m304 [0m780.986 ms - -[0m
[0mGET /produit/1695057678292img-8.jpg [36m304 [0m73.747 ms - -[0m
[0mGET /produit/1695565436322img-3.jpg [36m304 [0m10.775 ms - -[0m
[0mGET /produit/1695565577728img-1.jpg [36m304 [0m412.716 ms - -[0m
[0mGET /api/product/getWebProductById?id=25 [32m200 [0m219.224 ms - 420[0m
[0mGET /api/category/cn/list?name=huile [36m304 [0m752.391 ms - -[0m
[0mGET /api/product/list/huile [36m304 [0m426.313 ms - -[0m
[0mGET /api/product/getWebProductById?id=30 [32m200 [0m98.673 ms - 423[0m
[0mGET /api/category/cn/list?name=huile [36m304 [0m422.994 ms - -[0m
[0mGET /api/product/list/huile [36m304 [0m494.169 ms - -[0m
[0mGET /api/product/getWebProductById?id=32 [36m304 [0m203.388 ms - -[0m
[0mGET /api/category/cn/list?name=huile [36m304 [0m415.777 ms - -[0m
[0mGET /api/product/list/huile [36m304 [0m390.547 ms - -[0m
[0mGET /api/category/cn/list [31m500 [0m2861.467 ms - 34[0m
[0mGET /api/category/cn/list [31m500 [0m110.612 ms - 34[0m
[0mGET /api/product/list/huile [36m304 [0m223.502 ms - -[0m
[0mGET /produit/1695057529206img-15.jpg [36m304 [0m62.314 ms - -[0m
[0mGET /produit/16952299068182.jpg [36m304 [0m44.511 ms - -[0m
[0mGET /produit/1695542682195img-4.jpg [36m304 [0m103.662 ms - -[0m
[0mGET /produit/1695509831576A2.jpg [36m304 [0m101.622 ms - -[0m
[0mGET /produit/16955901907111.jpg [36m304 [0m112.773 ms - -[0m
[0mGET /produit/169559021852612.jpg [36m304 [0m89.433 ms - -[0m
[0mGET /api/category/cn/list?name=huile [36m304 [0m133.891 ms - -[0m
[0mGET /api/product/list/huile [36m304 [0m249.676 ms - -[0m
[0mGET /produit/1695057529206img-15.jpg [36m304 [0m11.106 ms - -[0m
[0mGET /produit/16952299068182.jpg [36m304 [0m9.059 ms - -[0m
[0mGET /produit/1695509831576A2.jpg [36m304 [0m9.117 ms - -[0m
[0mGET /produit/1695542682195img-4.jpg [36m304 [0m48.386 ms - -[0m
[0mGET /produit/16955901907111.jpg [36m304 [0m45.216 ms - -[0m
[0mGET /produit/169559021852612.jpg [36m304 [0m19.597 ms - -[0m
[0mGET /api/category/cn/list?slug=grocery-staple [31m500 [0m69.903 ms - 34[0m
[0mGET /api/category/cn/list?name=grocery-staple [32m200 [0m161.693 ms - 168[0m
[0mGET /api/category/cn/list?name=huile [32m200 [0m212.369 ms - 576[0m
[0mGET /api/product/getAllproduct [36m304 [0m296.835 ms - -[0m
[0mGET /api/product/getAllPhoto [32m200 [0m269.737 ms - 1161[0m
[0mGET /produit/1695565436322img-3.jpg [36m304 [0m247.560 ms - -[0m
[0mGET /produit/1695502817176img-9.jpg [36m304 [0m182.280 ms - -[0m
[0mGET /produit/1695057678292img-8.jpg [36m304 [0m164.091 ms - -[0m
[0mGET /produit/1695560757142A2.jpg [36m304 [0m180.084 ms - -[0m
[0mGET /produit/1695565393883A1.jpg [36m304 [0m191.028 ms - -[0m
[0mGET /produit/1695565577728img-1.jpg [36m304 [0m80.549 ms - -[0m
[0mGET /api/category/cn/list?name=huile [36m304 [0m383.700 ms - -[0m
[0mGET /api/product/list/huile [36m304 [0m517.877 ms - -[0m
[0mGET /produit/1695057529206img-15.jpg [36m304 [0m197.915 ms - -[0m
[0mGET /produit/16952299068182.jpg [36m304 [0m158.406 ms - -[0m
[0mGET /produit/1695509831576A2.jpg [36m304 [0m165.743 ms - -[0m
[0mGET /produit/1695542682195img-4.jpg [36m304 [0m230.327 ms - -[0m
[0mGET /produit/169559021852612.jpg [36m304 [0m154.018 ms - -[0m
[0mGET /produit/16955901907111.jpg [36m304 [0m121.389 ms - -[0m
[0mGET /api/category/cn/list?name=huile [36m304 [0m72.640 ms - -[0m
[0mGET /api/category/cn/list?name=huile [32m200 [0m376.504 ms - 576[0m
[0mGET /api/product/getWebProductById?id=32 [36m304 [0m205.840 ms - -[0m
[0mGET /api/product/list/huile [36m304 [0m308.341 ms - -[0m
[0mGET /api/category/cn/list?name=huile [36m304 [0m281.678 ms - -[0m
[0mGET /api/product/getAllGroceryStaple [36m304 [0m481.832 ms - -[0m
[0mGET /produit/169559021852612.jpg [36m304 [0m21.159 ms - -[0m
[0mGET /produit/16955901907111.jpg [36m304 [0m92.694 ms - -[0m
[0mGET /produit/1695542682195img-4.jpg [36m304 [0m55.903 ms - -[0m
[0mGET /produit/1695509831576A2.jpg [36m304 [0m95.257 ms - -[0m
[0mGET /produit/16952299068182.jpg [36m304 [0m49.586 ms - -[0m
[0mGET /produit/1695057529206img-15.jpg [36m304 [0m17.671 ms - -[0m
[0mGET /produit/1695502817176img-9.jpg [36m304 [0m160.581 ms - -[0m
[0mGET /produit/1695063570136big-4.jpg [36m304 [0m116.019 ms - -[0m
[0mGET /produit/1695057725821img-14.jpg [36m304 [0m136.899 ms - -[0m
[0mGET /produit/1695057678292img-8.jpg [36m304 [0m143.080 ms - -[0m
[0mGET /produit/1695057620846big-1.jpg [36m304 [0m130.312 ms - -[0m
[0mGET /api/product/getWebProductById?id=31 [32m200 [0m235.743 ms - 493[0m
[0mGET /produit/1695565393883A1.jpg [36m304 [0m60.954 ms - -[0m
[0mGET /produit/1695560757142A2.jpg [36m304 [0m10.625 ms - -[0m
[0mGET /api/product/getAllGroceryStaple [36m304 [0m135.327 ms - -[0m
[0mGET /api/product/list/huile [36m304 [0m408.759 ms - -[0m
[0mGET /api/category/cn/list?name=huile [36m304 [0m437.942 ms - -[0m
[0mGET /api/category/c/huile/13 [36m302 [0m1163.941 ms - 29[0m
[0mGET /logout [33m404 [0m623.193 ms - 7714[0m
[0mGET /api/category/c/huile/14 [36m302 [0m20.232 ms - 29[0m
[0mGET /logout [33m404 [0m316.709 ms - 7714[0m
[0mGET /api/product/list/huile [36m304 [0m104.133 ms - -[0m
[0mGET /produit/1695057529206img-15.jpg [36m304 [0m132.055 ms - -[0m
[0mGET /produit/16952299068182.jpg [36m304 [0m136.930 ms - -[0m
[0mGET /produit/1695509831576A2.jpg [36m304 [0m124.966 ms - -[0m
[0mGET /produit/1695542682195img-4.jpg [36m304 [0m130.183 ms - -[0m
[0mGET /produit/16955901907111.jpg [36m304 [0m73.068 ms - -[0m
[0mGET /produit/169559021852612.jpg [36m304 [0m146.270 ms - -[0m
[0mGET /api/category/cn/list?name=huile [36m304 [0m361.207 ms - -[0m
[0mGET /api/product/list/huile [36m304 [0m363.413 ms - -[0m
[0mGET /produit/1695057529206img-15.jpg [36m304 [0m166.190 ms - -[0m
[0mGET /produit/16952299068182.jpg [36m304 [0m161.160 ms - -[0m
[0mGET /produit/1695509831576A2.jpg [36m304 [0m242.651 ms - -[0m
[0mGET /produit/1695542682195img-4.jpg [36m304 [0m160.998 ms - -[0m
[0mGET /produit/16955901907111.jpg [36m304 [0m169.279 ms - -[0m
[0mGET /produit/169559021852612.jpg [36m304 [0m162.568 ms - -[0m
[0mGET /api/category/cn/list?name=huile [36m304 [0m783.533 ms - -[0m
[0mGET /api/product/list/huile [36m304 [0m813.919 ms - -[0m
[0mGET /produit/16952299068182.jpg [36m304 [0m198.435 ms - -[0m
[0mGET /produit/1695057529206img-15.jpg [36m304 [0m248.451 ms - -[0m
[0mGET /produit/1695509831576A2.jpg [36m304 [0m174.728 ms - -[0m
[0mGET /produit/1695542682195img-4.jpg [36m304 [0m169.526 ms - -[0m
[0mGET /produit/16955901907111.jpg [36m304 [0m164.746 ms - -[0m
[0mGET /produit/169559021852612.jpg [36m304 [0m152.492 ms - -[0m
[0mGET /api/category/c/huile/13 [36m302 [0m34.679 ms - 29[0m
[0mGET /logout [33m404 [0m157.528 ms - 7714[0m
[0mGET /api/category/c/huile/14 [36m302 [0m11.683 ms - 29[0m
[0mGET /logout [33m404 [0m28.841 ms - 7714[0m
[0mGET /api/category/cn/list?name=huile [36m304 [0m410.366 ms - -[0m
[0mGET /api/product/list/huile [36m304 [0m695.594 ms - -[0m
[0mGET /produit/1695057529206img-15.jpg [36m304 [0m31.887 ms - -[0m
[0mGET /produit/16952299068182.jpg [36m304 [0m23.627 ms - -[0m
[0mGET /produit/1695509831576A2.jpg [36m304 [0m13.901 ms - -[0m
[0mGET /produit/1695542682195img-4.jpg [36m304 [0m48.862 ms - -[0m
[0mGET /produit/16955901907111.jpg [36m304 [0m36.401 ms - -[0m
[0mGET /produit/169559021852612.jpg [36m304 [0m37.384 ms - -[0m
[0mGET /api/category/c/huile/13 [36m302 [0m10.842 ms - 29[0m
[0mGET /logout [33m404 [0m163.411 ms - 7714[0m
[0mGET /api/category/cn/list?name=huile [36m304 [0m857.717 ms - -[0m
[0mGET /api/product/list/huile [36m304 [0m947.660 ms - -[0m
[0mGET /produit/1695057529206img-15.jpg [36m304 [0m162.242 ms - -[0m
[0mGET /produit/16952299068182.jpg [36m304 [0m142.682 ms - -[0m
[0mGET /produit/1695509831576A2.jpg [36m304 [0m135.949 ms - -[0m
[0mGET /produit/1695542682195img-4.jpg [36m304 [0m138.407 ms - -[0m
[0mGET /produit/16955901907111.jpg [36m304 [0m153.493 ms - -[0m
[0mGET /produit/169559021852612.jpg [36m304 [0m152.083 ms - -[0m
[0mGET /api/category/c/huile/13 [32m200 [0m55.703 ms - 1845[0m
[0mGET /produit/1695057620846big-1.jpg [36m304 [0m45.811 ms - -[0m
[0mGET /produit/1695057678292img-8.jpg [36m304 [0m46.374 ms - -[0m
[0mGET /produit/1695063570136big-4.jpg [36m304 [0m92.358 ms - -[0m
[0mGET /produit/1695057725821img-14.jpg [36m304 [0m123.933 ms - -[0m
[0mGET /api/category/c/huile/14 [32m200 [0m42.420 ms - 403[0m
[0mGET /api/category/c/huile/13 [36m304 [0m32.482 ms - -[0m
[0mGET /api/category/c/huile/14 [36m304 [0m36.004 ms - -[0m
[0mGET /api/product/getAllproduct [36m304 [0m434.574 ms - -[0m
[0mGET /api/product/getAllPhoto [32m200 [0m234.766 ms - 1161[0m
[0mGET /produit/1695502817176img-9.jpg [36m304 [0m22.387 ms - -[0m
[0mGET /produit/1695560757142A2.jpg [36m304 [0m15.289 ms - -[0m
[0mGET /produit/1695565393883A1.jpg [36m304 [0m13.925 ms - -[0m
[0mGET /produit/1695057678292img-8.jpg [36m304 [0m42.431 ms - -[0m
[0mGET /produit/1695565436322img-3.jpg [36m304 [0m67.453 ms - -[0m
[0mGET /produit/1695565577728img-1.jpg [36m304 [0m15.900 ms - -[0m
[0mGET /api/category/cn/list?name=huile [36m304 [0m1955.937 ms - -[0m
[0mGET /api/product/list/huile [36m304 [0m961.221 ms - -[0m
[0mGET /produit/1695057529206img-15.jpg [36m304 [0m18.024 ms - -[0m
[0mGET /produit/16952299068182.jpg [36m304 [0m240.800 ms - -[0m
[0mGET /produit/1695509831576A2.jpg [36m304 [0m293.748 ms - -[0m
[0mGET /produit/1695542682195img-4.jpg [36m304 [0m289.862 ms - -[0m
[0mGET /produit/16955901907111.jpg [36m304 [0m286.495 ms - -[0m
[0mGET /produit/169559021852612.jpg [36m304 [0m157.254 ms - -[0m
[0mGET /api/product/getWebProductById?id=32 [36m304 [0m795.287 ms - -[0m
[0mGET /api/category/cn/list?name=huile [36m304 [0m205.509 ms - -[0m
[0mGET /api/product/list/huile [36m304 [0m183.456 ms - -[0m
[0mGET /produit/1695057529206img-15.jpg [36m304 [0m150.005 ms - -[0m
[0mGET /produit/16952299068182.jpg [36m304 [0m168.110 ms - -[0m
[0mGET /produit/1695509831576A2.jpg [36m304 [0m166.522 ms - -[0m
[0mGET /produit/1695542682195img-4.jpg [36m304 [0m162.180 ms - -[0m
[0mGET /produit/16955901907111.jpg [36m304 [0m181.109 ms - -[0m
[0mGET /produit/169559021852612.jpg [36m304 [0m185.428 ms - -[0m
[0mGET /api/category/c/huile/13 [36m304 [0m147.767 ms - -[0m
[0mGET /produit/1695057620846big-1.jpg [36m304 [0m82.642 ms - -[0m
[0mGET /produit/1695057678292img-8.jpg [36m304 [0m81.864 ms - -[0m
[0mGET /produit/1695057725821img-14.jpg [36m304 [0m77.364 ms - -[0m
[0mGET /produit/1695063570136big-4.jpg [36m304 [0m73.540 ms - -[0m
[0mGET /api/category/c/huile/14 [36m304 [0m155.022 ms - -[0m
[0mGET /api/product/getAllGroceryStaple [36m304 [0m1017.383 ms - -[0m
[0mGET /produit/169559021852612.jpg [36m304 [0m887.845 ms - -[0m
[0mGET /produit/16955901907111.jpg [36m304 [0m498.990 ms - -[0m
[0mGET /produit/1695542682195img-4.jpg [36m304 [0m451.499 ms - -[0m
[0mGET /produit/1695509831576A2.jpg [36m304 [0m447.166 ms - -[0m
[0mGET /produit/1695502817176img-9.jpg [36m304 [0m418.272 ms - -[0m
[0mGET /produit/16952299068182.jpg [36m304 [0m512.835 ms - -[0m
[0mGET /produit/1695063570136big-4.jpg [36m304 [0m147.873 ms - -[0m
[0mGET /produit/1695057725821img-14.jpg [36m304 [0m120.414 ms - -[0m
[0mGET /produit/1695057678292img-8.jpg [36m304 [0m130.487 ms - -[0m
[0mGET /produit/1695057620846big-1.jpg [36m304 [0m107.809 ms - -[0m
[0mGET /produit/1695057529206img-15.jpg [36m304 [0m130.697 ms - -[0m
[0mGET /api/category/cn/list?name=huile [36m304 [0m501.969 ms - -[0m
[0mGET /api/product/list/huile [36m304 [0m610.732 ms - -[0m
[0mGET /api/category/cn/list?name=huile [36m304 [0m359.945 ms - -[0m
[0mGET /api/product/list/huile [36m304 [0m296.353 ms - -[0m
[0mGET /api/category/cn/list?name=huile [36m304 [0m325.784 ms - -[0m
[0mGET /produit/1695542682195img-4.jpg [36m304 [0m184.479 ms - -[0m
[0mGET /produit/1695057529206img-15.jpg [36m304 [0m188.731 ms - -[0m
[0mGET /produit/16952299068182.jpg [36m304 [0m184.027 ms - -[0m
[0mGET /produit/1695509831576A2.jpg [36m304 [0m189.194 ms - -[0m
[0mGET /produit/16955901907111.jpg [36m304 [0m184.585 ms - -[0m
[0mGET /produit/169559021852612.jpg [36m304 [0m179.408 ms - -[0m
[0mGET /api/category/cn/list?name=huile [36m304 [0m923.187 ms - -[0m
[0mGET /api/category/cn/list?name=huile [36m304 [0m521.770 ms - -[0m
[0mGET /api/product/list/huile [36m304 [0m734.561 ms - -[0m
[0mGET /produit/1695542682195img-4.jpg [36m304 [0m705.971 ms - -[0m
[0mGET /produit/1695057529206img-15.jpg [36m304 [0m701.684 ms - -[0m
[0mGET /produit/1695509831576A2.jpg [36m304 [0m699.457 ms - -[0m
[0mGET /produit/16955901907111.jpg [36m304 [0m660.667 ms - -[0m
[0mGET /produit/16952299068182.jpg [36m304 [0m720.038 ms - -[0m
[0mGET /produit/169559021852612.jpg [36m304 [0m687.387 ms - -[0m
[0mGET /api/category/cn/list?name=huile [36m304 [0m431.960 ms - -[0m
[0mGET /api/product/list/huile [36m304 [0m385.274 ms - -[0m
[0mGET /api/category/cn/list?name=huile [36m304 [0m518.398 ms - -[0m
[0mGET /api/product/list/huile [36m304 [0m270.710 ms - -[0m
[0mGET /api/category/cn/list?name=huile [36m304 [0m370.904 ms - -[0m
[0mGET /api/product/list/huile [36m304 [0m276.232 ms - -[0m
[0mGET /produit/1695057529206img-15.jpg [36m304 [0m206.122 ms - -[0m
[0mGET /produit/16952299068182.jpg [36m304 [0m60.496 ms - -[0m
[0mGET /produit/1695509831576A2.jpg [36m304 [0m58.798 ms - -[0m
[0mGET /produit/1695542682195img-4.jpg [36m304 [0m11.956 ms - -[0m
[0mGET /produit/16955901907111.jpg [36m304 [0m10.186 ms - -[0m
[0mGET /produit/169559021852612.jpg [36m304 [0m9.134 ms - -[0m
[0mGET /api/product/list/huile [36m304 [0m141.463 ms - -[0m
[0mGET /api/category/cn/list?name=huile [36m304 [0m273.177 ms - -[0m
[0mGET /api/product/list/huile [36m304 [0m313.307 ms - -[0m
[0mGET /api/category/cn/list?name=huile [36m304 [0m209.966 ms - -[0m
[0mGET /api/product/list/huile [36m304 [0m950.463 ms - -[0m
[0mGET /api/category/cn/list?name=huile [36m304 [0m279.725 ms - -[0m
[0mGET /api/product/list/huile [36m304 [0m393.608 ms - -[0m
[0mGET /produit/1695057529206img-15.jpg [36m304 [0m54.255 ms - -[0m
[0mGET /produit/16952299068182.jpg [36m304 [0m49.193 ms - -[0m
[0mGET /produit/1695509831576A2.jpg [36m304 [0m89.039 ms - -[0m
[0mGET /produit/1695542682195img-4.jpg [36m304 [0m50.531 ms - -[0m
[0mGET /produit/16955901907111.jpg [36m304 [0m25.546 ms - -[0m
[0mGET /produit/169559021852612.jpg [36m304 [0m36.789 ms - -[0m
[0mGET /api/category/c/huile/13 [36m304 [0m196.562 ms - -[0m
[0mGET /produit/1695057620846big-1.jpg [36m304 [0m78.935 ms - -[0m
[0mGET /produit/1695057725821img-14.jpg [36m304 [0m31.872 ms - -[0m
[0mGET /produit/1695063570136big-4.jpg [36m304 [0m52.473 ms - -[0m
[0mGET /produit/1695057678292img-8.jpg [36m304 [0m182.406 ms - -[0m
[0mGET /api/category/c/huile/14 [36m304 [0m173.788 ms - -[0m
[0mGET /produit/1695057529206img-15.jpg [36m304 [0m10.493 ms - -[0m
[0mGET /api/category/cn/list?name=huile [36m304 [0m349.384 ms - -[0m
[0mGET /api/product/list/huile [36m304 [0m909.827 ms - -[0m
[0mGET /produit/1695057529206img-15.jpg [36m304 [0m274.804 ms - -[0m
[0mGET /produit/16952299068182.jpg [36m304 [0m151.056 ms - -[0m
[0mGET /produit/1695509831576A2.jpg [36m304 [0m144.809 ms - -[0m
[0mGET /produit/1695542682195img-4.jpg [36m304 [0m130.667 ms - -[0m
[0mGET /produit/16955901907111.jpg [36m304 [0m100.926 ms - -[0m
[0mGET /produit/169559021852612.jpg [36m304 [0m178.614 ms - -[0m
[0mGET /api/category/cn/list?name=huile [36m304 [0m421.320 ms - -[0m
[0mGET /api/category/cn/list?name=huile [36m304 [0m488.842 ms - -[0m
[0mGET /api/product/list/huile [36m304 [0m401.035 ms - -[0m
[0mGET /produit/169559021852612.jpg [36m304 [0m1145.985 ms - -[0m
[0mGET /produit/1695057529206img-15.jpg [36m304 [0m1046.604 ms - -[0m
[0mGET /produit/16952299068182.jpg [36m304 [0m1041.296 ms - -[0m
[0mGET /produit/1695509831576A2.jpg [36m304 [0m747.980 ms - -[0m
[0mGET /produit/1695542682195img-4.jpg [36m304 [0m744.266 ms - -[0m
[0mGET /produit/16955901907111.jpg [36m304 [0m888.027 ms - -[0m
[0mGET /api/category/cn/list?name=huile [36m304 [0m428.997 ms - -[0m
[0mGET /api/product/list/huile [36m304 [0m276.550 ms - -[0m
[0mGET /produit/1695057529206img-15.jpg [36m304 [0m7.851 ms - -[0m
[0mGET /produit/16952299068182.jpg [36m304 [0m651.567 ms - -[0m
[0mGET /produit/1695509831576A2.jpg [36m304 [0m650.502 ms - -[0m
[0mGET /produit/1695542682195img-4.jpg [36m304 [0m12.312 ms - -[0m
[0mGET /produit/16955901907111.jpg [36m304 [0m9.571 ms - -[0m
[0mGET /produit/169559021852612.jpg [36m304 [0m9.157 ms - -[0m
[0mGET /api/category/cn/list?name=huile [36m304 [0m387.372 ms - -[0m
[0mGET /api/product/list/huile [36m304 [0m393.952 ms - -[0m
[0mGET /api/category/cn/list?name=huile [36m304 [0m152.552 ms - -[0m
[0mGET /api/product/list/huile [36m304 [0m278.572 ms - -[0m
[0mGET /produit/1695057529206img-15.jpg [36m304 [0m112.905 ms - -[0m
[0mGET /produit/16952299068182.jpg [36m304 [0m16.525 ms - -[0m
[0mGET /produit/1695509831576A2.jpg [36m304 [0m11.966 ms - -[0m
[0mGET /produit/1695542682195img-4.jpg [36m304 [0m11.096 ms - -[0m
[0mGET /produit/16955901907111.jpg [36m304 [0m11.360 ms - -[0m
[0mGET /produit/169559021852612.jpg [36m304 [0m73.752 ms - -[0m
[0mGET /api/category/cn/list?name=huile [36m304 [0m11553.966 ms - -[0m
[0mGET /api/product/list/huile [36m304 [0m4600.548 ms - -[0m
[0mGET /api/product/getAllPhoto [32m200 [0m5272.300 ms - 1161[0m
[0mGET /api/product/getAllproduct [36m304 [0m6186.230 ms - -[0m
[0mGET /produit/1695057529206img-15.jpg [36m304 [0m1496.948 ms - -[0m
[0mGET /produit/1695542682195img-4.jpg [36m304 [0m1441.856 ms - -[0m
[0mGET /produit/16952299068182.jpg [36m304 [0m1505.711 ms - -[0m
[0mGET /produit/16955901907111.jpg [36m304 [0m1419.086 ms - -[0m
[0mGET /produit/169559021852612.jpg [36m304 [0m1417.736 ms - -[0m
[0mGET /produit/1695509831576A2.jpg [36m304 [0m1507.586 ms - -[0m
[0mGET /produit/1695565393883A1.jpg [36m304 [0m202.944 ms - -[0m
[0mGET /produit/1695560757142A2.jpg [36m304 [0m526.736 ms - -[0m
[0mGET /produit/1695502817176img-9.jpg [36m304 [0m599.802 ms - -[0m
[0mGET /produit/1695565436322img-3.jpg [36m304 [0m51.357 ms - -[0m
[0mGET /produit/1695057678292img-8.jpg [36m304 [0m135.735 ms - -[0m
[0mGET /produit/1695565577728img-1.jpg [36m304 [0m55.632 ms - -[0m
[0mGET /api/category/c/huile/13 [36m304 [0m352.881 ms - -[0m
[0mGET /produit/1695057725821img-14.jpg [36m304 [0m188.160 ms - -[0m
[0mGET /produit/1695057678292img-8.jpg [36m304 [0m337.199 ms - -[0m
[0mGET /produit/1695057620846big-1.jpg [36m304 [0m341.504 ms - -[0m
[0mGET /produit/1695063570136big-4.jpg [36m304 [0m96.084 ms - -[0m
[0mGET /api/category/c/huile/14 [36m304 [0m113.351 ms - -[0m
[0mGET /api/category/main/list [32m200 [0m13959.771 ms - 663[0m
[0mGET /api/category/sub-category/list [32m200 [0m13839.966 ms - 498[0m
[0mGET /api/product/getAllproduct [36m304 [0m12325.305 ms - -[0m
[0mGET /api/category/child-category/list [32m200 [0m14379.101 ms - 655[0m
[0mGET /api/product/getAllproduct [36m304 [0m269.383 ms - -[0m
[0mGET /api/product/getAllproduct [36m304 [0m6046.614 ms - -[0m
[0mGET /api/product/getAllGroceryStaple [36m304 [0m1060.934 ms - -[0m
[0mGET /produit/169559021852612.jpg [36m304 [0m981.907 ms - -[0m
[0mGET /produit/16955901907111.jpg [36m304 [0m150.595 ms - -[0m
[0mGET /produit/1695542682195img-4.jpg [36m304 [0m278.809 ms - -[0m
[0mGET /produit/1695509831576A2.jpg [36m304 [0m108.548 ms - -[0m
[0mGET /produit/1695502817176img-9.jpg [36m304 [0m163.073 ms - -[0m
[0mGET /produit/16952299068182.jpg [36m304 [0m87.071 ms - -[0m
[0mGET /produit/1695063570136big-4.jpg [36m304 [0m39.876 ms - -[0m
[0mGET /produit/1695057725821img-14.jpg [36m304 [0m100.210 ms - -[0m
[0mGET /produit/1695057678292img-8.jpg [36m304 [0m34.008 ms - -[0m
[0mGET /produit/1695057620846big-1.jpg [36m304 [0m219.777 ms - -[0m
[0mGET /produit/1695057529206img-15.jpg [36m304 [0m22.894 ms - -[0m
[0mGET /api/product/list/huile [36m304 [0m2431.624 ms - -[0m
[0mGET /api/category/cn/list?name=huile [36m304 [0m966.460 ms - -[0m
[0mGET /api/category/c/huile/13 [36m304 [0m101.307 ms - -[0m
[0mGET /api/category/c/huile/14 [36m304 [0m24.520 ms - -[0m
[0mGET /produit/1695057529206img-15.jpg [36m304 [0m2.875 ms - -[0m
[0mGET /api/category/cn/list?name=huile [36m304 [0m108.831 ms - -[0m
[0mGET /api/product/list/huile [36m304 [0m224.768 ms - -[0m
[0mGET /produit/1695509831576A2.jpg [36m304 [0m179.654 ms - -[0m
[0mGET /produit/1695542682195img-4.jpg [36m304 [0m169.638 ms - -[0m
[0mGET /produit/169559021852612.jpg [36m304 [0m167.902 ms - -[0m
[0mGET /produit/16955901907111.jpg [36m304 [0m153.304 ms - -[0m
[0mGET /produit/16952299068182.jpg [36m304 [0m146.193 ms - -[0m
[0mGET /produit/1695057529206img-15.jpg [36m304 [0m102.942 ms - -[0m
[0mGET /api/product/getAllproduct [32m200 [0m347.258 ms - 4083[0m
[0mGET /api/product/getAllproduct [36m304 [0m228.845 ms - -[0m
[0mGET /api/product/getAllproduct [36m304 [0m113.822 ms - -[0m
[0mGET /api/product/getAllproduct [32m200 [0m126.013 ms - 29[0m
[0mGET /api/category/main/list [36m304 [0m219.368 ms - -[0m
[0mGET /api/category/sub-category/list [36m304 [0m255.311 ms - -[0m
[0mGET /api/product/getAllproduct [36m304 [0m264.323 ms - -[0m
[0mGET /api/category/child-category/list [36m304 [0m278.631 ms - -[0m
[0mGET /api/category/cn/list?name=huile [32m200 [0m73.013 ms - 28[0m
[0mGET /api/product/list/huile [31m500 [0m1958.466 ms - 2389[0m
[0mGET /api/category/cn/list?name=huile [36m304 [0m47.871 ms - -[0m
[0mGET /api/product/list/huile [31m500 [0m36.667 ms - 2389[0m
[0mGET /api/category/main/list [32m200 [0m73.322 ms - 26[0m
[0mGET /api/category/sub-category/list [32m200 [0m75.272 ms - 26[0m
[0mGET /api/category/child-category/list [32m200 [0m78.396 ms - 26[0m
[0mGET /api/product/getAllproduct [36m304 [0m83.359 ms - -[0m
[0mGET /produit/169559021852612.jpg [36m304 [0m27.972 ms - -[0m
[0mGET /produit/16955901907111.jpg [36m304 [0m21.358 ms - -[0m
[0mGET /produit/1695542682195img-4.jpg [36m304 [0m19.939 ms - -[0m
[0mGET /produit/1695509831576A2.jpg [36m304 [0m46.170 ms - -[0m
[0mGET /produit/1695502817176img-9.jpg [36m304 [0m45.438 ms - -[0m
[0mGET /produit/16952299068182.jpg [36m304 [0m56.254 ms - -[0m
[0mGET /produit/1695063570136big-4.jpg [36m304 [0m19.442 ms - -[0m
[0mGET /produit/1695057725821img-14.jpg [36m304 [0m18.202 ms - -[0m
[0mGET /produit/1695057678292img-8.jpg [36m304 [0m15.950 ms - -[0m
[0mGET /produit/1695057620846big-1.jpg [36m304 [0m14.046 ms - -[0m
[0mGET /produit/1695057529206img-15.jpg [36m304 [0m14.821 ms - -[0m
[0mGET /api/category/main/list [36m304 [0m9.594 ms - -[0m
[0mOPTIONS /api/category/create [32m204 [0m3.308 ms - 0[0m
[0mPOST /api/category/create [32m200 [0m875.357 ms - 55[0m
[0mGET /api/category/main/list [32m200 [0m8.554 ms - 149[0m
[0mOPTIONS /api/category/create [32m204 [0m3.473 ms - 0[0m
[0mPOST /api/category/create [32m200 [0m187.779 ms - 55[0m
[0mGET /api/category/main/list [32m200 [0m137.226 ms - 273[0m
[0mOPTIONS /api/category/create [32m204 [0m2.414 ms - 0[0m
[0mPOST /api/category/create [32m200 [0m150.784 ms - 55[0m
[0mGET /api/category/main/list [32m200 [0m7.907 ms - 397[0m
[0mOPTIONS /api/category/create [32m204 [0m1.546 ms - 0[0m
[0mPOST /api/category/create [32m200 [0m154.128 ms - 55[0m
[0mGET /api/category/main/list [32m200 [0m70.011 ms - 538[0m
[0mGET /api/category/main/list [36m304 [0m25.147 ms - -[0m
[0mGET /api/category/sub-category/list [36m304 [0m25.433 ms - -[0m
[0mOPTIONS /api/category/sub-category/create [32m204 [0m2.469 ms - 0[0m
[0mPOST /api/category/sub-category/create [32m200 [0m133.605 ms - 55[0m
[0mGET /api/category/sub-category/list [32m200 [0m11.193 ms - 182[0m
[0mGET /api/category/main/list [36m304 [0m13.293 ms - -[0m
[0mOPTIONS /api/category/main/update [32m204 [0m1.957 ms - 0[0m
[0mPOST /api/category/main/update [32m200 [0m95.080 ms - 55[0m
[0mGET /api/category/main/list [32m200 [0m8.017 ms - 541[0m
[0mOPTIONS /api/category/main/update [32m204 [0m1.727 ms - 0[0m
[0mPOST /api/category/main/update [32m200 [0m140.584 ms - 55[0m
[0mGET /api/category/main/list [32m200 [0m8.623 ms - 543[0m
[0mOPTIONS /api/category/main/update [32m204 [0m2.071 ms - 0[0m
[0mPOST /api/category/main/update [32m200 [0m152.525 ms - 55[0m
[0mGET /api/category/main/list [32m200 [0m14.238 ms - 549[0m
[0mOPTIONS /api/category/main/update [32m204 [0m1.987 ms - 0[0m
[0mPOST /api/category/main/update [32m200 [0m161.690 ms - 55[0m
[0mGET /api/category/main/list [32m200 [0m11.835 ms - 549[0m
[0mGET /api/category/main/list [36m304 [0m25.189 ms - -[0m
[0mGET /api/category/sub-category/list [32m200 [0m31.068 ms - 185[0m
[0mOPTIONS /api/category/sub-category/create [32m204 [0m1.470 ms - 0[0m
[0mPOST /api/category/sub-category/create [32m200 [0m204.317 ms - 55[0m
[0mGET /api/category/sub-category/list [32m200 [0m127.962 ms - 342[0m
[0mOPTIONS /api/category/sub-cat/update [32m204 [0m2.686 ms - 0[0m
[0mPOST /api/category/sub-cat/update [32m200 [0m118.423 ms - 55[0m
[0mGET /api/category/main/list [36m304 [0m27.931 ms - -[0m
[0mGET /api/category/sub-category/list [32m200 [0m31.169 ms - 339[0m
[0mOPTIONS /api/category/sub-category/create [32m204 [0m1.639 ms - 0[0m
[0mPOST /api/category/sub-category/create [32m200 [0m99.672 ms - 55[0m
[0mGET /api/category/sub-category/list [32m200 [0m9.206 ms - 340[0m
[0mOPTIONS /api/category/sub-category/create [32m204 [0m10.966 ms - 0[0m
[0mGET /api/category/main/list [36m304 [0m126.572 ms - -[0m
[0mGET /api/category/sub-category/list [36m304 [0m116.935 ms - -[0m
[0mOPTIONS /api/category/sub-category/create [32m204 [0m3.836 ms - 0[0m
[0mGET /api/category/main/list [36m304 [0m104.688 ms - -[0m
[0mGET /api/category/sub-category/list [31m500 [0m274.647 ms - 3961[0m
[0mGET /api/category/main/list [36m304 [0m27.526 ms - -[0m
[0mGET /api/category/sub-category/list [31m500 [0m40.766 ms - 3961[0m
[0mGET /api/category/main/list [36m304 [0m26.357 ms - -[0m
[0mGET /api/category/sub-category/list [31m500 [0m30.805 ms - 3961[0m
[0mGET /api/category/main/list [36m304 [0m144.537 ms - -[0m
[0mGET /api/category/sub-category/list [32m200 [0m146.290 ms - 374[0m
[0mGET /api/category/main/list [36m304 [0m34.276 ms - -[0m
[0mGET /api/category/sub-category/list [36m304 [0m36.947 ms - -[0m
[0mGET /api/category/main/list [36m304 [0m25.803 ms - -[0m
[0mGET /api/category/sub-category/list [36m304 [0m26.936 ms - -[0m
[0mGET /api/category/main/list [36m304 [0m31.313 ms - -[0m
[0mGET /api/category/sub-category/list [36m304 [0m32.085 ms - -[0m
[0mGET /api/category/main/list [36m304 [0m26.918 ms - -[0m
[0mGET /api/category/sub-category/list [36m304 [0m23.244 ms - -[0m
[0mGET /api/category/main/list [36m304 [0m16.641 ms - -[0m
[0mGET /api/category/sub-category/list [36m304 [0m18.137 ms - -[0m
[0mGET /api/category/main/list [36m304 [0m33.240 ms - -[0m
[0mGET /api/category/sub-category/list [36m304 [0m18.216 ms - -[0m
[0mGET /api/category/main/list [36m304 [0m18.192 ms - -[0m
[0mGET /api/category/sub-category/list [36m304 [0m17.649 ms - -[0m
[0mGET /api/category/main/list [36m304 [0m14.270 ms - -[0m
[0mGET /api/category/sub-category/list [36m304 [0m18.172 ms - -[0m
[0mGET /api/category/main/list [36m304 [0m33.825 ms - -[0m
[0mGET /api/category/sub-category/list [36m304 [0m33.084 ms - -[0m
[0mGET /api/category/main/list [36m304 [0m24.224 ms - -[0m
[0mGET /api/category/sub-category/list [36m304 [0m19.286 ms - -[0m
[0mGET /api/category/main/list [36m304 [0m15.312 ms - -[0m
[0mGET /api/category/sub-category/list [36m304 [0m13.763 ms - -[0m
[0mOPTIONS /api/category/sub-cat/update [32m204 [0m3.457 ms - 0[0m
[0mPOST /api/category/sub-cat/update [32m200 [0m208.478 ms - 55[0m
[0mGET /api/category/main/list [36m304 [0m34.688 ms - -[0m
[0mGET /api/category/sub-category/list [32m200 [0m14.012 ms - 374[0m
[0mOPTIONS /api/category/sub-category/create [32m204 [0m2.843 ms - 0[0m
[0mPOST /api/category/sub-category/create [31m500 [0m272.311 ms - 34[0m
[0mGET /api/category/main/list [36m304 [0m21.286 ms - -[0m
[0mGET /api/category/sub-category/list [36m304 [0m23.573 ms - -[0m
[0mGET /api/category/main/list [36m304 [0m106.330 ms - -[0m
[0mGET /api/category/sub-category/list [36m304 [0m107.734 ms - -[0m
[0mOPTIONS /api/category/sub-category/create [32m204 [0m3.781 ms - 0[0m
[0mPOST /api/category/sub-category/create [31m500 [0m35.265 ms - 34[0m
[0mGET /api/category/main/list [36m304 [0m99.993 ms - -[0m
[0mGET /api/category/sub-category/list [36m304 [0m123.205 ms - -[0m
[0mOPTIONS /api/category/sub-category/create [32m204 [0m2.298 ms - 0[0m
[0mPOST /api/category/sub-category/create [31m500 [0m26.796 ms - 34[0m
[0mOPTIONS /api/category/sub-category/create [32m204 [0m11.503 ms - 0[0m
[0mPOST /api/category/sub-category/create [31m500 [0m79.862 ms - 34[0m
[0mGET /api/category/main/list [36m304 [0m76.755 ms - -[0m
[0mGET /api/category/sub-category/list [32m200 [0m108.459 ms - 26[0m
[0mOPTIONS /api/category/sub-category/create [32m204 [0m3.759 ms - 0[0m
[0mPOST /api/category/sub-category/create [31m500 [0m22.698 ms - 34[0m
[0mGET /api/category/main/list [36m304 [0m39.426 ms - -[0m
[0mGET /api/category/sub-category/list [36m304 [0m33.983 ms - -[0m
[0mGET /api/category/main/list [36m304 [0m42.604 ms - -[0m
[0mGET /api/category/sub-category/list [36m304 [0m39.055 ms - -[0m
[0mGET /api/category/main/list [36m304 [0m211.234 ms - -[0m
[0mGET /api/category/sub-category/list [36m304 [0m193.216 ms - -[0m
[0mOPTIONS /api/category/sub-category/create [32m204 [0m4.139 ms - 0[0m
[0mPOST /api/category/sub-category/create [31m500 [0m40.151 ms - 34[0m
[0mOPTIONS /api/category/sub-category/create [32m204 [0m10.333 ms - 0[0m
[0mPOST /api/category/sub-category/create [32m200 [0m274.476 ms - 55[0m
[0mGET /api/category/sub-category/list [32m200 [0m25.251 ms - 201[0m
[0mOPTIONS /api/category/sub-category/create [32m204 [0m3.471 ms - 0[0m
[0mPOST /api/category/sub-category/create [32m200 [0m133.739 ms - 55[0m
[0mGET /api/category/sub-category/list [32m200 [0m7.789 ms - 201[0m
[0mGET /api/category/sub-category/list [31m500 [0m151.753 ms - 3961[0m
[0mGET /api/category/main/list [36m304 [0m207.988 ms - -[0m
[0mGET /api/category/sub-category/list [31m500 [0m240.968 ms - 3961[0m
[0mGET /api/category/main/list [36m304 [0m305.005 ms - -[0m
[0mGET /api/category/sub-category/list [31m500 [0m21.558 ms - 3961[0m
[0mGET /api/category/main/list [36m304 [0m53.892 ms - -[0m
[0mGET /api/category/sub-category/list [31m500 [0m191.559 ms - 3961[0m
[0mGET /api/category/main/list [36m304 [0m265.149 ms - -[0m
[0mGET /api/category/main/list [36m304 [0m98.937 ms - -[0m
[0mGET /api/category/sub-category/list [32m200 [0m79.861 ms - 26[0m
[0mOPTIONS /api/category/sub-category/create [32m204 [0m2.861 ms - 0[0m
[0mPOST /api/category/sub-category/create [32m200 [0m261.541 ms - 55[0m
[0mGET /api/category/sub-category/list [32m200 [0m18.657 ms - 201[0m
[0mGET /api/category/main/list [36m304 [0m33.205 ms - -[0m
[0mGET /api/category/sub-category/list [36m304 [0m48.758 ms - -[0m
[0mGET /api/category/main/list [36m304 [0m22.087 ms - -[0m
[0mGET /api/category/sub-category/list [36m304 [0m20.651 ms - -[0m
[0mGET /api/category/main/list [36m304 [0m78.611 ms - -[0m
[0mGET /api/category/sub-category/list [36m304 [0m74.487 ms - -[0m
[0mOPTIONS /api/category/sub-category/create [32m204 [0m2.777 ms - 0[0m
[0mPOST /api/category/sub-category/create [32m200 [0m225.734 ms - 55[0m
[0mGET /api/category/sub-category/list [32m200 [0m82.849 ms - 380[0m
[0mOPTIONS /api/category/sub-cat/update [32m204 [0m2.603 ms - 0[0m
[0mPOST /api/category/sub-cat/update [32m200 [0m160.906 ms - 55[0m
[0mGET /api/category/main/list [36m304 [0m30.150 ms - -[0m
[0mGET /api/category/sub-category/list [32m200 [0m29.048 ms - 380[0m
[0mOPTIONS /api/category/sub-cat/update [32m204 [0m13.402 ms - 0[0m
[0mPOST /api/category/sub-cat/update [31m500 [0m96.564 ms - 34[0m
[0mPOST /api/category/sub-cat/update [31m500 [0m18.177 ms - 34[0m
[0mOPTIONS /api/category/sub-cat/update [32m204 [0m3.364 ms - 0[0m
[0mPOST /api/category/sub-cat/update [31m500 [0m12.918 ms - 34[0m
[0mPOST /api/category/sub-cat/update [31m500 [0m10.655 ms - 34[0m
[0mGET /api/category/main/list [36m304 [0m52.688 ms - -[0m
[0mGET /api/category/sub-category/list [36m304 [0m78.334 ms - -[0m
[0mOPTIONS /api/category/sub-cat/update [32m204 [0m3.437 ms - 0[0m
[0mPOST /api/category/sub-cat/update [31m500 [0m14.058 ms - 34[0m
[0mPOST /api/category/sub-cat/update [31m500 [0m17.884 ms - 34[0m
[0mPOST /api/category/sub-cat/update [31m500 [0m35.107 ms - 34[0m
[0mPOST /api/category/sub-cat/update [31m500 [0m11.338 ms - 34[0m
[0mPOST /api/category/sub-cat/update [31m500 [0m15.341 ms - 34[0m
[0mPOST /api/category/sub-cat/update [31m500 [0m9.972 ms - 34[0m
[0mOPTIONS /api/category/sub-category/create [32m204 [0m1.618 ms - 0[0m
[0mPOST /api/category/sub-category/create [32m200 [0m174.722 ms - 55[0m
[0mGET /api/category/sub-category/list [32m200 [0m71.224 ms - 559[0m
[0mOPTIONS /api/category/sub-category/create [32m204 [0m3.260 ms - 0[0m
[0mPOST /api/category/sub-category/create [32m200 [0m85.805 ms - 55[0m
[0mGET /api/category/sub-category/list [32m200 [0m9.818 ms - 737[0m
[0mGET /api/category/main/list [36m304 [0m38.921 ms - -[0m
[0mGET /api/category/sub-category/list [36m304 [0m44.571 ms - -[0m
[0mGET /api/category/child-category/list [36m304 [0m55.960 ms - -[0m
[0mGET /api/category/sub-list?categoryId=1 [32m200 [0m18.022 ms - 380[0m
[0mOPTIONS /api/category/child-category/create [32m204 [0m2.035 ms - 0[0m
[0mPOST /api/category/child-category/create [32m200 [0m229.333 ms - 60[0m
[0mGET /api/category/child-category/list [32m200 [0m12.477 ms - 236[0m
[0mGET /api/category/main/list [32m200 [0m9303.381 ms - 549[0m
[0mGET /api/category/sub-category/list [32m200 [0m10051.000 ms - 737[0m
[0mGET /api/category/sub-category/list [36m304 [0m50.209 ms - -[0m
[0mGET /api/category/main/list [36m304 [0m51.989 ms - -[0m
[0mGET /api/category/child-category/list [32m200 [0m286.117 ms - 236[0m
[0mGET /api/category/main/list [36m304 [0m12.518 ms - -[0m
[0mGET /api/category/sub-category/list [36m304 [0m19.806 ms - -[0m
[0mGET /api/category/child-category/list [36m304 [0m39.097 ms - -[0m
[0mGET /api/category/main/list [36m304 [0m43.931 ms - -[0m
[0mGET /api/category/sub-category/list [36m304 [0m46.418 ms - -[0m
[0mGET /api/category/child-category/list [36m304 [0m38.036 ms - -[0m
[0mGET /api/category/main/list [36m304 [0m28.221 ms - -[0m
[0mGET /api/category/sub-category/list [36m304 [0m25.273 ms - -[0m
[0mGET /api/category/child-category/list [36m304 [0m28.638 ms - -[0m
[0mGET /api/category/main/list [36m304 [0m26.830 ms - -[0m
[0mGET /api/category/sub-category/list [36m304 [0m30.234 ms - -[0m
[0mGET /api/category/child-category/list [36m304 [0m31.390 ms - -[0m
[0mGET /api/category/sub-list?categoryId=1 [32m200 [0m135.481 ms - 380[0m
[0mOPTIONS /api/category/child-category/create [32m204 [0m4.128 ms - 0[0m
[0mPOST /api/category/child-category/create [32m200 [0m169.569 ms - 60[0m
[0mGET /api/category/child-category/list [32m200 [0m15.486 ms - 484[0m
[0mOPTIONS /api/category/sub-cat/update [32m204 [0m2.603 ms - 0[0m
[0mPOST /api/category/sub-cat/update [31m500 [0m78.536 ms - 34[0m
[0mOPTIONS /api/category/sub-cat/update [32m204 [0m3.325 ms - 0[0m
[0mPOST /api/category/sub-cat/update [31m500 [0m14.706 ms - 34[0m
[0mPOST /api/category/sub-cat/update [31m500 [0m13.552 ms - 34[0m
[0mGET /api/category/sub-list?categoryId=2 [32m200 [0m12.882 ms - 382[0m
[0mGET /api/category/main/list [36m304 [0m17.643 ms - -[0m
[0mGET /api/category/main/list [36m304 [0m41.591 ms - -[0m
[0mGET /api/category/sub-category/list [36m304 [0m42.923 ms - -[0m
[0mOPTIONS /api/category/sub-category/create [32m204 [0m1.629 ms - 0[0m
[0mPOST /api/category/sub-category/create [32m200 [0m214.855 ms - 55[0m
[0mGET /api/category/sub-category/list [32m200 [0m10.941 ms - 922[0m
[0mOPTIONS /api/category/sub-cat/update [32m204 [0m1.568 ms - 0[0m
[0mPOST /api/category/sub-cat/update [31m500 [0m13.708 ms - 34[0m
[0mGET /api/category/main/list [36m304 [0m54.480 ms - -[0m
[0mGET /api/category/sub-category/list [36m304 [0m60.299 ms - -[0m
[0mGET /api/category/child-category/list [36m304 [0m68.347 ms - -[0m
[0mGET /api/category/sub-list?categoryId=1 [32m200 [0m16.917 ms - 565[0m
[0mOPTIONS /api/category/child-category/create [32m204 [0m2.174 ms - 0[0m
[0mPOST /api/category/child-category/create [32m200 [0m192.711 ms - 60[0m
[0mGET /api/category/child-category/list [32m200 [0m86.269 ms - 713[0m
[0mGET /api/category/main/list [36m304 [0m59.350 ms - -[0m
[0mGET /api/category/sub-category/list [36m304 [0m69.810 ms - -[0m
[0mGET /api/product/getAllproduct [32m200 [0m64.963 ms - 29[0m
[0mGET /api/category/child-category/list [36m304 [0m86.618 ms - -[0m
[0mGET /api/category/sub-category/list [36m304 [0m20.216 ms - -[0m
[0mGET /api/category/main/list [36m304 [0m31.842 ms - -[0m
[0mGET /api/category/child-category/list [36m304 [0m17.133 ms - -[0m
[0mGET /api/product/getAllproduct [36m304 [0m9.500 ms - -[0m
[0mGET /api/category/main/list [36m304 [0m56.116 ms - -[0m
[0mGET /api/category/sub-category/list [36m304 [0m66.874 ms - -[0m
[0mGET /api/category/child-category/list [36m304 [0m63.856 ms - -[0m
[0mGET /api/product/getAllproduct [36m304 [0m67.345 ms - -[0m
[0mGET /api/category/main/list [36m304 [0m36.910 ms - -[0m
[0mGET /api/category/sub-category/list [36m304 [0m43.920 ms - -[0m
[0mGET /api/product/getAllproduct [36m304 [0m44.225 ms - -[0m
[0mGET /api/category/child-category/list [36m304 [0m53.002 ms - -[0m
[0mPOST /api/product/create [31m500 [0m350.317 ms - 3684[0m
[0mGET /api/category/main/list [36m304 [0m39.364 ms - -[0m
[0mGET /api/category/sub-category/list [36m304 [0m45.333 ms - -[0m
[0mGET /api/product/getAllproduct [36m304 [0m36.996 ms - -[0m
[0mGET /api/category/child-category/list [36m304 [0m54.750 ms - -[0m
[0mGET /api/category/main/list [36m304 [0m36.717 ms - -[0m
[0mGET /api/category/sub-category/list [36m304 [0m35.588 ms - -[0m
[0mGET /api/product/getAllproduct [36m304 [0m24.953 ms - -[0m
[0mGET /api/category/child-category/list [36m304 [0m32.028 ms - -[0m
[0mPOST /api/product/create [32m200 [0m376.973 ms - 54[0m
[0mGET /api/product/getAllproduct [32m200 [0m22.967 ms - 374[0m
[0mGET /api/product/getAllproduct [36m304 [0m9.862 ms - -[0m
[0mGET /undefined [33m404 [0m28.997 ms - 7714[0m
[0mGET /api/category/main/list [36m304 [0m37.449 ms - -[0m
[0mGET /api/category/sub-category/list [36m304 [0m43.022 ms - -[0m
[0mGET /api/category/child-category/list [36m304 [0m43.134 ms - -[0m
[0mGET /api/product/getAllproduct [36m304 [0m10.210 ms - -[0m
[0mGET /undefined [33m404 [0m15.336 ms - 7714[0m
[0mGET /api/product/getAllproduct [36m304 [0m25.172 ms - -[0m
[0mGET /undefined [33m404 [0m15.758 ms - 7714[0m
[0mGET /api/product/getAllproduct [36m304 [0m57.024 ms - -[0m
[0mGET /produit/1695747027807TS1.jpg [32m200 [0m16.627 ms - 4327[0m
[0mGET /api/product/getAllproduct [36m304 [0m11.442 ms - -[0m
[0mGET /produit/1695747027807TS1.jpg [36m304 [0m7.427 ms - -[0m
[0mGET /api/product/getAllproduct [32m200 [0m70.445 ms - 371[0m
[0mGET /produit/1695747027807TS1.jpg [36m304 [0m19.107 ms - -[0m
[0mGET /api/category/main/list [36m304 [0m75.952 ms - -[0m
[0mGET /api/category/sub-category/list [36m304 [0m120.299 ms - -[0m
[0mGET /api/product/getAllproduct [36m304 [0m119.119 ms - -[0m
[0mGET /api/category/child-category/list [36m304 [0m129.504 ms - -[0m
[0mGET /api/category/main/list [36m304 [0m47.666 ms - -[0m
[0mGET /api/category/sub-category/list [36m304 [0m53.612 ms - -[0m
[0mGET /api/category/child-category/list [36m304 [0m57.351 ms - -[0m
[0mGET /api/category/sub-list?categoryId=1 [36m304 [0m26.036 ms - -[0m
[0mOPTIONS /api/category/child-category/create [32m204 [0m2.698 ms - 0[0m
[0mPOST /api/category/child-category/create [32m200 [0m727.580 ms - 60[0m
[0mGET /api/category/child-category/list [32m200 [0m14.521 ms - 943[0m
[0mOPTIONS /api/category/child-category/create [32m204 [0m2.885 ms - 0[0m
[0mPOST /api/category/child-category/create [32m200 [0m352.683 ms - 60[0m
[0mGET /api/category/child-category/list [32m200 [0m417.318 ms - 1173[0m
[0mOPTIONS /api/category/child-category/create [32m204 [0m1.650 ms - 0[0m
[0mPOST /api/category/child-category/create [32m200 [0m601.749 ms - 60[0m
[0mGET /api/category/child-category/list [32m200 [0m20.682 ms - 1403[0m
[0mGET /api/product/getAllGroceryStaple [32m200 [0m9.091 ms - 371[0m
[0mGET /produit/1695747027807TS1.jpg [36m304 [0m3.097 ms - -[0m
[0mGET /api/category/sub-list?categoryId=3 [32m200 [0m18.328 ms - 26[0m
[0mGET /api/category/main/list [36m304 [0m20.946 ms - -[0m
[0mGET /api/category/sub-category/list [36m304 [0m31.045 ms - -[0m
[0mOPTIONS /api/category/sub-category/create [32m204 [0m2.529 ms - 0[0m
[0mPOST /api/category/sub-category/create [32m200 [0m182.096 ms - 55[0m
[0mGET /api/category/sub-category/list [32m200 [0m471.344 ms - 1103[0m
[0mGET /api/category/main/list [36m304 [0m30.546 ms - -[0m
[0mGET /api/category/sub-category/list [36m304 [0m43.293 ms - -[0m
[0mGET /api/category/main/list [36m304 [0m34.794 ms - -[0m
[0mGET /api/category/sub-category/list [36m304 [0m47.135 ms - -[0m
[0mGET /api/category/child-category/list [36m304 [0m46.100 ms - -[0m
[0mGET /api/category/sub-list?categoryId=3 [32m200 [0m13.003 ms - 206[0m
[0mOPTIONS /api/category/child-category/create [32m204 [0m1.528 ms - 0[0m
[0mPOST /api/category/child-category/create [32m200 [0m176.335 ms - 60[0m
[0mGET /api/category/child-category/list [32m200 [0m115.244 ms - 1634[0m
[0mOPTIONS /api/category/child-category/create [32m204 [0m1.598 ms - 0[0m
[0mPOST /api/category/child-category/create [32m200 [0m160.301 ms - 60[0m
[0mGET /api/category/child-category/list [32m200 [0m13.517 ms - 1863[0m
[0mGET /api/category/main/list [36m304 [0m64.298 ms - -[0m
[0mGET /api/category/sub-category/list [36m304 [0m56.778 ms - -[0m
[0mGET /api/product/getAllproduct [36m304 [0m61.330 ms - -[0m
[0mGET /api/category/child-category/list [36m304 [0m68.920 ms - -[0m
[0mGET /api/category/main/list [36m304 [0m211.705 ms - -[0m
[0mGET /api/category/sub-category/list [36m304 [0m287.186 ms - -[0m
[0mGET /api/product/getAllproduct [36m304 [0m271.660 ms - -[0m
[0mGET /api/category/child-category/list [36m304 [0m291.448 ms - -[0m
[0mGET /api/category/main/list [36m304 [0m58.620 ms - -[0m
[0mGET /api/category/sub-category/list [36m304 [0m79.019 ms - -[0m
[0mGET /api/product/getAllproduct [36m304 [0m53.775 ms - -[0m
[0mGET /api/category/child-category/list [36m304 [0m83.235 ms - -[0m
[0mGET /api/category/main/list [36m304 [0m51.827 ms - -[0m
[0mGET /api/category/sub-category/list [36m304 [0m59.503 ms - -[0m
[0mGET /api/product/getAllproduct [36m304 [0m52.219 ms - -[0m
[0mGET /api/category/child-category/list [36m304 [0m79.671 ms - -[0m
[0mGET /api/category/main/list [36m304 [0m13.945 ms - -[0m
[0mGET /api/category/sub-category/list [36m304 [0m37.114 ms - -[0m
[0mGET /api/category/child-category/list [36m304 [0m33.804 ms - -[0m
[0mGET /api/product/getAllproduct [36m304 [0m11.712 ms - -[0m
[0mGET /api/category/main/list [36m304 [0m41.986 ms - -[0m
[0mGET /api/category/sub-category/list [36m304 [0m49.981 ms - -[0m
[0mGET /api/product/getAllproduct [36m304 [0m45.478 ms - -[0m
[0mGET /api/category/child-category/list [36m304 [0m63.449 ms - -[0m
[0mGET /api/category/main/list [36m304 [0m22.515 ms - -[0m
[0mGET /api/product/getAllproduct [36m304 [0m139.719 ms - -[0m
[0mGET /api/category/sub-category/list [36m304 [0m226.596 ms - -[0m
[0mGET /api/category/child-category/list [36m304 [0m260.474 ms - -[0m
[0mGET /api/category/main/list [36m304 [0m24.437 ms - -[0m
[0mGET /api/category/sub-category/list [36m304 [0m65.323 ms - -[0m
[0mGET /api/category/child-category/list [36m304 [0m69.477 ms - -[0m
[0mGET /api/product/getAllproduct [36m304 [0m73.335 ms - -[0m
[0mGET /api/category/main/list [36m304 [0m9.673 ms - -[0m
[0mGET /api/product/getAllproduct [36m304 [0m19.221 ms - -[0m
[0mGET /api/category/sub-category/list [36m304 [0m37.435 ms - -[0m
[0mGET /api/category/child-category/list [36m304 [0m70.075 ms - -[0m
[0mGET /api/category/main/list [36m304 [0m23.816 ms - -[0m
[0mGET /api/category/sub-category/list [36m304 [0m27.846 ms - -[0m
[0mGET /api/category/main/list [36m304 [0m35.924 ms - -[0m
[0mGET /api/category/sub-category/list [36m304 [0m45.820 ms - -[0m
[0mGET /api/category/child-category/list [36m304 [0m47.141 ms - -[0m
[0mGET /api/category/sub-list?categoryId=1 [36m304 [0m17.451 ms - -[0m
[0mGET /api/category/sub-list?categoryId=2 [36m304 [0m23.536 ms - -[0m
[0mGET /api/category/main/list [36m304 [0m40.875 ms - -[0m
[0mGET /api/category/sub-category/list [36m304 [0m43.836 ms - -[0m
[0mGET /api/product/getAllproduct [36m304 [0m43.274 ms - -[0m
[0mGET /api/category/child-category/list [36m304 [0m50.242 ms - -[0m
[0mGET /api/category/main/list [36m304 [0m36.137 ms - -[0m
[0mGET /api/category/sub-category/list [36m304 [0m41.354 ms - -[0m
[0mGET /api/product/getAllproduct [36m304 [0m33.151 ms - -[0m
[0mGET /api/category/child-category/list [36m304 [0m57.173 ms - -[0m
[0mGET /api/category/main/list [36m304 [0m38.764 ms - -[0m
[0mGET /api/category/sub-category/list [36m304 [0m48.780 ms - -[0m
[0mGET /api/product/getAllproduct [36m304 [0m38.952 ms - -[0m
[0mGET /api/category/child-category/list [36m304 [0m56.558 ms - -[0m
[0mGET /api/category/main/list [36m304 [0m43.528 ms - -[0m
[0mGET /api/category/sub-category/list [36m304 [0m47.152 ms - -[0m
[0mGET /api/product/getAllproduct [36m304 [0m38.160 ms - -[0m
[0mGET /api/category/child-category/list [36m304 [0m56.145 ms - -[0m
[0mGET /api/category/main/list [36m304 [0m42.703 ms - -[0m
[0mGET /api/category/sub-category/list [36m304 [0m52.067 ms - -[0m
[0mGET /api/product/getAllproduct [36m304 [0m49.226 ms - -[0m
[0mGET /api/category/child-category/list [36m304 [0m74.861 ms - -[0m
[0mGET /api/category/sub-list?categoryId=1 [36m304 [0m11.008 ms - -[0m
[0mGET /api/category/sub-list?categoryId=2 [36m304 [0m13.828 ms - -[0m
[0mGET /api/category/main/list [36m304 [0m35.400 ms - -[0m
[0mGET /api/category/sub-category/list [36m304 [0m40.592 ms - -[0m
[0mGET /api/product/getAllproduct [36m304 [0m36.832 ms - -[0m
[0mGET /api/category/child-category/list [36m304 [0m42.490 ms - -[0m
[0mGET /api/category/main/list [36m304 [0m7.930 ms - -[0m
[0mGET /api/category/sub-category/list [36m304 [0m30.544 ms - -[0m
[0mGET /api/category/child-category/list [36m304 [0m28.243 ms - -[0m
[0mGET /api/product/getAllproduct [36m304 [0m21.669 ms - -[0m
[0mGET /api/category/main/list [36m304 [0m30.406 ms - -[0m
[0mGET /api/category/sub-category/list [36m304 [0m30.906 ms - -[0m
[0mGET /api/category/child-category/list [36m304 [0m30.231 ms - -[0m
[0mGET /api/product/getAllproduct [36m304 [0m26.518 ms - -[0m
[0mGET /api/category/main/list [36m304 [0m30.694 ms - -[0m
[0mGET /api/category/sub-category/list [36m304 [0m38.107 ms - -[0m
[0mGET /api/category/child-category/list [36m304 [0m35.695 ms - -[0m
[0mGET /api/product/getAllproduct [36m304 [0m26.299 ms - -[0m
[0mGET /api/category/main/list [36m304 [0m10.260 ms - -[0m
[0mGET /api/category/sub-category/list [36m304 [0m19.407 ms - -[0m
[0mGET /api/category/child-category/list [36m304 [0m15.349 ms - -[0m
[0mGET /api/product/getAllproduct [36m304 [0m8.620 ms - -[0m
[0mGET /api/category/main/list [36m304 [0m26.653 ms - -[0m
[0mGET /api/category/child-category/list [36m304 [0m33.745 ms - -[0m
[0mGET /api/category/sub-category/list [36m304 [0m49.790 ms - -[0m
[0mGET /api/product/getAllproduct [36m304 [0m36.497 ms - -[0m
[0mGET /api/category/main/list [36m304 [0m29.648 ms - -[0m
[0mGET /api/product/getAllproduct [36m304 [0m13.577 ms - -[0m
[0mGET /api/category/sub-category/list [36m304 [0m45.792 ms - -[0m
[0mGET /api/category/child-category/list [36m304 [0m64.403 ms - -[0m
[0mGET /api/category/main/list [36m304 [0m16.130 ms - -[0m
[0mGET /api/category/sub-category/list [36m304 [0m11.229 ms - -[0m
[0mGET /api/category/child-category/list [36m304 [0m16.651 ms - -[0m
[0mGET /api/product/getAllproduct [36m304 [0m10.065 ms - -[0m
[0mGET /api/category/main/list [36m304 [0m30.725 ms - -[0m
[0mGET /api/category/sub-category/list [36m304 [0m39.659 ms - -[0m
[0mGET /api/product/getAllproduct [36m304 [0m27.468 ms - -[0m
[0mGET /api/category/child-category/list [36m304 [0m43.039 ms - -[0m
[0mGET /api/category/main/list [36m304 [0m8.535 ms - -[0m
[0mGET /api/category/sub-category/list [36m304 [0m29.184 ms - -[0m
[0mGET /api/category/child-category/list [36m304 [0m33.772 ms - -[0m
[0mGET /api/product/getAllproduct [36m304 [0m28.078 ms - -[0m
[0mGET /api/category/main/list [36m304 [0m7.993 ms - -[0m
[0mGET /api/category/sub-category/list [36m304 [0m29.133 ms - -[0m
[0mGET /api/category/child-category/list [36m304 [0m27.849 ms - -[0m
[0mGET /api/product/getAllproduct [36m304 [0m18.765 ms - -[0m
[0mGET /api/category/sub-list?categoryId=1 [36m304 [0m13.915 ms - -[0m
[0mGET /api/category/main/list [36m304 [0m33.979 ms - -[0m
[0mGET /api/category/sub-category/list [36m304 [0m46.559 ms - -[0m
[0mGET /api/product/getAllproduct [36m304 [0m32.693 ms - -[0m
[0mGET /api/category/child-category/list [36m304 [0m48.990 ms - -[0m
[0mGET /api/category/main/list [36m304 [0m31.021 ms - -[0m
[0mGET /api/category/sub-category/list [36m304 [0m28.982 ms - -[0m
[0mGET /api/category/child-category/list [36m304 [0m28.495 ms - -[0m
[0mGET /api/product/getAllproduct [36m304 [0m173.667 ms - -[0m
[0mGET /api/category/sub-list?categoryId=1 [36m304 [0m11.189 ms - -[0m
[0mGET /api/category/child-list?subCatId=1 [32m200 [0m16.750 ms - 405[0m
[0mGET /api/category/sub-list?categoryId=3 [36m304 [0m7.253 ms - -[0m
[0mGET /api/category/child-list?subCatId=6 [32m200 [0m15.779 ms - 401[0m
[0mPOST /api/product/create [32m200 [0m434.875 ms - 54[0m
[0mGET /api/product/getAllproduct [32m200 [0m223.817 ms - 721[0m
[0mGET /produit/1695747027807TS1.jpg [36m304 [0m49.093 ms - -[0m
[0mGET /produit/1695751668068ARR32.jpg [32m200 [0m61.071 ms - 1907[0m
[0mGET /api/product/getAllproduct [36m304 [0m39.235 ms - -[0m
[0mGET /api/product/getAllPhoto [31m500 [0m560.183 ms - 3959[0m
[0mGET /api/product/getAllproduct [36m304 [0m15.593 ms - -[0m
[0mGET /api/product/getAllPhoto [31m500 [0m20.779 ms - 3959[0m
[0mGET /api/product/getAllPhoto [31m500 [0m18.930 ms - 3959[0m
[0mGET /api/product/getAllPhoto [31m500 [0m13.972 ms - 3959[0m
[0mGET /api/product/getAllproduct [36m304 [0m20.306 ms - -[0m
[0mGET /api/product/getAllPhoto [31m500 [0m25.663 ms - 3959[0m
[0mGET /api/product/getAllPhoto [31m500 [0m15.457 ms - 3959[0m
[0mGET /api/product/getAllproduct [36m304 [0m223.587 ms - -[0m
[0mGET /api/product/getAllPhoto [32m200 [0m244.094 ms - 206[0m
[0mGET /api/product/getAllproduct [36m304 [0m29.470 ms - -[0m
[0mGET /api/product/getAllPhoto [36m304 [0m34.948 ms - -[0m
[0mGET /api/product/getAllproduct [36m304 [0m29.418 ms - -[0m
[0mGET /api/product/getAllPhoto [36m304 [0m32.058 ms - -[0m
[0mPOST /api/product/upload [32m200 [0m359.581 ms - 54[0m
[0mGET /api/product/getAllproduct [36m304 [0m12.625 ms - -[0m
[0mGET /api/product/getAllproduct [36m304 [0m22.635 ms - -[0m
[0mGET /api/product/getAllPhoto [32m200 [0m25.031 ms - 254[0m
[0mGET /produit/1695747027807TS1.jpg [36m304 [0m15.937 ms - -[0m
[0mGET /produit/1695752607475TS2.jpg [32m200 [0m37.372 ms - 1406[0m
[0mPOST /api/product/upload [32m200 [0m195.533 ms - 54[0m
[0mGET /api/product/getAllproduct [36m304 [0m323.538 ms - -[0m
[0mGET /api/product/getAllproduct [36m304 [0m36.717 ms - -[0m
[0mGET /api/product/getAllPhoto [36m304 [0m37.061 ms - -[0m
[0mGET /produit/1695747027807TS1.jpg [36m304 [0m15.009 ms - -[0m
[0mGET /produit/1695752607475TS2.jpg [36m304 [0m11.928 ms - -[0m
[0mPOST /api/product/upload [32m200 [0m223.247 ms - 54[0m
[0mGET /api/product/getAllproduct [36m304 [0m12.611 ms - -[0m
[0mGET /api/product/getAllproduct [36m304 [0m56.925 ms - -[0m
[0mGET /api/product/getAllPhoto [32m200 [0m44.049 ms - 303[0m
[0mGET /produit/1695747027807TS1.jpg [36m304 [0m18.135 ms - -[0m
[0mGET /produit/1695752607475TS2.jpg [36m304 [0m13.180 ms - -[0m
[0mGET /produit/1695752657914TS3.jpg [32m200 [0m13.741 ms - 2846[0m
[0mPOST /api/product/upload [32m200 [0m383.216 ms - 54[0m
[0mGET /api/product/getAllproduct [0m- [0m- ms - -[0m
[0mGET /api/product/getAllproduct [32m200 [0m33.065 ms - 721[0m
[0mGET /api/product/getAllPhoto [32m200 [0m29.705 ms - 352[0m
[0mGET /produit/1695747027807TS1.jpg [36m304 [0m6.178 ms - -[0m
[0mGET /produit/1695752607475TS2.jpg [36m304 [0m10.090 ms - -[0m
[0mGET /produit/1695752657914TS3.jpg [36m304 [0m13.232 ms - -[0m
[0mGET /produit/1695752683068TS5.jpg [32m200 [0m22.766 ms - 4909[0m
[0mPOST /api/product/upload [32m200 [0m137.676 ms - 54[0m
[0mGET /api/product/getAllproduct [36m304 [0m10.476 ms - -[0m
[0mGET /api/product/getAllproduct [36m304 [0m23.790 ms - -[0m
[0mGET /api/product/getAllPhoto [32m200 [0m72.092 ms - 403[0m
[0mGET /produit/1695747027807TS1.jpg [36m304 [0m6.348 ms - -[0m
[0mGET /produit/1695752607475TS2.jpg [36m304 [0m24.470 ms - -[0m
[0mGET /produit/1695752657914TS3.jpg [36m304 [0m23.307 ms - -[0m
[0mGET /produit/1695752683068TS5.jpg [36m304 [0m22.854 ms - -[0m
[0mGET /produit/1695751668068ARR32.jpg [36m304 [0m13.202 ms - -[0m
[0mGET /produit/1695752700202ARR123.jpg [32m200 [0m19.776 ms - 1411[0m
[0mPOST /api/product/upload [32m200 [0m148.077 ms - 54[0m
[0mGET /api/product/getAllproduct [0m- [0m- ms - -[0m
[0mGET /api/product/getAllproduct [32m200 [0m22.010 ms - 721[0m
[0mGET /api/product/getAllPhoto [32m200 [0m25.838 ms - 453[0m
[0mGET /produit/1695751668068ARR32.jpg [36m304 [0m25.512 ms - -[0m
[0mGET /produit/1695752700202ARR123.jpg [36m304 [0m28.296 ms - -[0m
[0mGET /produit/1695747027807TS1.jpg [36m304 [0m21.765 ms - -[0m
[0mGET /produit/1695752607475TS2.jpg [36m304 [0m28.561 ms - -[0m
[0mGET /produit/1695752657914TS3.jpg [36m304 [0m24.993 ms - -[0m
[0mGET /produit/1695752683068TS5.jpg [36m304 [0m18.967 ms - -[0m
[0mGET /produit/1695752720178cas1.jpg [32m200 [0m10.715 ms - 4136[0m
[0mPOST /api/product/upload [32m200 [0m204.960 ms - 54[0m
[0mGET /api/product/getAllproduct [36m304 [0m7.472 ms - -[0m
[0mGET /api/product/getAllproduct [36m304 [0m28.259 ms - -[0m
[0mGET /api/product/getAllPhoto [32m200 [0m44.020 ms - 503[0m
[0mGET /produit/1695751668068ARR32.jpg [36m304 [0m16.763 ms - -[0m
[0mGET /produit/1695752700202ARR123.jpg [36m304 [0m15.175 ms - -[0m
[0mGET /produit/1695752720178cas1.jpg [36m304 [0m13.749 ms - -[0m
[0mGET /produit/1695747027807TS1.jpg [36m304 [0m13.368 ms - -[0m
[0mGET /produit/1695752607475TS2.jpg [36m304 [0m13.083 ms - -[0m
[0mGET /produit/1695752657914TS3.jpg [36m304 [0m11.254 ms - -[0m
[0mGET /produit/1695752683068TS5.jpg [36m304 [0m8.982 ms - -[0m
[0mGET /produit/1695752733795CAS2.jpg [32m200 [0m32.414 ms - 2170[0m
[0mPOST /api/product/create [32m200 [0m594.703 ms - 54[0m
[0mGET /api/product/getAllproduct [32m200 [0m17.209 ms - 1067[0m
[0mGET /produit/1695751668068ARR32.jpg [36m304 [0m9.841 ms - -[0m
[0mGET /produit/1695747027807TS1.jpg [36m304 [0m9.351 ms - -[0m
[0mGET /produit/1695752820497e3.jpg [32m200 [0m16.280 ms - 7440[0m
[0mGET /api/product/getAllGroceryStaple [32m200 [0m15.192 ms - 1067[0m
[0mGET /produit/1695752820497e3.jpg [36m304 [0m3.719 ms - -[0m
[0mGET /produit/1695751668068ARR32.jpg [36m304 [0m3.849 ms - -[0m
[0mGET /produit/1695747027807TS1.jpg [36m304 [0m3.673 ms - -[0m
[0mGET /api/product/list/huile [31m500 [0m1273.201 ms - 2389[0m
[0mGET /api/category/cn/list?name=huile [32m200 [0m1299.472 ms - 28[0m
[0mGET /api/product/getAllGroceryStaple [36m304 [0m12.180 ms - -[0m
[0mGET /api/product/getWebProductById?id=1 [32m200 [0m25.944 ms - 531[0m
[0mGET /produit/1695752683068TS5.jpg [36m304 [0m9.106 ms - -[0m
[0mGET /produit/1695752607475TS2.jpg [36m304 [0m8.749 ms - -[0m
[0mGET /produit/1695752657914TS3.jpg [36m304 [0m8.845 ms - -[0m
[0mGET /api/category/main/list [36m304 [0m49.723 ms - -[0m
[0mGET /api/category/sub-category/list [36m304 [0m59.993 ms - -[0m
[0mGET /api/product/getAllproduct [36m304 [0m51.489 ms - -[0m
[0mGET /api/category/child-category/list [36m304 [0m74.800 ms - -[0m
[0mGET /api/category/sub-list?categoryId=1 [36m304 [0m17.569 ms - -[0m
[0mGET /api/category/main/list [36m304 [0m38.863 ms - -[0m
[0mGET /api/category/sub-category/list [36m304 [0m65.775 ms - -[0m
[0mGET /api/product/getAllproduct [36m304 [0m90.916 ms - -[0m
[0mGET /api/category/child-category/list [36m304 [0m121.860 ms - -[0m
[0mGET /api/category/child-list?subCatId=1 [36m304 [0m18.450 ms - -[0m
[0mGET /api/category/main/list [36m304 [0m28.479 ms - -[0m
[0mGET /api/category/sub-category/list [36m304 [0m32.104 ms - -[0m
[0mGET /api/category/child-category/list [36m304 [0m58.061 ms - -[0m
[0mGET /api/product/getAllproduct [36m304 [0m48.047 ms - -[0m
[0mGET /api/category/sub-list?categoryId=2 [36m304 [0m13.500 ms - -[0m
[0mGET /api/category/child-list?subCatId=3 [32m200 [0m10.720 ms - 26[0m
[0mGET /api/category/main/list [36m304 [0m29.039 ms - -[0m
[0mGET /api/category/sub-category/list [36m304 [0m33.335 ms - -[0m
[0mGET /api/category/child-category/list [36m304 [0m37.259 ms - -[0m
[0mGET /api/category/sub-list?categoryId=2 [36m304 [0m11.413 ms - -[0m
[0mOPTIONS /api/category/child-category/create [32m204 [0m3.576 ms - 0[0m
[0mPOST /api/category/child-category/create [31m500 [0m11.903 ms - 34[0m
[0mOPTIONS /api/category/child-category/create [32m204 [0m2.079 ms - 0[0m
[0mPOST /api/category/child-category/create [32m200 [0m118.027 ms - 60[0m
[0mGET /api/category/child-category/list [32m200 [0m94.704 ms - 2094[0m
[0mOPTIONS /api/category/child-category/create [32m204 [0m1.503 ms - 0[0m
[0mPOST /api/category/child-category/create [32m200 [0m441.453 ms - 60[0m
[0mGET /api/category/child-category/list [32m200 [0m16.199 ms - 2325[0m
[0mOPTIONS /api/category/child-category/create [32m204 [0m2.020 ms - 0[0m
[0mPOST /api/category/child-category/create [32m200 [0m75.397 ms - 60[0m
[0mGET /api/category/child-category/list [32m200 [0m19.882 ms - 2556[0m
[0mGET /api/category/main/list [36m304 [0m20.583 ms - -[0m
[0mGET /api/category/sub-category/list [36m304 [0m67.668 ms - -[0m
[0mGET /api/category/child-category/list [36m304 [0m75.026 ms - -[0m
[0mGET /api/product/getAllproduct [36m304 [0m66.234 ms - -[0m
[0mGET /api/category/sub-list?categoryId=2 [36m304 [0m12.614 ms - -[0m
[0mGET /api/category/child-list?subCatId=3 [32m200 [0m10.071 ms - 216[0m
[0mPOST /api/product/create [32m200 [0m385.119 ms - 54[0m
[0mGET /api/product/getAllproduct [32m200 [0m51.616 ms - 1415[0m
[0mGET /produit/1695752820497e3.jpg [36m304 [0m7.176 ms - -[0m
[0mGET /produit/1695751668068ARR32.jpg [36m304 [0m6.936 ms - -[0m
[0mGET /produit/1695753661047tap3.jpg [32m200 [0m18.257 ms - 9338[0m
[0mGET /produit/1695747027807TS1.jpg [36m304 [0m80.159 ms - -[0m
[0mGET /api/product/getAllGroceryStaple [32m200 [0m15.091 ms - 1415[0m
[0mGET /produit/1695753661047tap3.jpg [36m304 [0m17.032 ms - -[0m
[0mGET /produit/1695752820497e3.jpg [36m304 [0m16.042 ms - -[0m
[0mGET /produit/1695751668068ARR32.jpg [36m304 [0m16.818 ms - -[0m
[0mGET /produit/1695747027807TS1.jpg [36m304 [0m13.084 ms - -[0m
[0mGET /api/category/main/list [36m304 [0m170.144 ms - -[0m
[0mGET /api/category/sub-category/list [36m304 [0m242.607 ms - -[0m
[0mGET /api/product/getAllproduct [36m304 [0m222.006 ms - -[0m
[0mGET /api/category/child-category/list [36m304 [0m239.118 ms - -[0m
[0mGET /api/category/sub-list?categoryId=1 [36m304 [0m25.754 ms - -[0m
[0mGET /api/category/child-list?subCatId=5 [32m200 [0m22.159 ms - 406[0m
[0mGET /api/category/child-list?subCatId=2 [32m200 [0m17.221 ms - 408[0m
[0mPOST /api/product/create [32m200 [0m273.004 ms - 54[0m
[0mGET /api/product/getAllproduct [32m200 [0m25.834 ms - 1761[0m
[0mGET /produit/1695753661047tap3.jpg [36m304 [0m29.861 ms - -[0m
[0mGET /produit/1695752820497e3.jpg [36m304 [0m31.433 ms - -[0m
[0mGET /produit/1695751668068ARR32.jpg [36m304 [0m31.470 ms - -[0m
[0mGET /produit/1695747027807TS1.jpg [36m304 [0m36.701 ms - -[0m
[0mGET /produit/1695754196334ENST.jpg [32m200 [0m63.606 ms - 4600[0m
[0mGET /api/product/getAllproduct [32m200 [0m14.409 ms - 1752[0m
[0mGET /produit/1695752820497e3.jpg [36m304 [0m14.885 ms - -[0m
[0mGET /produit/1695751668068ARR32.jpg [36m304 [0m16.482 ms - -[0m
[0mGET /produit/1695747027807TS1.jpg [36m304 [0m18.487 ms - -[0m
[0mGET /produit/1695754196334ENST.jpg [36m304 [0m15.642 ms - -[0m
[0mGET /produit/1695753661047tap3.jpg [36m304 [0m14.105 ms - -[0m
[0mGET /api/product/getAllGroceryStaple [32m200 [0m26.858 ms - 1752[0m
[0mGET /produit/1695753661047tap3.jpg [36m304 [0m12.430 ms - -[0m
[0mGET /produit/1695752820497e3.jpg [36m304 [0m12.197 ms - -[0m
[0mGET /produit/1695751668068ARR32.jpg [36m304 [0m11.909 ms - -[0m
[0mGET /produit/1695747027807TS1.jpg [36m304 [0m8.623 ms - -[0m
[0mGET /produit/1695754196334ENST.jpg [36m304 [0m4.356 ms - -[0m
[0mGET /api/category/main/list [36m304 [0m67.197 ms - -[0m
[0mGET /api/category/sub-category/list [36m304 [0m74.975 ms - -[0m
[0mGET /api/product/getAllproduct [36m304 [0m77.061 ms - -[0m
[0mGET /api/category/child-category/list [36m304 [0m105.506 ms - -[0m
[0mGET /api/category/sub-list?categoryId=1 [36m304 [0m17.000 ms - -[0m
[0mGET /api/category/child-list?subCatId=5 [36m304 [0m12.701 ms - -[0m
[0mGET /api/category/child-list?subCatId=1 [36m304 [0m12.286 ms - -[0m
[0mGET /api/category/child-list?subCatId=2 [36m304 [0m13.321 ms - -[0m
[0mGET /api/category/child-list?subCatId=1 [36m304 [0m13.619 ms - -[0m
[0mGET /api/category/child-list?subCatId=5 [36m304 [0m12.607 ms - -[0m
[0mPOST /api/product/create [32m200 [0m274.156 ms - 54[0m
[0mGET /api/product/getAllproduct [32m200 [0m38.121 ms - 2092[0m
[0mGET /produit/1695754614263T1.jpg [32m200 [0m6.871 ms - 9012[0m
[0mGET /produit/1695754196334ENST.jpg [36m304 [0m17.579 ms - -[0m
[0mGET /produit/1695753661047tap3.jpg [36m304 [0m15.701 ms - -[0m
[0mGET /produit/1695752820497e3.jpg [36m304 [0m13.538 ms - -[0m
[0mGET /produit/1695751668068ARR32.jpg [36m304 [0m13.021 ms - -[0m
[0mGET /produit/1695747027807TS1.jpg [36m304 [0m4.020 ms - -[0m
[0mGET /api/product/getAllGroceryStaple [32m200 [0m20.342 ms - 2092[0m
[0mGET /produit/1695754196334ENST.jpg [36m304 [0m8.048 ms - -[0m
[0mGET /produit/1695753661047tap3.jpg [36m304 [0m18.366 ms - -[0m
[0mGET /produit/1695752820497e3.jpg [36m304 [0m14.918 ms - -[0m
[0mGET /produit/1695751668068ARR32.jpg [36m304 [0m7.825 ms - -[0m
[0mGET /produit/1695747027807TS1.jpg [36m304 [0m4.347 ms - -[0m
[0mGET /produit/1695754614263T1.jpg [36m304 [0m4.017 ms - -[0m
[0mGET /api/product/list/huile [31m500 [0m78.862 ms - 2389[0m
[0mGET /api/category/cn/list?name=huile [36m304 [0m96.331 ms - -[0m
[0mGET /api/product/list/huile [31m500 [0m18.341 ms - 2389[0m
[0mGET /api/category/cn/list?name=huile [36m304 [0m41.299 ms - -[0m
[0mGET /api/product/getAllGroceryStaple [36m304 [0m63.931 ms - -[0m
[0mGET /produit/1695751668068ARR32.jpg [36m304 [0m29.705 ms - -[0m
[0mGET /produit/1695747027807TS1.jpg [36m304 [0m27.890 ms - -[0m
[0mGET /produit/1695754614263T1.jpg [36m304 [0m23.956 ms - -[0m
[0mGET /produit/1695754196334ENST.jpg [36m304 [0m21.707 ms - -[0m
[0mGET /produit/1695752820497e3.jpg [36m304 [0m21.707 ms - -[0m
[0mGET /produit/1695753661047tap3.jpg [36m304 [0m22.135 ms - -[0m
[0mGET /api/product/list/Vetements [31m500 [0m28.408 ms - 2389[0m
[0mGET /api/category/cn/list?name=Vetements [32m200 [0m47.645 ms - 1561[0m
[0mGET /api/product/list/Vetements [31m500 [0m19.237 ms - 2389[0m
[0mGET /api/category/cn/list?name=Vetements [36m304 [0m67.793 ms - -[0m
[0mGET /api/product/getAllGroceryStaple [36m304 [0m12.841 ms - -[0m
[0mGET /produit/1695754614263T1.jpg [36m304 [0m27.688 ms - -[0m
[0mGET /produit/1695754196334ENST.jpg [36m304 [0m23.634 ms - -[0m
[0mGET /produit/1695752820497e3.jpg [36m304 [0m17.180 ms - -[0m
[0mGET /produit/1695753661047tap3.jpg [36m304 [0m22.036 ms - -[0m
[0mGET /produit/1695751668068ARR32.jpg [36m304 [0m18.793 ms - -[0m
[0mGET /produit/1695747027807TS1.jpg [36m304 [0m24.678 ms - -[0m
[0mGET /api/product/list/Vetements [31m500 [0m21.940 ms - 2389[0m
[0mGET /api/category/cn/list?name=Vetements [36m304 [0m40.031 ms - -[0m
[0mGET /api/category/cn/list?name=Vetements [36m304 [0m52.863 ms - -[0m
[0mGET /api/product/list/Vetements [31m500 [0m11.136 ms - 2389[0m
[0mGET /api/product/list/Vetements [31m500 [0m12.568 ms - 2389[0m
[0mGET /api/category/cn/list?name=Vetements [36m304 [0m76.161 ms - -[0m
[0mGET /api/product/list/Vetements [31m500 [0m12.255 ms - 2389[0m
[0mGET /api/category/cn/list?name=Vetements [36m304 [0m28.903 ms - -[0m
[0mGET /api/product/list/Vetements [31m500 [0m25.603 ms - 2389[0m
[0mGET /api/category/cn/list?name=Vetements [36m304 [0m44.976 ms - -[0m
[0mGET /api/product/list/Vetements [31m500 [0m20.512 ms - 2389[0m
[0mGET /api/category/cn/list?name=Vetements [36m304 [0m34.804 ms - -[0m
[0mGET /api/category/main/list [36m304 [0m52.686 ms - -[0m
[0mGET /api/product/getAllGroceryStaple [36m304 [0m12.332 ms - -[0m
[0mGET /produit/1695754614263T1.jpg [36m304 [0m22.819 ms - -[0m
[0mGET /produit/1695747027807TS1.jpg [36m304 [0m29.750 ms - -[0m
[0mGET /produit/1695753661047tap3.jpg [36m304 [0m32.901 ms - -[0m
[0mGET /produit/1695754196334ENST.jpg [36m304 [0m32.054 ms - -[0m
[0mGET /produit/1695751668068ARR32.jpg [36m304 [0m31.107 ms - -[0m
[0mGET /produit/1695752820497e3.jpg [36m304 [0m29.466 ms - -[0m
[0mGET /api/product/getAllGroceryStaple [36m304 [0m14.984 ms - -[0m
[0mGET /produit/1695754614263T1.jpg [36m304 [0m3.993 ms - -[0m
[0mGET /produit/1695747027807TS1.jpg [36m304 [0m23.661 ms - -[0m
[0mGET /produit/1695753661047tap3.jpg [36m304 [0m20.197 ms - -[0m
[0mGET /produit/1695754196334ENST.jpg [36m304 [0m15.297 ms - -[0m
[0mGET /produit/1695751668068ARR32.jpg [36m304 [0m11.230 ms - -[0m
[0mGET /produit/1695752820497e3.jpg [36m304 [0m10.551 ms - -[0m
[0mGET /api/product/list/VETEMENTS [31m500 [0m16.574 ms - 2389[0m
[0mGET /api/category/cn/list?name=VETEMENTS [32m200 [0m50.358 ms - 1561[0m
[0mGET /api/category/c/VETEMENTS/1 [31m500 [0m313.922 ms - 3962[0m
[0mGET /api/category/cn/list?name=VETEMENTS [36m304 [0m257.420 ms - -[0m
[0mGET /api/product/list/VETEMENTS [32m200 [0m302.479 ms - 1658[0m
[0mGET /produit/1695747027807TS1.jpg [36m304 [0m28.023 ms - -[0m
[0mGET /produit/1695752820497e3.jpg [36m304 [0m21.742 ms - -[0m
[0mGET /produit/1695754196334ENST.jpg [36m304 [0m18.226 ms - -[0m
[0mGET /produit/1695754614263T1.jpg [36m304 [0m18.182 ms - -[0m
[0mGET /api/category/c/VETEMENTS/1 [31m500 [0m203.737 ms - 3962[0m
[0mGET /api/category/c/VETEMENTS/4 [31m500 [0m19.125 ms - 3962[0m
[0mGET /api/category/c/VETEMENTS/2 [31m500 [0m18.906 ms - 3962[0m
[0mGET /undefined [33m404 [0m1458.364 ms - 7714[0m
[0mGET /undefined [33m404 [0m25.507 ms - 7714[0m
[0mGET /produit/169559021852612.jpg [32m200 [0m715.181 ms - 4303[0m
[0mGET /produit/1695542682195img-4.jpg [32m200 [0m713.525 ms - 8871[0m
[0mGET /produit/1695509831576A2.jpg [32m200 [0m969.582 ms - 10157[0m
[0mGET /produit/16952299068182.jpg [32m200 [0m990.607 ms - 3224[0m
[0mGET /produit/16955901907111.jpg [32m200 [0m1021.660 ms - 6324[0m
[0mGET /produit/1695502817176img-9.jpg [32m200 [0m1035.207 ms - 13019[0m
[0mGET /produit/1695063570136big-4.jpg [32m200 [0m362.297 ms - 71622[0m
[0mGET /produit/1695057620846big-1.jpg [32m200 [0m45.918 ms - 50084[0m
[0mGET /produit/1695057678292img-8.jpg [32m200 [0m334.550 ms - 7293[0m
[0mGET /produit/1695057529206img-15.jpg [32m200 [0m294.516 ms - 7100[0m
[0mGET /produit/1695057725821img-14.jpg [32m200 [0m700.539 ms - 12153[0m
[0mGET /api/category/c/VETEMENTS/1 [32m200 [0m44.773 ms - 368[0m
[0mGET /api/category/c/VETEMENTS/2 [32m200 [0m15.394 ms - 371[0m
[0mGET /api/category/c/VETEMENTS/3 [32m200 [0m12.244 ms - 708[0m
[0mGET /api/category/c/VETEMENTS/6 [32m200 [0m9.585 ms - 26[0m
[0mGET /api/category/c/VETEMENTS/1 [36m304 [0m13.347 ms - -[0m
[0mGET /produit/1695752820497e3.jpg [36m304 [0m5.249 ms - -[0m
[0mGET /api/category/c/VETEMENTS/4 [32m200 [0m7.916 ms - 26[0m
[0mGET /api/category/c/VETEMENTS/3 [36m304 [0m15.290 ms - -[0m
[0mGET /produit/1695747027807TS1.jpg [36m304 [0m36.312 ms - -[0m
[0mGET /produit/1695754614263T1.jpg [36m304 [0m40.011 ms - -[0m
[0mGET /api/product/getWebProductById?id=6 [32m200 [0m74.801 ms - 382[0m
[0mGET /api/category/cn/list?name=VETEMENTS [36m304 [0m70.044 ms - -[0m
[0mGET /api/product/list/VETEMENTS [36m304 [0m64.389 ms - -[0m
[0mGET /produit/1695754196334ENST.jpg [36m304 [0m36.457 ms - -[0m
[0mGET /api/product/getWebProductById?id=1 [36m304 [0m29.890 ms - -[0m
[0mGET /produit/1695752607475TS2.jpg [36m304 [0m54.756 ms - -[0m
[0mGET /produit/1695752683068TS5.jpg [36m304 [0m73.885 ms - -[0m
[0mGET /produit/1695752657914TS3.jpg [36m304 [0m107.327 ms - -[0m
[0mGET /api/category/cn/list?name=VETEMENTS [36m304 [0m59.377 ms - -[0m
[0mGET /api/product/list/VETEMENTS [36m304 [0m67.483 ms - -[0m
[0mGET /produit/1695747027807TS1.jpg [36m304 [0m27.159 ms - -[0m
[0mGET /produit/1695752820497e3.jpg [36m304 [0m26.058 ms - -[0m
[0mGET /produit/1695754196334ENST.jpg [36m304 [0m22.311 ms - -[0m
[0mGET /produit/1695754614263T1.jpg [36m304 [0m18.506 ms - -[0m
[0mOPTIONS /api/customer/register [32m204 [0m3.452 ms - 0[0m
[0mPOST /api/customer/register [32m200 [0m439.396 ms - 95[0m
[0mOPTIONS /api/customer/login [32m204 [0m3.335 ms - 0[0m
[0mPOST /api/customer/login [32m200 [0m285.746 ms - 195[0m
[0mGET / [33m404 [0m17.657 ms - 7714[0m
[0mGET /api/customer/getUserByEmailId?email=alice@gmail.com [31m500 [0m1150.044 ms - 2154[0m
[0mGET /api/customer/getUserByEmailId?email=alice@gmail.com [31m500 [0m208.882 ms - 2154[0m
[0mGET /api/product/getAllGroceryStaple [36m304 [0m25.488 ms - -[0m
[0mGET /api/customer/getUserByEmailId?email=alice@gmail.com [31m500 [0m57.121 ms - 2154[0m
[0mGET /produit/1695754614263T1.jpg [36m304 [0m32.599 ms - -[0m
[0mGET /produit/1695754196334ENST.jpg [36m304 [0m31.233 ms - -[0m
[0mGET /produit/1695752820497e3.jpg [36m304 [0m23.337 ms - -[0m
[0mGET /produit/1695747027807TS1.jpg [36m304 [0m19.866 ms - -[0m
[0mGET /produit/1695753661047tap3.jpg [36m304 [0m37.853 ms - -[0m
[0mGET /produit/1695751668068ARR32.jpg [36m304 [0m44.471 ms - -[0m
[0mGET /produit/1695753661047tap3.jpg [36m304 [0m5.511 ms - -[0m
[0mGET /produit/1695752820497e3.jpg [36m304 [0m4.418 ms - -[0m
[0mGET /api/product/getAllGroceryStaple [36m304 [0m17.842 ms - -[0m
[0mGET /api/customer/getUserByEmailId?email=alice@gmail.com [31m500 [0m139.593 ms - 2154[0m
[0mGET /produit/1695754614263T1.jpg [36m304 [0m7.989 ms - -[0m
[0mGET /produit/1695754196334ENST.jpg [36m304 [0m6.850 ms - -[0m
[0mGET /produit/1695751668068ARR32.jpg [36m304 [0m7.190 ms - -[0m
[0mGET /produit/1695747027807TS1.jpg [36m304 [0m6.907 ms - -[0m
[0mGET /produit/1695753661047tap3.jpg [36m304 [0m33.862 ms - -[0m
[0mGET /produit/1695752820497e3.jpg [36m304 [0m29.032 ms - -[0m
[0mGET /api/product/getAllGroceryStaple [36m304 [0m70.283 ms - -[0m
[0mGET /api/customer/getUserByEmailId?email=alice@gmail.com [31m500 [0m180.147 ms - 2154[0m
[0mGET /produit/1695754614263T1.jpg [36m304 [0m11.186 ms - -[0m
[0mGET /produit/1695754196334ENST.jpg [36m304 [0m8.491 ms - -[0m
[0mGET /produit/1695751668068ARR32.jpg [36m304 [0m8.607 ms - -[0m
[0mGET /produit/1695747027807TS1.jpg [36m304 [0m8.153 ms - -[0m
[0mGET /api/category/main/list [36m304 [0m25.969 ms - -[0m
[0mGET /api/product/getAllproduct [36m304 [0m23.374 ms - -[0m
[0mGET /produit/1695754614263T1.jpg [36m304 [0m13.772 ms - -[0m
[0mGET /produit/1695754196334ENST.jpg [36m304 [0m10.318 ms - -[0m
[0mGET /produit/1695753661047tap3.jpg [36m304 [0m26.275 ms - -[0m
[0mGET /produit/1695752820497e3.jpg [36m304 [0m23.921 ms - -[0m
[0mGET /produit/1695751668068ARR32.jpg [36m304 [0m18.392 ms - -[0m
[0mGET /produit/1695747027807TS1.jpg [36m304 [0m17.629 ms - -[0m
[0mGET /undefined [33m404 [0m23.215 ms - 7714[0m
[0mGET /produit/1695751668068ARR32.jpg [36m304 [0m4.309 ms - -[0m
[0mGET /api/product/getAllGroceryStaple [36m304 [0m28.526 ms - -[0m
[0mGET /api/customer/getUserByEmailId?email=alice@gmail.com [31m500 [0m246.671 ms - 2154[0m
[0mGET /produit/1695754614263T1.jpg [36m304 [0m9.999 ms - -[0m
[0mGET /produit/1695754196334ENST.jpg [36m304 [0m9.530 ms - -[0m
[0mGET /produit/1695753661047tap3.jpg [36m304 [0m10.984 ms - -[0m
[0mGET /produit/1695752820497e3.jpg [36m304 [0m11.008 ms - -[0m
[0mGET /produit/1695747027807TS1.jpg [36m304 [0m5.653 ms - -[0m
[0mGET /api/product/getAllproduct [36m304 [0m22.144 ms - -[0m
[0mGET /produit/1695754614263T1.jpg [36m304 [0m28.631 ms - -[0m
[0mGET /produit/1695754196334ENST.jpg [36m304 [0m26.878 ms - -[0m
[0mGET /produit/1695753661047tap3.jpg [36m304 [0m28.707 ms - -[0m
[0mGET /produit/1695752820497e3.jpg [36m304 [0m27.272 ms - -[0m
[0mGET /produit/1695751668068ARR32.jpg [36m304 [0m26.876 ms - -[0m
[0mGET /produit/1695747027807TS1.jpg [36m304 [0m16.927 ms - -[0m
[0mGET /api/product/getAllproduct [36m304 [0m13.262 ms - -[0m
[0mGET /api/product/getAllproduct [31m500 [0m402.787 ms - 3959[0m
[0mGET /api/product/getAllproduct [31m500 [0m30.014 ms - 3959[0m
[0mGET /api/product/getAllproduct [31m500 [0m315.404 ms - 3959[0m
[0mGET /api/product/getAllproduct [32m200 [0m129.172 ms - 2146[0m
[0mGET /produit/1695754614263T1.jpg [36m304 [0m20.111 ms - -[0m
[0mGET /produit/1695754196334ENST.jpg [36m304 [0m18.475 ms - -[0m
[0mGET /produit/1695753661047tap3.jpg [36m304 [0m9.108 ms - -[0m
[0mGET /produit/1695752820497e3.jpg [36m304 [0m12.741 ms - -[0m
[0mGET /produit/1695751668068ARR32.jpg [36m304 [0m11.461 ms - -[0m
[0mGET /produit/1695747027807TS1.jpg [36m304 [0m10.176 ms - -[0m
[0mGET /produit/1695751668068ARR32.jpg [36m304 [0m11.092 ms - -[0m
[0mGET /produit/1695752820497e3.jpg [36m304 [0m6.317 ms - -[0m
[0mGET /api/product/getAllGroceryStaple [32m200 [0m22.599 ms - 2146[0m
[0mGET /api/customer/getUserByEmailId?email=alice@gmail.com [31m500 [0m367.029 ms - 2154[0m
[0mGET /produit/1695754196334ENST.jpg [36m304 [0m9.782 ms - -[0m
[0mGET /produit/1695754614263T1.jpg [36m304 [0m9.836 ms - -[0m
[0mGET /produit/1695753661047tap3.jpg [36m304 [0m5.287 ms - -[0m
[0mGET /produit/1695747027807TS1.jpg [36m304 [0m4.461 ms - -[0m
[0mGET /produit/1695751668068ARR32.jpg [36m304 [0m8.203 ms - -[0m
[0mGET /produit/1695752820497e3.jpg [36m304 [0m6.958 ms - -[0m
[0mGET / [33m404 [0m31.046 ms - 7714[0m
[0mGET /api/customer/getUserByEmailId?email=alice@gmail.com [31m500 [0m121.304 ms - 2154[0m
[0mGET /api/customer/getUserByEmailId?email=alice@gmail.com [31m500 [0m114.667 ms - 2154[0m
[0mGET / [33m404 [0m9.358 ms - 7714[0m
[0mGET /api/customer/getUserByEmailId?email=alice@gmail.com [31m500 [0m139.044 ms - 2154[0m
[0mGET / [33m404 [0m13.468 ms - 7714[0m
[0mGET /api/customer/getUserByEmailId?email=alice@gmail.com [31m500 [0m63.986 ms - 2154[0m
[0mGET / [33m404 [0m14.930 ms - 7714[0m
[0mGET /api/customer/getUserByEmailId?email=alice@gmail.com [31m500 [0m93.119 ms - 2154[0m
[0mGET / [33m404 [0m14.329 ms - 7714[0m
[0mGET /api/customer/getUserByEmailId?email=alice@gmail.com [31m500 [0m230.261 ms - 2154[0m
[0mGET / [33m404 [0m14.673 ms - 7714[0m
[0mGET /api/customer/getUserByEmailId?email=alice@gmail.com [31m500 [0m166.996 ms - 2154[0m
[0mGET / [33m404 [0m9.831 ms - 7714[0m
[0mGET /api/customer/getUserByEmailId?email=alice@gmail.com [31m500 [0m222.500 ms - 2154[0m
[0mGET / [33m404 [0m14.196 ms - 7714[0m
[0mGET /api/customer/getUserByEmailId?email=alice@gmail.com [31m500 [0m75.115 ms - 2154[0m
[0mGET / [33m404 [0m13.009 ms - 7714[0m
[0mGET /api/customer/getUserByEmailId?email=alice@gmail.com [31m500 [0m62.404 ms - 2154[0m
[0mGET / [33m404 [0m13.854 ms - 7714[0m
[0mGET /api/customer/getUserByEmailId?email=alice@gmail.com [31m500 [0m132.213 ms - 2154[0m
[0mGET / [33m404 [0m13.663 ms - 7714[0m
[0mGET /api/customer/getUserByEmailId?email=alice@gmail.com [31m500 [0m44.584 ms - 2154[0m
[0mGET / [33m404 [0m14.596 ms - 7714[0m
[0mGET /api/customer/getUserByEmailId?email=alice@gmail.com [31m500 [0m65.350 ms - 2154[0m
[0mGET /produit/1695751668068ARR32.jpg [36m304 [0m8.148 ms - -[0m
[0mGET /produit/1695752820497e3.jpg [36m304 [0m3.901 ms - -[0m
[0mGET /api/product/getAllGroceryStaple [36m304 [0m13.117 ms - -[0m
[0mGET /api/customer/getUserByEmailId?email=alice@gmail.com [31m500 [0m135.629 ms - 2154[0m
[0mGET /produit/1695754614263T1.jpg [36m304 [0m12.906 ms - -[0m
[0mGET /produit/1695754196334ENST.jpg [36m304 [0m10.111 ms - -[0m
[0mGET /produit/1695753661047tap3.jpg [36m304 [0m10.011 ms - -[0m
[0mGET /produit/1695747027807TS1.jpg [36m304 [0m14.120 ms - -[0m
[0mGET /produit/1695751668068ARR32.jpg [36m304 [0m10.139 ms - -[0m
[0mGET /produit/1695752820497e3.jpg [36m304 [0m6.857 ms - -[0m
[0mGET / [33m404 [0m14.508 ms - 7714[0m
[0mGET /api/customer/getUserByEmailId?email=alice@gmail.com [31m500 [0m113.881 ms - 2154[0m
[0mGET /api/customer/getUserByEmailId?email=alice@gmail.com [31m500 [0m74.807 ms - 2154[0m
[0mGET /produit/1695751668068ARR32.jpg [36m304 [0m9.759 ms - -[0m
[0mGET /produit/1695752820497e3.jpg [36m304 [0m7.536 ms - -[0m
[0mGET /api/product/getAllGroceryStaple [36m304 [0m22.559 ms - -[0m
[0mGET /api/customer/getUserByEmailId?email=alice@gmail.com [31m500 [0m93.919 ms - 2154[0m
[0mGET /produit/1695754614263T1.jpg [36m304 [0m7.722 ms - -[0m
[0mGET /produit/1695754196334ENST.jpg [36m304 [0m4.283 ms - -[0m
[0mGET /produit/1695753661047tap3.jpg [36m304 [0m4.154 ms - -[0m
[0mGET /produit/1695747027807TS1.jpg [36m304 [0m3.887 ms - -[0m
[0mGET /produit/1695751668068ARR32.jpg [36m304 [0m8.394 ms - -[0m
[0mGET /produit/1695752820497e3.jpg [36m304 [0m9.978 ms - -[0m
[0mGET / [33m404 [0m13.790 ms - 7714[0m
[0mGET /api/customer/getUserByEmailId?email=alice@gmail.com [31m500 [0m86.040 ms - 2154[0m
[0mGET /api/customer/getUserByEmailId?email=alice@gmail.com [31m500 [0m56.263 ms - 2154[0m
[0mGET /produit/1695751668068ARR32.jpg [36m304 [0m12.611 ms - -[0m
[0mGET /produit/1695752820497e3.jpg [36m304 [0m7.171 ms - -[0m
[0mGET /api/product/getAllGroceryStaple [36m304 [0m14.940 ms - -[0m
[0mGET /api/customer/getUserByEmailId?email=alice@gmail.com [31m500 [0m76.998 ms - 2154[0m
[0mGET /produit/1695754614263T1.jpg [36m304 [0m9.711 ms - -[0m
[0mGET /produit/1695754196334ENST.jpg [36m304 [0m12.893 ms - -[0m
[0mGET /produit/1695753661047tap3.jpg [36m304 [0m10.442 ms - -[0m
[0mGET /produit/1695747027807TS1.jpg [36m304 [0m10.744 ms - -[0m
[0mGET /api/product/list/household-items [32m200 [0m34.645 ms - 28[0m
[0mGET /api/category/cn/list?name=household-items [32m200 [0m66.920 ms - 28[0m
[0mGET /produit/1695751668068ARR32.jpg [36m304 [0m5.080 ms - -[0m
[0mGET /produit/1695752820497e3.jpg [36m304 [0m5.954 ms - -[0m
[0mGET / [33m404 [0m25.291 ms - 7714[0m
[0mGET /api/customer/getUserByEmailId?email=alice@gmail.com [31m500 [0m84.870 ms - 2154[0m
[0mGET /api/customer/getUserByEmailId?email=alice@gmail.com [31m500 [0m61.592 ms - 2154[0m
[0mGET /produit/1695751668068ARR32.jpg [36m304 [0m8.168 ms - -[0m
[0mGET /produit/1695752820497e3.jpg [36m304 [0m6.117 ms - -[0m
[0mGET /api/product/getAllGroceryStaple [36m304 [0m18.454 ms - -[0m
[0mGET /api/customer/getUserByEmailId?email=alice@gmail.com [31m500 [0m54.793 ms - 2154[0m
[0mGET /produit/1695754614263T1.jpg [36m304 [0m18.782 ms - -[0m
[0mGET /produit/1695754196334ENST.jpg [36m304 [0m16.437 ms - -[0m
[0mGET /produit/1695753661047tap3.jpg [36m304 [0m12.433 ms - -[0m
[0mGET /produit/1695747027807TS1.jpg [36m304 [0m11.594 ms - -[0m
[0mGET /api/product/list/VETEMENTS [32m200 [0m51.033 ms - 1694[0m
[0mGET /api/category/cn/list?name=VETEMENTS [36m304 [0m170.009 ms - -[0m
[0mGET /api/category/c/VETEMENTS/1 [32m200 [0m24.106 ms - 377[0m
[0mGET /produit/1695751668068ARR32.jpg [36m304 [0m7.989 ms - -[0m
[0mGET /produit/1695752820497e3.jpg [36m304 [0m4.844 ms - -[0m
[0mGET / [33m404 [0m17.828 ms - 7714[0m
[0mGET /api/customer/getUserByEmailId?email=alice@gmail.com [31m500 [0m114.213 ms - 2154[0m
[0mGET /api/customer/getUserByEmailId?email=alice@gmail.com [31m500 [0m59.582 ms - 2154[0m
[0mGET /produit/1695751668068ARR32.jpg [36m304 [0m8.705 ms - -[0m
[0mGET /produit/1695752820497e3.jpg [36m304 [0m6.754 ms - -[0m
[0mGET / [33m404 [0m15.704 ms - 7714[0m
[0mGET /api/customer/getUserByEmailId?email=alice@gmail.com [31m500 [0m87.336 ms - 2154[0m
[0mGET /api/customer/getUserByEmailId?email=alice@gmail.com [31m500 [0m56.660 ms - 2154[0m
[0mOPTIONS / [32m204 [0m3.402 ms - 0[0m
[0mPOST / [33m404 [0m11.661 ms - 28[0m
[0mGET /produit/1695751668068ARR32.jpg [36m304 [0m7.105 ms - -[0m
[0mGET /produit/1695752820497e3.jpg [36m304 [0m6.419 ms - -[0m
[0mGET /api/customer/getUserByEmailId?email=alice@gmail.com [31m500 [0m53.094 ms - 2154[0m
[0mOPTIONS /api/order/create [32m204 [0m12.502 ms - 0[0m
[0mPOST /api/order/create [33m404 [0m15.823 ms - 28[0m
[0mGET /produit/1695751668068ARR32.jpg [36m304 [0m57.241 ms - -[0m
[0mGET /produit/1695752820497e3.jpg [36m304 [0m48.542 ms - -[0m
[0mGET /api/customer/getUserByEmailId?email=alice@gmail.com [32m200 [0m103.687 ms - 302[0m
[0mGET /produit/1695751668068ARR32.jpg [36m304 [0m69.992 ms - -[0m
[0mGET /produit/1695752820497e3.jpg [36m304 [0m86.501 ms - -[0m
[0mGET / [33m404 [0m82.273 ms - 7714[0m
[0mGET /api/customer/getUserByEmailId?email=alice@gmail.com [36m304 [0m271.841 ms - -[0m
[0mGET /api/customer/getUserByEmailId?email=alice@gmail.com [36m304 [0m32.962 ms - -[0m
[0mOPTIONS /api/order/create [32m204 [0m5.191 ms - 0[0m
[0mPOST /api/order/create [32m200 [0m420.821 ms - 16[0m
[0mGET /api/customer/getUserByEmailId?email=alice@gmail.com [32m200 [0m37.395 ms - 528[0m
[0mGET /api/product/getAllGroceryStaple [36m304 [0m35.691 ms - -[0m
[0mGET /api/customer/getUserByEmailId?email=alice@gmail.com [36m304 [0m41.359 ms - -[0m
[0mGET /produit/1695751668068ARR32.jpg [36m304 [0m27.085 ms - -[0m
[0mGET /produit/1695752820497e3.jpg [36m304 [0m33.151 ms - -[0m
[0mGET /produit/1695754614263T1.jpg [36m304 [0m57.051 ms - -[0m
[0mGET /produit/1695754196334ENST.jpg [36m304 [0m33.522 ms - -[0m
[0mGET /produit/1695747027807TS1.jpg [36m304 [0m34.839 ms - -[0m
[0mGET /produit/1695753661047tap3.jpg [36m304 [0m73.549 ms - -[0m
[0mGET / [33m404 [0m72.060 ms - 7714[0m
[0mGET /produit/1695751668068ARR32.jpg [36m304 [0m250.287 ms - -[0m
[0mGET /produit/1695754196334ENST.jpg [36m304 [0m284.948 ms - -[0m
[0mGET /produit/1695753661047tap3.jpg [36m304 [0m302.409 ms - -[0m
[0mGET /api/customer/getUserByEmailId?email=alice@gmail.com [36m304 [0m454.165 ms - -[0m
[0mGET /api/customer/getUserByEmailId?email=alice@gmail.com [36m304 [0m51.108 ms - -[0m
[0mOPTIONS /api/order/create [32m204 [0m4.734 ms - 0[0m
[0mPOST /api/order/create [32m200 [0m385.330 ms - 16[0m
[0mGET /api/customer/getUserByEmailId?email=alice@gmail.com [32m200 [0m33.952 ms - 762[0m
[0mGET /api/product/getAllGroceryStaple [36m304 [0m31.130 ms - -[0m
[0mGET /api/customer/getUserByEmailId?email=alice@gmail.com [36m304 [0m45.797 ms - -[0m
[0mGET /produit/1695754614263T1.jpg [36m304 [0m44.944 ms - -[0m
[0mGET /produit/1695754196334ENST.jpg [36m304 [0m39.130 ms - -[0m
[0mGET /produit/1695753661047tap3.jpg [36m304 [0m38.244 ms - -[0m
[0mGET /produit/1695752820497e3.jpg [36m304 [0m38.258 ms - -[0m
[0mGET /produit/1695747027807TS1.jpg [36m304 [0m34.309 ms - -[0m
[0mGET /produit/1695751668068ARR32.jpg [36m304 [0m40.518 ms - -[0m
[0mGET /produit/1695751668068ARR32.jpg [36m304 [0m5.099 ms - -[0m
[0mGET /produit/1695752820497e3.jpg [36m304 [0m10.399 ms - -[0m
[0mGET / [33m404 [0m20.256 ms - 7714[0m
[0mGET /api/customer/getUserByEmailId?email=alice@gmail.com [36m304 [0m55.145 ms - -[0m
[0mGET /api/customer/getUserByEmailId?email=alice@gmail.com [36m304 [0m31.529 ms - -[0m
[0mGET / [33m404 [0m14.678 ms - 7714[0m
[0mGET /api/customer/getUserByEmailId?email=alice@gmail.com [36m304 [0m34.848 ms - -[0m
[0mGET / [33m404 [0m9.535 ms - 7714[0m
[0mGET /api/customer/getUserByEmailId?email=alice@gmail.com [36m304 [0m36.497 ms - -[0m
[0mGET /produit/1695751668068ARR32.jpg [36m304 [0m8.320 ms - -[0m
[0mGET /produit/1695752820497e3.jpg [36m304 [0m9.018 ms - -[0m
[0mGET / [33m404 [0m14.656 ms - 7714[0m
[0mGET /api/customer/getUserByEmailId?email=alice@gmail.com [36m304 [0m55.445 ms - -[0m
[0mGET /api/customer/getUserByEmailId?email=alice@gmail.com [36m304 [0m51.724 ms - -[0m
[0mGET / [33m404 [0m14.107 ms - 7714[0m
[0mGET /api/customer/getUserByEmailId?email=alice@gmail.com [36m304 [0m44.244 ms - -[0m
[0mOPTIONS /api/order/create [32m204 [0m3.556 ms - 0[0m
[0mPOST /api/order/create [32m200 [0m181.653 ms - 16[0m
[0mGET /api/customer/getUserByEmailId?email=alice@gmail.com [32m200 [0m24.362 ms - 995[0m
[0mGET /api/product/getAllproduct [36m304 [0m17.892 ms - -[0m
[0mGET /produit/1695754614263T1.jpg [36m304 [0m5.914 ms - -[0m
[0mGET /produit/1695754196334ENST.jpg [36m304 [0m5.895 ms - -[0m
[0mGET /produit/1695753661047tap3.jpg [36m304 [0m4.315 ms - -[0m
[0mGET /produit/1695752820497e3.jpg [36m304 [0m15.707 ms - -[0m
[0mGET /produit/1695751668068ARR32.jpg [36m304 [0m14.946 ms - -[0m
[0mGET /produit/1695747027807TS1.jpg [36m304 [0m11.456 ms - -[0m
[0mGET /api/product/getAllproduct [36m304 [0m32.077 ms - -[0m
[0mGET /api/product/getAllproduct [36m304 [0m11.243 ms - -[0m
[0mGET /api/product/getAllproduct [36m304 [0m15.212 ms - -[0m
[0mGET /api/product/getAllproduct [36m304 [0m11.821 ms - -[0m
[0mGET /api/product/getAllproduct [36m304 [0m14.314 ms - -[0m
[0mGET /produit/1695754614263T1.jpg [36m304 [0m2.916 ms - -[0m
[0mGET /produit/1695754196334ENST.jpg [36m304 [0m5.887 ms - -[0m
[0mGET /produit/1695753661047tap3.jpg [36m304 [0m8.886 ms - -[0m
[0mGET /produit/1695752820497e3.jpg [36m304 [0m12.487 ms - -[0m
[0mGET /produit/1695751668068ARR32.jpg [36m304 [0m4.772 ms - -[0m
[0mGET /produit/1695747027807TS1.jpg [36m304 [0m3.854 ms - -[0m
[0mGET /api/product/getAllproduct [36m304 [0m25.620 ms - -[0m
[0mGET /api/product/getAllproduct [36m304 [0m18.874 ms - -[0m
[0mGET /produit/1695754614263T1.jpg [36m304 [0m6.649 ms - -[0m
[0mGET /produit/1695754196334ENST.jpg [36m304 [0m23.901 ms - -[0m
[0mGET /produit/1695753661047tap3.jpg [36m304 [0m19.386 ms - -[0m
[0mGET /produit/1695752820497e3.jpg [36m304 [0m21.451 ms - -[0m
[0mGET /produit/1695751668068ARR32.jpg [36m304 [0m20.957 ms - -[0m
[0mGET /produit/1695747027807TS1.jpg [36m304 [0m19.329 ms - -[0m
[0mGET /api/product/getAllproduct [36m304 [0m15.632 ms - -[0m
[0mGET /api/product/getAllproduct [36m304 [0m14.702 ms - -[0m
[0mGET /api/product/getAllproduct [36m304 [0m23.414 ms - -[0m
[0mGET /api/product/getAllproduct [36m304 [0m166.914 ms - -[0m
[0mGET /produit/1695754614263T1.jpg [36m304 [0m2.532 ms - -[0m
[0mGET /produit/1695754196334ENST.jpg [36m304 [0m11.441 ms - -[0m
[0mGET /produit/1695753661047tap3.jpg [36m304 [0m14.727 ms - -[0m
[0mGET /produit/1695752820497e3.jpg [36m304 [0m12.594 ms - -[0m
[0mGET /produit/1695751668068ARR32.jpg [36m304 [0m6.046 ms - -[0m
[0mGET /produit/1695747027807TS1.jpg [36m304 [0m5.787 ms - -[0m
[0mGET /api/product/getAllproduct [36m304 [0m15.661 ms - -[0m
[0mGET /produit/1695754614263T1.jpg [36m304 [0m9.697 ms - -[0m
[0mGET /produit/1695754196334ENST.jpg [36m304 [0m14.030 ms - -[0m
[0mGET /produit/1695753661047tap3.jpg [36m304 [0m9.584 ms - -[0m
[0mGET /produit/1695752820497e3.jpg [36m304 [0m11.009 ms - -[0m
[0mGET /produit/1695751668068ARR32.jpg [36m304 [0m11.393 ms - -[0m
[0mGET /produit/1695747027807TS1.jpg [36m304 [0m10.704 ms - -[0m
[0mGET /api/category/main/list [36m304 [0m157.362 ms - -[0m
[0mGET /api/category/main/list [36m304 [0m29.780 ms - -[0m
[0mGET /api/category/sub-category/list [36m304 [0m172.840 ms - -[0m
[0mGET /api/category/main/list [36m304 [0m41.846 ms - -[0m
[0mGET /api/category/sub-category/list [36m304 [0m45.065 ms - -[0m
[0mGET /api/category/child-category/list [36m304 [0m66.513 ms - -[0m
[0mGET /api/product/getAllproduct [36m304 [0m20.982 ms - -[0m
[0mGET /produit/1695754614263T1.jpg [36m304 [0m5.250 ms - -[0m
[0mGET /produit/1695754196334ENST.jpg [36m304 [0m8.589 ms - -[0m
[0mGET /produit/1695753661047tap3.jpg [36m304 [0m6.543 ms - -[0m
[0mGET /produit/1695752820497e3.jpg [36m304 [0m3.725 ms - -[0m
[0mGET /produit/1695751668068ARR32.jpg [36m304 [0m7.102 ms - -[0m
[0mGET /produit/1695747027807TS1.jpg [36m304 [0m6.923 ms - -[0m
[0mGET /api/product/getAllproduct [36m304 [0m17.020 ms - -[0m
[0mGET /produit/1695754614263T1.jpg [36m304 [0m399.029 ms - -[0m
[0mGET /produit/1695753661047tap3.jpg [36m304 [0m9.666 ms - -[0m
[0mGET /produit/1695754196334ENST.jpg [36m304 [0m397.803 ms - -[0m
[0mGET /produit/1695752820497e3.jpg [36m304 [0m14.009 ms - -[0m
[0mGET /produit/1695751668068ARR32.jpg [36m304 [0m11.775 ms - -[0m
[0mGET /produit/1695747027807TS1.jpg [36m304 [0m20.212 ms - -[0m
[0mGET /api/product/getAllproduct [36m304 [0m8.806 ms - -[0m
[0mGET /api/product/getAllproduct [36m304 [0m46.590 ms - -[0m
[0mGET /api/product/getAllproduct [36m304 [0m251.803 ms - -[0m
[0mGET /api/product/getAllproduct [36m304 [0m13.631 ms - -[0m
[0mGET /api/product/getAllproduct [36m304 [0m116.862 ms - -[0m
[0mGET /api/product/getAllproduct [36m304 [0m12.948 ms - -[0m
[0mGET /api/product/getAllproduct [36m304 [0m135.687 ms - -[0m
[0mGET /api/product/getAllproduct [36m304 [0m12.573 ms - -[0m
[0mGET /api/product/getAllproduct [36m304 [0m1273.907 ms - -[0m
[0mGET /api/product/getAllproduct [36m304 [0m100.814 ms - -[0m
[0mGET /api/product/getAllproduct [36m304 [0m380.931 ms - -[0m
[0mGET /api/customer/getUserByEmailId?email=alice@gmail.com [36m304 [0m3701.947 ms - -[0m
[0mGET /api/product/getAllGroceryStaple [36m304 [0m380.472 ms - -[0m
[0mGET /produit/1695754196334ENST.jpg [36m304 [0m137.637 ms - -[0m
[0mGET /produit/1695754614263T1.jpg [36m304 [0m301.832 ms - -[0m
[0mGET /produit/1695753661047tap3.jpg [36m304 [0m136.686 ms - -[0m
[0mGET /produit/1695752820497e3.jpg [36m304 [0m135.187 ms - -[0m
[0mGET /produit/1695747027807TS1.jpg [36m304 [0m129.135 ms - -[0m
[0mGET /produit/1695751668068ARR32.jpg [36m304 [0m137.040 ms - -[0m
