[0mGET /produit/1695754196334ENST.jpg [36m304 [0m33.950 ms - -[0m
[0mGET /produit/1695754614263T1.jpg [36m304 [0m33.773 ms - -[0m
[0mGET / [33m404 [0m49.430 ms - 7714[0m
[0mGET /api/customer/getUserByEmailId?email=alice@gmail.com [36m304 [0m1530.858 ms - -[0m
[0mGET /api/customer/getUserByEmailId?email=alice@gmail.com [36m304 [0m197.459 ms - -[0m
[0mGET / [33m404 [0m61.181 ms - 7714[0m
[0mGET /api/customer/getUserByEmailId?email=alice@gmail.com [36m304 [0m93.316 ms - -[0m
[0mGET / [33m404 [0m51.307 ms - 7714[0m
[0mGET /api/customer/getUserByEmailId?email=alice@gmail.com [36m304 [0m145.978 ms - -[0m
[0mGET / [33m404 [0m36.871 ms - 7714[0m
[0mGET /api/customer/getUserByEmailId?email=alice@gmail.com [36m304 [0m177.124 ms - -[0m
[0mGET / [33m404 [0m36.403 ms - 7714[0m
[0mGET /api/customer/getUserByEmailId?email=alice@gmail.com [36m304 [0m127.051 ms - -[0m
[0mGET / [33m404 [0m38.523 ms - 7714[0m
[0mGET /api/customer/getUserByEmailId?email=alice@gmail.com [36m304 [0m138.920 ms - -[0m
[0mGET /produit/1695754196334ENST.jpg [36m304 [0m26.676 ms - -[0m
[0mGET /produit/1695754614263T1.jpg [36m304 [0m11.231 ms - -[0m
[0mGET / [33m404 [0m47.243 ms - 7714[0m
[0mGET /api/customer/getUserByEmailId?email=alice@gmail.com [36m304 [0m379.113 ms - -[0m
[0mGET /api/customer/getUserByEmailId?email=alice@gmail.com [36m304 [0m163.907 ms - -[0m
[0mGET / [33m404 [0m27.934 ms - 7714[0m
[0mGET /api/customer/getUserByEmailId?email=alice@gmail.com [36m304 [0m150.910 ms - -[0m
[0mGET /produit/1695754196334ENST.jpg [36m304 [0m20.358 ms - -[0m
[0mGET /produit/1695754614263T1.jpg [36m304 [0m15.442 ms - -[0m
[0mGET /produit/1695754196334ENST.jpg [36m304 [0m11.227 ms - -[0m
[0mGET /produit/1695754614263T1.jpg [36m304 [0m11.743 ms - -[0m
[0mGET /produit/1695754196334ENST.jpg [36m304 [0m11.563 ms - -[0m
[0mGET /produit/1695754614263T1.jpg [36m304 [0m9.450 ms - -[0m
[0mGET /produit/1695754196334ENST.jpg [36m304 [0m9.793 ms - -[0m
[0mGET /produit/1695754614263T1.jpg [36m304 [0m13.274 ms - -[0m
[0mGET /produit/1695754196334ENST.jpg [36m304 [0m24.376 ms - -[0m
[0mGET /produit/1695754614263T1.jpg [36m304 [0m15.647 ms - -[0m
[0mGET / [33m404 [0m88.736 ms - 7714[0m
[0mGET /api/customer/getUserByEmailId?email=alice@gmail.com [36m304 [0m658.419 ms - -[0m
[0mGET /produit/1695754196334ENST.jpg [36m304 [0m11.902 ms - -[0m
[0mGET /produit/1695754614263T1.jpg [36m304 [0m8.448 ms - -[0m
[0mGET /api/customer/getUserByEmailId?email=alice@gmail.com [36m304 [0m57.748 ms - -[0m
[0mGET /produit/1695754196334ENST.jpg [36m304 [0m11.929 ms - -[0m
[0mGET /produit/1695754614263T1.jpg [36m304 [0m14.115 ms - -[0m
[0mGET / [33m404 [0m47.524 ms - 7714[0m
[0mGET /api/customer/getUserByEmailId?email=alice@gmail.com [36m304 [0m213.183 ms - -[0m
[0mGET /api/customer/getUserByEmailId?email=alice@gmail.com [36m304 [0m106.067 ms - -[0m
[0mGET /produit/1695754196334ENST.jpg [36m304 [0m11.252 ms - -[0m
[0mGET /produit/1695754614263T1.jpg [36m304 [0m11.198 ms - -[0m
[0mGET / [33m404 [0m54.345 ms - 7714[0m
[0mGET /api/customer/getUserByEmailId?email=alice@gmail.com [36m304 [0m222.136 ms - -[0m
[0mGET /api/customer/getUserByEmailId?email=alice@gmail.com [36m304 [0m153.868 ms - -[0m
[0mGET /api/product/getAllGroceryStaple [36m304 [0m97.622 ms - -[0m
[0mGET /produit/1695991466032ENS3.jpg [36m304 [0m56.432 ms - -[0m
[0mGET /produit/1695991260175tap1.jpg [36m304 [0m49.836 ms - -[0m
[0mGET /produit/1695990880479SACS.jpg [36m304 [0m41.805 ms - -[0m
[0mGET /produit/1695753661047tap3.jpg [36m304 [0m42.568 ms - -[0m
[0mGET /produit/1695752820497e3.jpg [36m304 [0m27.116 ms - -[0m
[0mGET /produit/1695751668068ARR32.jpg [36m304 [0m23.789 ms - -[0m
[0mGET /produit/1695747027807TS1.jpg [36m304 [0m7.127 ms - -[0m
[0mGET /api/product/getWebProductById?id=5 [32m200 [0m433.282 ms - 607[0m
[0mGET /produit/1695991670018ENS4.jpg [32m200 [0m64.578 ms - 6872[0m
[0mGET /produit/1695941364451ENSY.jpg [32m200 [0m86.101 ms - 8789[0m
[0mGET /produit/1696020094574ENST.jpg [32m200 [0m164.761 ms - 4600[0m
[0mGET /produit/1695754196334ENST.jpg [36m304 [0m22.418 ms - -[0m
[0mGET /produit/1695754614263T1.jpg [36m304 [0m23.772 ms - -[0m
[0mGET / [33m404 [0m40.765 ms - 7714[0m
[0mGET /api/customer/getUserByEmailId?email=alice@gmail.com [36m304 [0m269.273 ms - -[0m
[0mGET /api/customer/getUserByEmailId?email=alice@gmail.com [36m304 [0m77.422 ms - -[0m
[0mGET / [33m404 [0m150.196 ms - 7714[0m
[0mGET /produit/1695754196334ENST.jpg [36m304 [0m249.162 ms - -[0m
[0mGET /produit/1695754614263T1.jpg [36m304 [0m165.649 ms - -[0m
[0mGET /api/customer/getUserByEmailId?email=alice@gmail.com [36m304 [0m335.915 ms - -[0m
[0mGET /api/customer/getUserByEmailId?email=alice@gmail.com [36m304 [0m230.151 ms - -[0m
[0mGET /produit/1695754196334ENST.jpg [36m304 [0m10.735 ms - -[0m
[0mGET /produit/1695754614263T1.jpg [36m304 [0m11.554 ms - -[0m
[0mGET / [33m404 [0m734.069 ms - 7714[0m
[0mGET /api/customer/getUserByEmailId?email=alice@gmail.com [36m304 [0m328.969 ms - -[0m
[0mGET /api/customer/getUserByEmailId?email=alice@gmail.com [36m304 [0m107.057 ms - -[0m
[0mGET /api/product/getAllGroceryStaple [36m304 [0m66.060 ms - -[0m
[0mGET /produit/1695991466032ENS3.jpg [36m304 [0m50.506 ms - -[0m
[0mGET /produit/1695752820497e3.jpg [36m304 [0m38.964 ms - -[0m
[0mGET /produit/1695991260175tap1.jpg [36m304 [0m53.360 ms - -[0m
[0mGET /produit/1695990880479SACS.jpg [36m304 [0m49.872 ms - -[0m
[0mGET /produit/1695753661047tap3.jpg [36m304 [0m47.002 ms - -[0m
[0mGET /produit/1695751668068ARR32.jpg [36m304 [0m44.861 ms - -[0m
[0mGET /produit/1695747027807TS1.jpg [36m304 [0m7.090 ms - -[0m
[0mGET /produit/1695991260175tap1.jpg [36m304 [0m11.576 ms - -[0m
[0mGET /produit/1695747027807TS1.jpg [36m304 [0m10.735 ms - -[0m
[0mGET /produit/1695751668068ARR32.jpg [36m304 [0m8.802 ms - -[0m
[0mGET / [33m404 [0m55.317 ms - 7714[0m
[0mGET /api/customer/getUserByEmailId?email=alice@gmail.com [36m304 [0m82.468 ms - -[0m
[0mGET /api/customer/getUserByEmailId?email=alice@gmail.com [36m304 [0m64.933 ms - -[0m
[0mGET /produit/1695754196334ENST.jpg [32m200 [0m35.942 ms - 4600[0m
[0mGET /api/category/main/list [36m304 [0m54.023 ms - -[0m
[0mGET /api/product/getAllGroceryStaple [36m304 [0m68.160 ms - -[0m
[0mGET /produit/1695989511160e3.jpg [36m304 [0m46.057 ms - -[0m
[0mGET /produit/1695989601836C2.jpg [36m304 [0m43.792 ms - -[0m
[0mGET /produit/1695989675538cas.jpg [36m304 [0m40.440 ms - -[0m
[0mGET /produit/1695989763210acc1.jpg [36m304 [0m46.923 ms - -[0m
[0mGET /produit/1695991466032ENS3.jpg [36m304 [0m79.416 ms - -[0m
[0mGET /produit/1695991260175tap1.jpg [36m304 [0m68.438 ms - -[0m
[0mGET /produit/1695990880479SACS.jpg [36m304 [0m66.110 ms - -[0m
[0mGET /produit/1695754614263T1.jpg [36m304 [0m62.897 ms - -[0m
[0mGET /produit/1695754196334ENST.jpg [36m304 [0m62.310 ms - -[0m
[0mGET /produit/1695753661047tap3.jpg [36m304 [0m59.409 ms - -[0m
[0mGET /produit/1695752820497e3.jpg [36m304 [0m58.881 ms - -[0m
[0mGET /produit/1695751668068ARR32.jpg [36m304 [0m44.742 ms - -[0m
[0mGET /produit/1695747027807TS1.jpg [36m304 [0m40.691 ms - -[0m
[0mGET /api/product/list/VETEMENTS [32m200 [0m170.334 ms - 2130[0m
[0mGET /api/category/cn/list?name=VETEMENTS [32m200 [0m296.657 ms - 1597[0m
[0mGET /api/product/getWebProductById?id=1 [32m200 [0m33.153 ms - 685[0m
[0mGET /produit/1696020142327TS1.jpg [32m200 [0m66.557 ms - 4327[0m
[0mGET /produit/1695934506632TS2.jpg [32m200 [0m75.362 ms - 1406[0m
[0mGET /produit/1695934819282TS5.jpg [32m200 [0m61.979 ms - 4909[0m
[0mGET /produit/1695940802934TS3.jpg [32m200 [0m175.661 ms - 2846[0m
[0mGET /api/product/getAllGroceryStaple [36m304 [0m45.583 ms - -[0m
[0mGET /produit/1695991466032ENS3.jpg [36m304 [0m20.642 ms - -[0m
[0mGET /produit/1695991260175tap1.jpg [36m304 [0m45.603 ms - -[0m
[0mGET /produit/1695990880479SACS.jpg [36m304 [0m57.206 ms - -[0m
[0mGET /produit/1695754614263T1.jpg [36m304 [0m53.624 ms - -[0m
[0mGET /produit/1695754196334ENST.jpg [36m304 [0m51.046 ms - -[0m
[0mGET /produit/1695753661047tap3.jpg [36m304 [0m47.485 ms - -[0m
[0mGET /produit/1695752820497e3.jpg [36m304 [0m43.209 ms - -[0m
[0mGET /produit/1695751668068ARR32.jpg [36m304 [0m44.035 ms - -[0m
[0mGET /produit/1695747027807TS1.jpg [36m304 [0m24.163 ms - -[0m
[0mGET /produit/1695754614263T1.jpg [36m304 [0m6.047 ms - -[0m
[0mGET /produit/1695754196334ENST.jpg [36m304 [0m7.753 ms - -[0m
[0mGET / [33m404 [0m104.722 ms - 7714[0m
[0mGET /produit/1695747027807TS1.jpg [36m304 [0m102.518 ms - -[0m
[0mGET /produit/1695754614263T1.jpg [36m304 [0m99.325 ms - -[0m
[0mGET /produit/1695754196334ENST.jpg [36m304 [0m118.695 ms - -[0m
[0mGET /api/customer/getUserByEmailId?email=alice@gmail.com [36m304 [0m227.187 ms - -[0m
[0mGET /api/customer/getUserByEmailId?email=alice@gmail.com [36m304 [0m49.955 ms - -[0m
[0mGET / [33m404 [0m35.983 ms - 7714[0m
[0mGET /produit/1695747027807TS1.jpg [36m304 [0m142.406 ms - -[0m
[0mGET /produit/1695754614263T1.jpg [36m304 [0m106.269 ms - -[0m
[0mGET /produit/1695754196334ENST.jpg [36m304 [0m120.062 ms - -[0m
[0mGET /api/customer/getUserByEmailId?email=alice@gmail.com [36m304 [0m311.818 ms - -[0m
[0mGET / [33m404 [0m55.850 ms - 7714[0m
[0mGET /produit/1695747027807TS1.jpg [36m304 [0m32.444 ms - -[0m
[0mGET /produit/1695754614263T1.jpg [36m304 [0m22.713 ms - -[0m
[0mGET /api/customer/getUserByEmailId?email=alice@gmail.com [36m304 [0m175.097 ms - -[0m
[0mGET /produit/1695754196334ENST.jpg [36m304 [0m22.059 ms - -[0m
[0mGET /api/customer/getUserByEmailId?email=alice@gmail.com [36m304 [0m118.636 ms - -[0m
[0mGET /produit/1695747027807TS1.jpg [36m304 [0m10.876 ms - -[0m
[0mGET /produit/1695754614263T1.jpg [36m304 [0m15.144 ms - -[0m
[0mGET /produit/1695754196334ENST.jpg [36m304 [0m10.320 ms - -[0m
[0mGET /produit/1695747027807TS1.jpg [36m304 [0m7.555 ms - -[0m
[0mGET /produit/1695754614263T1.jpg [36m304 [0m14.087 ms - -[0m
[0mGET /produit/1695754196334ENST.jpg [36m304 [0m10.158 ms - -[0m
[0mGET /produit/1695747027807TS1.jpg [36m304 [0m12.310 ms - -[0m
[0mGET /produit/1695754614263T1.jpg [36m304 [0m10.280 ms - -[0m
[0mGET / [33m404 [0m100.054 ms - 7714[0m
[0mGET /api/customer/getUserByEmailId?email=alice@gmail.com [36m304 [0m110.331 ms - -[0m
[0mGET /api/customer/getUserByEmailId?email=alice@gmail.com [36m304 [0m122.548 ms - -[0m
[0mGET /produit/1695754196334ENST.jpg [36m304 [0m18.804 ms - -[0m
[0mGET / [33m404 [0m5317.615 ms - 7714[0m
[0mGET /api/customer/getUserByEmailId?email=alice@gmail.com [31m500 [0m27632.527 ms - 3961[0m
[0mGET /api/customer/getUserByEmailId?email=alice@gmail.com [36m304 [0m46048.922 ms - -[0m
[0mGET / [33m404 [0m98.850 ms - 7714[0m
[0mGET /api/customer/getUserByEmailId?email=alice@gmail.com [36m304 [0m1070.065 ms - -[0m
[0mGET /api/customer/getUserByEmailId?email=alice@gmail.com [36m304 [0m31.000 ms - -[0m
[0mGET /api/category/main/list [36m304 [0m192.107 ms - -[0m
[0mGET /api/product/getAllGroceryStaple [36m304 [0m1609.212 ms - -[0m
[0mGET /produit/1695989601836C2.jpg [36m304 [0m189.394 ms - -[0m
[0mGET /produit/1695989763210acc1.jpg [36m304 [0m163.748 ms - -[0m
[0mGET /produit/1695989511160e3.jpg [36m304 [0m208.026 ms - -[0m
[0mGET /produit/1695989675538cas.jpg [36m304 [0m201.010 ms - -[0m
[0mGET /produit/1695991260175tap1.jpg [36m304 [0m1297.901 ms - -[0m
[0mGET /produit/1695990880479SACS.jpg [36m304 [0m853.677 ms - -[0m
[0mGET /produit/1695753661047tap3.jpg [36m304 [0m845.183 ms - -[0m
[0mGET /produit/1695991466032ENS3.jpg [36m304 [0m850.755 ms - -[0m
[0mGET /produit/1695752820497e3.jpg [36m304 [0m841.150 ms - -[0m
[0mGET /produit/1695754614263T1.jpg [36m304 [0m853.313 ms - -[0m
[0mGET /produit/1695754196334ENST.jpg [36m304 [0m335.156 ms - -[0m
[0mGET /produit/1695747027807TS1.jpg [36m304 [0m130.194 ms - -[0m
[0mGET /produit/1695751668068ARR32.jpg [36m304 [0m390.312 ms - -[0m
[0mGET /api/product/list/VETEMENTS [36m304 [0m246.122 ms - -[0m
[0mGET /api/category/cn/list?name=VETEMENTS [36m304 [0m727.338 ms - -[0m
[0mGET /api/category/cn/list?name=VETEMENTS [36m304 [0m1490.946 ms - -[0m
[0mGET /api/product/list/VETEMENTS [36m304 [0m405.093 ms - -[0m
[0mGET /api/customer/getUserByEmailId?email=alice@gmail.com [36m304 [0m406.038 ms - -[0m
[0mGET /produit/1695747027807TS1.jpg [36m304 [0m121.179 ms - -[0m
[0mGET /produit/1695754196334ENST.jpg [36m304 [0m49.693 ms - -[0m
[0mGET /produit/1695752820497e3.jpg [36m304 [0m38.029 ms - -[0m
[0mGET /produit/1695754614263T1.jpg [36m304 [0m35.076 ms - -[0m
[0mGET /produit/1695991466032ENS3.jpg [36m304 [0m22.179 ms - -[0m
[0mGET /api/category/cn/list?name=VETEMENTS [36m304 [0m598.803 ms - -[0m
[0mGET /api/product/list/VETEMENTS [36m304 [0m501.280 ms - -[0m
[0mGET /api/customer/getUserByEmailId?email=alice@gmail.com [36m304 [0m729.360 ms - -[0m
[0mGET /produit/1695747027807TS1.jpg [36m304 [0m34.871 ms - -[0m
[0mGET /produit/1695754196334ENST.jpg [36m304 [0m33.551 ms - -[0m
[0mGET /produit/1695752820497e3.jpg [36m304 [0m33.667 ms - -[0m
[0mGET /produit/1695754614263T1.jpg [36m304 [0m33.925 ms - -[0m
[0mGET /produit/1695991466032ENS3.jpg [36m304 [0m36.476 ms - -[0m
[0mGET /api/category/cn/list?name=VETEMENTS [36m304 [0m261.446 ms - -[0m
[0mGET /api/product/list/VETEMENTS [36m304 [0m555.640 ms - -[0m
[0mGET /api/customer/getUserByEmailId?email=alice@gmail.com [36m304 [0m501.533 ms - -[0m
[0mGET /produit/1695747027807TS1.jpg [36m304 [0m19.145 ms - -[0m
[0mGET /produit/1695754196334ENST.jpg [36m304 [0m84.131 ms - -[0m
[0mGET /produit/1695752820497e3.jpg [36m304 [0m86.224 ms - -[0m
[0mGET /produit/1695754614263T1.jpg [36m304 [0m47.932 ms - -[0m
[0mGET /produit/1695991466032ENS3.jpg [36m304 [0m58.325 ms - -[0m
[0mGET /api/category/cn/list?name=VETEMENTS [36m304 [0m2553.906 ms - -[0m
[0mGET /api/product/list/VETEMENTS [36m304 [0m1344.126 ms - -[0m
[0mGET /api/category/cn/list?name=VETEMENTS [36m304 [0m410.244 ms - -[0m
[0mGET /api/product/list/VETEMENTS [36m304 [0m318.775 ms - -[0m
[0mGET /api/category/cn/list?name=VETEMENTS [36m304 [0m4743.234 ms - -[0m
[0mGET /api/product/list/VETEMENTS [36m304 [0m5196.695 ms - -[0m
[0mGET /api/customer/getUserByEmailId?email=alice@gmail.com [36m304 [0m3066.255 ms - -[0m
[0mGET /api/category/cn/list?name=VETEMENTS [36m304 [0m1031.211 ms - -[0m
[0mGET /api/product/list/VETEMENTS [36m304 [0m314.656 ms - -[0m
[0mGET /produit/1695747027807TS1.jpg [36m304 [0m1258.536 ms - -[0m
[0mGET /produit/1695754196334ENST.jpg [36m304 [0m727.618 ms - -[0m
[0mGET /produit/1695752820497e3.jpg [36m304 [0m597.081 ms - -[0m
[0mGET /produit/1695754614263T1.jpg [36m304 [0m600.130 ms - -[0m
[0mGET /produit/1695991466032ENS3.jpg [36m304 [0m546.679 ms - -[0m
[0mGET /api/category/cn/list?name=VETEMENTS [36m304 [0m683.247 ms - -[0m
[0mGET /api/customer/getUserByEmailId?email=alice@gmail.com [36m304 [0m579.995 ms - -[0m
[0mGET /api/product/list/VETEMENTS [36m304 [0m662.697 ms - -[0m
[0mGET /produit/1695747027807TS1.jpg [36m304 [0m704.110 ms - -[0m
[0mGET /produit/1695754196334ENST.jpg [36m304 [0m188.803 ms - -[0m
[0mGET /produit/1695752820497e3.jpg [36m304 [0m183.918 ms - -[0m
[0mGET /produit/1695754614263T1.jpg [36m304 [0m172.949 ms - -[0m
[0mGET /produit/1695991466032ENS3.jpg [36m304 [0m185.951 ms - -[0m
[0mGET /undefined [33m404 [0m596.250 ms - 7714[0m
[0mGET /undefined [33m404 [0m255.167 ms - 7714[0m
[0mGET /undefined [33m404 [0m174.583 ms - 7714[0m
[0mGET /api/product/getWebProductById?id=5 [36m304 [0m620.084 ms - -[0m
[0mGET /produit/1696020094574ENST.jpg [36m304 [0m327.054 ms - -[0m
[0mGET /produit/1695941364451ENSY.jpg [36m304 [0m214.191 ms - -[0m
[0mGET /produit/1695991670018ENS4.jpg [36m304 [0m219.965 ms - -[0m
[0mGET /api/category/main/list [36m304 [0m110.829 ms - -[0m
[0mGET /api/product/getAllGroceryStaple [36m304 [0m160.993 ms - -[0m
[0mGET /produit/1695989511160e3.jpg [36m304 [0m264.490 ms - -[0m
[0mGET /produit/1695989601836C2.jpg [36m304 [0m224.061 ms - -[0m
[0mGET /produit/1695989675538cas.jpg [36m304 [0m217.888 ms - -[0m
[0mGET /produit/1695753661047tap3.jpg [36m304 [0m89.110 ms - -[0m
[0mGET /produit/1695990880479SACS.jpg [36m304 [0m106.160 ms - -[0m
[0mGET /produit/1695991260175tap1.jpg [36m304 [0m100.221 ms - -[0m
[0mGET /produit/1695989763210acc1.jpg [36m304 [0m79.150 ms - -[0m
[0mGET /produit/1695751668068ARR32.jpg [36m304 [0m6.130 ms - -[0m
[0mGET /api/category/cn/list?name=VETEMENTS [36m304 [0m363.799 ms - -[0m
[0mGET /api/product/list/VETEMENTS [36m304 [0m266.990 ms - -[0m
[0mGET /undefined [33m404 [0m25.667 ms - 7714[0m
[0mGET /api/product/list/VETEMENTS [36m304 [0m286.144 ms - -[0m
[0mGET /api/category/cn/list?name=VETEMENTS [36m304 [0m132.940 ms - -[0m
[0mGET /api/product/list/VETEMENTS [36m304 [0m149.501 ms - -[0m
[0mGET /api/customer/getUserByEmailId?email=alice@gmail.com [36m304 [0m109.011 ms - -[0m
[0mGET /api/category/cn/list?name=VETEMENTS [36m304 [0m237.369 ms - -[0m
[0mGET /api/product/list/VETEMENTS [36m304 [0m260.102 ms - -[0m
[0mGET /api/customer/getUserByEmailId?email=alice@gmail.com [36m304 [0m276.364 ms - -[0m
[0mGET /api/category/cn/list?name=VETEMENTS [36m304 [0m126.318 ms - -[0m
[0mGET /api/product/list/VETEMENTS [36m304 [0m125.706 ms - -[0m
[0mGET /api/customer/getUserByEmailId?email=alice@gmail.com [36m304 [0m56.216 ms - -[0m
[0mGET /produit/1695747027807TS1.jpg [36m304 [0m118.994 ms - -[0m
[0mGET /produit/1695754196334ENST.jpg [36m304 [0m99.960 ms - -[0m
[0mGET /produit/1695752820497e3.jpg [36m304 [0m97.421 ms - -[0m
[0mGET /produit/1695754614263T1.jpg [36m304 [0m93.511 ms - -[0m
[0mGET /produit/1695991466032ENS3.jpg [36m304 [0m39.861 ms - -[0m
[0mGET /api/product/list/VETEMENTS [36m304 [0m151.278 ms - -[0m
[0mGET /api/category/cn/list?name=VETEMENTS [36m304 [0m156.475 ms - -[0m
[0mGET /api/product/list/VETEMENTS [36m304 [0m406.280 ms - -[0m
[0mGET /api/customer/getUserByEmailId?email=alice@gmail.com [36m304 [0m442.289 ms - -[0m
[0mGET /api/category/cn/list?name=VETEMENTS [36m304 [0m210.088 ms - -[0m
[0mGET /api/product/list/VETEMENTS [36m304 [0m211.230 ms - -[0m
[0mGET /api/customer/getUserByEmailId?email=alice@gmail.com [36m304 [0m173.674 ms - -[0m
[0mGET /api/category/cn/list?name=VETEMENTS [36m304 [0m250.040 ms - -[0m
[0mGET /api/product/list/VETEMENTS [36m304 [0m193.459 ms - -[0m
[0mGET /api/customer/getUserByEmailId?email=alice@gmail.com [36m304 [0m144.504 ms - -[0m
[0mGET /produit/1695747027807TS1.jpg [36m304 [0m154.052 ms - -[0m
[0mGET /produit/1695754196334ENST.jpg [36m304 [0m75.192 ms - -[0m
[0mGET /produit/1695752820497e3.jpg [36m304 [0m73.219 ms - -[0m
[0mGET /produit/1695754614263T1.jpg [36m304 [0m70.141 ms - -[0m
[0mGET /produit/1695991466032ENS3.jpg [36m304 [0m71.286 ms - -[0m
[0mGET /api/category/cn/list?name=VETEMENTS [36m304 [0m186.511 ms - -[0m
[0mGET /api/product/list/VETEMENTS [36m304 [0m195.852 ms - -[0m
[0mGET /api/customer/getUserByEmailId?email=alice@gmail.com [36m304 [0m244.420 ms - -[0m
[0mGET /api/category/cn/list?name=VETEMENTS [36m304 [0m42.826 ms - -[0m
[0mGET /api/product/list/VETEMENTS [36m304 [0m75.038 ms - -[0m
[0mGET /api/customer/getUserByEmailId?email=alice@gmail.com [36m304 [0m25.835 ms - -[0m
[0mGET /api/category/cn/list?name=VETEMENTS [36m304 [0m137.951 ms - -[0m
[0mGET /api/product/list/VETEMENTS [36m304 [0m141.425 ms - -[0m
[0mGET /api/customer/getUserByEmailId?email=alice@gmail.com [36m304 [0m140.225 ms - -[0m
[0mGET /api/category/cn/list?name=VETEMENTS [36m304 [0m3306.753 ms - -[0m
[0mGET /api/product/list/VETEMENTS [36m304 [0m3347.809 ms - -[0m
[0mGET /api/customer/getUserByEmailId?email=alice@gmail.com [36m304 [0m2363.498 ms - -[0m
[0mGET /api/category/cn/list?name=VETEMENTS [36m304 [0m49.343 ms - -[0m
[0mGET /api/product/list/VETEMENTS [36m304 [0m38.296 ms - -[0m
[0mGET /api/customer/getUserByEmailId?email=alice@gmail.com [36m304 [0m26.802 ms - -[0m
[0mGET /api/category/cn/list?name=VETEMENTS [36m304 [0m186.670 ms - -[0m
[0mGET /api/product/list/VETEMENTS [36m304 [0m207.394 ms - -[0m
[0mGET /api/customer/getUserByEmailId?email=alice@gmail.com [36m304 [0m312.326 ms - -[0m
[0mGET /api/category/cn/list?name=VETEMENTS [36m304 [0m88.021 ms - -[0m
[0mGET /api/product/list/VETEMENTS [36m304 [0m54.682 ms - -[0m
[0mGET /api/customer/getUserByEmailId?email=alice@gmail.com [36m304 [0m120.279 ms - -[0m
[0mGET /produit/1695747027807TS1.jpg [36m304 [0m10.318 ms - -[0m
[0mGET /produit/1695754196334ENST.jpg [36m304 [0m7.786 ms - -[0m
[0mGET /produit/1695752820497e3.jpg [36m304 [0m9.359 ms - -[0m
[0mGET /produit/1695754614263T1.jpg [36m304 [0m7.238 ms - -[0m
[0mGET /produit/1695991466032ENS3.jpg [36m304 [0m7.405 ms - -[0m
[0mGET /api/category/cn/list?name=VETEMENTS [36m304 [0m788.107 ms - -[0m
[0mGET /api/product/list/VETEMENTS [36m304 [0m394.394 ms - -[0m
[0mGET /api/customer/getUserByEmailId?email=alice@gmail.com [36m304 [0m413.878 ms - -[0m
[0mGET /api/category/cn/list?name=VETEMENTS [36m304 [0m63.019 ms - -[0m
[0mGET /api/product/list/VETEMENTS [36m304 [0m80.915 ms - -[0m
[0mGET /api/customer/getUserByEmailId?email=alice@gmail.com [36m304 [0m87.950 ms - -[0m
[0mGET /api/category/cn/list?name=VETEMENTS [36m304 [0m63.222 ms - -[0m
[0mGET /api/product/list/VETEMENTS [36m304 [0m108.172 ms - -[0m
[0mGET /api/customer/getUserByEmailId?email=alice@gmail.com [36m304 [0m98.697 ms - -[0m
[0mGET /api/category/cn/list?name=VETEMENTS [36m304 [0m55.728 ms - -[0m
[0mGET /api/product/list/VETEMENTS [36m304 [0m62.507 ms - -[0m
[0mGET /api/customer/getUserByEmailId?email=alice@gmail.com [36m304 [0m52.761 ms - -[0m
[0mGET /api/category/cn/list?name=VETEMENTS [36m304 [0m478.536 ms - -[0m
[0mGET /api/product/list/VETEMENTS [36m304 [0m350.097 ms - -[0m
[0mGET /api/customer/getUserByEmailId?email=alice@gmail.com [36m304 [0m462.181 ms - -[0m
[0mGET /api/category/cn/list?name=VETEMENTS [36m304 [0m97.185 ms - -[0m
[0mGET /api/product/list/VETEMENTS [36m304 [0m85.683 ms - -[0m
[0mGET /api/customer/getUserByEmailId?email=alice@gmail.com [36m304 [0m73.836 ms - -[0m
[0mGET /api/category/cn/list?name=VETEMENTS [36m304 [0m83.194 ms - -[0m
[0mGET /api/product/list/VETEMENTS [36m304 [0m36.052 ms - -[0m
[0mGET /api/customer/getUserByEmailId?email=alice@gmail.com [36m304 [0m58.133 ms - -[0m
[0mGET /api/category/cn/list?name=VETEMENTS [36m304 [0m91.525 ms - -[0m
[0mGET /api/product/list/VETEMENTS [36m304 [0m107.660 ms - -[0m
[0mGET /api/customer/getUserByEmailId?email=alice@gmail.com [36m304 [0m91.046 ms - -[0m
[0mGET /api/category/cn/list?name=VETEMENTS [36m304 [0m49.405 ms - -[0m
[0mGET /api/product/list/VETEMENTS [36m304 [0m47.643 ms - -[0m
[0mGET /api/customer/getUserByEmailId?email=alice@gmail.com [36m304 [0m51.091 ms - -[0m
[0mGET /api/category/cn/list?name=VETEMENTS [36m304 [0m132.437 ms - -[0m
[0mGET /api/product/list/VETEMENTS [36m304 [0m139.906 ms - -[0m
[0mGET /api/customer/getUserByEmailId?email=alice@gmail.com [36m304 [0m53.307 ms - -[0m
[0mGET /produit/1695747027807TS1.jpg [36m304 [0m329.688 ms - -[0m
[0mGET /produit/1695754196334ENST.jpg [36m304 [0m91.644 ms - -[0m
[0mGET /produit/1695752820497e3.jpg [36m304 [0m83.356 ms - -[0m
[0mGET /produit/1695754614263T1.jpg [36m304 [0m81.714 ms - -[0m
[0mGET /produit/1695991466032ENS3.jpg [36m304 [0m75.599 ms - -[0m
[0mGET /api/category/cn/list?name=VETEMENTS [36m304 [0m238.043 ms - -[0m
[0mGET /api/product/list/VETEMENTS [36m304 [0m144.724 ms - -[0m
[0mGET /api/customer/getUserByEmailId?email=alice@gmail.com [36m304 [0m112.569 ms - -[0m
[0mGET /api/category/cn/list?name=VETEMENTS [36m304 [0m69.733 ms - -[0m
[0mGET /api/product/list/VETEMENTS [36m304 [0m78.078 ms - -[0m
[0mGET /api/customer/getUserByEmailId?email=alice@gmail.com [36m304 [0m74.319 ms - -[0m
[0mGET /produit/1695747027807TS1.jpg [36m304 [0m15.375 ms - -[0m
[0mGET /produit/1695754196334ENST.jpg [36m304 [0m9.813 ms - -[0m
[0mGET /produit/1695752820497e3.jpg [36m304 [0m5.976 ms - -[0m
[0mGET /produit/1695754614263T1.jpg [36m304 [0m6.753 ms - -[0m
[0mGET /produit/1695991466032ENS3.jpg [36m304 [0m7.718 ms - -[0m
[0mGET /api/category/cn/list?name=VETEMENTS [36m304 [0m166.194 ms - -[0m
[0mGET /api/product/list/VETEMENTS [36m304 [0m230.069 ms - -[0m
[0mGET /api/customer/getUserByEmailId?email=alice@gmail.com [36m304 [0m253.260 ms - -[0m
[0mGET /api/category/cn/list?name=VETEMENTS [36m304 [0m289.574 ms - -[0m
[0mGET /api/customer/getUserByEmailId?email=alice@gmail.com [36m304 [0m286.235 ms - -[0m
[0mGET /api/product/list/VETEMENTS [36m304 [0m302.315 ms - -[0m
[0mGET /api/category/cn/list?name=VETEMENTS [36m304 [0m127.895 ms - -[0m
[0mGET /api/product/list/VETEMENTS [36m304 [0m119.470 ms - -[0m
[0mGET /api/customer/getUserByEmailId?email=alice@gmail.com [36m304 [0m65.605 ms - -[0m
[0mGET /produit/1695747027807TS1.jpg [36m304 [0m6.736 ms - -[0m
[0mGET /produit/1695754196334ENST.jpg [36m304 [0m14.358 ms - -[0m
[0mGET /produit/1695752820497e3.jpg [36m304 [0m5.929 ms - -[0m
[0mGET /produit/1695754614263T1.jpg [36m304 [0m8.141 ms - -[0m
[0mGET /produit/1695991466032ENS3.jpg [36m304 [0m5.742 ms - -[0m
[0mGET /api/category/cn/list?name=VETEMENTS [36m304 [0m56.458 ms - -[0m
[0mGET /api/product/list/VETEMENTS [36m304 [0m140.243 ms - -[0m
[0mGET /api/customer/getUserByEmailId?email=alice@gmail.com [36m304 [0m35.629 ms - -[0m
[0mGET /produit/1695747027807TS1.jpg [36m304 [0m12.033 ms - -[0m
[0mGET /produit/1695754196334ENST.jpg [36m304 [0m12.924 ms - -[0m
[0mGET /produit/1695752820497e3.jpg [36m304 [0m8.151 ms - -[0m
[0mGET /produit/1695754614263T1.jpg [36m304 [0m28.684 ms - -[0m
[0mGET /produit/1695991466032ENS3.jpg [36m304 [0m25.087 ms - -[0m
[0mGET /api/category/cn/list?name=VETEMENTS [36m304 [0m37.301 ms - -[0m
[0mGET /api/product/list/VETEMENTS [36m304 [0m80.447 ms - -[0m
[0mGET /api/customer/getUserByEmailId?email=alice@gmail.com [36m304 [0m34.425 ms - -[0m
[0mGET /produit/1695747027807TS1.jpg [36m304 [0m57.818 ms - -[0m
[0mGET /produit/1695754196334ENST.jpg [36m304 [0m125.220 ms - -[0m
[0mGET /produit/1695752820497e3.jpg [36m304 [0m138.037 ms - -[0m
[0mGET /produit/1695754614263T1.jpg [36m304 [0m146.676 ms - -[0m
[0mGET /produit/1695991466032ENS3.jpg [36m304 [0m145.909 ms - -[0m
[0mGET / [33m404 [0m311.441 ms - 7714[0m
[0mGET /api/customer/getUserByEmailId?email=alice@gmail.com [36m304 [0m246.582 ms - -[0m
[0mGET /api/customer/getUserByEmailId?email=alice@gmail.com [36m304 [0m28.494 ms - -[0m
[0mGET / [33m404 [0m115.397 ms - 7714[0m
[0mGET /api/customer/getUserByEmailId?email=alice@gmail.com [36m304 [0m79.971 ms - -[0m
[0mGET / [33m404 [0m161.319 ms - 7714[0m
[0mGET /api/customer/getUserByEmailId?email=alice@gmail.com [36m304 [0m265.925 ms - -[0m
[0mGET / [33m404 [0m99.513 ms - 7714[0m
[0mGET /api/customer/getUserByEmailId?email=alice@gmail.com [36m304 [0m94.816 ms - -[0m
[0mGET / [33m404 [0m135.833 ms - 7714[0m
[0mGET /api/customer/getUserByEmailId?email=alice@gmail.com [36m304 [0m209.865 ms - -[0m
[0mGET / [33m404 [0m222.600 ms - 7714[0m
[0mGET /api/customer/getUserByEmailId?email=alice@gmail.com [36m304 [0m105.078 ms - -[0m
[0mGET /api/customer/getUserByEmailId?email=alice@gmail.com [36m304 [0m56.795 ms - -[0m
[0mGET / [33m404 [0m108.436 ms - 7714[0m
[0mGET /api/customer/getUserByEmailId?email=alice@gmail.com [36m304 [0m179.961 ms - -[0m
[0mGET /api/customer/getUserByEmailId?email=alice@gmail.com [36m304 [0m171.072 ms - -[0m
[0mGET /api/product/getAllGroceryStaple [36m304 [0m947.272 ms - -[0m
[0mGET /api/category/main/list [36m304 [0m203.633 ms - -[0m
[0mGET /produit/1695989511160e3.jpg [36m304 [0m114.097 ms - -[0m
[0mGET /produit/1695989601836C2.jpg [36m304 [0m15.226 ms - -[0m
[0mGET /produit/1695989675538cas.jpg [36m304 [0m12.098 ms - -[0m
[0mGET /produit/1695989763210acc1.jpg [36m304 [0m11.701 ms - -[0m
[0mGET /produit/1695991466032ENS3.jpg [36m304 [0m6.396 ms - -[0m
[0mGET /produit/1695991260175tap1.jpg [36m304 [0m61.051 ms - -[0m
[0mGET /produit/1695990880479SACS.jpg [36m304 [0m39.948 ms - -[0m
[0mGET /produit/1695754614263T1.jpg [36m304 [0m158.764 ms - -[0m
[0mGET /produit/1695754196334ENST.jpg [36m304 [0m166.468 ms - -[0m
[0mGET /produit/1695752820497e3.jpg [36m304 [0m102.227 ms - -[0m
[0mGET /produit/1695753661047tap3.jpg [36m304 [0m101.252 ms - -[0m
[0mGET /produit/1695751668068ARR32.jpg [36m304 [0m100.305 ms - -[0m
[0mGET /produit/1695747027807TS1.jpg [36m304 [0m69.014 ms - -[0m
[0mGET /api/category/cn/list?name=VETEMENTS [36m304 [0m457.861 ms - -[0m
[0mGET /api/product/list/VETEMENTS [36m304 [0m394.921 ms - -[0m
[0mGET / [33m404 [0m147.899 ms - 7714[0m
[0mGET /api/customer/getUserByEmailId?email=alice@gmail.com [36m304 [0m496.618 ms - -[0m
[0mGET /api/customer/getUserByEmailId?email=alice@gmail.com [36m304 [0m32.258 ms - -[0m
[0mGET / [33m404 [0m47.096 ms - 7714[0m
[0mGET /api/customer/getUserByEmailId?email=alice@gmail.com [36m304 [0m2388.395 ms - -[0m
[0mGET /api/customer/getUserByEmailId?email=alice@gmail.com [0m- [0m- ms - -[0m
[0mGET / [33m404 [0m26.398 ms - 7714[0m
[0mGET /api/customer/getUserByEmailId?email=alice@gmail.com [32m200 [0m77.134 ms - 1445[0m
[0mGET /api/customer/getUserByEmailId?email=alice@gmail.com [36m304 [0m44.616 ms - -[0m
[0mGET /api/category/main/list [36m304 [0m66.234 ms - -[0m
[0mGET /api/product/getAllGroceryStaple [36m304 [0m76.921 ms - -[0m
[0mGET /produit/1695989675538cas.jpg [36m304 [0m26.486 ms - -[0m
[0mGET /produit/1695989511160e3.jpg [36m304 [0m24.000 ms - -[0m
[0mGET /produit/1695989763210acc1.jpg [36m304 [0m26.010 ms - -[0m
[0mGET /produit/1695989601836C2.jpg [36m304 [0m23.583 ms - -[0m
[0mGET /produit/1695991260175tap1.jpg [36m304 [0m17.496 ms - -[0m
[0mGET /produit/1695991466032ENS3.jpg [36m304 [0m26.560 ms - -[0m
[0mGET /produit/1695754614263T1.jpg [36m304 [0m26.380 ms - -[0m
[0mGET /produit/1695752820497e3.jpg [36m304 [0m21.937 ms - -[0m
[0mGET /produit/1695990880479SACS.jpg [36m304 [0m11.270 ms - -[0m
[0mGET /produit/1695754196334ENST.jpg [36m304 [0m9.769 ms - -[0m
[0mGET /produit/1695753661047tap3.jpg [36m304 [0m6.538 ms - -[0m
[0mGET /api/category/cn/list?name=VETEMENTS [36m304 [0m151.571 ms - -[0m
[0mGET /api/product/list/VETEMENTS [36m304 [0m89.025 ms - -[0m
[0mGET /produit/1695747027807TS1.jpg [36m304 [0m6.999 ms - -[0m
[0mGET /produit/1695751668068ARR32.jpg [36m304 [0m8.176 ms - -[0m
[0mGET / [33m404 [0m131.795 ms - 7714[0m
[0mGET /api/customer/getUserByEmailId?email=alice@gmail.com [36m304 [0m183.277 ms - -[0m
[0mGET /api/customer/getUserByEmailId?email=alice@gmail.com [36m304 [0m33.439 ms - -[0m
[0mGET /api/customer/getUserByEmailId?email=alice@gmail.com [36m304 [0m48.162 ms - -[0m
[0mGET /api/category/main/list [36m304 [0m36.865 ms - -[0m
[0mGET /api/product/getAllGroceryStaple [36m304 [0m53.254 ms - -[0m
[0mGET /produit/1695989511160e3.jpg [36m304 [0m23.076 ms - -[0m
[0mGET /produit/1695989601836C2.jpg [36m304 [0m28.882 ms - -[0m
[0mGET /produit/1695989675538cas.jpg [36m304 [0m31.237 ms - -[0m
[0mGET /produit/1695989763210acc1.jpg [36m304 [0m28.141 ms - -[0m
[0mGET /produit/1695991466032ENS3.jpg [36m304 [0m9.062 ms - -[0m
[0mGET /produit/1695991260175tap1.jpg [36m304 [0m7.835 ms - -[0m
[0mGET /produit/1695990880479SACS.jpg [36m304 [0m24.081 ms - -[0m
[0mGET /produit/1695754614263T1.jpg [36m304 [0m20.607 ms - -[0m
[0mGET /produit/1695754196334ENST.jpg [36m304 [0m19.215 ms - -[0m
[0mGET /produit/1695753661047tap3.jpg [36m304 [0m18.200 ms - -[0m
[0mGET /produit/1695751668068ARR32.jpg [36m304 [0m11.987 ms - -[0m
[0mGET /produit/1695752820497e3.jpg [36m304 [0m8.394 ms - -[0m
[0mGET /produit/1695747027807TS1.jpg [36m304 [0m6.261 ms - -[0m
[0mGET /api/category/cn/list?name=VETEMENTS [36m304 [0m118.854 ms - -[0m
[0mGET /api/product/list/VETEMENTS [36m304 [0m41.075 ms - -[0m
[0mGET / [33m404 [0m24.559 ms - 7714[0m
[0mGET /api/customer/getUserByEmailId?email=alice@gmail.com [36m304 [0m64.039 ms - -[0m
[0mGET /api/customer/getUserByEmailId?email=alice@gmail.com [36m304 [0m34.484 ms - -[0m
[0mGET /api/customer/getUserByEmailId?email=alice@gmail.com [36m304 [0m17.545 ms - -[0m
[0mGET /api/customer/getUserByEmailId?email=alice@gmail.com [36m304 [0m27.311 ms - -[0m
[0mGET /api/category/main/list [36m304 [0m33.552 ms - -[0m
[0mGET /api/product/getAllGroceryStaple [36m304 [0m47.099 ms - -[0m
[0mGET /produit/1695989511160e3.jpg [36m304 [0m13.623 ms - -[0m
[0mGET /produit/1695989601836C2.jpg [36m304 [0m9.522 ms - -[0m
[0mGET /produit/1695989675538cas.jpg [36m304 [0m11.462 ms - -[0m
[0mGET /produit/1695989763210acc1.jpg [36m304 [0m10.950 ms - -[0m
[0mGET /produit/1695991466032ENS3.jpg [36m304 [0m18.357 ms - -[0m
[0mGET /produit/1695991260175tap1.jpg [36m304 [0m13.205 ms - -[0m
[0mGET /produit/1695990880479SACS.jpg [36m304 [0m11.840 ms - -[0m
[0mGET /produit/1695754614263T1.jpg [36m304 [0m21.224 ms - -[0m
[0mGET /produit/1695753661047tap3.jpg [36m304 [0m16.335 ms - -[0m
[0mGET /produit/1695754196334ENST.jpg [36m304 [0m12.942 ms - -[0m
[0mGET /produit/1695752820497e3.jpg [36m304 [0m20.984 ms - -[0m
[0mGET /produit/1695751668068ARR32.jpg [36m304 [0m13.942 ms - -[0m
[0mGET /produit/1695747027807TS1.jpg [36m304 [0m12.518 ms - -[0m
[0mGET /api/category/cn/list?name=VETEMENTS [36m304 [0m114.467 ms - -[0m
[0mGET /api/product/list/VETEMENTS [36m304 [0m44.123 ms - -[0m
[0mGET /api/category/cn/list?name=VETEMENTS [36m304 [0m65.471 ms - -[0m
[0mGET /api/product/list/VETEMENTS [36m304 [0m80.050 ms - -[0m
[0mGET /api/customer/getUserByEmailId?email=alice@gmail.com [36m304 [0m35.785 ms - -[0m
[0mGET /produit/1695747027807TS1.jpg [36m304 [0m17.505 ms - -[0m
[0mGET /produit/1695754196334ENST.jpg [36m304 [0m13.577 ms - -[0m
[0mGET /produit/1695752820497e3.jpg [36m304 [0m17.970 ms - -[0m
[0mGET /produit/1695754614263T1.jpg [36m304 [0m8.098 ms - -[0m
[0mGET /produit/1695991466032ENS3.jpg [36m304 [0m7.723 ms - -[0m
[0mGET /api/category/main/list [36m304 [0m37.380 ms - -[0m
[0mGET /api/product/getAllGroceryStaple [36m304 [0m59.928 ms - -[0m
[0mGET /produit/1695989511160e3.jpg [36m304 [0m22.979 ms - -[0m
[0mGET /produit/1695989601836C2.jpg [36m304 [0m29.164 ms - -[0m
[0mGET /produit/1695989675538cas.jpg [36m304 [0m26.418 ms - -[0m
[0mGET /produit/1695989763210acc1.jpg [36m304 [0m23.325 ms - -[0m
[0mGET /produit/1695991260175tap1.jpg [36m304 [0m23.919 ms - -[0m
[0mGET /produit/1695990880479SACS.jpg [36m304 [0m20.262 ms - -[0m
[0mGET /produit/1695753661047tap3.jpg [36m304 [0m17.632 ms - -[0m
[0mGET /produit/1695751668068ARR32.jpg [36m304 [0m17.886 ms - -[0m
[0mGET /api/category/main/list [36m304 [0m104.100 ms - -[0m
[0mGET /api/product/getAllGroceryStaple [36m304 [0m37.764 ms - -[0m
[0mGET /api/category/main/list [36m304 [0m34.246 ms - -[0m
[0mGET /api/product/getAllGroceryStaple [36m304 [0m351.020 ms - -[0m
[0mGET / [33m404 [0m31.118 ms - 7714[0m
[0mGET /api/customer/getUserByEmailId?email=alice@gmail.com [36m304 [0m55.715 ms - -[0m
[0mGET /api/customer/getUserByEmailId?email=alice@gmail.com [36m304 [0m127.598 ms - -[0m
[0mGET /api/category/main/list [36m304 [0m23.099 ms - -[0m
[0mGET /api/product/getAllGroceryStaple [36m304 [0m36.896 ms - -[0m
[0mGET /produit/1695989511160e3.jpg [36m304 [0m7.832 ms - -[0m
[0mGET /produit/1695989601836C2.jpg [36m304 [0m12.243 ms - -[0m
[0mGET /produit/1695989675538cas.jpg [36m304 [0m9.450 ms - -[0m
[0mGET /produit/1695989763210acc1.jpg [36m304 [0m6.230 ms - -[0m
[0mGET /produit/1695991466032ENS3.jpg [36m304 [0m6.334 ms - -[0m
[0mGET /produit/1695991260175tap1.jpg [36m304 [0m33.378 ms - -[0m
[0mGET /produit/1695990880479SACS.jpg [36m304 [0m35.242 ms - -[0m
[0mGET /produit/1695754614263T1.jpg [36m304 [0m31.979 ms - -[0m
[0mGET /produit/1695754196334ENST.jpg [36m304 [0m25.908 ms - -[0m
[0mGET /produit/1695753661047tap3.jpg [36m304 [0m24.382 ms - -[0m
[0mGET /produit/1695752820497e3.jpg [36m304 [0m18.027 ms - -[0m
[0mGET /produit/1695751668068ARR32.jpg [36m304 [0m14.169 ms - -[0m
[0mGET /produit/1695747027807TS1.jpg [36m304 [0m13.194 ms - -[0m
[0mGET /api/category/main/list [36m304 [0m48.645 ms - -[0m
[0mGET /api/product/getAllGroceryStaple [36m304 [0m54.822 ms - -[0m
[0mGET /api/category/cn/list?name=VETEMENTS [36m304 [0m49.274 ms - -[0m
[0mGET /api/product/list/VETEMENTS [36m304 [0m42.372 ms - -[0m
[0mGET /api/category/cn/list?name=VETEMENTS [36m304 [0m80.690 ms - -[0m
[0mGET /api/product/list/VETEMENTS [36m304 [0m68.896 ms - -[0m
[0mGET /api/customer/getUserByEmailId?email=alice@gmail.com [36m304 [0m64.142 ms - -[0m
[0mGET /produit/1695747027807TS1.jpg [36m304 [0m4.194 ms - -[0m
[0mGET /produit/1695754196334ENST.jpg [36m304 [0m4.382 ms - -[0m
[0mGET /produit/1695752820497e3.jpg [36m304 [0m7.314 ms - -[0m
[0mGET /produit/1695754614263T1.jpg [36m304 [0m5.164 ms - -[0m
[0mGET /produit/1695991466032ENS3.jpg [36m304 [0m5.178 ms - -[0m
[0mGET / [33m404 [0m30.994 ms - 7714[0m
[0mGET /api/customer/getUserByEmailId?email=alice@gmail.com [36m304 [0m111.775 ms - -[0m
[0mGET /api/customer/getUserByEmailId?email=alice@gmail.com [36m304 [0m123.498 ms - -[0m
[0mGET /api/category/main/list [36m304 [0m33.937 ms - -[0m
[0mGET /api/product/getAllGroceryStaple [36m304 [0m39.085 ms - -[0m
[0mGET /produit/1695989511160e3.jpg [36m304 [0m31.064 ms - -[0m
[0mGET /produit/1695989601836C2.jpg [36m304 [0m25.759 ms - -[0m
[0mGET /produit/1695989675538cas.jpg [36m304 [0m23.844 ms - -[0m
[0mGET /produit/1695989763210acc1.jpg [36m304 [0m23.050 ms - -[0m
[0mGET /produit/1695991466032ENS3.jpg [36m304 [0m39.044 ms - -[0m
[0mGET /produit/1695991260175tap1.jpg [36m304 [0m32.122 ms - -[0m
[0mGET /produit/1695990880479SACS.jpg [36m304 [0m30.513 ms - -[0m
[0mGET /produit/1695754614263T1.jpg [36m304 [0m33.035 ms - -[0m
[0mGET /produit/1695754196334ENST.jpg [36m304 [0m25.045 ms - -[0m
[0mGET /produit/1695753661047tap3.jpg [36m304 [0m28.524 ms - -[0m
[0mGET /produit/1695752820497e3.jpg [36m304 [0m22.838 ms - -[0m
[0mGET /produit/1695751668068ARR32.jpg [36m304 [0m21.064 ms - -[0m
[0mGET /produit/1695747027807TS1.jpg [36m304 [0m18.715 ms - -[0m
[0mGET /api/category/cn/list?name=VETEMENTS [36m304 [0m39.903 ms - -[0m
[0mGET /api/product/list/VETEMENTS [36m304 [0m1240.151 ms - -[0m
[0mGET /produit/1695747027807TS1.jpg [36m304 [0m25.255 ms - -[0m
[0mGET /produit/1695754196334ENST.jpg [36m304 [0m21.208 ms - -[0m
[0mGET /produit/1695752820497e3.jpg [36m304 [0m21.817 ms - -[0m
[0mGET /produit/1695754614263T1.jpg [36m304 [0m16.471 ms - -[0m
[0mGET /produit/1695991466032ENS3.jpg [36m304 [0m15.288 ms - -[0m
[0mGET / [33m404 [0m39.596 ms - 7714[0m
[0mGET /api/customer/getUserByEmailId?email=alice@gmail.com [36m304 [0m227.296 ms - -[0m
[0mGET /api/customer/getUserByEmailId?email=alice@gmail.com [36m304 [0m101.813 ms - -[0m
[0mGET / [33m404 [0m24.426 ms - 7714[0m
[0mGET /api/customer/getUserByEmailId?email=alice@gmail.com [36m304 [0m262.796 ms - -[0m
[0mGET /api/product/getAllGroceryStaple [36m304 [0m37.720 ms - -[0m
[0mGET /api/category/main/list [36m304 [0m54.180 ms - -[0m
[0mGET /produit/1695989511160e3.jpg [36m304 [0m25.393 ms - -[0m
[0mGET /produit/1695989601836C2.jpg [36m304 [0m21.320 ms - -[0m
[0mGET /produit/1695989675538cas.jpg [36m304 [0m19.858 ms - -[0m
[0mGET /produit/1695989763210acc1.jpg [36m304 [0m14.038 ms - -[0m
[0mGET /produit/1695991466032ENS3.jpg [36m304 [0m26.172 ms - -[0m
[0mGET /produit/1695991260175tap1.jpg [36m304 [0m25.354 ms - -[0m
[0mGET /produit/1695990880479SACS.jpg [36m304 [0m21.214 ms - -[0m
[0mGET /produit/1695754614263T1.jpg [36m304 [0m9.980 ms - -[0m
[0mGET /produit/1695754196334ENST.jpg [36m304 [0m6.946 ms - -[0m
[0mGET /produit/1695753661047tap3.jpg [36m304 [0m6.851 ms - -[0m
[0mGET /produit/1695752820497e3.jpg [36m304 [0m26.041 ms - -[0m
[0mGET /produit/1695751668068ARR32.jpg [36m304 [0m21.809 ms - -[0m
[0mGET /produit/1695747027807TS1.jpg [36m304 [0m20.191 ms - -[0m
[0mGET /api/category/cn/list?name=VETEMENTS [36m304 [0m34.462 ms - -[0m
[0mGET /api/product/list/VETEMENTS [36m304 [0m74.555 ms - -[0m
[0mGET / [33m404 [0m26.572 ms - 7714[0m
[0mGET /api/customer/getUserByEmailId?email=alice@gmail.com [36m304 [0m87.970 ms - -[0m
[0mGET /api/customer/getUserByEmailId?email=alice@gmail.com [36m304 [0m39.614 ms - -[0m
[0mGET /api/category/main/list [36m304 [0m59.856 ms - -[0m
[0mGET /api/product/getAllGroceryStaple [36m304 [0m64.087 ms - -[0m
[0mGET /produit/1695989511160e3.jpg [36m304 [0m22.085 ms - -[0m
[0mGET /produit/1695989601836C2.jpg [36m304 [0m17.745 ms - -[0m
[0mGET /produit/1695989675538cas.jpg [36m304 [0m12.966 ms - -[0m
[0mGET /produit/1695989763210acc1.jpg [36m304 [0m12.674 ms - -[0m
[0mGET /produit/1695991466032ENS3.jpg [36m304 [0m18.898 ms - -[0m
[0mGET /produit/1695991260175tap1.jpg [36m304 [0m34.296 ms - -[0m
[0mGET /produit/1695990880479SACS.jpg [36m304 [0m39.770 ms - -[0m
[0mGET /produit/1695754614263T1.jpg [36m304 [0m41.426 ms - -[0m
[0mGET /produit/1695754196334ENST.jpg [36m304 [0m37.253 ms - -[0m
[0mGET /produit/1695753661047tap3.jpg [36m304 [0m38.620 ms - -[0m
[0mGET /produit/1695752820497e3.jpg [36m304 [0m32.476 ms - -[0m
[0mGET /produit/1695751668068ARR32.jpg [36m304 [0m55.183 ms - -[0m
[0mGET /produit/1695747027807TS1.jpg [36m304 [0m14.691 ms - -[0m
[0mGET /api/category/cn/list?name=VETEMENTS [36m304 [0m228.196 ms - -[0m
[0mGET /api/product/list/VETEMENTS [36m304 [0m203.844 ms - -[0m
[0mGET /produit/1695747027807TS1.jpg [36m304 [0m19.019 ms - -[0m
[0mGET /produit/1695754196334ENST.jpg [36m304 [0m12.621 ms - -[0m
[0mGET / [33m404 [0m37.133 ms - 7714[0m
[0mGET /api/customer/getUserByEmailId?email=alice@gmail.com [36m304 [0m145.819 ms - -[0m
[0mGET /api/customer/getUserByEmailId?email=alice@gmail.com [36m304 [0m29.534 ms - -[0m
[0mGET /api/category/main/list [36m304 [0m48.379 ms - -[0m
[0mGET /api/product/getAllGroceryStaple [36m304 [0m84.266 ms - -[0m
[0mGET /produit/1695989511160e3.jpg [36m304 [0m5.644 ms - -[0m
[0mGET /produit/1695989601836C2.jpg [36m304 [0m6.568 ms - -[0m
[0mGET /produit/1695989675538cas.jpg [36m304 [0m13.295 ms - -[0m
[0mGET /produit/1695989763210acc1.jpg [36m304 [0m6.387 ms - -[0m
[0mGET /produit/1695754196334ENST.jpg [36m304 [0m4.069 ms - -[0m
[0mGET /produit/1695747027807TS1.jpg [36m304 [0m212.246 ms - -[0m
[0mGET /produit/1695991466032ENS3.jpg [36m304 [0m86.184 ms - -[0m
[0mGET /produit/1695991260175tap1.jpg [36m304 [0m83.100 ms - -[0m
[0mGET /produit/1695990880479SACS.jpg [36m304 [0m78.840 ms - -[0m
[0mGET /produit/1695754614263T1.jpg [36m304 [0m73.256 ms - -[0m
[0mGET /produit/1695753661047tap3.jpg [36m304 [0m72.213 ms - -[0m
[0mGET /produit/1695752820497e3.jpg [36m304 [0m19.549 ms - -[0m
[0mGET /produit/1695751668068ARR32.jpg [36m304 [0m18.082 ms - -[0m
[0mGET /api/category/cn/list?name=VETEMENTS [36m304 [0m100.606 ms - -[0m
[0mGET /api/product/list/VETEMENTS [36m304 [0m148.389 ms - -[0m
[0mGET /api/category/cn/list?name=VETEMENTS [36m304 [0m61.756 ms - -[0m
[0mGET /api/product/list/VETEMENTS [36m304 [0m67.121 ms - -[0m
[0mGET /api/customer/getUserByEmailId?email=alice@gmail.com [36m304 [0m23.105 ms - -[0m
[0mGET /produit/1695747027807TS1.jpg [36m304 [0m21.015 ms - -[0m
[0mGET /produit/1695754196334ENST.jpg [36m304 [0m32.026 ms - -[0m
[0mGET /produit/1695752820497e3.jpg [36m304 [0m30.237 ms - -[0m
[0mGET /produit/1695754614263T1.jpg [36m304 [0m24.894 ms - -[0m
[0mGET /produit/1695991466032ENS3.jpg [36m304 [0m23.495 ms - -[0m
[0mGET / [33m404 [0m140.633 ms - 7714[0m
[0mGET /api/customer/getUserByEmailId?email=alice@gmail.com [36m304 [0m30.370 ms - -[0m
[0mGET /api/customer/getUserByEmailId?email=alice@gmail.com [36m304 [0m38.421 ms - -[0m
[0mGET /api/category/main/list [36m304 [0m29.170 ms - -[0m
[0mGET /api/product/getAllGroceryStaple [36m304 [0m40.029 ms - -[0m
[0mGET /produit/1695989511160e3.jpg [36m304 [0m56.669 ms - -[0m
[0mGET /produit/1695989601836C2.jpg [36m304 [0m34.372 ms - -[0m
[0mGET /produit/1695989675538cas.jpg [36m304 [0m29.438 ms - -[0m
[0mGET /produit/1695989763210acc1.jpg [36m304 [0m27.664 ms - -[0m
[0mGET /produit/1695991466032ENS3.jpg [36m304 [0m26.544 ms - -[0m
[0mGET /produit/1695991260175tap1.jpg [36m304 [0m34.924 ms - -[0m
[0mGET /produit/1695990880479SACS.jpg [36m304 [0m31.275 ms - -[0m
[0mGET /produit/1695753661047tap3.jpg [36m304 [0m63.563 ms - -[0m
[0mGET /produit/1695754196334ENST.jpg [36m304 [0m69.185 ms - -[0m
[0mGET /produit/1695754614263T1.jpg [36m304 [0m75.596 ms - -[0m
[0mGET /produit/1695752820497e3.jpg [36m304 [0m35.288 ms - -[0m
[0mGET /produit/1695751668068ARR32.jpg [36m304 [0m34.759 ms - -[0m
[0mGET /produit/1695747027807TS1.jpg [36m304 [0m27.413 ms - -[0m
[0mGET /api/category/cn/list?name=VETEMENTS [36m304 [0m37.660 ms - -[0m
[0mGET /api/product/list/VETEMENTS [36m304 [0m41.979 ms - -[0m
[0mGET / [33m404 [0m39.076 ms - 7714[0m
[0mGET /api/customer/getUserByEmailId?email=alice@gmail.com [36m304 [0m33.009 ms - -[0m
[0mGET /api/category/main/list [36m304 [0m40.813 ms - -[0m
[0mGET /api/product/getAllGroceryStaple [36m304 [0m27.211 ms - -[0m
[0mGET /produit/1695989511160e3.jpg [36m304 [0m7.220 ms - -[0m
[0mGET /produit/1695989601836C2.jpg [36m304 [0m22.992 ms - -[0m
[0mGET /produit/1695989675538cas.jpg [36m304 [0m20.264 ms - -[0m
[0mGET /produit/1695989763210acc1.jpg [36m304 [0m20.107 ms - -[0m
[0mGET /produit/1695991466032ENS3.jpg [36m304 [0m5.835 ms - -[0m
[0mGET /produit/1695991260175tap1.jpg [36m304 [0m6.953 ms - -[0m
[0mGET /produit/1695990880479SACS.jpg [36m304 [0m34.517 ms - -[0m
[0mGET /produit/1695754614263T1.jpg [36m304 [0m29.222 ms - -[0m
[0mGET /produit/1695753661047tap3.jpg [36m304 [0m27.697 ms - -[0m
[0mGET /produit/1695751668068ARR32.jpg [36m304 [0m25.817 ms - -[0m
[0mGET /produit/1695747027807TS1.jpg [36m304 [0m26.713 ms - -[0m
[0mGET /api/category/cn/list?name=VETEMENTS [36m304 [0m204.235 ms - -[0m
[0mGET /api/product/list/VETEMENTS [36m304 [0m154.518 ms - -[0m
[0mGET / [33m404 [0m114.143 ms - 7714[0m
[0mGET /api/customer/getUserByEmailId?email=alice@gmail.com [36m304 [0m32.250 ms - -[0m
[0mGET /api/category/main/list [36m304 [0m59.288 ms - -[0m
[0mGET /api/product/getAllGroceryStaple [36m304 [0m49.557 ms - -[0m
[0mGET /produit/1695989675538cas.jpg [36m304 [0m11.977 ms - -[0m
[0mGET /produit/1695989763210acc1.jpg [36m304 [0m9.145 ms - -[0m
[0mGET /produit/1695989601836C2.jpg [36m304 [0m12.708 ms - -[0m
[0mGET /produit/1695989511160e3.jpg [36m304 [0m9.316 ms - -[0m
[0mGET /produit/1695991260175tap1.jpg [36m304 [0m14.082 ms - -[0m
[0mGET /produit/1695753661047tap3.jpg [36m304 [0m9.808 ms - -[0m
[0mGET /produit/1695990880479SACS.jpg [36m304 [0m40.671 ms - -[0m
[0mGET /produit/1695751668068ARR32.jpg [36m304 [0m8.548 ms - -[0m
[0mGET /api/category/main/list [36m304 [0m19.948 ms - -[0m
[0mGET /api/product/getAllGroceryStaple [36m304 [0m30.428 ms - -[0m
[0mGET /api/customer/getUserByEmailId?email=alice@gmail.com [36m304 [0m29.757 ms - -[0m
[0mGET /produit/1695989511160e3.jpg [36m304 [0m26.290 ms - -[0m
[0mGET /produit/1695989601836C2.jpg [36m304 [0m22.740 ms - -[0m
[0mGET /produit/1695989675538cas.jpg [36m304 [0m13.862 ms - -[0m
[0mGET /produit/1695989763210acc1.jpg [36m304 [0m15.921 ms - -[0m
[0mGET /produit/1695991466032ENS3.jpg [36m304 [0m12.706 ms - -[0m
[0mGET /produit/1695991260175tap1.jpg [36m304 [0m15.148 ms - -[0m
[0mGET /produit/1695990880479SACS.jpg [36m304 [0m15.144 ms - -[0m
[0mGET /produit/1695754614263T1.jpg [36m304 [0m14.786 ms - -[0m
[0mGET /produit/1695754196334ENST.jpg [36m304 [0m14.293 ms - -[0m
[0mGET /produit/1695753661047tap3.jpg [36m304 [0m17.410 ms - -[0m
[0mGET /produit/1695752820497e3.jpg [36m304 [0m17.499 ms - -[0m
[0mGET /produit/1695751668068ARR32.jpg [36m304 [0m16.754 ms - -[0m
[0mGET /produit/1695747027807TS1.jpg [36m304 [0m9.690 ms - -[0m
[0mGET /api/category/cn/list?name=VETEMENTS [36m304 [0m130.542 ms - -[0m
[0mGET /api/product/list/VETEMENTS [36m304 [0m116.411 ms - -[0m
[0mGET / [33m404 [0m23.307 ms - 7714[0m
[0mGET /api/customer/getUserByEmailId?email=alice@gmail.com [36m304 [0m197.870 ms - -[0m
[0mGET /api/customer/getUserByEmailId?email=alice@gmail.com [36m304 [0m34.585 ms - -[0m
[0mGET /api/category/main/list [36m304 [0m31.394 ms - -[0m
[0mGET /api/product/getAllGroceryStaple [36m304 [0m38.654 ms - -[0m
[0mGET /produit/1695989511160e3.jpg [36m304 [0m22.941 ms - -[0m
[0mGET /produit/1695989601836C2.jpg [36m304 [0m20.004 ms - -[0m
[0mGET /produit/1695989675538cas.jpg [36m304 [0m16.968 ms - -[0m
[0mGET /produit/1695989763210acc1.jpg [36m304 [0m15.003 ms - -[0m
[0mGET /produit/1695991466032ENS3.jpg [36m304 [0m5.657 ms - -[0m
[0mGET /produit/1695754614263T1.jpg [36m304 [0m6.291 ms - -[0m
[0mGET /produit/1695754196334ENST.jpg [36m304 [0m6.424 ms - -[0m
[0mGET /produit/1695752820497e3.jpg [36m304 [0m8.667 ms - -[0m
[0mGET /produit/1695747027807TS1.jpg [36m304 [0m6.716 ms - -[0m
[0mGET /produit/1695991260175tap1.jpg [36m304 [0m25.663 ms - -[0m
[0mGET /produit/1695990880479SACS.jpg [36m304 [0m30.219 ms - -[0m
[0mGET /produit/1695753661047tap3.jpg [36m304 [0m34.291 ms - -[0m
[0mGET /produit/1695751668068ARR32.jpg [36m304 [0m33.447 ms - -[0m
[0mGET /api/category/main/list [36m304 [0m15.130 ms - -[0m
[0mGET /api/product/getAllGroceryStaple [36m304 [0m28.103 ms - -[0m
[0mGET /api/customer/getUserByEmailId?email=alice@gmail.com [36m304 [0m88.961 ms - -[0m
[0mGET /api/customer/getUserByEmailId?email=alice@gmail.com [36m304 [0m50.483 ms - -[0m
[0mGET /api/customer/getUserByEmailId?email=alice@gmail.com [36m304 [0m107.276 ms - -[0m
[0mGET /api/customer/getUserByEmailId?email=alice@gmail.com [36m304 [0m270.196 ms - -[0m
[0mGET /api/customer/getUserByEmailId?email=alice@gmail.com [36m304 [0m73.146 ms - -[0m
[0mGET /api/customer/getUserByEmailId?email=alice@gmail.com [36m304 [0m252.555 ms - -[0m
[0mGET /api/customer/getUserByEmailId?email=alice@gmail.com [36m304 [0m261.483 ms - -[0m
[0mGET /api/customer/getUserByEmailId?email=alice@gmail.com [36m304 [0m91.603 ms - -[0m
[0mGET /api/customer/getUserByEmailId?email=alice@gmail.com [36m304 [0m64.170 ms - -[0m
[0mGET /api/category/main/list [36m304 [0m106.175 ms - -[0m
[0mGET /api/product/getAllGroceryStaple [36m304 [0m99.120 ms - -[0m
[0mGET /api/customer/getUserByEmailId?email=alice@gmail.com [36m304 [0m191.503 ms - -[0m
[0mGET /produit/1695989511160e3.jpg [36m304 [0m26.067 ms - -[0m
[0mGET /produit/1695989601836C2.jpg [36m304 [0m114.588 ms - -[0m
[0mGET /produit/1695989675538cas.jpg [36m304 [0m107.853 ms - -[0m
[0mGET /produit/1695989763210acc1.jpg [36m304 [0m115.458 ms - -[0m
[0mGET /produit/1695991466032ENS3.jpg [36m304 [0m84.382 ms - -[0m
[0mGET /produit/1695991260175tap1.jpg [36m304 [0m79.665 ms - -[0m
[0mGET /produit/1695990880479SACS.jpg [36m304 [0m65.284 ms - -[0m
[0mGET /produit/1695754614263T1.jpg [36m304 [0m63.426 ms - -[0m
[0mGET /produit/1695754196334ENST.jpg [36m304 [0m225.294 ms - -[0m
[0mGET /produit/1695753661047tap3.jpg [36m304 [0m225.154 ms - -[0m
[0mGET /produit/1695752820497e3.jpg [36m304 [0m195.700 ms - -[0m
[0mGET /produit/1695751668068ARR32.jpg [36m304 [0m193.458 ms - -[0m
[0mGET /produit/1695747027807TS1.jpg [36m304 [0m8.151 ms - -[0m
[0mGET /api/category/main/list [36m304 [0m426.184 ms - -[0m
[0mGET /api/product/getAllGroceryStaple [36m304 [0m465.693 ms - -[0m
[0mGET /api/customer/getUserByEmailId?email=alice@gmail.com [36m304 [0m295.442 ms - -[0m
[0mGET /produit/1695989511160e3.jpg [36m304 [0m36.503 ms - -[0m
[0mGET /produit/1695989601836C2.jpg [36m304 [0m33.140 ms - -[0m
[0mGET /produit/1695989675538cas.jpg [36m304 [0m27.031 ms - -[0m
[0mGET /produit/1695989763210acc1.jpg [36m304 [0m23.990 ms - -[0m
[0mGET /produit/1695991466032ENS3.jpg [36m304 [0m7.740 ms - -[0m
[0mGET /produit/1695991260175tap1.jpg [36m304 [0m10.554 ms - -[0m
[0mGET /produit/1695990880479SACS.jpg [36m304 [0m8.017 ms - -[0m
[0mGET /produit/1695754614263T1.jpg [36m304 [0m25.377 ms - -[0m
[0mGET /produit/1695754196334ENST.jpg [36m304 [0m20.746 ms - -[0m
[0mGET /produit/1695753661047tap3.jpg [36m304 [0m50.255 ms - -[0m
[0mGET /produit/1695752820497e3.jpg [36m304 [0m43.833 ms - -[0m
[0mGET /produit/1695751668068ARR32.jpg [36m304 [0m8.663 ms - -[0m
[0mGET /produit/1695747027807TS1.jpg [36m304 [0m9.767 ms - -[0m
[0mGET /api/category/main/list [36m304 [0m105.333 ms - -[0m
[0mGET /api/product/getAllGroceryStaple [36m304 [0m183.545 ms - -[0m
[0mGET /api/customer/getUserByEmailId?email=alice@gmail.com [36m304 [0m259.209 ms - -[0m
[0mGET /produit/1695989601836C2.jpg [36m304 [0m37.934 ms - -[0m
[0mGET /produit/1695989511160e3.jpg [36m304 [0m34.531 ms - -[0m
[0mGET /produit/1695989675538cas.jpg [36m304 [0m19.685 ms - -[0m
[0mGET /produit/1695989763210acc1.jpg [36m304 [0m17.676 ms - -[0m
[0mGET /produit/1695991466032ENS3.jpg [36m304 [0m275.467 ms - -[0m
[0mGET /produit/1695991260175tap1.jpg [36m304 [0m245.484 ms - -[0m
[0mGET /produit/1695990880479SACS.jpg [36m304 [0m250.270 ms - -[0m
[0mGET /produit/1695754614263T1.jpg [36m304 [0m223.309 ms - -[0m
[0mGET /produit/1695754196334ENST.jpg [36m304 [0m25.495 ms - -[0m
[0mGET /produit/1695753661047tap3.jpg [36m304 [0m47.483 ms - -[0m
[0mGET /produit/1695752820497e3.jpg [36m304 [0m142.593 ms - -[0m
[0mGET /produit/1695751668068ARR32.jpg [36m304 [0m113.277 ms - -[0m
[0mGET /produit/1695747027807TS1.jpg [36m304 [0m110.576 ms - -[0m
[0mGET /api/customer/getUserByEmailId?email=alice@gmail.com [36m304 [0m91.043 ms - -[0m
[0mGET /api/category/main/list [36m304 [0m90.760 ms - -[0m
[0mGET /api/product/getAllGroceryStaple [36m304 [0m80.290 ms - -[0m
[0mGET /api/customer/getUserByEmailId?email=alice@gmail.com [36m304 [0m126.851 ms - -[0m
[0mGET /produit/1695991466032ENS3.jpg [36m304 [0m18.724 ms - -[0m
[0mGET /produit/1695991260175tap1.jpg [36m304 [0m23.031 ms - -[0m
[0mGET /produit/1695990880479SACS.jpg [36m304 [0m26.866 ms - -[0m
[0mGET /produit/1695754614263T1.jpg [36m304 [0m37.285 ms - -[0m
[0mGET /produit/1695754196334ENST.jpg [36m304 [0m41.028 ms - -[0m
[0mGET /produit/1695753661047tap3.jpg [36m304 [0m32.988 ms - -[0m
[0mGET /produit/1695752820497e3.jpg [36m304 [0m33.148 ms - -[0m
[0mGET /produit/1695751668068ARR32.jpg [36m304 [0m19.691 ms - -[0m
[0mGET /produit/1695747027807TS1.jpg [36m304 [0m21.685 ms - -[0m
[0mGET /produit/1695989511160e3.jpg [36m304 [0m16.488 ms - -[0m
[0mGET /produit/1695989601836C2.jpg [36m304 [0m18.855 ms - -[0m
[0mGET /produit/1695989675538cas.jpg [36m304 [0m16.589 ms - -[0m
[0mGET /produit/1695989763210acc1.jpg [36m304 [0m12.752 ms - -[0m
[0mGET /api/category/main/list [36m304 [0m269.029 ms - -[0m
[0mGET /api/product/getAllGroceryStaple [36m304 [0m296.362 ms - -[0m
[0mGET /api/customer/getUserByEmailId?email=alice@gmail.com [36m304 [0m92.840 ms - -[0m
[0mGET /produit/1695989511160e3.jpg [36m304 [0m170.582 ms - -[0m
[0mGET /produit/1695989601836C2.jpg [36m304 [0m19.042 ms - -[0m
[0mGET /produit/1695989675538cas.jpg [36m304 [0m15.510 ms - -[0m
[0mGET /produit/1695989763210acc1.jpg [36m304 [0m52.295 ms - -[0m
[0mGET /produit/1695991466032ENS3.jpg [36m304 [0m75.471 ms - -[0m
[0mGET /produit/1695991260175tap1.jpg [36m304 [0m71.059 ms - -[0m
[0mGET /produit/1695990880479SACS.jpg [36m304 [0m67.124 ms - -[0m
[0mGET /produit/1695754614263T1.jpg [36m304 [0m60.717 ms - -[0m
[0mGET /produit/1695754196334ENST.jpg [36m304 [0m43.010 ms - -[0m
[0mGET /produit/1695753661047tap3.jpg [36m304 [0m27.690 ms - -[0m
[0mGET /produit/1695752820497e3.jpg [36m304 [0m53.494 ms - -[0m
[0mGET /produit/1695751668068ARR32.jpg [36m304 [0m50.761 ms - -[0m
[0mGET /produit/1695747027807TS1.jpg [36m304 [0m49.821 ms - -[0m
[0mGET /api/category/main/list [36m304 [0m69.737 ms - -[0m
[0mGET /api/product/getAllGroceryStaple [36m304 [0m2114.423 ms - -[0m
[0mGET /produit/1695989675538cas.jpg [36m304 [0m939.377 ms - -[0m
[0mGET /produit/1695989511160e3.jpg [36m304 [0m770.489 ms - -[0m
[0mGET /produit/1695989763210acc1.jpg [36m304 [0m510.862 ms - -[0m
[0mGET /produit/1695989601836C2.jpg [36m304 [0m506.906 ms - -[0m
[0mGET /api/customer/getUserByEmailId?email=alice@gmail.com [36m304 [0m3274.281 ms - -[0m
[0mGET /produit/1695991466032ENS3.jpg [36m304 [0m273.822 ms - -[0m
[0mGET /produit/1695990880479SACS.jpg [36m304 [0m103.446 ms - -[0m
[0mGET /produit/1695991260175tap1.jpg [36m304 [0m275.646 ms - -[0m
[0mGET /produit/1695754614263T1.jpg [36m304 [0m833.567 ms - -[0m
[0mGET /produit/1695754196334ENST.jpg [36m304 [0m619.635 ms - -[0m
[0mGET /produit/1695753661047tap3.jpg [36m304 [0m468.776 ms - -[0m
[0mGET /produit/1695752820497e3.jpg [36m304 [0m17.602 ms - -[0m
[0mGET /produit/1695751668068ARR32.jpg [36m304 [0m12.882 ms - -[0m
[0mGET /produit/1695747027807TS1.jpg [36m304 [0m11.839 ms - -[0m
[0mGET /api/category/main/list [36m304 [0m30.156 ms - -[0m
[0mGET /api/product/getAllGroceryStaple [36m304 [0m31.976 ms - -[0m
[0mGET /api/customer/getUserByEmailId?email=alice@gmail.com [36m304 [0m24.383 ms - -[0m
[0mGET /produit/1695989511160e3.jpg [36m304 [0m6.031 ms - -[0m
[0mGET /produit/1695989601836C2.jpg [36m304 [0m12.379 ms - -[0m
[0mGET /produit/1695989675538cas.jpg [36m304 [0m11.767 ms - -[0m
[0mGET /produit/1695989763210acc1.jpg [36m304 [0m4.819 ms - -[0m
[0mGET /produit/1695991466032ENS3.jpg [36m304 [0m10.108 ms - -[0m
[0mGET /produit/1695991260175tap1.jpg [36m304 [0m10.374 ms - -[0m
[0mGET /produit/1695990880479SACS.jpg [36m304 [0m14.347 ms - -[0m
[0mGET /produit/1695754614263T1.jpg [36m304 [0m9.529 ms - -[0m
[0mGET /produit/1695754196334ENST.jpg [36m304 [0m8.393 ms - -[0m
[0mGET /produit/1695753661047tap3.jpg [36m304 [0m6.935 ms - -[0m
[0mGET /produit/1695752820497e3.jpg [36m304 [0m10.025 ms - -[0m
[0mGET /produit/1695751668068ARR32.jpg [36m304 [0m12.166 ms - -[0m
[0mGET /produit/1695747027807TS1.jpg [36m304 [0m8.776 ms - -[0m
[0mGET /api/category/main/list [36m304 [0m13.064 ms - -[0m
[0mGET /api/product/getAllGroceryStaple [36m304 [0m19.203 ms - -[0m
[0mGET /api/customer/getUserByEmailId?email=alice@gmail.com [36m304 [0m68.345 ms - -[0m
[0mGET /produit/1695989511160e3.jpg [36m304 [0m11.973 ms - -[0m
[0mGET /produit/1695989601836C2.jpg [36m304 [0m9.809 ms - -[0m
[0mGET /produit/1695989675538cas.jpg [36m304 [0m17.135 ms - -[0m
[0mGET /produit/1695989763210acc1.jpg [36m304 [0m23.187 ms - -[0m
[0mGET /produit/1695991466032ENS3.jpg [36m304 [0m14.734 ms - -[0m
[0mGET /produit/1695991260175tap1.jpg [36m304 [0m55.565 ms - -[0m
[0mGET /produit/1695990880479SACS.jpg [36m304 [0m60.449 ms - -[0m
[0mGET /produit/1695754614263T1.jpg [36m304 [0m46.149 ms - -[0m
[0mGET /produit/1695754196334ENST.jpg [36m304 [0m193.868 ms - -[0m
[0mGET /produit/1695753661047tap3.jpg [36m304 [0m188.786 ms - -[0m
[0mGET /produit/1695752820497e3.jpg [36m304 [0m37.051 ms - -[0m
[0mGET /produit/1695751668068ARR32.jpg [36m304 [0m15.482 ms - -[0m
[0mGET /produit/1695747027807TS1.jpg [36m304 [0m38.284 ms - -[0m
[0mGET /api/category/main/list [36m304 [0m15.885 ms - -[0m
[0mGET /api/product/getAllGroceryStaple [36m304 [0m25.919 ms - -[0m
[0mGET /api/customer/getUserByEmailId?email=alice@gmail.com [36m304 [0m22.921 ms - -[0m
[0mGET /produit/1695989511160e3.jpg [36m304 [0m25.773 ms - -[0m
[0mGET /produit/1695989601836C2.jpg [36m304 [0m20.666 ms - -[0m
[0mGET /produit/1695989675538cas.jpg [36m304 [0m10.367 ms - -[0m
[0mGET /produit/1695989763210acc1.jpg [36m304 [0m6.162 ms - -[0m
[0mGET /produit/1695991466032ENS3.jpg [36m304 [0m12.495 ms - -[0m
[0mGET /produit/1695991260175tap1.jpg [36m304 [0m8.966 ms - -[0m
[0mGET /produit/1695990880479SACS.jpg [36m304 [0m7.186 ms - -[0m
[0mGET /produit/1695754614263T1.jpg [36m304 [0m12.873 ms - -[0m
[0mGET /produit/1695754196334ENST.jpg [36m304 [0m18.660 ms - -[0m
[0mGET /produit/1695753661047tap3.jpg [36m304 [0m43.737 ms - -[0m
[0mGET /produit/1695752820497e3.jpg [36m304 [0m23.298 ms - -[0m
[0mGET /produit/1695751668068ARR32.jpg [36m304 [0m8.249 ms - -[0m
[0mGET /produit/1695747027807TS1.jpg [36m304 [0m5.673 ms - -[0m
[0mGET /api/category/main/list [36m304 [0m39.617 ms - -[0m
[0mGET /api/product/getAllGroceryStaple [36m304 [0m44.663 ms - -[0m
[0mGET /api/customer/getUserByEmailId?email=alice@gmail.com [36m304 [0m101.727 ms - -[0m
[0mGET /produit/1695989511160e3.jpg [36m304 [0m28.301 ms - -[0m
[0mGET /produit/1695989601836C2.jpg [36m304 [0m23.756 ms - -[0m
[0mGET /produit/1695989763210acc1.jpg [36m304 [0m19.893 ms - -[0m
[0mGET /produit/1695989675538cas.jpg [36m304 [0m17.366 ms - -[0m
[0mGET /produit/1695991466032ENS3.jpg [36m304 [0m19.446 ms - -[0m
[0mGET /produit/1695991260175tap1.jpg [36m304 [0m63.184 ms - -[0m
[0mGET /produit/1695990880479SACS.jpg [36m304 [0m72.779 ms - -[0m
[0mGET /produit/1695754614263T1.jpg [36m304 [0m56.460 ms - -[0m
[0mGET /produit/1695754196334ENST.jpg [36m304 [0m50.804 ms - -[0m
[0mGET /produit/1695753661047tap3.jpg [36m304 [0m47.468 ms - -[0m
[0mGET /produit/1695752820497e3.jpg [36m304 [0m38.866 ms - -[0m
[0mGET /produit/1695751668068ARR32.jpg [36m304 [0m25.101 ms - -[0m
[0mGET /produit/1695747027807TS1.jpg [36m304 [0m12.974 ms - -[0m
[0mGET /api/customer/getUserByEmailId?email=alice@gmail.com [36m304 [0m198.135 ms - -[0m
[0mGET /api/customer/getUserByEmailId?email=alice@gmail.com [36m304 [0m23.480 ms - -[0m
[0mGET /api/customer/getUserByEmailId?email=alice@gmail.com [36m304 [0m26.670 ms - -[0m
[0mGET /api/customer/getUserByEmailId?email=alice@gmail.com [36m304 [0m33.511 ms - -[0m
[0mGET /api/customer/getUserByEmailId?email=alice@gmail.com [36m304 [0m95.432 ms - -[0m
[0mGET /api/category/main/list [36m304 [0m26.967 ms - -[0m
[0mGET /api/product/getAllGroceryStaple [36m304 [0m429.834 ms - -[0m
[0mGET /produit/1695989511160e3.jpg [36m304 [0m21.288 ms - -[0m
[0mGET /produit/1695989601836C2.jpg [36m304 [0m21.414 ms - -[0m
[0mGET /produit/1695989675538cas.jpg [36m304 [0m21.403 ms - -[0m
[0mGET /produit/1695989763210acc1.jpg [36m304 [0m27.104 ms - -[0m
[0mGET /api/customer/getUserByEmailId?email=alice@gmail.com [36m304 [0m45.959 ms - -[0m
[0mGET /produit/1695991466032ENS3.jpg [36m304 [0m16.357 ms - -[0m
[0mGET /produit/1695991260175tap1.jpg [36m304 [0m21.594 ms - -[0m
[0mGET /produit/1695990880479SACS.jpg [36m304 [0m27.430 ms - -[0m
[0mGET /produit/1695754614263T1.jpg [36m304 [0m38.269 ms - -[0m
[0mGET /produit/1695754196334ENST.jpg [36m304 [0m30.136 ms - -[0m
[0mGET /produit/1695753661047tap3.jpg [36m304 [0m44.338 ms - -[0m
[0mGET /produit/1695752820497e3.jpg [36m304 [0m35.191 ms - -[0m
[0mGET /produit/1695751668068ARR32.jpg [36m304 [0m28.758 ms - -[0m
[0mGET /produit/1695747027807TS1.jpg [36m304 [0m12.041 ms - -[0m
[0mGET /api/customer/getUserByEmailId?email=alice@gmail.com [36m304 [0m243.110 ms - -[0m
[0mGET /api/category/main/list [36m304 [0m32.845 ms - -[0m
[0mGET /api/product/getAllGroceryStaple [36m304 [0m749.794 ms - -[0m
[0mGET /produit/1695989511160e3.jpg [36m304 [0m18.682 ms - -[0m
[0mGET /produit/1695989601836C2.jpg [36m304 [0m24.357 ms - -[0m
[0mGET /produit/1695989675538cas.jpg [36m304 [0m25.454 ms - -[0m
[0mGET /produit/1695989763210acc1.jpg [36m304 [0m58.245 ms - -[0m
[0mGET /api/customer/getUserByEmailId?email=alice@gmail.com [36m304 [0m149.070 ms - -[0m
[0mGET /produit/1695991466032ENS3.jpg [36m304 [0m7.600 ms - -[0m
[0mGET /produit/1695991260175tap1.jpg [36m304 [0m6.998 ms - -[0m
[0mGET /produit/1695990880479SACS.jpg [36m304 [0m13.400 ms - -[0m
[0mGET /produit/1695754614263T1.jpg [36m304 [0m9.406 ms - -[0m
[0mGET /produit/1695754196334ENST.jpg [36m304 [0m92.929 ms - -[0m
[0mGET /produit/1695753661047tap3.jpg [36m304 [0m69.697 ms - -[0m
[0mGET /produit/1695752820497e3.jpg [36m304 [0m55.350 ms - -[0m
[0mGET /produit/1695751668068ARR32.jpg [36m304 [0m56.868 ms - -[0m
[0mGET /produit/1695747027807TS1.jpg [36m304 [0m58.764 ms - -[0m
[0mGET /api/product/getAllGroceryStaple [36m304 [0m73.356 ms - -[0m
[0mGET /api/category/main/list [36m304 [0m227.866 ms - -[0m
[0mGET /api/customer/getUserByEmailId?email=alice@gmail.com [36m304 [0m81.139 ms - -[0m
[0mGET /produit/1695989511160e3.jpg [36m304 [0m6.910 ms - -[0m
[0mGET /produit/1695989601836C2.jpg [36m304 [0m13.079 ms - -[0m
[0mGET /produit/1695989675538cas.jpg [36m304 [0m15.243 ms - -[0m
[0mGET /produit/1695989763210acc1.jpg [36m304 [0m11.352 ms - -[0m
[0mGET /produit/1695991466032ENS3.jpg [36m304 [0m10.709 ms - -[0m
[0mGET /produit/1695991260175tap1.jpg [36m304 [0m116.457 ms - -[0m
[0mGET /produit/1695990880479SACS.jpg [36m304 [0m116.226 ms - -[0m
[0mGET /produit/1695754614263T1.jpg [36m304 [0m110.451 ms - -[0m
[0mGET /produit/1695754196334ENST.jpg [36m304 [0m106.057 ms - -[0m
[0mGET /produit/1695753661047tap3.jpg [36m304 [0m18.545 ms - -[0m
[0mGET /produit/1695752820497e3.jpg [36m304 [0m6.732 ms - -[0m
[0mGET /produit/1695751668068ARR32.jpg [36m304 [0m12.553 ms - -[0m
[0mGET /produit/1695747027807TS1.jpg [36m304 [0m9.868 ms - -[0m
[0mGET /api/category/main/list [36m304 [0m169.123 ms - -[0m
[0mGET /api/product/getAllGroceryStaple [36m304 [0m65.971 ms - -[0m
[0mGET /api/customer/getUserByEmailId?email=alice@gmail.com [36m304 [0m117.988 ms - -[0m
[0mGET /produit/1695989511160e3.jpg [36m304 [0m18.713 ms - -[0m
[0mGET /produit/1695989601836C2.jpg [36m304 [0m18.972 ms - -[0m
[0mGET /produit/1695989675538cas.jpg [36m304 [0m15.782 ms - -[0m
[0mGET /produit/1695989763210acc1.jpg [36m304 [0m14.425 ms - -[0m
[0mGET /produit/1695991466032ENS3.jpg [36m304 [0m13.176 ms - -[0m
[0mGET /produit/1695991260175tap1.jpg [36m304 [0m10.697 ms - -[0m
[0mGET /produit/1695990880479SACS.jpg [36m304 [0m6.772 ms - -[0m
[0mGET /produit/1695754614263T1.jpg [36m304 [0m39.759 ms - -[0m
[0mGET /produit/1695754196334ENST.jpg [36m304 [0m36.265 ms - -[0m
[0mGET /produit/1695753661047tap3.jpg [36m304 [0m52.035 ms - -[0m
[0mGET /produit/1695752820497e3.jpg [36m304 [0m21.493 ms - -[0m
[0mGET /produit/1695751668068ARR32.jpg [36m304 [0m16.366 ms - -[0m
[0mGET /produit/1695747027807TS1.jpg [36m304 [0m14.357 ms - -[0m
[0mGET /api/category/main/list [36m304 [0m83.727 ms - -[0m
[0mGET /api/product/getAllGroceryStaple [36m304 [0m98.759 ms - -[0m
[0mGET /api/customer/getUserByEmailId?email=alice@gmail.com [36m304 [0m108.319 ms - -[0m
[0mGET /produit/1695989511160e3.jpg [36m304 [0m26.436 ms - -[0m
[0mGET /produit/1695989601836C2.jpg [36m304 [0m21.784 ms - -[0m
[0mGET /produit/1695989675538cas.jpg [36m304 [0m21.206 ms - -[0m
[0mGET /produit/1695989763210acc1.jpg [36m304 [0m14.100 ms - -[0m
[0mGET /produit/1695991466032ENS3.jpg [36m304 [0m7.357 ms - -[0m
[0mGET /produit/1695991260175tap1.jpg [36m304 [0m16.259 ms - -[0m
[0mGET /produit/1695990880479SACS.jpg [36m304 [0m28.594 ms - -[0m
[0mGET /produit/1695754614263T1.jpg [36m304 [0m24.617 ms - -[0m
[0mGET /produit/1695754196334ENST.jpg [36m304 [0m30.447 ms - -[0m
[0mGET /produit/1695753661047tap3.jpg [36m304 [0m23.867 ms - -[0m
[0mGET /produit/1695752820497e3.jpg [36m304 [0m37.967 ms - -[0m
[0mGET /produit/1695751668068ARR32.jpg [36m304 [0m63.061 ms - -[0m
[0mGET /produit/1695747027807TS1.jpg [36m304 [0m33.125 ms - -[0m
[0mGET /api/category/main/list [36m304 [0m59.237 ms - -[0m
[0mGET /api/product/getAllGroceryStaple [36m304 [0m146.994 ms - -[0m
[0mGET /api/customer/getUserByEmailId?email=alice@gmail.com [36m304 [0m91.606 ms - -[0m
[0mGET /produit/1695989511160e3.jpg [36m304 [0m6.113 ms - -[0m
[0mGET /produit/1695989601836C2.jpg [36m304 [0m19.263 ms - -[0m
[0mGET /produit/1695989675538cas.jpg [36m304 [0m18.119 ms - -[0m
[0mGET /produit/1695989763210acc1.jpg [36m304 [0m14.973 ms - -[0m
[0mGET /produit/1695991466032ENS3.jpg [36m304 [0m14.961 ms - -[0m
[0mGET /produit/1695991260175tap1.jpg [36m304 [0m11.296 ms - -[0m
[0mGET /produit/1695990880479SACS.jpg [36m304 [0m4.857 ms - -[0m
[0mGET /produit/1695754614263T1.jpg [36m304 [0m9.057 ms - -[0m
[0mGET /produit/1695754196334ENST.jpg [36m304 [0m13.779 ms - -[0m
[0mGET /produit/1695753661047tap3.jpg [36m304 [0m15.217 ms - -[0m
[0mGET /produit/1695752820497e3.jpg [36m304 [0m16.371 ms - -[0m
[0mGET /produit/1695751668068ARR32.jpg [36m304 [0m20.302 ms - -[0m
[0mGET /produit/1695747027807TS1.jpg [36m304 [0m16.193 ms - -[0m
[0mGET /api/category/main/list [36m304 [0m107.986 ms - -[0m
[0mGET /api/product/getAllGroceryStaple [36m304 [0m237.116 ms - -[0m
[0mGET /api/customer/getUserByEmailId?email=alice@gmail.com [36m304 [0m233.521 ms - -[0m
[0mGET /produit/1695989511160e3.jpg [36m304 [0m14.883 ms - -[0m
[0mGET /produit/1695989601836C2.jpg [36m304 [0m10.764 ms - -[0m
[0mGET /produit/1695989675538cas.jpg [36m304 [0m5.800 ms - -[0m
[0mGET /produit/1695989763210acc1.jpg [36m304 [0m6.631 ms - -[0m
[0mGET /produit/1695991466032ENS3.jpg [36m304 [0m6.124 ms - -[0m
[0mGET /produit/1695991260175tap1.jpg [36m304 [0m6.686 ms - -[0m
[0mGET /produit/1695990880479SACS.jpg [36m304 [0m7.098 ms - -[0m
[0mGET /produit/1695754614263T1.jpg [36m304 [0m12.292 ms - -[0m
[0mGET /produit/1695754196334ENST.jpg [36m304 [0m22.105 ms - -[0m
[0mGET /produit/1695753661047tap3.jpg [36m304 [0m25.938 ms - -[0m
[0mGET /produit/1695752820497e3.jpg [36m304 [0m16.149 ms - -[0m
[0mGET /produit/1695751668068ARR32.jpg [36m304 [0m20.882 ms - -[0m
[0mGET /produit/1695747027807TS1.jpg [36m304 [0m18.924 ms - -[0m
[0mGET /api/category/main/list [36m304 [0m169.106 ms - -[0m
[0mGET /api/product/getAllGroceryStaple [36m304 [0m140.302 ms - -[0m
[0mGET /api/customer/getUserByEmailId?email=alice@gmail.com [36m304 [0m140.033 ms - -[0m
[0mGET /produit/1695989511160e3.jpg [36m304 [0m26.719 ms - -[0m
[0mGET /produit/1695989763210acc1.jpg [36m304 [0m32.057 ms - -[0m
[0mGET /produit/1695989601836C2.jpg [36m304 [0m29.775 ms - -[0m
[0mGET /produit/1695989675538cas.jpg [36m304 [0m29.494 ms - -[0m
[0mGET /produit/1695991466032ENS3.jpg [36m304 [0m43.158 ms - -[0m
[0mGET /produit/1695991260175tap1.jpg [36m304 [0m41.755 ms - -[0m
[0mGET /produit/1695990880479SACS.jpg [36m304 [0m47.848 ms - -[0m
[0mGET /produit/1695754614263T1.jpg [36m304 [0m46.686 ms - -[0m
[0mGET /produit/1695754196334ENST.jpg [36m304 [0m45.689 ms - -[0m
[0mGET /produit/1695753661047tap3.jpg [36m304 [0m44.304 ms - -[0m
[0mGET /produit/1695752820497e3.jpg [36m304 [0m14.641 ms - -[0m
[0mGET /produit/1695751668068ARR32.jpg [36m304 [0m9.040 ms - -[0m
[0mGET /produit/1695747027807TS1.jpg [36m304 [0m6.368 ms - -[0m
[0mGET /api/category/main/list [36m304 [0m20.117 ms - -[0m
[0mGET /api/product/getAllGroceryStaple [36m304 [0m26.763 ms - -[0m
[0mGET /api/customer/getUserByEmailId?email=alice@gmail.com [36m304 [0m154.755 ms - -[0m
[0mGET /produit/1695989511160e3.jpg [36m304 [0m13.465 ms - -[0m
[0mGET /produit/1695989601836C2.jpg [36m304 [0m15.064 ms - -[0m
[0mGET /produit/1695989675538cas.jpg [36m304 [0m7.833 ms - -[0m
[0mGET /produit/1695989763210acc1.jpg [36m304 [0m9.596 ms - -[0m
[0mGET /produit/1695991466032ENS3.jpg [36m304 [0m6.282 ms - -[0m
[0mGET /produit/1695991260175tap1.jpg [36m304 [0m11.956 ms - -[0m
[0mGET /produit/1695990880479SACS.jpg [36m304 [0m14.298 ms - -[0m
[0mGET /produit/1695754614263T1.jpg [36m304 [0m15.055 ms - -[0m
[0mGET /produit/1695754196334ENST.jpg [36m304 [0m6.639 ms - -[0m
[0mGET /produit/1695753661047tap3.jpg [36m304 [0m6.689 ms - -[0m
[0mGET /produit/1695752820497e3.jpg [36m304 [0m12.719 ms - -[0m
[0mGET /produit/1695751668068ARR32.jpg [36m304 [0m12.015 ms - -[0m
[0mGET /produit/1695747027807TS1.jpg [36m304 [0m7.062 ms - -[0m
[0mGET /api/category/main/list [36m304 [0m64.052 ms - -[0m
[0mGET /api/product/getAllGroceryStaple [36m304 [0m64.322 ms - -[0m
[0mGET /api/customer/getUserByEmailId?email=alice@gmail.com [36m304 [0m31.185 ms - -[0m
[0mGET /api/category/main/list [36m304 [0m23.961 ms - -[0m
[0mGET /api/customer/getUserByEmailId?email=alice@gmail.com [36m304 [0m26.363 ms - -[0m
[0mGET /api/product/getAllGroceryStaple [36m304 [0m163.521 ms - -[0m
[0mGET /produit/1695991466032ENS3.jpg [36m304 [0m21.231 ms - -[0m
[0mGET /produit/1695991260175tap1.jpg [36m304 [0m20.788 ms - -[0m
[0mGET /produit/1695990880479SACS.jpg [36m304 [0m24.271 ms - -[0m
[0mGET /produit/1695754614263T1.jpg [36m304 [0m32.275 ms - -[0m
[0mGET /produit/1695754196334ENST.jpg [36m304 [0m27.577 ms - -[0m
[0mGET /produit/1695753661047tap3.jpg [36m304 [0m19.537 ms - -[0m
[0mGET /produit/1695752820497e3.jpg [36m304 [0m6.486 ms - -[0m
[0mGET /produit/1695751668068ARR32.jpg [36m304 [0m6.541 ms - -[0m
[0mGET /produit/1695747027807TS1.jpg [36m304 [0m6.976 ms - -[0m
[0mGET /produit/1695989511160e3.jpg [36m304 [0m12.735 ms - -[0m
[0mGET /produit/1695989601836C2.jpg [36m304 [0m13.524 ms - -[0m
[0mGET /produit/1695989675538cas.jpg [36m304 [0m15.170 ms - -[0m
[0mGET /produit/1695989763210acc1.jpg [36m304 [0m13.953 ms - -[0m
[0mGET /api/category/cn/list?name=VETEMENTS [36m304 [0m178.066 ms - -[0m
[0mGET /api/product/list/VETEMENTS [36m304 [0m82.490 ms - -[0m
[0mGET /api/customer/getUserByEmailId?email=alice@gmail.com [36m304 [0m33.661 ms - -[0m
[0mGET /api/customer/getUserByEmailId?email=alice@gmail.com [36m304 [0m32.780 ms - -[0m
[0mGET /api/customer/getUserByEmailId?email=alice@gmail.com [36m304 [0m20.932 ms - -[0m
[0mGET /api/customer/getUserByEmailId?email=alice@gmail.com [36m304 [0m17.173 ms - -[0m
[0mGET /api/customer/getUserByEmailId?email=alice@gmail.com [36m304 [0m56.747 ms - -[0m
[0mGET /api/customer/getUserByEmailId?email=alice@gmail.com [36m304 [0m24.106 ms - -[0m
[0mGET /api/customer/getUserByEmailId?email=alice@gmail.com [36m304 [0m23.592 ms - -[0m
[0mGET /api/customer/getUserByEmailId?email=alice@gmail.com [36m304 [0m26.013 ms - -[0m
[0mGET /api/customer/getUserByEmailId?email=alice@gmail.com [36m304 [0m51.208 ms - -[0m
[0mGET /api/category/main/list [36m304 [0m60.271 ms - -[0m
[0mGET /api/product/getAllGroceryStaple [36m304 [0m51.918 ms - -[0m
[0mGET /produit/1695989511160e3.jpg [36m304 [0m20.642 ms - -[0m
[0mGET /produit/1695989601836C2.jpg [36m304 [0m20.201 ms - -[0m
[0mGET /produit/1695989763210acc1.jpg [36m304 [0m19.644 ms - -[0m
[0mGET /produit/1695989675538cas.jpg [36m304 [0m27.335 ms - -[0m
[0mGET /produit/1695991466032ENS3.jpg [36m304 [0m30.906 ms - -[0m
[0mGET /produit/1695991260175tap1.jpg [36m304 [0m27.091 ms - -[0m
[0mGET /produit/1695990880479SACS.jpg [36m304 [0m28.938 ms - -[0m
[0mGET /produit/1695754614263T1.jpg [36m304 [0m31.141 ms - -[0m
[0mGET /produit/1695754196334ENST.jpg [36m304 [0m28.905 ms - -[0m
[0mGET /produit/1695753661047tap3.jpg [36m304 [0m27.733 ms - -[0m
[0mGET /produit/1695752820497e3.jpg [36m304 [0m14.979 ms - -[0m
[0mGET /produit/1695751668068ARR32.jpg [36m304 [0m10.890 ms - -[0m
[0mGET /produit/1695747027807TS1.jpg [36m304 [0m10.348 ms - -[0m
[0mGET /api/customer/getUserByEmailId?email=alice@gmail.com [36m304 [0m76.245 ms - -[0m
[0mGET /api/category/main/list [36m304 [0m65.565 ms - -[0m
[0mGET /api/product/getAllGroceryStaple [36m304 [0m99.542 ms - -[0m
[0mGET /produit/1695991466032ENS3.jpg [36m304 [0m34.548 ms - -[0m
[0mGET /produit/1695991260175tap1.jpg [36m304 [0m31.769 ms - -[0m
[0mGET /produit/1695990880479SACS.jpg [36m304 [0m30.283 ms - -[0m
[0mGET /produit/1695754614263T1.jpg [36m304 [0m27.963 ms - -[0m
[0mGET /produit/1695754196334ENST.jpg [36m304 [0m26.023 ms - -[0m
[0mGET /produit/1695753661047tap3.jpg [36m304 [0m26.015 ms - -[0m
[0mGET /produit/1695752820497e3.jpg [36m304 [0m7.950 ms - -[0m
[0mGET /produit/1695751668068ARR32.jpg [36m304 [0m15.211 ms - -[0m
[0mGET /produit/1695747027807TS1.jpg [36m304 [0m8.194 ms - -[0m
[0mGET /produit/1695989511160e3.jpg [36m304 [0m21.879 ms - -[0m
[0mGET /produit/1695989601836C2.jpg [36m304 [0m18.395 ms - -[0m
[0mGET /produit/1695989675538cas.jpg [36m304 [0m16.179 ms - -[0m
[0mGET /produit/1695989763210acc1.jpg [36m304 [0m14.793 ms - -[0m
[0mGET /api/customer/getUserByEmailId?email=alice@gmail.com [36m304 [0m42.180 ms - -[0m
[0mGET /api/customer/getUserByEmailId?email=alice@gmail.com [36m304 [0m29.638 ms - -[0m
[0mGET /api/customer/getUserByEmailId?email=alice@gmail.com [36m304 [0m20.030 ms - -[0m
[0mGET /api/customer/getUserByEmailId?email=alice@gmail.com [36m304 [0m27.898 ms - -[0m
[0mGET /api/customer/getUserByEmailId?email=alice@gmail.com [36m304 [0m61.684 ms - -[0m
[0mGET /api/category/main/list [36m304 [0m23.239 ms - -[0m
[0mGET /api/product/getAllGroceryStaple [36m304 [0m33.764 ms - -[0m
[0mGET /produit/1695989511160e3.jpg [36m304 [0m23.538 ms - -[0m
[0mGET /produit/1695989601836C2.jpg [36m304 [0m19.847 ms - -[0m
[0mGET /produit/1695989675538cas.jpg [36m304 [0m23.096 ms - -[0m
[0mGET /produit/1695989763210acc1.jpg [36m304 [0m12.650 ms - -[0m
[0mGET /produit/1695991466032ENS3.jpg [36m304 [0m38.049 ms - -[0m
[0mGET /produit/1695991260175tap1.jpg [36m304 [0m39.073 ms - -[0m
[0mGET /produit/1695990880479SACS.jpg [36m304 [0m37.501 ms - -[0m
[0mGET /produit/1695754614263T1.jpg [36m304 [0m31.048 ms - -[0m
[0mGET /produit/1695754196334ENST.jpg [36m304 [0m25.731 ms - -[0m
[0mGET /produit/1695753661047tap3.jpg [36m304 [0m26.176 ms - -[0m
[0mGET /produit/1695752820497e3.jpg [36m304 [0m8.720 ms - -[0m
[0mGET /produit/1695751668068ARR32.jpg [36m304 [0m15.320 ms - -[0m
[0mGET /produit/1695747027807TS1.jpg [36m304 [0m12.490 ms - -[0m
[0mGET /api/category/cn/list?name=VETEMENTS [36m304 [0m42.109 ms - -[0m
[0mGET /api/product/list/VETEMENTS [36m304 [0m130.903 ms - -[0m
[0mGET /api/customer/getUserByEmailId?email=alice@gmail.com [36m304 [0m96.520 ms - -[0m
[0mGET /produit/1695754196334ENST.jpg [36m304 [0m131.749 ms - -[0m
[0mGET /api/customer/getUserByEmailId?email=alice@gmail.com [36m304 [0m36.237 ms - -[0m
[0mGET /api/category/main/list [36m304 [0m52.340 ms - -[0m
[0mGET /api/product/getAllGroceryStaple [36m304 [0m86.070 ms - -[0m
[0mGET /produit/1695989511160e3.jpg [36m304 [0m41.502 ms - -[0m
[0mGET /produit/1695989601836C2.jpg [36m304 [0m32.415 ms - -[0m
[0mGET /produit/1695989763210acc1.jpg [36m304 [0m27.073 ms - -[0m
[0mGET /produit/1695989675538cas.jpg [36m304 [0m36.160 ms - -[0m
[0mGET /produit/1695754196334ENST.jpg [36m304 [0m3.678 ms - -[0m
[0mGET /produit/1695991466032ENS3.jpg [36m304 [0m37.215 ms - -[0m
[0mGET /produit/1695990880479SACS.jpg [36m304 [0m36.572 ms - -[0m
[0mGET /produit/1695753661047tap3.jpg [36m304 [0m33.377 ms - -[0m
[0mGET /produit/1695991260175tap1.jpg [36m304 [0m46.387 ms - -[0m
[0mGET /produit/1695754614263T1.jpg [36m304 [0m115.823 ms - -[0m
[0mGET /produit/1695752820497e3.jpg [36m304 [0m110.301 ms - -[0m
[0mGET /produit/1695751668068ARR32.jpg [36m304 [0m45.773 ms - -[0m
[0mGET /produit/1695747027807TS1.jpg [36m304 [0m46.256 ms - -[0m
[0mGET /api/category/cn/list?name=VETEMENTS [36m304 [0m97.360 ms - -[0m
[0mGET /api/product/list/VETEMENTS [36m304 [0m56.931 ms - -[0m
[0mGET / [33m404 [0m498.010 ms - 7714[0m
[0mGET /api/customer/getUserByEmailId?email=alice@gmail.com [36m304 [0m487.685 ms - -[0m
[0mGET /api/category/main/list [36m304 [0m68.546 ms - -[0m
[0mGET /api/product/getAllGroceryStaple [36m304 [0m73.436 ms - -[0m
[0mGET /produit/1695989511160e3.jpg [36m304 [0m6.185 ms - -[0m
[0mGET /produit/1695989601836C2.jpg [36m304 [0m38.092 ms - -[0m
[0mGET /produit/1695989675538cas.jpg [36m304 [0m36.921 ms - -[0m
[0mGET /produit/1695989763210acc1.jpg [36m304 [0m13.188 ms - -[0m
[0mGET /produit/1695991466032ENS3.jpg [36m304 [0m6.180 ms - -[0m
[0mGET /produit/1695991260175tap1.jpg [36m304 [0m59.334 ms - -[0m
[0mGET /produit/1695990880479SACS.jpg [36m304 [0m25.416 ms - -[0m
[0mGET /produit/1695754614263T1.jpg [36m304 [0m25.905 ms - -[0m
[0mGET /produit/1695753661047tap3.jpg [36m304 [0m17.321 ms - -[0m
[0mGET /produit/1695751668068ARR32.jpg [36m304 [0m15.417 ms - -[0m
[0mGET /api/category/cn/list?name=VETEMENTS [36m304 [0m370.675 ms - -[0m
[0mGET /api/product/list/VETEMENTS [36m304 [0m319.037 ms - -[0m
[0mGET /api/product/getWebProductById?id=1 [36m304 [0m732.319 ms - -[0m
[0mGET /produit/1696020142327TS1.jpg [36m304 [0m61.010 ms - -[0m
[0mGET /produit/1695940802934TS3.jpg [36m304 [0m23.671 ms - -[0m
[0mGET /produit/1695934819282TS5.jpg [36m304 [0m37.929 ms - -[0m
[0mGET /produit/1695934506632TS2.jpg [36m304 [0m37.338 ms - -[0m
[0mGET /api/product/getWebProductById?id=1 [36m304 [0m112.465 ms - -[0m
[0mGET /api/customer/getUserByEmailId?email=alice@gmail.com [36m304 [0m179.009 ms - -[0m
[0mGET /api/product/getWebProductById?id=1 [36m304 [0m77.011 ms - -[0m
[0mGET /api/customer/getUserByEmailId?email=alice@gmail.com [36m304 [0m188.946 ms - -[0m
[0mGET /api/product/getWebProductById?id=1 [36m304 [0m496.120 ms - -[0m
[0mGET /api/customer/getUserByEmailId?email=alice@gmail.com [36m304 [0m1691.199 ms - -[0m
[0mGET /produit/1696020142327TS1.jpg [36m304 [0m110.966 ms - -[0m
[0mGET /produit/1695934506632TS2.jpg [36m304 [0m108.064 ms - -[0m
[0mGET /produit/1695934819282TS5.jpg [36m304 [0m67.954 ms - -[0m
[0mGET /produit/1695940802934TS3.jpg [36m304 [0m68.031 ms - -[0m
[0mGET /api/product/getWebProductById?id=1 [36m304 [0m73.048 ms - -[0m
[0mGET /api/product/getWebProductById?id=1 [36m304 [0m49.355 ms - -[0m
[0mGET /api/product/getWebProductById?id=1 [36m304 [0m503.465 ms - -[0m
[0mGET /api/customer/getUserByEmailId?email=alice@gmail.com [36m304 [0m250.905 ms - -[0m
[0mGET /produit/1696020142327TS1.jpg [36m304 [0m68.469 ms - -[0m
[0mGET /produit/1695934506632TS2.jpg [36m304 [0m42.353 ms - -[0m
[0mGET /produit/1695934819282TS5.jpg [36m304 [0m40.420 ms - -[0m
[0mGET /produit/1695940802934TS3.jpg [36m304 [0m13.318 ms - -[0m
[0mGET /api/product/getWebProductById?id=1 [36m304 [0m140.526 ms - -[0m
[0mGET /api/product/getWebProductById?id=1 [36m304 [0m180.219 ms - -[0m
[0mGET /api/product/getWebProductById?id=1 [36m304 [0m66.833 ms - -[0m
[0mGET /api/product/getWebProductById?id=1 [36m304 [0m53.755 ms - -[0m
[0mGET /api/product/getWebProductById?id=1 [36m304 [0m211.181 ms - -[0m
[0mGET /api/customer/getUserByEmailId?email=alice@gmail.com [36m304 [0m192.441 ms - -[0m
[0mGET /produit/1696020142327TS1.jpg [36m304 [0m7.142 ms - -[0m
[0mGET /produit/1695934506632TS2.jpg [36m304 [0m88.287 ms - -[0m
[0mGET /produit/1695934819282TS5.jpg [36m304 [0m50.561 ms - -[0m
[0mGET /produit/1695940802934TS3.jpg [36m304 [0m12.991 ms - -[0m
[0mGET /produit/1695747027807TS1.jpg [36m304 [0m24.309 ms - -[0m
[0mGET /produit/1695747027807TS1.jpg [36m304 [0m6.956 ms - -[0m
[0mGET / [33m404 [0m166.341 ms - 7714[0m
[0mGET /api/customer/getUserByEmailId?email=alice@gmail.com [36m304 [0m353.205 ms - -[0m
[0mGET /api/customer/getUserByEmailId?email=alice@gmail.com [36m304 [0m256.543 ms - -[0m
[0mGET /api/category/main/list [36m304 [0m146.395 ms - -[0m
[0mGET /api/product/getAllGroceryStaple [36m304 [0m161.490 ms - -[0m
[0mGET /produit/1695989511160e3.jpg [36m304 [0m30.524 ms - -[0m
[0mGET /produit/1695989601836C2.jpg [36m304 [0m19.377 ms - -[0m
[0mGET /produit/1695989675538cas.jpg [36m304 [0m19.775 ms - -[0m
[0mGET /produit/1695989763210acc1.jpg [36m304 [0m17.418 ms - -[0m
[0mGET /produit/1695747027807TS1.jpg [36m304 [0m5.871 ms - -[0m
[0mGET /produit/1695991466032ENS3.jpg [36m304 [0m270.102 ms - -[0m
[0mGET /produit/1695991260175tap1.jpg [36m304 [0m271.299 ms - -[0m
[0mGET /produit/1695990880479SACS.jpg [36m304 [0m108.746 ms - -[0m
[0mGET /produit/1695754614263T1.jpg [36m304 [0m112.652 ms - -[0m
[0mGET /produit/1695753661047tap3.jpg [36m304 [0m87.957 ms - -[0m
[0mGET /produit/1695754196334ENST.jpg [36m304 [0m107.008 ms - -[0m
[0mGET /produit/1695752820497e3.jpg [36m304 [0m113.949 ms - -[0m
[0mGET /produit/1695751668068ARR32.jpg [36m304 [0m113.532 ms - -[0m
[0mGET /api/product/list/CHAUSSURES [32m200 [0m205.873 ms - 772[0m
[0mGET /api/category/cn/list?name=CHAUSSURES [32m200 [0m538.462 ms - 982[0m
[0mGET /api/product/getAllGroceryStaple [36m304 [0m59.252 ms - -[0m
[0mGET /api/category/main/list [36m304 [0m376.809 ms - -[0m
[0mGET /produit/1695991466032ENS3.jpg [36m304 [0m142.883 ms - -[0m
[0mGET /produit/1695990880479SACS.jpg [36m304 [0m127.863 ms - -[0m
[0mGET /produit/1695754614263T1.jpg [36m304 [0m124.332 ms - -[0m
[0mGET /produit/1695991260175tap1.jpg [36m304 [0m119.591 ms - -[0m
[0mGET /produit/1695752820497e3.jpg [36m304 [0m116.226 ms - -[0m
[0mGET /produit/1695754196334ENST.jpg [36m304 [0m114.202 ms - -[0m
[0mGET /produit/1695989675538cas.jpg [36m304 [0m37.510 ms - -[0m
[0mGET /produit/1695989511160e3.jpg [36m304 [0m34.038 ms - -[0m
[0mGET /produit/1695989763210acc1.jpg [36m304 [0m31.454 ms - -[0m
[0mGET /produit/1695989601836C2.jpg [36m304 [0m30.265 ms - -[0m
[0mGET /api/category/cn/list?name=VETEMENTS [36m304 [0m169.047 ms - -[0m
[0mGET /api/product/list/VETEMENTS [36m304 [0m86.583 ms - -[0m
[0mGET /produit/1695747027807TS1.jpg [36m304 [0m6.227 ms - -[0m
[0mGET /api/product/getWebProductById?id=5 [36m304 [0m239.514 ms - -[0m
[0mGET /produit/1695991670018ENS4.jpg [36m304 [0m12.806 ms - -[0m
[0mGET /produit/1695941364451ENSY.jpg [36m304 [0m23.365 ms - -[0m
[0mGET /produit/1696020094574ENST.jpg [36m304 [0m24.208 ms - -[0m
[0mGET /produit/1695751668068ARR32.jpg [36m304 [0m5.684 ms - -[0m
[0mGET /api/product/getWebProductById?id=5 [36m304 [0m52.989 ms - -[0m
[0mGET /api/product/getWebProductById?id=5 [36m304 [0m74.844 ms - -[0m
[0mGET /api/product/getWebProductById?id=5 [36m304 [0m2226.807 ms - -[0m
[0mGET /api/product/getWebProductById?id=5 [36m304 [0m92.906 ms - -[0m
[0mGET /api/product/getWebProductById?id=5 [36m304 [0m21.569 ms - -[0m
[0mGET /api/product/getWebProductById?id=5 [36m304 [0m288.686 ms - -[0m
[0mGET /api/customer/getUserByEmailId?email=alice@gmail.com [36m304 [0m210.533 ms - -[0m
[0mGET /produit/1696020094574ENST.jpg [36m304 [0m813.157 ms - -[0m
[0mGET /produit/1695941364451ENSY.jpg [36m304 [0m1934.948 ms - -[0m
[0mGET /produit/1695991670018ENS4.jpg [36m304 [0m1281.318 ms - -[0m
[0mGET /api/product/getWebProductById?id=5 [36m304 [0m32.063 ms - -[0m
[0mGET /produit/1695754196334ENST.jpg [36m304 [0m18.283 ms - -[0m
[0mGET /api/category/main/list [36m304 [0m60.642 ms - -[0m
[0mGET /api/product/getAllGroceryStaple [36m304 [0m111.320 ms - -[0m
[0mGET /produit/1695989511160e3.jpg [36m304 [0m6.050 ms - -[0m
[0mGET /produit/1695989601836C2.jpg [36m304 [0m17.335 ms - -[0m
[0mGET /produit/1695989675538cas.jpg [36m304 [0m14.101 ms - -[0m
[0mGET /produit/1695989763210acc1.jpg [36m304 [0m12.425 ms - -[0m
[0mGET /produit/1695991466032ENS3.jpg [36m304 [0m15.985 ms - -[0m
[0mGET /produit/1695991260175tap1.jpg [36m304 [0m34.821 ms - -[0m
[0mGET /produit/1695990880479SACS.jpg [36m304 [0m34.956 ms - -[0m
[0mGET /produit/1695754614263T1.jpg [36m304 [0m28.183 ms - -[0m
[0mGET /produit/1695753661047tap3.jpg [36m304 [0m23.409 ms - -[0m
[0mGET /produit/1695752820497e3.jpg [36m304 [0m17.697 ms - -[0m
[0mGET /produit/1695751668068ARR32.jpg [36m304 [0m12.009 ms - -[0m
[0mGET /produit/1695747027807TS1.jpg [36m304 [0m7.970 ms - -[0m
[0mGET /api/category/cn/list?name=VETEMENTS [36m304 [0m71.362 ms - -[0m
[0mGET /api/product/list/VETEMENTS [36m304 [0m59.686 ms - -[0m
[0mGET / [33m404 [0m48.964 ms - 7714[0m
[0mGET /api/customer/getUserByEmailId?email=alice@gmail.com [36m304 [0m64.835 ms - -[0m
[0mGET /api/category/main/list [36m304 [0m142.373 ms - -[0m
[0mGET /api/product/getAllGroceryStaple [36m304 [0m81.081 ms - -[0m
[0mGET /produit/1695989511160e3.jpg [36m304 [0m29.742 ms - -[0m
[0mGET /produit/1695989601836C2.jpg [36m304 [0m20.923 ms - -[0m
[0mGET /produit/1695989675538cas.jpg [36m304 [0m19.720 ms - -[0m
[0mGET /produit/1695989763210acc1.jpg [36m304 [0m16.367 ms - -[0m
[0mGET /produit/1695991466032ENS3.jpg [36m304 [0m32.541 ms - -[0m
[0mGET /produit/1695991260175tap1.jpg [36m304 [0m29.436 ms - -[0m
[0mGET /produit/1695990880479SACS.jpg [36m304 [0m31.063 ms - -[0m
[0mGET /produit/1695751668068ARR32.jpg [36m304 [0m18.425 ms - -[0m
[0mGET /produit/1695753661047tap3.jpg [36m304 [0m27.723 ms - -[0m
[0mGET /produit/1695747027807TS1.jpg [36m304 [0m19.436 ms - -[0m
[0mGET /api/product/list/VETEMENTS [36m304 [0m150.836 ms - -[0m
[0mGET /api/category/cn/list?name=VETEMENTS [36m304 [0m236.358 ms - -[0m
[0mGET /produit/1695747027807TS1.jpg [36m304 [0m30.245 ms - -[0m
[0mGET /produit/1695754196334ENST.jpg [36m304 [0m26.251 ms - -[0m
[0mGET /produit/1695752820497e3.jpg [36m304 [0m22.690 ms - -[0m
[0mGET /produit/1695754614263T1.jpg [36m304 [0m20.173 ms - -[0m
[0mGET /produit/1695991466032ENS3.jpg [36m304 [0m19.543 ms - -[0m
[0mGET /api/product/getWebProductById?id=1 [36m304 [0m69.236 ms - -[0m
[0mGET /produit/1696020142327TS1.jpg [36m304 [0m23.142 ms - -[0m
[0mGET /produit/1695934506632TS2.jpg [36m304 [0m19.681 ms - -[0m
[0mGET /produit/1695934819282TS5.jpg [36m304 [0m17.024 ms - -[0m
[0mGET /produit/1695940802934TS3.jpg [36m304 [0m15.281 ms - -[0m
[0mGET /api/product/getWebProductById?id=1 [36m304 [0m142.314 ms - -[0m
[0mGET /api/product/getWebProductById?id=1 [36m304 [0m14.115 ms - -[0m
[0mGET /api/product/getWebProductById?id=1 [36m304 [0m132.520 ms - -[0m
[0mGET /api/product/getWebProductById?id=1 [36m304 [0m20.947 ms - -[0m
[0mGET /api/customer/getUserByEmailId?email=alice@gmail.com [36m304 [0m319.489 ms - -[0m
[0mGET /produit/1696020142327TS1.jpg [36m304 [0m25.136 ms - -[0m
[0mGET /produit/1695934506632TS2.jpg [36m304 [0m24.220 ms - -[0m
[0mGET /produit/1695934819282TS5.jpg [36m304 [0m17.122 ms - -[0m
[0mGET /produit/1695940802934TS3.jpg [36m304 [0m17.023 ms - -[0m
[0mGET /api/product/getWebProductById?id=1 [36m304 [0m23.596 ms - -[0m
[0mGET /api/customer/getUserByEmailId?email=alice@gmail.com [36m304 [0m191.100 ms - -[0m
[0mGET /produit/1696020142327TS1.jpg [36m304 [0m8.326 ms - -[0m
[0mGET /produit/1695934506632TS2.jpg [36m304 [0m7.377 ms - -[0m
[0mGET /produit/1695934819282TS5.jpg [36m304 [0m7.419 ms - -[0m
[0mGET /produit/1695940802934TS3.jpg [36m304 [0m9.883 ms - -[0m
[0mGET /api/product/getWebProductById?id=1 [36m304 [0m24.918 ms - -[0m
[0mGET /api/customer/getUserByEmailId?email=alice@gmail.com [36m304 [0m28.243 ms - -[0m
[0mGET /api/product/getWebProductById?id=1 [36m304 [0m28.235 ms - -[0m
[0mGET /api/customer/getUserByEmailId?email=alice@gmail.com [36m304 [0m27.400 ms - -[0m
[0mGET /api/product/getWebProductById?id=1 [36m304 [0m27.232 ms - -[0m
[0mGET /api/customer/getUserByEmailId?email=alice@gmail.com [36m304 [0m27.389 ms - -[0m
