[0mGET /api/product/getWebProductById?id=5 [36m304 [0m722.818 ms - -[0m
[0mGET /api/product/similar?chilCategoryId=2 [36m304 [0m48.804 ms - -[0m
[0mGET /api/product/getWebProductById?id=5 [36m304 [0m111.922 ms - -[0m
[0mGET /api/product/similar?chilCategoryId=2 [36m304 [0m52.582 ms - -[0m
[0mGET /api/product/getWebProductById?id=5 [36m304 [0m37.500 ms - -[0m
[0mGET /api/product/similar?chilCategoryId=2 [36m304 [0m113.485 ms - -[0m
[0mGET /api/product/getWebProductById?id=5 [36m304 [0m68.794 ms - -[0m
[0mGET /api/product/similar?chilCategoryId=2 [36m304 [0m108.249 ms - -[0m
[0mGET /api/product/getWebProductById?id=5 [36m304 [0m432.344 ms - -[0m
[0mGET /api/product/similar?chilCategoryId=2 [36m304 [0m76.906 ms - -[0m
[0mGET /api/product/getWebProductById?id=5 [36m304 [0m13.455 ms - -[0m
[0mGET /api/product/similar?chilCategoryId=2 [36m304 [0m287.967 ms - -[0m
[0mGET /api/product/getWebProductById?id=5 [36m304 [0m304.168 ms - -[0m
[0mGET /api/product/similar?chilCategoryId=2 [36m304 [0m184.669 ms - -[0m
[0mGET /api/product/getWebProductById?id=5 [36m304 [0m146.635 ms - -[0m
[0mGET /api/product/similar?chilCategoryId=2 [36m304 [0m7.501 ms - -[0m
[0mGET /api/category/main/list [36m304 [0m550.827 ms - -[0m
[0mGET /api/product/list/VETEMENTS [36m304 [0m1097.524 ms - -[0m
[0mGET /api/product/getWebProductById?id=5 [36m304 [0m96.928 ms - -[0m
[0mGET /api/product/similar?chilCategoryId=2 [36m304 [0m257.696 ms - -[0m
[0mGET /api/product/getWebProductById?id=5 [36m304 [0m139.999 ms - -[0m
[0mGET /api/product/similar?chilCategoryId=2 [36m304 [0m64.977 ms - -[0m
[0mGET /api/product/getWebProductById?id=5 [36m304 [0m716.975 ms - -[0m
[0mGET /api/product/similar?chilCategoryId=2 [36m304 [0m14.186 ms - -[0m
[0mGET /api/product/getWebProductById?id=5 [36m304 [0m10.042 ms - -[0m
[0mGET /api/product/similar?chilCategoryId=2 [36m304 [0m647.909 ms - -[0m
[0mGET /api/product/getWebProductById?id=5 [36m304 [0m61.492 ms - -[0m
[0mGET /api/product/similar?chilCategoryId=2 [36m304 [0m24.657 ms - -[0m
[0mGET /api/product/getWebProductById?id=5 [36m304 [0m227.045 ms - -[0m
[0mGET /api/product/similar?chilCategoryId=2 [36m304 [0m140.605 ms - -[0m
[0mGET /api/product/getWebProductById?id=5 [36m304 [0m78.831 ms - -[0m
[0mGET /api/product/similar?chilCategoryId=2 [36m304 [0m696.987 ms - -[0m
[0mGET /api/product/getWebProductById?id=5 [36m304 [0m128.191 ms - -[0m
[0mGET /api/product/similar?chilCategoryId=2 [36m304 [0m20.492 ms - -[0m
[0mGET /api/product/getWebProductById?id=5 [36m304 [0m208.749 ms - -[0m
[0mGET /api/product/similar?chilCategoryId=2 [36m304 [0m182.912 ms - -[0m
[0mGET /api/product/getWebProductById?id=5 [36m304 [0m135.043 ms - -[0m
[0mGET /api/product/similar?chilCategoryId=2 [36m304 [0m502.566 ms - -[0m
[0mGET /api/product/getWebProductById?id=5 [36m304 [0m132.439 ms - -[0m
[0mGET /api/product/similar?chilCategoryId=2 [36m304 [0m9.663 ms - -[0m
[0mGET /api/product/getWebProductById?id=5 [36m304 [0m376.997 ms - -[0m
[0mGET /api/product/similar?chilCategoryId=2 [36m304 [0m22.435 ms - -[0m
[0mGET /api/product/getWebProductById?id=5 [36m304 [0m71.298 ms - -[0m
[0mGET /api/product/similar?chilCategoryId=2 [36m304 [0m240.343 ms - -[0m
[0mGET /api/product/getWebProductById?id=1 [36m304 [0m207.166 ms - -[0m
[0mGET /api/product/similar?chilCategoryId=3 [36m304 [0m8.757 ms - -[0m
[0mGET /api/product/getWebProductById?id=1 [36m304 [0m450.890 ms - -[0m
[0mGET /api/product/similar?chilCategoryId=3 [36m304 [0m283.679 ms - -[0m
[0mGET /api/category/main/list [36m304 [0m7013.313 ms - -[0m
[0mGET /api/product/list/VETEMENTS [36m304 [0m7128.206 ms - -[0m
[0mGET /api/product/list/VETEMENTS [36m304 [0m6471.394 ms - -[0m
[0mGET /api/product/getWebProductById?id=5 [36m304 [0m937.171 ms - -[0m
[0mGET /api/product/similar?chilCategoryId=2 [36m304 [0m449.807 ms - -[0m
[0mGET /api/category/main/list [36m304 [0m10023.396 ms - -[0m
[0mGET /api/product/list/VETEMENTS [36m304 [0m2617.680 ms - -[0m
[0mGET /api/product/list/VETEMENTS [36m304 [0m4812.329 ms - -[0m
[0mGET /api/product/list/VETEMENTS [36m304 [0m1628.109 ms - -[0m
[0mGET /api/product/getWebProductById?id=5 [36m304 [0m789.115 ms - -[0m
[0mGET /api/product/similar?chilCategoryId=2 [36m304 [0m141.707 ms - -[0m
[0mGET /api/product/getWebProductById?id=5 [36m304 [0m929.829 ms - -[0m
[0mGET /api/product/similar?chilCategoryId=2 [36m304 [0m46.808 ms - -[0m
[0mGET /api/product/getWebProductById?id=5 [36m304 [0m801.168 ms - -[0m
[0mGET /api/product/similar?chilCategoryId=2 [36m304 [0m301.344 ms - -[0m
[0mGET /api/category/main/list [36m304 [0m90.646 ms - -[0m
[0mGET /api/product/list/VETEMENTS [36m304 [0m1552.831 ms - -[0m
[0mGET /api/product/list/VETEMENTS [36m304 [0m323.265 ms - -[0m
[0mGET /api/product/getWebProductById?id=5 [36m304 [0m74.051 ms - -[0m
[0mGET /api/product/getWebProductById?id=5 [36m304 [0m848.255 ms - -[0m
[0mGET /api/product/similar?chilCategoryId=2 [36m304 [0m675.591 ms - -[0m
[0mGET /api/category/main/list [36m304 [0m72.550 ms - -[0m
[0mGET /api/product/list/VETEMENTS [36m304 [0m189.297 ms - -[0m
[0mGET /api/product/list/VETEMENTS [36m304 [0m494.338 ms - -[0m
[0mGET /api/product/getWebProductById?id=5 [36m304 [0m378.971 ms - -[0m
[0mGET /api/category/main/list [36m304 [0m757.978 ms - -[0m
[0mGET /api/product/list/VETEMENTS [36m304 [0m843.735 ms - -[0m
[0mGET /api/product/getWebProductById?id=5 [36m304 [0m399.153 ms - -[0m
[0mGET /api/product/similar?chilCategoryId=2 [36m304 [0m84.137 ms - -[0m
[0mGET /api/category/main/list [36m304 [0m3768.429 ms - -[0m
[0mGET /api/product/list/VETEMENTS [36m304 [0m1027.681 ms - -[0m
[0mGET /api/product/list/VETEMENTS [36m304 [0m916.057 ms - -[0m
[0mGET /api/product/getWebProductById?id=5 [36m304 [0m1453.771 ms - -[0m
[0mGET /api/product/getWebProductById?id=5 [36m304 [0m332.949 ms - -[0m
[0mGET /api/product/similar?chilCategoryId=2 [36m304 [0m490.909 ms - -[0m
[0mGET /api/product/similar?chilCategoryId=2 [36m304 [0m175.027 ms - -[0m
[0mGET /api/product/getWebProductById?id=5 [36m304 [0m248.875 ms - -[0m
[0mGET /api/category/main/list [36m304 [0m212.694 ms - -[0m
[0mGET /api/product/list/VETEMENTS [36m304 [0m754.096 ms - -[0m
[0mGET /api/product/list/VETEMENTS [36m304 [0m249.867 ms - -[0m
[0mGET /api/product/getWebProductById?id=5 [36m304 [0m118.916 ms - -[0m
[0mGET /api/product/similar?chilCategoryId=2 [36m304 [0m116.697 ms - -[0m
[0mGET /api/product/getWebProductById?id=5 [36m304 [0m107.082 ms - -[0m
[0mGET /api/product/similar?chilCategoryId=2 [36m304 [0m134.047 ms - -[0m
[0mGET /api/product/getWebProductById?id=5 [36m304 [0m2378.611 ms - -[0m
[0mGET /api/category/main/list [36m304 [0m9302.978 ms - -[0m
[0mGET /api/product/list/VETEMENTS [36m304 [0m4322.935 ms - -[0m
[0mGET /api/product/getWebProductById?id=5 [36m304 [0m487.107 ms - -[0m
[0mGET /api/product/similar?chilCategoryId=2 [36m304 [0m388.531 ms - -[0m
[0mGET /api/category/main/list [36m304 [0m153.296 ms - -[0m
[0mGET /api/product/list/VETEMENTS [36m304 [0m395.411 ms - -[0m
[0mGET /api/product/getWebProductById?id=5 [36m304 [0m201.066 ms - -[0m
[0mGET /api/category/main/list [36m304 [0m119.599 ms - -[0m
[0mGET /api/product/list/VETEMENTS [36m304 [0m186.359 ms - -[0m
[0mGET /api/product/getWebProductById?id=5 [36m304 [0m779.204 ms - -[0m
[0mGET /api/category/main/list [36m304 [0m166.964 ms - -[0m
[0mGET /api/product/list/VETEMENTS [36m304 [0m809.999 ms - -[0m
[0mGET /api/product/getWebProductById?id=5 [36m304 [0m105.711 ms - -[0m
[0mGET /api/product/similar?chilCategoryId=2 [36m304 [0m289.861 ms - -[0m
[0mGET /api/product/getWebProductById?id=5 [36m304 [0m151.260 ms - -[0m
[0mGET /api/product/similar?chilCategoryId=2 [36m304 [0m22.740 ms - -[0m
[0mGET /api/product/getWebProductById?id=5 [36m304 [0m63.619 ms - -[0m
[0mGET /api/product/similar?chilCategoryId=2 [36m304 [0m227.782 ms - -[0m
[0mGET /api/product/getWebProductById?id=5 [36m304 [0m455.533 ms - -[0m
[0mGET /api/product/similar?chilCategoryId=2 [36m304 [0m278.091 ms - -[0m
[0mGET /api/product/getWebProductById?id=5 [36m304 [0m31.783 ms - -[0m
[0mGET /api/product/similar?chilCategoryId=2 [36m304 [0m65.125 ms - -[0m
[0mGET /api/product/getWebProductById?id=5 [36m304 [0m252.444 ms - -[0m
[0mGET /api/product/similar?chilCategoryId=2 [36m304 [0m5.597 ms - -[0m
[0mGET /api/product/getWebProductById?id=5 [36m304 [0m101.524 ms - -[0m
[0mGET /api/product/similar?chilCategoryId=2 [36m304 [0m164.569 ms - -[0m
[0mGET /api/product/getWebProductById?id=5 [36m304 [0m200.261 ms - -[0m
[0mGET /api/product/similar?chilCategoryId=2 [36m304 [0m62.461 ms - -[0m
[0mGET /api/product/getWebProductById?id=5 [36m304 [0m46.659 ms - -[0m
[0mGET /api/product/similar?chilCategoryId=2 [36m304 [0m238.047 ms - -[0m
[0mGET /api/product/getWebProductById?id=5 [36m304 [0m111.371 ms - -[0m
[0mGET /api/product/similar?chilCategoryId=2 [36m304 [0m7.424 ms - -[0m
[0mGET /api/product/getWebProductById?id=5 [36m304 [0m23.267 ms - -[0m
[0mGET /api/product/similar?chilCategoryId=2 [36m304 [0m141.743 ms - -[0m
[0mGET /api/product/getWebProductById?id=5 [36m304 [0m79.517 ms - -[0m
[0mGET /api/product/similar?chilCategoryId=2 [36m304 [0m178.959 ms - -[0m
[0mGET /api/product/getWebProductById?id=5 [36m304 [0m252.464 ms - -[0m
[0mGET /api/product/similar?chilCategoryId=2 [36m304 [0m10.310 ms - -[0m
[0mGET /api/product/getWebProductById?id=1 [36m304 [0m394.130 ms - -[0m
[0mGET /api/product/similar?chilCategoryId=3 [36m304 [0m118.724 ms - -[0m
[0mGET /api/product/getWebProductById?id=1 [36m304 [0m192.156 ms - -[0m
[0mGET /api/product/similar?chilCategoryId=3 [36m304 [0m435.823 ms - -[0m
[0mGET /api/product/getWebProductById?id=1 [36m304 [0m124.313 ms - -[0m
[0mGET /api/product/similar?chilCategoryId=3 [36m304 [0m60.563 ms - -[0m
[0mGET /api/product/getWebProductById?id=5 [36m304 [0m11.752 ms - -[0m
[0mGET /api/product/similar?chilCategoryId=2 [36m304 [0m42.908 ms - -[0m
[0mGET /api/product/getWebProductById?id=5 [36m304 [0m587.818 ms - -[0m
[0mGET /api/product/similar?chilCategoryId=2 [36m304 [0m36.174 ms - -[0m
[0mGET /api/product/getWebProductById?id=5 [36m304 [0m122.955 ms - -[0m
[0mGET /api/product/similar?chilCategoryId=2 [36m304 [0m249.199 ms - -[0m
[0mGET /api/product/getWebProductById?id=5 [36m304 [0m71.082 ms - -[0m
[0mGET /api/product/similar?chilCategoryId=2 [36m304 [0m1257.671 ms - -[0m
[0mGET /api/category/main/list [36m304 [0m213.358 ms - -[0m
[0mGET /api/product/list/VETEMENTS [36m304 [0m401.971 ms - -[0m
[0mGET /api/product/getWebProductById?id=5 [36m304 [0m221.071 ms - -[0m
[0mGET /api/product/similar?chilCategoryId=2 [36m304 [0m121.652 ms - -[0m
[0mGET /api/product/getWebProductById?id=5 [36m304 [0m825.309 ms - -[0m
[0mGET /api/product/similar?chilCategoryId=2 [36m304 [0m8.033 ms - -[0m
[0mGET /api/product/getWebProductById?id=5 [36m304 [0m26.583 ms - -[0m
[0mGET /api/product/similar?chilCategoryId=2 [36m304 [0m9.971 ms - -[0m
[0mGET /api/category/main/list [36m304 [0m24.880 ms - -[0m
[0mGET /api/product/list/VETEMENTS [36m304 [0m606.502 ms - -[0m
[0mGET /api/product/getWebProductById?id=5 [36m304 [0m645.238 ms - -[0m
[0mGET /api/product/similar?chilCategoryId=2 [36m304 [0m84.230 ms - -[0m
[0mGET /api/category/main/list [36m304 [0m8.511 ms - -[0m
[0mGET /api/product/list/VETEMENTS [36m304 [0m251.223 ms - -[0m
[0mGET /api/product/getWebProductById?id=1 [36m304 [0m82.039 ms - -[0m
[0mGET /api/product/similar?chilCategoryId=3 [36m304 [0m10.555 ms - -[0m
[0mGET /api/product/getWebProductById?id=1 [36m304 [0m279.473 ms - -[0m
[0mGET /api/product/similar?chilCategoryId=3 [36m304 [0m111.710 ms - -[0m
[0mGET /api/category/main/list [36m304 [0m100.771 ms - -[0m
[0mGET /api/product/list/VETEMENTS [36m304 [0m146.840 ms - -[0m
[0mGET /api/product/getWebProductById?id=5 [36m304 [0m43.709 ms - -[0m
[0mGET /api/product/similar?chilCategoryId=2 [36m304 [0m88.303 ms - -[0m
[0mGET /api/product/getWebProductById?id=5 [36m304 [0m167.113 ms - -[0m
[0mGET /api/product/similar?chilCategoryId=2 [36m304 [0m123.586 ms - -[0m
[0mGET /api/product/getWebProductById?id=5 [36m304 [0m172.930 ms - -[0m
[0mGET /api/product/similar?chilCategoryId=2 [36m304 [0m607.671 ms - -[0m
[0mGET /api/product/getWebProductById?id=5 [36m304 [0m175.244 ms - -[0m
[0mGET /api/product/similar?chilCategoryId=2 [36m304 [0m104.848 ms - -[0m
[0mGET /api/product/getWebProductById?id=5 [36m304 [0m418.389 ms - -[0m
[0mGET /api/product/similar?chilCategoryId=2 [36m304 [0m149.248 ms - -[0m
[0mGET /api/product/getWebProductById?id=5 [36m304 [0m51.079 ms - -[0m
[0mGET /api/product/similar?chilCategoryId=2 [36m304 [0m65.354 ms - -[0m
[0mGET /api/product/getWebProductById?id=5 [36m304 [0m7.364 ms - -[0m
[0mGET /api/product/similar?chilCategoryId=2 [36m304 [0m133.786 ms - -[0m
[0mGET /api/category/main/list [36m304 [0m216.496 ms - -[0m
[0mGET /api/product/list/VETEMENTS [36m304 [0m730.607 ms - -[0m
[0mGET /api/product/getWebProductById?id=5 [36m304 [0m11.993 ms - -[0m
[0mGET /api/product/similar?chilCategoryId=2 [36m304 [0m81.464 ms - -[0m
[0mGET /api/product/getWebProductById?id=5 [36m304 [0m76.258 ms - -[0m
[0mGET /api/product/similar?chilCategoryId=2 [36m304 [0m421.544 ms - -[0m
[0mGET /api/product/getWebProductById?id=5 [36m304 [0m102.732 ms - -[0m
[0mGET /api/product/similar?chilCategoryId=2 [36m304 [0m8.960 ms - -[0m
[0mGET /api/product/getWebProductById?id=5 [36m304 [0m417.288 ms - -[0m
[0mGET /api/product/similar?chilCategoryId=2 [36m304 [0m161.456 ms - -[0m
[0mGET /api/product/getWebProductById?id=5 [36m304 [0m646.911 ms - -[0m
[0mGET /api/product/similar?chilCategoryId=2 [36m304 [0m68.119 ms - -[0m
[0mGET /api/product/getWebProductById?id=5 [36m304 [0m74.236 ms - -[0m
[0mGET /api/product/similar?chilCategoryId=2 [36m304 [0m12.736 ms - -[0m
[0mGET /api/product/getWebProductById?id=5 [36m304 [0m131.078 ms - -[0m
[0mGET /api/product/similar?chilCategoryId=2 [36m304 [0m6.639 ms - -[0m
[0mGET /api/product/getWebProductById?id=5 [36m304 [0m219.571 ms - -[0m
[0mGET /api/product/similar?chilCategoryId=2 [36m304 [0m133.577 ms - -[0m
[0mGET /api/product/getWebProductById?id=5 [36m304 [0m25.570 ms - -[0m
[0mGET /api/product/similar?chilCategoryId=2 [36m304 [0m116.523 ms - -[0m
[0mGET /api/product/getWebProductById?id=5 [36m304 [0m68.235 ms - -[0m
[0mGET /api/product/similar?chilCategoryId=2 [36m304 [0m92.508 ms - -[0m
[0mGET /api/product/getWebProductById?id=5 [36m304 [0m115.532 ms - -[0m
[0mGET /api/product/similar?chilCategoryId=2 [36m304 [0m25.899 ms - -[0m
[0mGET /api/product/getWebProductById?id=5 [36m304 [0m33.472 ms - -[0m
[0mGET /api/product/similar?chilCategoryId=2 [36m304 [0m394.885 ms - -[0m
[0mGET /api/product/getWebProductById?id=5 [36m304 [0m26.962 ms - -[0m
[0mGET /api/product/similar?chilCategoryId=2 [36m304 [0m5.804 ms - -[0m
[0mGET /api/product/getWebProductById?id=5 [36m304 [0m182.246 ms - -[0m
[0mGET /api/product/similar?chilCategoryId=2 [36m304 [0m17.627 ms - -[0m
[0mGET /api/category/main/list [36m304 [0m6.616 ms - -[0m
[0mGET /api/product/list/VETEMENTS [36m304 [0m6943.142 ms - -[0m
[0mGET /api/product/getWebProductById?id=5 [36m304 [0m87.912 ms - -[0m
[0mGET /api/product/similar?chilCategoryId=2 [36m304 [0m186.809 ms - -[0m
[0mGET /api/product/getWebProductById?id=5 [36m304 [0m118.208 ms - -[0m
[0mGET /api/product/similar?chilCategoryId=2 [36m304 [0m23.293 ms - -[0m
[0mGET /api/product/getWebProductById?id=5 [36m304 [0m78.333 ms - -[0m
[0mGET /api/product/similar?chilCategoryId=2 [36m304 [0m53.010 ms - -[0m
[0mGET /api/product/getWebProductById?id=5 [36m304 [0m110.348 ms - -[0m
[0mGET /api/product/similar?chilCategoryId=2 [36m304 [0m7.599 ms - -[0m
[0mGET /api/product/getWebProductById?id=5 [36m304 [0m158.924 ms - -[0m
[0mGET /api/product/similar?chilCategoryId=2 [36m304 [0m6.624 ms - -[0m
[0mGET /api/product/getWebProductById?id=5 [36m304 [0m8.701 ms - -[0m
[0mGET /api/product/similar?chilCategoryId=2 [36m304 [0m110.094 ms - -[0m
[0mGET /api/product/getWebProductById?id=5 [36m304 [0m10.842 ms - -[0m
[0mGET /api/product/similar?chilCategoryId=2 [36m304 [0m6.718 ms - -[0m
[0mGET /api/product/getWebProductById?id=5 [36m304 [0m168.894 ms - -[0m
[0mGET /api/product/similar?chilCategoryId=2 [36m304 [0m10.175 ms - -[0m
[0mGET /api/product/getWebProductById?id=5 [36m304 [0m60.520 ms - -[0m
[0mGET /api/product/similar?chilCategoryId=2 [36m304 [0m137.222 ms - -[0m
[0mGET /api/product/getWebProductById?id=5 [36m304 [0m49.759 ms - -[0m
[0mGET /api/product/similar?chilCategoryId=2 [36m304 [0m23.844 ms - -[0m
[0mGET /api/product/getWebProductById?id=5 [36m304 [0m63.839 ms - -[0m
[0mGET /api/product/similar?chilCategoryId=2 [36m304 [0m9.996 ms - -[0m
[0mGET /api/product/getWebProductById?id=5 [36m304 [0m51.196 ms - -[0m
[0mGET /api/product/similar?chilCategoryId=2 [36m304 [0m90.742 ms - -[0m
[0mGET /api/product/getWebProductById?id=5 [36m304 [0m11.300 ms - -[0m
[0mGET /api/product/similar?chilCategoryId=2 [36m304 [0m6.230 ms - -[0m
[0mGET /api/product/getWebProductById?id=5 [36m304 [0m139.541 ms - -[0m
[0mGET /api/product/similar?chilCategoryId=2 [36m304 [0m7.420 ms - -[0m
[0mGET /api/product/getWebProductById?id=5 [36m304 [0m22.422 ms - -[0m
[0mGET /api/product/similar?chilCategoryId=2 [36m304 [0m214.835 ms - -[0m
[0mGET /api/category/main/list [36m304 [0m9.554 ms - -[0m
[0mGET /api/product/list/VETEMENTS [36m304 [0m1038.330 ms - -[0m
[0mGET /api/product/getWebProductById?id=5 [36m304 [0m22.085 ms - -[0m
[0mGET /api/product/similar?chilCategoryId=2 [36m304 [0m190.698 ms - -[0m
[0mGET /api/product/getWebProductById?id=5 [36m304 [0m112.775 ms - -[0m
[0mGET /api/product/similar?chilCategoryId=2 [36m304 [0m139.366 ms - -[0m
[0mGET /api/product/getWebProductById?id=5 [36m304 [0m304.657 ms - -[0m
[0mGET /api/category/main/list [36m304 [0m46.058 ms - -[0m
[0mGET /api/product/list/VETEMENTS [36m304 [0m486.639 ms - -[0m
[0mGET /api/product/getWebProductById?id=5 [36m304 [0m48.752 ms - -[0m
[0mGET /api/category/main/list [36m304 [0m31.669 ms - -[0m
[0mGET /api/product/list/VETEMENTS [36m304 [0m633.121 ms - -[0m
[0mGET /api/product/getWebProductById?id=5 [36m304 [0m347.137 ms - -[0m
[0mGET /api/product/getWebProductById?id=5 [36m304 [0m116.460 ms - -[0m
[0mGET /api/product/getWebProductById?id=5 [36m304 [0m55.340 ms - -[0m
[0mGET /api/product/getWebProductById?id=5 [36m304 [0m351.760 ms - -[0m
[0mGET /api/product/getWebProductById?id=5 [36m304 [0m50.224 ms - -[0m
[0mGET /api/product/getWebProductById?id=5 [36m304 [0m374.055 ms - -[0m
[0mGET /api/product/getWebProductById?id=5 [36m304 [0m172.945 ms - -[0m
[0mGET /api/product/getWebProductById?id=5 [36m304 [0m32.631 ms - -[0m
[0mGET /api/product/getWebProductById?id=5 [36m304 [0m55.610 ms - -[0m
[0mGET /api/product/getWebProductById?id=5 [36m304 [0m519.010 ms - -[0m
[0mGET /api/product/getWebProductById?id=5 [36m304 [0m45.964 ms - -[0m
[0mGET /api/product/getWebProductById?id=5 [36m304 [0m121.883 ms - -[0m
[0mGET /api/category/main/list [36m304 [0m12588.003 ms - -[0m
[0mGET /api/product/list/VETEMENTS [36m304 [0m3299.785 ms - -[0m
[0mGET /api/product/getWebProductById?id=5 [36m304 [0m475.863 ms - -[0m
[0mGET /api/category/main/list [36m304 [0m248.036 ms - -[0m
[0mGET /api/product/list/VETEMENTS [36m304 [0m2054.668 ms - -[0m
[0mGET /api/product/getWebProductById?id=5 [36m304 [0m388.477 ms - -[0m
[0mGET /api/product/getWebProductById?id=5 [36m304 [0m163.689 ms - -[0m
[0mGET /api/category/main/list [36m304 [0m27.763 ms - -[0m
[0mGET /api/product/list/VETEMENTS [36m304 [0m122.844 ms - -[0m
[0mGET /api/product/getWebProductById?id=5 [36m304 [0m14.757 ms - -[0m
[0mGET /api/category/main/list [36m304 [0m149.135 ms - -[0m
[0mGET /api/product/list/VETEMENTS [36m304 [0m368.104 ms - -[0m
[0mGET /api/product/getWebProductById?id=5 [36m304 [0m31.994 ms - -[0m
[0mGET /api/product/getWebProductById?id=5 [36m304 [0m266.911 ms - -[0m
[0mPOST /api/customer/login [32m200 [0m6570.534 ms - 196[0m
[0mGET /api/customer/getUserByEmailId?email=abalo@gmail.com [36m304 [0m1446.238 ms - -[0m
[0mGET /api/customer/getUserByEmailId?email=abalo@gmail.com [36m304 [0m35.727 ms - -[0m
[0mGET /api/customer/getUserByEmailId?email=abalo@gmail.com [36m304 [0m52.412 ms - -[0m
[0mGET /api/customer/getUserByEmailId?email=abalo@gmail.com [36m304 [0m628.231 ms - -[0m
[0mGET /api/customer/getUserByEmailId?email=abalo@gmail.com [36m304 [0m160.682 ms - -[0m
[0mGET /api/customer/getUserByEmailId?email=abalo@gmail.com [36m304 [0m751.055 ms - -[0m
[0mGET /api/customer/getUserByEmailId?email=abalo@gmail.com [36m304 [0m329.962 ms - -[0m
[0mGET /api/customer/getUserByEmailId?email=abalo@gmail.com [36m304 [0m180.368 ms - -[0m
[0mGET /api/customer/getUserByEmailId?email=abalo@gmail.com [36m304 [0m140.709 ms - -[0m
[0mGET /api/customer/getUserByEmailId?email=abalo@gmail.com [36m304 [0m210.904 ms - -[0m
[0mGET /api/customer/getUserByEmailId?email=abalo@gmail.com [36m304 [0m197.352 ms - -[0m
[0mGET /api/customer/getUserByEmailId?email=abalo@gmail.com [36m304 [0m62.125 ms - -[0m
[0mGET /api/customer/getUserByEmailId?email=abalo@gmail.com [36m304 [0m549.319 ms - -[0m
[0mGET /api/customer/getUserByEmailId?email=abalo@gmail.com [36m304 [0m404.424 ms - -[0m
[0mGET /api/customer/getUserByEmailId?email=abalo@gmail.com [36m304 [0m226.529 ms - -[0m
[0mGET /api/customer/getUserByEmailId?email=abalo@gmail.com [36m304 [0m285.969 ms - -[0m
[0mGET /api/customer/getUserByEmailId?email=abalo@gmail.com [36m304 [0m26.569 ms - -[0m
[0mGET /api/customer/getUserByEmailId?email=abalo@gmail.com [36m304 [0m96.298 ms - -[0m
[0mGET /api/customer/getUserByEmailId?email=abalo@gmail.com [36m304 [0m511.558 ms - -[0m
[0mGET /api/customer/getUserByEmailId?email=abalo@gmail.com [36m304 [0m49.617 ms - -[0m
[0mGET /api/customer/getUserByEmailId?email=abalo@gmail.com [36m304 [0m96.146 ms - -[0m
[0mGET /api/customer/getUserByEmailId?email=abalo@gmail.com [36m304 [0m189.756 ms - -[0m
[0mGET /api/customer/getUserByEmailId?email=abalo@gmail.com [36m304 [0m213.989 ms - -[0m
[0mPOST /api/order/create [31m500 [0m6799.075 ms - 32[0m
[0mPOST /api/order/create [31m500 [0m405.555 ms - 32[0m
[0mGET /api/category/main/list [32m200 [0m3467.581 ms - 696[0m
[0mGET /produit/1696998821128ARR5.jpg [32m200 [0m5026.596 ms - 3588[0m
[0mGET /produit/1695989675538cas.jpg [32m200 [0m2723.065 ms - 3513[0m
[0mGET /produit/1695989601836C2.jpg [32m200 [0m3244.894 ms - 8412[0m
[0mGET /produit/1695989763210acc1.jpg [32m200 [0m1901.371 ms - 7482[0m
[0mGET /api/category/cn/list?name=VETEMENTS [32m200 [0m2624.721 ms - 1606[0m
[0mGET /api/product/list/VETEMENTS [32m200 [0m1915.342 ms - 2133[0m
[0mGET /produit/1695754614263T1.jpg [32m200 [0m125.447 ms - 9012[0m
[0mGET /produit/1695754196334ENST.jpg [32m200 [0m311.969 ms - 4600[0m
[0mGET /produit/1695752820497e3.jpg [32m200 [0m203.421 ms - 7440[0m
[0mGET /produit/1695747027807TS1.jpg [32m200 [0m399.945 ms - 4327[0m
[0mGET /produit/1696448643139ARR3.jpg [32m200 [0m232.013 ms - 3465[0m
[0mGET /api/product/getWebProductById?id=5 [32m200 [0m321.393 ms - 610[0m
[0mGET /api/product/similar?chilCategoryId=2 [32m200 [0m112.545 ms - 691[0m
[0mGET /produit/1697602231904CH4.jpg [32m200 [0m444.584 ms - 7684[0m
[0mGET /produit/1697602143219ENST.jpg [32m200 [0m417.420 ms - 4600[0m
[0mGET /produit/1695941364451ENSY.jpg [32m200 [0m485.805 ms - 8789[0m
[0mGET /api/product/getWebProductById?id=5 [36m304 [0m5898.704 ms - -[0m
[0mGET /produit/1697602231904CH4.jpg [36m304 [0m1243.940 ms - -[0m
[0mGET /produit/1695941364451ENSY.jpg [36m304 [0m544.522 ms - -[0m
[0mGET /produit/1697602143219ENST.jpg [36m304 [0m699.311 ms - -[0m
[0mGET /api/product/similar?chilCategoryId=2 [36m304 [0m1405.995 ms - -[0m
[0mGET /produit/1696448643139ARR3.jpg [36m304 [0m54.820 ms - -[0m
[0mGET /produit/1695754196334ENST.jpg [36m304 [0m87.702 ms - -[0m
[0mGET /api/product/getWebProductById?id=5 [36m304 [0m271.070 ms - -[0m
[0mGET /api/product/similar?chilCategoryId=2 [36m304 [0m68.043 ms - -[0m
[0mGET /api/product/getWebProductById?id=5 [36m304 [0m811.349 ms - -[0m
[0mGET /api/product/similar?chilCategoryId=2 [36m304 [0m81.328 ms - -[0m
[0mOPTIONS /api/customer/login [32m204 [0m769.841 ms - 0[0m
[0mPOST /api/customer/login [32m200 [0m3600.332 ms - 196[0m
[0mGET /produit/1695941364451ENSY.jpg [36m304 [0m1378.264 ms - -[0m
[0mGET /api/customer/getUserByEmailId?email=abalo@gmail.com [32m200 [0m4123.507 ms - 4231[0m
[0mGET /api/customer/getUserByEmailId?email=abalo@gmail.com [36m304 [0m745.539 ms - -[0m
[0mOPTIONS /api/order/create [32m204 [0m21.737 ms - 0[0m
[0mPOST /api/order/create [32m200 [0m5204.848 ms - 16[0m
[0mGET /api/customer/getUserByEmailId?email=abalo@gmail.com [32m200 [0m173.186 ms - 4439[0m
[0mPOST /api/order/create [31m500 [0m1255.846 ms - 32[0m
[0mPOST /api/order/create [31m500 [0m569.831 ms - 32[0m
[0mGET /api/category/main/list [36m304 [0m1389.714 ms - -[0m
[0mGET /produit/1696998821128ARR5.jpg [36m304 [0m263.870 ms - -[0m
[0mGET /produit/1695989601836C2.jpg [36m304 [0m112.132 ms - -[0m
[0mGET /produit/1695989763210acc1.jpg [36m304 [0m133.390 ms - -[0m
[0mGET /produit/1695989675538cas.jpg [36m304 [0m192.812 ms - -[0m
[0mGET /api/category/cn/list?name=VETEMENTS [36m304 [0m825.976 ms - -[0m
[0mGET /api/product/list/VETEMENTS [36m304 [0m871.867 ms - -[0m
[0mGET /produit/1695754614263T1.jpg [36m304 [0m3920.258 ms - -[0m
[0mGET /produit/1695754196334ENST.jpg [36m304 [0m3922.375 ms - -[0m
[0mGET /produit/1696448643139ARR3.jpg [36m304 [0m1195.574 ms - -[0m
[0mGET /produit/1695747027807TS1.jpg [36m304 [0m4274.056 ms - -[0m
[0mGET /produit/1695752820497e3.jpg [36m304 [0m1632.831 ms - -[0m
[0mGET /api/product/getWebProductById?id=1 [32m200 [0m142.952 ms - 605[0m
[0mGET /api/product/similar?chilCategoryId=3 [32m200 [0m29.774 ms - 664[0m
[0mGET /produit/1697602090704TS5.jpg [32m200 [0m227.707 ms - 4909[0m
[0mGET /produit/1697602015493TS3.jpg [32m200 [0m239.116 ms - 2846[0m
[0mGET /produit/1697102155278TS1.jpg [32m200 [0m260.028 ms - 4327[0m
[0mGET /api/customer/getUserByEmailId?email=abalo@gmail.com [32m200 [0m145.534 ms - 515[0m
[0mOPTIONS /api/order/create [32m204 [0m2.316 ms - 0[0m
[0mPOST /api/order/create [32m200 [0m349.676 ms - 16[0m
[0mGET /api/customer/getUserByEmailId?email=abalo@gmail.com [32m200 [0m166.863 ms - 721[0m
[0mGET /api/customer/getUserByEmailId?email=abalo@gmail.com [32m200 [0m3034.345 ms - 721[0m
[0mPOST /api/order/create [32m200 [0m3602.173 ms - 16[0m
[0mPOST /api/order/create [32m200 [0m702.445 ms - 16[0m
[0mGET /api/customer/getUserByEmailId?email=abalo@gmail.com [32m200 [0m2443.352 ms - 518[0m
[0mGET /api/category/main/list [36m304 [0m1009.159 ms - -[0m
[0mGET /produit/1696998821128ARR5.jpg [36m304 [0m2464.486 ms - -[0m
[0mGET /produit/1695989763210acc1.jpg [36m304 [0m1029.626 ms - -[0m
[0mGET /produit/1695989675538cas.jpg [36m304 [0m1137.572 ms - -[0m
[0mGET /produit/1695989601836C2.jpg [36m304 [0m1140.655 ms - -[0m
[0mGET /api/category/cn/list?name=VETEMENTS [36m304 [0m772.251 ms - -[0m
[0mGET /api/product/list/VETEMENTS [36m304 [0m1885.429 ms - -[0m
[0mGET /produit/1695754196334ENST.jpg [36m304 [0m480.860 ms - -[0m
[0mGET /produit/1695754614263T1.jpg [36m304 [0m384.380 ms - -[0m
[0mGET /produit/1695752820497e3.jpg [36m304 [0m285.661 ms - -[0m
[0mGET /produit/1695747027807TS1.jpg [36m304 [0m394.338 ms - -[0m
[0mGET /produit/1696448643139ARR3.jpg [36m304 [0m564.622 ms - -[0m
[0mGET /api/product/getWebProductById?id=5 [36m304 [0m5502.612 ms - -[0m
[0mGET /produit/1695941364451ENSY.jpg [36m304 [0m766.999 ms - -[0m
[0mGET /produit/1697602143219ENST.jpg [36m304 [0m338.166 ms - -[0m
[0mGET /produit/1697602231904CH4.jpg [36m304 [0m644.612 ms - -[0m
[0mGET /api/product/similar?chilCategoryId=2 [36m304 [0m878.390 ms - -[0m
[0mGET /api/product/gcatalogsearch/result?search=sans [32m200 [0m5062.871 ms - 385[0m
[0mGET /produit/1695747027807TS1.jpg [36m304 [0m63.417 ms - -[0m
[0mGET /api/category/child-category/list [32m200 [0m727.859 ms - 2565[0m
[0mGET /api/category/listtaille [33m404 [0m2321.320 ms - 7585[0m
[0mGET /api/product/getAllproduct [32m200 [0m518.608 ms - 4083[0m
