[0mGET /api/category/main/list [36m304 [0m148.132 ms - -[0m
[0mGET /produit/1695989601836C2.jpg [32m200 [0m1177.388 ms - 8412[0m
[0mGET /produit/1695989675538cas.jpg [32m200 [0m1323.802 ms - 3513[0m
[0mGET /produit/1696998821128ARR5.jpg [32m200 [0m1340.109 ms - 3588[0m
[0mGET /produit/1695989763210acc1.jpg [32m200 [0m389.440 ms - 7482[0m
[0mGET /api/category/main/list [36m304 [0m243.377 ms - -[0m
[0mGET /api/category/main/list [36m304 [0m33.314 ms - -[0m
[0mGET /api/category/main/list [36m304 [0m271.504 ms - -[0m
[0mGET /api/category/main/list [36m304 [0m491.976 ms - -[0m
[0mGET /api/category/main/list [36m304 [0m309.409 ms - -[0m
[0mGET /api/category/main/list [36m304 [0m139.267 ms - -[0m
[0mGET /api/category/main/list [36m304 [0m133.115 ms - -[0m
[0mGET /api/category/main/list [36m304 [0m56.184 ms - -[0m
[0mGET /api/category/main/list [36m304 [0m142.078 ms - -[0m
[0mGET /api/category/main/list [36m304 [0m2182.443 ms - -[0m
[0mGET /api/category/main/list [36m304 [0m207.978 ms - -[0m
[0mGET /api/category/main/list [36m304 [0m402.701 ms - -[0m
[0mGET /$%7Bitem?.photo%7D [33m404 [0m12744.340 ms - 7466[0m
[0mGET /api/category/main/list [36m304 [0m1022.050 ms - -[0m
[0mGET /api/category/main/list [36m304 [0m259.281 ms - -[0m
[0mGET /api/category/main/list [36m304 [0m216.566 ms - -[0m
[0mGET /api/category/main/list [36m304 [0m89.341 ms - -[0m
[0mGET /api/category/main/list [36m304 [0m32.908 ms - -[0m
[0mGET /api/category/main/list [36m304 [0m239.366 ms - -[0m
[0mGET /api/category/main/list [36m304 [0m1409.868 ms - -[0m
[0mGET /api/category/main/list [36m304 [0m2072.561 ms - -[0m
[0mGET /api/category/main/list [36m304 [0m214.077 ms - -[0m
[0mGET /api/category/main/list [36m304 [0m105.377 ms - -[0m
[0mGET /api/category/main/list [36m304 [0m148.222 ms - -[0m
[0mGET /api/category/main/list [36m304 [0m70.140 ms - -[0m
[0mGET /api/category/main/list [36m304 [0m122.559 ms - -[0m
[0mGET /api/category/main/list [36m304 [0m277.936 ms - -[0m
[0mGET /api/category/main/list [36m304 [0m413.891 ms - -[0m
[0mGET /api/category/main/list [36m304 [0m602.861 ms - -[0m
[0mGET /api/category/main/list [32m200 [0m1499.722 ms - 696[0m
[0mGET /produit/1696998821128ARR5.jpg [32m200 [0m421.890 ms - 3588[0m
[0mGET /produit/1695989675538cas.jpg [32m200 [0m164.138 ms - 3513[0m
[0mGET /produit/1695989601836C2.jpg [32m200 [0m424.203 ms - 8412[0m
[0mGET /produit/1695989763210acc1.jpg [32m200 [0m163.665 ms - 7482[0m
[0mGET /api/category/main/list [36m304 [0m48.482 ms - -[0m
[0mGET /api/category/main/list [36m304 [0m115.878 ms - -[0m
[0mGET /api/category/main/list [36m304 [0m49.325 ms - -[0m
[0mGET /api/category/main/list [36m304 [0m322.976 ms - -[0m
[0mGET /api/category/main/list [36m304 [0m409.442 ms - -[0m
[0mGET /api/category/main/list [36m304 [0m82.495 ms - -[0m
[0mGET /api/category/main/list [36m304 [0m206.422 ms - -[0m
[0mGET /api/category/main/list [36m304 [0m143.345 ms - -[0m
[0mGET /api/category/main/list [36m304 [0m196.969 ms - -[0m
[0mGET /api/category/main/list [36m304 [0m32.225 ms - -[0m
[0mGET /api/category/main/list [36m304 [0m70.458 ms - -[0m
[0mGET /api/category/main/list [36m304 [0m172.595 ms - -[0m
[0mGET /api/product/list/VETEMENTS [32m200 [0m5902.546 ms - 1932[0m
[0mGET /api/product/list/VETEMENTS [36m304 [0m241.996 ms - -[0m
[0mGET /produit/1695747027807TS1.jpg [32m200 [0m343.995 ms - 4327[0m
[0mGET /produit/1695754614263T1.jpg [32m200 [0m337.073 ms - 9012[0m
[0mGET /produit/1695754196334ENST.jpg [32m200 [0m383.437 ms - 4600[0m
[0mGET /produit/1695752820497e3.jpg [32m200 [0m82.798 ms - 7440[0m
[0mGET /produit/1696448643139ARR3.jpg [32m200 [0m91.607 ms - 3465[0m
[0mGET /api/category/main/list [36m304 [0m634.661 ms - -[0m
[0mGET /api/product/list/VETEMENTS [36m304 [0m766.372 ms - -[0m
[0mGET /api/product/list/CHAUSSURES [32m200 [0m233.034 ms - 776[0m
[0mGET /produit/1695753661047tap3.jpg [32m200 [0m47.712 ms - 9338[0m
[0mGET /produit/1695991260175tap1.jpg [32m200 [0m225.385 ms - 3388[0m
[0mGET /api/product/list/SACS_CASKETS [32m200 [0m80.532 ms - 764[0m
[0mGET /produit/1695990880479SACS.jpg [32m200 [0m137.587 ms - 7551[0m
[0mGET /produit/1695751668068ARR32.jpg [32m200 [0m157.475 ms - 1907[0m
[0mGET /api/product/list/VETEMENTS [36m304 [0m220.894 ms - -[0m
[0mGET /api/product/list/VETEMENTS [36m304 [0m43.006 ms - -[0m
[0mGET /api/product/list/VETEMENTS [36m304 [0m244.069 ms - -[0m
[0mGET /api/product/list/VETEMENTS [36m304 [0m48.134 ms - -[0m
[0mGET /api/product/list/VETEMENTS [36m304 [0m135.085 ms - -[0m
[0mGET /api/product/list/VETEMENTS [36m304 [0m95.409 ms - -[0m
[0mGET /api/product/list/VETEMENTS [36m304 [0m41.471 ms - -[0m
[0mGET /api/product/list/VETEMENTS [36m304 [0m51.420 ms - -[0m
[0mGET /api/product/list/VETEMENTS [36m304 [0m42.395 ms - -[0m
[0mGET /api/product/list/VETEMENTS [36m304 [0m160.553 ms - -[0m
[0mGET /api/product/list/VETEMENTS [36m304 [0m137.580 ms - -[0m
[0mGET /api/product/list/VETEMENTS [36m304 [0m75.500 ms - -[0m
[0mGET /api/product/list/VETEMENTS [36m304 [0m112.611 ms - -[0m
[0mGET /api/product/list/VETEMENTS [36m304 [0m189.132 ms - -[0m
[0mGET /api/product/list/VETEMENTS [36m304 [0m206.165 ms - -[0m
[0mGET /api/product/list/VETEMENTS [36m304 [0m168.126 ms - -[0m
[0mGET /api/product/list/VETEMENTS [36m304 [0m189.124 ms - -[0m
[0mGET /api/product/list/VETEMENTS [36m304 [0m187.867 ms - -[0m
[0mGET /api/product/list/VETEMENTS [36m304 [0m266.265 ms - -[0m
[0mGET /api/product/list/VETEMENTS [36m304 [0m162.801 ms - -[0m
[0mGET /api/product/list/VETEMENTS [36m304 [0m81.000 ms - -[0m
[0mGET /api/product/list/VETEMENTS [36m304 [0m173.744 ms - -[0m
[0mGET /api/product/list/VETEMENTS [36m304 [0m56.074 ms - -[0m
[0mGET /api/product/list/VETEMENTS [36m304 [0m60.736 ms - -[0m
[0mGET /api/product/list/VETEMENTS [36m304 [0m118.546 ms - -[0m
[0mGET /api/category/main/list [36m304 [0m77.208 ms - -[0m
[0mGET /api/product/list/VETEMENTS [36m304 [0m40.573 ms - -[0m
[0mGET /api/product/list/VETEMENTS [36m304 [0m118.642 ms - -[0m
[0mGET /api/product/list/VETEMENTS [36m304 [0m15.336 ms - -[0m
[0mGET /api/product/list/VETEMENTS [36m304 [0m23.113 ms - -[0m
[0mGET /api/product/list/VETEMENTS [36m304 [0m78.891 ms - -[0m
[0mGET /api/category/main/list [36m304 [0m91.105 ms - -[0m
[0mGET /api/product/list/VETEMENTS [36m304 [0m89.981 ms - -[0m
[0mGET /api/product/list/VETEMENTS [36m304 [0m47.267 ms - -[0m
[0mGET /api/product/list/VETEMENTS [36m304 [0m162.240 ms - -[0m
[0mGET /api/product/list/VETEMENTS [36m304 [0m41.481 ms - -[0m
[0mGET /api/product/list/VETEMENTS [36m304 [0m115.848 ms - -[0m
[0mGET /api/product/list/VETEMENTS [36m304 [0m43.250 ms - -[0m
[0mGET /api/product/list/VETEMENTS [36m304 [0m19.615 ms - -[0m
[0mGET /api/product/list/VETEMENTS [36m304 [0m137.539 ms - -[0m
[0mGET /api/product/list/VETEMENTS [36m304 [0m33.690 ms - -[0m
[0mGET /api/product/list/VETEMENTS [36m304 [0m180.552 ms - -[0m
[0mGET /api/product/list/VETEMENTS [36m304 [0m104.493 ms - -[0m
[0mGET /api/product/list/VETEMENTS [36m304 [0m133.689 ms - -[0m
[0mGET /api/product/list/VETEMENTS [36m304 [0m227.844 ms - -[0m
[0mGET /api/product/list/VETEMENTS [36m304 [0m26.585 ms - -[0m
[0mGET /api/product/list/VETEMENTS [36m304 [0m166.379 ms - -[0m
[0mGET /api/product/list/VETEMENTS [36m304 [0m18.938 ms - -[0m
[0mGET /api/product/list/VETEMENTS [36m304 [0m69.943 ms - -[0m
[0mGET /api/category/main/list [36m304 [0m106.498 ms - -[0m
[0mGET /api/product/list/VETEMENTS [36m304 [0m61.329 ms - -[0m
[0mGET /api/product/list/VETEMENTS [36m304 [0m18.558 ms - -[0m
[0mGET /api/product/list/VETEMENTS [36m304 [0m86.994 ms - -[0m
[0mGET /api/product/list/VETEMENTS [36m304 [0m46.603 ms - -[0m
[0mGET /api/category/main/list [36m304 [0m9.149 ms - -[0m
[0mGET /api/product/list/VETEMENTS [36m304 [0m86.786 ms - -[0m
[0mGET /api/product/list/VETEMENTS [36m304 [0m102.892 ms - -[0m
[0mGET /api/product/list/VETEMENTS [36m304 [0m158.168 ms - -[0m
[0mGET /api/product/list/ELECTRONIQUES [32m200 [0m728.289 ms - 69[0m
[0mGET /api/product/list/VETEMENTS [36m304 [0m122.845 ms - -[0m
[0mGET /api/category/main/list [36m304 [0m23.210 ms - -[0m
[0mGET /api/product/list/VETEMENTS [36m304 [0m34.948 ms - -[0m
[0mGET /api/product/list/VETEMENTS [36m304 [0m355.972 ms - -[0m
[0mGET /api/product/list/VETEMENTS [36m304 [0m31.785 ms - -[0m
[0mGET /api/category/main/list [36m304 [0m7886.934 ms - -[0m
[0mGET /api/product/list/VETEMENTS [36m304 [0m712.561 ms - -[0m
[0mGET /api/product/list/VETEMENTS [36m304 [0m328.599 ms - -[0m
[0mGET /api/product/list/VETEMENTS [36m304 [0m577.953 ms - -[0m
[0mGET /api/product/list/VETEMENTS [36m304 [0m105.078 ms - -[0m
[0mGET /api/product/list/VETEMENTS [36m304 [0m787.619 ms - -[0m
[0mGET /api/product/list/VETEMENTS [36m304 [0m149.645 ms - -[0m
[0mGET /api/product/list/VETEMENTS [36m304 [0m149.837 ms - -[0m
[0mGET /api/product/list/CHAUSSURES [36m304 [0m622.208 ms - -[0m
[0mGET /api/product/list/CHAUSSURES [36m304 [0m375.507 ms - -[0m
[0mGET /api/product/list/VETEMENTS [36m304 [0m478.817 ms - -[0m
[0mGET /api/product/list/VETEMENTS [36m304 [0m171.017 ms - -[0m
[0mGET /api/product/list/VETEMENTS [36m304 [0m68.358 ms - -[0m
[0mGET /api/product/list/VETEMENTS [36m304 [0m180.654 ms - -[0m
[0mGET /api/product/list/VETEMENTS [36m304 [0m568.997 ms - -[0m
[0mGET /api/product/list/VETEMENTS [36m304 [0m193.685 ms - -[0m
[0mGET /api/product/list/VETEMENTS [36m304 [0m251.044 ms - -[0m
