[0mGET /api/category/main/list [36m304 [0m1590.283 ms - -[0m
[0mGET /api/product/list/VETEMENTS [36m304 [0m1704.632 ms - -[0m
[0mGET /api/product/getWebProductById?id=5 [36m304 [0m140.720 ms - -[0m
[0mGET /api/category/main/list [36m304 [0m58.763 ms - -[0m
[0mGET /api/product/list/VETEMENTS [36m304 [0m697.863 ms - -[0m
[0mGET /api/customer/getUserByEmailId?email=abalo@gmail.com [32m200 [0m1735.863 ms - 300[0m
[0mGET /api/product/getWebProductById?id=5 [36m304 [0m78.260 ms - -[0m
[0mGET /api/category/main/list [36m304 [0m88.314 ms - -[0m
[0mGET /api/product/list/VETEMENTS [36m304 [0m389.182 ms - -[0m
[0mGET /api/product/getWebProductById?id=1 [36m304 [0m190.963 ms - -[0m
[0mGET /api/product/getWebProductById?id=1 [36m304 [0m421.435 ms - -[0m
[0mGET /api/product/getWebProductById?id=1 [36m304 [0m58.674 ms - -[0m
[0mGET /api/product/getWebProductById?id=1 [36m304 [0m172.296 ms - -[0m
[0mGET /api/category/main/list [36m304 [0m987.450 ms - -[0m
[0mGET /api/product/list/VETEMENTS [36m304 [0m825.377 ms - -[0m
[0mGET /api/product/getWebProductById?id=5 [36m304 [0m577.536 ms - -[0m
[0mGET /api/category/main/list [36m304 [0m113.626 ms - -[0m
[0mGET /api/product/list/VETEMENTS [36m304 [0m360.350 ms - -[0m
[0mGET /api/product/getWebProductById?id=5 [36m304 [0m9.901 ms - -[0m
[0mGET /api/category/main/list [36m304 [0m8.794 ms - -[0m
[0mGET /api/product/list/VETEMENTS [36m304 [0m155.972 ms - -[0m
[0mGET /api/product/getWebProductById?id=5 [36m304 [0m126.127 ms - -[0m
[0mGET /api/category/main/list [36m304 [0m35.665 ms - -[0m
[0mGET /api/product/list/VETEMENTS [36m304 [0m159.422 ms - -[0m
[0mGET /api/product/getWebProductById?id=1 [36m304 [0m93.997 ms - -[0m
[0mGET /api/category/main/list [36m304 [0m160.681 ms - -[0m
[0mGET /api/product/list/VETEMENTS [36m304 [0m297.561 ms - -[0m
[0mGET /api/product/getWebProductById?id=5 [36m304 [0m78.798 ms - -[0m
[0mGET /api/category/main/list [36m304 [0m15.973 ms - -[0m
[0mGET /api/product/list/VETEMENTS [36m304 [0m258.387 ms - -[0m
[0mGET /api/product/getWebProductById?id=5 [36m304 [0m54.092 ms - -[0m
[0mGET /api/category/main/list [36m304 [0m67.641 ms - -[0m
[0mGET /api/product/list/VETEMENTS [36m304 [0m57.991 ms - -[0m
[0mGET /api/product/getWebProductById?id=5 [36m304 [0m190.905 ms - -[0m
[0mGET /api/category/main/list [36m304 [0m67.563 ms - -[0m
[0mGET /api/product/list/VETEMENTS [36m304 [0m109.688 ms - -[0m
[0mGET /api/product/getWebProductById?id=5 [36m304 [0m13.315 ms - -[0m
[0mGET /api/category/main/list [36m304 [0m9.843 ms - -[0m
[0mGET /api/product/list/VETEMENTS [36m304 [0m164.627 ms - -[0m
[0mGET /api/product/getWebProductById?id=5 [36m304 [0m463.374 ms - -[0m
[0mGET /api/category/main/list [36m304 [0m64.113 ms - -[0m
[0mGET /api/product/list/VETEMENTS [36m304 [0m450.803 ms - -[0m
[0mGET /api/product/list/VETEMENTS [36m304 [0m327.900 ms - -[0m
[0mGET /api/product/getWebProductById?id=5 [36m304 [0m431.516 ms - -[0m
[0mGET /api/product/getWebProductById?id=5 [36m304 [0m51.629 ms - -[0m
[0mGET /api/category/main/list [36m304 [0m1357.710 ms - -[0m
[0mGET /api/product/list/VETEMENTS [36m304 [0m460.264 ms - -[0m
[0mGET /api/product/getWebProductById?id=5 [36m304 [0m277.309 ms - -[0m
[0mGET /api/product/getWebProductById?id=1 [36m304 [0m244.713 ms - -[0m
[0mGET /api/product/getWebProductById?id=1 [36m304 [0m15.626 ms - -[0m
[0mGET /api/product/getWebProductById?id=5 [36m304 [0m183.115 ms - -[0m
[0mGET /api/product/getWebProductById?id=5 [36m304 [0m34.269 ms - -[0m
[0mGET /api/product/getWebProductById?id=5 [36m304 [0m427.971 ms - -[0m
[0mGET /api/product/getWebProductById?id=5 [36m304 [0m11.188 ms - -[0m
[0mGET /api/product/getWebProductById?id=5 [36m304 [0m64.109 ms - -[0m
[0mGET /api/product/getWebProductById?id=5 [36m304 [0m255.108 ms - -[0m
[0mGET /api/product/getWebProductById?id=1 [36m304 [0m349.080 ms - -[0m
[0mGET /api/product/getWebProductById?id=1 [36m304 [0m33.117 ms - -[0m
[0mGET /api/product/similar?chilCategoryId=3 [36m304 [0m944.498 ms - -[0m
[0mGET /api/product/getWebProductById?id=1 [36m304 [0m87.505 ms - -[0m
[0mGET /api/product/similar?chilCategoryId=3 [36m304 [0m167.212 ms - -[0m
[0mGET /api/product/getWebProductById?id=1 [36m304 [0m13.748 ms - -[0m
[0mGET /api/product/similar?chilCategoryId=3 [36m304 [0m56.791 ms - -[0m
[0mGET /api/product/getWebProductById?id=1 [36m304 [0m315.387 ms - -[0m
[0mGET /api/product/similar?chilCategoryId=3 [36m304 [0m51.916 ms - -[0m
[0mGET /api/product/getWebProductById?id=1 [36m304 [0m342.355 ms - -[0m
[0mGET /api/product/similar?chilCategoryId=3 [36m304 [0m24.639 ms - -[0m
[0mGET /api/product/getWebProductById?id=1 [36m304 [0m103.548 ms - -[0m
[0mGET /api/product/similar?chilCategoryId=3 [36m304 [0m42.676 ms - -[0m
[0mGET /api/product/list/VETEMENTS [36m304 [0m104.296 ms - -[0m
[0mGET /api/product/getWebProductById?id=5 [36m304 [0m40.581 ms - -[0m
[0mGET /api/product/similar?chilCategoryId=2 [36m304 [0m11.902 ms - -[0m
[0mGET /api/product/getWebProductById?id=9 [32m200 [0m7.724 ms - 383[0m
[0mGET /api/product/getWebProductById?id=9 [36m304 [0m190.207 ms - -[0m
[0mGET /api/product/getWebProductById?id=9 [36m304 [0m58.071 ms - -[0m
[0mGET /api/product/getWebProductById?id=9 [36m304 [0m211.354 ms - -[0m
[0mGET /api/product/similar?chilCategoryId=2 [36m304 [0m114.953 ms - -[0m
[0mGET /api/product/similar?chilCategoryId=2 [36m304 [0m7.418 ms - -[0m
[0mGET /api/product/similar?chilCategoryId=2 [36m304 [0m35.518 ms - -[0m
[0mGET /api/product/similar?chilCategoryId=2 [36m304 [0m5.042 ms - -[0m
[0mGET /api/product/getWebProductById?id=5 [36m304 [0m242.062 ms - -[0m
[0mGET /api/product/similar?chilCategoryId=2 [36m304 [0m121.321 ms - -[0m
[0mGET /api/product/getWebProductById?id=5 [36m304 [0m16.242 ms - -[0m
[0mGET /api/product/similar?chilCategoryId=2 [36m304 [0m5.463 ms - -[0m
[0mGET /api/product/getWebProductById?id=5 [36m304 [0m43.604 ms - -[0m
[0mGET /api/product/similar?chilCategoryId=2 [36m304 [0m108.343 ms - -[0m
[0mGET /api/product/getWebProductById?id=5 [36m304 [0m10.236 ms - -[0m
[0mGET /api/product/similar?chilCategoryId=2 [36m304 [0m10.670 ms - -[0m
[0mGET /api/product/getWebProductById?id=5 [36m304 [0m270.603 ms - -[0m
[0mGET /api/product/similar?chilCategoryId=2 [36m304 [0m5.178 ms - -[0m
[0mGET /api/product/getWebProductById?id=5 [36m304 [0m60.433 ms - -[0m
[0mGET /api/product/similar?chilCategoryId=2 [36m304 [0m310.868 ms - -[0m
[0mGET /produit/1697602015493TS3.jpg [32m200 [0m5147.338 ms - 2846[0m
[0mGET /produit/1697602143219ENST.jpg [32m200 [0m3521.754 ms - 4600[0m
[0mGET /api/customer/getUserByEmailId?email=abalo@gmail.com [36m304 [0m891.884 ms - -[0m
[0mGET /api/category/main/list [36m304 [0m105.599 ms - -[0m
[0mGET /api/category/main/list [36m304 [0m142.631 ms - -[0m
[0mGET /api/category/main/list [36m304 [0m41.022 ms - -[0m
[0mGET /api/category/main/list [36m304 [0m26.015 ms - -[0m
[0mGET /api/category/main/list [36m304 [0m170.538 ms - -[0m
[0mGET /api/category/main/list [36m304 [0m680.790 ms - -[0m
[0mGET /api/category/main/list [36m304 [0m150.417 ms - -[0m
[0mGET /api/category/main/list [36m304 [0m25.870 ms - -[0m
[0mGET /api/category/main/list [36m304 [0m187.729 ms - -[0m
[0mGET /api/category/main/list [36m304 [0m66.250 ms - -[0m
[0mGET /api/category/main/list [36m304 [0m209.285 ms - -[0m
[0mGET /api/category/main/list [36m304 [0m3996.180 ms - -[0m
[0mGET /api/product/list/VETEMENTS [36m304 [0m2686.498 ms - -[0m
[0mGET /api/product/getWebProductById?id=5 [36m304 [0m261.058 ms - -[0m
[0mGET /api/product/similar?chilCategoryId=2 [36m304 [0m176.142 ms - -[0m
[0mGET /api/product/list/VETEMENTS [36m304 [0m38.372 ms - -[0m
[0mGET /api/product/getWebProductById?id=5 [36m304 [0m73.121 ms - -[0m
[0mGET /api/product/similar?chilCategoryId=2 [36m304 [0m16.658 ms - -[0m
[0mGET /api/category/main/list [36m304 [0m237.187 ms - -[0m
[0mGET /api/category/main/list [36m304 [0m23.806 ms - -[0m
[0mGET /api/category/main/list [36m304 [0m10.305 ms - -[0m
[0mGET /api/category/main/list [36m304 [0m778.560 ms - -[0m
[0mGET /api/category/main/list [36m304 [0m70.172 ms - -[0m
[0mGET /api/category/main/list [36m304 [0m291.808 ms - -[0m
[0mGET /api/category/main/list [36m304 [0m46.366 ms - -[0m
[0mGET /api/category/main/list [36m304 [0m90.634 ms - -[0m
[0mPOST /api/customer/login [33m401 [0m9896.772 ms - 40[0m
[0mPOST /api/customer/login [33m401 [0m200.909 ms - 40[0m
[0mPOST /api/customer/login [33m401 [0m4726.867 ms - 40[0m
[0mPOST /api/customer/login [32m200 [0m1220.596 ms - 196[0m
[0mGET /api/customer/getUserByEmailId?email=abalo@gmail.com [36m304 [0m123.703 ms - -[0m
[0mGET /api/customer/getUserByEmailId?email=abalo@gmail.com [36m304 [0m9.745 ms - -[0m
[0mPOST /api/customer/login [32m200 [0m986.859 ms - 196[0m
[0mGET /api/category/main/list [36m304 [0m175.420 ms - -[0m
[0mGET /api/customer/getUserByEmailId?email=abalo@gmail.com [36m304 [0m35.631 ms - -[0m
[0mPOST /api/customer/login [32m200 [0m962.939 ms - 196[0m
[0mPOST /api/customer/login [32m200 [0m1935.189 ms - 196[0m
[0mGET /api/category/main/list [36m304 [0m6.547 ms - -[0m
[0mGET /api/customer/getUserByEmailId?email=abalo@gmail.com [36m304 [0m75.549 ms - -[0m
[0mPOST /api/customer/login [32m200 [0m1010.860 ms - 196[0m
[0mGET /api/product/list/VETEMENTS [36m304 [0m137.206 ms - -[0m
[0mGET /api/product/getWebProductById?id=5 [36m304 [0m10.184 ms - -[0m
[0mGET /api/product/similar?chilCategoryId=2 [36m304 [0m71.797 ms - -[0m
[0mPOST /api/customer/login [32m200 [0m1027.215 ms - 196[0m
[0mPOST /api/customer/login [32m200 [0m1032.273 ms - 196[0m
[0mGET /api/category/main/list [36m304 [0m21.138 ms - -[0m
[0mGET /api/customer/getUserByEmailId?email=abalo@gmail.com [36m304 [0m115.824 ms - -[0m
[0mPOST /api/customer/login [32m200 [0m1231.618 ms - 196[0m
[0mPOST /api/customer/login [32m200 [0m1353.350 ms - 196[0m
[0mPOST /api/customer/login [32m200 [0m1188.856 ms - 196[0m
[0mGET /api/customer/getUserByEmailId?email=abalo@gmail.com [36m304 [0m338.736 ms - -[0m
[0mGET /api/customer/getUserByEmailId?email=abalo@gmail.com [36m304 [0m99.965 ms - -[0m
[0mPOST /api/customer/login [32m200 [0m1278.697 ms - 196[0m
[0mPOST /api/customer/login [32m200 [0m1368.188 ms - 196[0m
[0mGET /api/customer/getUserByEmailId?email=abalo@gmail.com [36m304 [0m115.491 ms - -[0m
[0mPOST /api/customer/login [32m200 [0m843.705 ms - 196[0m
[0mPOST /api/customer/login [32m200 [0m1227.079 ms - 196[0m
[0mGET /api/customer/getUserByEmailId?email=abalo@gmail.com [36m304 [0m55.475 ms - -[0m
[0mPOST /api/customer/login [32m200 [0m1223.589 ms - 196[0m
[0mPOST /api/customer/login [32m200 [0m1325.383 ms - 196[0m
[0mGET /api/customer/getUserByEmailId?email=abalo@gmail.com [36m304 [0m98.350 ms - -[0m
[0mGET /api/category/main/list [36m304 [0m1000.785 ms - -[0m
[0mGET /api/customer/getUserByEmailId?email=abalo@gmail.com [36m304 [0m817.076 ms - -[0m
[0mPOST /api/customer/login [32m200 [0m1051.783 ms - 196[0m
[0mPOST /api/customer/login [32m200 [0m1278.054 ms - 196[0m
[0mGET /api/customer/getUserByEmailId?email=abalo@gmail.com [36m304 [0m51.032 ms - -[0m
[0mPOST /api/customer/login [32m200 [0m1260.840 ms - 196[0m
[0mGET /api/category/main/list [36m304 [0m12566.510 ms - -[0m
[0mGET /api/customer/getUserByEmailId?email=abalo@gmail.com [36m304 [0m1685.617 ms - -[0m
[0mGET /api/product/list/VETEMENTS [36m304 [0m602.213 ms - -[0m
[0mGET /api/product/getWebProductById?id=5 [36m304 [0m292.409 ms - -[0m
[0mGET /api/product/similar?chilCategoryId=2 [36m304 [0m174.842 ms - -[0m
[0mPOST /api/customer/login [32m200 [0m1364.841 ms - 196[0m
[0mGET /api/customer/getUserByEmailId?email=abalo@gmail.com [36m304 [0m18.945 ms - -[0m
[0mGET /api/category/main/list [36m304 [0m13119.526 ms - -[0m
[0mGET /api/product/list/VETEMENTS [36m304 [0m1942.972 ms - -[0m
[0mGET /api/product/getWebProductById?id=5 [36m304 [0m195.909 ms - -[0m
[0mGET /api/product/similar?chilCategoryId=2 [36m304 [0m66.735 ms - -[0m
[0mGET /api/category/main/list [36m304 [0m139.866 ms - -[0m
[0mGET /api/category/main/list [36m304 [0m25.926 ms - -[0m
[0mGET /api/category/main/list [36m304 [0m160.230 ms - -[0m
[0mGET /api/category/main/list [36m304 [0m20.493 ms - -[0m
[0mGET /api/category/main/list [36m304 [0m276.362 ms - -[0m
[0mGET /api/product/list/VETEMENTS [36m304 [0m535.860 ms - -[0m
[0mGET /api/product/getWebProductById?id=5 [36m304 [0m48.582 ms - -[0m
[0mGET /api/product/similar?chilCategoryId=2 [36m304 [0m210.215 ms - -[0m
[0mGET /api/product/getWebProductById?id=5 [36m304 [0m83.856 ms - -[0m
[0mGET /api/product/similar?chilCategoryId=2 [36m304 [0m43.433 ms - -[0m
[0mGET /api/product/getWebProductById?id=5 [36m304 [0m138.913 ms - -[0m
[0mGET /api/product/similar?chilCategoryId=2 [36m304 [0m8.962 ms - -[0m
[0mGET /api/product/getWebProductById?id=5 [36m304 [0m41.810 ms - -[0m
[0mGET /api/product/similar?chilCategoryId=2 [36m304 [0m11.251 ms - -[0m
[0mGET /api/product/getWebProductById?id=5 [36m304 [0m42.300 ms - -[0m
[0mGET /api/product/similar?chilCategoryId=2 [36m304 [0m93.348 ms - -[0m
[0mGET /api/product/getWebProductById?id=5 [36m304 [0m31.485 ms - -[0m
[0mGET /api/product/similar?chilCategoryId=2 [36m304 [0m88.354 ms - -[0m
[0mGET /api/product/getWebProductById?id=5 [36m304 [0m36.664 ms - -[0m
[0mGET /api/product/similar?chilCategoryId=2 [36m304 [0m181.148 ms - -[0m
[0mGET /api/product/getWebProductById?id=5 [36m304 [0m59.056 ms - -[0m
[0mGET /api/product/similar?chilCategoryId=2 [36m304 [0m77.612 ms - -[0m
[0mGET /api/product/getWebProductById?id=5 [36m304 [0m120.880 ms - -[0m
[0mGET /api/product/similar?chilCategoryId=2 [36m304 [0m7.102 ms - -[0m
[0mGET /api/product/getWebProductById?id=5 [36m304 [0m52.734 ms - -[0m
[0mGET /api/product/similar?chilCategoryId=2 [36m304 [0m125.037 ms - -[0m
[0mGET /api/product/getWebProductById?id=5 [36m304 [0m94.395 ms - -[0m
[0mGET /api/product/similar?chilCategoryId=2 [36m304 [0m7.547 ms - -[0m
[0mGET /api/product/getWebProductById?id=5 [36m304 [0m310.863 ms - -[0m
[0mGET /api/product/similar?chilCategoryId=2 [36m304 [0m6.129 ms - -[0m
[0mGET /api/product/getWebProductById?id=5 [36m304 [0m30.606 ms - -[0m
[0mGET /api/product/similar?chilCategoryId=2 [36m304 [0m8.966 ms - -[0m
[0mGET /api/product/getWebProductById?id=5 [36m304 [0m34.397 ms - -[0m
[0mGET /api/product/similar?chilCategoryId=2 [36m304 [0m21.779 ms - -[0m
[0mGET /api/product/getWebProductById?id=5 [36m304 [0m30.837 ms - -[0m
[0mGET /api/product/similar?chilCategoryId=2 [36m304 [0m5.970 ms - -[0m
[0mGET /api/product/getWebProductById?id=5 [36m304 [0m78.530 ms - -[0m
[0mGET /api/product/similar?chilCategoryId=2 [36m304 [0m6.785 ms - -[0m
[0mGET /api/product/getWebProductById?id=5 [36m304 [0m31.921 ms - -[0m
[0mGET /api/product/similar?chilCategoryId=2 [36m304 [0m28.842 ms - -[0m
[0mGET /api/product/getWebProductById?id=5 [36m304 [0m34.001 ms - -[0m
[0mGET /api/product/similar?chilCategoryId=2 [36m304 [0m97.202 ms - -[0m
[0mGET /api/product/getWebProductById?id=5 [36m304 [0m465.076 ms - -[0m
[0mGET /api/product/similar?chilCategoryId=2 [36m304 [0m7.438 ms - -[0m
[0mGET /api/product/getWebProductById?id=5 [36m304 [0m68.806 ms - -[0m
[0mGET /api/product/similar?chilCategoryId=2 [36m304 [0m76.845 ms - -[0m
[0mGET /api/product/getWebProductById?id=5 [36m304 [0m19.755 ms - -[0m
[0mGET /api/product/similar?chilCategoryId=2 [36m304 [0m65.401 ms - -[0m
[0mGET /api/category/main/list [36m304 [0m30.913 ms - -[0m
[0mGET /api/product/list/VETEMENTS [36m304 [0m231.753 ms - -[0m
[0mGET /api/product/getWebProductById?id=5 [36m304 [0m84.943 ms - -[0m
[0mGET /api/product/similar?chilCategoryId=2 [36m304 [0m9.703 ms - -[0m
[0mGET /api/product/getWebProductById?id=5 [36m304 [0m15.880 ms - -[0m
[0mGET /api/product/similar?chilCategoryId=2 [36m304 [0m253.055 ms - -[0m
[0mGET /api/product/list/VETEMENTS [36m304 [0m506.294 ms - -[0m
[0mGET /api/product/getWebProductById?id=1 [36m304 [0m141.422 ms - -[0m
[0mGET /api/product/similar?chilCategoryId=3 [36m304 [0m146.183 ms - -[0m
[0mGET /api/product/list/VETEMENTS [36m304 [0m210.313 ms - -[0m
[0mGET /api/product/getWebProductById?id=1 [36m304 [0m392.017 ms - -[0m
[0mGET /api/product/similar?chilCategoryId=3 [36m304 [0m30.847 ms - -[0m
[0mGET /api/product/list/VETEMENTS [36m304 [0m223.399 ms - -[0m
[0mGET /api/product/getWebProductById?id=6 [32m200 [0m332.063 ms - 440[0m
[0mGET /api/product/similar?chilCategoryId=3 [36m304 [0m115.047 ms - -[0m
[0mGET /produit/1696516332648T1.jpg [32m200 [0m2090.056 ms - 9012[0m
[0mGET /api/product/list/VETEMENTS [36m304 [0m10530.553 ms - -[0m
[0mGET /api/product/getWebProductById?id=9 [36m304 [0m920.430 ms - -[0m
[0mGET /api/product/similar?chilCategoryId=2 [36m304 [0m837.414 ms - -[0m
[0mGET /api/category/main/list [36m304 [0m739.438 ms - -[0m
[0mGET /produit/1695989601836C2.jpg [36m304 [0m1352.787 ms - -[0m
[0mGET /produit/1695989675538cas.jpg [36m304 [0m911.739 ms - -[0m
[0mGET /produit/1696998821128ARR5.jpg [36m304 [0m1229.432 ms - -[0m
[0mGET /produit/1695989763210acc1.jpg [36m304 [0m240.340 ms - -[0m
[0mGET /produit/1697602143219ENST.jpg [36m304 [0m84.930 ms - -[0m
[0mGET /produit/1697602015493TS3.jpg [36m304 [0m743.592 ms - -[0m
[0mOPTIONS /api/customer/login [32m204 [0m186.172 ms - 0[0m
[0mPOST /api/customer/login [32m200 [0m6550.698 ms - 196[0m
[0mGET /produit/1697602015493TS3.jpg [36m304 [0m4.493 ms - -[0m
[0mGET /produit/1697602143219ENST.jpg [36m304 [0m53.100 ms - -[0m
[0mGET /api/customer/getUserByEmailId?email=abalo@gmail.com [32m200 [0m823.176 ms - 300[0m
[0mGET /api/customer/getUserByEmailId?email=abalo@gmail.com [36m304 [0m82.703 ms - -[0m
[0mGET /produit/1697602015493TS3.jpg [36m304 [0m47.009 ms - -[0m
[0mGET /produit/1697602143219ENST.jpg [36m304 [0m11.459 ms - -[0m
[0mGET /api/customer/getUserByEmailId?email=abalo@gmail.com [36m304 [0m151.961 ms - -[0m
[0mGET /api/customer/getUserByEmailId?email=abalo@gmail.com [36m304 [0m276.046 ms - -[0m
[0mGET /api/customer/getUserByEmailId?email=[object%20Object] [31m500 [0m27.478 ms - 17[0m
[0mGET /api/category/main/list [36m304 [0m990.808 ms - -[0m
[0mGET /api/customer/getUserByEmailId?email=[object%20Object] [31m500 [0m824.157 ms - 17[0m
[0mGET /api/customer/getUserByEmailId?email=abalo@gmail.com [36m304 [0m23.640 ms - -[0m
[0mGET /api/customer/getUserByEmailId?email=abalo@gmail.com [36m304 [0m90.923 ms - -[0m
[0mGET /api/customer/getUserByEmailId?email=abalo@gmail.com [36m304 [0m11.724 ms - -[0m
[0mGET /api/customer/getUserByEmailId?email=abalo@gmail.com [36m304 [0m118.321 ms - -[0m
[0mGET /api/customer/getUserByEmailId?email=abalo@gmail.com [36m304 [0m274.664 ms - -[0m
[0mGET /api/customer/getUserByEmailId?email=abalo@gmail.com [36m304 [0m83.818 ms - -[0m
[0mGET /api/customer/getUserByEmailId?email=abalo@gmail.com [36m304 [0m103.938 ms - -[0m
[0mGET /api/customer/getUserByEmailId?email=abalo@gmail.com [36m304 [0m43.287 ms - -[0m
[0mGET /api/customer/getUserByEmailId?email=abalo@gmail.com [36m304 [0m16.457 ms - -[0m
[0mOPTIONS /api/order/create [32m204 [0m1.518 ms - 0[0m
[0mPOST /api/order/create [32m200 [0m3329.597 ms - 16[0m
[0mGET /api/customer/getUserByEmailId?email=abalo@gmail.com [32m200 [0m233.025 ms - 507[0m
[0mGET /api/customer/getUserByEmailId?email=abalo@gmail.com [36m304 [0m7.484 ms - -[0m
[0mGET /api/customer/getUserByEmailId?email=abalo@gmail.com [36m304 [0m19.452 ms - -[0m
[0mOPTIONS /api/order/create [32m204 [0m41.292 ms - 0[0m
[0mPOST /api/order/create [31m500 [0m2179.881 ms - 34[0m
[0mPOST /api/order/create [31m500 [0m165.753 ms - 34[0m
[0mGET /api/customer/getUserByEmailId?email=abalo@gmail.com [36m304 [0m16.217 ms - -[0m
[0mPOST /api/order/create [31m500 [0m139.168 ms - 34[0m
[0mPOST /api/order/create [31m500 [0m233.273 ms - 34[0m
[0mGET /api/category/main/list [36m304 [0m26.822 ms - -[0m
[0mGET /api/customer/getUserByEmailId?email=abalo@gmail.com [32m200 [0m15.108 ms - 507[0m
[0mPOST /api/order/create [31m500 [0m48.448 ms - 34[0m
[0mGET /api/customer/getUserByEmailId?email=abalo@gmail.com [36m304 [0m172.546 ms - -[0m
[0mPOST /api/order/create [32m200 [0m403.444 ms - 16[0m
[0mGET /api/category/main/list [36m304 [0m158.175 ms - -[0m
[0mGET /produit/1696998821128ARR5.jpg [36m304 [0m339.830 ms - -[0m
[0mGET /produit/1695989601836C2.jpg [36m304 [0m132.503 ms - -[0m
[0mGET /produit/1695989675538cas.jpg [36m304 [0m132.142 ms - -[0m
[0mGET /produit/1695989763210acc1.jpg [36m304 [0m142.944 ms - -[0m
[0mGET /api/category/cn/list?name=VETEMENTS [32m200 [0m1010.747 ms - 1606[0m
[0mGET /api/product/list/VETEMENTS [32m200 [0m886.830 ms - 2133[0m
[0mGET /produit/1696448643139ARR3.jpg [32m200 [0m2594.695 ms - 3465[0m
[0mGET /produit/1695747027807TS1.jpg [32m200 [0m1808.160 ms - 4327[0m
[0mGET /produit/1695752820497e3.jpg [32m200 [0m2306.098 ms - 7440[0m
[0mGET /produit/1695754196334ENST.jpg [32m200 [0m1376.380 ms - 4600[0m
[0mGET /produit/1695754614263T1.jpg [32m200 [0m2016.319 ms - 9012[0m
[0mGET /api/product/getWebProductById?id=5 [32m200 [0m42.298 ms - 610[0m
[0mGET /api/product/similar?chilCategoryId=2 [32m200 [0m7.691 ms - 691[0m
[0mGET /produit/1697602231904CH4.jpg [32m200 [0m232.830 ms - 7684[0m
[0mGET /produit/1697602143219ENST.jpg [36m304 [0m3.151 ms - -[0m
[0mGET /produit/1695941364451ENSY.jpg [32m200 [0m288.522 ms - 8789[0m
[0mGET /api/customer/getUserByEmailId?email=abalo@gmail.com [32m200 [0m22.481 ms - 714[0m
[0mOPTIONS /api/order/create [32m204 [0m2.245 ms - 0[0m
[0mPOST /api/order/create [32m200 [0m244.942 ms - 16[0m
[0mGET /api/customer/getUserByEmailId?email=abalo@gmail.com [32m200 [0m60.453 ms - 922[0m
[0mGET /api/category/main/list [36m304 [0m11.291 ms - -[0m
[0mGET /produit/1696998821128ARR5.jpg [36m304 [0m14.998 ms - -[0m
[0mGET /produit/1695989601836C2.jpg [36m304 [0m15.189 ms - -[0m
[0mGET /produit/1695989675538cas.jpg [36m304 [0m14.419 ms - -[0m
[0mGET /produit/1695989763210acc1.jpg [36m304 [0m12.679 ms - -[0m
[0mGET /api/category/cn/list?name=VETEMENTS [36m304 [0m145.563 ms - -[0m
[0mGET /api/product/list/VETEMENTS [36m304 [0m93.966 ms - -[0m
[0mGET /produit/1695754196334ENST.jpg [36m304 [0m5.707 ms - -[0m
[0mGET /produit/1695754614263T1.jpg [36m304 [0m5.989 ms - -[0m
[0mGET /produit/1695747027807TS1.jpg [36m304 [0m8.029 ms - -[0m
[0mGET /produit/1695752820497e3.jpg [36m304 [0m10.411 ms - -[0m
[0mGET /produit/1696448643139ARR3.jpg [36m304 [0m8.099 ms - -[0m
[0mGET /api/product/getWebProductById?id=1 [32m200 [0m8.712 ms - 605[0m
[0mGET /api/product/similar?chilCategoryId=3 [32m200 [0m10.571 ms - 664[0m
[0mGET /produit/1697602015493TS3.jpg [36m304 [0m22.432 ms - -[0m
[0mGET /produit/1697602090704TS5.jpg [32m200 [0m134.987 ms - 4909[0m
[0mGET /produit/1697102155278TS1.jpg [32m200 [0m138.166 ms - 4327[0m
[0mGET /api/customer/getUserByEmailId?email=abalo@gmail.com [36m304 [0m32.621 ms - -[0m
[0mOPTIONS /api/order/create [32m204 [0m1.782 ms - 0[0m
[0mPOST /api/order/create [32m200 [0m214.142 ms - 16[0m
[0mGET /api/customer/getUserByEmailId?email=abalo@gmail.com [32m200 [0m12.194 ms - 1129[0m
[0mGET /api/category/main/list [36m304 [0m36.134 ms - -[0m
[0mGET /produit/1696998821128ARR5.jpg [36m304 [0m11.584 ms - -[0m
[0mGET /produit/1695989601836C2.jpg [36m304 [0m15.154 ms - -[0m
[0mGET /produit/1695989763210acc1.jpg [36m304 [0m11.508 ms - -[0m
[0mGET /produit/1695989675538cas.jpg [36m304 [0m14.759 ms - -[0m
[0mGET /api/customer/getUserByEmailId?email=abalo@gmail.com [36m304 [0m73.438 ms - -[0m
[0mGET /api/customer/getUserByEmailId?email=abalo@gmail.com [36m304 [0m142.651 ms - -[0m
[0mGET /api/customer/getUserByEmailId?email=abalo@gmail.com [36m304 [0m129.575 ms - -[0m
[0mGET /api/customer/getUserByEmailId?email=abalo@gmail.com [36m304 [0m78.942 ms - -[0m
[0mGET /api/customer/getUserByEmailId?email=abalo@gmail.com [36m304 [0m55.140 ms - -[0m
[0mGET /api/customer/getUserByEmailId?email=abalo@gmail.com [36m304 [0m124.321 ms - -[0m
[0mGET /api/customer/getUserByEmailId?email=abalo@gmail.com [36m304 [0m34.668 ms - -[0m
[0mGET /api/order/orderByid?id=12 [32m200 [0m298.905 ms - 512[0m
[0mGET /produit/1697602015493TS3.jpg [36m304 [0m15.515 ms - -[0m
[0mGET /produit/1697602143219ENST.jpg [36m304 [0m10.087 ms - -[0m
[0mGET /api/customer/getUserByEmailId?email=abalo@gmail.com [36m304 [0m73.258 ms - -[0m
[0mGET /api/customer/getUserByEmailId?email=abalo@gmail.com [36m304 [0m37.030 ms - -[0m
[0mGET /api/customer/getUserByEmailId?email=abalo@gmail.com [36m304 [0m39.305 ms - -[0m
[0mGET /api/order/orderByid?id=13 [32m200 [0m11.582 ms - 509[0m
[0mGET /produit/1697602143219ENST.jpg [36m304 [0m5.182 ms - -[0m
[0mGET /produit/1697602090704TS5.jpg [36m304 [0m2.932 ms - -[0m
[0mGET /api/customer/getUserByEmailId?email=abalo@gmail.com [36m304 [0m54.814 ms - -[0m
[0mGET /api/customer/getUserByEmailId?email=abalo@gmail.com [36m304 [0m13.101 ms - -[0m
[0mGET /api/customer/getUserByEmailId?email=abalo@gmail.com [36m304 [0m41.830 ms - -[0m
[0mGET /api/order/orderByid?id=15 [32m200 [0m59.992 ms - 376[0m
[0mGET /produit/1697602015493TS3.jpg [36m304 [0m2.178 ms - -[0m
[0mGET /api/customer/getUserByEmailId?email=abalo@gmail.com [36m304 [0m136.895 ms - -[0m
[0mGET /api/customer/getUserByEmailId?email=abalo@gmail.com [36m304 [0m63.687 ms - -[0m
[0mGET /api/customer/getUserByEmailId?email=abalo@gmail.com [36m304 [0m53.094 ms - -[0m
[0mGET /api/customer/getUserByEmailId?email=abalo@gmail.com [36m304 [0m12.230 ms - -[0m
[0mGET /api/customer/getUserByEmailId?email=abalo@gmail.com [36m304 [0m144.281 ms - -[0m
[0mGET /api/customer/getUserByEmailId?email=abalo@gmail.com [36m304 [0m42.923 ms - -[0m
[0mGET /api/customer/getUserByEmailId?email=abalo@gmail.com [36m304 [0m21.882 ms - -[0m
[0mGET /api/customer/getUserByEmailId?email=abalo@gmail.com [36m304 [0m157.131 ms - -[0m
[0mGET /api/category/main/list [36m304 [0m126.023 ms - -[0m
[0mGET /produit/1696998821128ARR5.jpg [36m304 [0m279.836 ms - -[0m
[0mGET /produit/1695989601836C2.jpg [36m304 [0m193.492 ms - -[0m
[0mGET /produit/1695989675538cas.jpg [36m304 [0m191.201 ms - -[0m
[0mGET /produit/1695989763210acc1.jpg [36m304 [0m6.605 ms - -[0m
[0mGET /api/customer/getUserByEmailId?email=abalo@gmail.com [36m304 [0m13.048 ms - -[0m
[0mGET /api/customer/getUserByEmailId?email=abalo@gmail.com [36m304 [0m135.359 ms - -[0m
[0mGET /api/customer/getUserByEmailId?email=abalo@gmail.com [36m304 [0m19.095 ms - -[0m
[0mGET /api/customer/getUserByEmailId?email=abalo@gmail.com [36m304 [0m594.557 ms - -[0m
[0mGET /api/customer/getUserByEmailId?email=abalo@gmail.com [36m304 [0m42.274 ms - -[0m
[0mGET /api/customer/getUserByEmailId?email=abalo@gmail.com [36m304 [0m154.276 ms - -[0m
[0mGET /api/customer/getUserByEmailId?email=abalo@gmail.com [36m304 [0m289.851 ms - -[0m
[0mGET /api/customer/getUserByEmailId?email=abalo@gmail.com [32m200 [0m525.340 ms - 1129[0m
[0mGET /api/category/main/list [36m304 [0m715.808 ms - -[0m
[0mGET /api/customer/getUserByEmailId?email=abalo@gmail.com [36m304 [0m275.693 ms - -[0m
[0mGET /api/category/main/list [36m304 [0m177.530 ms - -[0m
[0mGET /api/customer/getUserByEmailId?email=abalo@gmail.com [36m304 [0m259.375 ms - -[0m
[0mGET /api/category/main/list [36m304 [0m234.967 ms - -[0m
[0mGET /api/customer/getUserByEmailId?email=abalo@gmail.com [36m304 [0m267.506 ms - -[0m
[0mGET /api/category/main/list [36m304 [0m13.627 ms - -[0m
[0mGET /api/customer/getUserByEmailId?email=abalo@gmail.com [36m304 [0m154.428 ms - -[0m
[0mGET /api/customer/getUserByEmailId?email=abalo@gmail.com [36m304 [0m1837.482 ms - -[0m
[0mGET /api/customer/getUserByEmailId?email=abalo@gmail.com [36m304 [0m100.070 ms - -[0m
[0mGET /api/customer/getUserByEmailId?email=abalo@gmail.com [36m304 [0m370.619 ms - -[0m
[0mGET /api/customer/getUserByEmailId?email=abalo@gmail.com [36m304 [0m328.414 ms - -[0m
[0mGET /api/customer/getUserByEmailId?email=abalo@gmail.com [36m304 [0m326.551 ms - -[0m
[0mGET /api/customer/getUserByEmailId?email=abalo@gmail.com [36m304 [0m199.471 ms - -[0m
[0mGET /api/customer/getUserByEmailId?email=abalo@gmail.com [36m304 [0m155.607 ms - -[0m
