[0mGET /api/category/main/list [32m200 [0m3735.603 ms - 696[0m
[0mGET /api/product/list/VETEMENTS [32m200 [0m978.002 ms - 2133[0m
[0mGET /produit/1695754196334ENST.jpg [32m200 [0m147.374 ms - 4600[0m
[0mGET /produit/1695754614263T1.jpg [32m200 [0m263.692 ms - 9012[0m
[0mGET /produit/1695747027807TS1.jpg [32m200 [0m263.059 ms - 4327[0m
[0mGET /produit/1695752820497e3.jpg [32m200 [0m4.320 ms - 7440[0m
[0mGET /produit/1696448643139ARR3.jpg [32m200 [0m107.888 ms - 3465[0m
[0mGET /api/product/getWebProductById?id=5 [32m200 [0m323.137 ms - 610[0m
[0mGET /api/product/similar?chilCategoryId=2 [32m200 [0m44.688 ms - 691[0m
[0mGET /produit/1695941364451ENSY.jpg [32m200 [0m130.138 ms - 8789[0m
[0mGET /api/category/main/list [36m304 [0m14.318 ms - -[0m
[0mGET /api/product/list/VETEMENTS [36m304 [0m180.823 ms - -[0m
[0mGET /api/product/getWebProductById?id=5 [36m304 [0m17.454 ms - -[0m
[0mGET /api/product/similar?chilCategoryId=2 [36m304 [0m15.865 ms - -[0m
[0mGET /api/product/getWebProductById?id=5 [36m304 [0m44.908 ms - -[0m
[0mGET /api/product/similar?chilCategoryId=2 [36m304 [0m7.534 ms - -[0m
[0mGET /api/category/main/list [36m304 [0m206.252 ms - -[0m
[0mGET /produit/1695989675538cas.jpg [32m200 [0m1464.476 ms - 3513[0m
[0mGET /produit/1695989601836C2.jpg [32m200 [0m1203.038 ms - 8412[0m
[0mGET /produit/1696998821128ARR5.jpg [32m200 [0m1038.080 ms - 3588[0m
[0mGET /produit/1695989763210acc1.jpg [32m200 [0m225.660 ms - 7482[0m
[0mGET /api/product/list/VETEMENTS [36m304 [0m782.351 ms - -[0m
[0mGET /api/product/getWebProductById?id=5 [36m304 [0m265.073 ms - -[0m
[0mGET /api/product/similar?chilCategoryId=2 [36m304 [0m130.664 ms - -[0m
[0mGET /api/product/getWebProductById?id=5 [36m304 [0m247.307 ms - -[0m
[0mGET /api/product/similar?chilCategoryId=2 [36m304 [0m39.725 ms - -[0m
[0mGET /api/product/getWebProductById?id=5 [36m304 [0m2233.300 ms - -[0m
[0mGET /api/category/main/list [36m304 [0m500.133 ms - -[0m
[0mGET /api/product/list/VETEMENTS [36m304 [0m2690.980 ms - -[0m
[0mGET /api/product/getWebProductById?id=5 [36m304 [0m1548.755 ms - -[0m
[0mGET /api/product/similar?chilCategoryId=2 [36m304 [0m683.815 ms - -[0m
[0mGET /api/product/list/VETEMENTS [36m304 [0m714.158 ms - -[0m
[0mGET /api/product/list/VETEMENTS [36m304 [0m424.885 ms - -[0m
[0mGET /api/product/getWebProductById?id=5 [36m304 [0m233.285 ms - -[0m
[0mGET /api/product/similar?chilCategoryId=2 [36m304 [0m444.774 ms - -[0m
[0mGET /api/product/getWebProductById?id=5 [36m304 [0m112.801 ms - -[0m
[0mGET /api/product/similar?chilCategoryId=2 [36m304 [0m178.906 ms - -[0m
[0mGET /api/product/getWebProductById?id=5 [36m304 [0m796.659 ms - -[0m
[0mGET /api/product/similar?chilCategoryId=2 [36m304 [0m8.482 ms - -[0m
[0mGET /api/category/main/list [36m304 [0m4164.595 ms - -[0m
[0mGET /api/product/list/VETEMENTS [36m304 [0m2374.677 ms - -[0m
[0mGET /api/product/list/VETEMENTS [36m304 [0m110.322 ms - -[0m
[0mGET /api/product/getWebProductById?id=5 [36m304 [0m190.854 ms - -[0m
[0mGET /api/product/similar?chilCategoryId=2 [36m304 [0m405.201 ms - -[0m
[0mGET /api/category/main/list [36m304 [0m476.995 ms - -[0m
[0mGET /api/product/list/VETEMENTS [36m304 [0m506.013 ms - -[0m
[0mGET /api/product/getWebProductById?id=5 [36m304 [0m270.780 ms - -[0m
[0mGET /api/product/similar?chilCategoryId=2 [36m304 [0m69.889 ms - -[0m
[0mGET /api/product/list/VETEMENTS [36m304 [0m155.057 ms - -[0m
[0mGET /api/product/getWebProductById?id=1 [32m200 [0m143.786 ms - 605[0m
[0mGET /api/product/similar?chilCategoryId=3 [32m200 [0m627.960 ms - 664[0m
[0mGET /produit/1697102155278TS1.jpg [32m200 [0m1193.020 ms - 4327[0m
[0mGET /undefined [33m404 [0m6139.878 ms - 7466[0m
[0mGET /api/product/list/VETEMENTS [36m304 [0m889.024 ms - -[0m
[0mGET /undefined [33m404 [0m129.637 ms - 7466[0m
[0mGET /api/product/list/VETEMENTS [36m304 [0m318.688 ms - -[0m
[0mGET /api/product/getWebProductById?id=1 [36m304 [0m128.671 ms - -[0m
[0mGET /api/product/getWebProductById?id=1 [36m304 [0m258.691 ms - -[0m
[0mGET /api/product/similar?chilCategoryId=3 [36m304 [0m130.125 ms - -[0m
[0mGET /api/product/similar?chilCategoryId=3 [36m304 [0m38.546 ms - -[0m
[0mGET /api/product/getWebProductById?id=1 [36m304 [0m241.503 ms - -[0m
[0mGET /api/product/similar?chilCategoryId=3 [36m304 [0m55.668 ms - -[0m
[0mGET /api/category/main/list [36m304 [0m403.496 ms - -[0m
[0mGET /api/product/list/VETEMENTS [36m304 [0m947.654 ms - -[0m
[0mGET /api/product/getWebProductById?id=5 [36m304 [0m484.631 ms - -[0m
[0mGET /api/product/similar?chilCategoryId=2 [36m304 [0m5.219 ms - -[0m
[0mGET /undefined [33m404 [0m2168.588 ms - 7466[0m
[0mGET /api/category/main/list [32m200 [0m2921.830 ms - 696[0m
[0mGET /produit/1695989601836C2.jpg [36m304 [0m2594.759 ms - -[0m
[0mGET /produit/1695989675538cas.jpg [36m304 [0m1896.575 ms - -[0m
[0mGET /produit/1696998821128ARR5.jpg [36m304 [0m2293.821 ms - -[0m
[0mGET /produit/1695989763210acc1.jpg [36m304 [0m151.993 ms - -[0m
[0mGET /api/product/list/VETEMENTS [32m200 [0m3560.414 ms - 2133[0m
[0mGET /api/category/cn/list?name=VETEMENTS [32m200 [0m7159.956 ms - 1606[0m
[0mGET /produit/1695754614263T1.jpg [36m304 [0m489.987 ms - -[0m
[0mGET /produit/1695747027807TS1.jpg [36m304 [0m489.164 ms - -[0m
[0mGET /produit/1696448643139ARR3.jpg [32m200 [0m583.587 ms - 3465[0m
[0mGET /produit/1695752820497e3.jpg [32m200 [0m658.007 ms - 7440[0m
[0mGET /produit/1695754196334ENST.jpg [32m200 [0m715.539 ms - 4600[0m
[0mGET /api/product/getWebProductById?id=1 [32m200 [0m189.837 ms - 605[0m
[0mGET /produit/1697102155278TS1.jpg [36m304 [0m43.963 ms - -[0m
[0mGET /api/product/similar?chilCategoryId=3 [32m200 [0m404.023 ms - 664[0m
[0mGET /produit/1697602015493TS3.jpg [36m304 [0m244.075 ms - -[0m
[0mGET /produit/1697602090704TS5.jpg [36m304 [0m441.932 ms - -[0m
[0mGET /api/product/list/VETEMENTS [36m304 [0m241.781 ms - -[0m
[0mGET /api/category/main/list [36m304 [0m392.664 ms - -[0m
[0mGET /api/product/list/VETEMENTS [36m304 [0m779.421 ms - -[0m
[0mGET /api/product/list/VETEMENTS [36m304 [0m452.881 ms - -[0m
[0mGET /api/product/getWebProductById?id=5 [36m304 [0m942.485 ms - -[0m
[0mGET /api/product/similar?chilCategoryId=2 [36m304 [0m105.233 ms - -[0m
[0mGET /api/product/getWebProductById?id=5 [36m304 [0m380.650 ms - -[0m
[0mGET /api/product/similar?chilCategoryId=2 [36m304 [0m60.636 ms - -[0m
[0mGET /undefined [33m404 [0m2638.419 ms - 7466[0m
[0mGET /api/product/list/VETEMENTS [36m304 [0m102.817 ms - -[0m
[0mGET /api/product/list/VETEMENTS [36m304 [0m164.214 ms - -[0m
[0mGET /api/product/getWebProductById?id=5 [36m304 [0m7.446 ms - -[0m
[0mGET /api/product/similar?chilCategoryId=2 [36m304 [0m95.284 ms - -[0m
[0mGET /undefined [33m404 [0m486.188 ms - 7466[0m
[0mGET /api/category/main/list [36m304 [0m150.562 ms - -[0m
[0mGET /api/product/list/VETEMENTS [36m304 [0m350.561 ms - -[0m
[0mGET /api/category/main/list [36m304 [0m39.489 ms - -[0m
[0mGET /api/product/list/VETEMENTS [36m304 [0m17.473 ms - -[0m
[0mGET /api/product/getWebProductById?id=1 [36m304 [0m155.818 ms - -[0m
[0mGET /api/product/similar?chilCategoryId=3 [36m304 [0m71.977 ms - -[0m
[0mGET /api/category/main/list [36m304 [0m330.631 ms - -[0m
[0mGET /api/product/list/VETEMENTS [36m304 [0m495.312 ms - -[0m
[0mGET /api/product/getWebProductById?id=5 [36m304 [0m265.774 ms - -[0m
[0mGET /api/product/similar?chilCategoryId=2 [36m304 [0m10.787 ms - -[0m
[0mGET /api/product/list/VETEMENTS [36m304 [0m119.643 ms - -[0m
[0mGET /api/product/getWebProductById?id=5 [36m304 [0m62.317 ms - -[0m
[0mGET /api/product/similar?chilCategoryId=2 [36m304 [0m196.511 ms - -[0m
[0mGET /undefined [33m404 [0m342.474 ms - 7466[0m
[0mGET /api/category/main/list [36m304 [0m135.036 ms - -[0m
[0mGET /api/category/main/list [36m304 [0m62.331 ms - -[0m
[0mGET /api/product/list/VETEMENTS [36m304 [0m338.491 ms - -[0m
[0mGET /api/product/getWebProductById?id=5 [36m304 [0m86.255 ms - -[0m
[0mGET /api/product/similar?chilCategoryId=2 [36m304 [0m7.294 ms - -[0m
