[0mPOST /api/customer/resetPassword [32m200 [0m9501.877 ms - 615[0m
[0mPOST /api/customer/login [33m401 [0m3365.246 ms - 40[0m
[0mPOST /api/customer/login [33m401 [0m1237.410 ms - 40[0m
[0mPOST /api/customer/login [33m401 [0m1187.579 ms - 40[0m
[0mPOST /api/customer/login [33m401 [0m1427.429 ms - 40[0m
[0mPOST /api/customer/login [33m401 [0m1279.002 ms - 40[0m
[0mPOST /api/customer/login [33m401 [0m155.360 ms - 40[0m
[0mPOST /api/customer/register [32m200 [0m35062.765 ms - 616[0m
[0mPOST /api/customer/login [32m200 [0m1502.923 ms - 196[0m
[0mGET /api/product/getWebProductById?id=17 [32m200 [0m209.057 ms - 619[0m
[0mGET /api/product/similar?chilCategoryId=3 [36m304 [0m75.730 ms - -[0m
[0mGET /produit/1699938258317f1.jpg [32m200 [0m45.785 ms - 112320[0m
[0mGET /produit/1699938283025f2.jpg [32m200 [0m108.656 ms - 171419[0m
[0mGET /produit/1699938419933f3.jpg [32m200 [0m118.865 ms - 182592[0m
[0mGET /api/category/affichelocal [32m200 [0m387.060 ms - 1490[0m
[0mGET /api/customer/getUserByEmailId?email=nicoli@gmail.com [32m200 [0m172.527 ms - 302[0m
[0mGET /api/category/affichelocal [36m304 [0m235.920 ms - -[0m
[0mGET /api/customer/getUserByEmailId?email=nicoli@gmail.com [36m304 [0m142.151 ms - -[0m
[0mGET /api/category/affichelocal [36m304 [0m84.125 ms - -[0m
[0mGET /api/customer/getUserByEmailId?email=nicoli@gmail.com [36m304 [0m45.935 ms - -[0m
[0mPOST /api/commercial/valideBonnus [31m500 [0m59.716 ms - 34[0m
[0mGET /api/category/affichebackgroundbyId?titre=back [36m304 [0m123.114 ms - -[0m
[0mGET /api/category/main/list [36m304 [0m58.427 ms - -[0m
[0mGET /api/productgros/listlimite [36m304 [0m82.725 ms - -[0m
[0mGET /api/product/getAllGroceryStaple [36m304 [0m195.473 ms - -[0m
[0mGET /api/productgros/getWebProductById?id=8 [36m304 [0m155.403 ms - -[0m
[0mGET /api/productgros/getWebProductById?id=8 [36m304 [0m37.169 ms - -[0m
[0mGET /api/productgros/similar?chilCategoryId= [31m500 [0m111.487 ms - 7730[0m
[0mGET /api/productgros/similar?chilCategoryId= [31m500 [0m138.859 ms - 7730[0m
[0mGET /api/product/getWebProductById?id=17 [36m304 [0m85.887 ms - -[0m
[0mGET /api/product/similar?chilCategoryId=3 [36m304 [0m36.233 ms - -[0m
[0mGET /api/product/getWebProductById?id=16 [32m200 [0m311.210 ms - 540[0m
[0mGET /api/product/getWebProductById?id=16 [36m304 [0m150.798 ms - -[0m
[0mGET /api/product/similar?chilCategoryId=3 [36m304 [0m89.321 ms - -[0m
[0mGET /api/product/similar?chilCategoryId=3 [36m304 [0m113.532 ms - -[0m
[0mGET /api/product/getWebProductById?id=16 [36m304 [0m193.043 ms - -[0m
[0mGET /api/product/similar?chilCategoryId=3 [36m304 [0m61.882 ms - -[0m
[0mGET /api/category/affichelocal [36m304 [0m368.264 ms - -[0m
[0mGET /api/category/affichetitlebyId?title=payement [32m200 [0m775.871 ms - 753[0m
[0mGET /api/customer/getUserByEmailId?email=nicoli@gmail.com [36m304 [0m414.384 ms - -[0m
[0mGET /api/category/affichebyId?titre=T-Money [32m200 [0m40.451 ms - 289[0m
[0mGET /api/category/affichebyId?titre=Flooz [32m200 [0m57.604 ms - 280[0m
[0mGET /api/category/affichebyId?titre=%20A%20la%20Livraison [32m200 [0m118.482 ms - 228[0m
[0mGET /api/category/affichebyId?titre=Reduct [32m200 [0m35.741 ms - 179[0m
[0mGET /api/customer/getUserByEmailId?email=nicoli@gmail.com [36m304 [0m776.160 ms - -[0m
[0mGET /api/customer/getUserByEmailId?email=nicoli@gmail.com [36m304 [0m273.461 ms - -[0m
[0mGET /api/customer/msgadmin?email=nicoli@gmail.com [32m200 [0m479.207 ms - 26[0m
[0mGET /api/customer/msgcust?email=nicoli@gmail.com [32m200 [0m392.538 ms - 26[0m
[0mGET /api/customer/getUserByEmailId?email=nicoli@gmail.com [36m304 [0m159.076 ms - -[0m
[0mGET /api/customer/msgadmin?email=nicoli@gmail.com [36m304 [0m70.020 ms - -[0m
[0mGET /api/customer/getUserByEmailId?email=nicoli@gmail.com [36m304 [0m129.752 ms - -[0m
[0mGET /api/customer/msgcust?email=nicoli@gmail.com [36m304 [0m59.551 ms - -[0m
[0mGET /api/customer/msgadmin?email=nicoli@gmail.com [36m304 [0m60.641 ms - -[0m
[0mGET /api/customer/getUserByEmailId?email=nicoli@gmail.com [36m304 [0m107.323 ms - -[0m
[0mGET /api/customer/getUserByEmailId?email=nicoli@gmail.com [36m304 [0m99.033 ms - -[0m
[0mGET /api/customer/msgcust?email=nicoli@gmail.com [36m304 [0m46.258 ms - -[0m
[0mGET /api/customer/msgadmin?email=nicoli@gmail.com [36m304 [0m78.129 ms - -[0m
[0mGET /api/customer/getUserByEmailId?email=nicoli@gmail.com [36m304 [0m88.507 ms - -[0m
[0mGET /api/customer/getUserByEmailId?email=nicoli@gmail.com [36m304 [0m225.487 ms - -[0m
[0mGET /api/customer/msgcust?email=nicoli@gmail.com [36m304 [0m201.082 ms - -[0m
[0mGET /api/customer/msgadmin?email=nicoli@gmail.com [36m304 [0m46.531 ms - -[0m
[0mGET /api/customer/msgadmin?email=nicoli@gmail.com [36m304 [0m97.423 ms - -[0m
[0mGET /api/customer/getUserByEmailId?email=nicoli@gmail.com [36m304 [0m130.906 ms - -[0m
[0mGET /api/customer/getUserByEmailId?email=nicoli@gmail.com [36m304 [0m127.688 ms - -[0m
[0mGET /api/customer/msgcust?email=nicoli@gmail.com [36m304 [0m45.048 ms - -[0m
[0mGET /api/customer/msgcust?email=nicoli@gmail.com [36m304 [0m42.287 ms - -[0m
[0mGET /api/customer/msgadmin?email=nicoli@gmail.com [36m304 [0m40.218 ms - -[0m
[0mGET /api/customer/msgadmin?email=nicoli@gmail.com [36m304 [0m67.816 ms - -[0m
[0mGET /api/customer/getUserByEmailId?email=nicoli@gmail.com [36m304 [0m123.052 ms - -[0m
[0mGET /api/customer/getUserByEmailId?email=nicoli@gmail.com [36m304 [0m106.386 ms - -[0m
[0mGET /api/customer/getUserByEmailId?email=nicoli@gmail.com [36m304 [0m89.562 ms - -[0m
[0mGET /api/customer/msgcust?email=nicoli@gmail.com [36m304 [0m38.094 ms - -[0m
[0mGET /api/customer/msgcust?email=nicoli@gmail.com [36m304 [0m50.080 ms - -[0m
[0mGET /api/customer/msgadmin?email=nicoli@gmail.com [36m304 [0m47.746 ms - -[0m
[0mGET /api/customer/msgadmin?email=nicoli@gmail.com [36m304 [0m59.359 ms - -[0m
[0mGET /api/customer/getUserByEmailId?email=nicoli@gmail.com [36m304 [0m72.830 ms - -[0m
[0mGET /api/customer/getUserByEmailId?email=nicoli@gmail.com [36m304 [0m139.020 ms - -[0m
[0mGET /api/customer/msgadmin?email=nicoli@gmail.com [36m304 [0m114.301 ms - -[0m
[0mGET /api/customer/getUserByEmailId?email=nicoli@gmail.com [36m304 [0m145.303 ms - -[0m
[0mGET /api/customer/getUserByEmailId?email=nicoli@gmail.com [36m304 [0m78.644 ms - -[0m
[0mGET /api/customer/msgcust?email=nicoli@gmail.com [36m304 [0m37.010 ms - -[0m
[0mGET /api/customer/msgcust?email=nicoli@gmail.com [36m304 [0m48.300 ms - -[0m
[0mGET /api/customer/msgadmin?email=nicoli@gmail.com [36m304 [0m69.106 ms - -[0m
[0mGET /api/customer/msgadmin?email=nicoli@gmail.com [36m304 [0m41.274 ms - -[0m
[0mGET /api/customer/msgcust?email=nicoli@gmail.com [36m304 [0m67.061 ms - -[0m
[0mGET /api/customer/getUserByEmailId?email=nicoli@gmail.com [36m304 [0m79.136 ms - -[0m
[0mGET /api/category/affichebackgroundbyId?titre=back [36m304 [0m128.397 ms - -[0m
[0mGET /api/category/main/list [36m304 [0m76.815 ms - -[0m
[0mGET /api/productgros/listlimite [36m304 [0m178.010 ms - -[0m
[0mGET /api/product/getAllGroceryStaple [36m304 [0m228.065 ms - -[0m
[0mGET /api/product/getWebProductById?id=16 [36m304 [0m49.189 ms - -[0m
[0mGET /api/product/similar?chilCategoryId=3 [36m304 [0m13.698 ms - -[0m
[0mGET /api/product/getWebProductById?id=16 [36m304 [0m28.338 ms - -[0m
[0mGET /api/product/similar?chilCategoryId=3 [36m304 [0m8.059 ms - -[0m
[0mGET /api/product/getWebProductById?id=16 [36m304 [0m11.483 ms - -[0m
[0mGET /api/product/similar?chilCategoryId=3 [36m304 [0m15.801 ms - -[0m
[0mGET /api/product/getWebProductById?id=16 [36m304 [0m20.649 ms - -[0m
[0mGET /api/product/similar?chilCategoryId=3 [36m304 [0m15.398 ms - -[0m
[0mGET /api/product/getWebProductById?id=16 [36m304 [0m14.674 ms - -[0m
[0mGET /api/product/similar?chilCategoryId=3 [36m304 [0m13.319 ms - -[0m
[0mGET /api/product/getWebProductById?id=16 [36m304 [0m17.776 ms - -[0m
[0mGET /api/product/similar?chilCategoryId=3 [36m304 [0m12.613 ms - -[0m
[0mGET /api/category/affichetitlebyId?title=payement [36m304 [0m17.659 ms - -[0m
[0mGET /api/category/affichelocal [36m304 [0m24.975 ms - -[0m
[0mGET /api/customer/getUserByEmailId?email=nicoli@gmail.com [36m304 [0m13.329 ms - -[0m
[0mGET /api/category/affichebyId?titre=T-Money [36m304 [0m10.604 ms - -[0m
[0mGET /api/category/affichebyId?titre=Flooz [36m304 [0m21.884 ms - -[0m
[0mGET /api/category/affichebyId?titre=%20A%20la%20Livraison [36m304 [0m7.385 ms - -[0m
[0mGET /api/category/affichebyId?titre=Reduct [36m304 [0m5.629 ms - -[0m
[0mGET /api/category/main/list [36m304 [0m10.024 ms - -[0m
[0mGET /api/category/affichebackgroundbyId?titre=back [36m304 [0m15.229 ms - -[0m
[0mGET /api/product/getAllGroceryStaple [36m304 [0m16.132 ms - -[0m
[0mGET /api/productgros/listlimite [36m304 [0m37.971 ms - -[0m
[0mGET /api/category/affichelocal [36m304 [0m25.430 ms - -[0m
[0mGET /api/category/affichetitlebyId?title=payement [36m304 [0m28.728 ms - -[0m
[0mGET /api/customer/getUserByEmailId?email=nicoli@gmail.com [36m304 [0m17.545 ms - -[0m
[0mGET /api/productgros/listlimite [36m304 [0m30.939 ms - -[0m
[0mGET /api/category/affichebackgroundbyId?titre=back [36m304 [0m14.655 ms - -[0m
[0mGET /api/category/main/list [36m304 [0m18.292 ms - -[0m
[0mGET /api/product/getAllGroceryStaple [36m304 [0m26.084 ms - -[0m
[0mGET /api/category/affichelocal [36m304 [0m13.102 ms - -[0m
[0mGET /api/category/affichetitlebyId?title=payement [36m304 [0m12.380 ms - -[0m
[0mGET /api/customer/getUserByEmailId?email=nicoli@gmail.com [36m304 [0m17.507 ms - -[0m
[0mGET /api/category/affichebackgroundbyId?titre=back [36m304 [0m13.932 ms - -[0m
[0mGET /api/productgros/listlimite [36m304 [0m14.935 ms - -[0m
[0mGET /api/category/main/list [36m304 [0m8.198 ms - -[0m
[0mGET /api/product/getAllGroceryStaple [36m304 [0m94.709 ms - -[0m
[0mGET /api/category/affichelocal [36m304 [0m17.732 ms - -[0m
[0mGET /api/category/affichetitlebyId?title=payement [36m304 [0m11.811 ms - -[0m
[0mGET /api/customer/getUserByEmailId?email=nicoli@gmail.com [36m304 [0m12.180 ms - -[0m
[0mGET /api/category/main/list [36m304 [0m24.550 ms - -[0m
[0mGET /api/category/affichebackgroundbyId?titre=back [36m304 [0m26.298 ms - -[0m
[0mGET /api/productgros/listlimite [36m304 [0m95.738 ms - -[0m
[0mGET /api/product/getAllGroceryStaple [36m304 [0m19.972 ms - -[0m
[0mGET /api/category/affichelocal [36m304 [0m29.028 ms - -[0m
[0mGET /api/category/affichetitlebyId?title=payement [36m304 [0m121.886 ms - -[0m
[0mGET /api/customer/getUserByEmailId?email=nicoli@gmail.com [36m304 [0m24.625 ms - -[0m
[0mGET /api/category/affichebyId?titre=T-Money [36m304 [0m29.939 ms - -[0m
[0mGET /api/category/affichebyId?titre=Flooz [36m304 [0m7.869 ms - -[0m
[0mGET /api/category/affichebyId?titre=%20A%20la%20Livraison [36m304 [0m393.047 ms - -[0m
[0mGET /api/category/affichebyId?titre=Reduct [36m304 [0m7.957 ms - -[0m
[0mGET /api/category/affichelocal [36m304 [0m8.907 ms - -[0m
[0mGET /api/category/affichetitlebyId?title=payement [36m304 [0m9.721 ms - -[0m
[0mGET /api/customer/getUserByEmailId?email=nicoli@gmail.com [36m304 [0m40.495 ms - -[0m
[0mGET /api/category/affichebyId?titre=T-Money [36m304 [0m6.898 ms - -[0m
[0mGET /api/category/affichebyId?titre=Flooz [36m304 [0m5.486 ms - -[0m
[0mGET /api/category/affichebyId?titre=%20A%20la%20Livraison [36m304 [0m6.108 ms - -[0m
[0mGET /api/category/affichebyId?titre=Reduct [36m304 [0m18.203 ms - -[0m
[0mGET /api/category/affichelocal [36m304 [0m77.944 ms - -[0m
[0mGET /api/category/affichetitlebyId?title=payement [36m304 [0m10.026 ms - -[0m
[0mGET /api/customer/getUserByEmailId?email=nicoli@gmail.com [36m304 [0m26.742 ms - -[0m
[0mGET /api/category/affichebyId?titre=T-Money [36m304 [0m8.459 ms - -[0m
[0mGET /api/category/affichebyId?titre=Flooz [36m304 [0m3.880 ms - -[0m
[0mGET /api/category/affichebyId?titre=%20A%20la%20Livraison [36m304 [0m10.454 ms - -[0m
[0mGET /api/category/affichebyId?titre=Reduct [36m304 [0m16.587 ms - -[0m
[0mGET /api/category/affichetitlebyId?title=payement [36m304 [0m105.249 ms - -[0m
[0mGET /api/category/affichelocal [36m304 [0m13.096 ms - -[0m
[0mGET /api/customer/getUserByEmailId?email=nicoli@gmail.com [36m304 [0m29.674 ms - -[0m
[0mGET /api/category/affichebyId?titre=T-Money [36m304 [0m87.028 ms - -[0m
[0mGET /api/category/affichebyId?titre=Flooz [36m304 [0m4.506 ms - -[0m
[0mGET /api/category/affichebyId?titre=%20A%20la%20Livraison [36m304 [0m7.002 ms - -[0m
[0mGET /api/category/affichebyId?titre=Reduct [36m304 [0m7.195 ms - -[0m
[0mGET /api/category/affichelocal [36m304 [0m11.276 ms - -[0m
[0mGET /api/category/affichetitlebyId?title=payement [36m304 [0m8.789 ms - -[0m
[0mGET /api/customer/getUserByEmailId?email=nicoli@gmail.com [36m304 [0m24.297 ms - -[0m
[0mGET /api/category/affichebyId?titre=T-Money [36m304 [0m16.407 ms - -[0m
[0mGET /api/category/affichebyId?titre=Flooz [36m304 [0m17.214 ms - -[0m
[0mGET /api/category/affichebyId?titre=%20A%20la%20Livraison [36m304 [0m3.378 ms - -[0m
[0mGET /api/category/affichebyId?titre=Reduct [36m304 [0m7.038 ms - -[0m
[0mGET /api/category/affichelocal [36m304 [0m17.892 ms - -[0m
[0mGET /api/category/affichetitlebyId?title=payement [36m304 [0m56.301 ms - -[0m
[0mGET /api/customer/getUserByEmailId?email=nicoli@gmail.com [36m304 [0m29.023 ms - -[0m
[0mGET /api/category/affichebyId?titre=T-Money [36m304 [0m32.282 ms - -[0m
[0mGET /api/category/affichebyId?titre=Flooz [36m304 [0m27.243 ms - -[0m
[0mGET /api/category/affichebyId?titre=%20A%20la%20Livraison [36m304 [0m1805.582 ms - -[0m
[0mGET /api/category/affichebyId?titre=Reduct [36m304 [0m8.065 ms - -[0m
[0mGET /api/category/affichetitlebyId?title=payement [36m304 [0m54.293 ms - -[0m
[0mGET /api/category/affichelocal [36m304 [0m85.933 ms - -[0m
[0mGET /api/customer/getUserByEmailId?email=nicoli@gmail.com [36m304 [0m89.078 ms - -[0m
[0mGET /api/category/main/list [36m304 [0m380.107 ms - -[0m
[0mGET /api/category/affichebackgroundbyId?titre=back [36m304 [0m244.040 ms - -[0m
[0mGET /api/product/getAllGroceryStaple [36m304 [0m270.837 ms - -[0m
[0mGET /api/productgros/listlimite [36m304 [0m140.269 ms - -[0m
[0mGET /api/productgros/list [36m304 [0m95.730 ms - -[0m
[0mGET /api/category/affichetitlebyId?title=payement [36m304 [0m46.180 ms - -[0m
[0mGET /api/category/affichelocal [36m304 [0m100.263 ms - -[0m
[0mGET /api/customer/getUserByEmailId?email=nicoli@gmail.com [36m304 [0m74.830 ms - -[0m
[0mGET /api/category/affichebyId?titre=T-Money [36m304 [0m97.570 ms - -[0m
[0mGET /api/category/affichebyId?titre=Flooz [36m304 [0m52.725 ms - -[0m
[0mGET /api/category/affichebyId?titre=%20A%20la%20Livraison [36m304 [0m117.590 ms - -[0m
[0mGET /api/category/affichebyId?titre=Reduct [36m304 [0m37.981 ms - -[0m
[0mGET /api/category/affichelocal [36m304 [0m67.920 ms - -[0m
[0mGET /api/category/affichetitlebyId?title=payement [36m304 [0m142.606 ms - -[0m
[0mGET /api/customer/getUserByEmailId?email=nicoli@gmail.com [36m304 [0m122.616 ms - -[0m
[0mGET /api/category/affichebyId?titre=T-Money [36m304 [0m45.980 ms - -[0m
[0mGET /api/category/affichebyId?titre=Flooz [36m304 [0m106.726 ms - -[0m
[0mGET /api/category/affichebyId?titre=%20A%20la%20Livraison [36m304 [0m47.827 ms - -[0m
[0mGET /api/category/affichelocal [36m304 [0m58.622 ms - -[0m
[0mGET /api/category/affichetitlebyId?title=payement [36m304 [0m81.144 ms - -[0m
[0mGET /api/category/affichebyId?titre=Reduct [36m304 [0m36.636 ms - -[0m
[0mGET /api/customer/getUserByEmailId?email=nicoli@gmail.com [36m304 [0m101.579 ms - -[0m
[0mGET /api/category/affichebyId?titre=T-Money [36m304 [0m33.485 ms - -[0m
[0mGET /api/category/affichebyId?titre=Flooz [36m304 [0m35.409 ms - -[0m
[0mGET /api/category/affichebyId?titre=%20A%20la%20Livraison [36m304 [0m58.105 ms - -[0m
[0mGET /api/category/affichebyId?titre=Reduct [36m304 [0m46.414 ms - -[0m
[0mGET /api/category/affichetitlebyId?title=payement [36m304 [0m138.274 ms - -[0m
[0mGET /api/category/affichelocal [36m304 [0m77.091 ms - -[0m
[0mGET /api/customer/getUserByEmailId?email=nicoli@gmail.com [36m304 [0m61.774 ms - -[0m
[0mGET /api/category/affichebyId?titre=T-Money [36m304 [0m57.363 ms - -[0m
[0mGET /api/category/affichebyId?titre=Flooz [36m304 [0m73.331 ms - -[0m
[0mGET /api/category/affichebyId?titre=%20A%20la%20Livraison [36m304 [0m46.506 ms - -[0m
[0mGET /api/category/affichetitlebyId?title=payement [36m304 [0m73.841 ms - -[0m
[0mGET /api/category/affichelocal [36m304 [0m107.993 ms - -[0m
[0mGET /api/category/affichebyId?titre=Reduct [36m304 [0m84.368 ms - -[0m
[0mGET /api/customer/getUserByEmailId?email=nicoli@gmail.com [36m304 [0m80.471 ms - -[0m
[0mGET /api/category/main/list [36m304 [0m90.480 ms - -[0m
[0mGET /api/category/affichebackgroundbyId?titre=back [36m304 [0m103.709 ms - -[0m
[0mGET /api/productgros/listlimite [36m304 [0m150.313 ms - -[0m
[0mGET /api/product/getAllGroceryStaple [36m304 [0m107.847 ms - -[0m
[0mGET /api/category/affichetitlebyId?title=payement [36m304 [0m41.680 ms - -[0m
[0mGET /api/category/affichelocal [36m304 [0m66.678 ms - -[0m
[0mGET /api/customer/getUserByEmailId?email=nicoli@gmail.com [36m304 [0m59.417 ms - -[0m
[0mGET /api/category/affichebyId?titre=T-Money [36m304 [0m34.405 ms - -[0m
[0mGET /api/category/affichebyId?titre=Flooz [36m304 [0m52.559 ms - -[0m
[0mGET /api/category/affichebyId?titre=%20A%20la%20Livraison [36m304 [0m45.630 ms - -[0m
[0mGET /api/category/affichebyId?titre=Reduct [36m304 [0m28.044 ms - -[0m
[0mGET /api/category/affichelocal [36m304 [0m147.963 ms - -[0m
[0mGET /api/category/affichetitlebyId?title=payement [36m304 [0m71.094 ms - -[0m
[0mGET /api/customer/getUserByEmailId?email=nicoli@gmail.com [36m304 [0m107.903 ms - -[0m
[0mGET /api/category/affichebyId?titre=T-Money [36m304 [0m137.465 ms - -[0m
[0mGET /api/category/affichebyId?titre=Flooz [36m304 [0m28.755 ms - -[0m
[0mGET /api/category/affichebyId?titre=%20A%20la%20Livraison [36m304 [0m36.475 ms - -[0m
[0mGET /api/category/affichebyId?titre=Reduct [36m304 [0m46.041 ms - -[0m
[0mGET /api/category/affichebackgroundbyId?titre=back [36m304 [0m76.438 ms - -[0m
[0mGET /api/productgros/listlimite [36m304 [0m80.629 ms - -[0m
[0mGET /api/category/main/list [36m304 [0m75.742 ms - -[0m
[0mGET /api/product/getAllGroceryStaple [36m304 [0m71.688 ms - -[0m
[0mGET /api/customer/getUserByEmailId?email=nicoli@gmail.com [36m304 [0m2116.245 ms - -[0m
[0mGET /api/customer/getUserByEmailId?email=nicoli@gmail.com [36m304 [0m209.908 ms - -[0m
[0mGET /api/customer/msgadmin?email=nicoli@gmail.com [36m304 [0m306.154 ms - -[0m
[0mGET /api/customer/msgcust?email=nicoli@gmail.com [36m304 [0m281.791 ms - -[0m
[0mGET /api/customer/getUserByEmailId?email=nicoli@gmail.com [36m304 [0m208.837 ms - -[0m
[0mGET /api/customer/getUserByEmailId?email=nicoli@gmail.com [36m304 [0m153.164 ms - -[0m
[0mGET /api/customer/msgadmin?email=nicoli@gmail.com [36m304 [0m181.995 ms - -[0m
[0mGET /api/customer/msgcust?email=nicoli@gmail.com [36m304 [0m73.048 ms - -[0m
[0mGET /api/customer/getUserByEmailId?email=nicoli@gmail.com [36m304 [0m231.609 ms - -[0m
[0mGET /api/customer/msgadmin?email=nicoli@gmail.com [36m304 [0m199.800 ms - -[0m
[0mGET /api/customer/msgcust?email=nicoli@gmail.com [36m304 [0m55.219 ms - -[0m
[0mGET /api/customer/msgadmin?email=nicoli@gmail.com [36m304 [0m42.392 ms - -[0m
[0mGET /api/customer/getUserByEmailId?email=nicoli@gmail.com [36m304 [0m270.709 ms - -[0m
[0mGET /api/customer/getUserByEmailId?email=nicoli@gmail.com [36m304 [0m108.152 ms - -[0m
[0mGET /api/customer/getUserByEmailId?email=nicoli@gmail.com [36m304 [0m110.817 ms - -[0m
[0mGET /api/customer/msgcust?email=nicoli@gmail.com [36m304 [0m39.323 ms - -[0m
[0mGET /api/customer/msgadmin?email=nicoli@gmail.com [36m304 [0m34.968 ms - -[0m
[0mGET /api/customer/msgadmin?email=nicoli@gmail.com [36m304 [0m61.671 ms - -[0m
[0mGET /api/customer/getUserByEmailId?email=nicoli@gmail.com [36m304 [0m99.226 ms - -[0m
[0mGET /api/customer/getUserByEmailId?email=nicoli@gmail.com [36m304 [0m115.102 ms - -[0m
[0mGET /api/customer/msgcust?email=nicoli@gmail.com [36m304 [0m34.869 ms - -[0m
[0mGET /api/customer/msgcust?email=nicoli@gmail.com [36m304 [0m161.260 ms - -[0m
[0mGET /api/customer/msgadmin?email=nicoli@gmail.com [36m304 [0m33.846 ms - -[0m
[0mGET /api/customer/msgadmin?email=nicoli@gmail.com [36m304 [0m51.088 ms - -[0m
[0mGET /api/customer/getUserByEmailId?email=nicoli@gmail.com [36m304 [0m161.665 ms - -[0m
[0mGET /api/customer/getUserByEmailId?email=nicoli@gmail.com [36m304 [0m129.383 ms - -[0m
[0mGET /api/customer/getUserByEmailId?email=nicoli@gmail.com [36m304 [0m77.079 ms - -[0m
[0mGET /api/customer/msgcust?email=nicoli@gmail.com [36m304 [0m30.080 ms - -[0m
[0mGET /api/customer/msgcust?email=nicoli@gmail.com [36m304 [0m28.129 ms - -[0m
[0mGET /api/customer/msgadmin?email=nicoli@gmail.com [36m304 [0m28.841 ms - -[0m
[0mGET /api/customer/msgadmin?email=nicoli@gmail.com [36m304 [0m51.918 ms - -[0m
[0mGET /api/customer/getUserByEmailId?email=nicoli@gmail.com [36m304 [0m133.463 ms - -[0m
[0mGET /api/customer/getUserByEmailId?email=nicoli@gmail.com [36m304 [0m68.493 ms - -[0m
[0mGET /api/customer/msgadmin?email=nicoli@gmail.com [36m304 [0m26.808 ms - -[0m
[0mGET /api/customer/getUserByEmailId?email=nicoli@gmail.com [36m304 [0m90.098 ms - -[0m
[0mGET /api/customer/getUserByEmailId?email=nicoli@gmail.com [36m304 [0m116.487 ms - -[0m
[0mGET /api/customer/msgcust?email=nicoli@gmail.com [36m304 [0m39.398 ms - -[0m
[0mGET /api/customer/msgcust?email=nicoli@gmail.com [36m304 [0m35.803 ms - -[0m
[0mGET /api/customer/msgadmin?email=nicoli@gmail.com [36m304 [0m35.783 ms - -[0m
[0mGET /api/customer/msgcust?email=nicoli@gmail.com [36m304 [0m105.157 ms - -[0m
[0mGET /api/customer/msgadmin?email=nicoli@gmail.com [36m304 [0m33.329 ms - -[0m
[0mGET /api/customer/msgadmin?email=nicoli@gmail.com [36m304 [0m104.913 ms - -[0m
[0mGET /api/customer/getUserByEmailId?email=nicoli@gmail.com [36m304 [0m593.814 ms - -[0m
[0mGET /api/customer/msgadmin?email=nicoli@gmail.com [36m304 [0m22.579 ms - -[0m
[0mGET /api/customer/getUserByEmailId?email=nicoli@gmail.com [36m304 [0m144.240 ms - -[0m
[0mGET /api/customer/getUserByEmailId?email=nicoli@gmail.com [36m304 [0m103.054 ms - -[0m
[0mGET /api/customer/getUserByEmailId?email=nicoli@gmail.com [36m304 [0m112.571 ms - -[0m
[0mGET /api/customer/msgcust?email=nicoli@gmail.com [36m304 [0m51.400 ms - -[0m
[0mGET /api/customer/getUserByEmailId?email=nicoli@gmail.com [36m304 [0m65.407 ms - -[0m
[0mGET /api/customer/msgcust?email=nicoli@gmail.com [36m304 [0m43.400 ms - -[0m
[0mGET /api/customer/msgcust?email=nicoli@gmail.com [36m304 [0m20.719 ms - -[0m
[0mGET /api/customer/msgadmin?email=nicoli@gmail.com [36m304 [0m116.064 ms - -[0m
[0mGET /api/customer/msgcust?email=nicoli@gmail.com [36m304 [0m36.980 ms - -[0m
[0mGET /api/customer/msgadmin?email=nicoli@gmail.com [36m304 [0m106.500 ms - -[0m
[0mGET /api/customer/getUserByEmailId?email=nicoli@gmail.com [36m304 [0m387.536 ms - -[0m
[0mGET /api/customer/msgadmin?email=nicoli@gmail.com [36m304 [0m367.044 ms - -[0m
[0mGET /api/customer/getUserByEmailId?email=nicoli@gmail.com [36m304 [0m60.155 ms - -[0m
[0mGET /api/customer/getUserByEmailId?email=nicoli@gmail.com [36m304 [0m87.431 ms - -[0m
[0mGET /api/customer/msgadmin?email=nicoli@gmail.com [36m304 [0m34.899 ms - -[0m
[0mGET /api/customer/getUserByEmailId?email=nicoli@gmail.com [36m304 [0m53.727 ms - -[0m
[0mGET /api/customer/getUserByEmailId?email=nicoli@gmail.com [36m304 [0m63.873 ms - -[0m
[0mGET /api/customer/msgadmin?email=nicoli@gmail.com [36m304 [0m29.887 ms - -[0m
[0mGET /api/customer/getUserByEmailId?email=nicoli@gmail.com [36m304 [0m60.118 ms - -[0m
[0mGET /api/customer/msgcust?email=nicoli@gmail.com [36m304 [0m49.181 ms - -[0m
[0mGET /api/customer/getUserByEmailId?email=nicoli@gmail.com [36m304 [0m200.081 ms - -[0m
[0mGET /api/customer/getUserByEmailId?email=nicoli@gmail.com [36m304 [0m154.055 ms - -[0m
[0mGET /api/customer/msgcust?email=nicoli@gmail.com [36m304 [0m39.063 ms - -[0m
[0mGET /api/customer/msgadmin?email=nicoli@gmail.com [36m304 [0m55.581 ms - -[0m
[0mGET /api/customer/msgcust?email=nicoli@gmail.com [36m304 [0m23.407 ms - -[0m
[0mGET /api/customer/msgadmin?email=nicoli@gmail.com [36m304 [0m127.473 ms - -[0m
[0mGET /api/customer/msgcust?email=nicoli@gmail.com [36m304 [0m33.171 ms - -[0m
[0mGET /api/customer/getUserByEmailId?email=nicoli@gmail.com [36m304 [0m126.970 ms - -[0m
[0mGET /api/customer/msgadmin?email=nicoli@gmail.com [36m304 [0m34.409 ms - -[0m
[0mGET /api/customer/msgadmin?email=nicoli@gmail.com [36m304 [0m54.021 ms - -[0m
[0mGET /api/customer/msgadmin?email=nicoli@gmail.com [36m304 [0m44.721 ms - -[0m
[0mGET /api/customer/msgcust?email=nicoli@gmail.com [36m304 [0m59.398 ms - -[0m
[0mGET /api/customer/getUserByEmailId?email=nicoli@gmail.com [36m304 [0m85.974 ms - -[0m
[0mGET /api/customer/getUserByEmailId?email=nicoli@gmail.com [36m304 [0m82.548 ms - -[0m
[0mGET /api/customer/msgadmin?email=nicoli@gmail.com [36m304 [0m46.325 ms - -[0m
[0mGET /api/customer/getUserByEmailId?email=nicoli@gmail.com [36m304 [0m216.025 ms - -[0m
[0mGET /api/customer/getUserByEmailId?email=nicoli@gmail.com [36m304 [0m285.808 ms - -[0m
[0mGET /api/customer/msgadmin?email=nicoli@gmail.com [36m304 [0m89.761 ms - -[0m
[0mGET /api/customer/getUserByEmailId?email=nicoli@gmail.com [36m304 [0m86.109 ms - -[0m
[0mGET /api/customer/msgcust?email=nicoli@gmail.com [36m304 [0m203.133 ms - -[0m
[0mGET /api/customer/getUserByEmailId?email=nicoli@gmail.com [36m304 [0m236.899 ms - -[0m
[0mGET /api/customer/msgcust?email=nicoli@gmail.com [36m304 [0m24.698 ms - -[0m
[0mGET /api/customer/getUserByEmailId?email=nicoli@gmail.com [36m304 [0m75.522 ms - -[0m
[0mGET /api/customer/msgadmin?email=nicoli@gmail.com [36m304 [0m39.482 ms - -[0m
[0mGET /api/customer/msgcust?email=nicoli@gmail.com [36m304 [0m55.202 ms - -[0m
[0mGET /api/customer/msgcust?email=nicoli@gmail.com [36m304 [0m31.086 ms - -[0m
[0mGET /api/customer/msgcust?email=nicoli@gmail.com [36m304 [0m32.883 ms - -[0m
[0mGET /api/customer/msgadmin?email=nicoli@gmail.com [36m304 [0m64.874 ms - -[0m
[0mGET /api/customer/msgadmin?email=nicoli@gmail.com [36m304 [0m36.168 ms - -[0m
[0mGET /api/customer/getUserByEmailId?email=nicoli@gmail.com [36m304 [0m58.173 ms - -[0m
[0mGET /api/customer/msgcust?email=nicoli@gmail.com [36m304 [0m56.771 ms - -[0m
[0mGET /api/customer/getUserByEmailId?email=nicoli@gmail.com [36m304 [0m59.561 ms - -[0m
[0mGET /api/customer/msgadmin?email=nicoli@gmail.com [36m304 [0m43.540 ms - -[0m
[0mGET /api/customer/msgadmin?email=nicoli@gmail.com [36m304 [0m34.365 ms - -[0m
[0mGET /api/customer/msgcust?email=nicoli@gmail.com [36m304 [0m18.400 ms - -[0m
[0mGET /api/customer/msgadmin?email=nicoli@gmail.com [36m304 [0m23.549 ms - -[0m
[0mGET /api/customer/getUserByEmailId?email=nicoli@gmail.com [36m304 [0m67.665 ms - -[0m
[0mGET /api/customer/getUserByEmailId?email=nicoli@gmail.com [36m304 [0m83.013 ms - -[0m
[0mGET /api/customer/getUserByEmailId?email=nicoli@gmail.com [36m304 [0m141.727 ms - -[0m
[0mGET /api/customer/msgadmin?email=nicoli@gmail.com [36m304 [0m103.869 ms - -[0m
[0mGET /api/customer/getUserByEmailId?email=nicoli@gmail.com [36m304 [0m77.085 ms - -[0m
[0mGET /api/customer/getUserByEmailId?email=nicoli@gmail.com [36m304 [0m59.604 ms - -[0m
[0mGET /api/customer/msgadmin?email=nicoli@gmail.com [36m304 [0m18.505 ms - -[0m
[0mGET /api/customer/msgcust?email=nicoli@gmail.com [36m304 [0m89.454 ms - -[0m
[0mGET /api/customer/getUserByEmailId?email=nicoli@gmail.com [36m304 [0m62.927 ms - -[0m
[0mGET /api/customer/getUserByEmailId?email=nicoli@gmail.com [36m304 [0m99.770 ms - -[0m
[0mGET /api/customer/getUserByEmailId?email=nicoli@gmail.com [36m304 [0m78.271 ms - -[0m
[0mGET /api/customer/getUserByEmailId?email=nicoli@gmail.com [36m304 [0m56.772 ms - -[0m
[0mGET /api/customer/msgcust?email=nicoli@gmail.com [36m304 [0m41.218 ms - -[0m
[0mGET /api/customer/msgcust?email=nicoli@gmail.com [36m304 [0m166.742 ms - -[0m
[0mGET /api/customer/msgadmin?email=nicoli@gmail.com [36m304 [0m52.144 ms - -[0m
[0mGET /api/customer/getUserByEmailId?email=nicoli@gmail.com [36m304 [0m70.123 ms - -[0m
[0mGET /api/customer/msgadmin?email=nicoli@gmail.com [36m304 [0m34.368 ms - -[0m
[0mGET /api/customer/msgcust?email=nicoli@gmail.com [36m304 [0m93.669 ms - -[0m
[0mGET /api/customer/msgcust?email=nicoli@gmail.com [36m304 [0m85.721 ms - -[0m
[0mGET /api/customer/getUserByEmailId?email=nicoli@gmail.com [36m304 [0m64.085 ms - -[0m
[0mGET /api/customer/msgcust?email=nicoli@gmail.com [36m304 [0m28.780 ms - -[0m
[0mGET /api/customer/msgadmin?email=nicoli@gmail.com [36m304 [0m33.459 ms - -[0m
[0mGET /api/customer/msgadmin?email=nicoli@gmail.com [36m304 [0m28.729 ms - -[0m
[0mGET /api/customer/getUserByEmailId?email=nicoli@gmail.com [36m304 [0m55.674 ms - -[0m
[0mGET /api/customer/msgcust?email=nicoli@gmail.com [36m304 [0m150.445 ms - -[0m
[0mGET /api/customer/msgadmin?email=nicoli@gmail.com [36m304 [0m51.236 ms - -[0m
[0mGET /api/customer/getUserByEmailId?email=nicoli@gmail.com [36m304 [0m48.372 ms - -[0m
[0mGET /api/customer/msgadmin?email=nicoli@gmail.com [36m304 [0m40.428 ms - -[0m
[0mGET /api/customer/msgadmin?email=nicoli@gmail.com [36m304 [0m92.383 ms - -[0m
[0mGET /api/customer/msgcust?email=nicoli@gmail.com [36m304 [0m33.743 ms - -[0m
[0mGET /api/customer/getUserByEmailId?email=nicoli@gmail.com [36m304 [0m72.885 ms - -[0m
[0mGET /api/customer/getUserByEmailId?email=nicoli@gmail.com [36m304 [0m62.015 ms - -[0m
[0mGET /api/customer/msgadmin?email=nicoli@gmail.com [36m304 [0m37.962 ms - -[0m
[0mGET /api/customer/getUserByEmailId?email=nicoli@gmail.com [36m304 [0m60.894 ms - -[0m
[0mGET /api/customer/msgadmin?email=nicoli@gmail.com [36m304 [0m25.148 ms - -[0m
[0mGET /api/customer/msgadmin?email=nicoli@gmail.com [36m304 [0m76.323 ms - -[0m
[0mGET /api/customer/getUserByEmailId?email=nicoli@gmail.com [36m304 [0m57.889 ms - -[0m
[0mGET /api/customer/msgadmin?email=nicoli@gmail.com [36m304 [0m26.906 ms - -[0m
[0mGET /api/customer/getUserByEmailId?email=nicoli@gmail.com [36m304 [0m61.825 ms - -[0m
[0mGET /api/customer/getUserByEmailId?email=nicoli@gmail.com [36m304 [0m58.412 ms - -[0m
[0mGET /api/customer/msgcust?email=nicoli@gmail.com [36m304 [0m33.079 ms - -[0m
[0mGET /api/customer/getUserByEmailId?email=nicoli@gmail.com [36m304 [0m99.656 ms - -[0m
[0mGET /api/customer/msgadmin?email=nicoli@gmail.com [36m304 [0m23.903 ms - -[0m
[0mGET /api/customer/msgcust?email=nicoli@gmail.com [36m304 [0m30.894 ms - -[0m
[0mGET /api/customer/getUserByEmailId?email=nicoli@gmail.com [36m304 [0m72.351 ms - -[0m
[0mGET /api/customer/getUserByEmailId?email=nicoli@gmail.com [36m304 [0m61.782 ms - -[0m
[0mGET /api/customer/msgadmin?email=nicoli@gmail.com [36m304 [0m32.161 ms - -[0m
[0mGET /api/customer/getUserByEmailId?email=nicoli@gmail.com [36m304 [0m59.349 ms - -[0m
[0mGET /api/customer/getUserByEmailId?email=nicoli@gmail.com [36m304 [0m57.692 ms - -[0m
[0mGET /api/customer/msgcust?email=nicoli@gmail.com [36m304 [0m156.122 ms - -[0m
[0mGET /api/customer/msgcust?email=nicoli@gmail.com [36m304 [0m82.361 ms - -[0m
[0mGET /api/customer/getUserByEmailId?email=nicoli@gmail.com [36m304 [0m75.193 ms - -[0m
[0mGET /api/customer/msgadmin?email=nicoli@gmail.com [36m304 [0m48.556 ms - -[0m
[0mGET /api/customer/msgcust?email=nicoli@gmail.com [36m304 [0m28.755 ms - -[0m
[0mGET /api/customer/msgadmin?email=nicoli@gmail.com [36m304 [0m38.890 ms - -[0m
[0mGET /api/customer/msgcust?email=nicoli@gmail.com [36m304 [0m25.018 ms - -[0m
[0mGET /api/customer/msgcust?email=nicoli@gmail.com [36m304 [0m57.726 ms - -[0m
[0mGET /api/customer/getUserByEmailId?email=nicoli@gmail.com [36m304 [0m62.699 ms - -[0m
[0mGET /api/customer/getUserByEmailId?email=nicoli@gmail.com [36m304 [0m72.621 ms - -[0m
[0mGET /api/customer/msgadmin?email=nicoli@gmail.com [36m304 [0m29.027 ms - -[0m
[0mGET /api/customer/msgadmin?email=nicoli@gmail.com [36m304 [0m29.036 ms - -[0m
[0mGET /api/customer/msgcust?email=nicoli@gmail.com [36m304 [0m18.032 ms - -[0m
[0mGET /api/customer/msgadmin?email=nicoli@gmail.com [36m304 [0m83.916 ms - -[0m
[0mGET /api/customer/msgcust?email=nicoli@gmail.com [36m304 [0m54.482 ms - -[0m
[0mGET /api/customer/msgcust?email=nicoli@gmail.com [36m304 [0m31.369 ms - -[0m
[0mGET /api/customer/msgadmin?email=nicoli@gmail.com [36m304 [0m141.761 ms - -[0m
[0mGET /api/customer/msgcust?email=nicoli@gmail.com [36m304 [0m47.852 ms - -[0m
[0mGET /api/customer/getUserByEmailId?email=nicoli@gmail.com [36m304 [0m72.747 ms - -[0m
[0mGET /api/customer/msgadmin?email=nicoli@gmail.com [36m304 [0m22.643 ms - -[0m
[0mGET /api/customer/getUserByEmailId?email=nicoli@gmail.com [36m304 [0m43.950 ms - -[0m
[0mGET /api/customer/msgadmin?email=nicoli@gmail.com [36m304 [0m24.671 ms - -[0m
[0mGET /api/customer/msgadmin?email=nicoli@gmail.com [36m304 [0m44.436 ms - -[0m
[0mGET /api/customer/getUserByEmailId?email=nicoli@gmail.com [36m304 [0m59.641 ms - -[0m
[0mGET /api/customer/msgcust?email=nicoli@gmail.com [36m304 [0m43.616 ms - -[0m
[0mGET /api/customer/getUserByEmailId?email=nicoli@gmail.com [36m304 [0m68.070 ms - -[0m
[0mGET /api/customer/msgadmin?email=nicoli@gmail.com [36m304 [0m66.468 ms - -[0m
[0mGET /api/customer/getUserByEmailId?email=nicoli@gmail.com [36m304 [0m54.108 ms - -[0m
[0mGET /api/customer/getUserByEmailId?email=nicoli@gmail.com [36m304 [0m45.084 ms - -[0m
[0mGET /api/customer/msgadmin?email=nicoli@gmail.com [36m304 [0m63.613 ms - -[0m
[0mGET /api/customer/msgcust?email=nicoli@gmail.com [36m304 [0m31.861 ms - -[0m
[0mGET /api/customer/msgadmin?email=nicoli@gmail.com [36m304 [0m26.510 ms - -[0m
[0mGET /api/customer/getUserByEmailId?email=nicoli@gmail.com [36m304 [0m148.121 ms - -[0m
[0mGET /api/customer/msgadmin?email=nicoli@gmail.com [36m304 [0m110.543 ms - -[0m
[0mGET /api/customer/getUserByEmailId?email=nicoli@gmail.com [36m304 [0m44.227 ms - -[0m
[0mGET /api/customer/getUserByEmailId?email=nicoli@gmail.com [36m304 [0m88.510 ms - -[0m
[0mGET /api/customer/msgadmin?email=nicoli@gmail.com [36m304 [0m46.967 ms - -[0m
[0mGET /api/customer/msgcust?email=nicoli@gmail.com [36m304 [0m28.798 ms - -[0m
[0mGET /api/customer/getUserByEmailId?email=nicoli@gmail.com [36m304 [0m47.574 ms - -[0m
[0mGET /api/customer/getUserByEmailId?email=nicoli@gmail.com [36m304 [0m58.446 ms - -[0m
[0mGET /api/customer/msgcust?email=nicoli@gmail.com [36m304 [0m34.466 ms - -[0m
[0mGET /api/customer/getUserByEmailId?email=nicoli@gmail.com [36m304 [0m45.572 ms - -[0m
[0mGET /api/customer/getUserByEmailId?email=nicoli@gmail.com [36m304 [0m40.363 ms - -[0m
[0mGET /api/customer/getUserByEmailId?email=nicoli@gmail.com [36m304 [0m58.182 ms - -[0m
[0mGET /api/customer/msgadmin?email=nicoli@gmail.com [36m304 [0m35.304 ms - -[0m
[0mGET /api/customer/msgadmin?email=nicoli@gmail.com [36m304 [0m30.647 ms - -[0m
[0mGET /api/customer/msgcust?email=nicoli@gmail.com [36m304 [0m48.593 ms - -[0m
[0mGET /api/customer/msgcust?email=nicoli@gmail.com [36m304 [0m29.453 ms - -[0m
[0mGET /api/customer/getUserByEmailId?email=nicoli@gmail.com [36m304 [0m172.264 ms - -[0m
[0mGET /api/customer/msgcust?email=nicoli@gmail.com [36m304 [0m42.834 ms - -[0m
[0mGET /api/customer/getUserByEmailId?email=nicoli@gmail.com [36m304 [0m70.906 ms - -[0m
[0mGET /api/customer/getUserByEmailId?email=nicoli@gmail.com [36m304 [0m95.740 ms - -[0m
[0mGET /api/customer/getUserByEmailId?email=nicoli@gmail.com [36m304 [0m60.648 ms - -[0m
[0mGET /api/customer/msgcust?email=nicoli@gmail.com [36m304 [0m37.672 ms - -[0m
[0mGET /api/category/affichebackgroundbyId?titre=back [36m304 [0m541.192 ms - -[0m
[0mGET /api/category/main/list [36m304 [0m406.458 ms - -[0m
[0mGET /api/product/getAllGroceryStaple [36m304 [0m455.906 ms - -[0m
[0mGET /api/productgros/listlimite [36m304 [0m416.015 ms - -[0m
[0mGET /api/product/getWebProductById?id=16 [36m304 [0m700.060 ms - -[0m
[0mGET /api/product/getWebProductById?id=16 [36m304 [0m59.885 ms - -[0m
[0mGET /api/product/getWebProductById?id=16 [36m304 [0m68.569 ms - -[0m
[0mGET /api/product/similar?chilCategoryId=3 [36m304 [0m64.107 ms - -[0m
[0mGET /api/product/similar?chilCategoryId=3 [36m304 [0m69.513 ms - -[0m
[0mGET /api/product/getWebProductById?id=16 [36m304 [0m87.704 ms - -[0m
[0mGET /api/product/getWebProductById?id=16 [36m304 [0m63.462 ms - -[0m
[0mGET /api/product/similar?chilCategoryId=3 [36m304 [0m63.997 ms - -[0m
[0mGET /api/product/similar?chilCategoryId=3 [36m304 [0m67.349 ms - -[0m
[0mGET /api/product/similar?chilCategoryId=3 [36m304 [0m69.613 ms - -[0m
[0mGET /api/category/affichelocal [36m304 [0m794.520 ms - -[0m
[0mGET /api/category/affichetitlebyId?title=payement [36m304 [0m707.304 ms - -[0m
[0mGET /api/customer/getUserByEmailId?email=nicoli@gmail.com [36m304 [0m156.877 ms - -[0m
[0mGET /api/category/affichebyId?titre=T-Money [36m304 [0m62.849 ms - -[0m
[0mGET /api/customer/getUserByEmailId?email=nicoli@gmail.com [36m304 [0m78.158 ms - -[0m
[0mGET /api/category/affichebyId?titre=Flooz [36m304 [0m52.228 ms - -[0m
[0mGET /api/category/affichebyId?titre=%20A%20la%20Livraison [36m304 [0m29.936 ms - -[0m
[0mGET /api/category/affichebyId?titre=Reduct [36m304 [0m31.100 ms - -[0m
[0mGET /api/category/affichetitlebyId?title=payement [36m304 [0m214.399 ms - -[0m
[0mGET /api/category/affichelocal [36m304 [0m87.894 ms - -[0m
[0mGET /api/customer/getUserByEmailId?email=nicoli@gmail.com [36m304 [0m397.066 ms - -[0m
[0mGET /api/category/affichebyId?titre=T-Money [36m304 [0m141.235 ms - -[0m
[0mGET /api/category/affichebyId?titre=Flooz [36m304 [0m32.264 ms - -[0m
[0mGET /api/category/affichebyId?titre=%20A%20la%20Livraison [36m304 [0m57.729 ms - -[0m
[0mGET /api/category/affichebyId?titre=Reduct [36m304 [0m53.345 ms - -[0m
[0mGET /api/category/affichetitlebyId?title=payement [36m304 [0m75.000 ms - -[0m
[0mGET /api/category/affichelocal [36m304 [0m84.897 ms - -[0m
[0mGET /api/customer/getUserByEmailId?email=nicoli@gmail.com [36m304 [0m74.419 ms - -[0m
[0mGET /api/category/affichebyId?titre=T-Money [36m304 [0m79.921 ms - -[0m
[0mGET /api/category/affichebyId?titre=Flooz [36m304 [0m74.557 ms - -[0m
[0mGET /api/category/affichebyId?titre=%20A%20la%20Livraison [36m304 [0m42.172 ms - -[0m
[0mGET /api/category/affichebyId?titre=Reduct [36m304 [0m52.388 ms - -[0m
[0mGET /api/category/affichelocal [36m304 [0m89.760 ms - -[0m
[0mGET /api/category/affichetitlebyId?title=payement [36m304 [0m51.207 ms - -[0m
[0mGET /api/customer/getUserByEmailId?email=nicoli@gmail.com [36m304 [0m81.363 ms - -[0m
[0mGET /api/category/affichebyId?titre=T-Money [36m304 [0m123.104 ms - -[0m
[0mGET /api/category/affichebyId?titre=Flooz [36m304 [0m53.859 ms - -[0m
[0mGET /api/category/affichebyId?titre=%20A%20la%20Livraison [36m304 [0m49.439 ms - -[0m
[0mGET /api/category/affichebyId?titre=Reduct [36m304 [0m40.280 ms - -[0m
[0mGET /api/category/affichelocal [36m304 [0m205.055 ms - -[0m
[0mGET /api/category/affichetitlebyId?title=payement [36m304 [0m253.850 ms - -[0m
[0mGET /api/customer/getUserByEmailId?email=nicoli@gmail.com [36m304 [0m72.382 ms - -[0m
[0mGET /api/category/affichebyId?titre=T-Money [36m304 [0m68.276 ms - -[0m
[0mGET /api/category/affichebyId?titre=Flooz [36m304 [0m90.494 ms - -[0m
[0mGET /api/category/affichebyId?titre=%20A%20la%20Livraison [36m304 [0m75.359 ms - -[0m
[0mGET /api/category/affichetitlebyId?title=payement [36m304 [0m48.692 ms - -[0m
[0mGET /api/category/affichelocal [36m304 [0m119.520 ms - -[0m
[0mGET /api/category/affichebyId?titre=Reduct [36m304 [0m59.906 ms - -[0m
[0mGET /api/customer/getUserByEmailId?email=nicoli@gmail.com [36m304 [0m98.630 ms - -[0m
[0mGET /api/category/affichebyId?titre=T-Money [36m304 [0m70.005 ms - -[0m
[0mGET /api/category/affichebyId?titre=Flooz [36m304 [0m78.380 ms - -[0m
[0mGET /api/category/affichebyId?titre=%20A%20la%20Livraison [36m304 [0m81.294 ms - -[0m
[0mGET /api/category/affichetitlebyId?title=payement [36m304 [0m38.242 ms - -[0m
[0mGET /api/category/affichelocal [36m304 [0m134.210 ms - -[0m
[0mGET /api/category/affichebyId?titre=Reduct [36m304 [0m43.695 ms - -[0m
[0mGET /api/customer/getUserByEmailId?email=nicoli@gmail.com [36m304 [0m49.895 ms - -[0m
[0mGET /api/category/affichebyId?titre=T-Money [36m304 [0m70.986 ms - -[0m
[0mGET /api/category/affichelocal [36m304 [0m78.973 ms - -[0m
[0mGET /api/category/affichetitlebyId?title=payement [36m304 [0m56.307 ms - -[0m
[0mGET /api/category/affichebyId?titre=Flooz [36m304 [0m61.257 ms - -[0m
[0mGET /api/customer/getUserByEmailId?email=nicoli@gmail.com [36m304 [0m140.428 ms - -[0m
[0mGET /api/category/affichebyId?titre=T-Money [36m304 [0m42.459 ms - -[0m
[0mGET /api/category/affichebyId?titre=%20A%20la%20Livraison [36m304 [0m36.529 ms - -[0m
[0mGET /api/category/affichebyId?titre=Flooz [36m304 [0m101.956 ms - -[0m
[0mGET /api/category/affichebyId?titre=Reduct [36m304 [0m121.502 ms - -[0m
[0mGET /api/category/affichebyId?titre=%20A%20la%20Livraison [36m304 [0m59.546 ms - -[0m
[0mGET /api/category/affichebyId?titre=Reduct [36m304 [0m47.742 ms - -[0m
[0mGET /api/category/affichelocal [36m304 [0m71.328 ms - -[0m
[0mGET /api/category/affichetitlebyId?title=payement [36m304 [0m55.535 ms - -[0m
[0mGET /api/customer/getUserByEmailId?email=nicoli@gmail.com [36m304 [0m95.382 ms - -[0m
[0mGET /api/category/affichebyId?titre=T-Money [36m304 [0m70.647 ms - -[0m
[0mGET /api/category/affichebyId?titre=Flooz [36m304 [0m43.628 ms - -[0m
[0mGET /api/category/affichelocal [36m304 [0m77.920 ms - -[0m
[0mGET /api/category/affichetitlebyId?title=payement [36m304 [0m108.023 ms - -[0m
[0mGET /api/category/affichebyId?titre=%20A%20la%20Livraison [36m304 [0m60.303 ms - -[0m
[0mGET /api/customer/getUserByEmailId?email=nicoli@gmail.com [36m304 [0m141.052 ms - -[0m
[0mGET /api/category/affichebyId?titre=T-Money [36m304 [0m36.426 ms - -[0m
[0mGET /api/category/affichebyId?titre=Reduct [36m304 [0m34.468 ms - -[0m
[0mGET /api/category/affichebyId?titre=Flooz [36m304 [0m22.401 ms - -[0m
[0mGET /api/category/affichebyId?titre=%20A%20la%20Livraison [36m304 [0m38.076 ms - -[0m
[0mGET /api/category/affichebyId?titre=Reduct [36m304 [0m44.973 ms - -[0m
[0mGET /api/category/affichelocal [36m304 [0m111.077 ms - -[0m
[0mGET /api/category/affichetitlebyId?title=payement [36m304 [0m46.591 ms - -[0m
[0mGET /api/customer/getUserByEmailId?email=nicoli@gmail.com [36m304 [0m74.043 ms - -[0m
[0mGET /api/category/affichebyId?titre=T-Money [36m304 [0m61.314 ms - -[0m
[0mGET /api/category/affichebyId?titre=Flooz [36m304 [0m50.853 ms - -[0m
[0mGET /api/category/affichebyId?titre=%20A%20la%20Livraison [36m304 [0m81.447 ms - -[0m
[0mGET /api/category/affichebyId?titre=Reduct [36m304 [0m40.725 ms - -[0m
[0mGET /api/category/affichelocal [36m304 [0m124.424 ms - -[0m
[0mGET /api/category/affichetitlebyId?title=payement [36m304 [0m74.463 ms - -[0m
[0mGET /api/customer/getUserByEmailId?email=nicoli@gmail.com [36m304 [0m205.194 ms - -[0m
[0mGET /api/category/affichebyId?titre=T-Money [36m304 [0m44.250 ms - -[0m
[0mGET /api/category/affichebyId?titre=Flooz [36m304 [0m92.413 ms - -[0m
[0mGET /api/category/affichebyId?titre=%20A%20la%20Livraison [36m304 [0m90.986 ms - -[0m
[0mGET /api/category/affichebyId?titre=Reduct [36m304 [0m106.087 ms - -[0m
[0mPOST /api/commercial/valideBonnus [32m200 [0m627.181 ms - 42[0m
[0mPOST /api/commercial/valideBonnus [32m200 [0m51.989 ms - 42[0m
[0mPOST /api/commercial/valideBonnus [32m200 [0m63.766 ms - 42[0m
[0mPOST /api/commercial/valideBonnus [32m200 [0m71.246 ms - 42[0m
[0mPOST /api/commercial/valideBonnus [32m200 [0m67.062 ms - 42[0m
[0mPOST /api/order/create [32m200 [0m3164.027 ms - 16[0m
[0mPOST /api/order/create [32m200 [0m2177.249 ms - 16[0m
[0mPOST /api/order/create [32m200 [0m593.152 ms - 16[0m
[0mGET /api/customer/getUserByEmailId?email=nicoli@gmail.com [32m200 [0m135.985 ms - 1573[0m
[0mGET /api/customer/msgadmin?email=nicoli@gmail.com [36m304 [0m36.209 ms - -[0m
[0mGET /api/customer/msgcust?email=nicoli@gmail.com [36m304 [0m90.496 ms - -[0m
[0mGET /api/customer/getUserByEmailId?email=nicoli@gmail.com [36m304 [0m118.803 ms - -[0m
[0mGET /api/customer/msgadmin?email=nicoli@gmail.com [36m304 [0m26.179 ms - -[0m
[0mGET /api/customer/getUserByEmailId?email=nicoli@gmail.com [36m304 [0m98.906 ms - -[0m
[0mGET /api/customer/msgcust?email=nicoli@gmail.com [36m304 [0m67.065 ms - -[0m
[0mGET /api/customer/msgadmin?email=nicoli@gmail.com [36m304 [0m81.079 ms - -[0m
[0mGET /api/customer/getUserByEmailId?email=nicoli@gmail.com [36m304 [0m104.163 ms - -[0m
[0mGET /api/customer/msgcust?email=nicoli@gmail.com [36m304 [0m125.881 ms - -[0m
[0mGET /api/customer/msgadmin?email=nicoli@gmail.com [36m304 [0m63.234 ms - -[0m
[0mGET /api/customer/getUserByEmailId?email=nicoli@gmail.com [36m304 [0m97.026 ms - -[0m
[0mGET /api/customer/getUserByEmailId?email=nicoli@gmail.com [36m304 [0m87.835 ms - -[0m
[0mGET /api/customer/msgcust?email=nicoli@gmail.com [36m304 [0m86.433 ms - -[0m
[0mGET /api/customer/msgadmin?email=nicoli@gmail.com [36m304 [0m76.675 ms - -[0m
[0mGET /api/customer/msgadmin?email=nicoli@gmail.com [36m304 [0m61.454 ms - -[0m
[0mGET /api/customer/getUserByEmailId?email=nicoli@gmail.com [36m304 [0m97.299 ms - -[0m
[0mGET /api/customer/getUserByEmailId?email=nicoli@gmail.com [36m304 [0m94.130 ms - -[0m
[0mGET /api/customer/msgcust?email=nicoli@gmail.com [36m304 [0m116.715 ms - -[0m
[0mGET /api/customer/msgadmin?email=nicoli@gmail.com [36m304 [0m90.090 ms - -[0m
[0mGET /api/customer/msgcust?email=nicoli@gmail.com [36m304 [0m79.613 ms - -[0m
[0mGET /api/customer/msgadmin?email=nicoli@gmail.com [36m304 [0m49.984 ms - -[0m
[0mGET /api/customer/getUserByEmailId?email=nicoli@gmail.com [36m304 [0m121.393 ms - -[0m
[0mGET /api/customer/getUserByEmailId?email=nicoli@gmail.com [36m304 [0m130.742 ms - -[0m
[0mGET /api/customer/msgcust?email=nicoli@gmail.com [36m304 [0m50.605 ms - -[0m
[0mGET /api/customer/getUserByEmailId?email=nicoli@gmail.com [36m304 [0m102.489 ms - -[0m
[0mGET /api/customer/msgcust?email=nicoli@gmail.com [36m304 [0m32.623 ms - -[0m
[0mGET /api/customer/msgadmin?email=nicoli@gmail.com [36m304 [0m50.825 ms - -[0m
[0mGET /api/customer/msgadmin?email=nicoli@gmail.com [36m304 [0m69.636 ms - -[0m
[0mGET /api/customer/getUserByEmailId?email=nicoli@gmail.com [36m304 [0m91.653 ms - -[0m
[0mGET /api/customer/getUserByEmailId?email=nicoli@gmail.com [36m304 [0m90.713 ms - -[0m
[0mGET /api/customer/msgadmin?email=nicoli@gmail.com [36m304 [0m39.166 ms - -[0m
[0mGET /api/customer/getUserByEmailId?email=nicoli@gmail.com [36m304 [0m137.263 ms - -[0m
[0mGET /api/customer/getUserByEmailId?email=nicoli@gmail.com [36m304 [0m132.717 ms - -[0m
[0mGET /api/customer/msgcust?email=nicoli@gmail.com [36m304 [0m140.402 ms - -[0m
[0mGET /api/customer/msgcust?email=nicoli@gmail.com [36m304 [0m55.158 ms - -[0m
[0mGET /api/customer/msgadmin?email=nicoli@gmail.com [36m304 [0m107.617 ms - -[0m
[0mGET /api/customer/msgadmin?email=nicoli@gmail.com [36m304 [0m53.096 ms - -[0m
[0mGET /api/customer/getUserByEmailId?email=nicoli@gmail.com [36m304 [0m191.814 ms - -[0m
[0mGET /api/customer/msgcust?email=nicoli@gmail.com [36m304 [0m137.147 ms - -[0m
[0mGET /api/customer/msgadmin?email=nicoli@gmail.com [36m304 [0m68.437 ms - -[0m
[0mGET /api/customer/msgadmin?email=nicoli@gmail.com [36m304 [0m58.511 ms - -[0m
[0mGET /api/customer/getUserByEmailId?email=nicoli@gmail.com [36m304 [0m82.175 ms - -[0m
[0mGET /api/customer/getUserByEmailId?email=nicoli@gmail.com [36m304 [0m76.739 ms - -[0m
[0mGET /api/customer/getUserByEmailId?email=nicoli@gmail.com [36m304 [0m187.063 ms - -[0m
[0mGET /api/customer/msgcust?email=nicoli@gmail.com [36m304 [0m47.858 ms - -[0m
[0mGET /api/customer/msgcust?email=nicoli@gmail.com [36m304 [0m87.121 ms - -[0m
[0mGET /api/customer/msgadmin?email=nicoli@gmail.com [36m304 [0m97.877 ms - -[0m
[0mGET /api/customer/getUserByEmailId?email=nicoli@gmail.com [36m304 [0m75.203 ms - -[0m
[0mGET /api/customer/msgcust?email=nicoli@gmail.com [36m304 [0m81.649 ms - -[0m
[0mGET /api/customer/msgadmin?email=nicoli@gmail.com [36m304 [0m52.406 ms - -[0m
[0mGET /api/customer/msgcust?email=nicoli@gmail.com [36m304 [0m86.911 ms - -[0m
[0mGET /api/customer/msgadmin?email=nicoli@gmail.com [36m304 [0m114.220 ms - -[0m
[0mGET /api/customer/msgadmin?email=nicoli@gmail.com [36m304 [0m217.049 ms - -[0m
[0mGET /api/category/affichetitlebyId?title=payement [36m304 [0m81.384 ms - -[0m
[0mGET /api/category/affichelocal [36m304 [0m80.155 ms - -[0m
[0mGET /api/customer/msgcust?email=nicoli@gmail.com [36m304 [0m53.062 ms - -[0m
[0mGET /api/customer/msgadmin?email=nicoli@gmail.com [36m304 [0m78.917 ms - -[0m
[0mGET /api/customer/msgcust?email=nicoli@gmail.com [36m304 [0m98.403 ms - -[0m
[0mGET /api/customer/msgcust?email=nicoli@gmail.com [36m304 [0m78.635 ms - -[0m
[0mGET /api/customer/msgcust?email=nicoli@gmail.com [36m304 [0m78.060 ms - -[0m
[0mGET /api/customer/getUserByEmailId?email=nicoli@gmail.com [36m304 [0m169.137 ms - -[0m
[0mGET /api/category/affichebyId?titre=T-Money [36m304 [0m54.875 ms - -[0m
[0mGET /api/customer/msgcust?email=nicoli@gmail.com [36m304 [0m84.201 ms - -[0m
[0mPOST /api/order/create [32m200 [0m488.442 ms - 16[0m
[0mGET /api/category/affichebyId?titre=Flooz [36m304 [0m61.798 ms - -[0m
[0mGET /api/category/affichebyId?titre=%20A%20la%20Livraison [36m304 [0m36.826 ms - -[0m
[0mGET /api/category/affichelocal [36m304 [0m225.428 ms - -[0m
[0mGET /api/category/affichetitlebyId?title=payement [36m304 [0m138.195 ms - -[0m
[0mGET /api/customer/getUserByEmailId?email=nicoli@gmail.com [32m200 [0m91.436 ms - 1997[0m
[0mGET /api/category/affichebyId?titre=Reduct [36m304 [0m31.045 ms - -[0m
[0mGET /api/customer/getUserByEmailId?email=nicoli@gmail.com [36m304 [0m273.601 ms - -[0m
[0mGET /api/category/affichebyId?titre=T-Money [36m304 [0m62.137 ms - -[0m
[0mGET /api/customer/msgadmin?email=nicoli@gmail.com [36m304 [0m73.563 ms - -[0m
[0mGET /api/category/affichebyId?titre=Flooz [36m304 [0m74.270 ms - -[0m
[0mGET /api/customer/msgcust?email=nicoli@gmail.com [36m304 [0m56.126 ms - -[0m
[0mGET /api/category/affichebyId?titre=%20A%20la%20Livraison [36m304 [0m31.888 ms - -[0m
[0mGET /api/category/affichelocal [36m304 [0m94.140 ms - -[0m
[0mGET /api/category/affichetitlebyId?title=payement [36m304 [0m40.676 ms - -[0m
[0mGET /api/category/affichebyId?titre=Reduct [36m304 [0m55.151 ms - -[0m
[0mGET /api/customer/getUserByEmailId?email=nicoli@gmail.com [36m304 [0m201.641 ms - -[0m
[0mGET /api/category/affichebyId?titre=T-Money [36m304 [0m74.561 ms - -[0m
[0mGET /api/category/affichebyId?titre=Flooz [36m304 [0m64.615 ms - -[0m
[0mGET /api/category/affichebyId?titre=%20A%20la%20Livraison [36m304 [0m65.860 ms - -[0m
[0mGET /api/category/affichebyId?titre=Reduct [36m304 [0m59.833 ms - -[0m
[0mGET /api/category/affichelocal [36m304 [0m169.045 ms - -[0m
[0mGET /api/category/affichetitlebyId?title=payement [36m304 [0m110.104 ms - -[0m
[0mGET /api/customer/getUserByEmailId?email=nicoli@gmail.com [36m304 [0m98.970 ms - -[0m
[0mGET /api/category/affichebyId?titre=T-Money [36m304 [0m52.461 ms - -[0m
[0mGET /api/category/affichelocal [36m304 [0m90.749 ms - -[0m
[0mGET /api/category/affichetitlebyId?title=payement [36m304 [0m77.673 ms - -[0m
[0mGET /api/category/affichebyId?titre=Flooz [36m304 [0m41.933 ms - -[0m
[0mGET /api/customer/getUserByEmailId?email=nicoli@gmail.com [36m304 [0m87.314 ms - -[0m
[0mGET /api/category/affichebyId?titre=T-Money [36m304 [0m39.242 ms - -[0m
[0mGET /api/category/affichebyId?titre=%20A%20la%20Livraison [36m304 [0m65.374 ms - -[0m
[0mGET /api/category/affichebyId?titre=Flooz [36m304 [0m80.706 ms - -[0m
[0mGET /api/category/affichebyId?titre=Reduct [36m304 [0m53.673 ms - -[0m
[0mGET /api/category/affichebyId?titre=%20A%20la%20Livraison [36m304 [0m27.198 ms - -[0m
[0mGET /api/category/affichelocal [36m304 [0m69.689 ms - -[0m
[0mGET /api/category/affichetitlebyId?title=payement [36m304 [0m275.331 ms - -[0m
[0mGET /api/category/affichebyId?titre=Reduct [36m304 [0m54.957 ms - -[0m
[0mGET /api/customer/getUserByEmailId?email=nicoli@gmail.com [36m304 [0m121.295 ms - -[0m
[0mGET /api/category/affichebyId?titre=T-Money [36m304 [0m36.064 ms - -[0m
[0mGET /api/category/affichebyId?titre=Flooz [36m304 [0m76.351 ms - -[0m
[0mGET /api/category/affichelocal [36m304 [0m113.002 ms - -[0m
[0mGET /api/category/affichetitlebyId?title=payement [36m304 [0m114.019 ms - -[0m
[0mGET /api/category/affichebyId?titre=%20A%20la%20Livraison [36m304 [0m50.665 ms - -[0m
[0mGET /api/customer/getUserByEmailId?email=nicoli@gmail.com [36m304 [0m145.254 ms - -[0m
[0mGET /api/category/affichebyId?titre=T-Money [36m304 [0m62.517 ms - -[0m
[0mGET /api/category/affichebyId?titre=Reduct [36m304 [0m30.560 ms - -[0m
[0mGET /api/category/affichebyId?titre=Flooz [36m304 [0m30.375 ms - -[0m
[0mGET /api/category/affichebyId?titre=%20A%20la%20Livraison [36m304 [0m47.704 ms - -[0m
[0mGET /api/category/affichebyId?titre=Reduct [36m304 [0m38.654 ms - -[0m
[0mPOST /api/order/create [31m500 [0m125.977 ms - 34[0m
[0mPOST /api/order/create [31m500 [0m44.460 ms - 34[0m
[0mPOST /api/order/create [31m500 [0m56.929 ms - 34[0m
[0mPOST /api/order/create [31m500 [0m27.663 ms - 34[0m
[0mPOST /api/order/create [31m500 [0m51.738 ms - 34[0m
[0mPOST /api/order/create [31m500 [0m36.947 ms - 34[0m
[0mPOST /api/order/create [31m500 [0m97.017 ms - 34[0m
[0mPOST /api/order/create [31m500 [0m35.325 ms - 34[0m
[0mGET /api/category/affichelocal [36m304 [0m219.267 ms - -[0m
[0mGET /api/category/affichetitlebyId?title=payement [36m304 [0m211.508 ms - -[0m
[0mGET /api/customer/getUserByEmailId?email=nicoli@gmail.com [36m304 [0m149.562 ms - -[0m
[0mGET /api/category/affichebyId?titre=T-Money [36m304 [0m58.130 ms - -[0m
[0mGET /api/category/affichebyId?titre=Flooz [36m304 [0m59.706 ms - -[0m
[0mGET /api/category/affichebyId?titre=%20A%20la%20Livraison [36m304 [0m46.532 ms - -[0m
[0mGET /api/category/affichebyId?titre=Reduct [36m304 [0m60.340 ms - -[0m
[0mPOST /api/order/create [32m200 [0m582.086 ms - 16[0m
[0mPOST /api/order/create [32m200 [0m443.797 ms - 16[0m
[0mPOST /api/order/create [32m200 [0m447.715 ms - 16[0m
