[0mPOST /api/product/create [0m- [0m- ms - -[0m
[0mPOST /api/product/create [31m500 [0m104.464 ms - 2154[0m
[0mPOST /api/product/create [32m200 [0m1118.361 ms - 54[0m
[0mGET /api/category/main/list [32m200 [0m322.885 ms - 663[0m
[0mGET /api/category/sub-category/list [32m200 [0m623.575 ms - 498[0m
[0mGET /api/category/main/list [36m304 [0m37.922 ms - -[0m
[0mGET /api/category/main/list [32m200 [0m529.947 ms - 663[0m
[0mGET /api/category/sub-category/list [32m200 [0m531.310 ms - 498[0m
[0mGET /api/category/main/list [36m304 [0m212.328 ms - -[0m
[0mGET /api/category/sub-category/list [36m304 [0m234.299 ms - -[0m
[0mGET /api/category/main/list [36m304 [0m70.523 ms - -[0m
[0mGET /api/category/sub-category/list [36m304 [0m86.693 ms - -[0m
[0mGET /api/category/main/list [36m304 [0m946.534 ms - -[0m
[0mGET /api/category/sub-category/list [36m304 [0m519.599 ms - -[0m
[0mGET /api/category/child-category/list [32m200 [0m1080.179 ms - 364[0m
[0mGET /api/category/main/list [32m200 [0m1029.157 ms - 663[0m
[0mGET /api/category/sub-category/list [32m200 [0m1035.313 ms - 498[0m
[0mGET /api/category/child-category/list [32m200 [0m936.173 ms - 364[0m
[0mGET /api/product/getAllproduct [32m200 [0m2717.521 ms - 2251[0m
[0mGET /api/product/getAllproduct [36m304 [0m193.950 ms - -[0m
[0mGET /produit/16952299068182.jpg [32m200 [0m1418.978 ms - 3224[0m
[0mGET /produit/1695057725821img-14.jpg [32m200 [0m686.383 ms - 12153[0m
[0mGET /produit/1695063570136big-4.jpg [32m200 [0m630.112 ms - 71622[0m
[0mGET /produit/1695057529206img-15.jpg [32m200 [0m175.087 ms - 7100[0m
[0mGET /produit/1695057620846big-1.jpg [32m200 [0m231.282 ms - 50084[0m
[0mGET /produit/1695057678292img-8.jpg [32m200 [0m328.670 ms - 7293[0m
[0mGET /api/product/getAllGroceryStaple [32m200 [0m584.903 ms - 2251[0m
[0mGET /api/product/getAllGroceryStaple [36m304 [0m152.009 ms - -[0m
[0mGET /api/product/getAllGroceryStaple [36m304 [0m48.167 ms - -[0m
[0mGET /api/product/getAllGroceryStaple [36m304 [0m34.726 ms - -[0m
[0mGET /api/product/getAllGroceryStaple [36m304 [0m60.782 ms - -[0m
[0mGET /api/product/getAllGroceryStaple [36m304 [0m90.841 ms - -[0m
[0mGET /api/product/getAllGroceryStaple [36m304 [0m62.884 ms - -[0m
[0mGET /api/product/getAllGroceryStaple [36m304 [0m47.945 ms - -[0m
[0mGET /api/product/getAllGroceryStaple [36m304 [0m97.641 ms - -[0m
[0mGET /api/product/getAllGroceryStaple [36m304 [0m316.106 ms - -[0m
[0mGET /api/product/getAllGroceryStaple [36m304 [0m57.351 ms - -[0m
[0mGET /api/product/getAllGroceryStaple [36m304 [0m54.794 ms - -[0m
[0mGET /api/product/getAllGroceryStaple [36m304 [0m98.122 ms - -[0m
[0mGET /api/product/getAllGroceryStaple [36m304 [0m55.969 ms - -[0m
[0mGET /api/product/getAllGroceryStaple [36m304 [0m97.323 ms - -[0m
[0mGET /api/product/getAllGroceryStaple [36m304 [0m40.157 ms - -[0m
[0mGET /api/product/getAllGroceryStaple [36m304 [0m45.941 ms - -[0m
[0mGET /api/product/getAllGroceryStaple [36m304 [0m46.986 ms - -[0m
[0mGET /api/product/getAllGroceryStaple [36m304 [0m56.119 ms - -[0m
[0mGET /api/product/getAllGroceryStaple [36m304 [0m169.724 ms - -[0m
[0mGET /api/product/getAllGroceryStaple [36m304 [0m68.399 ms - -[0m
[0mGET /api/product/getAllGroceryStaple [36m304 [0m34.593 ms - -[0m
[0mGET /api/product/getAllGroceryStaple [36m304 [0m77.868 ms - -[0m
[0mGET /api/product/getAllGroceryStaple [36m304 [0m66.500 ms - -[0m
[0mGET /api/product/getAllGroceryStaple [36m304 [0m70.530 ms - -[0m
[0mGET /api/product/getAllGroceryStaple [36m304 [0m43.719 ms - -[0m
[0mGET /api/product/getAllGroceryStaple [36m304 [0m36.775 ms - -[0m
[0mGET /api/product/getAllGroceryStaple [36m304 [0m41.609 ms - -[0m
[0mGET /api/product/getAllGroceryStaple [36m304 [0m84.566 ms - -[0m
[0mGET /api/product/getAllGroceryStaple [36m304 [0m65.428 ms - -[0m
[0mGET /undefinedundefined [33m404 [0m6029.379 ms - 7714[0m
[0mGET /api/product/list/undefined [33m404 [0m599.594 ms - 2252[0m
[0mGET /api/product/getAllGroceryStaple [36m304 [0m60.887 ms - -[0m
[0mGET /api/product/getAllGroceryStaple [36m304 [0m139.177 ms - -[0m
[0mGET /api/product/getAllGroceryStaple [36m304 [0m101.866 ms - -[0m
[0mGET /api/product/getAllGroceryStaple [36m304 [0m103.693 ms - -[0m
[0mGET /api/product/getAllGroceryStaple [36m304 [0m70.188 ms - -[0m
[0mGET /api/product/getAllGroceryStaple [36m304 [0m306.065 ms - -[0m
[0mGET /api/product/getAllGroceryStaple [36m304 [0m37.742 ms - -[0m
[0mGET /api/product/getAllGroceryStaple [36m304 [0m65.738 ms - -[0m
[0mGET /api/product/getAllGroceryStaple [36m304 [0m31.977 ms - -[0m
[0mGET /api/product/getAllGroceryStaple [36m304 [0m226.336 ms - -[0m
[0mGET /api/product/getAllGroceryStaple [36m304 [0m49.663 ms - -[0m
[0mGET /api/product/getAllGroceryStaple [36m304 [0m78.986 ms - -[0m
[0mGET /api/product/getAllGroceryStaple [36m304 [0m49.295 ms - -[0m
[0mGET /api/product/getAllGroceryStaple [36m304 [0m490.262 ms - -[0m
[0mGET /api/product/getAllGroceryStaple [32m200 [0m885.497 ms - 2251[0m
[0mGET /api/product/getAllGroceryStaple [36m304 [0m262.111 ms - -[0m
[0mGET /api/product/getAllGroceryStaple [36m304 [0m1388.701 ms - -[0m
[0mGET /api/product/getAllGroceryStaple [36m304 [0m203.393 ms - -[0m
[0mGET /api/product/getAllGroceryStaple [36m304 [0m58.729 ms - -[0m
[0mOPTIONS /api/customer/register [32m204 [0m81.096 ms - 0[0m
[0mPOST /api/customer/register [33m404 [0m29.968 ms - 28[0m
[0mPOST /api/customer/register [33m404 [0m9.132 ms - 28[0m
[0mPOST /api/customer/register [33m404 [0m9.004 ms - 28[0m
[0mPOST /api/customer/register [32m200 [0m863.801 ms - 104[0m
[0mPOST /api/customer/register [32m200 [0m624.446 ms - 105[0m
[0mPOST /api/customer/login [33m400 [0m180.583 ms - 236[0m
[0mOPTIONS /api/customer/register [32m204 [0m10.045 ms - 0[0m
[0mPOST /api/customer/register [32m200 [0m539.801 ms - 113[0m
[0mOPTIONS /api/customer/login [32m204 [0m19.306 ms - 0[0m
[0mOPTIONS /api/customer/register [32m204 [0m16.933 ms - 0[0m
[0mPOST /api/customer/register [32m200 [0m567.931 ms - 106[0m
[0mOPTIONS /api/customer/login [32m204 [0m21.708 ms - 0[0m
[0mPOST /api/customer/login [33m400 [0m47.646 ms - 237[0m
[0mPOST /api/customer/login [33m400 [0m15.162 ms - 231[0m
[0mPOST /api/customer/register [31m500 [0m934.760 ms - 34[0m
[0mPOST /api/customer/register [33m409 [0m610.356 ms - 38[0m
[0mPOST /api/customer/register [32m200 [0m628.534 ms - 95[0m
[0mPOST /api/customer/login [31m500 [0m724.045 ms - 34[0m
[0mPOST /api/customer/login [32m200 [0m559.778 ms - 195[0m
[0mOPTIONS /api/customer/login [32m204 [0m9.071 ms - 0[0m
[0mPOST /api/customer/login [32m200 [0m451.624 ms - 195[0m
[0mPOST /api/customer/login [33m401 [0m613.756 ms - 40[0m
[0mOPTIONS /api/customer/login [32m204 [0m11.802 ms - 0[0m
[0mPOST /api/customer/login [32m200 [0m431.234 ms - 195[0m
[0mOPTIONS /api/customer/login [32m204 [0m22.676 ms - 0[0m
[0mPOST /api/customer/login [32m200 [0m541.453 ms - 195[0m
[0mOPTIONS /api/customer/login [32m204 [0m4.089 ms - 0[0m
[0mPOST /api/customer/login [32m200 [0m402.331 ms - 195[0m
[0mOPTIONS /api/customer/register [32m204 [0m4.721 ms - 0[0m
[0mPOST /api/customer/register [32m200 [0m703.955 ms - 93[0m
[0mOPTIONS /api/customer/login [32m204 [0m4.458 ms - 0[0m
[0mPOST /api/customer/login [32m200 [0m431.808 ms - 195[0m
[0mOPTIONS /api/customer/login [32m204 [0m4.465 ms - 0[0m
[0mPOST /api/customer/login [32m200 [0m503.325 ms - 195[0m
[0mOPTIONS /api/customer/login [32m204 [0m5.140 ms - 0[0m
[0mPOST /api/customer/login [32m200 [0m418.706 ms - 195[0m
[0mPOST /api/customer/login [32m200 [0m423.766 ms - 195[0m
[0mPOST /api/customer/login [32m200 [0m395.976 ms - 195[0m
[0mPOST /api/customer/login [32m200 [0m422.958 ms - 195[0m
[0mPOST /api/customer/login [33m401 [0m715.695 ms - 40[0m
[0mPOST /api/customer/login [33m401 [0m29.197 ms - 40[0m
[0mPOST /api/customer/login [32m200 [0m395.823 ms - 195[0m
[0mOPTIONS /api/customer/login [32m204 [0m7.882 ms - 0[0m
[0mPOST /api/customer/login [32m200 [0m396.976 ms - 195[0m
[0mPOST /api/customer/login [32m200 [0m572.394 ms - 195[0m
[0mOPTIONS /api/customer/login [32m204 [0m6.762 ms - 0[0m
[0mPOST /api/customer/login [32m200 [0m591.714 ms - 195[0m
[0mOPTIONS /api/customer/login [32m204 [0m7.109 ms - 0[0m
[0mPOST /api/customer/login [32m200 [0m431.651 ms - 195[0m
[0mPOST /api/customer/login [33m401 [0m561.672 ms - 40[0m
[0mOPTIONS /api/customer/login [32m204 [0m4.915 ms - 0[0m
[0mPOST /api/customer/login [32m200 [0m397.654 ms - 195[0m
[0mPOST /api/customer/login [32m200 [0m345.814 ms - 195[0m
[0mPOST /api/customer/login [32m200 [0m344.457 ms - 195[0m
[0mGET /api/product/getAllGroceryStaple [32m200 [0m7584.610 ms - 2251[0m
[0mGET /api/product/getAllGroceryStaple [36m304 [0m267.371 ms - -[0m
[0mGET /api/product/getAllGroceryStaple [36m304 [0m193.086 ms - -[0m
[0mGET /api/product/getAllGroceryStaple [36m304 [0m94.468 ms - -[0m
[0mGET /api/product/getAllGroceryStaple [36m304 [0m1936.457 ms - -[0m
[0mGET /api/product/getAllGroceryStaple [36m304 [0m35.113 ms - -[0m
[0mGET /api/product/getAllGroceryStaple [36m304 [0m364.941 ms - -[0m
[0mGET /api/product/getAllGroceryStaple [36m304 [0m51.059 ms - -[0m
[0mGET /api/product/getAllGroceryStaple [36m304 [0m94.409 ms - -[0m
[0mGET /api/product/getAllGroceryStaple [36m304 [0m502.493 ms - -[0m
[0mGET /api/product/getAllGroceryStaple [36m304 [0m56.709 ms - -[0m
[0mGET /api/product/getAllGroceryStaple [36m304 [0m501.237 ms - -[0m
[0mGET /api/product/getAllGroceryStaple [36m304 [0m48.287 ms - -[0m
[0mGET /api/product/getAllGroceryStaple [36m304 [0m1443.512 ms - -[0m
[0mGET /api/product/getAllGroceryStaple [36m304 [0m53.423 ms - -[0m
[0mGET /api/product/getAllGroceryStaple [36m304 [0m196.643 ms - -[0m
[0mGET /api/product/getAllGroceryStaple [36m304 [0m31.822 ms - -[0m
[0mGET /api/product/getAllGroceryStaple [36m304 [0m259.572 ms - -[0m
[0mGET /api/product/getAllGroceryStaple [36m304 [0m36.093 ms - -[0m
[0mGET /api/product/getAllGroceryStaple [36m304 [0m188.905 ms - -[0m
[0mGET /api/product/getAllGroceryStaple [36m304 [0m149.543 ms - -[0m
[0mGET /api/product/getAllGroceryStaple [36m304 [0m194.406 ms - -[0m
[0mGET /api/product/getAllGroceryStaple [36m304 [0m49.023 ms - -[0m
[0mGET /api/product/getAllGroceryStaple [36m304 [0m17.629 ms - -[0m
[0mGET /api/product/getAllGroceryStaple [36m304 [0m36.543 ms - -[0m
[0mGET /api/product/getAllGroceryStaple [36m304 [0m33.019 ms - -[0m
[0mGET /api/product/getAllGroceryStaple [36m304 [0m14.093 ms - -[0m
[0mGET /api/product/getAllGroceryStaple [36m304 [0m169.212 ms - -[0m
[0mGET /api/product/getAllGroceryStaple [36m304 [0m30.384 ms - -[0m
[0mGET /undefinedbeverages [33m404 [0m3614.868 ms - 7714[0m
[0mGET /api/product/list/beverages [33m404 [0m208.568 ms - 7833[0m
[0mGET /undefinedhome-kitchen [33m404 [0m98.431 ms - 7714[0m
[0mGET /api/product/list/home-kitchen [33m404 [0m441.713 ms - 7833[0m
[0mGET /undefinedor [33m404 [0m21.594 ms - 7714[0m
[0mGET /undefinedor [33m404 [0m104.909 ms - 7714[0m
[0mGET /undefinedor [33m404 [0m223.368 ms - 7714[0m
[0mGET /undefinedhome-kitchen [33m404 [0m138.341 ms - 7714[0m
[0mGET /api/product/list/home-kitchen [33m404 [0m152.752 ms - 7833[0m
[0mGET /api/product/getAllproduct [32m200 [0m242.930 ms - 2251[0m
[0mGET /produit/16952299068182.jpg [32m200 [0m1194.377 ms - 3224[0m
[0mGET /produit/1695057725821img-14.jpg [32m200 [0m572.690 ms - 12153[0m
[0mGET /produit/1695063570136big-4.jpg [32m200 [0m1003.528 ms - 71622[0m
[0mGET /produit/1695057678292img-8.jpg [32m200 [0m573.189 ms - 7293[0m
[0mGET /produit/1695057529206img-15.jpg [32m200 [0m603.913 ms - 7100[0m
[0mGET /produit/1695057620846big-1.jpg [32m200 [0m628.812 ms - 50084[0m
[0mGET /api/product/getAllproduct [36m304 [0m274.481 ms - -[0m
[0mGET /api/product/getAllproduct [36m304 [0m1226.757 ms - -[0m
[0mGET /produit/16952299068182.jpg [36m304 [0m203.030 ms - -[0m
[0mGET /produit/1695063570136big-4.jpg [36m304 [0m154.860 ms - -[0m
[0mGET /produit/1695057725821img-14.jpg [36m304 [0m141.988 ms - -[0m
[0mGET /produit/1695057678292img-8.jpg [36m304 [0m140.673 ms - -[0m
[0mGET /produit/1695057620846big-1.jpg [36m304 [0m138.880 ms - -[0m
[0mGET /produit/1695057529206img-15.jpg [36m304 [0m137.307 ms - -[0m
[0mGET /api/product/getAllproduct [36m304 [0m44.399 ms - -[0m
[0mGET /api/product/getAllproduct [36m304 [0m1283.594 ms - -[0m
[0mGET /api/product/getAllproduct [36m304 [0m13.259 ms - -[0m
[0mGET /produit/16952299068182.jpg [36m304 [0m101.010 ms - -[0m
[0mGET /produit/1695063570136big-4.jpg [36m304 [0m98.964 ms - -[0m
[0mGET /produit/1695057725821img-14.jpg [36m304 [0m98.257 ms - -[0m
[0mGET /produit/1695057678292img-8.jpg [36m304 [0m13.021 ms - -[0m
[0mGET /produit/1695057620846big-1.jpg [36m304 [0m12.295 ms - -[0m
[0mGET /produit/1695057529206img-15.jpg [36m304 [0m12.824 ms - -[0m
[0mGET /api/product/getAllproduct [36m304 [0m112.660 ms - -[0m
[0mGET /api/product/getAllproduct [36m304 [0m235.585 ms - -[0m
[0mGET /produit/16952299068182.jpg [36m304 [0m4.686 ms - -[0m
[0mGET /produit/1695063570136big-4.jpg [36m304 [0m32.869 ms - -[0m
[0mGET /produit/1695057725821img-14.jpg [36m304 [0m31.506 ms - -[0m
[0mGET /produit/1695057678292img-8.jpg [36m304 [0m29.885 ms - -[0m
[0mGET /produit/1695057620846big-1.jpg [36m304 [0m84.848 ms - -[0m
[0mGET /produit/1695057529206img-15.jpg [36m304 [0m5.021 ms - -[0m
[0mGET /api/product/getAllproduct [36m304 [0m201.539 ms - -[0m
[0mGET /api/category/main/list [32m200 [0m1640.980 ms - 663[0m
[0mGET /api/category/main/list [36m304 [0m81.054 ms - -[0m
[0mGET /api/category/main/list [36m304 [0m10.090 ms - -[0m
[0mGET /api/category/main/list [36m304 [0m23.378 ms - -[0m
[0mGET /api/category/main/list [36m304 [0m262.787 ms - -[0m
[0mGET /api/product/getAllproduct [36m304 [0m48.320 ms - -[0m
[0mGET /api/product/getAllproduct [36m304 [0m59.805 ms - -[0m
[0mGET /api/product/getAllproduct [36m304 [0m60.593 ms - -[0m
[0mGET /api/product/getAllproduct [36m304 [0m134.448 ms - -[0m
[0mGET / [33m404 [0m57.200 ms - 7714[0m
[0mGET /api/product/list/ [33m404 [0m18.978 ms - 7833[0m
[0mGET /api/product/getAllproduct [36m304 [0m119.143 ms - -[0m
[0mGET /api/product/getAllproduct [36m304 [0m253.934 ms - -[0m
[0mGET /api/product/list/ [33m404 [0m56.480 ms - 7833[0m
[0mGET /api/product/getAllproduct [36m304 [0m49.913 ms - -[0m
[0mGET /api/product/getAllproduct [36m304 [0m17.542 ms - -[0m
[0mGET /api/product/getAllproduct [36m304 [0m18.581 ms - -[0m
[0mGET /api/product/getAllproduct [36m304 [0m19.310 ms - -[0m
[0mGET /produit/16952299068182.jpg [36m304 [0m11.960 ms - -[0m
[0mGET /produit/1695063570136big-4.jpg [36m304 [0m10.533 ms - -[0m
[0mGET /produit/1695057725821img-14.jpg [36m304 [0m9.783 ms - -[0m
[0mGET /produit/1695057678292img-8.jpg [36m304 [0m18.749 ms - -[0m
[0mGET /produit/1695057620846big-1.jpg [36m304 [0m17.749 ms - -[0m
[0mGET /produit/1695057529206img-15.jpg [36m304 [0m12.327 ms - -[0m
[0mGET /api/product/getAllproduct [36m304 [0m44.925 ms - -[0m
[0mGET /api/product/getAllproduct [36m304 [0m20.365 ms - -[0m
[0mGET /produit/16952299068182.jpg [36m304 [0m10.549 ms - -[0m
[0mGET /produit/1695063570136big-4.jpg [36m304 [0m8.986 ms - -[0m
[0mGET /produit/1695057725821img-14.jpg [36m304 [0m7.385 ms - -[0m
[0mGET /produit/1695057678292img-8.jpg [36m304 [0m4.802 ms - -[0m
[0mGET /produit/1695057620846big-1.jpg [36m304 [0m7.954 ms - -[0m
[0mGET /produit/1695057529206img-15.jpg [36m304 [0m6.841 ms - -[0m
[0mGET /api/product/getAllproduct [36m304 [0m21.564 ms - -[0m
[0mGET /api/product/list/ [33m404 [0m15.757 ms - 7833[0m
[0mGET /api/product/list/ [33m404 [0m26.849 ms - 7833[0m
[0mGET /api/product/list/ [33m404 [0m17.430 ms - 7833[0m
[0mGET /api/product/getAllproduct [36m304 [0m22.078 ms - -[0m
[0mGET /api/product/getAllproduct [36m304 [0m17.366 ms - -[0m
[0mGET /produit/16952299068182.jpg [36m304 [0m4.113 ms - -[0m
[0mGET /produit/1695063570136big-4.jpg [36m304 [0m8.901 ms - -[0m
[0mGET /produit/1695057725821img-14.jpg [36m304 [0m4.850 ms - -[0m
[0mGET /produit/1695057678292img-8.jpg [36m304 [0m3.674 ms - -[0m
[0mGET /produit/1695057620846big-1.jpg [36m304 [0m6.329 ms - -[0m
[0mGET /produit/1695057529206img-15.jpg [36m304 [0m5.453 ms - -[0m
[0mGET /api/product/getAllproduct [36m304 [0m17.503 ms - -[0m
[0mGET /api/product/getAllproduct [36m304 [0m17.535 ms - -[0m
[0mGET /api/product/getAllproduct [36m304 [0m15.747 ms - -[0m
[0mGET /api/product/getAllproduct [36m304 [0m15.336 ms - -[0m
[0mGET /api/product/getAllproduct [36m304 [0m15.116 ms - -[0m
[0mGET /api/product/getAllproduct [36m304 [0m15.459 ms - -[0m
[0mGET /api/product/getAllproduct [36m304 [0m18.132 ms - -[0m
[0mGET /api/product/getAllproduct [36m304 [0m16.335 ms - -[0m
[0mGET /api/product/getAllproduct [36m304 [0m18.547 ms - -[0m
[0mGET /api/product/getAllproduct [36m304 [0m19.078 ms - -[0m
[0mGET /api/product/getAllproduct [36m304 [0m14.277 ms - -[0m
[0mGET /api/product/getAllproduct [36m304 [0m17.020 ms - -[0m
[0mGET /produit/16952299068182.jpg [36m304 [0m7.024 ms - -[0m
[0mGET /produit/1695063570136big-4.jpg [36m304 [0m5.506 ms - -[0m
[0mGET /produit/1695057725821img-14.jpg [36m304 [0m17.193 ms - -[0m
[0mGET /produit/1695057678292img-8.jpg [36m304 [0m14.670 ms - -[0m
[0mGET /produit/1695057620846big-1.jpg [36m304 [0m12.510 ms - -[0m
[0mGET /produit/1695057529206img-15.jpg [36m304 [0m12.301 ms - -[0m
[0mGET /api/product/getAllproduct [36m304 [0m16.707 ms - -[0m
[0mGET /produit/16952299068182.jpg [36m304 [0m5.243 ms - -[0m
[0mGET /produit/1695063570136big-4.jpg [36m304 [0m3.690 ms - -[0m
[0mGET /produit/1695057725821img-14.jpg [36m304 [0m3.751 ms - -[0m
[0mGET /produit/1695057678292img-8.jpg [36m304 [0m14.062 ms - -[0m
[0mGET /produit/1695057620846big-1.jpg [36m304 [0m11.527 ms - -[0m
[0mGET /produit/1695057529206img-15.jpg [36m304 [0m12.726 ms - -[0m
[0mGET /api/product/list/ [33m404 [0m12.191 ms - 7833[0m
[0mGET /api/product/getAllproduct [36m304 [0m34.032 ms - -[0m
[0mGET /produit/16952299068182.jpg [36m304 [0m3.981 ms - -[0m
[0mGET /produit/1695063570136big-4.jpg [36m304 [0m4.614 ms - -[0m
[0mGET /produit/1695057725821img-14.jpg [36m304 [0m4.655 ms - -[0m
[0mGET /produit/1695057678292img-8.jpg [36m304 [0m3.696 ms - -[0m
[0mGET /produit/1695057620846big-1.jpg [36m304 [0m4.214 ms - -[0m
[0mGET /produit/1695057529206img-15.jpg [36m304 [0m4.268 ms - -[0m
[0mGET /api/product/list/ [33m404 [0m15.703 ms - 7833[0m
[0mGET /api/product/list/ [33m404 [0m15.874 ms - 7833[0m
[0mGET /api/product/getAllproduct [36m304 [0m14.961 ms - -[0m
[0mGET /api/product/list/ [33m404 [0m13.620 ms - 7833[0m
[0mGET /api/product/list/ [33m404 [0m15.957 ms - 7833[0m
[0mGET /api/product/list/ [33m404 [0m13.868 ms - 7833[0m
[0mGET /api/product/list/ [33m404 [0m13.127 ms - 7833[0m
[0mGET /api/product/getAllproduct [36m304 [0m18.840 ms - -[0m
[0mGET /produit/16952299068182.jpg [36m304 [0m22.295 ms - -[0m
[0mGET /produit/1695063570136big-4.jpg [36m304 [0m20.493 ms - -[0m
[0mGET /produit/1695057725821img-14.jpg [36m304 [0m19.575 ms - -[0m
[0mGET /produit/1695057678292img-8.jpg [36m304 [0m18.642 ms - -[0m
[0mGET /produit/1695057529206img-15.jpg [36m304 [0m16.208 ms - -[0m
[0mGET /produit/1695057620846big-1.jpg [36m304 [0m20.502 ms - -[0m
[0mGET /api/category/main/list [36m304 [0m83.943 ms - -[0m
[0mGET /api/product/getAllproduct [36m304 [0m81.456 ms - -[0m
[0mGET /produit/16952299068182.jpg [36m304 [0m8.334 ms - -[0m
[0mGET /produit/1695063570136big-4.jpg [36m304 [0m13.589 ms - -[0m
[0mGET /produit/1695057725821img-14.jpg [36m304 [0m14.606 ms - -[0m
[0mGET /produit/1695057678292img-8.jpg [36m304 [0m8.344 ms - -[0m
[0mGET /produit/1695057620846big-1.jpg [36m304 [0m3.767 ms - -[0m
[0mGET /produit/1695057529206img-15.jpg [36m304 [0m5.358 ms - -[0m
[0mGET /api/category/child-category/list [32m200 [0m736.028 ms - 364[0m
[0mGET /api/category/sub-category/list [32m200 [0m769.100 ms - 498[0m
[0mGET /api/product/getAllproduct [36m304 [0m176.718 ms - -[0m
[0mGET /produit/16952299068182.jpg [36m304 [0m47.271 ms - -[0m
[0mGET /produit/1695063570136big-4.jpg [36m304 [0m48.703 ms - -[0m
[0mGET /produit/1695057725821img-14.jpg [36m304 [0m61.787 ms - -[0m
[0mGET /produit/1695057678292img-8.jpg [36m304 [0m71.217 ms - -[0m
[0mGET /produit/1695057620846big-1.jpg [36m304 [0m55.483 ms - -[0m
[0mGET /produit/1695057529206img-15.jpg [36m304 [0m54.015 ms - -[0m
[0mGET /api/product/list/ [33m404 [0m566.730 ms - 7833[0m
[0mGET /api/product/getAllproduct [33m404 [0m153.392 ms - 7714[0m
[0mGET /api/product/getAllproduct [32m200 [0m223.309 ms - 2251[0m
[0mGET /produit/16952299068182.jpg [36m304 [0m199.672 ms - -[0m
[0mGET /produit/1695063570136big-4.jpg [36m304 [0m159.555 ms - -[0m
[0mGET /produit/1695057725821img-14.jpg [36m304 [0m169.066 ms - -[0m
[0mGET /produit/1695057529206img-15.jpg [36m304 [0m147.330 ms - -[0m
[0mGET /produit/1695057620846big-1.jpg [36m304 [0m147.358 ms - -[0m
[0mGET /produit/1695057678292img-8.jpg [36m304 [0m145.632 ms - -[0m
[0mGET /api/product/list/ [33m404 [0m51.060 ms - 7833[0m
[0mGET /api/product/list/ [33m404 [0m1165.491 ms - 7833[0m
[0mGET /api/product/list/ [33m404 [0m186.088 ms - 7833[0m
[0mGET /api/product/list/ [33m404 [0m186.521 ms - 7833[0m
[0mGET /api/product/list/ [33m404 [0m1715.931 ms - 7833[0m
[0mGET /api/product/list/ [33m404 [0m162.289 ms - 7833[0m
[0mGET /api/product/list/ [33m404 [0m22.313 ms - 7833[0m
[0mGET /api/product/getAllGroceryStaple [36m304 [0m159.275 ms - -[0m
[0mGET /api/product/getAllGroceryStaple [36m304 [0m28.717 ms - -[0m
[0mGET /api/product/getAllGroceryStaple [36m304 [0m67.244 ms - -[0m
[0mGET /api/product/getAllGroceryStaple [36m304 [0m106.000 ms - -[0m
[0mGET /api/product/getAllGroceryStaple [36m304 [0m20.483 ms - -[0m
[0mGET /api/product/getAllGroceryStaple [32m200 [0m3360.424 ms - 2251[0m
[0mGET /api/product/getAllGroceryStaple [36m304 [0m62.294 ms - -[0m
[0mGET /produit/16952299068182.jpg [32m200 [0m158.759 ms - 3224[0m
[0mGET /produit/1695057678292img-8.jpg [32m200 [0m164.681 ms - 7293[0m
[0mGET /produit/1695057725821img-14.jpg [32m200 [0m175.865 ms - 12153[0m
[0mGET /produit/1695057620846big-1.jpg [32m200 [0m236.001 ms - 50084[0m
[0mGET /produit/1695057529206img-15.jpg [32m200 [0m257.386 ms - 7100[0m
[0mGET /produit/1695063570136big-4.jpg [32m200 [0m269.052 ms - 71622[0m
[0mGET /api/product/getAllGroceryStaple [36m304 [0m45.887 ms - -[0m
[0mGET /produit/16952299068182.jpg [36m304 [0m53.271 ms - -[0m
[0mGET /produit/1695057529206img-15.jpg [36m304 [0m48.732 ms - -[0m
[0mGET /produit/1695057620846big-1.jpg [36m304 [0m47.550 ms - -[0m
[0mGET /produit/1695057725821img-14.jpg [36m304 [0m46.410 ms - -[0m
[0mGET /produit/1695057678292img-8.jpg [36m304 [0m43.562 ms - -[0m
[0mGET /produit/1695063570136big-4.jpg [36m304 [0m41.190 ms - -[0m
[0mGET /api/product/getAllGroceryStaple [36m304 [0m489.036 ms - -[0m
[0mGET /produit/16952299068182.jpg [36m304 [0m564.456 ms - -[0m
[0mGET /produit/1695057725821img-14.jpg [36m304 [0m652.819 ms - -[0m
[0mGET /produit/1695063570136big-4.jpg [36m304 [0m675.548 ms - -[0m
[0mGET /produit/1695057620846big-1.jpg [36m304 [0m653.310 ms - -[0m
[0mGET /produit/1695057529206img-15.jpg [36m304 [0m655.038 ms - -[0m
[0mGET /produit/1695057678292img-8.jpg [36m304 [0m676.294 ms - -[0m
[0mGET /api/product/getAllGroceryStaple [36m304 [0m23.137 ms - -[0m
[0mGET /produit/16952299068182.jpg [36m304 [0m8.547 ms - -[0m
[0mGET /produit/1695063570136big-4.jpg [36m304 [0m9.112 ms - -[0m
[0mGET /produit/1695057725821img-14.jpg [36m304 [0m2.717 ms - -[0m
[0mGET /produit/1695057678292img-8.jpg [36m304 [0m2.779 ms - -[0m
[0mGET /produit/1695057620846big-1.jpg [36m304 [0m8.771 ms - -[0m
[0mGET /produit/1695057529206img-15.jpg [36m304 [0m3.873 ms - -[0m
[0mGET /api/product/getWebProductById?id=26 [33m404 [0m1230.860 ms - 7833[0m
[0mGET /api/product/getWebProductById?id=26 [31m500 [0m261.183 ms - 3960[0m
[0mGET /api/product/getWebProductById?id=26 [32m200 [0m283.932 ms - 398[0m
[0mGET /api/product/getWebProductById?id=26 [36m304 [0m18.420 ms - -[0m
[0mGET /api/product/getWebProductById?id=26 [36m304 [0m16.310 ms - -[0m
[0mGET /api/product/getWebProductById?id=26 [36m304 [0m12.833 ms - -[0m
[0mGET /api/product/getWebProductById?id=26 [36m304 [0m17.271 ms - -[0m
[0mGET /api/product/getWebProductById?id=26 [36m304 [0m19.346 ms - -[0m
[0mGET /api/product/getWebProductById?id=26 [36m304 [0m18.178 ms - -[0m
[0mGET /api/product/getWebProductById?id=26 [36m304 [0m27.459 ms - -[0m
[0mGET /api/product/getWebProductById?id=26 [36m304 [0m31.037 ms - -[0m
[0mGET /api/product/getWebProductById?id=26 [36m304 [0m34.434 ms - -[0m
[0mGET /api/product/getWebProductById?id=26 [36m304 [0m16.415 ms - -[0m
[0mGET /api/product/getWebProductById?id=26 [36m304 [0m15.975 ms - -[0m
[0mGET /api/product/getWebProductById?id=26 [36m304 [0m21.308 ms - -[0m
[0mGET /api/product/getWebProductById?id=26 [36m304 [0m8.845 ms - -[0m
[0mGET /api/product/getWebProductById?id=26 [36m304 [0m22.850 ms - -[0m
[0mGET /api/product/getWebProductById?id=26 [36m304 [0m37.416 ms - -[0m
[0mGET /api/product/getWebProductById?id=26 [36m304 [0m13.636 ms - -[0m
[0mGET /api/product/getWebProductById?id=26 [36m304 [0m19.350 ms - -[0m
[0mGET /api/product/getWebProductById?id=26 [36m304 [0m42.170 ms - -[0m
[0mGET /api/product/getWebProductById?id=26 [36m304 [0m12.556 ms - -[0m
[0mGET /api/product/getWebProductById?id=26 [36m304 [0m14.886 ms - -[0m
[0mGET /api/product/getWebProductById?id=26 [36m304 [0m48.856 ms - -[0m
[0mGET /api/product/getWebProductById?id=26 [36m304 [0m13.296 ms - -[0m
[0mGET /api/product/getWebProductById?id=26 [36m304 [0m23.685 ms - -[0m
[0mGET /api/product/getWebProductById?id=26 [36m304 [0m24.530 ms - -[0m
[0mGET /api/product/getWebProductById?id=26 [36m304 [0m44.123 ms - -[0m
[0mGET /api/product/getWebProductById?id=26 [36m304 [0m30.258 ms - -[0m
[0mGET /api/product/getAllGroceryStaple [36m304 [0m91.793 ms - -[0m
[0mGET /produit/16952299068182.jpg [36m304 [0m62.274 ms - -[0m
[0mGET /produit/1695063570136big-4.jpg [36m304 [0m60.095 ms - -[0m
[0mGET /produit/1695057725821img-14.jpg [36m304 [0m62.921 ms - -[0m
[0mGET /produit/1695057678292img-8.jpg [36m304 [0m44.497 ms - -[0m
[0mGET /produit/1695057620846big-1.jpg [36m304 [0m34.048 ms - -[0m
[0mGET /produit/1695057529206img-15.jpg [36m304 [0m32.987 ms - -[0m
[0mGET /api/product/getWebProductById?id=26 [36m304 [0m16.830 ms - -[0m
[0mGET /api/product/getAllGroceryStaple [36m304 [0m23.201 ms - -[0m
[0mGET /api/product/getAllGroceryStaple [36m304 [0m18.775 ms - -[0m
[0mGET /api/product/getAllGroceryStaple [36m304 [0m14.424 ms - -[0m
[0mGET /produit/1695057620846big-1.jpg [36m304 [0m34.610 ms - -[0m
[0mGET /produit/16952299068182.jpg [36m304 [0m31.270 ms - -[0m
[0mGET /produit/1695057529206img-15.jpg [36m304 [0m29.280 ms - -[0m
[0mGET /produit/1695057725821img-14.jpg [36m304 [0m25.186 ms - -[0m
[0mGET /produit/1695063570136big-4.jpg [36m304 [0m20.898 ms - -[0m
[0mGET /produit/1695057678292img-8.jpg [36m304 [0m18.873 ms - -[0m
[0mGET /api/product/getAllGroceryStaple [36m304 [0m11.976 ms - -[0m
[0mGET /produit/1695057678292img-8.jpg [36m304 [0m11.298 ms - -[0m
[0mGET /produit/1695057620846big-1.jpg [36m304 [0m10.177 ms - -[0m
[0mGET /produit/1695057529206img-15.jpg [36m304 [0m16.385 ms - -[0m
[0mGET /produit/16952299068182.jpg [36m304 [0m13.262 ms - -[0m
[0mGET /produit/1695063570136big-4.jpg [36m304 [0m8.118 ms - -[0m
[0mGET /produit/1695057725821img-14.jpg [36m304 [0m7.728 ms - -[0m
[0mGET /api/product/getAllGroceryStaple [32m200 [0m23.834 ms - 2251[0m
[0mGET /produit/16952299068182.jpg [32m200 [0m107.178 ms - 3224[0m
[0mGET /produit/1695057678292img-8.jpg [32m200 [0m34.213 ms - 7293[0m
[0mGET /produit/1695063570136big-4.jpg [32m200 [0m43.683 ms - 71622[0m
[0mGET /produit/1695057725821img-14.jpg [32m200 [0m48.684 ms - 12153[0m
[0mGET /produit/1695057620846big-1.jpg [32m200 [0m46.326 ms - 50084[0m
[0mGET /produit/1695057529206img-15.jpg [32m200 [0m68.313 ms - 7100[0m
[0mGET /api/product/getAllGroceryStaple [36m304 [0m24.339 ms - -[0m
[0mGET /produit/1695057678292img-8.jpg [36m304 [0m9.534 ms - -[0m
[0mGET /produit/1695057725821img-14.jpg [36m304 [0m7.763 ms - -[0m
[0mGET /produit/16952299068182.jpg [36m304 [0m18.319 ms - -[0m
[0mGET /produit/1695063570136big-4.jpg [36m304 [0m14.508 ms - -[0m
[0mGET /produit/1695057620846big-1.jpg [36m304 [0m12.781 ms - -[0m
[0mGET /produit/1695057529206img-15.jpg [36m304 [0m11.084 ms - -[0m
[0mGET /api/product/getAllGroceryStaple [36m304 [0m18.668 ms - -[0m
[0mGET /produit/16952299068182.jpg [36m304 [0m4.370 ms - -[0m
[0mGET /produit/1695063570136big-4.jpg [36m304 [0m8.454 ms - -[0m
[0mGET /produit/1695057725821img-14.jpg [36m304 [0m10.505 ms - -[0m
[0mGET /produit/1695057678292img-8.jpg [36m304 [0m7.558 ms - -[0m
[0mGET /produit/1695057529206img-15.jpg [36m304 [0m5.342 ms - -[0m
[0mGET /produit/1695057620846big-1.jpg [36m304 [0m7.749 ms - -[0m
[0mGET /produit/1695057678292img-8.jpg [36m304 [0m16.173 ms - -[0m
[0mGET /produit/1695057725821img-14.jpg [36m304 [0m10.461 ms - -[0m
[0mGET /produit/1695057678292img-8.jpg [36m304 [0m4.852 ms - -[0m
[0mGET /produit/1695057725821img-14.jpg [36m304 [0m2.981 ms - -[0m
[0mGET /produit/1695057678292img-8.jpg [36m304 [0m9.085 ms - -[0m
[0mGET /produit/1695057725821img-14.jpg [36m304 [0m9.998 ms - -[0m
[0mOPTIONS /api/customer/login [32m204 [0m8.050 ms - 0[0m
[0mPOST /api/customer/login [32m200 [0m573.721 ms - 195[0m
[0mGET /produit/1695057678292img-8.jpg [36m304 [0m41.447 ms - -[0m
[0mGET /produit/1695057725821img-14.jpg [36m304 [0m33.392 ms - -[0m
[0mOPTIONS /api/customer/register [32m204 [0m9.927 ms - 0[0m
[0mPOST /api/customer/register [32m200 [0m819.669 ms - 94[0m
[0mGET /produit/1695057678292img-8.jpg [36m304 [0m20.537 ms - -[0m
[0mGET /produit/1695057725821img-14.jpg [36m304 [0m8.605 ms - -[0m
[0mOPTIONS /api/customer/login [32m204 [0m2.643 ms - 0[0m
[0mPOST /api/customer/login [31m500 [0m25.091 ms - 34[0m
[0mPOST /api/customer/login [31m500 [0m12.613 ms - 34[0m
[0mPOST /api/customer/login [32m200 [0m233.993 ms - 195[0m
[0mPOST /api/customer/login [32m200 [0m17.366 ms - 195[0m
[0mPOST /api/customer/login [33m401 [0m196.213 ms - 40[0m
[0mPOST /api/customer/login [33m401 [0m22.781 ms - 40[0m
[0mPOST /api/customer/login [32m200 [0m12.759 ms - 195[0m
[0mPOST /api/customer/login [33m401 [0m297.518 ms - 40[0m
[0mOPTIONS /api/customer/login [32m204 [0m144.598 ms - 0[0m
[0mPOST /api/customer/login [32m200 [0m115.068 ms - 195[0m
[0mGET /produit/1695057678292img-8.jpg [36m304 [0m20.445 ms - -[0m
[0mGET /produit/1695057725821img-14.jpg [36m304 [0m18.386 ms - -[0m
[0mOPTIONS /api/customer/login [32m204 [0m5.325 ms - 0[0m
[0mPOST /api/customer/login [32m200 [0m25.688 ms - 195[0m
[0mOPTIONS /api/customer/login [32m204 [0m3.489 ms - 0[0m
[0mPOST /api/customer/login [32m200 [0m19.776 ms - 195[0m
[0mOPTIONS /api/customer/login [32m204 [0m3.424 ms - 0[0m
[0mPOST /api/customer/login [33m401 [0m294.580 ms - 40[0m
[0mOPTIONS /api/customer/login [32m204 [0m3.118 ms - 0[0m
[0mPOST /api/customer/login [32m200 [0m13.092 ms - 195[0m
[0mOPTIONS /api/customer/login [32m204 [0m4.762 ms - 0[0m
[0mPOST /api/customer/login [32m200 [0m59.194 ms - 195[0m
[0mOPTIONS /api/customer/login [32m204 [0m2.507 ms - 0[0m
[0mPOST /api/customer/login [32m200 [0m15.468 ms - 195[0m
[0mGET /produit/1695057678292img-8.jpg [36m304 [0m8.648 ms - -[0m
[0mGET /produit/1695057725821img-14.jpg [36m304 [0m8.974 ms - -[0m
[0mOPTIONS /api/customer/login [32m204 [0m3.557 ms - 0[0m
[0mPOST /api/customer/login [32m200 [0m24.103 ms - 195[0m
[0mPOST /api/customer/login [32m200 [0m10.329 ms - 195[0m
[0mPOST /api/customer/login [33m401 [0m80.052 ms - 40[0m
[0mOPTIONS /api/customer/login [32m204 [0m3.330 ms - 0[0m
[0mPOST /api/customer/login [32m200 [0m15.337 ms - 195[0m
[0mOPTIONS /api/customer/login [32m204 [0m3.501 ms - 0[0m
[0mPOST /api/customer/login [32m200 [0m14.583 ms - 195[0m
[0mOPTIONS /api/customer/login [32m204 [0m3.891 ms - 0[0m
[0mPOST /api/customer/login [32m200 [0m43.451 ms - 195[0m
[0mOPTIONS /api/customer/login [32m204 [0m2.288 ms - 0[0m
[0mPOST /api/customer/login [33m401 [0m16.225 ms - 40[0m
[0mOPTIONS /api/customer/login [32m204 [0m2.699 ms - 0[0m
[0mPOST /api/customer/login [32m200 [0m12.925 ms - 195[0m
[0mGET /produit/1695057678292img-8.jpg [36m304 [0m5.411 ms - -[0m
[0mGET /produit/1695057725821img-14.jpg [36m304 [0m34.216 ms - -[0m
[0mOPTIONS /api/customer/login [32m204 [0m1.940 ms - 0[0m
[0mPOST /api/customer/login [32m200 [0m39.207 ms - 195[0m
[0mGET / [33m404 [0m3018.001 ms - 7714[0m
[0mGET /produit/1695057678292img-8.jpg [36m304 [0m3752.879 ms - -[0m
[0mGET /produit/1695057725821img-14.jpg [36m304 [0m2879.063 ms - -[0m
[0mGET /api/customer/getUserByEmailId?email=eric@gmail.com [31m500 [0m3613.479 ms - 2154[0m
[0mGET /api/customer/getUserByEmailId?email=eric@gmail.com [31m500 [0m65.478 ms - 2154[0m
[0mGET /produit/1695057678292img-8.jpg [36m304 [0m48.894 ms - -[0m
[0mGET /produit/1695057725821img-14.jpg [36m304 [0m11.840 ms - -[0m
[0mGET /api/customer/getUserByEmailId?email=eric@gmail.com [31m500 [0m89.433 ms - 2154[0m
[0mGET /api/customer/getUserByEmailId?email=eric@gmail.com [31m500 [0m184.732 ms - 2154[0m
[0mGET /produit/1695057678292img-8.jpg [36m304 [0m9.267 ms - -[0m
[0mGET /produit/1695057725821img-14.jpg [36m304 [0m11.208 ms - -[0m
[0mGET /api/customer/getUserByEmailId?email=eric@gmail.com [31m500 [0m101.794 ms - 2154[0m
[0mGET /api/customer/getUserByEmailId?email=eric@gmail.com [31m500 [0m101.553 ms - 2154[0m
[0mGET /produit/1695057678292img-8.jpg [36m304 [0m7.398 ms - -[0m
[0mGET /produit/1695057725821img-14.jpg [36m304 [0m6.342 ms - -[0m
[0mGET /api/customer/getUserByEmailId?email=eric@gmail.com [31m500 [0m143.962 ms - 2154[0m
[0mGET /api/customer/getUserByEmailId?email=eric@gmail.com [31m500 [0m219.929 ms - 2154[0m
[0mGET /produit/1695057678292img-8.jpg [36m304 [0m7.768 ms - -[0m
[0mGET /produit/1695057725821img-14.jpg [36m304 [0m6.631 ms - -[0m
[0mGET /api/product/getAllGroceryStaple [36m304 [0m757.362 ms - -[0m
[0mGET /produit/16952299068182.jpg [36m304 [0m67.895 ms - -[0m
[0mGET /produit/1695057529206img-15.jpg [36m304 [0m14.037 ms - -[0m
[0mGET /produit/1695063570136big-4.jpg [36m304 [0m13.973 ms - -[0m
[0mGET /produit/1695057620846big-1.jpg [36m304 [0m10.870 ms - -[0m
[0mOPTIONS /api/customer/login [32m204 [0m3.105 ms - 0[0m
[0mPOST /api/customer/login [32m200 [0m101.054 ms - 195[0m
[0mGET /produit/1695057678292img-8.jpg [36m304 [0m13.589 ms - -[0m
[0mGET /produit/1695057725821img-14.jpg [36m304 [0m11.552 ms - -[0m
[0mGET /api/product/getAllGroceryStaple [36m304 [0m19.288 ms - -[0m
[0mGET /api/customer/getUserByEmailId?email=alice@gmail.com [31m500 [0m103.641 ms - 2154[0m
[0mGET /produit/16952299068182.jpg [36m304 [0m4.151 ms - -[0m
[0mGET /produit/1695063570136big-4.jpg [36m304 [0m4.118 ms - -[0m
[0mGET /produit/1695057620846big-1.jpg [36m304 [0m7.491 ms - -[0m
[0mGET /produit/1695057529206img-15.jpg [36m304 [0m7.169 ms - -[0m
[0mGET /produit/1695057678292img-8.jpg [36m304 [0m6.541 ms - -[0m
[0mGET /produit/1695057725821img-14.jpg [36m304 [0m5.954 ms - -[0m
[0mGET /api/product/getAllGroceryStaple [36m304 [0m38.286 ms - -[0m
[0mGET /produit/16952299068182.jpg [36m304 [0m4.956 ms - -[0m
[0mGET /produit/1695063570136big-4.jpg [36m304 [0m3.181 ms - -[0m
[0mGET /produit/1695057620846big-1.jpg [36m304 [0m7.628 ms - -[0m
[0mGET /produit/1695057529206img-15.jpg [36m304 [0m8.183 ms - -[0m
[0mOPTIONS /api/customer/login [32m204 [0m75.863 ms - 0[0m
[0mPOST /api/customer/login [32m200 [0m11.333 ms - 195[0m
[0mGET /produit/1695057678292img-8.jpg [36m304 [0m4.061 ms - -[0m
[0mGET /produit/1695057725821img-14.jpg [36m304 [0m6.555 ms - -[0m
[0mGET /api/product/getAllGroceryStaple [36m304 [0m242.591 ms - -[0m
[0mGET /api/customer/getUserByEmailId?email=abangoichmel@gmail.com [31m500 [0m354.754 ms - 2154[0m
[0mGET /produit/16952299068182.jpg [36m304 [0m56.840 ms - -[0m
[0mGET /produit/1695063570136big-4.jpg [36m304 [0m21.939 ms - -[0m
[0mGET /produit/1695057620846big-1.jpg [36m304 [0m13.358 ms - -[0m
[0mGET /produit/1695057529206img-15.jpg [36m304 [0m12.129 ms - -[0m
[0mGET /produit/1695057678292img-8.jpg [36m304 [0m12.264 ms - -[0m
[0mGET /produit/1695057725821img-14.jpg [36m304 [0m12.364 ms - -[0m
[0mGET /api/product/getAllGroceryStaple [36m304 [0m135.933 ms - -[0m
[0mGET /produit/16952299068182.jpg [36m304 [0m19.789 ms - -[0m
[0mGET /produit/1695063570136big-4.jpg [36m304 [0m46.216 ms - -[0m
[0mGET /produit/1695057620846big-1.jpg [36m304 [0m9.187 ms - -[0m
[0mGET /produit/1695057529206img-15.jpg [36m304 [0m8.776 ms - -[0m
[0mOPTIONS /api/customer/login [32m204 [0m2.644 ms - 0[0m
[0mPOST /api/customer/login [32m200 [0m13.538 ms - 195[0m
[0mGET /produit/1695057678292img-8.jpg [36m304 [0m10.489 ms - -[0m
[0mGET /produit/1695057725821img-14.jpg [36m304 [0m7.044 ms - -[0m
[0mGET /api/product/getAllGroceryStaple [36m304 [0m149.862 ms - -[0m
[0mGET /produit/16952299068182.jpg [36m304 [0m982.078 ms - -[0m
[0mGET /produit/1695063570136big-4.jpg [36m304 [0m382.184 ms - -[0m
[0mGET /produit/1695057620846big-1.jpg [36m304 [0m378.339 ms - -[0m
[0mGET /api/customer/getUserByEmailId?email=abangoichmel@gmail.com [31m500 [0m1396.565 ms - 2154[0m
[0mGET /produit/1695057529206img-15.jpg [36m304 [0m337.062 ms - -[0m
[0mGET /produit/1695057678292img-8.jpg [36m304 [0m7.307 ms - -[0m
[0mGET /produit/1695057725821img-14.jpg [36m304 [0m5.078 ms - -[0m
[0mGET /api/product/getAllGroceryStaple [36m304 [0m24.654 ms - -[0m
[0mGET /produit/16952299068182.jpg [36m304 [0m10.149 ms - -[0m
[0mGET /produit/1695063570136big-4.jpg [36m304 [0m8.616 ms - -[0m
[0mGET /produit/1695057620846big-1.jpg [36m304 [0m7.339 ms - -[0m
[0mGET /produit/1695057529206img-15.jpg [36m304 [0m4.257 ms - -[0m
[0mOPTIONS /api/customer/login [32m204 [0m3.075 ms - 0[0m
[0mPOST /api/customer/login [33m401 [0m16.800 ms - 40[0m
[0mOPTIONS /api/customer/login [32m204 [0m67.182 ms - 0[0m
[0mPOST /api/customer/login [33m401 [0m16.532 ms - 40[0m
[0mOPTIONS /api/customer/login [32m204 [0m1.805 ms - 0[0m
[0mPOST /api/customer/login [32m200 [0m17.356 ms - 195[0m
[0mGET /produit/1695057678292img-8.jpg [36m304 [0m7.973 ms - -[0m
[0mGET /produit/1695057725821img-14.jpg [36m304 [0m4.530 ms - -[0m
[0mGET /api/product/getAllGroceryStaple [36m304 [0m18.723 ms - -[0m
[0mGET /produit/16952299068182.jpg [36m304 [0m24.954 ms - -[0m
[0mGET /produit/1695063570136big-4.jpg [36m304 [0m23.978 ms - -[0m
[0mGET /produit/1695057620846big-1.jpg [36m304 [0m17.631 ms - -[0m
[0mGET /produit/1695057529206img-15.jpg [36m304 [0m16.764 ms - -[0m
[0mGET /api/customer/getUserByEmailId?email=abangoichmel@gmail.com [31m500 [0m2146.628 ms - 2154[0m
[0mGET /produit/1695057678292img-8.jpg [36m304 [0m141.322 ms - -[0m
[0mGET /produit/1695057725821img-14.jpg [36m304 [0m132.609 ms - -[0m
[0mGET /api/product/getAllGroceryStaple [36m304 [0m435.207 ms - -[0m
[0mGET /produit/16952299068182.jpg [36m304 [0m18.938 ms - -[0m
[0mGET /produit/1695063570136big-4.jpg [36m304 [0m15.768 ms - -[0m
[0mGET /produit/1695057620846big-1.jpg [36m304 [0m14.529 ms - -[0m
[0mGET /produit/1695057529206img-15.jpg [36m304 [0m15.421 ms - -[0m
[0mGET /produit/1695057678292img-8.jpg [36m304 [0m11.607 ms - -[0m
[0mGET /produit/1695057725821img-14.jpg [36m304 [0m11.772 ms - -[0m
[0mOPTIONS /api/customer/login [32m204 [0m3.220 ms - 0[0m
[0mPOST /api/customer/login [33m401 [0m369.909 ms - 40[0m
[0mOPTIONS /api/customer/login [32m204 [0m1.864 ms - 0[0m
[0mPOST /api/customer/login [32m200 [0m278.911 ms - 195[0m
[0mGET /produit/1695057678292img-8.jpg [36m304 [0m7.767 ms - -[0m
[0mGET /produit/1695057725821img-14.jpg [36m304 [0m3.104 ms - -[0m
[0mGET / [33m404 [0m94.443 ms - 7714[0m
[0mGET /api/customer/getUserByEmailId?email=alice@gmail.com [31m500 [0m226.313 ms - 2154[0m
[0mGET /api/customer/getUserByEmailId?email=alice@gmail.com [31m500 [0m114.171 ms - 2154[0m
[0mGET /produit/1695057678292img-8.jpg [36m304 [0m15.725 ms - -[0m
[0mGET /produit/1695057725821img-14.jpg [36m304 [0m6.830 ms - -[0m
[0mGET /api/product/getAllGroceryStaple [36m304 [0m23.730 ms - -[0m
[0mGET /produit/16952299068182.jpg [36m304 [0m10.444 ms - -[0m
[0mGET /produit/1695063570136big-4.jpg [36m304 [0m7.828 ms - -[0m
[0mGET /produit/1695057620846big-1.jpg [36m304 [0m5.459 ms - -[0m
[0mGET /produit/1695057529206img-15.jpg [36m304 [0m6.361 ms - -[0m
[0mGET /produit/1695057678292img-8.jpg [36m304 [0m7.964 ms - -[0m
[0mGET /produit/1695057725821img-14.jpg [36m304 [0m50.725 ms - -[0m
[0mOPTIONS /api/customer/login [32m204 [0m4.454 ms - 0[0m
[0mPOST /api/customer/login [31m500 [0m13.387 ms - 34[0m
[0mOPTIONS /api/customer/login [32m204 [0m2.426 ms - 0[0m
[0mPOST /api/customer/login [32m200 [0m277.793 ms - 195[0m
[0mGET /produit/1695057678292img-8.jpg [36m304 [0m6.548 ms - -[0m
[0mGET /produit/1695057725821img-14.jpg [36m304 [0m4.553 ms - -[0m
[0mGET / [33m404 [0m15.659 ms - 7714[0m
[0mGET /api/customer/getUserByEmailId?email=alice@gmail.com [31m500 [0m98.609 ms - 2154[0m
[0mGET /api/customer/getUserByEmailId?email=alice@gmail.com [31m500 [0m74.713 ms - 2154[0m
[0mGET /api/product/getAllGroceryStaple [31m500 [0m452.979 ms - 2389[0m
[0mGET /produit/1695057678292img-8.jpg [32m200 [0m478.823 ms - 7293[0m
[0mGET /produit/1695057725821img-14.jpg [32m200 [0m61.618 ms - 12153[0m
[0mGET /api/product/getAllGroceryStaple [32m200 [0m8213.945 ms - 2251[0m
[0mGET /produit/1695057678292img-8.jpg [32m200 [0m3722.699 ms - 7293[0m
[0mGET /produit/1695057725821img-14.jpg [32m200 [0m3660.035 ms - 12153[0m
[0mGET /produit/16952299068182.jpg [32m200 [0m65.938 ms - 3224[0m
[0mGET /produit/1695063570136big-4.jpg [32m200 [0m70.219 ms - 71622[0m
[0mGET /produit/1695057620846big-1.jpg [32m200 [0m117.303 ms - 50084[0m
[0mGET /produit/1695057529206img-15.jpg [32m200 [0m234.456 ms - 7100[0m
[0mGET /api/product/getAllGroceryStaple [36m304 [0m5857.472 ms - -[0m
[0mGET /produit/1695057678292img-8.jpg [36m304 [0m2064.710 ms - -[0m
[0mGET /produit/1695057725821img-14.jpg [36m304 [0m672.050 ms - -[0m
[0mGET /produit/16952299068182.jpg [36m304 [0m116.799 ms - -[0m
[0mGET /produit/1695063570136big-4.jpg [36m304 [0m119.730 ms - -[0m
[0mGET /produit/1695057620846big-1.jpg [36m304 [0m213.169 ms - -[0m
[0mGET /produit/1695057529206img-15.jpg [36m304 [0m640.245 ms - -[0m
[0mGET /undefined [33m404 [0m6572.879 ms - 7714[0m
[0mOPTIONS /api/customer/login [32m204 [0m86.868 ms - 0[0m
[0mPOST /api/customer/login [32m200 [0m4334.367 ms - 195[0m
[0mPOST /api/customer/login [32m200 [0m384.770 ms - 195[0m
[0mGET /produit/1695057678292img-8.jpg [36m304 [0m99.705 ms - -[0m
[0mGET /produit/1695057725821img-14.jpg [36m304 [0m11.827 ms - -[0m
[0mGET /api/customer/getUserByEmailId?email=alice@gmail.com [31m500 [0m2211.868 ms - 2154[0m
[0mGET /api/product/getAllGroceryStaple [36m304 [0m1608.221 ms - -[0m
[0mGET /produit/16952299068182.jpg [36m304 [0m12.111 ms - -[0m
[0mGET /produit/1695057620846big-1.jpg [36m304 [0m10.550 ms - -[0m
[0mGET /produit/1695063570136big-4.jpg [36m304 [0m43.578 ms - -[0m
[0mGET /produit/1695057529206img-15.jpg [36m304 [0m173.109 ms - -[0m
[0mGET /produit/1695057678292img-8.jpg [36m304 [0m993.811 ms - -[0m
[0mGET /api/product/getAllGroceryStaple [36m304 [0m3250.464 ms - -[0m
[0mGET /api/customer/getUserByEmailId?email=alice@gmail.com [31m500 [0m3469.499 ms - 2154[0m
[0mGET /produit/1695057725821img-14.jpg [36m304 [0m93.842 ms - -[0m
[0mGET /produit/16952299068182.jpg [36m304 [0m2.806 ms - -[0m
[0mGET /produit/1695063570136big-4.jpg [36m304 [0m77.197 ms - -[0m
[0mGET /produit/1695057620846big-1.jpg [36m304 [0m29.802 ms - -[0m
[0mGET /produit/1695057529206img-15.jpg [36m304 [0m29.513 ms - -[0m
[0mGET /undefined [33m404 [0m1006.250 ms - 7714[0m
[0mGET /undefined [33m404 [0m745.713 ms - 7714[0m
[0mGET /api/product/getAllGroceryStaple [36m304 [0m9455.875 ms - -[0m
[0mGET /produit/16952299068182.jpg [36m304 [0m1033.490 ms - -[0m
[0mGET /produit/1695057529206img-15.jpg [36m304 [0m424.443 ms - -[0m
[0mGET /api/product/getAllGroceryStaple [36m304 [0m8709.372 ms - -[0m
[0mGET /produit/1695057678292img-8.jpg [36m304 [0m4246.007 ms - -[0m
[0mGET /produit/1695057620846big-1.jpg [36m304 [0m3878.450 ms - -[0m
[0mGET /api/customer/getUserByEmailId?email=alice@gmail.com [31m500 [0m15303.795 ms - 2154[0m
[0mGET /produit/1695057725821img-14.jpg [36m304 [0m3486.430 ms - -[0m
[0mGET /produit/16952299068182.jpg [36m304 [0m3304.904 ms - -[0m
[0mGET /produit/1695063570136big-4.jpg [36m304 [0m3463.575 ms - -[0m
[0mGET /produit/1695057529206img-15.jpg [36m304 [0m3364.587 ms - -[0m
[0mGET /undefinedhousehold-items [33m404 [0m1013.658 ms - 7714[0m
[0mGET /api/product/list/household-items [33m404 [0m278.338 ms - 7833[0m
[0mGET /api/product/getAllproduct [32m200 [0m1848.024 ms - 2251[0m
[0mGET /api/product/getAllproduct [36m304 [0m112.110 ms - -[0m
[0mGET /api/product/getAllproduct [36m304 [0m396.609 ms - -[0m
[0mGET /api/product/getAllproduct [36m304 [0m16.933 ms - -[0m
[0mGET / [33m404 [0m4818.608 ms - 7714[0m
[0mGET /api/product/getAllproduct [36m304 [0m185.942 ms - -[0m
[0mGET /api/product/getAllPhoto [33m404 [0m136.069 ms - 7833[0m
[0mGET /api/product/getAllproduct [36m304 [0m500.861 ms - -[0m
[0mGET /api/product/getAllPhoto [33m404 [0m86.886 ms - 7833[0m
[0mGET /api/product/getAllproduct [36m304 [0m129.637 ms - -[0m
[0mGET /api/product/getAllPhoto [33m404 [0m20.948 ms - 7833[0m
[0mGET /api/product/getAllproduct [36m304 [0m142.164 ms - -[0m
[0mGET /api/product/getAllPhoto [33m404 [0m309.817 ms - 7833[0m
[0mGET /api/product/getAllproduct [36m304 [0m61.187 ms - -[0m
[0mGET /api/product/getAllPhoto [33m404 [0m65.015 ms - 7833[0m
[0mGET /api/product/getAllproduct [36m304 [0m151.237 ms - -[0m
[0mGET /api/product/getAllPhoto [33m404 [0m90.683 ms - 7833[0m
[0mGET /api/category/main/list [32m200 [0m508.609 ms - 663[0m
[0mGET /api/product/getAllproduct [36m304 [0m869.328 ms - -[0m
[0mGET /api/category/child-category/list [32m200 [0m1233.028 ms - 364[0m
[0mGET /api/category/sub-category/list [32m200 [0m1320.909 ms - 498[0m
[0mGET /produit/1695057725821img-14.jpg [36m304 [0m80.866 ms - -[0m
[0mGET /produit/1695063570136big-4.jpg [36m304 [0m69.833 ms - -[0m
[0mGET /produit/1695057678292img-8.jpg [36m304 [0m80.668 ms - -[0m
[0mGET /produit/16952299068182.jpg [36m304 [0m171.629 ms - -[0m
[0mGET /produit/1695057529206img-15.jpg [36m304 [0m64.227 ms - -[0m
[0mGET /produit/1695057620846big-1.jpg [36m304 [0m79.849 ms - -[0m
[0mPOST /api/product/create [33m409 [0m695.362 ms - 3959[0m
[0mPOST /api/product/create [33m409 [0m97.684 ms - 3959[0m
[0mPOST /api/product/create [33m409 [0m112.291 ms - 3959[0m
[0mGET /api/category/main/list [36m304 [0m50.277 ms - -[0m
[0mGET /api/category/sub-category/list [36m304 [0m74.607 ms - -[0m
[0mGET /api/category/child-category/list [36m304 [0m61.271 ms - -[0m
[0mGET /api/product/getAllproduct [36m304 [0m68.026 ms - -[0m
[0mGET /produit/16952299068182.jpg [36m304 [0m31.867 ms - -[0m
[0mGET /produit/1695063570136big-4.jpg [36m304 [0m22.569 ms - -[0m
[0mGET /produit/1695057725821img-14.jpg [36m304 [0m22.879 ms - -[0m
[0mGET /produit/1695057678292img-8.jpg [36m304 [0m22.988 ms - -[0m
[0mGET /produit/1695057620846big-1.jpg [36m304 [0m27.523 ms - -[0m
[0mGET /produit/1695057529206img-15.jpg [36m304 [0m31.943 ms - -[0m
[0mPOST /api/product/create [32m200 [0m576.433 ms - 54[0m
[0mGET /api/product/getAllproduct [32m200 [0m106.256 ms - 2602[0m
[0mGET /produit/1695502817176img-9.jpg [32m200 [0m90.474 ms - 13019[0m
[0mGET /api/product/getAllproduct [36m304 [0m438.013 ms - -[0m
[0mGET /api/product/getAllPhoto [31m500 [0m118.704 ms - 3959[0m
[0mGET /api/product/getAllproduct [36m304 [0m66.747 ms - -[0m
[0mGET /produit/1695502817176img-9.jpg [36m304 [0m52.734 ms - -[0m
[0mGET /produit/16952299068182.jpg [36m304 [0m45.743 ms - -[0m
[0mGET /produit/1695063570136big-4.jpg [36m304 [0m57.159 ms - -[0m
[0mGET /produit/1695057725821img-14.jpg [36m304 [0m55.994 ms - -[0m
[0mGET /produit/1695057678292img-8.jpg [36m304 [0m54.383 ms - -[0m
[0mGET /produit/1695057620846big-1.jpg [36m304 [0m58.506 ms - -[0m
[0mGET /produit/1695057529206img-15.jpg [36m304 [0m29.325 ms - -[0m
[0mGET /api/product/getAllproduct [32m200 [0m35.851 ms - 2602[0m
[0mGET /api/product/getAllproduct [36m304 [0m18.746 ms - -[0m
[0mGET /api/product/getAllPhoto [31m500 [0m50.058 ms - 3959[0m
[0mPOST /api/product/upload-img [31m500 [0m232.674 ms - 33[0m
[0mGET /api/product/getAllproduct [36m304 [0m20.919 ms - -[0m
[0mGET /api/product/getAllPhoto [31m500 [0m14.497 ms - 3959[0m
[0mGET /api/product/getAllproduct [36m304 [0m22.409 ms - -[0m
[0mGET /api/product/getAllPhoto [31m500 [0m12.707 ms - 3959[0m
[0mGET /api/product/getAllproduct [36m304 [0m43.736 ms - -[0m
[0mGET /api/product/getAllPhoto [31m500 [0m80.064 ms - 3959[0m
[0mGET /api/product/getAllproduct [36m304 [0m39.256 ms - -[0m
[0mGET /api/product/getAllPhoto [31m500 [0m15.833 ms - 3959[0m
[0mGET /api/product/getAllproduct [36m304 [0m239.341 ms - -[0m
[0mGET /api/product/getAllPhoto [31m500 [0m69.574 ms - 3959[0m
[0mGET /api/product/getAllproduct [36m304 [0m100.290 ms - -[0m
[0mGET /api/product/getAllPhoto [31m500 [0m97.311 ms - 3959[0m
[0mGET /api/product/getAllproduct [36m304 [0m85.051 ms - -[0m
[0mGET /api/product/getAllPhoto [31m500 [0m28.610 ms - 3959[0m
[0mGET /api/product/getAllproduct [36m304 [0m51.513 ms - -[0m
[0mGET /api/product/getAllPhoto [31m500 [0m29.218 ms - 3959[0m
[0mGET /api/product/getAllproduct [36m304 [0m21.605 ms - -[0m
[0mGET /api/product/getAllPhoto [31m500 [0m130.003 ms - 3959[0m
[0mGET /api/product/getAllproduct [36m304 [0m79.666 ms - -[0m
[0mPOST /api/product/upload-img [31m500 [0m194.068 ms - 33[0m
[0mGET /api/product/upload-img [33m404 [0m561.498 ms - 7833[0m
[0mGET /api/product/upload-img [33m404 [0m75.890 ms - 7833[0m
[0mGET /api/product/upload-img [33m404 [0m37.753 ms - 7833[0m
[0mGET /api/product/upload-img [33m404 [0m40.703 ms - 7833[0m
[0mGET /api/product/upload-img [33m404 [0m53.916 ms - 7833[0m
[0mGET /api/product/upload-img [33m404 [0m61.150 ms - 7833[0m
[0mGET /api/product/upload-img [33m404 [0m77.146 ms - 7833[0m
[0mGET /api/product/upload-img [33m404 [0m23.696 ms - 7833[0m
[0mGET /api/product/upload-img [33m404 [0m57.503 ms - 7833[0m
[0mGET /api/product/upload-img [33m404 [0m81.917 ms - 7833[0m
[0mGET /api/product/upload-img [33m404 [0m49.281 ms - 7833[0m
[0mPOST /api/product/create [32m200 [0m477.997 ms - 54[0m
[0mPOST /api/product/create [31m500 [0m19.403 ms - 3684[0m
[0mPOST /api/product/upload-img [31m500 [0m19.239 ms - 3684[0m
[0mPOST /api/product/upload-img [31m500 [0m14.882 ms - 3684[0m
[0mPOST /api/product/upload-img [31m500 [0m20.343 ms - 3684[0m
[0mPOST /api/product/upload-img [31m500 [0m80.027 ms - 3684[0m
[0mPOST /api/product/upload-img [31m500 [0m274.733 ms - 3960[0m
[0mPOST /api/product/upload-img [31m500 [0m329.922 ms - 3960[0m
[0mPOST /api/product/upload-img [31m500 [0m232.992 ms - 3960[0m
[0mPOST /api/product/upload-img [31m500 [0m31.122 ms - 3960[0m
[0mPOST /api/product/upload-img [31m500 [0m207.956 ms - 3960[0m
[0mPOST /api/product/upload-img [31m500 [0m266.463 ms - 3960[0m
[0mPOST /api/product/upload-img [31m500 [0m217.139 ms - 3960[0m
