[0mGET /api/order/addresList [33m404 [0m29.754 ms - 28[0m
[0mGET /api/order/addressList [32m200 [0m56.957 ms - 998[0m
[0mGET /api/order/addressList [36m304 [0m65.057 ms - -[0m
[0mGET /api/order/addressList [36m304 [0m43.600 ms - -[0m
[0mGET /api/order/addressList [36m304 [0m45.902 ms - -[0m
[0mGET /api/order/addressList [36m304 [0m59.539 ms - -[0m
[0mGET /api/order/addressList [36m304 [0m51.110 ms - -[0m
[0mGET /api/order/addressList [36m304 [0m33.104 ms - -[0m
[0mGET /api/order/addressList [36m304 [0m97.100 ms - -[0m
[0mGET /api/category/main/list [32m200 [0m375.208 ms - 696[0m
[0mGET /api/category/child-category/list [32m200 [0m540.489 ms - 2559[0m
[0mGET /api/category/sub-category/list [32m200 [0m578.630 ms - 1107[0m
[0mGET /api/product/getAllproduct [36m304 [0m707.822 ms - -[0m
[0mGET /api/category/sub-list?categoryId=1 [32m200 [0m34.129 ms - 568[0m
[0mGET /api/category/child-list?subCatId=1 [32m200 [0m35.749 ms - 406[0m
[0mPOST /api/productgros/create [32m200 [0m722.851 ms - 54[0m
[0mGET /api/productgros/getAllproduct [32m200 [0m94.947 ms - 480[0m
[0mGET /produit/1698621513509ARR11.jpg [32m200 [0m28.732 ms - 2022[0m
[0mGET /api/category/main/list [36m304 [0m132.100 ms - -[0m
[0mGET /api/category/sub-category/list [36m304 [0m276.258 ms - -[0m
[0mGET /api/product/getAllproduct [36m304 [0m383.700 ms - -[0m
[0mGET /api/category/child-category/list [36m304 [0m605.595 ms - -[0m
[0mGET /api/category/sub-list?categoryId=1 [36m304 [0m34.390 ms - -[0m
[0mGET /api/category/child-list?subCatId=1 [36m304 [0m28.610 ms - -[0m
[0mPOST /api/productgros/create [32m200 [0m302.165 ms - 54[0m
[0mGET /api/productgros/getAllproduct [32m200 [0m50.908 ms - 912[0m
[0mGET /produit/1698621829120arr1.jpg [32m200 [0m28.669 ms - 2193[0m
[0mGET /produit/1698621513509ARR11.jpg [36m304 [0m20.681 ms - -[0m
[0mGET /api/category/main/list [36m304 [0m126.051 ms - -[0m
[0mGET /api/category/sub-category/list [36m304 [0m212.270 ms - -[0m
[0mGET /api/category/child-category/list [36m304 [0m479.188 ms - -[0m
[0mGET /api/product/getAllproduct [36m304 [0m584.200 ms - -[0m
[0mGET /api/category/sub-list?categoryId=1 [36m304 [0m26.950 ms - -[0m
[0mGET /api/category/child-list?subCatId=2 [32m200 [0m27.512 ms - 408[0m
[0mGET /api/category/sub-list?categoryId=2 [32m200 [0m38.930 ms - 383[0m
[0mGET /api/category/child-list?subCatId=3 [32m200 [0m45.387 ms - 216[0m
[0mGET /api/category/main/list [36m304 [0m52.557 ms - -[0m
[0mGET /api/category/child-category/list [36m304 [0m317.469 ms - -[0m
[0mGET /api/category/sub-category/list [36m304 [0m297.789 ms - -[0m
[0mGET /api/category/sub-list?categoryId=2 [36m304 [0m24.111 ms - -[0m
[0mOPTIONS /api/category/child-category/create [32m204 [0m7.046 ms - 0[0m
[0mPOST /api/category/child-category/create [32m200 [0m194.858 ms - 60[0m
[0mGET /api/category/child-category/list [32m200 [0m40.154 ms - 2789[0m
[0mGET /api/category/sub-list?categoryId=3 [32m200 [0m24.738 ms - 206[0m
[0mGET /api/category/sub-list?categoryId=1 [36m304 [0m64.077 ms - -[0m
[0mOPTIONS /api/category/child-category/create [32m204 [0m5.903 ms - 0[0m
[0mPOST /api/category/child-category/create [32m200 [0m98.482 ms - 60[0m
[0mGET /api/category/child-category/list [32m200 [0m37.078 ms - 3018[0m
[0mGET /api/category/main/list [36m304 [0m191.813 ms - -[0m
[0mGET /api/category/sub-category/list [36m304 [0m235.125 ms - -[0m
[0mGET /api/category/child-category/list [36m304 [0m308.645 ms - -[0m
[0mGET /api/product/getAllproduct [36m304 [0m414.348 ms - -[0m
[0mGET /api/category/sub-list?categoryId=1 [36m304 [0m28.014 ms - -[0m
[0mGET /api/category/child-list?subCatId=1 [36m304 [0m25.802 ms - -[0m
[0mGET /api/category/child-list?subCatId=5 [32m200 [0m28.211 ms - 596[0m
[0mPOST /api/productgros/create [32m200 [0m299.152 ms - 54[0m
[0mGET /api/productgros/getAllproduct [32m200 [0m43.071 ms - 1359[0m
[0mGET /produit/16986225550951693377089511img4.png [32m200 [0m11.806 ms - 38269[0m
[0mGET /produit/1698621829120arr1.jpg [36m304 [0m11.276 ms - -[0m
[0mGET /produit/1698621513509ARR11.jpg [36m304 [0m9.473 ms - -[0m
[0mGET /produit/1695941364451ENSY.jpg [36m304 [0m7.554 ms - -[0m
[0mGET /api/category/main/list [36m304 [0m22.248 ms - -[0m
[0mGET /produit/1695989601836C2.jpg [36m304 [0m14.432 ms - -[0m
[0mGET /produit/1696998821128ARR5.jpg [36m304 [0m13.108 ms - -[0m
[0mGET /produit/1695989675538cas.jpg [36m304 [0m40.645 ms - -[0m
[0mGET /produit/1695989763210acc1.jpg [36m304 [0m11.357 ms - -[0m
[0mGET /api/category/main/list [36m304 [0m412.449 ms - -[0m
[0mGET /api/product/getAllGroceryStaple [32m200 [0m412.160 ms - 1976[0m
[0mGET /produit/1695754614263T1.jpg [36m304 [0m59.961 ms - -[0m
[0mGET /produit/1695754196334ENST.jpg [36m304 [0m58.338 ms - -[0m
[0mGET /produit/1695990880479SACS.jpg [36m304 [0m74.325 ms - -[0m
[0mGET /produit/1695753661047tap3.jpg [36m304 [0m299.769 ms - -[0m
[0mGET /produit/1695752820497e3.jpg [36m304 [0m25.553 ms - -[0m
[0mGET /produit/1695751668068ARR32.jpg [36m304 [0m18.994 ms - -[0m
[0mGET /api/product/getAllGroceryStaple [36m304 [0m347.672 ms - -[0m
[0mGET /api/product/getAllGroceryStaple [36m304 [0m79.981 ms - -[0m
[0mGET /api/product/getAllGroceryStaple [36m304 [0m134.756 ms - -[0m
[0mGET /api/product/getAllGroceryStaple [36m304 [0m59.476 ms - -[0m
[0mGET /api/product/getAllGroceryStaple [36m304 [0m69.507 ms - -[0m
[0mGET /api/category/main/list [36m304 [0m877.526 ms - -[0m
[0mGET /api/product/getAllGroceryStaple [36m304 [0m949.927 ms - -[0m
[0mGET /api/customer/getUserByEmailId?email=abalo@gmail.com [36m304 [0m994.064 ms - -[0m
[0mGET /produit/1696998821128ARR5.jpg [36m304 [0m89.371 ms - -[0m
[0mGET /produit/1695989601836C2.jpg [36m304 [0m37.964 ms - -[0m
[0mGET /produit/1695989675538cas.jpg [36m304 [0m38.997 ms - -[0m
[0mGET /produit/1695989763210acc1.jpg [36m304 [0m92.692 ms - -[0m
[0mGET /produit/1695754614263T1.jpg [36m304 [0m94.587 ms - -[0m
[0mGET /produit/1695990880479SACS.jpg [36m304 [0m86.657 ms - -[0m
[0mGET /produit/1695753661047tap3.jpg [36m304 [0m65.581 ms - -[0m
[0mGET /produit/1695754196334ENST.jpg [36m304 [0m59.751 ms - -[0m
[0mGET /produit/1695751668068ARR32.jpg [36m304 [0m52.989 ms - -[0m
[0mGET /produit/1695752820497e3.jpg [36m304 [0m40.038 ms - -[0m
[0mGET /api/product/getAllGroceryStaple [36m304 [0m80.821 ms - -[0m
[0mGET /api/product/getAllGroceryStaple [36m304 [0m22.277 ms - -[0m
[0mGET /api/product/getAllGroceryStaple [36m304 [0m629.009 ms - -[0m
[0mGET /api/product/getAllGroceryStaple [36m304 [0m82.192 ms - -[0m
[0mGET /api/product/getAllGroceryStaple [36m304 [0m78.772 ms - -[0m
[0mGET /api/product/getAllGroceryStaple [36m304 [0m28.965 ms - -[0m
[0mGET /api/product/getAllGroceryStaple [36m304 [0m301.940 ms - -[0m
[0mGET /api/product/getAllGroceryStaple [36m304 [0m108.032 ms - -[0m
[0mGET /api/product/getAllGroceryStaple [36m304 [0m52.779 ms - -[0m
[0mGET /api/category/main/list [36m304 [0m134.541 ms - -[0m
[0mGET /api/product/getAllGroceryStaple [36m304 [0m388.866 ms - -[0m
[0mGET /api/product/getAllGroceryStaple [36m304 [0m145.095 ms - -[0m
[0mGET /api/product/getAllGroceryStaple [36m304 [0m59.646 ms - -[0m
[0mGET /api/category/main/list [36m304 [0m56.846 ms - -[0m
[0mGET /api/product/getAllGroceryStaple [36m304 [0m674.092 ms - -[0m
[0mGET /api/customer/getUserByEmailId?email=abalo@gmail.com [36m304 [0m807.683 ms - -[0m
[0mGET /produit/1695754614263T1.jpg [36m304 [0m191.891 ms - -[0m
[0mGET /produit/1695990880479SACS.jpg [36m304 [0m171.125 ms - -[0m
[0mGET /produit/1695754196334ENST.jpg [36m304 [0m178.197 ms - -[0m
[0mGET /produit/1695753661047tap3.jpg [36m304 [0m42.665 ms - -[0m
[0mGET /produit/1695752820497e3.jpg [36m304 [0m40.317 ms - -[0m
[0mGET /produit/1695751668068ARR32.jpg [36m304 [0m73.930 ms - -[0m
[0mGET /api/category/main/list [32m200 [0m260.910 ms - 696[0m
[0mGET /api/product/getAllGroceryStaple [32m200 [0m315.897 ms - 1976[0m
[0mGET /produit/1695989675538cas.jpg [32m200 [0m348.145 ms - 3513[0m
[0mGET /produit/1695989601836C2.jpg [32m200 [0m1092.186 ms - 8412[0m
[0mGET /produit/1695989763210acc1.jpg [32m200 [0m1126.698 ms - 7482[0m
[0mGET /produit/1695990880479SACS.jpg [32m200 [0m1125.067 ms - 7551[0m
[0mGET /produit/1695754614263T1.jpg [32m200 [0m1102.027 ms - 9012[0m
[0mGET /produit/1696998821128ARR5.jpg [32m200 [0m1885.565 ms - 3588[0m
[0mGET /produit/1695751668068ARR32.jpg [32m200 [0m785.430 ms - 1907[0m
[0mGET /produit/1695754196334ENST.jpg [32m200 [0m3061.112 ms - 4600[0m
[0mGET /produit/1695753661047tap3.jpg [32m200 [0m1169.511 ms - 9338[0m
[0mGET /produit/1695752820497e3.jpg [32m200 [0m1166.919 ms - 7440[0m
[0mGET /api/product/getAllGroceryStaple [36m304 [0m66.913 ms - -[0m
[0mGET /api/product/getAllGroceryStaple [36m304 [0m99.931 ms - -[0m
[0mGET /api/product/getAllGroceryStaple [36m304 [0m78.357 ms - -[0m
[0mGET /api/product/getAllGroceryStaple [36m304 [0m57.136 ms - -[0m
[0mGET /api/product/getAllGroceryStaple [36m304 [0m88.853 ms - -[0m
[0mGET /api/category/cn/list?name=VETEMENTS [32m200 [0m4040.736 ms - 1754[0m
[0mGET /api/product/list/VETEMENTS [32m200 [0m4279.079 ms - 1283[0m
[0mGET /api/category/main/list [36m304 [0m59.560 ms - -[0m
[0mGET /api/product/getAllGroceryStaple [36m304 [0m101.715 ms - -[0m
[0mGET /produit/1696998821128ARR5.jpg [36m304 [0m28.492 ms - -[0m
[0mGET /produit/1695989601836C2.jpg [36m304 [0m25.084 ms - -[0m
[0mGET /produit/1695989675538cas.jpg [36m304 [0m21.448 ms - -[0m
[0mGET /produit/1695989763210acc1.jpg [36m304 [0m32.869 ms - -[0m
[0mGET /produit/1695990880479SACS.jpg [36m304 [0m37.114 ms - -[0m
[0mGET /produit/1695751668068ARR32.jpg [36m304 [0m16.934 ms - -[0m
[0mGET /produit/1695753661047tap3.jpg [36m304 [0m41.174 ms - -[0m
[0mGET /api/product/getAllGroceryStaple [36m304 [0m38.828 ms - -[0m
[0mGET /api/product/getAllGroceryStaple [36m304 [0m189.644 ms - -[0m
[0mGET /api/product/getAllGroceryStaple [36m304 [0m51.757 ms - -[0m
[0mGET /api/product/getAllGroceryStaple [36m304 [0m61.957 ms - -[0m
[0mGET /api/category/main/list [36m304 [0m35.493 ms - -[0m
[0mGET /api/product/getAllGroceryStaple [36m304 [0m77.371 ms - -[0m
[0mGET /api/product/getAllGroceryStaple [36m304 [0m18.046 ms - -[0m
[0mGET /api/product/getAllGroceryStaple [36m304 [0m53.787 ms - -[0m
[0mGET /api/product/getAllGroceryStaple [36m304 [0m134.630 ms - -[0m
[0mGET /api/product/getAllGroceryStaple [36m304 [0m92.455 ms - -[0m
[0mGET /api/product/getAllGroceryStaple [36m304 [0m112.779 ms - -[0m
[0mGET /api/product/getAllGroceryStaple [36m304 [0m174.185 ms - -[0m
[0mGET /api/product/getAllGroceryStaple [36m304 [0m23.684 ms - -[0m
[0mGET /api/product/getAllGroceryStaple [36m304 [0m67.916 ms - -[0m
[0mGET /api/product/getAllGroceryStaple [36m304 [0m22.439 ms - -[0m
[0mGET /api/product/getAllGroceryStaple [36m304 [0m27.095 ms - -[0m
[0mGET /api/product/getAllGroceryStaple [36m304 [0m168.650 ms - -[0m
[0mGET /api/product/getWebProductById?id=3 [32m200 [0m216.332 ms - 364[0m
[0mGET /api/product/similar?chilCategoryId=1 [32m200 [0m118.380 ms - 347[0m
[0mGET /api/category/main/list [36m304 [0m121.558 ms - -[0m
[0mGET /api/product/getAllGroceryStaple [36m304 [0m83.213 ms - -[0m
[0mGET /api/category/main/list [36m304 [0m244.449 ms - -[0m
[0mGET /api/product/getAllGroceryStaple [36m304 [0m264.796 ms - -[0m
[0mGET /produit/1696998821128ARR5.jpg [36m304 [0m30.283 ms - -[0m
[0mGET /produit/1695989601836C2.jpg [36m304 [0m24.182 ms - -[0m
[0mGET /produit/1695989763210acc1.jpg [36m304 [0m20.332 ms - -[0m
[0mGET /produit/1695989675538cas.jpg [36m304 [0m17.416 ms - -[0m
[0mGET /produit/1695990880479SACS.jpg [36m304 [0m26.914 ms - -[0m
[0mGET /produit/1695754614263T1.jpg [36m304 [0m22.574 ms - -[0m
[0mGET /produit/1695754196334ENST.jpg [36m304 [0m108.202 ms - -[0m
[0mGET /produit/1695753661047tap3.jpg [36m304 [0m105.316 ms - -[0m
[0mGET /produit/1695751668068ARR32.jpg [36m304 [0m77.522 ms - -[0m
[0mGET /produit/1695752820497e3.jpg [36m304 [0m25.636 ms - -[0m
[0mGET /api/category/main/list [36m304 [0m18.416 ms - -[0m
[0mGET /api/product/getAllGroceryStaple [36m304 [0m26.971 ms - -[0m
[0mGET /api/customer/getUserByEmailId?email=abalo@gmail.com [36m304 [0m82.791 ms - -[0m
[0mGET /api/product/getAllGroceryStaple [36m304 [0m41.591 ms - -[0m
[0mGET /api/product/getAllGroceryStaple [36m304 [0m437.740 ms - -[0m
[0mGET /api/category/main/list [36m304 [0m70.100 ms - -[0m
[0mGET /api/product/getAllGroceryStaple [36m304 [0m34.413 ms - -[0m
[0mGET /produit/1696998821128ARR5.jpg [36m304 [0m40.130 ms - -[0m
[0mGET /produit/1695989601836C2.jpg [36m304 [0m53.172 ms - -[0m
[0mGET /produit/1695989675538cas.jpg [36m304 [0m50.072 ms - -[0m
[0mGET /produit/1695989763210acc1.jpg [36m304 [0m7.708 ms - -[0m
[0mGET /produit/1695990880479SACS.jpg [36m304 [0m12.655 ms - -[0m
[0mGET /produit/1695754614263T1.jpg [36m304 [0m9.950 ms - -[0m
[0mGET /produit/1695754196334ENST.jpg [36m304 [0m12.307 ms - -[0m
[0mGET /produit/1695753661047tap3.jpg [36m304 [0m41.777 ms - -[0m
[0mGET /produit/1695752820497e3.jpg [36m304 [0m14.470 ms - -[0m
[0mGET /produit/1695751668068ARR32.jpg [36m304 [0m8.351 ms - -[0m
[0mGET /api/category/main/list [36m304 [0m26.226 ms - -[0m
[0mGET /api/product/getAllGroceryStaple [36m304 [0m101.286 ms - -[0m
[0mGET /api/customer/getUserByEmailId?email=abalo@gmail.com [36m304 [0m29.093 ms - -[0m
[0mGET /produit/1696998821128ARR5.jpg [36m304 [0m12.563 ms - -[0m
[0mGET /produit/1695989601836C2.jpg [36m304 [0m10.660 ms - -[0m
[0mGET /produit/1695989675538cas.jpg [36m304 [0m58.322 ms - -[0m
[0mGET /produit/1695989763210acc1.jpg [36m304 [0m7.052 ms - -[0m
[0mGET /produit/1695990880479SACS.jpg [36m304 [0m5.183 ms - -[0m
[0mGET /produit/1695754614263T1.jpg [36m304 [0m13.827 ms - -[0m
[0mGET /produit/1695754196334ENST.jpg [36m304 [0m9.175 ms - -[0m
[0mGET /produit/1695753661047tap3.jpg [36m304 [0m7.406 ms - -[0m
[0mGET /produit/1695752820497e3.jpg [36m304 [0m7.548 ms - -[0m
[0mGET /produit/1695751668068ARR32.jpg [36m304 [0m13.167 ms - -[0m
[0mGET /api/product/getAllGroceryStaple [36m304 [0m194.825 ms - -[0m
[0mGET /api/product/getAllGroceryStaple [36m304 [0m21.547 ms - -[0m
[0mGET /api/product/getAllGroceryStaple [36m304 [0m208.696 ms - -[0m
[0mGET /api/product/getAllGroceryStaple [36m304 [0m21.822 ms - -[0m
[0mGET /api/product/getAllGroceryStaple [36m304 [0m43.488 ms - -[0m
[0mGET /api/product/getAllGroceryStaple [36m304 [0m60.853 ms - -[0m
[0mGET /api/product/getAllGroceryStaple [36m304 [0m34.157 ms - -[0m
[0mGET /api/product/getAllGroceryStaple [36m304 [0m33.655 ms - -[0m
[0mGET /api/product/getAllGroceryStaple [36m304 [0m26.106 ms - -[0m
[0mGET /api/product/getAllGroceryStaple [36m304 [0m23.149 ms - -[0m
[0mGET /api/product/getAllGroceryStaple [36m304 [0m31.661 ms - -[0m
[0mGET /api/product/getAllGroceryStaple [36m304 [0m120.335 ms - -[0m
[0mGET /api/category/cn/list?name=VETEMENTS [36m304 [0m113.299 ms - -[0m
[0mGET /api/product/list/VETEMENTS [36m304 [0m75.087 ms - -[0m
[0mGET /api/category/main/list [36m304 [0m82.553 ms - -[0m
[0mGET /api/product/getAllGroceryStaple [36m304 [0m86.834 ms - -[0m
[0mGET /produit/1696998821128ARR5.jpg [36m304 [0m33.770 ms - -[0m
[0mGET /produit/1695989601836C2.jpg [36m304 [0m31.863 ms - -[0m
[0mGET /produit/1695989675538cas.jpg [36m304 [0m26.529 ms - -[0m
[0mGET /produit/1695989763210acc1.jpg [36m304 [0m25.058 ms - -[0m
[0mGET /produit/1695990880479SACS.jpg [36m304 [0m22.611 ms - -[0m
[0mGET /produit/1695753661047tap3.jpg [36m304 [0m20.945 ms - -[0m
[0mGET /produit/1695751668068ARR32.jpg [36m304 [0m15.991 ms - -[0m
[0mGET /api/product/getAllGroceryStaple [36m304 [0m25.154 ms - -[0m
[0mGET /api/category/main/list [36m304 [0m41.275 ms - -[0m
[0mGET /api/product/getAllGroceryStaple [36m304 [0m28.042 ms - -[0m
[0mGET /produit/1696998821128ARR5.jpg [36m304 [0m34.813 ms - -[0m
[0mGET /produit/1695989601836C2.jpg [36m304 [0m27.784 ms - -[0m
[0mGET /produit/1695989675538cas.jpg [36m304 [0m26.024 ms - -[0m
[0mGET /produit/1695989763210acc1.jpg [36m304 [0m27.087 ms - -[0m
[0mGET /produit/1695990880479SACS.jpg [36m304 [0m8.208 ms - -[0m
[0mGET /produit/1695754614263T1.jpg [36m304 [0m61.533 ms - -[0m
[0mGET /produit/1695753661047tap3.jpg [36m304 [0m57.407 ms - -[0m
[0mGET /produit/1695754196334ENST.jpg [36m304 [0m70.327 ms - -[0m
[0mGET /produit/1695751668068ARR32.jpg [36m304 [0m21.739 ms - -[0m
[0mGET /produit/1695752820497e3.jpg [36m304 [0m17.805 ms - -[0m
[0mGET /api/category/main/list [36m304 [0m167.537 ms - -[0m
[0mGET /api/product/getAllGroceryStaple [36m304 [0m45.659 ms - -[0m
[0mGET /api/customer/getUserByEmailId?email=abalo@gmail.com [36m304 [0m27.876 ms - -[0m
[0mGET /produit/1696998821128ARR5.jpg [36m304 [0m8.912 ms - -[0m
[0mGET /produit/1695989601836C2.jpg [36m304 [0m8.673 ms - -[0m
[0mGET /produit/1695989675538cas.jpg [36m304 [0m14.938 ms - -[0m
[0mGET /produit/1695989763210acc1.jpg [36m304 [0m11.107 ms - -[0m
[0mGET /produit/1695990880479SACS.jpg [36m304 [0m9.145 ms - -[0m
[0mGET /produit/1695754614263T1.jpg [36m304 [0m7.545 ms - -[0m
[0mGET /produit/1695754196334ENST.jpg [36m304 [0m7.822 ms - -[0m
[0mGET /produit/1695753661047tap3.jpg [36m304 [0m7.346 ms - -[0m
[0mGET /produit/1695752820497e3.jpg [36m304 [0m7.890 ms - -[0m
[0mGET /produit/1695751668068ARR32.jpg [36m304 [0m7.111 ms - -[0m
[0mGET /api/category/main/list [36m304 [0m79.418 ms - -[0m
[0mGET /api/product/getAllGroceryStaple [36m304 [0m49.262 ms - -[0m
[0mGET /produit/1696998821128ARR5.jpg [36m304 [0m47.821 ms - -[0m
[0mGET /produit/1695989601836C2.jpg [36m304 [0m54.072 ms - -[0m
[0mGET /produit/1695989675538cas.jpg [36m304 [0m50.750 ms - -[0m
[0mGET /produit/1695989763210acc1.jpg [36m304 [0m47.597 ms - -[0m
[0mGET /produit/1695990880479SACS.jpg [36m304 [0m35.010 ms - -[0m
[0mGET /produit/1695754614263T1.jpg [36m304 [0m31.565 ms - -[0m
[0mGET /produit/1695754196334ENST.jpg [36m304 [0m27.931 ms - -[0m
[0mGET /produit/1695753661047tap3.jpg [36m304 [0m55.474 ms - -[0m
[0mGET /produit/1695751668068ARR32.jpg [36m304 [0m51.012 ms - -[0m
[0mGET /produit/1695752820497e3.jpg [36m304 [0m55.136 ms - -[0m
[0mGET /api/category/main/list [36m304 [0m141.804 ms - -[0m
[0mGET /api/product/getAllGroceryStaple [36m304 [0m133.488 ms - -[0m
[0mGET /api/category/main/list [36m304 [0m16.178 ms - -[0m
[0mGET /api/product/getAllGroceryStaple [36m304 [0m35.551 ms - -[0m
[0mGET /api/customer/getUserByEmailId?email=abalo@gmail.com [36m304 [0m32.111 ms - -[0m
[0mGET /produit/1696998821128ARR5.jpg [36m304 [0m8.482 ms - -[0m
[0mGET /produit/1696998821128ARR5.jpg [36m304 [0m7.256 ms - -[0m
[0mGET /produit/1695989601836C2.jpg [36m304 [0m12.909 ms - -[0m
[0mGET /produit/1695989601836C2.jpg [36m304 [0m9.773 ms - -[0m
[0mGET /produit/1695989675538cas.jpg [36m304 [0m12.891 ms - -[0m
[0mGET /produit/1695754196334ENST.jpg [36m304 [0m6.683 ms - -[0m
[0mGET /produit/1695753661047tap3.jpg [36m304 [0m16.681 ms - -[0m
[0mGET /produit/1695989763210acc1.jpg [36m304 [0m7.845 ms - -[0m
[0mGET /produit/1695990880479SACS.jpg [36m304 [0m8.370 ms - -[0m
[0mGET /produit/1695754614263T1.jpg [36m304 [0m8.233 ms - -[0m
[0mGET /produit/1695754196334ENST.jpg [36m304 [0m7.192 ms - -[0m
[0mGET /produit/1695753661047tap3.jpg [36m304 [0m20.029 ms - -[0m
[0mGET /produit/1695752820497e3.jpg [36m304 [0m16.976 ms - -[0m
[0mGET /produit/1695751668068ARR32.jpg [36m304 [0m13.667 ms - -[0m
[0mGET /api/category/main/list [36m304 [0m25.476 ms - -[0m
[0mGET /api/product/getAllGroceryStaple [36m304 [0m32.599 ms - -[0m
[0mGET /api/customer/getUserByEmailId?email=abalo@gmail.com [36m304 [0m91.554 ms - -[0m
[0mGET /produit/1696998821128ARR5.jpg [36m304 [0m7.525 ms - -[0m
[0mGET /produit/1695989601836C2.jpg [36m304 [0m11.627 ms - -[0m
[0mGET /produit/1695989675538cas.jpg [36m304 [0m7.500 ms - -[0m
[0mGET /produit/1695989763210acc1.jpg [36m304 [0m8.138 ms - -[0m
[0mGET /produit/1695990880479SACS.jpg [36m304 [0m14.704 ms - -[0m
[0mGET /produit/1695754614263T1.jpg [36m304 [0m25.019 ms - -[0m
[0mGET /produit/1695754196334ENST.jpg [36m304 [0m13.976 ms - -[0m
[0mGET /produit/1695753661047tap3.jpg [36m304 [0m8.697 ms - -[0m
[0mGET /produit/1695752820497e3.jpg [36m304 [0m7.372 ms - -[0m
[0mGET /produit/1695751668068ARR32.jpg [36m304 [0m14.208 ms - -[0m
[0mGET /api/category/main/list [36m304 [0m426.204 ms - -[0m
[0mGET /api/product/getAllGroceryStaple [36m304 [0m427.464 ms - -[0m
[0mGET /produit/1696998821128ARR5.jpg [36m304 [0m337.433 ms - -[0m
[0mGET /produit/1695989601836C2.jpg [36m304 [0m331.457 ms - -[0m
[0mGET /produit/1695989675538cas.jpg [36m304 [0m224.683 ms - -[0m
[0mGET /produit/1695989763210acc1.jpg [36m304 [0m168.081 ms - -[0m
[0mGET /produit/1695990880479SACS.jpg [36m304 [0m153.957 ms - -[0m
[0mGET /produit/1695754614263T1.jpg [36m304 [0m146.933 ms - -[0m
[0mGET /produit/1695753661047tap3.jpg [36m304 [0m31.821 ms - -[0m
[0mGET /produit/1695754196334ENST.jpg [36m304 [0m34.625 ms - -[0m
[0mGET /produit/1695751668068ARR32.jpg [36m304 [0m32.689 ms - -[0m
[0mGET /produit/1695752820497e3.jpg [36m304 [0m33.931 ms - -[0m
[0mGET /api/category/main/list [36m304 [0m26.716 ms - -[0m
[0mGET /api/product/getAllGroceryStaple [36m304 [0m28.094 ms - -[0m
[0mGET /produit/1696998821128ARR5.jpg [36m304 [0m7.655 ms - -[0m
[0mGET /produit/1695989601836C2.jpg [36m304 [0m7.040 ms - -[0m
[0mGET /produit/1695989675538cas.jpg [36m304 [0m8.014 ms - -[0m
[0mGET /produit/1695989763210acc1.jpg [36m304 [0m6.381 ms - -[0m
[0mGET /produit/1695990880479SACS.jpg [36m304 [0m10.671 ms - -[0m
[0mGET /produit/1695754614263T1.jpg [36m304 [0m8.237 ms - -[0m
[0mGET /produit/1695754196334ENST.jpg [36m304 [0m38.035 ms - -[0m
[0mGET /produit/1695753661047tap3.jpg [36m304 [0m36.201 ms - -[0m
[0mGET /produit/1695752820497e3.jpg [36m304 [0m33.678 ms - -[0m
[0mGET /produit/1695751668068ARR32.jpg [36m304 [0m10.171 ms - -[0m
[0mGET /api/category/main/list [36m304 [0m24.961 ms - -[0m
[0mGET /api/product/getAllGroceryStaple [36m304 [0m31.696 ms - -[0m
[0mGET /api/customer/getUserByEmailId?email=abalo@gmail.com [36m304 [0m74.628 ms - -[0m
[0mGET /produit/1696998821128ARR5.jpg [36m304 [0m8.106 ms - -[0m
[0mGET /produit/1695989675538cas.jpg [36m304 [0m13.495 ms - -[0m
[0mGET /produit/1695989601836C2.jpg [36m304 [0m11.402 ms - -[0m
[0mGET /produit/1695989763210acc1.jpg [0m- [0m- ms - -[0m
[0mGET /api/category/main/list [36m304 [0m25.023 ms - -[0m
[0mGET /api/product/getAllGroceryStaple [36m304 [0m136.326 ms - -[0m
[0mGET /api/customer/getUserByEmailId?email=abalo@gmail.com [36m304 [0m37.047 ms - -[0m
[0mGET /produit/1696998821128ARR5.jpg [36m304 [0m10.627 ms - -[0m
[0mGET /produit/1695989601836C2.jpg [36m304 [0m8.240 ms - -[0m
[0mGET /produit/1695989675538cas.jpg [36m304 [0m6.621 ms - -[0m
[0mGET /produit/1695989763210acc1.jpg [32m200 [0m38.266 ms - 7482[0m
[0mGET /produit/1695990880479SACS.jpg [36m304 [0m14.813 ms - -[0m
[0mGET /produit/1695754614263T1.jpg [36m304 [0m10.556 ms - -[0m
[0mGET /produit/1695754196334ENST.jpg [36m304 [0m6.837 ms - -[0m
[0mGET /produit/1695753661047tap3.jpg [36m304 [0m22.564 ms - -[0m
[0mGET /produit/1695752820497e3.jpg [36m304 [0m7.969 ms - -[0m
[0mGET /produit/1695751668068ARR32.jpg [36m304 [0m7.154 ms - -[0m
[0mGET /api/category/main/list [36m304 [0m17.561 ms - -[0m
[0mGET /api/product/getAllGroceryStaple [36m304 [0m47.905 ms - -[0m
[0mGET /produit/1696998821128ARR5.jpg [36m304 [0m7.350 ms - -[0m
[0mGET /produit/1695989601836C2.jpg [36m304 [0m14.010 ms - -[0m
[0mGET /produit/1695989675538cas.jpg [36m304 [0m9.554 ms - -[0m
[0mGET /produit/1695989763210acc1.jpg [36m304 [0m7.338 ms - -[0m
[0mGET /produit/1695990880479SACS.jpg [36m304 [0m10.156 ms - -[0m
[0mGET /produit/1695754614263T1.jpg [36m304 [0m15.244 ms - -[0m
[0mGET /produit/1695753661047tap3.jpg [36m304 [0m13.792 ms - -[0m
[0mGET /api/category/main/list [36m304 [0m30.868 ms - -[0m
[0mGET /api/product/getAllGroceryStaple [36m304 [0m75.245 ms - -[0m
[0mGET /produit/1696998821128ARR5.jpg [36m304 [0m15.992 ms - -[0m
[0mGET /produit/1695989601836C2.jpg [36m304 [0m10.725 ms - -[0m
[0mGET /produit/1695989675538cas.jpg [36m304 [0m7.827 ms - -[0m
[0mGET /produit/1695989763210acc1.jpg [36m304 [0m7.278 ms - -[0m
[0mGET /produit/1695990880479SACS.jpg [36m304 [0m23.195 ms - -[0m
[0mGET /produit/1695754196334ENST.jpg [36m304 [0m50.106 ms - -[0m
[0mGET /produit/1695753661047tap3.jpg [36m304 [0m44.237 ms - -[0m
[0mGET /produit/1695754614263T1.jpg [32m200 [0m72.250 ms - 9012[0m
[0mGET /produit/1695751668068ARR32.jpg [36m304 [0m64.977 ms - -[0m
[0mGET /produit/1695752820497e3.jpg [36m304 [0m60.396 ms - -[0m
[0mGET /api/category/cn/list?name=VETEMENTS [36m304 [0m46.778 ms - -[0m
[0mGET /api/product/list/VETEMENTS [36m304 [0m121.350 ms - -[0m
[0mGET /api/category/main/list [36m304 [0m46.813 ms - -[0m
[0mGET /api/product/getAllGroceryStaple [36m304 [0m58.317 ms - -[0m
[0mGET /api/product/getAllGroceryStaple [36m304 [0m31.605 ms - -[0m
[0mGET /api/product/getAllGroceryStaple [36m304 [0m61.090 ms - -[0m
[0mGET /api/product/getAllGroceryStaple [36m304 [0m36.119 ms - -[0m
[0mGET /api/product/getAllGroceryStaple [36m304 [0m19.976 ms - -[0m
[0mGET /api/product/getAllGroceryStaple [36m304 [0m17.451 ms - -[0m
[0mGET /api/product/getAllGroceryStaple [36m304 [0m33.465 ms - -[0m
[0mGET /api/product/getAllGroceryStaple [36m304 [0m61.575 ms - -[0m
[0mGET /api/product/getAllGroceryStaple [36m304 [0m24.035 ms - -[0m
[0mGET /api/product/getAllGroceryStaple [36m304 [0m23.297 ms - -[0m
[0mGET /api/product/getAllGroceryStaple [36m304 [0m15.450 ms - -[0m
[0mGET /api/product/getAllGroceryStaple [36m304 [0m27.170 ms - -[0m
[0mGET /api/product/getAllGroceryStaple [36m304 [0m35.099 ms - -[0m
[0mGET /api/product/getAllGroceryStaple [36m304 [0m44.916 ms - -[0m
[0mGET /api/product/getAllGroceryStaple [36m304 [0m27.474 ms - -[0m
[0mGET /api/product/getAllGroceryStaple [36m304 [0m22.302 ms - -[0m
[0mGET /api/product/getAllGroceryStaple [36m304 [0m23.864 ms - -[0m
[0mGET /api/product/getAllGroceryStaple [36m304 [0m21.224 ms - -[0m
[0mGET /api/product/getAllGroceryStaple [36m304 [0m17.874 ms - -[0m
[0mGET /api/product/getAllGroceryStaple [36m304 [0m80.080 ms - -[0m
[0mGET /api/product/getAllGroceryStaple [36m304 [0m20.279 ms - -[0m
[0mGET /api/product/getAllGroceryStaple [36m304 [0m17.179 ms - -[0m
[0mGET /api/product/getAllGroceryStaple [36m304 [0m18.968 ms - -[0m
[0mGET /api/product/getAllGroceryStaple [36m304 [0m60.558 ms - -[0m
[0mGET /api/product/getAllGroceryStaple [36m304 [0m18.976 ms - -[0m
[0mGET /api/product/getAllGroceryStaple [36m304 [0m91.901 ms - -[0m
[0mGET /api/product/getAllGroceryStaple [36m304 [0m13.858 ms - -[0m
[0mGET /api/product/getAllGroceryStaple [36m304 [0m44.927 ms - -[0m
[0mGET /api/product/getAllGroceryStaple [36m304 [0m25.238 ms - -[0m
[0mGET /api/product/getAllGroceryStaple [36m304 [0m81.079 ms - -[0m
[0mGET /api/product/getAllGroceryStaple [36m304 [0m22.192 ms - -[0m
[0mGET /api/category/main/list [36m304 [0m34.117 ms - -[0m
[0mGET /api/product/getAllGroceryStaple [36m304 [0m42.353 ms - -[0m
[0mGET /api/category/main/list [36m304 [0m13.994 ms - -[0m
[0mGET /api/product/getAllGroceryStaple [36m304 [0m19.756 ms - -[0m
[0mGET /api/customer/getUserByEmailId?email=abalo@gmail.com [36m304 [0m27.873 ms - -[0m
[0mGET /api/product/getAllGroceryStaple [36m304 [0m39.376 ms - -[0m
[0mGET /api/product/getAllGroceryStaple [36m304 [0m18.645 ms - -[0m
[0mGET /api/product/getAllGroceryStaple [36m304 [0m23.836 ms - -[0m
[0mGET /api/product/getAllGroceryStaple [36m304 [0m15.541 ms - -[0m
[0mGET /api/product/getAllGroceryStaple [36m304 [0m31.238 ms - -[0m
[0mGET /api/product/getAllGroceryStaple [36m304 [0m41.613 ms - -[0m
[0mGET /api/product/getAllGroceryStaple [36m304 [0m77.132 ms - -[0m
[0mGET /api/product/getAllGroceryStaple [36m304 [0m18.731 ms - -[0m
[0mGET /api/product/getAllGroceryStaple [36m304 [0m22.977 ms - -[0m
[0mGET /api/product/getAllGroceryStaple [36m304 [0m16.764 ms - -[0m
[0mGET /api/product/getAllGroceryStaple [36m304 [0m26.609 ms - -[0m
[0mGET /api/product/getAllGroceryStaple [36m304 [0m27.644 ms - -[0m
[0mGET /api/product/getAllGroceryStaple [36m304 [0m22.981 ms - -[0m
[0mGET /api/product/getAllGroceryStaple [36m304 [0m19.469 ms - -[0m
[0mGET /api/category/main/list [36m304 [0m66.504 ms - -[0m
[0mGET /api/product/getAllGroceryStaple [36m304 [0m28.529 ms - -[0m
[0mGET /produit/1696998821128ARR5.jpg [36m304 [0m44.057 ms - -[0m
[0mGET /produit/1695989601836C2.jpg [36m304 [0m35.177 ms - -[0m
[0mGET /produit/1695989675538cas.jpg [36m304 [0m31.201 ms - -[0m
[0mGET /produit/1695989763210acc1.jpg [36m304 [0m23.990 ms - -[0m
[0mGET /produit/1695990880479SACS.jpg [36m304 [0m12.154 ms - -[0m
[0mGET /produit/1695754614263T1.jpg [36m304 [0m49.374 ms - -[0m
[0mGET /produit/1695754196334ENST.jpg [36m304 [0m54.920 ms - -[0m
[0mGET /produit/1695753661047tap3.jpg [36m304 [0m23.577 ms - -[0m
[0mGET /produit/1695751668068ARR32.jpg [36m304 [0m56.170 ms - -[0m
[0mGET /produit/1695752820497e3.jpg [36m304 [0m56.432 ms - -[0m
[0mGET /api/category/main/list [36m304 [0m17.725 ms - -[0m
[0mGET /api/product/getAllGroceryStaple [36m304 [0m23.311 ms - -[0m
[0mGET /api/customer/getUserByEmailId?email=abalo@gmail.com [36m304 [0m29.134 ms - -[0m
[0mGET /produit/1696998821128ARR5.jpg [36m304 [0m8.448 ms - -[0m
[0mGET /produit/1695989601836C2.jpg [36m304 [0m7.192 ms - -[0m
[0mGET /produit/1695989675538cas.jpg [36m304 [0m7.470 ms - -[0m
[0mGET /produit/1695989763210acc1.jpg [36m304 [0m7.153 ms - -[0m
[0mGET /produit/1695990880479SACS.jpg [36m304 [0m17.642 ms - -[0m
[0mGET /produit/1695754614263T1.jpg [36m304 [0m12.682 ms - -[0m
[0mGET /produit/1695754196334ENST.jpg [36m304 [0m10.652 ms - -[0m
[0mGET /produit/1695753661047tap3.jpg [36m304 [0m47.426 ms - -[0m
[0mGET /produit/1695752820497e3.jpg [36m304 [0m18.900 ms - -[0m
[0mGET /produit/1695751668068ARR32.jpg [36m304 [0m7.014 ms - -[0m
[0mGET /api/product/getAllGroceryStaple [36m304 [0m20.617 ms - -[0m
[0mGET /api/product/getAllGroceryStaple [36m304 [0m23.967 ms - -[0m
[0mGET /api/product/getAllGroceryStaple [36m304 [0m21.151 ms - -[0m
[0mGET /api/product/getAllGroceryStaple [36m304 [0m33.714 ms - -[0m
[0mGET /api/product/getAllGroceryStaple [36m304 [0m240.952 ms - -[0m
[0mGET /api/product/getAllGroceryStaple [36m304 [0m19.779 ms - -[0m
[0mGET /api/product/getAllGroceryStaple [36m304 [0m23.806 ms - -[0m
[0mGET /api/product/getAllGroceryStaple [36m304 [0m19.062 ms - -[0m
[0mGET /api/product/getAllGroceryStaple [36m304 [0m93.816 ms - -[0m
[0mGET /api/product/getAllGroceryStaple [36m304 [0m21.113 ms - -[0m
[0mGET /api/category/main/list [36m304 [0m25.636 ms - -[0m
[0mGET /api/product/getAllGroceryStaple [36m304 [0m51.144 ms - -[0m
[0mGET /api/product/getAllGroceryStaple [36m304 [0m21.031 ms - -[0m
[0mGET /produit/1695989675538cas.jpg [36m304 [0m56.006 ms - -[0m
[0mGET /produit/1695989601836C2.jpg [36m304 [0m165.693 ms - -[0m
[0mGET /produit/1696998821128ARR5.jpg [36m304 [0m149.573 ms - -[0m
[0mGET /produit/1695989763210acc1.jpg [36m304 [0m144.971 ms - -[0m
[0mGET /produit/1695990880479SACS.jpg [36m304 [0m37.072 ms - -[0m
[0mGET /produit/1695754614263T1.jpg [36m304 [0m33.574 ms - -[0m
[0mGET /produit/1695754196334ENST.jpg [36m304 [0m33.863 ms - -[0m
[0mGET /produit/1695753661047tap3.jpg [36m304 [0m32.394 ms - -[0m
[0mGET /produit/1695752820497e3.jpg [36m304 [0m36.886 ms - -[0m
[0mGET /produit/1695751668068ARR32.jpg [36m304 [0m43.338 ms - -[0m
[0mGET /api/product/getAllGroceryStaple [36m304 [0m223.535 ms - -[0m
[0mGET /api/product/getAllGroceryStaple [36m304 [0m19.916 ms - -[0m
[0mGET /api/product/getAllGroceryStaple [36m304 [0m243.728 ms - -[0m
[0mGET /api/product/getAllGroceryStaple [36m304 [0m15.192 ms - -[0m
[0mGET /api/category/main/list [36m304 [0m265.184 ms - -[0m
[0mGET /api/product/getAllGroceryStaple [36m304 [0m290.626 ms - -[0m
[0mGET /produit/1696998821128ARR5.jpg [36m304 [0m38.238 ms - -[0m
[0mGET /produit/1695989601836C2.jpg [36m304 [0m32.456 ms - -[0m
[0mGET /produit/1695989675538cas.jpg [36m304 [0m28.086 ms - -[0m
[0mGET /produit/1695989763210acc1.jpg [36m304 [0m23.843 ms - -[0m
[0mGET /api/product/getAllGroceryStaple [36m304 [0m216.689 ms - -[0m
[0mGET /produit/1695990880479SACS.jpg [36m304 [0m242.399 ms - -[0m
[0mGET /produit/1695754614263T1.jpg [36m304 [0m248.667 ms - -[0m
[0mGET /produit/1695754196334ENST.jpg [36m304 [0m344.532 ms - -[0m
[0mGET /produit/1695753661047tap3.jpg [36m304 [0m127.749 ms - -[0m
[0mGET /produit/1695751668068ARR32.jpg [36m304 [0m120.565 ms - -[0m
[0mGET /produit/1695752820497e3.jpg [36m304 [0m116.572 ms - -[0m
[0mGET /api/category/main/list [36m304 [0m112.583 ms - -[0m
[0mGET /api/product/getAllGroceryStaple [36m304 [0m81.054 ms - -[0m
[0mGET /api/customer/getUserByEmailId?email=abalo@gmail.com [36m304 [0m120.637 ms - -[0m
[0mGET /api/product/getAllGroceryStaple [36m304 [0m123.291 ms - -[0m
[0mGET /produit/1696998821128ARR5.jpg [36m304 [0m12.846 ms - -[0m
[0mGET /produit/1695989601836C2.jpg [36m304 [0m9.435 ms - -[0m
[0mGET /produit/1695989675538cas.jpg [36m304 [0m92.915 ms - -[0m
[0mGET /produit/1695989763210acc1.jpg [36m304 [0m25.147 ms - -[0m
[0mGET /produit/1695990880479SACS.jpg [36m304 [0m7.883 ms - -[0m
[0mGET /produit/1695754614263T1.jpg [36m304 [0m8.683 ms - -[0m
[0mGET /produit/1695754196334ENST.jpg [36m304 [0m14.606 ms - -[0m
[0mGET /produit/1695753661047tap3.jpg [36m304 [0m9.711 ms - -[0m
[0mGET /produit/1695752820497e3.jpg [36m304 [0m13.780 ms - -[0m
[0mGET /produit/1695751668068ARR32.jpg [36m304 [0m8.890 ms - -[0m
[0mGET /api/category/main/list [36m304 [0m333.310 ms - -[0m
[0mGET /api/product/getAllGroceryStaple [36m304 [0m179.801 ms - -[0m
[0mGET /produit/1696998821128ARR5.jpg [36m304 [0m67.744 ms - -[0m
[0mGET /produit/1695989763210acc1.jpg [36m304 [0m62.388 ms - -[0m
[0mGET /produit/1695989601836C2.jpg [36m304 [0m67.249 ms - -[0m
[0mGET /produit/1695989675538cas.jpg [36m304 [0m64.957 ms - -[0m
[0mGET /api/product/getAllGroceryStaple [36m304 [0m383.957 ms - -[0m
[0mGET /produit/1695990880479SACS.jpg [36m304 [0m104.084 ms - -[0m
[0mGET /produit/1695754614263T1.jpg [36m304 [0m100.420 ms - -[0m
[0mGET /produit/1695754196334ENST.jpg [36m304 [0m95.379 ms - -[0m
[0mGET /produit/1695753661047tap3.jpg [36m304 [0m81.770 ms - -[0m
[0mGET /produit/1695751668068ARR32.jpg [36m304 [0m34.401 ms - -[0m
[0mGET /produit/1695752820497e3.jpg [36m304 [0m36.420 ms - -[0m
[0mGET /api/category/main/list [36m304 [0m60.422 ms - -[0m
[0mGET /api/product/getAllGroceryStaple [36m304 [0m165.109 ms - -[0m
[0mGET /api/product/getAllGroceryStaple [36m304 [0m214.849 ms - -[0m
[0mGET /api/customer/getUserByEmailId?email=abalo@gmail.com [36m304 [0m266.291 ms - -[0m
[0mGET /produit/1696998821128ARR5.jpg [36m304 [0m15.881 ms - -[0m
[0mGET /produit/1695989601836C2.jpg [36m304 [0m11.380 ms - -[0m
[0mGET /produit/1695989675538cas.jpg [36m304 [0m10.572 ms - -[0m
[0mGET /produit/1695989763210acc1.jpg [36m304 [0m13.777 ms - -[0m
[0mGET /produit/1695990880479SACS.jpg [36m304 [0m8.383 ms - -[0m
[0mGET /produit/1695754614263T1.jpg [36m304 [0m8.615 ms - -[0m
[0mGET /produit/1695754196334ENST.jpg [36m304 [0m10.945 ms - -[0m
[0mGET /produit/1695753661047tap3.jpg [36m304 [0m9.611 ms - -[0m
[0mGET /produit/1695752820497e3.jpg [36m304 [0m10.088 ms - -[0m
[0mGET /produit/1695751668068ARR32.jpg [36m304 [0m9.032 ms - -[0m
[0mGET /api/product/getAllGroceryStaple [36m304 [0m140.121 ms - -[0m
[0mGET /api/product/getAllGroceryStaple [36m304 [0m37.236 ms - -[0m
[0mGET /api/category/main/list [36m304 [0m95.262 ms - -[0m
[0mGET /api/productgros/getAllGroceryStaple [32m200 [0m244.910 ms - 996[0m
[0mGET /api/productgros/getAllGroceryStaple [36m304 [0m13.267 ms - -[0m
[0mGET /produit/1698621513509ARR11.jpg [32m200 [0m213.480 ms - 2022[0m
[0mGET /produit/1698621829120arr1.jpg [32m200 [0m297.715 ms - 2193[0m
[0mGET /produit/16986225550951693377089511img4.png [32m200 [0m332.216 ms - 38269[0m
[0mGET /api/category/main/list [36m304 [0m418.274 ms - -[0m
[0mGET /api/customer/getUserByEmailId?email=abalo@gmail.com [36m304 [0m256.540 ms - -[0m
[0mGET /api/productgros/getAllGroceryStaple [32m200 [0m291.008 ms - 996[0m
[0mGET /api/productgros/getAllGroceryStaple [36m304 [0m33.904 ms - -[0m
[0mGET /produit/16986225550951693377089511img4.png [36m304 [0m20.636 ms - -[0m
[0mGET /produit/1698621829120arr1.jpg [36m304 [0m16.594 ms - -[0m
[0mGET /produit/1698621513509ARR11.jpg [36m304 [0m12.646 ms - -[0m
[0mGET /api/category/main/list [36m304 [0m122.831 ms - -[0m
[0mGET /api/product/getAllGroceryStaple [36m304 [0m141.364 ms - -[0m
[0mGET /api/customer/getUserByEmailId?email=abalo@gmail.com [36m304 [0m72.052 ms - -[0m
[0mGET /api/product/getAllGroceryStaple [36m304 [0m92.380 ms - -[0m
[0mGET /api/product/getAllGroceryStaple [36m304 [0m56.201 ms - -[0m
[0mGET /api/category/main/list [36m304 [0m73.716 ms - -[0m
[0mGET /api/product/getAllGroceryStaple [36m304 [0m117.056 ms - -[0m
[0mGET /produit/1695990880479SACS.jpg [36m304 [0m11.825 ms - -[0m
[0mGET /produit/1695753661047tap3.jpg [36m304 [0m31.390 ms - -[0m
[0mGET /produit/1695752820497e3.jpg [36m304 [0m28.186 ms - -[0m
[0mGET /produit/1695751668068ARR32.jpg [36m304 [0m24.984 ms - -[0m
[0mGET /produit/1695754614263T1.jpg [36m304 [0m23.503 ms - -[0m
[0mGET /produit/1695754196334ENST.jpg [36m304 [0m106.505 ms - -[0m
[0mGET /api/productgros/getAllGroceryStaple [36m304 [0m50.264 ms - -[0m
[0mGET /api/productgros/getAllGroceryStaple [36m304 [0m64.395 ms - -[0m
[0mGET /api/product/getAllGroceryStaple [36m304 [0m89.384 ms - -[0m
[0mGET /api/productgros/getAllGroceryStaple [36m304 [0m25.447 ms - -[0m
[0mGET /api/product/getAllGroceryStaple [36m304 [0m983.457 ms - -[0m
[0mGET /api/productgros/getAllGroceryStaple [36m304 [0m904.314 ms - -[0m
[0mGET /api/productgros/getAllGroceryStaple [36m304 [0m31.303 ms - -[0m
[0mGET /api/productgros/getAllGroceryStaple [36m304 [0m14.571 ms - -[0m
[0mGET /api/productgros/getAllGroceryStaple [36m304 [0m20.270 ms - -[0m
[0mGET /api/productgros/getAllGroceryStaple [36m304 [0m17.498 ms - -[0m
[0mGET /api/productgros/getAllGroceryStaple [36m304 [0m72.138 ms - -[0m
[0mGET /api/productgros/getAllGroceryStaple [36m304 [0m21.392 ms - -[0m
[0mGET /api/productgros/getAllGroceryStaple [36m304 [0m84.056 ms - -[0m
[0mGET /api/productgros/getAllGroceryStaple [36m304 [0m20.511 ms - -[0m
[0mGET /api/productgros/getAllGroceryStaple [36m304 [0m12.242 ms - -[0m
[0mGET /api/productgros/getAllGroceryStaple [36m304 [0m51.090 ms - -[0m
[0mGET /api/productgros/getAllGroceryStaple [36m304 [0m55.605 ms - -[0m
[0mGET /api/productgros/getAllGroceryStaple [36m304 [0m24.678 ms - -[0m
[0mGET /api/productgros/getAllGroceryStaple [36m304 [0m20.678 ms - -[0m
[0mGET /api/product/getWebProductById?id=5 [32m200 [0m266.925 ms - 610[0m
[0mGET /api/product/similar?chilCategoryId=2 [32m200 [0m67.826 ms - 350[0m
[0mGET /produit/1697602143219ENST.jpg [32m200 [0m155.212 ms - 4600[0m
[0mGET /produit/1697602231904CH4.jpg [32m200 [0m172.326 ms - 7684[0m
[0mGET /produit/1695941364451ENSY.jpg [32m200 [0m180.696 ms - 8789[0m
[0mGET /api/category/main/list [36m304 [0m49.797 ms - -[0m
[0mGET /api/product/getAllGroceryStaple [36m304 [0m132.402 ms - -[0m
[0mGET /api/productgros/getAllGroceryStaple [36m304 [0m196.241 ms - -[0m
[0mGET /api/product/getWebProductById?id=4 [32m200 [0m86.893 ms - 367[0m
[0mGET /api/product/similar?chilCategoryId=9 [32m200 [0m22.179 ms - 350[0m
[0mGET /api/category/main/list [36m304 [0m43.682 ms - -[0m
[0mGET /api/product/getAllGroceryStaple [36m304 [0m204.665 ms - -[0m
[0mGET /api/productgros/getAllGroceryStaple [36m304 [0m248.938 ms - -[0m
[0mGET /api/product/getWebProductById?id=3 [36m304 [0m32.955 ms - -[0m
[0mGET /api/product/similar?chilCategoryId=1 [36m304 [0m102.867 ms - -[0m
[0mGET /api/category/main/list [36m304 [0m214.658 ms - -[0m
[0mGET /api/product/getAllGroceryStaple [36m304 [0m220.677 ms - -[0m
[0mGET /api/productgros/getAllGroceryStaple [36m304 [0m81.743 ms - -[0m
[0mGET /produit/1696998821128ARR5.jpg [36m304 [0m33.344 ms - -[0m
[0mGET /produit/1695989601836C2.jpg [36m304 [0m30.595 ms - -[0m
[0mGET /produit/1695989675538cas.jpg [36m304 [0m27.455 ms - -[0m
[0mGET /produit/1695989763210acc1.jpg [36m304 [0m22.396 ms - -[0m
[0mGET /produit/1695990880479SACS.jpg [36m304 [0m90.082 ms - -[0m
[0mGET /produit/1695754614263T1.jpg [36m304 [0m86.718 ms - -[0m
[0mGET /produit/1695754196334ENST.jpg [36m304 [0m79.852 ms - -[0m
[0mGET /produit/1695753661047tap3.jpg [36m304 [0m77.709 ms - -[0m
[0mGET /produit/1695751668068ARR32.jpg [36m304 [0m70.595 ms - -[0m
[0mGET /produit/1698621829120arr1.jpg [36m304 [0m24.375 ms - -[0m
[0mGET /produit/16986225550951693377089511img4.png [36m304 [0m15.772 ms - -[0m
[0mGET /produit/1698621513509ARR11.jpg [36m304 [0m14.453 ms - -[0m
[0mGET /api/category/main/list [32m200 [0m1213.981 ms - 696[0m
[0mGET /api/category/sub-category/list [32m200 [0m1215.773 ms - 1107[0m
[0mGET /api/category/child-category/list [32m200 [0m1208.382 ms - 3018[0m
[0mGET /api/product/getAllproduct [32m200 [0m1205.736 ms - 2704[0m
[0mGET /api/category/main/list [32m200 [0m15.638 ms - 696[0m
[0mGET /api/product/getAllGroceryStaple [32m200 [0m37.990 ms - 1976[0m
[0mGET /api/productgros/getAllGroceryStaple [32m200 [0m458.380 ms - 996[0m
[0mGET /produit/1695989675538cas.jpg [32m200 [0m41.387 ms - 3513[0m
[0mGET /produit/1695989601836C2.jpg [32m200 [0m67.918 ms - 8412[0m
[0mGET /produit/1696998821128ARR5.jpg [32m200 [0m250.311 ms - 3588[0m
[0mGET /produit/1695989763210acc1.jpg [32m200 [0m11.816 ms - 7482[0m
[0mGET /produit/1695990880479SACS.jpg [32m200 [0m10.369 ms - 7551[0m
[0mGET /produit/1695754614263T1.jpg [32m200 [0m56.297 ms - 9012[0m
[0mGET /produit/1695754196334ENST.jpg [32m200 [0m47.883 ms - 4600[0m
[0mGET /produit/1695753661047tap3.jpg [32m200 [0m40.529 ms - 9338[0m
[0mGET /produit/1695752820497e3.jpg [32m200 [0m8.678 ms - 7440[0m
[0mGET /produit/16986225550951693377089511img4.png [32m200 [0m41.865 ms - 38269[0m
[0mGET /produit/1698621829120arr1.jpg [32m200 [0m52.642 ms - 2193[0m
[0mGET /produit/1695751668068ARR32.jpg [32m200 [0m125.689 ms - 1907[0m
[0mGET /produit/1698621513509ARR11.jpg [32m200 [0m53.162 ms - 2022[0m
[0mGET /api/category/main/list [36m304 [0m174.383 ms - -[0m
[0mGET /api/category/sub-category/list [36m304 [0m152.750 ms - -[0m
[0mGET /api/category/child-category/list [36m304 [0m185.621 ms - -[0m
[0mGET /api/product/getAllproduct [36m304 [0m204.615 ms - -[0m
[0mGET /api/category/main/list [36m304 [0m35.253 ms - -[0m
[0mGET /produit/1696998821128ARR5.jpg [36m304 [0m23.013 ms - -[0m
[0mGET /produit/1695989601836C2.jpg [36m304 [0m18.544 ms - -[0m
[0mGET /produit/1695989675538cas.jpg [36m304 [0m16.600 ms - -[0m
[0mGET /produit/1695989763210acc1.jpg [36m304 [0m42.075 ms - -[0m
[0mGET /api/category/main/list [36m304 [0m120.860 ms - -[0m
[0mGET /api/category/main/list [36m304 [0m12.082 ms - -[0m
[0mGET /api/category/main/list [36m304 [0m29.280 ms - -[0m
[0mGET /api/category/main/list [36m304 [0m37.028 ms - -[0m
[0mGET /api/category/main/list [32m200 [0m356.019 ms - 696[0m
[0mGET /produit/1695989763210acc1.jpg [32m200 [0m319.534 ms - 7482[0m
[0mGET /produit/1695989601836C2.jpg [32m200 [0m348.745 ms - 8412[0m
[0mGET /produit/1696998821128ARR5.jpg [32m200 [0m385.936 ms - 3588[0m
[0mGET /produit/1695989675538cas.jpg [32m200 [0m450.724 ms - 3513[0m
[0mGET /api/category/main/list [32m200 [0m8.611 ms - 696[0m
[0mGET /api/product/getAllGroceryStaple [32m200 [0m123.098 ms - 1976[0m
[0mGET /api/productgros/getAllGroceryStaple [32m200 [0m221.110 ms - 996[0m
[0mGET /produit/1696998821128ARR5.jpg [36m304 [0m8.480 ms - -[0m
[0mGET /produit/1695989601836C2.jpg [36m304 [0m3.129 ms - -[0m
[0mGET /produit/1695989675538cas.jpg [36m304 [0m2.802 ms - -[0m
[0mGET /produit/1695989763210acc1.jpg [36m304 [0m6.726 ms - -[0m
[0mPOST /api/category/createvideopub [32m200 [0m23075.279 ms - 54[0m
[0mGET /api/category/main/list [36m304 [0m36.583 ms - -[0m
[0mGET /produit/1695990880479SACS.jpg [32m200 [0m191.051 ms - 7551[0m
[0mGET /produit/1695754614263T1.jpg [32m200 [0m412.911 ms - 9012[0m
[0mGET /produit/1695754196334ENST.jpg [32m200 [0m5.025 ms - 4600[0m
[0mGET /produit/1695753661047tap3.jpg [32m200 [0m4.515 ms - 9338[0m
[0mGET /produit/1695752820497e3.jpg [32m200 [0m139.549 ms - 7440[0m
[0mGET /produit/1695751668068ARR32.jpg [32m200 [0m152.357 ms - 1907[0m
[0mGET /produit/16986225550951693377089511img4.png [32m200 [0m28.558 ms - 38269[0m
[0mGET /produit/1698621829120arr1.jpg [32m200 [0m26.386 ms - 2193[0m
[0mGET /produit/1698621513509ARR11.jpg [32m200 [0m368.395 ms - 2022[0m
[0mGET /api/category/main/list [36m304 [0m15.386 ms - -[0m
[0mGET /produit/1695941364451ENSY.jpg [32m200 [0m59.833 ms - 8789[0m
[0mGET /api/category/main/list [36m304 [0m36.089 ms - -[0m
[0mGET /api/product/getAllGroceryStaple [36m304 [0m39.612 ms - -[0m
[0mGET /api/productgros/getAllGroceryStaple [36m304 [0m34.928 ms - -[0m
[0mGET /produit/1696998821128ARR5.jpg [36m304 [0m8.656 ms - -[0m
[0mGET /produit/1695989601836C2.jpg [36m304 [0m7.408 ms - -[0m
[0mGET /produit/1695989675538cas.jpg [36m304 [0m5.989 ms - -[0m
[0mGET /produit/1695989763210acc1.jpg [36m304 [0m5.757 ms - -[0m
[0mGET /produit/1695990880479SACS.jpg [36m304 [0m12.955 ms - -[0m
[0mGET /produit/1695754614263T1.jpg [36m304 [0m10.506 ms - -[0m
[0mGET /produit/1695754196334ENST.jpg [36m304 [0m21.231 ms - -[0m
[0mGET /produit/1695753661047tap3.jpg [36m304 [0m17.873 ms - -[0m
[0mGET /produit/1695752820497e3.jpg [36m304 [0m8.686 ms - -[0m
[0mGET /produit/1695751668068ARR32.jpg [36m304 [0m8.750 ms - -[0m
[0mGET /produit/16986225550951693377089511img4.png [36m304 [0m9.422 ms - -[0m
[0mGET /produit/1698621829120arr1.jpg [36m304 [0m7.707 ms - -[0m
[0mGET /produit/1698621513509ARR11.jpg [36m304 [0m7.323 ms - -[0m
[0mGET /api/category/main/list [36m304 [0m11.569 ms - -[0m
[0mGET /api/category/affichevideo [33m404 [0m43.374 ms - 7585[0m
[0mGET /api/category/affichevideopub [32m200 [0m41.025 ms - 184[0m
[0mGET /api/category/affichevideopub [32m200 [0m21.277 ms - 184[0m
[0mGET /videos/1698670790616.mp4 [33m404 [0m28.201 ms - 7466[0m
[0mGET /api/category/affichevideopub [36m304 [0m21.149 ms - -[0m
[0mGET /videos/1698670790616.mp4 [33m404 [0m12.466 ms - 7466[0m
[0mGET /api/category/affichevideopub [36m304 [0m202.220 ms - -[0m
[0mGET /videos/1698670790616.mp4 [33m404 [0m172.316 ms - 7544[0m
[0mGET /api/category/affichevideopub [36m304 [0m79.743 ms - -[0m
[0mGET /videos/1698670790616.mp4 [32m206 [0m70.336 ms - 8522150[0m
[0mGET /api/category/affichevideopub [36m304 [0m15.420 ms - -[0m
[0mGET /videos/1698670790616.mp4 [36m304 [0m5.287 ms - -[0m
[0mGET /videos/1698670790616.mp4 [32m206 [0m8.617 ms - 5310886[0m
[0mGET /api/category/affichevideopub [32m200 [0m8.809 ms - 184[0m
[0mGET /videos/1698670790616.mp4 [32m206 [0m5.526 ms - 8522150[0m
[0mGET /api/category/affichevideopub [36m304 [0m6.725 ms - -[0m
[0mGET /videos/1698670790616.mp4 [36m304 [0m601.460 ms - -[0m
[0mGET /api/category/affichevideopub [36m304 [0m45.883 ms - -[0m
[0mGET /api/category/affichevideopub [36m304 [0m12.476 ms - -[0m
[0mGET /api/category/affichevideopub [36m304 [0m11.126 ms - -[0m
[0mGET /videos/1698670790616.mp4 [36m304 [0m7.171 ms - -[0m
[0mGET /videos/1698670790616.mp4 [36m304 [0m1.879 ms - -[0m
[0mGET /videos/1698670790616.mp4 [36m304 [0m4.708 ms - -[0m
[0mGET /videos/1698670790616.mp4 [36m304 [0m3.754 ms - -[0m
[0mGET /videos/1698670790616.mp4 [36m304 [0m2.245 ms - -[0m
[0mGET /videos/1698670790616.mp4 [36m304 [0m2.410 ms - -[0m
[0mGET /videos/1698670790616.mp4 [32m206 [0m3.322 ms - 5307277[0m
[0mGET /videos/1698670790616.mp4 [36m304 [0m3.156 ms - -[0m
[0mGET /api/category/affichevideopub [36m304 [0m17.159 ms - -[0m
[0mGET /videos/1698670790616.mp4 [36m304 [0m4.165 ms - -[0m
[0mGET /api/category/affichevideopub [36m304 [0m12.127 ms - -[0m
[0mGET /api/category/affichevideopub [36m304 [0m24.818 ms - -[0m
[0mGET /api/category/affichevideopub [36m304 [0m10.212 ms - -[0m
[0mGET /api/category/affichevideopub [36m304 [0m7.526 ms - -[0m
[0mGET /videos/1698670790616.mp4 [36m304 [0m3.725 ms - -[0m
[0mGET /videos/1698670790616.mp4 [36m304 [0m1.929 ms - -[0m
[0mGET /videos/1698670790616.mp4 [36m304 [0m1.938 ms - -[0m
[0mGET /videos/1698670790616.mp4 [36m304 [0m2.082 ms - -[0m
[0mGET /videos/1698670790616.mp4 [36m304 [0m2.892 ms - -[0m
[0mGET /videos/1698670790616.mp4 [36m304 [0m1.924 ms - -[0m
[0mGET /api/category/affichevideopub [36m304 [0m9.963 ms - -[0m
[0mGET /api/category/affichevideopub [36m304 [0m12.917 ms - -[0m
[0mGET /api/category/affichevideopub [36m304 [0m7.197 ms - -[0m
[0mGET /videos/1698670790616.mp4 [36m304 [0m4.142 ms - -[0m
[0mGET /videos/1698670790616.mp4 [36m304 [0m3.835 ms - -[0m
[0mGET /videos/1698670790616.mp4 [32m206 [0m42.923 ms - 8522150[0m
[0mGET /api/category/affichevideopub [36m304 [0m14.728 ms - -[0m
[0mGET /api/category/affichevideopub [36m304 [0m7.368 ms - -[0m
[0mGET /api/order/addressList [32m200 [0m603.017 ms - 998[0m
[0mGET /api/category/affichevideopub [36m304 [0m9.407 ms - -[0m
[0mGET /videos/1698670790616.mp4 [36m304 [0m9.268 ms - -[0m
[0mGET /videos/1698670790616.mp4 [36m304 [0m3.307 ms - -[0m
[0mGET /videos/1698670790616.mp4 [36m304 [0m4.044 ms - -[0m
[0mGET /videos/1698670790616.mp4 [36m304 [0m3.752 ms - -[0m
[0mGET /videos/1698670790616.mp4 [36m304 [0m3.172 ms - -[0m
[0mGET /videos/1698670790616.mp4 [36m304 [0m2.857 ms - -[0m
[0mGET /api/category/main/list [32m200 [0m38.292 ms - 696[0m
[0mGET /produit/1695989601836C2.jpg [32m200 [0m31.159 ms - 8412[0m
[0mGET /produit/1695989763210acc1.jpg [32m200 [0m26.926 ms - 7482[0m
[0mGET /produit/1695989675538cas.jpg [32m200 [0m34.230 ms - 3513[0m
[0mGET /produit/1696998821128ARR5.jpg [32m200 [0m81.888 ms - 3588[0m
[0mGET /api/category/affichevideopub [36m304 [0m8.016 ms - -[0m
[0mGET /api/category/affichevideopub [36m304 [0m8.636 ms - -[0m
[0mGET /videos/1698670790616.mp4 [36m304 [0m132.620 ms - -[0m
[0mGET /videos/1698670790616.mp4 [32m206 [0m94.817 ms - 8522150[0m
[0mGET /api/category/affichevideopub [36m304 [0m12.599 ms - -[0m
[0mGET /videos/1698670790616.mp4 [32m206 [0m6.134 ms - 8522150[0m
[0mGET /api/category/affichevideopub [36m304 [0m9.701 ms - -[0m
[0mGET /videos/1698670790616.mp4 [36m304 [0m3.568 ms - -[0m
[0mPOST /api/product/main/update [32m200 [0m506.982 ms - 45[0m
[0mGET /api/category/affichevideopub [36m304 [0m9.917 ms - -[0m
[0mGET /videos/1698670790616.mp4 [36m304 [0m3.026 ms - -[0m
[0mGET /videos/1698670790616.mp4 [36m304 [0m1.702 ms - -[0m
[0mGET /videos/1698670790616.mp4 [36m304 [0m4.604 ms - -[0m
[0mGET /videos/1698670790616.mp4 [36m304 [0m1.778 ms - -[0m
[0mPOST /api/product/main/update [31m500 [0m2755.628 ms - 3522[0m
[0mGET /api/order/addressList [36m304 [0m153.149 ms - -[0m
[0mGET /api/category/affichevideopub [36m304 [0m13.767 ms - -[0m
[0mGET /videos/1698670790616.mp4 [36m304 [0m10.928 ms - -[0m
[0mGET /videos/1698670790616.mp4 [36m304 [0m2.776 ms - -[0m
[0mGET /videos/1698670790616.mp4 [36m304 [0m2.484 ms - -[0m
[0mGET /videos/1698670790616.mp4 [36m304 [0m4.393 ms - -[0m
[0mGET /videos/1698670790616.mp4 [36m304 [0m2.141 ms - -[0m
[0mPOST /api/category/createvideopub [32m200 [0m1144.315 ms - 54[0m
[0mGET /api/category/affichevideopub [32m200 [0m24.510 ms - 346[0m
[0mGET /videos/1698677541989.mp4 [32m206 [0m250.511 ms - 72016740[0m
[0mGET /videos/1698677541989.mp4 [32m206 [0m5.782 ms - 70378340[0m
[0mPOST /api/category/createvideopub [32m200 [0m15197.598 ms - 54[0m
[0mGET /api/category/affichevideopub [32m200 [0m10.712 ms - 514[0m
[0mGET /videos/1698677564643.mp4 [32m206 [0m6.801 ms - 242532328[0m
[0mGET /videos/1698677564643.mp4 [32m206 [0m3.674 ms - 240435176[0m
[0mGET /videos/1698677564643.mp4 [32m206 [0m4.272 ms - 173817832[0m
[0mGET /videos/1698677564643.mp4 [32m206 [0m3.242 ms - 126042088[0m
[0mGET /videos/1698677541989.mp4 [32m206 [0m94.993 ms - 59138916[0m
[0mGET /videos/1698677564643.mp4 [32m206 [0m2.517 ms - 95338472[0m
[0mGET /api/category/affichevideopub [36m304 [0m47.501 ms - -[0m
[0mGET /videos/1698670790616.mp4 [36m304 [0m19.681 ms - -[0m
[0mGET /videos/1698677541989.mp4 [32m206 [0m38.909 ms - 72016740[0m
[0mGET /videos/1698677564643.mp4 [32m206 [0m34.705 ms - 242532328[0m
[0mGET /videos/1698677541989.mp4 [36m304 [0m6.070 ms - -[0m
[0mGET /videos/1698670790616.mp4 [36m304 [0m8.649 ms - -[0m
[0mGET /videos/1698670790616.mp4 [36m304 [0m4.237 ms - -[0m
[0mGET /videos/1698670790616.mp4 [36m304 [0m3.653 ms - -[0m
[0mPOST /api/product/main/update [31m500 [0m6308.858 ms - 3522[0m
[0mGET /api/category/affichevideopub [0m- [0m- ms - -[0m
[0mGET /api/category/affichevideopub [32m200 [0m16.791 ms - 514[0m
[0mGET /videos/1698670790616.mp4 [36m304 [0m22.098 ms - -[0m
[0mGET /videos/1698677541989.mp4 [36m304 [0m13.051 ms - -[0m
[0mGET /videos/1698677564643.mp4 [36m304 [0m14.307 ms - -[0m
[0mGET /videos/1698677541989.mp4 [36m304 [0m10.413 ms - -[0m
[0mGET /videos/1698670790616.mp4 [36m304 [0m11.114 ms - -[0m
[0mGET /videos/1698670790616.mp4 [36m304 [0m2.706 ms - -[0m
[0mGET /videos/1698670790616.mp4 [36m304 [0m2.680 ms - -[0m
[0mPOST /api/product/main/update [32m200 [0m210.797 ms - 45[0m
[0mGET /api/category/affichevideopub [36m304 [0m13.736 ms - -[0m
[0mGET /api/category/affichevideopub [36m304 [0m12.933 ms - -[0m
[0mGET /api/category/child-category/list [32m200 [0m278.322 ms - 3018[0m
[0mGET /api/category/main/list [32m200 [0m7.647 ms - 696[0m
[0mGET /produit/1695989601836C2.jpg [36m304 [0m94.635 ms - -[0m
[0mGET /produit/1695989675538cas.jpg [36m304 [0m96.102 ms - -[0m
[0mGET /produit/1695989763210acc1.jpg [36m304 [0m91.616 ms - -[0m
[0mGET /produit/1696998821128ARR5.jpg [36m304 [0m171.547 ms - -[0m
[0mPOST /api/product/main/update [32m200 [0m161.188 ms - 45[0m
[0mGET /api/category/main/list [32m200 [0m12.917 ms - 701[0m
[0mGET /produit/1695989601836C2.jpg [36m304 [0m18.741 ms - -[0m
[0mGET /produit/1695989675538cas.jpg [36m304 [0m15.988 ms - -[0m
[0mGET /produit/1695989763210acc1.jpg [36m304 [0m14.440 ms - -[0m
[0mGET /produit/1698679101965basket4.jpg [32m200 [0m30.022 ms - 9813[0m
[0mGET /api/category/affichevideopub [36m304 [0m60.172 ms - -[0m
[0mGET /videos/1698670790616.mp4 [36m304 [0m8.852 ms - -[0m
[0mGET /videos/1698677541989.mp4 [36m304 [0m7.843 ms - -[0m
[0mGET /videos/1698677564643.mp4 [36m304 [0m5.503 ms - -[0m
[0mGET /videos/1698677541989.mp4 [32m206 [0m10.329 ms - 68936548[0m
[0mGET /videos/1698670790616.mp4 [36m304 [0m4.639 ms - -[0m
[0mGET /videos/1698670790616.mp4 [36m304 [0m2.264 ms - -[0m
[0mGET /videos/1698670790616.mp4 [36m304 [0m7.669 ms - -[0m
[0mGET /videos/1698670790616.mp4 [36m304 [0m5.809 ms - -[0m
[0mGET /videos/1698670790616.mp4 [36m304 [0m8.807 ms - -[0m
[0mGET /videos/1698670790616.mp4 [36m304 [0m4.204 ms - -[0m
[0mPOST /api/product/main/update [31m500 [0m571.379 ms - 3522[0m
[0mPOST /api/product/main/update [32m200 [0m194.028 ms - 45[0m
[0mGET /api/category/affichevideopub [36m304 [0m18.374 ms - -[0m
[0mGET /videos/1698670790616.mp4 [36m304 [0m16.913 ms - -[0m
[0mGET /videos/1698677541989.mp4 [36m304 [0m15.233 ms - -[0m
[0mGET /videos/1698677564643.mp4 [36m304 [0m12.219 ms - -[0m
[0mGET /videos/1698670790616.mp4 [36m304 [0m4.084 ms - -[0m
[0mGET /videos/1698670790616.mp4 [36m304 [0m3.583 ms - -[0m
[0mPOST /api/product/main/update [31m500 [0m370.409 ms - 3522[0m
[0mGET /api/category/affichevideopub [32m200 [0m61.916 ms - 514[0m
[0mPOST /api/product/updatehomevideo [32m200 [0m1216.082 ms - 45[0m
[0mGET /api/category/affichevideopub [32m200 [0m29.934 ms - 522[0m
[0mGET /videos/1698677541989.mp4 [36m304 [0m9.348 ms - -[0m
[0mGET /videos/1698677564643.mp4 [36m304 [0m9.736 ms - -[0m
[0mGET /videos/1698680639871.mp4 [32m206 [0m9.080 ms - 16669900[0m
[0mGET /videos/1698680639871.mp4 [32m206 [0m6.598 ms - 16080076[0m
[0mGET /api/category/affichevideopub [32m200 [0m17.813 ms - 522[0m
[0mGET /api/category/affichevideopub [36m304 [0m12.278 ms - -[0m
[0mGET /videos/1698677541989.mp4 [36m304 [0m23.561 ms - -[0m
[0mGET /videos/1698677564643.mp4 [36m304 [0m25.350 ms - -[0m
[0mGET /videos/1698680639871.mp4 [32m206 [0m31.915 ms - 16669900[0m
[0mGET /videos/1698677541989.mp4 [32m206 [0m5.096 ms - 68871012[0m
[0mGET /api/category/affichevideopub [36m304 [0m25.592 ms - -[0m
[0mGET /api/category/affichevideopub [36m304 [0m28.379 ms - -[0m
[0mGET /videos/1698680639871.mp4 [36m304 [0m8.662 ms - -[0m
[0mGET /videos/1698677541989.mp4 [36m304 [0m10.035 ms - -[0m
[0mGET /videos/1698677564643.mp4 [36m304 [0m6.228 ms - -[0m
[0mGET /videos/1698677541989.mp4 [36m304 [0m2.937 ms - -[0m
[0mGET /videos/1698680639871.mp4 [36m304 [0m2.870 ms - -[0m
[0mGET /videos/1698680639871.mp4 [32m206 [0m2.627 ms - 13585976[0m
[0mGET /api/category/affichevideopub [36m304 [0m26.762 ms - -[0m
[0mGET /api/category/affichevideopub [36m304 [0m23.148 ms - -[0m
[0mGET /videos/1698680639871.mp4 [36m304 [0m8.157 ms - -[0m
[0mGET /videos/1698677541989.mp4 [36m304 [0m7.368 ms - -[0m
[0mGET /videos/1698677564643.mp4 [36m304 [0m3.754 ms - -[0m
[0mOPTIONS /api/category/deletehomeId?id=3 [32m204 [0m11.121 ms - 0[0m
[0mDELETE /api/category/deletehomeId?id=3 [33m404 [0m207.471 ms - 7650[0m
[0mOPTIONS /api/category/deletehomeId?id=3 [32m204 [0m11.096 ms - 0[0m
[0mDELETE /api/category/deletehomeId?id=3 [32m200 [0m259.067 ms - 62[0m
[0mGET /api/category/affichevideopub [32m200 [0m55.342 ms - 354[0m
[0mOPTIONS /api/category/deletehomeId?id=2 [32m204 [0m3.056 ms - 0[0m
[0mDELETE /api/category/deletehomeId?id=2 [32m200 [0m122.280 ms - 62[0m
[0mGET /api/category/affichevideopub [32m200 [0m9.216 ms - 192[0m
[0mGET /api/category/listtaille [33m404 [0m44.802 ms - 7650[0m
[0mGET /api/product/getAllproduct [32m200 [0m176.644 ms - 2704[0m
[0mGET /videos/1698677541989.mp4 [36m304 [0m57.124 ms - -[0m
[0mGET /videos/1698677541989.mp4 [32m206 [0m26.801 ms - 72016740[0m
[0mGET /videos/1698680639871.mp4 [36m304 [0m223.455 ms - -[0m
[0mGET /videos/1698677564643.mp4 [36m304 [0m722.242 ms - -[0m
[0mGET /videos/1698680639871.mp4 [32m206 [0m628.618 ms - 16669900[0m
[0mGET /videos/1698677541989.mp4 [32m206 [0m83.521 ms - 72016740[0m
[0mGET /videos/1698670790616.mp4 [32m206 [0m106.344 ms - 8522150[0m
[0mGET /videos/1698677564643.mp4 [32m206 [0m63.984 ms - 242532328[0m
[0mGET /videos/1698677541989.mp4 [36m304 [0m7.103 ms - -[0m
[0mGET /videos/1698677541989.mp4 [32m206 [0m43.895 ms - 72016740[0m
[0mGET /videos/1698677564643.mp4 [32m206 [0m285.966 ms - 242532328[0m
[0mGET /videos/1698680639871.mp4 [32m206 [0m8.523 ms - 16669900[0m
[0mGET /videos/1698677541989.mp4 [32m206 [0m9.366 ms - 72016740[0m
[0mGET /videos/1698677564643.mp4 [36m304 [0m175.248 ms - -[0m
[0mGET /videos/1698680639871.mp4 [32m206 [0m115.171 ms - 16669900[0m
[0mGET /videos/1698677564643.mp4 [32m206 [0m646.391 ms - 242532328[0m
[0mGET /api/category/listtaille [33m404 [0m84.234 ms - 7650[0m
[0mGET /api/product/getAllproduct [36m304 [0m148.405 ms - -[0m
[0mGET /videos/1698677541989.mp4 [32m206 [0m5.986 ms - 71132004[0m
[0mGET /videos/1698680639871.mp4 [36m304 [0m5.228 ms - -[0m
[0mGET /videos/1698680639871.mp4 [36m304 [0m2.599 ms - -[0m
[0mGET /api/category/listtaille [33m404 [0m25.800 ms - 7650[0m
[0mGET /api/product/getAllproduct [36m304 [0m57.013 ms - -[0m
[0mGET /api/category/listtaille [33m404 [0m12.522 ms - 7650[0m
[0mGET /api/product/getAllproduct [36m304 [0m37.184 ms - -[0m
[0mGET / [33m404 [0m166.755 ms - 7544[0m
[0mGET /api/category/affichevideopub [32m200 [0m66.414 ms - 192[0m
[0mGET /api/product/getAllproduct [36m304 [0m309.776 ms - -[0m
[0mGET /api/category/affichevideopub [36m304 [0m8.496 ms - -[0m
[0mGET /api/product/getAllproduct [36m304 [0m32.751 ms - -[0m
[0mGET /api/product/getAllproduct [36m304 [0m65.263 ms - -[0m
[0mGET /api/product/getAllproduct [36m304 [0m68.140 ms - -[0m
[0mGET /videos/1698680639871.mp4 [36m304 [0m14.293 ms - -[0m
[0mGET /api/category/affichetitle [32m200 [0m35.337 ms - 26[0m
[0mGET /api/category/affichecouleur [32m200 [0m35.109 ms - 26[0m
[0mGET /api/category/affichecouleur [36m304 [0m13.512 ms - -[0m
[0mGET /api/category/affichetitle [36m304 [0m15.713 ms - -[0m
[0mGET /api/category/affichetitle [36m304 [0m14.712 ms - -[0m
[0mGET /api/category/affichecouleur [36m304 [0m12.131 ms - -[0m
[0mOPTIONS /api/category/createtitle [32m204 [0m2.091 ms - 0[0m
[0mPOST /api/category/createtitle [31m500 [0m10.368 ms - 34[0m
[0mGET /api/category/affichetitle [36m304 [0m25.594 ms - -[0m
[0mGET /api/category/affichecouleur [36m304 [0m22.483 ms - -[0m
[0mOPTIONS /api/category/createcouleur [32m204 [0m2.965 ms - 0[0m
[0mPOST /api/category/createcouleur [31m500 [0m8.876 ms - 34[0m
[0mPOST /api/category/createcouleur [32m200 [0m133.564 ms - 55[0m
[0mGET /api/category/affichecouleur [32m200 [0m6.943 ms - 227[0m
[0mPOST /api/category/createcouleur [32m200 [0m184.064 ms - 55[0m
[0mGET /api/category/affichecouleur [36m304 [0m101.336 ms - -[0m
[0mPOST /api/category/createcouleur [32m200 [0m125.735 ms - 55[0m
[0mGET /api/category/affichecouleur [32m200 [0m6.612 ms - 227[0m
[0mOPTIONS /api/category/createtitle [32m204 [0m1.443 ms - 0[0m
[0mPOST /api/category/createtitle [31m500 [0m103.058 ms - 34[0m
[0mPOST /api/category/createtitle [31m500 [0m9.936 ms - 34[0m
[0mPOST /api/category/createtitle [31m500 [0m13.010 ms - 34[0m
[0mPOST /api/category/createcouleur [32m200 [0m154.121 ms - 55[0m
[0mPOST /api/category/createtitle [31m500 [0m90.207 ms - 34[0m
[0mPOST /api/category/createtitle [32m200 [0m165.801 ms - 55[0m
[0mOPTIONS /api/category/createtitle [32m204 [0m4.149 ms - 0[0m
[0mPOST /api/category/createtitle [32m200 [0m95.973 ms - 55[0m
[0mGET /api/category/affichetitle [32m200 [0m31.894 ms - 229[0m
[0mPOST /api/category/createtitle [32m200 [0m155.634 ms - 55[0m
[0mGET /api/category/affichetitle [32m200 [0m7.998 ms - 229[0m
[0mOPTIONS /api/category/createcouleur [32m204 [0m3.204 ms - 0[0m
[0mPOST /api/category/createcouleur [32m200 [0m61.048 ms - 55[0m
[0mGET /api/category/affichecouleur [32m200 [0m13.968 ms - 430[0m
[0mGET /api/category/affichetitle [36m304 [0m29.274 ms - -[0m
[0mGET /api/category/affichecouleur [36m304 [0m31.328 ms - -[0m
[0mGET /api/category/affichetitle [36m304 [0m17.012 ms - -[0m
[0mGET /api/category/affichecouleur [36m304 [0m19.526 ms - -[0m
[0mGET /api/category/affichetitle [36m304 [0m12.938 ms - -[0m
[0mGET /api/category/affichecouleur [36m304 [0m12.297 ms - -[0m
[0mGET /api/category/affichetitle [36m304 [0m12.687 ms - -[0m
[0mGET /api/category/affichecouleur [36m304 [0m12.901 ms - -[0m
[0mGET /api/category/affichetitle [36m304 [0m35.679 ms - -[0m
[0mGET /api/category/affichecouleur [36m304 [0m22.755 ms - -[0m
[0mOPTIONS /api/category/deletecouleurId?id=4 [32m204 [0m3.031 ms - 0[0m
[0mDELETE /api/category/deletecouleurId?id=4 [32m200 [0m66.131 ms - 62[0m
[0mGET /api/category/affichecouleur [32m200 [0m44.901 ms - 328[0m
[0mOPTIONS /api/category/deletecouleurId?id=2 [32m204 [0m2.454 ms - 0[0m
[0mDELETE /api/category/deletecouleurId?id=2 [32m200 [0m103.052 ms - 62[0m
[0mGET /api/category/affichetitle [36m304 [0m11.422 ms - -[0m
[0mGET /api/category/affichecouleur [32m200 [0m16.905 ms - 227[0m
[0mGET /api/category/affichetitle [36m304 [0m29.837 ms - -[0m
[0mGET /api/category/affichevideopub [36m304 [0m16.319 ms - -[0m
[0mOPTIONS /api/category/deletetitleId?id=2 [32m204 [0m2.040 ms - 0[0m
[0mDELETE /api/category/deletetitleId?id=2 [32m200 [0m73.400 ms - 62[0m
[0mGET /api/category/affichetitle [32m200 [0m33.774 ms - 126[0m
[0mOPTIONS /api/category/updatecouleur [32m204 [0m1.584 ms - 0[0m
[0mPOST /api/category/updatecouleur [32m200 [0m74.885 ms - 55[0m
[0mGET /api/category/affichetitle [36m304 [0m16.512 ms - -[0m
[0mGET /api/category/affichecouleur [32m200 [0m16.544 ms - 228[0m
[0mGET /api/category/affichetitle [36m304 [0m17.767 ms - -[0m
[0mGET /api/category/affichecouleur [36m304 [0m22.135 ms - -[0m
[0mOPTIONS /api/category/updatecouleur [32m204 [0m2.671 ms - 0[0m
[0mPOST /api/category/updatecouleur [32m200 [0m7.896 ms - 55[0m
[0mGET /api/category/affichecouleur [36m304 [0m17.619 ms - -[0m
[0mGET /api/category/affichetitle [36m304 [0m18.084 ms - -[0m
[0mOPTIONS /api/category/updatecouleur [32m204 [0m1.212 ms - 0[0m
[0mPOST /api/category/updatecouleur [32m200 [0m8.466 ms - 55[0m
[0mGET /api/category/affichecouleur [36m304 [0m13.026 ms - -[0m
[0mGET /api/category/affichetitle [36m304 [0m13.889 ms - -[0m
[0mOPTIONS /api/category/updatetitle [32m204 [0m1.884 ms - 0[0m
[0mPOST /api/category/updatetitle [32m200 [0m90.029 ms - 55[0m
[0mGET /api/category/affichetitle [32m200 [0m45.061 ms - 129[0m
[0mGET /api/category/affichecouleur [36m304 [0m50.590 ms - -[0m
[0mGET /api/category/child-category/list [36m304 [0m36.152 ms - -[0m
[0mGET /api/category/child-category/list [36m304 [0m13.904 ms - -[0m
[0mGET /api/category/affichevideopub [36m304 [0m4.647 ms - -[0m
[0mGET /api/category/affichevideopub [36m304 [0m11.204 ms - -[0m
[0mGET /videos/1698680639871.mp4 [36m304 [0m9.644 ms - -[0m
[0mGET /api/category/affichevideopub [36m304 [0m6.260 ms - -[0m
[0mGET /api/category/affichevideopub [32m200 [0m8132.091 ms - 192[0m
[0mGET /videos/1698680639871.mp4 [32m206 [0m504.577 ms - 16669900[0m
[0mGET /videos/1698680639871.mp4 [36m304 [0m5.356 ms - -[0m
[0mGET /videos/1698680639871.mp4 [32m206 [0m6.112 ms - 14113996[0m
[0mGET /api/category/main/list [32m200 [0m373.794 ms - 701[0m
[0mGET /api/category/affichevideopub [32m200 [0m15.166 ms - 192[0m
[0mGET /videos/1698680639871.mp4 [32m206 [0m4.785 ms - 16669900[0m
[0mGET /api/category/main/list [32m200 [0m8.998 ms - 701[0m
[0mGET /api/category/main/list [36m304 [0m39.754 ms - -[0m
[0mGET /api/category/main/list [36m304 [0m30.088 ms - -[0m
[0mGET /api/category/main/list [36m304 [0m26.973 ms - -[0m
[0mGET /api/category/main/list [36m304 [0m18.453 ms - -[0m
[0mGET /api/category/main/list [36m304 [0m16.342 ms - -[0m
[0mGET /api/category/main/list [36m304 [0m17.854 ms - -[0m
[0mGET /api/category/main/list [36m304 [0m16.096 ms - -[0m
[0mGET /api/category/main/list [36m304 [0m50.908 ms - -[0m
[0mGET /api/category/main/list [36m304 [0m14.531 ms - -[0m
[0mGET /api/product/getAllproduct [32m200 [0m156.521 ms - 2704[0m
[0mGET /produit/1695990880479SACS.jpg [32m200 [0m141.586 ms - 7551[0m
[0mGET /produit/1695754614263T1.jpg [32m200 [0m151.788 ms - 9012[0m
[0mGET /produit/1695753661047tap3.jpg [32m200 [0m227.542 ms - 9338[0m
[0mGET /produit/1695752820497e3.jpg [32m200 [0m225.130 ms - 7440[0m
[0mGET /produit/1695754196334ENST.jpg [32m200 [0m234.515 ms - 4600[0m
[0mGET /produit/1695751668068ARR32.jpg [32m200 [0m227.921 ms - 1907[0m
[0mGET /api/category/main/list [36m304 [0m10.958 ms - -[0m
[0mPOST /api/category/create [31m500 [0m275.646 ms - 3787[0m
[0mGET /api/category/main/list [36m304 [0m9.714 ms - -[0m
[0mGET /api/category/affichecouleur [32m200 [0m16.203 ms - 228[0m
[0mGET /api/category/main/list [36m304 [0m13.418 ms - -[0m
[0mGET /api/category/affichetitle [32m200 [0m11.248 ms - 129[0m
[0mGET /api/category/main/list [36m304 [0m47.656 ms - -[0m
[0mGET /api/category/main/list [36m304 [0m21.725 ms - -[0m
[0mOPTIONS /api/category/createtitle [32m204 [0m4.372 ms - 0[0m
[0mPOST /api/category/createtitle [32m200 [0m119.044 ms - 55[0m
[0mGET /api/category/affichetitle [32m200 [0m15.932 ms - 233[0m
[0mPOST /api/category/create [31m500 [0m252.064 ms - 3787[0m
[0mOPTIONS /api/category/deletetitleId?id=3 [32m204 [0m1.266 ms - 0[0m
[0mDELETE /api/category/deletetitleId?id=3 [32m200 [0m69.523 ms - 62[0m
[0mGET /api/category/affichetitle [32m200 [0m71.237 ms - 129[0m
[0mPOST /api/category/create [31m500 [0m20.940 ms - 3787[0m
[0mPOST /api/category/createcouleur [32m200 [0m71.174 ms - 55[0m
[0mGET /api/category/main/list [36m304 [0m12.032 ms - -[0m
[0mGET /api/category/main/list [36m304 [0m12.195 ms - -[0m
[0mGET /api/category/main/list [36m304 [0m12.313 ms - -[0m
[0mGET /api/category/main/list [36m304 [0m7.652 ms - -[0m
[0mGET /api/category/main/list [36m304 [0m8.114 ms - -[0m
[0mGET /api/category/main/list [36m304 [0m8.348 ms - -[0m
[0mGET /api/category/main/list [36m304 [0m8.347 ms - -[0m
[0mOPTIONS /api/category/createtitle [32m204 [0m1.248 ms - 0[0m
[0mPOST /api/category/createtitle [31m500 [0m4.510 ms - 34[0m
[0mPOST /api/category/createtitle [32m200 [0m72.430 ms - 55[0m
[0mGET /api/category/affichetitle [32m200 [0m8.392 ms - 230[0m
[0mOPTIONS /api/category/createtitle [32m204 [0m1.410 ms - 0[0m
[0mPOST /api/category/createtitle [32m200 [0m124.078 ms - 55[0m
[0mGET /api/category/affichetitle [32m200 [0m5.249 ms - 230[0m
[0mGET /api/category/main/list [36m304 [0m11.595 ms - -[0m
[0mGET /api/category/child-category/list [32m200 [0m72.147 ms - 3018[0m
[0mGET /api/category/main/list [36m304 [0m8.525 ms - -[0m
[0mGET /api/category/main/list [36m304 [0m13.169 ms - -[0m
[0mGET /api/category/main/list [36m304 [0m8.354 ms - -[0m
[0mGET /api/category/main/list [36m304 [0m9.147 ms - -[0m
[0mGET /api/category/main/list [36m304 [0m11.323 ms - -[0m
[0mGET /api/category/main/list [36m304 [0m10.279 ms - -[0m
[0mGET /api/category/main/list [36m304 [0m12.692 ms - -[0m
[0mGET /api/category/main/list [36m304 [0m9.683 ms - -[0m
[0mGET /api/category/main/list [36m304 [0m11.067 ms - -[0m
[0mGET /api/category/main/list [36m304 [0m38.854 ms - -[0m
[0mGET /api/category/sub-category/list [32m200 [0m46.288 ms - 1107[0m
[0mGET /api/category/child-category/list [32m200 [0m54.761 ms - 3018[0m
[0mGET /api/category/affichevideopub [36m304 [0m72.485 ms - -[0m
[0mGET /videos/1698680639871.mp4 [36m304 [0m13.443 ms - -[0m
[0mGET /api/order/addressList [32m200 [0m453.378 ms - 998[0m
[0mGET /api/category/main/list [36m304 [0m16.736 ms - -[0m
[0mGET /api/category/main/list [36m304 [0m54.002 ms - -[0m
[0mGET /api/category/main/list [36m304 [0m8.068 ms - -[0m
[0mGET /api/category/main/list [36m304 [0m8.469 ms - -[0m
[0mOPTIONS /api/category/createtitle [32m204 [0m2.699 ms - 0[0m
[0mPOST /api/category/createtitle [31m500 [0m7.354 ms - 34[0m
[0mOPTIONS /api/category/createtitle [32m204 [0m1.838 ms - 0[0m
[0mPOST /api/category/createtitle [31m500 [0m5.897 ms - 34[0m
[0mOPTIONS /api/category/createtitle [32m204 [0m13.726 ms - 0[0m
[0mPOST /api/category/createtitle [31m500 [0m14.348 ms - 34[0m
[0mPOST /api/category/createtitle [31m500 [0m9.229 ms - 34[0m
[0mOPTIONS /api/category/createtitle [32m204 [0m3.076 ms - 0[0m
[0mPOST /api/category/createtitle [32m200 [0m92.551 ms - 55[0m
[0mGET /api/category/affichetitle [32m200 [0m23.275 ms - 334[0m
[0mGET /api/category/main/list [36m304 [0m13.991 ms - -[0m
[0mGET /api/category/main/list [36m304 [0m12.364 ms - -[0m
[0mGET /api/category/main/list [36m304 [0m15.453 ms - -[0m
[0mGET /api/category/main/list [36m304 [0m10.960 ms - -[0m
[0mGET /api/category/affichetitle [36m304 [0m14.164 ms - -[0m
[0mGET /api/category/affichecouleur [32m200 [0m32.462 ms - 332[0m
[0mGET /api/category/main/list [36m304 [0m33.976 ms - -[0m
[0mGET /api/category/affichetitle [32m200 [0m23.101 ms - 334[0m
[0mGET /api/category/main/list [36m304 [0m24.836 ms - -[0m
[0mGET /api/category/affichecouleur [32m200 [0m29.107 ms - 332[0m
[0mOPTIONS /api/category/createtitle [32m204 [0m2.836 ms - 0[0m
[0mPOST /api/category/createtitle [32m200 [0m103.073 ms - 55[0m
[0mGET /api/category/affichetitle [32m200 [0m5.289 ms - 436[0m
[0mOPTIONS /api/category/createcouleur [32m204 [0m2.585 ms - 0[0m
[0mPOST /api/category/createcouleur [32m200 [0m74.694 ms - 55[0m
[0mGET /api/category/affichecouleur [32m200 [0m40.774 ms - 433[0m
[0mGET /api/category/affichetitle [36m304 [0m43.677 ms - -[0m
[0mGET /api/category/affichecouleur [36m304 [0m50.710 ms - -[0m
[0mGET /api/category/main/list [36m304 [0m43.809 ms - -[0m
[0mGET /api/category/affichetitle [32m200 [0m18.004 ms - 436[0m
[0mGET /api/category/main/list [36m304 [0m14.771 ms - -[0m
[0mGET /api/category/affichecouleur [32m200 [0m19.254 ms - 433[0m
[0mPOST /api/category/create [31m500 [0m369.145 ms - 3787[0m
