[0mGET /api/product/getAllGroceryStaple [36m304 [0m11613.966 ms - -[0m
[0mGET /api/category/main/list [36m304 [0m6503.906 ms - -[0m
[0mGET /api/productgros/getAllGroceryStaple [36m304 [0m6670.302 ms - -[0m
[0mGET /api/customer/getUserByEmailId?email=victor@gmail.com [36m304 [0m2990.173 ms - -[0m
[0mGET /api/customer/getUserByEmailId?email=victor@gmail.com [36m304 [0m531.598 ms - -[0m
[0mGET /api/category/main/list [36m304 [0m8074.999 ms - -[0m
[0mGET /api/productgros/getAllGroceryStaple [36m304 [0m4738.682 ms - -[0m
[0mGET /api/product/getAllGroceryStaple [36m304 [0m4780.474 ms - -[0m
[0mGET /api/customer/getUserByEmailId?email=victor@gmail.com [36m304 [0m866.115 ms - -[0m
[0mGET /api/customer/getUserByEmailId?email=victor@gmail.com [36m304 [0m148.058 ms - -[0m
[0mGET /api/customer/getUserByEmailId?email=victor@gmail.com [36m304 [0m720.570 ms - -[0m
[0mGET /api/customer/getUserByEmailId?email=victor@gmail.com [36m304 [0m166.523 ms - -[0m
[0mGET /api/customer/getUserByEmailId?email=victor@gmail.com [36m304 [0m433.530 ms - -[0m
[0mGET /api/customer/getUserByEmailId?email=victor@gmail.com [36m304 [0m7050.111 ms - -[0m
[0mGET /api/customer/getUserByEmailId?email=victor@gmail.com [36m304 [0m318.961 ms - -[0m
[0mGET /api/customer/getUserByEmailId?email=victor@gmail.com [36m304 [0m305.217 ms - -[0m
[0mGET /api/customer/getUserByEmailId?email=victor@gmail.com [36m304 [0m369.336 ms - -[0m
[0mPOST /api/commercial/registercom [33m409 [0m1008.344 ms - 51[0m
[0mPOST /api/commercial/registercom [33m409 [0m1283.019 ms - 51[0m
[0mPOST /api/commercial/registercom [32m200 [0m2713.340 ms - 64[0m
[0mGET /api/customer/getUserByEmailId?email=victor@gmail.com [36m304 [0m93.347 ms - -[0m
[0mPOST /api/commercial/registercom [32m200 [0m773.034 ms - 61[0m
[0mPOST /api/commercial/logincom [32m200 [0m855.226 ms - 196[0m
[0mGET /api/productgros/getAllGroceryStaple [36m304 [0m1341.226 ms - -[0m
[0mGET /api/product/getAllGroceryStaple [36m304 [0m859.411 ms - -[0m
[0mGET /api/category/main/list [36m304 [0m958.271 ms - -[0m
[0mGET /api/customer/getUserByEmailId?email=PAPATSE [31m500 [0m313.041 ms - 17[0m
[0mGET /api/customer/getUserByEmailId?email=PAPATSE [31m500 [0m157.634 ms - 17[0m
[0mGET /api/customer/getUserByEmailId?email=PAPATSE [31m500 [0m250.575 ms - 17[0m
[0mGET /api/product/getAllGroceryStaple [36m304 [0m306.078 ms - -[0m
[0mGET /api/category/main/list [36m304 [0m174.917 ms - -[0m
[0mGET /api/productgros/getAllGroceryStaple [36m304 [0m382.691 ms - -[0m
[0mGET /api/customer/getUserByEmailId?email=PAPATSE [31m500 [0m11.666 ms - 17[0m
[0mGET /api/productgros/getAllGroceryStaple [36m304 [0m527.233 ms - -[0m
[0mGET /api/product/getAllGroceryStaple [36m304 [0m434.482 ms - -[0m
[0mGET /api/category/main/list [36m304 [0m86.317 ms - -[0m
[0mGET /api/customer/getUserByEmailId?email=PAPATSE [31m500 [0m154.196 ms - 17[0m
[0mGET /api/customer/getUserByEmailId?email=PAPATSE [31m500 [0m31.424 ms - 17[0m
[0mGET /api/category/main/list [36m304 [0m54.298 ms - -[0m
[0mGET /api/productgros/getAllGroceryStaple [36m304 [0m81.311 ms - -[0m
[0mGET /api/product/getAllGroceryStaple [36m304 [0m161.926 ms - -[0m
[0mGET /api/customer/getUserByEmailId?email=PAPATSE [31m500 [0m43.819 ms - 17[0m
[0mGET /api/customer/getUserByEmailId?email=PAPATSE [31m500 [0m68.860 ms - 17[0m
[0mGET /api/category/main/list [36m304 [0m80.882 ms - -[0m
[0mGET /api/productgros/getAllGroceryStaple [36m304 [0m24.329 ms - -[0m
[0mGET /api/product/getAllGroceryStaple [36m304 [0m839.121 ms - -[0m
[0mGET /api/customer/getUserByEmailId?email=PAPATSE [31m500 [0m122.577 ms - 17[0m
[0mGET /api/customer/getUserByEmailId?email=PAPATSE [31m500 [0m16.762 ms - 17[0m
[0mGET /api/product/getAllGroceryStaple [36m304 [0m162.902 ms - -[0m
[0mGET /api/category/main/list [36m304 [0m19.590 ms - -[0m
[0mGET /api/productgros/getAllGroceryStaple [36m304 [0m58.245 ms - -[0m
[0mGET /api/customer/getUserByEmailId?email=PAPATSE [31m500 [0m14.153 ms - 17[0m
[0mGET /api/customer/getUserByEmailId?email=PAPATSE [31m500 [0m19.238 ms - 17[0m
[0mGET /api/customer/getUserByEmailId?email=PAPATSE [31m500 [0m120.775 ms - 17[0m
[0mPOST /api/commercial/logincom [32m200 [0m1785.949 ms - 196[0m
[0mGET /api/category/main/list [36m304 [0m82.783 ms - -[0m
[0mGET /api/productgros/getAllGroceryStaple [36m304 [0m17.362 ms - -[0m
[0mGET /api/product/getAllGroceryStaple [36m304 [0m88.105 ms - -[0m
[0mGET /api/customer/getUserByEmailId?email=PAPATSE [31m500 [0m39.279 ms - 17[0m
[0mGET /api/customer/getUserByEmailId?email=PAPATSE [31m500 [0m9.705 ms - 17[0m
[0mGET /api/productgros/getAllGroceryStaple [36m304 [0m12.574 ms - -[0m
[0mGET /api/product/getAllGroceryStaple [36m304 [0m14.440 ms - -[0m
[0mGET /api/category/main/list [36m304 [0m9.346 ms - -[0m
[0mGET /api/customer/getUserByEmailId?email=PAPATSE [31m500 [0m11.358 ms - 17[0m
[0mGET /api/customer/getUserByEmailId?email=PAPATSE [31m500 [0m165.767 ms - 17[0m
[0mGET /api/category/main/list [36m304 [0m6249.360 ms - -[0m
[0mGET /api/productgros/getAllGroceryStaple [36m304 [0m2772.322 ms - -[0m
[0mGET /api/product/getAllGroceryStaple [36m304 [0m2920.319 ms - -[0m
[0mGET /api/customer/getUserByEmailId?email=PAPATSE [31m500 [0m501.269 ms - 17[0m
[0mGET /api/customer/getUserByEmailId?email=PAPATSE [31m500 [0m27.150 ms - 17[0m
[0mGET /api/category/main/list [36m304 [0m9085.317 ms - -[0m
[0mGET /api/productgros/getAllGroceryStaple [36m304 [0m4802.563 ms - -[0m
[0mGET /api/product/getAllGroceryStaple [36m304 [0m5563.761 ms - -[0m
[0mGET /api/customer/getUserByEmailId?email=PAPATSE [31m500 [0m586.768 ms - 17[0m
[0mGET /api/customer/getUserByEmailId?email=PAPATSE [31m500 [0m209.768 ms - 17[0m
[0mGET /api/customer/getUserByEmailId?email=PAPATSE [31m500 [0m643.454 ms - 17[0m
[0mGET /api/customer/getUserByEmailId?email=PAPATSE [31m500 [0m2235.836 ms - 17[0m
[0mGET /api/customer/getUserByEmailId?email=PAPATSE [31m500 [0m223.559 ms - 17[0m
[0mGET /api/customer/getUserByEmailId?email=PAPATSE [31m500 [0m96.487 ms - 17[0m
[0mGET /api/customer/getUserByEmailId?email=PAPATSE [31m500 [0m347.373 ms - 17[0m
[0mGET /api/customer/getUserByEmailId?email=PAPATSE [31m500 [0m8.824 ms - 17[0m
[0mGET /api/customer/getUserByEmailId?email=PAPATSE [31m500 [0m85.536 ms - 17[0m
[0mGET /api/productgros/getAllGroceryStaple [36m304 [0m345.991 ms - -[0m
[0mGET /api/category/main/list [36m304 [0m364.116 ms - -[0m
[0mGET /api/commercial/getcomById?ordernumber=PAPATSE [33m404 [0m5478.445 ms - 7650[0m
[0mGET /api/customer/getUserByEmailId?email=PAPATSE [31m500 [0m5872.971 ms - 17[0m
[0mGET /api/product/getAllGroceryStaple [36m304 [0m6021.293 ms - -[0m
[0mGET /api/customer/getUserByEmailId?email=PAPATSE [31m500 [0m1221.712 ms - 17[0m
[0mGET /api/customer/getUserByEmailId?email=PAPATSE [31m500 [0m286.840 ms - 17[0m
[0mGET /api/category/main/list [36m304 [0m123.491 ms - -[0m
[0mGET /api/productgros/getAllGroceryStaple [36m304 [0m307.966 ms - -[0m
[0mGET /api/product/getAllGroceryStaple [36m304 [0m326.321 ms - -[0m
[0mGET /api/customer/getUserByEmailId?email=PAPATSE [31m500 [0m102.133 ms - 17[0m
[0mGET /api/category/main/list [36m304 [0m174.573 ms - -[0m
[0mGET /api/product/getAllGroceryStaple [36m304 [0m80.138 ms - -[0m
[0mGET /api/productgros/getAllGroceryStaple [36m304 [0m210.985 ms - -[0m
[0mGET /api/customer/getUserByEmailId?email=PAPATSE [31m500 [0m12.103 ms - 17[0m
[0mGET /api/customer/getUserByEmailId?email=PAPATSE [31m500 [0m38.465 ms - 17[0m
[0mPOST /api/commercial/logincom [32m200 [0m2443.553 ms - 196[0m
[0mGET /api/commercial/getcomById?ordernumber=PAPATSE [33m404 [0m201.957 ms - 7650[0m
[0mGET /api/commercial/getcomById?ordernumber=PAPATSE [33m404 [0m316.447 ms - 7650[0m
[0mGET /api/commercial/getcomById?ordernumber=PAPATSE [33m404 [0m37.948 ms - 7650[0m
[0mPOST /api/commercial/logincom [32m200 [0m562.820 ms - 196[0m
[0mPOST /api/customer/login [32m200 [0m1737.011 ms - 196[0m
[0mGET /produit/1695754196334ENST.jpg [32m200 [0m906.343 ms - 4600[0m
[0mGET /produit/1695754614263T1.jpg [32m200 [0m1158.813 ms - 9012[0m
[0mGET /api/product/getWebProductById?id=12 [32m200 [0m665.335 ms - 361[0m
[0mGET /api/product/similar?chilCategoryId=14 [36m304 [0m261.345 ms - -[0m
[0mGET /api/product/getWebProductById?id=6 [32m200 [0m199.999 ms - 440[0m
[0mGET /api/product/similar?chilCategoryId=3 [32m200 [0m90.618 ms - 342[0m
[0mGET /produit/1696516332648T1.jpg [32m200 [0m196.595 ms - 9012[0m
[0mGET /api/customer/getUserByEmailId?email=victor@gmail.com [36m304 [0m479.866 ms - -[0m
[0mGET /api/category/affichelocal [32m200 [0m1858.697 ms - 1474[0m
[0mGET /api/customer/getUserByEmailId?email=victor@gmail.com [36m304 [0m651.440 ms - -[0m
[0mGET /api/customer/getUserByEmailId?email=victor@gmail.com [36m304 [0m586.238 ms - -[0m
[0mGET /api/customer/getUserByEmailId?email=victor@gmail.com [36m304 [0m222.704 ms - -[0m
[0mGET /api/customer/getUserByEmailId?email=victor@gmail.com [36m304 [0m261.861 ms - -[0m
[0mPOST /api/customer/login [32m200 [0m730.263 ms - 196[0m
[0mGET /api/customer/getUserByEmailId?email=victor@gmail.com [36m304 [0m272.317 ms - -[0m
[0mGET /api/customer/getUserByEmailId?email=victor@gmail.com [36m304 [0m181.647 ms - -[0m
[0mGET /api/commercial/getcomById?ordernumber=Papatse [33m404 [0m2761.753 ms - 7650[0m
[0mGET /api/commercial/getcomById?ordernumber=Papatse [33m404 [0m253.854 ms - 7650[0m
[0mGET /api/commercial/getcomById?ordernumber=Papatse [33m404 [0m579.910 ms - 7650[0m
[0mGET /api/customer/getUserByEmailId?email=victor@gmail.com [36m304 [0m1205.849 ms - -[0m
[0mGET /api/commercial/getcomById?ordernumber=Papatse [33m404 [0m271.946 ms - 7650[0m
[0mGET /api/category/main/list [36m304 [0m1058.617 ms - -[0m
[0mGET /api/commercial/getcomById?nom=Papatse [33m404 [0m276.218 ms - 7650[0m
[0mGET /api/productgros/getAllGroceryStaple [36m304 [0m1490.644 ms - -[0m
[0mGET /api/product/getAllGroceryStaple [36m304 [0m1517.314 ms - -[0m
[0mGET /api/customer/getUserByEmailId?email=victor@gmail.com [36m304 [0m905.311 ms - -[0m
[0mGET /api/customer/getUserByEmailId?email=victor@gmail.com [36m304 [0m967.475 ms - -[0m
[0mGET /api/customer/getUserByEmailId?email=victor@gmail.com [36m304 [0m136.169 ms - -[0m
[0mGET /api/product/getAllGroceryStaple [36m304 [0m278.512 ms - -[0m
[0mGET /api/category/main/list [36m304 [0m222.139 ms - -[0m
[0mGET /api/productgros/getAllGroceryStaple [36m304 [0m199.560 ms - -[0m
[0mGET /api/customer/getUserByEmailId?email=victor@gmail.com [36m304 [0m213.851 ms - -[0m
[0mGET /api/customer/getUserByEmailId?email=victor@gmail.com [36m304 [0m613.392 ms - -[0m
[0mGET /api/commercial/getagent?nom=Papatse [32m200 [0m408.932 ms - 314[0m
[0mGET /api/customer/getUserByEmailId?email=victor@gmail.com [36m304 [0m75.218 ms - -[0m
[0mGET /api/category/main/list [36m304 [0m145.543 ms - -[0m
[0mGET /api/productgros/getAllGroceryStaple [36m304 [0m119.999 ms - -[0m
[0mGET /api/product/getAllGroceryStaple [36m304 [0m68.274 ms - -[0m
[0mGET /api/customer/getUserByEmailId?email=victor@gmail.com [36m304 [0m93.845 ms - -[0m
[0mGET /api/customer/getUserByEmailId?email=victor@gmail.com [36m304 [0m83.948 ms - -[0m
[0mGET /api/commercial/getagent?nom=Papatse [36m304 [0m8.118 ms - -[0m
[0mGET /api/customer/getUserByEmailId?email=victor@gmail.com [36m304 [0m94.645 ms - -[0m
[0mGET /api/commercial/getagent?nom=Papatse [36m304 [0m10.798 ms - -[0m
[0mGET /api/commercial/getagent?nom=Papatse [36m304 [0m82.557 ms - -[0m
[0mGET /api/commercial/getagent?nom=Papatse [36m304 [0m14.519 ms - -[0m
[0mGET /api/commercial/getagent?nom=Papatse [36m304 [0m21.039 ms - -[0m
[0mGET /api/commercial/getagent?nom=Papatse [36m304 [0m48.825 ms - -[0m
[0mGET /api/commercial/getagent?nom=Papatse [36m304 [0m161.292 ms - -[0m
[0mGET /api/product/getAllGroceryStaple [36m304 [0m773.898 ms - -[0m
[0mGET /api/category/main/list [36m304 [0m701.159 ms - -[0m
[0mGET /api/productgros/getAllGroceryStaple [36m304 [0m952.572 ms - -[0m
[0mGET /api/customer/getUserByEmailId?email=victor@gmail.com [36m304 [0m433.481 ms - -[0m
[0mGET /api/customer/getUserByEmailId?email=victor@gmail.com [36m304 [0m194.829 ms - -[0m
[0mGET /api/commercial/getagent?nom=Papatse [36m304 [0m114.775 ms - -[0m
[0mPOST /api/commercial/update [31m500 [0m3363.108 ms - 34[0m
[0mPOST /api/commercial/update [32m200 [0m3457.233 ms - 59[0m
[0mGET /api/commercial/getagent?nom=Papatse [32m200 [0m139.490 ms - 318[0m
[0mGET /api/commercial/getagent?nom=Papatse [36m304 [0m4399.489 ms - -[0m
[0mGET /api/customer/getUserByEmailId?email=victor@gmail.com [36m304 [0m5244.310 ms - -[0m
[0mGET /api/customer/getUserByEmailId?email=victor@gmail.com [36m304 [0m643.432 ms - -[0m
[0mGET /api/customer/getUserByEmailId?email=victor@gmail.com [36m304 [0m665.129 ms - -[0m
[0mPOST /api/customer/update [32m200 [0m1437.857 ms - 57[0m
[0mGET /api/customer/getUserByEmailId?email=victor@gmail.com [32m200 [0m938.125 ms - 7381[0m
[0mGET /api/customer/getUserByEmailId?email=victor@gmail.com [36m304 [0m620.875 ms - -[0m
[0mGET /api/commercial/getagent?nom=Papatse [36m304 [0m340.693 ms - -[0m
[0mGET /api/commercial/getagent?nom=Papatse [36m304 [0m164.441 ms - -[0m
[0mGET /api/category/main/list [36m304 [0m2560.819 ms - -[0m
[0mGET /api/product/getAllGroceryStaple [36m304 [0m2553.258 ms - -[0m
[0mGET /api/productgros/getAllGroceryStaple [36m304 [0m2644.186 ms - -[0m
[0mGET /api/customer/getUserByEmailId?email=victor@gmail.com [36m304 [0m160.155 ms - -[0m
[0mGET /api/customer/getUserByEmailId?email=victor@gmail.com [36m304 [0m583.021 ms - -[0m
[0mGET /api/customer/getUserByEmailId?email=victor@gmail.com [36m304 [0m435.650 ms - -[0m
[0mGET /api/customer/getUserByEmailId?email=victor@gmail.com [36m304 [0m543.168 ms - -[0m
[0mGET /api/order/orderByid?id=5 [36m304 [0m2157.253 ms - -[0m
[0mGET /api/category/main/list [36m304 [0m10353.696 ms - -[0m
[0mGET /api/product/getAllGroceryStaple [36m304 [0m5062.560 ms - -[0m
[0mGET /api/productgros/getAllGroceryStaple [36m304 [0m6137.003 ms - -[0m
[0mGET /api/customer/getUserByEmailId?email=victor@gmail.com [36m304 [0m888.268 ms - -[0m
[0mGET /api/customer/getUserByEmailId?email=victor@gmail.com [36m304 [0m416.845 ms - -[0m
[0mGET /api/category/main/list [36m304 [0m14266.531 ms - -[0m
[0mGET /api/product/getAllGroceryStaple [36m304 [0m8712.662 ms - -[0m
[0mGET /api/productgros/getAllGroceryStaple [36m304 [0m8793.512 ms - -[0m
[0mGET /api/customer/getUserByEmailId?email=victor@gmail.com [36m304 [0m2305.521 ms - -[0m
[0mGET /api/customer/getUserByEmailId?email=victor@gmail.com [36m304 [0m1327.254 ms - -[0m
[0mGET /api/commercial/getagent?nom=Papatse [36m304 [0m321.208 ms - -[0m
[0mGET /api/commercial/getByRemise?codeBonnus=903pap001353 [32m200 [0m725.841 ms - 26[0m
[0mGET /api/product/getWebProductById?id=13 [36m304 [0m1952.015 ms - -[0m
[0mGET /api/product/getWebProductById?id=12 [36m304 [0m361.780 ms - -[0m
[0mGET /api/product/getWebProductById?id=6 [36m304 [0m716.622 ms - -[0m
[0mGET /api/product/similar?chilCategoryId=14 [36m304 [0m634.764 ms - -[0m
[0mGET /api/product/similar?chilCategoryId=14 [36m304 [0m491.945 ms - -[0m
[0mGET /api/product/similar?chilCategoryId=3 [36m304 [0m498.093 ms - -[0m
[0mGET /api/product/getWebProductById?id=6 [36m304 [0m137.271 ms - -[0m
[0mGET /api/product/similar?chilCategoryId=3 [36m304 [0m125.454 ms - -[0m
[0mGET /api/category/affichelocal [36m304 [0m913.837 ms - -[0m
[0mGET /api/customer/getUserByEmailId?email=victor@gmail.com [36m304 [0m122.040 ms - -[0m
[0mPOST /api/commercial/valideBonnus [32m200 [0m4220.539 ms - 42[0m
[0mPOST /api/commercial/valideBonnus [32m200 [0m1368.780 ms - 42[0m
[0mPOST /api/order/create [32m200 [0m5371.949 ms - 16[0m
[0mGET /api/customer/getUserByEmailId?email=victor@gmail.com [32m200 [0m268.338 ms - 7735[0m
[0mGET /api/commercial/getagent?nom=Papatse [36m304 [0m167.087 ms - -[0m
[0mGET /api/commercial/getByRemise?codeBonnus=903pap001353 [36m304 [0m22.920 ms - -[0m
[0mGET /api/category/affichelocal [36m304 [0m3603.520 ms - -[0m
[0mGET /api/customer/getUserByEmailId?email=victor@gmail.com [36m304 [0m1779.516 ms - -[0m
[0mGET /api/commercial/getagent?nom=Papatse [36m304 [0m789.027 ms - -[0m
[0mGET /api/commercial/getByRemise?codeBonnus=903pap001353 [32m200 [0m578.454 ms - 3254[0m
[0mGET /api/commercial/getagent?nom=Papatse [36m304 [0m83.438 ms - -[0m
[0mGET /api/commercial/getByRemise?codeBonnus=903pap001353 [36m304 [0m150.692 ms - -[0m
[0mGET /api/commercial/getagent?nom=Papatse [36m304 [0m439.009 ms - -[0m
[0mGET /api/commercial/getByRemise?codeBonnus=903pap001353 [36m304 [0m108.771 ms - -[0m
[0mGET /api/commercial/getagent?nom=Papatse [36m304 [0m213.258 ms - -[0m
[0mGET /api/commercial/getByRemise?codeBonnus=903pap001353 [36m304 [0m567.676 ms - -[0m
[0mGET /api/commercial/getagent?nom=Papatse [36m304 [0m90.559 ms - -[0m
[0mGET /api/commercial/getByRemise?codeBonnus=903pap001353 [36m304 [0m390.596 ms - -[0m
[0mGET /api/commercial/getagent?nom=Papatse [36m304 [0m413.083 ms - -[0m
[0mGET /api/commercial/getByRemise?codeBonnus=903pap001353 [36m304 [0m148.753 ms - -[0m
[0mGET /api/commercial/getagent?nom=Papatse [36m304 [0m509.714 ms - -[0m
[0mGET /api/commercial/getByRemise?codeBonnus=903pap001353 [36m304 [0m73.972 ms - -[0m
[0mGET /api/commercial/getagent?nom=Papatse [36m304 [0m36.142 ms - -[0m
[0mGET /api/commercial/getByRemise?codeBonnus=903pap001353 [36m304 [0m118.669 ms - -[0m
[0mGET /api/category/main/list [36m304 [0m5805.910 ms - -[0m
[0mGET /api/product/getAllGroceryStaple [36m304 [0m7013.663 ms - -[0m
[0mGET /api/productgros/getAllGroceryStaple [36m304 [0m6510.056 ms - -[0m
[0mGET /api/customer/getUserByEmailId?email=victor@gmail.com [32m200 [0m1333.388 ms - 7822[0m
[0mGET /api/customer/getUserByEmailId?email=victor@gmail.com [36m304 [0m730.529 ms - -[0m
[0mGET /api/commercial/getagent?nom=Papatse [36m304 [0m117.491 ms - -[0m
[0mGET /api/commercial/getByRemise?codeBonnus=903pap001353 [36m304 [0m131.947 ms - -[0m
[0mGET /api/commercial/getagent?nom=Papatse [36m304 [0m25.159 ms - -[0m
[0mGET /api/commercial/getByRemise?codeBonnus=903pap001353 [36m304 [0m82.506 ms - -[0m
[0mGET /api/commercial/getagent?nom=Papatse [36m304 [0m423.731 ms - -[0m
[0mGET /api/commercial/getByRemise?codeBonnus=903pap001353 [36m304 [0m159.582 ms - -[0m
[0mGET /api/commercial/getagent?nom=Papatse [36m304 [0m73.708 ms - -[0m
[0mGET /api/commercial/getByRemise?codeBonnus=903pap001353 [36m304 [0m82.510 ms - -[0m
[0mGET /api/commercial/getagent?nom=Papatse [36m304 [0m26.097 ms - -[0m
[0mGET /api/commercial/getByRemise?codeBonnus=903pap001353 [36m304 [0m237.886 ms - -[0m
[0mGET /api/commercial/getagent?nom=Papatse [36m304 [0m69.274 ms - -[0m
[0mGET /api/commercial/getByRemise?codeBonnus=903pap001353 [36m304 [0m54.583 ms - -[0m
[0mGET /api/commercial/getagent?nom=Papatse [36m304 [0m105.805 ms - -[0m
[0mGET /api/commercial/getByRemise?codeBonnus=903pap001353 [36m304 [0m116.515 ms - -[0m
[0mGET /api/commercial/getagent?nom=Papatse [36m304 [0m74.303 ms - -[0m
[0mGET /api/commercial/getByRemise?codeBonnus=903pap001353 [36m304 [0m362.844 ms - -[0m
[0mGET /api/customer/getUserByEmailId?email=victor@gmail.com [32m200 [0m622.957 ms - 7849[0m
[0mGET /api/customer/getUserByEmailId?email=victor@gmail.com [36m304 [0m155.996 ms - -[0m
[0mGET /api/customer/getUserByEmailId?email=victor@gmail.com [36m304 [0m828.340 ms - -[0m
[0mGET /api/customer/getUserByEmailId?email=victor@gmail.com [36m304 [0m199.462 ms - -[0m
[0mGET /api/customer/getUserByEmailId?email=victor@gmail.com [36m304 [0m393.146 ms - -[0m
[0mGET /api/customer/getUserByEmailId?email=victor@gmail.com [36m304 [0m84.923 ms - -[0m
[0mGET /api/customer/getUserByEmailId?email=victor@gmail.com [36m304 [0m202.179 ms - -[0m
[0mGET /api/customer/getUserByEmailId?email=victor@gmail.com [36m304 [0m297.344 ms - -[0m
[0mGET /api/customer/getUserByEmailId?email=victor@gmail.com [36m304 [0m197.022 ms - -[0m
[0mGET /api/customer/getUserByEmailId?email=victor@gmail.com [36m304 [0m186.788 ms - -[0m
[0mGET /api/customer/getUserByEmailId?email=victor@gmail.com [36m304 [0m189.924 ms - -[0m
[0mGET /api/customer/getUserByEmailId?email=victor@gmail.com [36m304 [0m82.463 ms - -[0m
[0mGET /api/customer/getUserByEmailId?email=victor@gmail.com [36m304 [0m112.995 ms - -[0m
[0mGET /api/customer/getUserByEmailId?email=victor@gmail.com [36m304 [0m102.736 ms - -[0m
[0mGET /api/customer/getUserByEmailId?email=victor@gmail.com [36m304 [0m455.397 ms - -[0m
[0mGET /api/customer/getUserByEmailId?email=victor@gmail.com [36m304 [0m11227.111 ms - -[0m
[0mGET /api/customer/getUserByEmailId?email=victor@gmail.com [36m304 [0m319.780 ms - -[0m
[0mGET /api/customer/getUserByEmailId?email=victor@gmail.com [36m304 [0m105.299 ms - -[0m
[0mGET /api/customer/getUserByEmailId?email=victor@gmail.com [36m304 [0m132.169 ms - -[0m
[0mGET /api/customer/getUserByEmailId?email=victor@gmail.com [36m304 [0m199.853 ms - -[0m
[0mGET /api/customer/getUserByEmailId?email=victor@gmail.com [36m304 [0m440.741 ms - -[0m
[0mGET /api/customer/getUserByEmailId?email=victor@gmail.com [36m304 [0m259.692 ms - -[0m
[0mGET /api/customer/getUserByEmailId?email=victor@gmail.com [36m304 [0m210.071 ms - -[0m
[0mGET /api/customer/getUserByEmailId?email=victor@gmail.com [36m304 [0m2822.633 ms - -[0m
[0mGET /api/customer/getUserByEmailId?email=victor@gmail.com [36m304 [0m113.545 ms - -[0m
[0mGET /api/customer/getUserByEmailId?email=victor@gmail.com [36m304 [0m81.657 ms - -[0m
[0mGET /api/customer/getUserByEmailId?email=victor@gmail.com [36m304 [0m205.696 ms - -[0m
[0mGET /api/customer/getUserByEmailId?email=victor@gmail.com [36m304 [0m80.589 ms - -[0m
[0mGET /api/customer/getUserByEmailId?email=victor@gmail.com [36m304 [0m65.697 ms - -[0m
[0mGET /api/customer/getUserByEmailId?email=victor@gmail.com [36m304 [0m208.348 ms - -[0m
[0mGET /api/customer/getUserByEmailId?email=victor@gmail.com [36m304 [0m193.275 ms - -[0m
[0mGET /api/customer/getUserByEmailId?email=victor@gmail.com [36m304 [0m82.048 ms - -[0m
[0mGET /api/customer/getUserByEmailId?email=victor@gmail.com [36m304 [0m135.172 ms - -[0m
[0mGET /api/customer/getUserByEmailId?email=victor@gmail.com [36m304 [0m170.268 ms - -[0m
[0mGET /api/customer/getUserByEmailId?email=victor@gmail.com [36m304 [0m98.612 ms - -[0m
[0mGET /api/customer/getUserByEmailId?email=victor@gmail.com [36m304 [0m315.710 ms - -[0m
[0mGET /api/customer/getUserByEmailId?email=victor@gmail.com [36m304 [0m385.361 ms - -[0m
[0mGET /api/customer/getUserByEmailId?email=victor@gmail.com [36m304 [0m173.172 ms - -[0m
[0mGET /api/order/orderByid?id=8 [32m200 [0m786.135 ms - 530[0m
[0mGET /api/order/orderByid?id=8 [32m200 [0m487.491 ms - 530[0m
[0mGET /api/customer/getUserByEmailId?email=victor@gmail.com [36m304 [0m252.332 ms - -[0m
[0mGET /api/order/orderByid?id=8 [36m304 [0m27.430 ms - -[0m
[0mGET /api/customer/getUserByEmailId?email=victor@gmail.com [36m304 [0m92.323 ms - -[0m
[0mGET /api/order/orderByid?id=8 [36m304 [0m48.291 ms - -[0m
[0mGET /api/customer/getUserByEmailId?email=victor@gmail.com [36m304 [0m119.023 ms - -[0m
[0mGET /api/order/orderByid?id=8 [36m304 [0m204.654 ms - -[0m
[0mGET /api/customer/getUserByEmailId?email=victor@gmail.com [36m304 [0m114.237 ms - -[0m
[0mGET /api/order/orderByid?id=8 [36m304 [0m57.444 ms - -[0m
[0mGET /api/customer/getUserByEmailId?email=victor@gmail.com [36m304 [0m460.053 ms - -[0m
[0mGET /api/order/orderByid?id=8 [36m304 [0m27.093 ms - -[0m
[0mGET /api/customer/getUserByEmailId?email=victor@gmail.com [36m304 [0m622.091 ms - -[0m
[0mGET /api/order/orderByid?id=8 [36m304 [0m244.548 ms - -[0m
[0mGET /api/customer/getUserByEmailId?email=victor@gmail.com [36m304 [0m138.934 ms - -[0m
[0mGET /api/order/orderByid?id=8 [36m304 [0m168.387 ms - -[0m
[0mGET /api/customer/getUserByEmailId?email=victor@gmail.com [36m304 [0m794.575 ms - -[0m
[0mGET /api/customer/getUserByEmailId?email=victor@gmail.com [36m304 [0m69.898 ms - -[0m
[0mGET /api/customer/getUserByEmailId?email=victor@gmail.com [36m304 [0m476.584 ms - -[0m
[0mGET /api/customer/getUserByEmailId?email=victor@gmail.com [36m304 [0m724.607 ms - -[0m
[0mGET /api/order/orderByid?id=5 [36m304 [0m219.592 ms - -[0m
[0mGET /api/customer/getUserByEmailId?email=victor@gmail.com [36m304 [0m239.458 ms - -[0m
[0mGET /api/order/orderByid?id=5 [36m304 [0m381.235 ms - -[0m
[0mGET /api/customer/getUserByEmailId?email=victor@gmail.com [36m304 [0m69.593 ms - -[0m
[0mGET /api/order/orderByid?id=5 [36m304 [0m116.141 ms - -[0m
[0mGET /api/customer/getUserByEmailId?email=victor@gmail.com [36m304 [0m454.503 ms - -[0m
[0mGET /api/order/orderByid?id=5 [36m304 [0m337.813 ms - -[0m
[0mGET /api/customer/getUserByEmailId?email=victor@gmail.com [36m304 [0m269.565 ms - -[0m
[0mGET /api/order/orderByid?id=5 [36m304 [0m72.503 ms - -[0m
[0mGET /api/customer/getUserByEmailId?email=victor@gmail.com [36m304 [0m89.978 ms - -[0m
[0mGET /api/order/orderByid?id=5 [36m304 [0m195.169 ms - -[0m
[0mGET /api/customer/getUserByEmailId?email=victor@gmail.com [36m304 [0m265.552 ms - -[0m
[0mGET /api/order/orderByid?id=5 [36m304 [0m23.771 ms - -[0m
[0mGET /api/customer/getUserByEmailId?email=victor@gmail.com [36m304 [0m107.903 ms - -[0m
[0mGET /api/order/orderByid?id=5 [36m304 [0m152.138 ms - -[0m
[0mGET /api/customer/getUserByEmailId?email=victor@gmail.com [36m304 [0m185.756 ms - -[0m
[0mGET /api/order/orderByid?id=5 [36m304 [0m45.899 ms - -[0m
[0mGET /api/customer/getUserByEmailId?email=victor@gmail.com [36m304 [0m217.625 ms - -[0m
[0mGET /api/order/orderByid?id=5 [36m304 [0m201.915 ms - -[0m
[0mGET /api/customer/getUserByEmailId?email=victor@gmail.com [36m304 [0m166.650 ms - -[0m
[0mGET /api/order/orderByid?id=5 [36m304 [0m24.390 ms - -[0m
[0mGET /api/customer/getUserByEmailId?email=victor@gmail.com [36m304 [0m121.849 ms - -[0m
[0mGET /api/order/orderByid?id=5 [36m304 [0m199.945 ms - -[0m
[0mGET / [33m404 [0m20174.521 ms - 7544[0m
[0mGET /api/category/main/list [36m304 [0m32192.131 ms - -[0m
[0mGET /api/productgros/getAllGroceryStaple [36m304 [0m20799.577 ms - -[0m
[0mGET / [33m404 [0m8691.514 ms - 7544[0m
[0mGET /api/productgros/getAllGroceryStaple [36m304 [0m15674.208 ms - -[0m
[0mGET /api/category/main/list [36m304 [0m15739.461 ms - -[0m
[0mGET / [33m404 [0m479.029 ms - 7544[0m
[0mGET /api/productgros/getAllGroceryStaple [36m304 [0m1048.175 ms - -[0m
[0mGET /api/category/main/list [36m304 [0m857.355 ms - -[0m
[0mGET /api/category/main/list [36m304 [0m139.818 ms - -[0m
[0mGET /api/productgros/getAllGroceryStaple [36m304 [0m270.744 ms - -[0m
[0mGET /api/productgros/getAllproduct [32m200 [0m1887.641 ms - 3371[0m
[0mGET / [33m404 [0m118.344 ms - 7544[0m
[0mGET /api/category/main/list [36m304 [0m145.721 ms - -[0m
[0mGET /api/productgros/getAllGroceryStaple [36m304 [0m212.413 ms - -[0m
[0mGET /api/category/main/list [36m304 [0m19.772 ms - -[0m
[0mGET /api/productgros/getAllGroceryStaple [36m304 [0m120.893 ms - -[0m
[0mGET /api/product/getAllGroceryStaple [36m304 [0m166.377 ms - -[0m
[0mGET /api/category/main/list [36m304 [0m337.212 ms - -[0m
[0mGET /api/product/getAllGroceryStaple [36m304 [0m349.317 ms - -[0m
[0mGET /api/productgros/getAllGroceryStaple [36m304 [0m119.266 ms - -[0m
[0mGET /api/customer/getUserByEmailId?email=victor@gmail.com [36m304 [0m1713.112 ms - -[0m
[0mGET /api/customer/getUserByEmailId?email=victor@gmail.com [36m304 [0m343.043 ms - -[0m
[0mGET /api/customer/getUserByEmailId?email=victor@gmail.com [36m304 [0m49.232 ms - -[0m
[0mGET /api/customer/getUserByEmailId?email=victor@gmail.com [36m304 [0m178.783 ms - -[0m
[0mGET /api/order/orderByid?id=5 [36m304 [0m956.307 ms - -[0m
[0mGET /api/product/getAllGroceryStaple [36m304 [0m16.849 ms - -[0m
[0mGET /api/category/main/list [36m304 [0m12.519 ms - -[0m
[0mGET /api/productgros/getAllGroceryStaple [36m304 [0m104.987 ms - -[0m
[0mGET /api/customer/getUserByEmailId?email=victor@gmail.com [36m304 [0m127.771 ms - -[0m
[0mGET /api/customer/getUserByEmailId?email=victor@gmail.com [36m304 [0m156.362 ms - -[0m
[0mGET /api/customer/getUserByEmailId?email=victor@gmail.com [36m304 [0m201.011 ms - -[0m
[0mGET /api/customer/getUserByEmailId?email=victor@gmail.com [36m304 [0m255.908 ms - -[0m
[0mGET /api/order/orderByid?id=5 [36m304 [0m125.140 ms - -[0m
[0mGET /api/category/main/list [32m200 [0m2634.550 ms - 701[0m
[0mGET /api/product/getAllGroceryStaple [32m200 [0m1166.445 ms - 2607[0m
[0mGET /api/productgros/getAllGroceryStaple [32m200 [0m1073.497 ms - 2505[0m
[0mGET /api/category/affichebackground [32m200 [0m4039.939 ms - 466[0m
[0mGET /api/category/affichevideobytitre?titre=homevideo [32m200 [0m1194.829 ms - 181[0m
[0mGET /api/category/affichetitle [32m200 [0m3198.948 ms - 206[0m
[0mGET /api/category/afficheservices [32m200 [0m1291.755 ms - 421[0m
[0mGET /produit/1695989675538cas.jpg [32m200 [0m1859.758 ms - 3513[0m
[0mGET /produit/1695989601836C2.jpg [32m200 [0m2045.312 ms - 8412[0m
[0mGET /produit/1695989763210acc1.jpg [32m200 [0m1957.155 ms - 7482[0m
[0mGET /produit/1698679101965basket4.jpg [32m200 [0m2859.208 ms - 9813[0m
[0mGET /produit/1698763078763baske2.jpg [32m200 [0m1911.707 ms - 8552[0m
[0mGET /produit/1695753661047tap3.jpg [32m200 [0m1892.710 ms - 9338[0m
[0mGET /produit/1695754614263T1.jpg [32m200 [0m310.452 ms - 9012[0m
[0mGET /produit/1695754196334ENST.jpg [32m200 [0m314.455 ms - 4600[0m
[0mGET /produit/1695752820497e3.jpg [32m200 [0m442.250 ms - 7440[0m
[0mGET /produit/1695990880479SACS.jpg [32m200 [0m512.117 ms - 7551[0m
[0mGET /produit/1695751668068ARR32.jpg [32m200 [0m250.428 ms - 1907[0m
[0mGET /produit/1698764255003C2.jpg [32m200 [0m321.042 ms - 8412[0m
[0mGET /produit/1698869141381C1.jpg [32m200 [0m546.927 ms - 7313[0m
[0mGET /produit/1698868930382CH1.jpg [32m200 [0m517.237 ms - 14724[0m
[0mGET /produit/1698869013762PP.jpg [32m200 [0m535.442 ms - 9966[0m
[0mGET /produit/1698778055989offer-3.jpg [32m200 [0m551.507 ms - 86475[0m
[0mGET /produit/1698868811217f1.jpg [32m200 [0m891.856 ms - 112320[0m
[0mGET /produit/1698621829120arr1.jpg [32m200 [0m242.870 ms - 2193[0m
[0mGET /produit/1698868770206img-4.png [32m200 [0m594.665 ms - 101237[0m
[0mGET /produit/16986225550951693377089511img4.png [32m200 [0m540.688 ms - 38269[0m
[0mGET /produit/1698621513509ARR11.jpg [32m200 [0m419.421 ms - 2022[0m
[0mGET /produit/1698778025564offer-1.jpg [32m200 [0m481.483 ms - 146356[0m
[0mGET /produit/1698778040962offer-2.jpg [32m200 [0m709.786 ms - 81064[0m
[0mGET /videos/1699012556764.mp4 [32m206 [0m1160.403 ms - 18259147[0m
[0mGET /videos/1699012556764.mp4 [32m206 [0m48.296 ms - 203979[0m
[0mGET /videos/1699012556764.mp4 [36m304 [0m343.666 ms - -[0m
[0mGET /videos/1699012556764.mp4 [32m206 [0m38.467 ms - 17793024[0m
[0mOPTIONS /api/customer/login [32m204 [0m171.513 ms - 0[0m
[0mPOST /api/customer/login [32m200 [0m2175.891 ms - 196[0m
[0mGET /api/category/affichetitle [36m304 [0m21.120 ms - -[0m
[0mGET /api/customer/getUserByEmailId?email=victor@gmail.com [32m200 [0m1040.438 ms - 7849[0m
[0mGET /api/category/affichevideobytitre?titre=localvideo [32m200 [0m1002.924 ms - 187[0m
[0mGET /api/category/afficheservices [36m304 [0m888.406 ms - -[0m
[0mGET /api/customer/getUserByEmailId?email=victor@gmail.com [36m304 [0m517.869 ms - -[0m
[0mGET /api/category/affichelocal [32m200 [0m1498.287 ms - 1474[0m
[0mGET /videos/1699012574060.mp4 [32m206 [0m315.291 ms - 13547709[0m
[0mGET /videos/1699012574060.mp4 [32m206 [0m291.137 ms - 178365[0m
[0mGET /videos/1699012574060.mp4 [32m206 [0m2.785 ms - 13303808[0m
[0mGET /api/category/affichetitle [36m304 [0m4402.273 ms - -[0m
[0mGET /api/category/afficheservices [36m304 [0m4274.810 ms - -[0m
[0mGET /api/customer/getUserByEmailId?email=victor@gmail.com [36m304 [0m2289.280 ms - -[0m
[0mGET /api/customer/getUserByEmailId?email=victor@gmail.com [36m304 [0m34.822 ms - -[0m
[0mGET /api/customer/getUserByEmailId?email=victor@gmail.com [36m304 [0m74.698 ms - -[0m
[0mGET /api/category/affichetitle [36m304 [0m77.932 ms - -[0m
[0mGET /api/category/afficheservices [36m304 [0m146.026 ms - -[0m
[0mGET /api/customer/getUserByEmailId?email=victor@gmail.com [36m304 [0m80.340 ms - -[0m
[0mGET /api/customer/getUserByEmailId?email=victor@gmail.com [36m304 [0m26.090 ms - -[0m
[0mGET /api/order/orderByid?id=5 [32m200 [0m24.606 ms - 525[0m
[0mGET /produit/1697602231904CH4.jpg [32m200 [0m317.031 ms - 7684[0m
[0mGET /api/customer/getUserByEmailId?email=victor@gmail.com [36m304 [0m151.864 ms - -[0m
[0mGET /api/order/orderByid?id=5 [36m304 [0m53.819 ms - -[0m
[0mGET /api/customer/getUserByEmailId?email=victor@gmail.com [36m304 [0m180.694 ms - -[0m
[0mGET /api/category/affichetitle [36m304 [0m149.705 ms - -[0m
[0mGET /api/category/afficheservices [36m304 [0m203.617 ms - -[0m
[0mGET /api/customer/getUserByEmailId?email=victor@gmail.com [36m304 [0m105.120 ms - -[0m
[0mGET /api/order/orderByid?id=5 [36m304 [0m151.625 ms - -[0m
[0mGET /produit/1697602231904CH4.jpg [36m304 [0m2.952 ms - -[0m
[0mGET /api/customer/getUserByEmailId?email=victor@gmail.com [36m304 [0m75.653 ms - -[0m
[0mGET /api/order/orderByid?id=5 [36m304 [0m39.409 ms - -[0m
[0mGET /api/category/main/list [36m304 [0m17986.313 ms - -[0m
[0mGET /api/product/getAllGroceryStaple [36m304 [0m9347.988 ms - -[0m
[0mGET /api/productgros/getAllGroceryStaple [36m304 [0m9768.047 ms - -[0m
[0mGET /api/customer/getUserByEmailId?email=victor@gmail.com [36m304 [0m373.925 ms - -[0m
[0mGET /api/customer/getUserByEmailId?email=victor@gmail.com [36m304 [0m181.263 ms - -[0m
[0mGET /api/customer/getUserByEmailId?email=victor@gmail.com [36m304 [0m294.375 ms - -[0m
[0mGET /api/customer/getUserByEmailId?email=victor@gmail.com [36m304 [0m409.741 ms - -[0m
[0mGET /api/order/orderByid?id=5 [36m304 [0m38.625 ms - -[0m
[0mGET /api/customer/getUserByEmailId?email=victor@gmail.com [36m304 [0m272.615 ms - -[0m
[0mGET /api/order/orderByid?id=5 [36m304 [0m6.807 ms - -[0m
[0mGET /api/customer/getUserByEmailId?email=victor@gmail.com [36m304 [0m231.776 ms - -[0m
[0mGET /api/order/orderByid?id=5 [36m304 [0m143.893 ms - -[0m
[0mGET /api/customer/getUserByEmailId?email=victor@gmail.com [36m304 [0m289.751 ms - -[0m
[0mGET /api/order/orderByid?id=6 [32m200 [0m196.079 ms - 520[0m
[0mGET /api/customer/getUserByEmailId?email=victor@gmail.com [36m304 [0m231.337 ms - -[0m
[0mGET /api/order/orderByid?id=5 [36m304 [0m157.624 ms - -[0m
[0mGET /api/customer/getUserByEmailId?email=victor@gmail.com [36m304 [0m86.877 ms - -[0m
[0mGET /api/order/orderByid?id=6 [36m304 [0m172.505 ms - -[0m
[0mGET /api/commercial/getagent?nom=Papatse [36m304 [0m2071.696 ms - -[0m
[0mGET /api/commercial/getagent?nom=Papatse [36m304 [0m81.773 ms - -[0m
[0mGET /api/commercial/getByRemise?codeBonnus=903pap001353 [32m200 [0m375.679 ms - 3278[0m
[0mGET /api/category/affichetitle [36m304 [0m520.824 ms - -[0m
[0mGET /api/category/afficheservices [36m304 [0m1091.650 ms - -[0m
[0mGET /api/customer/getUserByEmailId?email=victor@gmail.com [36m304 [0m1609.981 ms - -[0m
[0mGET /api/customer/getUserByEmailId?email=victor@gmail.com [36m304 [0m219.317 ms - -[0m
[0mGET /api/customer/getUserByEmailId?email=victor@gmail.com [36m304 [0m582.394 ms - -[0m
[0mGET /api/category/affichetitle [36m304 [0m506.983 ms - -[0m
[0mGET /api/category/afficheservices [36m304 [0m485.118 ms - -[0m
[0mGET /api/customer/getUserByEmailId?email=victor@gmail.com [36m304 [0m590.553 ms - -[0m
[0mGET /api/customer/getUserByEmailId?email=victor@gmail.com [36m304 [0m153.409 ms - -[0m
[0mGET /api/order/orderByid?id=5 [36m304 [0m82.128 ms - -[0m
[0mGET /produit/1697602231904CH4.jpg [36m304 [0m225.729 ms - -[0m
[0mGET /api/category/affichetitle [36m304 [0m57.236 ms - -[0m
[0mGET /api/category/afficheservices [36m304 [0m80.773 ms - -[0m
[0mGET /api/customer/getUserByEmailId?email=victor@gmail.com [36m304 [0m220.075 ms - -[0m
[0mGET /api/customer/getUserByEmailId?email=victor@gmail.com [36m304 [0m458.714 ms - -[0m
[0mGET /api/category/afficheservices [36m304 [0m57.948 ms - -[0m
[0mGET /api/category/affichetitle [36m304 [0m12.257 ms - -[0m
[0mGET /api/customer/getUserByEmailId?email=victor@gmail.com [36m304 [0m153.306 ms - -[0m
[0mOPTIONS /api/commercial/logincom [32m204 [0m34.852 ms - 0[0m
[0mPOST /api/commercial/logincom [33m401 [0m5279.792 ms - 40[0m
[0mOPTIONS /api/commercial/logincom [32m204 [0m27.643 ms - 0[0m
[0mPOST /api/commercial/logincom [32m200 [0m3556.100 ms - 196[0m
[0mGET /api/category/affichetitle [36m304 [0m522.858 ms - -[0m
[0mGET /api/category/afficheservices [36m304 [0m171.052 ms - -[0m
[0mGET /api/customer/getUserByEmailId?email=victor@gmail.com [36m304 [0m360.356 ms - -[0m
[0mGET /api/category/affichetitle [36m304 [0m139.537 ms - -[0m
[0mGET /api/category/afficheservices [36m304 [0m142.543 ms - -[0m
[0mGET /api/customer/getUserByEmailId?email=victor@gmail.com [36m304 [0m315.520 ms - -[0m
[0mGET /api/category/afficheservices [36m304 [0m79.173 ms - -[0m
[0mGET /api/category/affichetitle [36m304 [0m89.704 ms - -[0m
[0mGET /api/customer/getUserByEmailId?email=victor@gmail.com [36m304 [0m285.848 ms - -[0m
[0mGET /api/category/affichetitle [36m304 [0m213.348 ms - -[0m
[0mGET /api/category/afficheservices [36m304 [0m199.612 ms - -[0m
[0mGET /api/customer/getUserByEmailId?email=victor@gmail.com [36m304 [0m322.142 ms - -[0m
[0mGET /api/category/affichetitle [36m304 [0m54.706 ms - -[0m
[0mGET /api/category/afficheservices [36m304 [0m51.112 ms - -[0m
[0mGET /api/customer/getUserByEmailId?email=victor@gmail.com [36m304 [0m76.980 ms - -[0m
[0mGET /api/category/affichetitle [36m304 [0m354.166 ms - -[0m
[0mGET /api/customer/getUserByEmailId?email=victor@gmail.com [36m304 [0m364.901 ms - -[0m
[0mGET /api/category/afficheservices [36m304 [0m471.209 ms - -[0m
[0mGET /api/customer/getUserByEmailId?email=victor@gmail.com [36m304 [0m88.907 ms - -[0m
[0mGET /api/category/afficheservices [36m304 [0m40.763 ms - -[0m
[0mGET /api/category/affichetitle [36m304 [0m45.650 ms - -[0m
[0mGET /api/customer/getUserByEmailId?email=victor@gmail.com [36m304 [0m84.929 ms - -[0m
[0mGET /api/customer/getUserByEmailId?email=victor@gmail.com [36m304 [0m59.271 ms - -[0m
[0mGET /api/category/affichetitle [36m304 [0m78.665 ms - -[0m
[0mGET /api/category/afficheservices [36m304 [0m161.467 ms - -[0m
[0mGET /api/customer/getUserByEmailId?email=victor@gmail.com [36m304 [0m160.560 ms - -[0m
[0mGET /api/category/affichetitle [36m304 [0m259.551 ms - -[0m
[0mGET /api/category/afficheservices [36m304 [0m132.488 ms - -[0m
[0mGET /api/customer/getUserByEmailId?email=victor@gmail.com [36m304 [0m121.299 ms - -[0m
[0mGET /api/customer/getUserByEmailId?email=victor@gmail.com [36m304 [0m58.974 ms - -[0m
[0mGET /api/category/affichetitle [36m304 [0m83.958 ms - -[0m
[0mGET /api/category/afficheservices [36m304 [0m92.664 ms - -[0m
[0mGET /api/category/afficheservices [36m304 [0m73.459 ms - -[0m
[0mGET /api/category/affichetitle [36m304 [0m22.570 ms - -[0m
[0mGET /api/customer/getUserByEmailId?email=victor@gmail.com [36m304 [0m198.944 ms - -[0m
[0mGET /api/customer/getUserByEmailId?email=victor@gmail.com [36m304 [0m338.483 ms - -[0m
[0mGET /api/category/affichetitle [36m304 [0m709.739 ms - -[0m
[0mGET /api/category/afficheservices [36m304 [0m807.627 ms - -[0m
[0mGET /api/customer/getUserByEmailId?email=victor@gmail.com [36m304 [0m807.826 ms - -[0m
[0mGET /api/category/affichetitle [36m304 [0m59.933 ms - -[0m
[0mGET /api/category/afficheservices [36m304 [0m87.464 ms - -[0m
[0mGET /api/customer/getUserByEmailId?email=victor@gmail.com [36m304 [0m185.821 ms - -[0m
[0mGET /api/category/afficheservices [36m304 [0m25.495 ms - -[0m
[0mGET /api/category/affichetitle [36m304 [0m122.040 ms - -[0m
[0mGET /api/customer/getUserByEmailId?email=victor@gmail.com [36m304 [0m357.597 ms - -[0m
[0mGET /api/customer/getUserByEmailId?email=victor@gmail.com [36m304 [0m71.053 ms - -[0m
[0mGET /api/category/affichetitle [36m304 [0m290.381 ms - -[0m
[0mGET /api/category/afficheservices [36m304 [0m312.882 ms - -[0m
[0mGET /api/customer/getUserByEmailId?email=victor@gmail.com [36m304 [0m306.879 ms - -[0m
[0mOPTIONS /api/commercial/logincom [32m204 [0m49.981 ms - 0[0m
[0mPOST /api/commercial/logincom [32m200 [0m361.514 ms - 196[0m
[0mGET /api/category/affichetitle [36m304 [0m349.066 ms - -[0m
[0mGET /api/customer/getUserByEmailId?email=victor@gmail.com [36m304 [0m55.554 ms - -[0m
[0mGET /api/category/afficheservices [36m304 [0m114.383 ms - -[0m
[0mGET /api/category/afficheservices [36m304 [0m64.152 ms - -[0m
[0mGET /api/category/affichetitle [36m304 [0m75.102 ms - -[0m
[0mGET /api/customer/getUserByEmailId?email=victor@gmail.com [36m304 [0m186.029 ms - -[0m
[0mGET /api/category/affichetitle [36m304 [0m215.008 ms - -[0m
[0mGET /api/category/afficheservices [36m304 [0m260.177 ms - -[0m
[0mGET /api/customer/getUserByEmailId?email=victor@gmail.com [36m304 [0m246.658 ms - -[0m
[0mGET /api/category/afficheservices [36m304 [0m81.001 ms - -[0m
[0mGET /api/category/affichetitle [36m304 [0m114.954 ms - -[0m
[0mGET /api/customer/getUserByEmailId?email=victor@gmail.com [36m304 [0m146.964 ms - -[0m
[0mGET /api/customer/getUserByEmailId?email=victor@gmail.com [36m304 [0m110.629 ms - -[0m
[0mGET /api/category/affichetitle [36m304 [0m93.579 ms - -[0m
[0mGET /api/category/afficheservices [36m304 [0m326.125 ms - -[0m
[0mGET /api/customer/getUserByEmailId?email=victor@gmail.com [36m304 [0m347.012 ms - -[0m
[0mGET /api/customer/getUserByEmailId?email=victor@gmail.com [36m304 [0m131.505 ms - -[0m
[0mGET /api/category/affichetitle [36m304 [0m254.429 ms - -[0m
[0mGET /api/category/afficheservices [36m304 [0m279.617 ms - -[0m
[0mGET /api/customer/getUserByEmailId?email=victor@gmail.com [36m304 [0m119.526 ms - -[0m
[0mGET /api/category/affichetitle [36m304 [0m64.722 ms - -[0m
[0mGET /api/category/afficheservices [36m304 [0m61.231 ms - -[0m
[0mGET /api/customer/getUserByEmailId?email=victor@gmail.com [36m304 [0m138.707 ms - -[0m
[0mGET /api/customer/getUserByEmailId?email=victor@gmail.com [36m304 [0m29.741 ms - -[0m
[0mGET /api/category/affichetitle [36m304 [0m92.307 ms - -[0m
[0mGET /api/category/afficheservices [36m304 [0m88.764 ms - -[0m
[0mGET /api/customer/getUserByEmailId?email=victor@gmail.com [36m304 [0m92.697 ms - -[0m
[0mOPTIONS /api/commercial/logincom [32m204 [0m83.782 ms - 0[0m
[0mPOST /api/commercial/logincom [32m200 [0m293.985 ms - 196[0m
[0mGET /api/commercial/getagent?nom=PAPATSE [32m200 [0m17.768 ms - 318[0m
[0mGET /api/category/affichetitle [36m304 [0m116.861 ms - -[0m
[0mGET /api/category/afficheservices [36m304 [0m120.039 ms - -[0m
[0mGET /api/customer/getUserByEmailId?email=victor@gmail.com [36m304 [0m191.101 ms - -[0m
[0mGET /api/commercial/getByRemise?codeBonnus=903pap001353 [32m200 [0m1371.832 ms - 3278[0m
[0mGET /api/commercial/getagent?nom=PAPATSE [36m304 [0m73.269 ms - -[0m
[0mGET /api/category/afficheservices [36m304 [0m130.533 ms - -[0m
[0mGET /api/category/affichetitle [36m304 [0m144.486 ms - -[0m
[0mGET /api/customer/getUserByEmailId?email=victor@gmail.com [36m304 [0m19940.916 ms - -[0m
[0mGET /api/commercial/getByRemise?codeBonnus=903pap001353 [0m- [0m- ms - -[0m
[0mGET /api/category/afficheservices [0m- [0m- ms - -[0m
[0mGET /api/customer/getUserByEmailId?email=victor@gmail.com [0m- [0m- ms - -[0m
[0mGET /api/category/affichetitle [0m- [0m- ms - -[0m
[0mGET /api/customer/getUserByEmailId?email=victor@gmail.com [0m- [0m- ms - -[0m
[0mGET /api/category/afficheservices [0m- [0m- ms - -[0m
[0mGET /api/category/affichetitle [0m- [0m- ms - -[0m
[0mGET /api/commercial/getagent?nom=PAPATSE [0m- [0m- ms - -[0m
[0mGET /api/customer/getUserByEmailId?email=victor@gmail.com [0m- [0m- ms - -[0m
[0mGET /api/category/afficheservices [0m- [0m- ms - -[0m
[0mGET /api/category/affichetitle [0m- [0m- ms - -[0m
[0mGET /api/commercial/getagent?nom=PAPATSE [32m200 [0m985.405 ms - 318[0m
[0mGET /api/category/affichetitle [32m200 [0m999.960 ms - 206[0m
[0mGET /api/category/afficheservices [32m200 [0m1025.529 ms - 421[0m
[0mGET /api/commercial/getByRemise?codeBonnus=903pap001353 [32m200 [0m51.502 ms - 3278[0m
[0mGET /api/customer/getUserByEmailId?email=victor@gmail.com [32m200 [0m1077.302 ms - 7849[0m
[0mGET /api/commercial/getagent?nom=PAPATSE [36m304 [0m169.774 ms - -[0m
[0mGET /api/commercial/getByRemise?codeBonnus=903pap001353 [36m304 [0m27.883 ms - -[0m
[0mGET /api/commercial/getagent?nom=PAPATSE [36m304 [0m148.481 ms - -[0m
[0mGET /api/category/affichetitle [36m304 [0m183.268 ms - -[0m
[0mGET /api/customer/getUserByEmailId?email=victor@gmail.com [36m304 [0m198.889 ms - -[0m
[0mGET /api/category/afficheservices [36m304 [0m291.977 ms - -[0m
[0mGET /api/commercial/getByRemise?codeBonnus=903pap001353 [36m304 [0m58.462 ms - -[0m
[0mGET /api/commercial/getagent?nom=PAPATSE [36m304 [0m90.092 ms - -[0m
[0mGET /api/category/afficheservices [36m304 [0m98.583 ms - -[0m
[0mGET /api/customer/getUserByEmailId?email=victor@gmail.com [36m304 [0m95.979 ms - -[0m
[0mGET /api/category/affichetitle [36m304 [0m174.947 ms - -[0m
[0mGET /api/commercial/getByRemise?codeBonnus=903pap001353 [36m304 [0m38.918 ms - -[0m
[0mGET /api/commercial/getagent?nom=PAPATSE [36m304 [0m39.261 ms - -[0m
[0mGET /api/commercial/getByRemise?codeBonnus=903pap001353 [36m304 [0m27.649 ms - -[0m
[0mGET /api/category/affichetitle [36m304 [0m9.368 ms - -[0m
[0mGET /api/category/afficheservices [36m304 [0m42.811 ms - -[0m
[0mOPTIONS /api/customer/login [32m204 [0m81.630 ms - 0[0m
[0mPOST /api/customer/login [33m401 [0m1740.193 ms - 40[0m
[0mOPTIONS /api/customer/login [32m204 [0m2.477 ms - 0[0m
[0mPOST /api/customer/login [32m200 [0m336.959 ms - 196[0m
[0mGET /api/category/affichetitle [36m304 [0m86.080 ms - -[0m
[0mGET /api/category/afficheservices [36m304 [0m42.063 ms - -[0m
[0mGET /api/customer/getUserByEmailId?email=victor@gmail.com [32m200 [0m174.621 ms - 7849[0m
[0mGET /api/category/affichevideobytitre?titre=localvideo [36m304 [0m176.010 ms - -[0m
[0mGET /api/category/affichelocal [36m304 [0m182.061 ms - -[0m
[0mGET /api/customer/getUserByEmailId?email=victor@gmail.com [36m304 [0m52.917 ms - -[0m
[0mGET /videos/1699012574060.mp4 [36m304 [0m54.749 ms - -[0m
[0mGET /videos/1699012574060.mp4 [36m304 [0m5.910 ms - -[0m
[0mGET /videos/1699012574060.mp4 [36m304 [0m3.394 ms - -[0m
[0mGET /videos/1699012574060.mp4 [32m206 [0m462.695 ms - 11141120[0m
[0mGET /api/category/affichetitle [36m304 [0m104.171 ms - -[0m
[0mGET /api/category/afficheservices [36m304 [0m99.925 ms - -[0m
[0mGET /api/customer/getUserByEmailId?email=victor@gmail.com [36m304 [0m232.030 ms - -[0m
[0mGET /api/customer/getUserByEmailId?email=victor@gmail.com [36m304 [0m31.737 ms - -[0m
[0mGET /api/category/affichetitle [36m304 [0m11.672 ms - -[0m
[0mGET /api/category/afficheservices [36m304 [0m15.919 ms - -[0m
[0mGET /api/customer/getUserByEmailId?email=victor@gmail.com [36m304 [0m51.397 ms - -[0m
[0mOPTIONS /api/commercial/logincom [32m204 [0m2.193 ms - 0[0m
[0mPOST /api/commercial/logincom [32m200 [0m548.409 ms - 195[0m
[0mGET /api/commercial/getagent?nom=VICTOR [32m200 [0m38.384 ms - 311[0m
[0mGET /api/category/affichetitle [36m304 [0m40.436 ms - -[0m
[0mGET /api/category/afficheservices [36m304 [0m41.802 ms - -[0m
[0mGET /api/customer/getUserByEmailId?email=victor@gmail.com [36m304 [0m150.416 ms - -[0m
[0mGET /api/commercial/getByRemise?codeBonnus=345VIC001224 [32m200 [0m73.701 ms - 391[0m
[0mGET /api/commercial/getagent?nom=VICTOR [36m304 [0m157.972 ms - -[0m
[0mGET /api/category/affichetitle [36m304 [0m188.822 ms - -[0m
[0mGET /api/category/afficheservices [36m304 [0m154.417 ms - -[0m
[0mGET /api/customer/getUserByEmailId?email=victor@gmail.com [36m304 [0m189.244 ms - -[0m
[0mGET /api/commercial/getByRemise?codeBonnus=345VIC001224 [36m304 [0m12.821 ms - -[0m
[0mGET /api/category/affichetitle [36m304 [0m9.271 ms - -[0m
[0mGET /api/category/afficheservices [36m304 [0m90.665 ms - -[0m
[0mGET /api/customer/getUserByEmailId?email=victor@gmail.com [36m304 [0m253.617 ms - -[0m
[0mGET /api/customer/getUserByEmailId?email=victor@gmail.com [36m304 [0m86.751 ms - -[0m
[0mGET /api/category/affichetitle [36m304 [0m46.438 ms - -[0m
[0mGET /api/category/afficheservices [36m304 [0m95.670 ms - -[0m
[0mGET /api/customer/getUserByEmailId?email=victor@gmail.com [36m304 [0m81.549 ms - -[0m
[0mOPTIONS /api/commercial/logincom [32m204 [0m21.834 ms - 0[0m
[0mPOST /api/commercial/logincom [32m200 [0m334.173 ms - 196[0m
[0mGET /api/commercial/getagent?nom=PAPATSE [32m200 [0m42.003 ms - 318[0m
[0mGET /api/category/affichetitle [36m304 [0m58.411 ms - -[0m
[0mGET /api/category/afficheservices [36m304 [0m235.314 ms - -[0m
[0mGET /api/commercial/getByRemise?codeBonnus=903pap001353 [32m200 [0m193.181 ms - 3278[0m
[0mGET /api/customer/getUserByEmailId?email=victor@gmail.com [36m304 [0m355.697 ms - -[0m
[0mGET /api/commercial/getagent?nom=PAPATSE [36m304 [0m20.456 ms - -[0m
[0mGET /api/commercial/getByRemise?codeBonnus=903pap001353 [36m304 [0m9.237 ms - -[0m
[0mGET /api/commercial/getagent?nom=PAPATSE [36m304 [0m210.892 ms - -[0m
[0mGET /api/category/affichetitle [36m304 [0m205.466 ms - -[0m
[0mGET /api/category/afficheservices [36m304 [0m286.624 ms - -[0m
[0mGET /api/customer/getUserByEmailId?email=victor@gmail.com [36m304 [0m146.195 ms - -[0m
[0mGET /api/commercial/getByRemise?codeBonnus=903pap001353 [36m304 [0m67.047 ms - -[0m
[0mGET /api/commercial/getagent?nom=PAPATSE [36m304 [0m7.218 ms - -[0m
[0mGET /api/commercial/getByRemise?codeBonnus=903pap001353 [36m304 [0m8.660 ms - -[0m
[0mGET /api/commercial/getagent?nom=PAPATSE [36m304 [0m12.154 ms - -[0m
[0mGET /api/commercial/getByRemise?codeBonnus=903pap001353 [36m304 [0m53.210 ms - -[0m
